

Starting up. 19:49.45
---------------------
[19:53:08]ATTACK: undead templar attacked Default Cyborg-576  (NEWHP: 100)(27,190,1)
[19:53:10]ATTACK: undead templar attacked Default Cyborg-576  (NEWHP: 73)(27,190,1)
[19:53:12]ATTACK: undead templar attacked Default Cyborg-576  (NEWHP: 43)(27,190,1)
[19:53:14]ATTACK: undead templar attacked Default Cyborg-576  (NEWHP: 18)(27,190,1)
[19:53:16]ATTACK: undead templar attacked Default Cyborg-576  (NEWHP: -10)(27,190,1)
[19:53:18]ATTACK: undead templar attacked Default Cyborg-576  (NEWHP: -40)(27,190,1)
[19:53:20]ATTACK: undead templar attacked Default Cyborg-576  (NEWHP: -65)(27,190,1)
[19:53:22]ATTACK: undead templar attacked Default Cyborg-576  (NEWHP: -90)(27,190,1)
[19:57:21]ATTACK: Arthur Clarke(pahomlancer) shot Syndicate Commando with the bullet (NEWHP: 60)(179,174,1)
[19:57:22]ATTACK: Arthur Clarke(pahomlancer) shot Syndicate Commando with the bullet (NEWHP: 20)(179,174,1)
[19:57:23]ATTACK: Arthur Clarke(pahomlancer) shot Aida Losey with the bullet (NEWHP: 100)(179,174,1)
[19:57:35]ATTACK: Arthur Clarke(pahomlancer) shot Syndicate Commando with the bullet (NEWHP: 60)(177,184,1)
[19:57:36]ATTACK: Arthur Clarke(pahomlancer) shot Syndicate Commando with the bullet (NEWHP: 20)(177,184,1)
[19:59:20]ATTACK: hivelord brood attacked Molerat  (NEWHP: 100)(119,167,5)
[19:59:22]ATTACK: hivelord brood attacked Molerat  (NEWHP: 100)(119,167,5)
[19:59:24]ATTACK: hivelord brood attacked Molerat  (NEWHP: 100)(119,167,5)
[19:59:26]ATTACK: hivelord brood attacked Molerat  (NEWHP: 100)(119,168,5)
[19:59:28]ATTACK: hivelord brood attacked Molerat  (NEWHP: 100)(119,168,5)
[19:59:30]ATTACK: hivelord brood attacked Molerat  (NEWHP: 100)(119,168,5)
[19:59:32]ATTACK: hivelord brood attacked Molerat  (NEWHP: 100)(119,168,5)
[19:59:34]ATTACK: hivelord brood attacked Molerat  (NEWHP: 100)(119,168,5)
[19:59:36]ATTACK: hivelord brood attacked Molerat  (NEWHP: 100)(119,168,5)
[19:59:38]ATTACK: hivelord brood attacked Molerat  (NEWHP: 100)(119,168,5)
[19:59:40]ATTACK: hivelord brood attacked Molerat  (NEWHP: 100)(119,168,5)
[19:59:42]ATTACK: hivelord brood attacked Molerat  (NEWHP: 100)(119,168,5)
[19:59:44]ATTACK: hivelord brood attacked Molerat  (NEWHP: 100)(119,168,5)
[19:59:46]ATTACK: hivelord brood attacked Molerat  (NEWHP: 100)(119,168,5)
[19:59:48]ATTACK: hivelord brood attacked Molerat  (NEWHP: 100)(119,168,5)
[19:59:51]ATTACK: hivelord brood attacked Molerat  (NEWHP: 100)(119,168,5)
[19:59:53]ATTACK: hivelord brood attacked Molerat  (NEWHP: 100)(119,168,5)
[19:59:55]ATTACK: hivelord brood attacked Molerat  (NEWHP: 100)(119,168,5)
[19:59:57]ATTACK: hivelord brood attacked Molerat  (NEWHP: 100)(119,168,5)
[19:59:59]ATTACK: hivelord brood attacked Molerat  (NEWHP: 100)(119,168,5)
[20:00:01]ATTACK: hivelord brood attacked Molerat  (NEWHP: 100)(119,168,5)
[20:00:03]ATTACK: hivelord brood attacked Molerat  (NEWHP: 100)(119,168,5)


Starting up. 21:15.03
---------------------
[21:18:58]ATTACK: Cazador attacked hivelord den  (NEWHP: 200)(81,95,5)
[21:19:01]ATTACK: Cazador attacked hivelord den  (NEWHP: 181)(81,95,5)
[21:19:01]ATTACK: hivelord brood attacked Cazador  (NEWHP: 50)(80,96,5)
[21:19:03]ATTACK: Cazador attacked hivelord brood  (NEWHP: 1)(80,97,5)
[21:19:03]ATTACK: undead templar attacked Default Cyborg-116  (NEWHP: 100)(27,190,1)
[21:19:05]ATTACK: undead templar attacked Default Cyborg-116  (NEWHP: 71)(27,190,1)
[21:19:05]ATTACK: hivelord brood attacked Cazador  (NEWHP: 48)(80,96,5)
[21:19:07]ATTACK: undead templar attacked Default Cyborg-116  (NEWHP: 42)(27,190,1)
[21:19:07]ATTACK: hivelord brood attacked Cazador  (NEWHP: 46)(80,96,5)
[21:19:09]ATTACK: undead templar attacked Default Cyborg-116  (NEWHP: 15)(27,190,1)
[21:19:09]ATTACK: hivelord brood attacked Cazador  (NEWHP: 44)(81,98,5)
[21:19:09]ATTACK: hivelord brood attacked Cazador  (NEWHP: 42)(81,98,5)
[21:19:11]ATTACK: Cazador attacked hivelord brood  (NEWHP: 1)(81,97,5)
[21:19:11]ATTACK: undead templar attacked Default Cyborg-116  (NEWHP: -15)(27,190,1)
[21:19:13]ATTACK: undead templar attacked Default Cyborg-116  (NEWHP: -43)(27,190,1)
[21:19:15]ATTACK: undead templar attacked Default Cyborg-116  (NEWHP: -73)(27,190,1)
[21:19:17]ATTACK: Cazador attacked hivelord den  (NEWHP: 163)(81,95,5)
[21:19:17]ATTACK: undead templar attacked Default Cyborg-116  (NEWHP: -99)(27,190,1)
[21:19:19]ATTACK: Cazador attacked hivelord den  (NEWHP: 147)(81,95,5)
[21:19:19]ATTACK: hivelord brood attacked Cazador  (NEWHP: 40)(81,96,5)
[21:19:21]ATTACK: Cazador attacked hivelord den  (NEWHP: 131)(81,95,5)
[21:19:21]ATTACK: hivelord brood attacked Cazador  (NEWHP: 38)(81,96,5)
[21:19:21]ATTACK: hivelord brood attacked Cazador  (NEWHP: 36)(81,96,5)
[21:19:23]ATTACK: Cazador attacked hivelord brood  (NEWHP: 1)(82,96,5)
[21:19:23]ATTACK: hivelord brood attacked Cazador  (NEWHP: 34)(81,96,5)
[21:19:23]ATTACK: hivelord brood attacked Cazador  (NEWHP: 32)(81,96,5)
[21:19:26]ATTACK: hivelord brood attacked Cazador  (NEWHP: 30)(81,96,5)
[21:19:26]ATTACK: hivelord brood attacked Cazador  (NEWHP: 28)(81,96,5)
[21:19:28]ATTACK: Cazador attacked hivelord brood  (NEWHP: 1)(82,96,5)
[21:19:28]ATTACK: hivelord brood attacked Cazador  (NEWHP: 26)(81,96,5)
[21:19:30]ATTACK: hivelord brood attacked Cazador  (NEWHP: 24)(81,96,5)
[21:19:32]ATTACK: hivelord brood attacked Cazador  (NEWHP: 22)(81,96,5)
[21:19:32]ATTACK: hivelord brood attacked Cazador  (NEWHP: 20)(81,96,5)
[21:19:34]ATTACK: hivelord brood attacked Cazador  (NEWHP: 18)(81,96,5)
[21:19:34]ATTACK: hivelord brood attacked Cazador  (NEWHP: 16)(81,96,5)
[21:19:36]ATTACK: Cazador attacked hivelord brood  (NEWHP: 1)(82,96,5)
[21:19:36]ATTACK: hivelord brood attacked Cazador  (NEWHP: 14)(81,96,5)
[21:19:36]ATTACK: hivelord brood attacked Cazador  (NEWHP: 12)(81,96,5)
[21:19:38]ATTACK: hivelord brood attacked Cazador  (NEWHP: 10)(81,96,5)
[21:19:38]ATTACK: hivelord brood attacked Cazador  (NEWHP: 8)(81,96,5)
[21:19:38]ATTACK: hivelord brood attacked Cazador  (NEWHP: 6)(81,96,5)
[21:19:40]ATTACK: Cazador attacked hivelord brood  (NEWHP: 1)(80,96,5)
[21:19:40]ATTACK: hivelord brood attacked Cazador  (NEWHP: 4)(81,96,5)
[21:19:40]ATTACK: hivelord brood attacked Cazador  (NEWHP: 2)(81,96,5)
[21:28:24]ATTACK: Syndicate Commando shot Georgene Butterfill(rubick) with the bullet (NEWHP: 100)(177,167,1)
[21:28:39]ATTACK: Georgene Butterfill(rubick) shot Syndicate Commando with the bullet (NEWHP: 60)(179,181,1)
[21:28:40]ATTACK: Georgene Butterfill(rubick) shot Syndicate Commando with the bullet (NEWHP: 20)(179,181,1)
[21:29:10]ATTACK: Georgene Butterfill(rubick) stripped Syndicate Commando of the blood-red hardsuit (NEWHP: 100)(179,182,1)
