

Starting up. 00:47.41
---------------------
[00:51:01]ATTACK: giant spider (223) attacked Default Cyborg-539  (NEWHP: 100)(27,190,1)
[00:51:01]ATTACK: Raider shot Raider with the bullet (NEWHP: 40)(176,102,1)
[00:51:03]ATTACK: Raider attacked mouse  (NEWHP: 5)(241,101,1)
[00:51:03]ATTACK: Raider attacked mouse  (NEWHP: 5)(216,110,1)
[00:51:03]ATTACK: giant spider (223) attacked Default Cyborg-539  (NEWHP: 95)(27,190,1)
[00:51:03]ATTACK: giant spider (864) attacked Default Cyborg-539  (NEWHP: 86)(27,190,1)
[00:51:03]ATTACK: Cazador attacked Cazador  (NEWHP: 50)(120,245,1)
[00:51:03]ATTACK: Cazador attacked Cazador  (NEWHP: 50)(120,244,1)
[00:51:05]ATTACK: Molerat attacked hivelord  (NEWHP: 75)(81,97,5)
[00:51:05]ATTACK: giant spider (249) attacked Default Cyborg-539  (NEWHP: 67)(27,190,1)
[00:51:05]ATTACK: giant spider (223) attacked Default Cyborg-539  (NEWHP: 48)(27,190,1)
[00:51:05]ATTACK: giant spider (864) attacked Default Cyborg-539  (NEWHP: 42)(27,190,1)
[00:51:05]ATTACK: Cazador attacked Cazador  (NEWHP: 35)(120,245,1)
[00:51:05]ATTACK: Cazador attacked Cazador  (NEWHP: 31)(120,244,1)
[00:51:07]ATTACK: Molerat attacked hivelord  (NEWHP: 68)(80,98,5)
[00:51:07]ATTACK: giant spider (249) attacked Default Cyborg-539  (NEWHP: 27)(27,190,1)
[00:51:07]ATTACK: giant spider (223) attacked Default Cyborg-539  (NEWHP: 13)(27,190,1)
[00:51:07]ATTACK: giant spider (864) attacked Default Cyborg-539  (NEWHP: 7)(27,190,1)
[00:51:07]ATTACK: Cazador attacked Cazador  (NEWHP: 20)(120,245,1)
[00:51:07]ATTACK: Cazador attacked Cazador  (NEWHP: 14)(120,244,1)
[00:51:09]ATTACK: giant spider (249) attacked Default Cyborg-539  (NEWHP: -10)(27,190,1)
[00:51:09]ATTACK: giant spider (223) attacked Default Cyborg-539  (NEWHP: -20)(27,190,1)
[00:51:09]ATTACK: giant spider (864) attacked Default Cyborg-539  (NEWHP: -26)(27,190,1)
[00:51:09]ATTACK: hivelord brood attacked Molerat  (NEWHP: 100)(81,96,5)
[00:51:11]ATTACK: giant spider (249) attacked Default Cyborg-539  (NEWHP: -41)(27,190,1)
[00:51:11]ATTACK: giant spider (223) attacked Default Cyborg-539  (NEWHP: -53)(27,190,1)
[00:51:11]ATTACK: giant spider (864) attacked Default Cyborg-539  (NEWHP: -59)(27,190,1)
[00:51:11]ATTACK: hivelord brood attacked Molerat  (NEWHP: 100)(81,96,5)
[00:51:13]ATTACK: giant spider (249) attacked Default Cyborg-539  (NEWHP: -76)(27,190,1)
[00:51:13]ATTACK: giant spider (223) attacked Default Cyborg-539  (NEWHP: -88)(27,190,1)
[00:51:13]ATTACK: giant spider (864) attacked Default Cyborg-539  (NEWHP: -96)(27,190,1)
[00:51:13]ATTACK: hivelord brood attacked Molerat  (NEWHP: 100)(82,97,5)
[00:51:15]ATTACK: hivelord brood attacked Molerat  (NEWHP: 100)(82,97,5)
[00:51:17]ATTACK: hivelord brood attacked Molerat  (NEWHP: 100)(81,97,5)
[00:51:17]ATTACK: hivelord brood attacked Molerat  (NEWHP: 100)(81,97,5)
[00:51:19]ATTACK: hivelord brood attacked Molerat  (NEWHP: 100)(81,97,5)
[00:51:19]ATTACK: hivelord brood attacked Molerat  (NEWHP: 100)(81,97,5)
[00:51:21]ATTACK: hivelord brood attacked Molerat  (NEWHP: 100)(82,97,5)
[00:51:23]ATTACK: hivelord brood attacked Molerat  (NEWHP: 100)(81,96,5)
[00:51:23]ATTACK: hivelord brood attacked Molerat  (NEWHP: 100)(81,96,5)
[00:51:25]ATTACK: hivelord brood attacked Molerat  (NEWHP: 100)(82,97,5)
[00:51:25]ATTACK: hivelord brood attacked Molerat  (NEWHP: 100)(82,97,5)
[00:51:27]ATTACK: hivelord brood attacked Molerat  (NEWHP: 100)(81,96,5)
[00:51:30]ATTACK: hivelord brood attacked Molerat  (NEWHP: 100)(82,97,5)
[00:51:30]ATTACK: hivelord brood attacked Molerat  (NEWHP: 100)(82,97,5)
[00:51:32]ATTACK: hivelord brood attacked Molerat  (NEWHP: 100)(81,97,5)
[00:51:34]ATTACK: hivelord brood attacked Molerat  (NEWHP: 100)(81,97,5)
[00:51:34]ATTACK: hivelord brood attacked Molerat  (NEWHP: 100)(81,97,5)
[00:51:36]ATTACK: hivelord brood attacked Molerat  (NEWHP: 100)(83,95,5)
[00:51:36]ATTACK: hivelord brood attacked Molerat  (NEWHP: 100)(83,95,5)
[00:51:38]ATTACK: Molerat attacked hivelord  (NEWHP: 61)(79,97,5)
[00:51:38]ATTACK: hivelord brood attacked Molerat  (NEWHP: 100)(80,97,5)
[00:51:38]ATTACK: hivelord brood attacked Molerat  (NEWHP: 100)(80,97,5)
[00:51:40]ATTACK: Molerat attacked hivelord  (NEWHP: 54)(78,97,5)
[00:51:40]ATTACK: hivelord brood attacked Molerat  (NEWHP: 100)(79,97,5)
[00:51:40]ATTACK: hivelord brood attacked Molerat  (NEWHP: 100)(79,97,5)
[00:51:40]ATTACK: hivelord brood attacked Molerat  (NEWHP: 100)(79,97,5)
[00:51:40]ATTACK: hivelord brood attacked Molerat  (NEWHP: 100)(79,97,5)
[00:51:42]ATTACK: hivelord brood attacked Molerat  (NEWHP: 100)(79,97,5)
[00:51:42]ATTACK: hivelord brood attacked Molerat  (NEWHP: 100)(79,97,5)
[00:51:42]ATTACK: hivelord brood attacked Molerat  (NEWHP: 100)(79,97,5)
[00:51:42]ATTACK: hivelord brood attacked Molerat  (NEWHP: 100)(79,97,5)
[00:51:42]ATTACK: hivelord brood attacked Molerat  (NEWHP: 100)(79,97,5)
[00:51:44]ATTACK: hivelord brood attacked Molerat  (NEWHP: 100)(79,97,5)
[00:51:44]ATTACK: hivelord brood attacked Molerat  (NEWHP: 100)(79,97,5)
[00:51:44]ATTACK: hivelord brood attacked Molerat  (NEWHP: 100)(79,97,5)
[00:51:44]ATTACK: hivelord brood attacked Molerat  (NEWHP: 100)(79,97,5)
[00:51:46]ATTACK: hivelord brood attacked Molerat  (NEWHP: 100)(80,98,5)
[00:51:46]ATTACK: hivelord brood attacked Molerat  (NEWHP: 100)(80,98,5)
[00:51:46]ATTACK: hivelord brood attacked Molerat  (NEWHP: 100)(80,98,5)
[00:51:48]ATTACK: hivelord brood attacked Molerat  (NEWHP: 100)(80,98,5)
[00:51:48]ATTACK: hivelord brood attacked Molerat  (NEWHP: 100)(80,98,5)
[00:51:48]ATTACK: hivelord brood attacked Molerat  (NEWHP: 100)(80,98,5)
[00:51:50]ATTACK: hivelord brood attacked Molerat  (NEWHP: 100)(80,98,5)
[00:51:50]ATTACK: hivelord brood attacked Molerat  (NEWHP: 100)(80,98,5)
[00:51:52]ATTACK: hivelord brood attacked Molerat  (NEWHP: 100)(79,97,5)
[00:51:52]ATTACK: hivelord brood attacked Molerat  (NEWHP: 100)(79,97,5)
[00:51:54]ATTACK: hivelord brood attacked Molerat  (NEWHP: 100)(80,97,5)
[00:51:54]ATTACK: hivelord brood attacked Molerat  (NEWHP: 100)(80,97,5)
[00:51:54]ATTACK: hivelord brood attacked Molerat  (NEWHP: 100)(80,97,5)
[00:51:56]ATTACK: hivelord brood attacked Molerat  (NEWHP: 100)(80,97,5)
[00:51:56]ATTACK: hivelord brood attacked Molerat  (NEWHP: 100)(80,97,5)
[00:51:58]ATTACK: hivelord brood attacked Molerat  (NEWHP: 100)(80,97,5)
[00:51:58]ATTACK: hivelord brood attacked Molerat  (NEWHP: 100)(80,97,5)
[00:52:00]ATTACK: hivelord brood attacked Molerat  (NEWHP: 100)(80,97,5)
[00:52:00]ATTACK: hivelord brood attacked Molerat  (NEWHP: 100)(80,97,5)
[00:52:03]ATTACK: hivelord brood attacked Molerat  (NEWHP: 100)(80,98,5)
[00:52:03]ATTACK: hivelord brood attacked Molerat  (NEWHP: 100)(80,98,5)
[00:52:03]ATTACK: hivelord brood attacked Molerat  (NEWHP: 100)(80,98,5)
[00:52:05]ATTACK: hivelord brood attacked Molerat  (NEWHP: 100)(79,98,5)
[00:52:05]ATTACK: hivelord brood attacked Molerat  (NEWHP: 100)(79,98,5)
[00:52:07]ATTACK: hivelord brood attacked Molerat  (NEWHP: 100)(79,98,5)
[00:52:07]ATTACK: hivelord brood attacked Molerat  (NEWHP: 100)(79,98,5)
[00:52:07]ATTACK: hivelord brood attacked Molerat  (NEWHP: 100)(79,98,5)
[00:52:09]ATTACK: hivelord brood attacked Molerat  (NEWHP: 100)(78,99,5)
[00:52:09]ATTACK: hivelord brood attacked Molerat  (NEWHP: 100)(78,99,5)
[00:52:11]ATTACK: hivelord brood attacked Molerat  (NEWHP: 100)(79,99,5)
[00:52:11]ATTACK: hivelord brood attacked Molerat  (NEWHP: 100)(79,99,5)
[00:52:13]ATTACK: hivelord brood attacked Molerat  (NEWHP: 100)(78,99,5)
[00:52:15]ATTACK: hivelord brood attacked Molerat  (NEWHP: 100)(78,98,5)
[00:52:15]ATTACK: hivelord brood attacked Molerat  (NEWHP: 100)(78,98,5)
[00:52:17]ATTACK: hivelord brood attacked Molerat  (NEWHP: 100)(77,98,5)
[00:52:17]ATTACK: hivelord brood attacked Molerat  (NEWHP: 100)(77,98,5)
[00:52:19]ATTACK: Molerat attacked hivelord  (NEWHP: 49)(74,98,5)
[00:52:19]ATTACK: hivelord brood attacked Molerat  (NEWHP: 100)(75,98,5)
[00:52:19]ATTACK: hivelord brood attacked Molerat  (NEWHP: 100)(75,98,5)
[00:52:19]ATTACK: hivelord brood attacked Molerat  (NEWHP: 100)(75,98,5)
[00:52:21]ATTACK: hivelord brood attacked Molerat  (NEWHP: 100)(75,98,5)
[00:52:21]ATTACK: hivelord brood attacked Molerat  (NEWHP: 100)(75,98,5)
[00:52:21]ATTACK: hivelord brood attacked Molerat  (NEWHP: 100)(75,98,5)
[00:52:23]ATTACK: hivelord brood attacked Molerat  (NEWHP: 100)(75,98,5)
[00:52:23]ATTACK: hivelord brood attacked Molerat  (NEWHP: 100)(75,98,5)
[00:52:23]ATTACK: hivelord brood attacked Molerat  (NEWHP: 100)(75,98,5)
[00:52:23]ATTACK: hivelord brood attacked Molerat  (NEWHP: 100)(75,98,5)
[00:52:25]ATTACK: hivelord brood attacked Molerat  (NEWHP: 100)(75,98,5)
[00:52:25]ATTACK: hivelord brood attacked Molerat  (NEWHP: 100)(75,98,5)
[00:52:25]ATTACK: hivelord brood attacked Molerat  (NEWHP: 100)(75,98,5)
[00:52:25]ATTACK: hivelord brood attacked Molerat  (NEWHP: 100)(75,98,5)
[00:52:28]ATTACK: hivelord brood attacked Molerat  (NEWHP: 100)(74,97,5)
[00:52:28]ATTACK: hivelord brood attacked Molerat  (NEWHP: 100)(74,97,5)
[00:52:28]ATTACK: hivelord brood attacked Molerat  (NEWHP: 100)(74,97,5)
[00:52:28]ATTACK: hivelord brood attacked Molerat  (NEWHP: 100)(74,97,5)
[00:52:30]ATTACK: hivelord brood attacked Molerat  (NEWHP: 100)(74,97,5)
[00:52:30]ATTACK: hivelord brood attacked Molerat  (NEWHP: 100)(74,97,5)
[00:52:30]ATTACK: hivelord brood attacked Molerat  (NEWHP: 100)(74,97,5)
[00:52:30]ATTACK: hivelord brood attacked Molerat  (NEWHP: 100)(74,97,5)
[00:52:32]ATTACK: hivelord brood attacked Molerat  (NEWHP: 100)(74,98,5)
[00:52:32]ATTACK: hivelord brood attacked Molerat  (NEWHP: 100)(74,98,5)
[00:52:32]ATTACK: hivelord brood attacked Molerat  (NEWHP: 100)(74,98,5)
[00:52:32]ATTACK: hivelord brood attacked Molerat  (NEWHP: 100)(74,98,5)
[00:52:34]ATTACK: hivelord brood attacked Molerat  (NEWHP: 100)(74,98,5)
[00:52:34]ATTACK: hivelord brood attacked Molerat  (NEWHP: 100)(74,98,5)
[00:52:34]ATTACK: hivelord brood attacked Molerat  (NEWHP: 100)(74,98,5)
[00:52:34]ATTACK: hivelord brood attacked Molerat  (NEWHP: 100)(74,98,5)
[00:52:36]ATTACK: hivelord brood attacked Molerat  (NEWHP: 100)(74,98,5)
[00:52:36]ATTACK: hivelord brood attacked Molerat  (NEWHP: 100)(74,98,5)
[00:52:36]ATTACK: hivelord brood attacked Molerat  (NEWHP: 100)(74,98,5)
[00:52:36]ATTACK: hivelord brood attacked Molerat  (NEWHP: 100)(74,98,5)
[00:52:38]ATTACK: hivelord brood attacked Molerat  (NEWHP: 100)(74,98,5)
[00:52:38]ATTACK: hivelord brood attacked Molerat  (NEWHP: 100)(74,98,5)
[00:52:38]ATTACK: hivelord brood attacked Molerat  (NEWHP: 100)(74,98,5)
[00:52:38]ATTACK: hivelord brood attacked Molerat  (NEWHP: 100)(74,98,5)
[00:52:40]ATTACK: hivelord brood attacked Molerat  (NEWHP: 100)(74,98,5)
[00:52:40]ATTACK: hivelord brood attacked Molerat  (NEWHP: 100)(74,98,5)
[00:52:40]ATTACK: hivelord brood attacked Molerat  (NEWHP: 100)(74,98,5)
[00:52:40]ATTACK: hivelord brood attacked Molerat  (NEWHP: 100)(74,98,5)
[00:52:42]ATTACK: hivelord brood attacked Molerat  (NEWHP: 100)(74,98,5)
[00:52:42]ATTACK: hivelord brood attacked Molerat  (NEWHP: 100)(74,98,5)
[00:52:42]ATTACK: hivelord brood attacked Molerat  (NEWHP: 100)(74,98,5)
[00:52:42]ATTACK: hivelord brood attacked Molerat  (NEWHP: 100)(74,98,5)
[00:52:44]ATTACK: hivelord brood attacked Molerat  (NEWHP: 100)(74,98,5)
[00:52:44]ATTACK: hivelord brood attacked Molerat  (NEWHP: 100)(74,98,5)
[00:52:44]ATTACK: hivelord brood attacked Molerat  (NEWHP: 100)(74,98,5)
[00:52:44]ATTACK: hivelord brood attacked Molerat  (NEWHP: 100)(74,98,5)
[00:52:46]ATTACK: hivelord brood attacked Molerat  (NEWHP: 100)(74,98,5)
[00:52:46]ATTACK: hivelord brood attacked Molerat  (NEWHP: 100)(74,98,5)
[00:52:46]ATTACK: hivelord brood attacked Molerat  (NEWHP: 100)(74,98,5)
[00:52:46]ATTACK: hivelord brood attacked Molerat  (NEWHP: 100)(74,98,5)
[00:52:48]ATTACK: hivelord brood attacked Molerat  (NEWHP: 100)(74,98,5)
[00:52:48]ATTACK: hivelord brood attacked Molerat  (NEWHP: 100)(74,98,5)
[00:52:48]ATTACK: hivelord brood attacked Molerat  (NEWHP: 100)(74,98,5)
[00:52:48]ATTACK: hivelord brood attacked Molerat  (NEWHP: 100)(74,98,5)
[00:52:50]ATTACK: hivelord brood attacked Molerat  (NEWHP: 100)(74,98,5)
[00:52:50]ATTACK: hivelord brood attacked Molerat  (NEWHP: 100)(74,98,5)
[00:52:50]ATTACK: hivelord brood attacked Molerat  (NEWHP: 100)(74,98,5)
[00:52:50]ATTACK: hivelord brood attacked Molerat  (NEWHP: 100)(74,98,5)
[00:52:52]ATTACK: hivelord brood attacked Molerat  (NEWHP: 100)(74,98,5)
[00:52:52]ATTACK: hivelord brood attacked Molerat  (NEWHP: 100)(74,98,5)
[00:52:52]ATTACK: hivelord brood attacked Molerat  (NEWHP: 100)(74,98,5)
[00:52:52]ATTACK: hivelord brood attacked Molerat  (NEWHP: 100)(74,98,5)
[00:52:54]ATTACK: hivelord brood attacked Molerat  (NEWHP: 100)(74,98,5)
[00:52:54]ATTACK: hivelord brood attacked Molerat  (NEWHP: 100)(74,98,5)
[00:52:54]ATTACK: hivelord brood attacked Molerat  (NEWHP: 100)(74,98,5)
[00:52:54]ATTACK: hivelord brood attacked Molerat  (NEWHP: 100)(74,98,5)
[00:52:56]ATTACK: hivelord brood attacked Molerat  (NEWHP: 100)(74,98,5)
[00:52:56]ATTACK: hivelord brood attacked Molerat  (NEWHP: 100)(74,98,5)
[00:52:56]ATTACK: hivelord brood attacked Molerat  (NEWHP: 100)(74,98,5)
[00:52:56]ATTACK: hivelord brood attacked Molerat  (NEWHP: 100)(74,98,5)
[00:52:58]ATTACK: hivelord brood attacked Molerat  (NEWHP: 100)(74,98,5)
[00:52:58]ATTACK: hivelord brood attacked Molerat  (NEWHP: 100)(74,98,5)
[00:53:00]ATTACK: hivelord brood attacked Molerat  (NEWHP: 100)(74,98,5)
[00:53:00]ATTACK: hivelord brood attacked Molerat  (NEWHP: 100)(74,98,5)
[00:53:00]ATTACK: hivelord brood attacked Molerat  (NEWHP: 100)(74,98,5)
[00:53:00]ATTACK: hivelord brood attacked Molerat  (NEWHP: 100)(74,98,5)
[00:53:02]ATTACK: hivelord brood attacked Molerat  (NEWHP: 100)(74,98,5)
[00:53:02]ATTACK: hivelord brood attacked Molerat  (NEWHP: 100)(74,98,5)
[00:53:04]ATTACK: hivelord brood attacked Molerat  (NEWHP: 100)(74,98,5)
[00:53:04]ATTACK: hivelord brood attacked Molerat  (NEWHP: 100)(74,98,5)
[00:53:04]ATTACK: hivelord brood attacked Molerat  (NEWHP: 100)(74,98,5)
[00:53:04]ATTACK: hivelord brood attacked Molerat  (NEWHP: 100)(74,98,5)
[00:53:06]ATTACK: hivelord brood attacked Molerat  (NEWHP: 100)(74,98,5)
[00:53:06]ATTACK: hivelord brood attacked Molerat  (NEWHP: 100)(74,98,5)
[00:53:06]ATTACK: hivelord brood attacked Molerat  (NEWHP: 100)(74,98,5)
[00:53:06]ATTACK: hivelord brood attacked Molerat  (NEWHP: 100)(74,98,5)
[00:53:08]ATTACK: hivelord brood attacked Molerat  (NEWHP: 100)(73,98,5)
[00:53:08]ATTACK: hivelord brood attacked Molerat  (NEWHP: 100)(73,98,5)
[00:53:08]ATTACK: hivelord brood attacked Molerat  (NEWHP: 100)(73,98,5)
[00:53:08]ATTACK: hivelord brood attacked Molerat  (NEWHP: 100)(73,98,5)
[00:53:10]ATTACK: hivelord brood attacked Molerat  (NEWHP: 100)(73,98,5)
[00:53:10]ATTACK: hivelord brood attacked Molerat  (NEWHP: 100)(73,98,5)
[00:53:10]ATTACK: hivelord brood attacked Molerat  (NEWHP: 100)(73,98,5)
[00:53:10]ATTACK: hivelord brood attacked Molerat  (NEWHP: 100)(73,98,5)
[00:53:13]ATTACK: hivelord brood attacked Molerat  (NEWHP: 100)(73,99,5)
[00:53:13]ATTACK: hivelord brood attacked Molerat  (NEWHP: 100)(73,99,5)
[00:53:13]ATTACK: hivelord brood attacked Molerat  (NEWHP: 100)(73,99,5)
[00:53:13]ATTACK: hivelord brood attacked Molerat  (NEWHP: 100)(73,99,5)
[00:53:15]ATTACK: hivelord brood attacked Molerat  (NEWHP: 100)(73,99,5)
[00:53:15]ATTACK: hivelord brood attacked Molerat  (NEWHP: 100)(73,99,5)
[00:53:15]ATTACK: hivelord brood attacked Molerat  (NEWHP: 100)(73,99,5)
[00:53:15]ATTACK: hivelord brood attacked Molerat  (NEWHP: 100)(73,99,5)
[00:53:17]ATTACK: hivelord brood attacked Molerat  (NEWHP: 100)(72,98,5)
[00:53:17]ATTACK: hivelord brood attacked Molerat  (NEWHP: 100)(72,98,5)
[00:53:17]ATTACK: hivelord brood attacked Molerat  (NEWHP: 100)(72,98,5)
[00:53:19]ATTACK: hivelord brood attacked Molerat  (NEWHP: 100)(72,98,5)
[00:53:19]ATTACK: hivelord brood attacked Molerat  (NEWHP: 100)(72,98,5)
[00:53:19]ATTACK: hivelord brood attacked Molerat  (NEWHP: 100)(72,98,5)
[00:53:21]ATTACK: hivelord brood attacked Molerat  (NEWHP: 100)(72,98,5)
[00:53:21]ATTACK: hivelord brood attacked Molerat  (NEWHP: 100)(72,98,5)
[00:53:21]ATTACK: hivelord brood attacked Molerat  (NEWHP: 100)(72,98,5)
[00:53:23]ATTACK: hivelord brood attacked Molerat  (NEWHP: 100)(72,98,5)
[00:53:23]ATTACK: hivelord brood attacked Molerat  (NEWHP: 100)(72,98,5)
[00:53:23]ATTACK: hivelord brood attacked Molerat  (NEWHP: 100)(72,98,5)
[00:53:25]ATTACK: hivelord brood attacked Molerat  (NEWHP: 100)(72,98,5)
[00:53:25]ATTACK: hivelord brood attacked Molerat  (NEWHP: 100)(72,98,5)
[00:53:25]ATTACK: hivelord brood attacked Molerat  (NEWHP: 100)(72,98,5)
[00:53:27]ATTACK: hivelord brood attacked Molerat  (NEWHP: 100)(72,99,5)
[00:53:27]ATTACK: hivelord brood attacked Molerat  (NEWHP: 100)(72,99,5)
[00:53:29]ATTACK: hivelord brood attacked Molerat  (NEWHP: 100)(72,100,5)
[00:53:29]ATTACK: hivelord brood attacked Molerat  (NEWHP: 100)(72,100,5)
[00:53:29]ATTACK: hivelord brood attacked Molerat  (NEWHP: 100)(72,100,5)
[00:53:29]ATTACK: hivelord brood attacked Molerat  (NEWHP: 100)(72,100,5)
[00:53:31]ATTACK: hivelord brood attacked Molerat  (NEWHP: 100)(72,100,5)
[00:53:31]ATTACK: hivelord brood attacked Molerat  (NEWHP: 100)(72,100,5)
[00:53:33]ATTACK: hivelord brood attacked Molerat  (NEWHP: 100)(72,100,5)
[00:53:33]ATTACK: hivelord brood attacked Molerat  (NEWHP: 100)(72,100,5)
[00:53:33]ATTACK: hivelord brood attacked Molerat  (NEWHP: 100)(72,100,5)
[00:53:35]ATTACK: hivelord brood attacked Molerat  (NEWHP: 100)(72,100,5)
[00:53:35]ATTACK: hivelord brood attacked Molerat  (NEWHP: 100)(72,100,5)
[00:53:35]ATTACK: hivelord brood attacked Molerat  (NEWHP: 100)(72,100,5)
[00:53:37]ATTACK: hivelord brood attacked Molerat  (NEWHP: 100)(72,100,5)
[00:53:39]ATTACK: hivelord brood attacked Molerat  (NEWHP: 100)(71,99,5)
[00:53:39]ATTACK: hivelord brood attacked Molerat  (NEWHP: 100)(71,99,5)
[00:53:41]ATTACK: hivelord brood attacked Molerat  (NEWHP: 100)(71,99,5)
[00:53:41]ATTACK: hivelord brood attacked Molerat  (NEWHP: 100)(71,99,5)
[00:53:41]ATTACK: hivelord brood attacked Molerat  (NEWHP: 100)(71,99,5)
[00:53:43]ATTACK: hivelord brood attacked Molerat  (NEWHP: 100)(71,99,5)
[00:53:43]ATTACK: hivelord brood attacked Molerat  (NEWHP: 100)(71,99,5)
[00:53:43]ATTACK: hivelord brood attacked Molerat  (NEWHP: 100)(71,99,5)
[00:53:45]ATTACK: hivelord brood attacked Molerat  (NEWHP: 100)(71,101,5)
[00:53:45]ATTACK: hivelord brood attacked Molerat  (NEWHP: 100)(71,101,5)
[00:53:45]ATTACK: hivelord brood attacked Molerat  (NEWHP: 100)(71,101,5)
[00:53:45]ATTACK: hivelord brood attacked Molerat  (NEWHP: 100)(71,101,5)
[00:53:47]ATTACK: hivelord brood attacked Molerat  (NEWHP: 100)(71,101,5)
[00:53:47]ATTACK: hivelord brood attacked Molerat  (NEWHP: 100)(71,101,5)
[00:53:47]ATTACK: hivelord brood attacked Molerat  (NEWHP: 100)(71,101,5)
[00:53:47]ATTACK: hivelord brood attacked Molerat  (NEWHP: 100)(71,101,5)
[00:53:50]ATTACK: hivelord brood attacked Molerat  (NEWHP: 100)(71,101,5)
[00:53:50]ATTACK: hivelord brood attacked Molerat  (NEWHP: 100)(71,101,5)
[00:53:50]ATTACK: hivelord brood attacked Molerat  (NEWHP: 100)(71,101,5)
[00:53:50]ATTACK: hivelord brood attacked Molerat  (NEWHP: 100)(71,101,5)
[00:53:52]ATTACK: Molerat attacked hivelord  (NEWHP: 44)(68,102,5)
[00:53:52]ATTACK: hivelord brood attacked Molerat  (NEWHP: 100)(69,102,5)
[00:53:54]ATTACK: Molerat attacked hivelord  (NEWHP: 37)(66,102,5)
[00:53:54]ATTACK: hivelord brood attacked Molerat  (NEWHP: 100)(67,102,5)
[00:53:54]ATTACK: hivelord brood attacked Molerat  (NEWHP: 100)(67,102,5)
[00:53:56]ATTACK: Molerat attacked hivelord  (NEWHP: 28)(65,102,5)
[00:53:56]ATTACK: hivelord brood attacked Molerat  (NEWHP: 100)(66,101,5)
[00:53:56]ATTACK: hivelord brood attacked Molerat  (NEWHP: 100)(66,101,5)
[00:53:58]ATTACK: Molerat attacked hivelord  (NEWHP: 23)(63,102,5)
[00:53:58]ATTACK: hivelord brood attacked Molerat  (NEWHP: 100)(64,102,5)
[00:54:00]ATTACK: Molerat attacked hivelord  (NEWHP: 18)(62,102,5)
[00:54:00]ATTACK: hivelord brood attacked Molerat  (NEWHP: 100)(63,101,5)
[00:54:00]ATTACK: hivelord brood attacked Molerat  (NEWHP: 100)(63,101,5)
[00:54:00]ATTACK: hivelord brood attacked Molerat  (NEWHP: 100)(63,101,5)
[00:54:02]ATTACK: hivelord brood attacked Molerat  (NEWHP: 100)(63,101,5)
[00:54:02]ATTACK: hivelord brood attacked Molerat  (NEWHP: 100)(63,101,5)
[00:54:04]ATTACK: hivelord brood attacked Molerat  (NEWHP: 100)(63,101,5)
[00:54:04]ATTACK: hivelord brood attacked Molerat  (NEWHP: 100)(63,101,5)
[00:54:06]ATTACK: hivelord brood attacked Molerat  (NEWHP: 100)(64,102,5)
[00:54:06]ATTACK: hivelord brood attacked Molerat  (NEWHP: 100)(64,102,5)
[00:54:08]ATTACK: hivelord brood attacked Molerat  (NEWHP: 100)(64,102,5)
[00:54:08]ATTACK: hivelord brood attacked Molerat  (NEWHP: 100)(64,102,5)
[00:54:10]ATTACK: hivelord brood attacked Molerat  (NEWHP: 100)(63,101,5)
[00:54:10]ATTACK: hivelord brood attacked Molerat  (NEWHP: 100)(63,101,5)
[00:54:10]ATTACK: hivelord brood attacked Molerat  (NEWHP: 100)(63,101,5)
[00:54:13]ATTACK: hivelord brood attacked Molerat  (NEWHP: 100)(63,101,5)
[00:54:13]ATTACK: hivelord brood attacked Molerat  (NEWHP: 100)(63,101,5)
[00:54:13]ATTACK: hivelord brood attacked Molerat  (NEWHP: 100)(63,101,5)
[00:54:15]ATTACK: hivelord brood attacked Molerat  (NEWHP: 100)(63,101,5)
[00:54:15]ATTACK: hivelord brood attacked Molerat  (NEWHP: 100)(63,101,5)
[00:54:15]ATTACK: hivelord brood attacked Molerat  (NEWHP: 100)(63,101,5)
[00:54:15]ATTACK: hivelord brood attacked Molerat  (NEWHP: 100)(63,101,5)
[00:54:17]ATTACK: hivelord brood attacked Molerat  (NEWHP: 100)(63,101,5)
[00:54:17]ATTACK: hivelord brood attacked Molerat  (NEWHP: 100)(63,101,5)
[00:54:17]ATTACK: hivelord brood attacked Molerat  (NEWHP: 100)(63,101,5)
[00:54:17]ATTACK: hivelord brood attacked Molerat  (NEWHP: 100)(63,101,5)
[00:54:19]ATTACK: hivelord brood attacked Molerat  (NEWHP: 100)(63,101,5)
[00:54:19]ATTACK: hivelord brood attacked Molerat  (NEWHP: 100)(63,101,5)
[00:54:19]ATTACK: hivelord brood attacked Molerat  (NEWHP: 100)(63,101,5)
[00:54:19]ATTACK: hivelord brood attacked Molerat  (NEWHP: 100)(63,101,5)
[00:54:21]ATTACK: hivelord brood attacked Molerat  (NEWHP: 100)(63,101,5)
[00:54:21]ATTACK: hivelord brood attacked Molerat  (NEWHP: 100)(63,101,5)
[00:54:21]ATTACK: hivelord brood attacked Molerat  (NEWHP: 100)(63,101,5)
[00:54:21]ATTACK: hivelord brood attacked Molerat  (NEWHP: 100)(63,101,5)
[00:54:23]ATTACK: hivelord brood attacked Molerat  (NEWHP: 100)(63,101,5)
[00:54:23]ATTACK: hivelord brood attacked Molerat  (NEWHP: 100)(63,101,5)
[00:54:23]ATTACK: hivelord brood attacked Molerat  (NEWHP: 100)(63,101,5)
[00:54:23]ATTACK: hivelord brood attacked Molerat  (NEWHP: 100)(63,101,5)
[00:54:25]ATTACK: hivelord brood attacked Molerat  (NEWHP: 100)(63,101,5)
[00:54:25]ATTACK: hivelord brood attacked Molerat  (NEWHP: 100)(63,101,5)
[00:54:27]ATTACK: hivelord brood attacked Molerat  (NEWHP: 100)(63,103,5)
[00:54:27]ATTACK: hivelord brood attacked Molerat  (NEWHP: 100)(63,103,5)
[00:54:27]ATTACK: hivelord brood attacked Molerat  (NEWHP: 100)(63,103,5)
[00:54:27]ATTACK: hivelord brood attacked Molerat  (NEWHP: 100)(63,103,5)
[00:54:29]ATTACK: hivelord brood attacked Molerat  (NEWHP: 100)(63,103,5)
[00:54:29]ATTACK: hivelord brood attacked Molerat  (NEWHP: 100)(63,103,5)
[00:54:29]ATTACK: hivelord brood attacked Molerat  (NEWHP: 100)(63,103,5)
[00:54:29]ATTACK: hivelord brood attacked Molerat  (NEWHP: 100)(63,103,5)
[00:54:31]ATTACK: hivelord brood attacked Molerat  (NEWHP: 100)(63,103,5)
[00:54:31]ATTACK: hivelord brood attacked Molerat  (NEWHP: 100)(63,103,5)
[00:54:31]ATTACK: hivelord brood attacked Molerat  (NEWHP: 100)(63,103,5)
[00:54:31]ATTACK: hivelord brood attacked Molerat  (NEWHP: 100)(63,103,5)
[00:54:33]ATTACK: hivelord brood attacked Molerat  (NEWHP: 100)(63,103,5)
[00:54:33]ATTACK: hivelord brood attacked Molerat  (NEWHP: 100)(63,103,5)
[00:54:33]ATTACK: hivelord brood attacked Molerat  (NEWHP: 100)(63,103,5)
[00:54:33]ATTACK: hivelord brood attacked Molerat  (NEWHP: 100)(63,103,5)
[00:54:35]ATTACK: hivelord brood attacked Molerat  (NEWHP: 100)(63,103,5)
[00:54:35]ATTACK: hivelord brood attacked Molerat  (NEWHP: 100)(63,103,5)
[00:54:35]ATTACK: hivelord brood attacked Molerat  (NEWHP: 100)(63,103,5)
[00:54:35]ATTACK: hivelord brood attacked Molerat  (NEWHP: 100)(63,103,5)
[00:54:37]ATTACK: hivelord brood attacked Molerat  (NEWHP: 100)(63,103,5)
[00:54:37]ATTACK: hivelord brood attacked Molerat  (NEWHP: 100)(63,103,5)
[00:54:37]ATTACK: hivelord brood attacked Molerat  (NEWHP: 100)(63,103,5)
[00:54:37]ATTACK: hivelord brood attacked Molerat  (NEWHP: 100)(63,103,5)
[00:54:40]ATTACK: hivelord brood attacked Molerat  (NEWHP: 100)(62,103,5)
[00:54:40]ATTACK: hivelord brood attacked Molerat  (NEWHP: 100)(62,103,5)
[00:54:40]ATTACK: hivelord brood attacked Molerat  (NEWHP: 100)(62,103,5)
[00:54:40]ATTACK: hivelord brood attacked Molerat  (NEWHP: 100)(62,103,5)
[00:54:42]ATTACK: hivelord brood attacked Molerat  (NEWHP: 100)(62,103,5)
[00:54:42]ATTACK: hivelord brood attacked Molerat  (NEWHP: 100)(62,103,5)
[00:54:42]ATTACK: hivelord brood attacked Molerat  (NEWHP: 100)(62,103,5)
[00:54:42]ATTACK: hivelord brood attacked Molerat  (NEWHP: 100)(62,103,5)
[00:54:44]ATTACK: hivelord brood attacked Molerat  (NEWHP: 100)(62,104,5)
[00:54:44]ATTACK: hivelord brood attacked Molerat  (NEWHP: 100)(62,104,5)
[00:54:44]ATTACK: hivelord brood attacked Molerat  (NEWHP: 100)(62,104,5)
[00:54:44]ATTACK: hivelord brood attacked Molerat  (NEWHP: 100)(62,104,5)
[00:54:46]ATTACK: hivelord brood attacked Molerat  (NEWHP: 100)(62,104,5)
[00:54:46]ATTACK: hivelord brood attacked Molerat  (NEWHP: 100)(62,104,5)
[00:54:46]ATTACK: hivelord brood attacked Molerat  (NEWHP: 100)(62,104,5)
[00:54:46]ATTACK: hivelord brood attacked Molerat  (NEWHP: 100)(62,104,5)
[00:54:48]ATTACK: hivelord brood attacked Molerat  (NEWHP: 100)(62,104,5)
[00:54:48]ATTACK: hivelord brood attacked Molerat  (NEWHP: 100)(62,104,5)
[00:54:48]ATTACK: hivelord brood attacked Molerat  (NEWHP: 100)(62,104,5)
[00:54:48]ATTACK: hivelord brood attacked Molerat  (NEWHP: 100)(62,104,5)
[00:54:50]ATTACK: hivelord brood attacked Molerat  (NEWHP: 100)(62,104,5)
[00:54:50]ATTACK: hivelord brood attacked Molerat  (NEWHP: 100)(62,104,5)
[00:54:50]ATTACK: hivelord brood attacked Molerat  (NEWHP: 100)(62,104,5)
[00:54:50]ATTACK: hivelord brood attacked Molerat  (NEWHP: 100)(62,104,5)
[00:54:52]ATTACK: hivelord brood attacked Molerat  (NEWHP: 100)(62,104,5)
[00:54:52]ATTACK: hivelord brood attacked Molerat  (NEWHP: 100)(62,104,5)
[00:54:52]ATTACK: hivelord brood attacked Molerat  (NEWHP: 100)(62,104,5)
[00:54:52]ATTACK: hivelord brood attacked Molerat  (NEWHP: 100)(62,104,5)
[00:54:54]ATTACK: hivelord brood attacked Molerat  (NEWHP: 100)(62,104,5)
[00:54:54]ATTACK: hivelord brood attacked Molerat  (NEWHP: 100)(62,104,5)
[00:54:54]ATTACK: hivelord brood attacked Molerat  (NEWHP: 100)(62,104,5)
[00:54:54]ATTACK: hivelord brood attacked Molerat  (NEWHP: 100)(62,104,5)
[00:54:56]ATTACK: hivelord brood attacked Molerat  (NEWHP: 100)(62,104,5)
[00:54:56]ATTACK: hivelord brood attacked Molerat  (NEWHP: 100)(62,104,5)
[00:54:56]ATTACK: hivelord brood attacked Molerat  (NEWHP: 100)(62,104,5)
[00:54:56]ATTACK: hivelord brood attacked Molerat  (NEWHP: 100)(62,104,5)
[00:54:58]ATTACK: hivelord brood attacked Molerat  (NEWHP: 100)(62,104,5)
[00:54:58]ATTACK: hivelord brood attacked Molerat  (NEWHP: 100)(62,104,5)
[00:54:58]ATTACK: hivelord brood attacked Molerat  (NEWHP: 100)(62,104,5)
[00:54:58]ATTACK: hivelord brood attacked Molerat  (NEWHP: 100)(62,104,5)
[00:55:00]ATTACK: hivelord brood attacked Molerat  (NEWHP: 100)(62,104,5)
[00:55:00]ATTACK: hivelord brood attacked Molerat  (NEWHP: 100)(62,104,5)
[00:55:00]ATTACK: hivelord brood attacked Molerat  (NEWHP: 100)(62,104,5)
[00:55:00]ATTACK: hivelord brood attacked Molerat  (NEWHP: 100)(62,104,5)
[00:55:02]ATTACK: hivelord brood attacked Molerat  (NEWHP: 100)(62,104,5)
[00:55:02]ATTACK: hivelord brood attacked Molerat  (NEWHP: 100)(62,104,5)
[00:55:02]ATTACK: hivelord brood attacked Molerat  (NEWHP: 100)(62,104,5)
[00:55:02]ATTACK: hivelord brood attacked Molerat  (NEWHP: 100)(62,104,5)
[00:55:04]ATTACK: hivelord brood attacked Molerat  (NEWHP: 100)(62,104,5)
[00:55:04]ATTACK: hivelord brood attacked Molerat  (NEWHP: 100)(62,104,5)
[00:55:04]ATTACK: hivelord brood attacked Molerat  (NEWHP: 100)(62,104,5)
[00:55:04]ATTACK: hivelord brood attacked Molerat  (NEWHP: 100)(62,104,5)
[00:55:06]ATTACK: hivelord brood attacked Molerat  (NEWHP: 100)(62,104,5)
[00:55:06]ATTACK: hivelord brood attacked Molerat  (NEWHP: 100)(62,104,5)
[00:55:06]ATTACK: hivelord brood attacked Molerat  (NEWHP: 100)(62,104,5)
[00:55:06]ATTACK: hivelord brood attacked Molerat  (NEWHP: 100)(62,104,5)
[00:55:08]ATTACK: hivelord brood attacked Molerat  (NEWHP: 100)(62,104,5)
[00:55:08]ATTACK: hivelord brood attacked Molerat  (NEWHP: 100)(62,104,5)
[00:55:08]ATTACK: hivelord brood attacked Molerat  (NEWHP: 100)(62,104,5)
[00:55:08]ATTACK: hivelord brood attacked Molerat  (NEWHP: 100)(62,104,5)
[00:55:10]ATTACK: hivelord brood attacked Molerat  (NEWHP: 100)(62,104,5)
[00:55:10]ATTACK: hivelord brood attacked Molerat  (NEWHP: 100)(62,104,5)
[00:55:10]ATTACK: hivelord brood attacked Molerat  (NEWHP: 100)(62,104,5)
[00:55:10]ATTACK: hivelord brood attacked Molerat  (NEWHP: 100)(62,104,5)
[00:55:12]ATTACK: hivelord brood attacked Molerat  (NEWHP: 100)(62,104,5)
[00:55:12]ATTACK: hivelord brood attacked Molerat  (NEWHP: 100)(62,104,5)
[00:55:12]ATTACK: hivelord brood attacked Molerat  (NEWHP: 100)(62,104,5)
[00:55:12]ATTACK: hivelord brood attacked Molerat  (NEWHP: 100)(62,104,5)
[00:55:14]ATTACK: hivelord brood attacked Molerat  (NEWHP: 100)(62,104,5)
[00:55:14]ATTACK: hivelord brood attacked Molerat  (NEWHP: 100)(62,104,5)
[00:55:14]ATTACK: hivelord brood attacked Molerat  (NEWHP: 100)(62,104,5)
[00:55:14]ATTACK: hivelord brood attacked Molerat  (NEWHP: 100)(62,104,5)
[00:55:16]ATTACK: hivelord brood attacked Molerat  (NEWHP: 100)(62,104,5)
[00:55:16]ATTACK: hivelord brood attacked Molerat  (NEWHP: 100)(62,104,5)
[00:55:16]ATTACK: hivelord brood attacked Molerat  (NEWHP: 100)(62,104,5)
[00:55:16]ATTACK: hivelord brood attacked Molerat  (NEWHP: 100)(62,104,5)
[00:55:18]ATTACK: hivelord brood attacked Molerat  (NEWHP: 100)(62,104,5)
[00:55:18]ATTACK: hivelord brood attacked Molerat  (NEWHP: 100)(62,104,5)
[00:55:18]ATTACK: hivelord brood attacked Molerat  (NEWHP: 100)(62,104,5)
[00:55:18]ATTACK: hivelord brood attacked Molerat  (NEWHP: 100)(62,104,5)
[00:55:20]ATTACK: hivelord brood attacked Molerat  (NEWHP: 100)(61,103,5)
[00:55:20]ATTACK: hivelord brood attacked Molerat  (NEWHP: 100)(61,103,5)
[00:55:20]ATTACK: hivelord brood attacked Molerat  (NEWHP: 100)(61,103,5)
[00:55:20]ATTACK: hivelord brood attacked Molerat  (NEWHP: 100)(61,103,5)
[00:55:22]ATTACK: hivelord brood attacked Molerat  (NEWHP: 100)(61,103,5)
[00:55:22]ATTACK: hivelord brood attacked Molerat  (NEWHP: 100)(61,103,5)
[00:55:24]ATTACK: hivelord brood attacked Molerat  (NEWHP: 100)(61,105,5)
[00:55:24]ATTACK: hivelord brood attacked Molerat  (NEWHP: 100)(61,105,5)
[00:55:24]ATTACK: hivelord brood attacked Molerat  (NEWHP: 100)(61,105,5)
[00:55:24]ATTACK: hivelord brood attacked Molerat  (NEWHP: 100)(61,105,5)
[00:55:27]ATTACK: hivelord brood attacked Molerat  (NEWHP: 100)(61,105,5)
[00:55:27]ATTACK: hivelord brood attacked Molerat  (NEWHP: 100)(61,105,5)
[00:55:29]ATTACK: hivelord brood attacked Molerat  (NEWHP: 100)(60,104,5)
[00:55:29]ATTACK: hivelord brood attacked Molerat  (NEWHP: 100)(60,104,5)
[00:55:29]ATTACK: hivelord brood attacked Molerat  (NEWHP: 100)(60,104,5)
[00:55:29]ATTACK: hivelord brood attacked Molerat  (NEWHP: 100)(60,104,5)
[00:55:31]ATTACK: hivelord brood attacked Molerat  (NEWHP: 100)(61,105,5)
[00:55:31]ATTACK: hivelord brood attacked Molerat  (NEWHP: 100)(61,105,5)
[00:55:31]ATTACK: hivelord brood attacked Molerat  (NEWHP: 100)(61,105,5)
[00:55:33]ATTACK: hivelord brood attacked Molerat  (NEWHP: 100)(61,105,5)
[00:55:33]ATTACK: hivelord brood attacked Molerat  (NEWHP: 100)(61,105,5)
[00:55:33]ATTACK: hivelord brood attacked Molerat  (NEWHP: 100)(61,105,5)
[00:55:33]ATTACK: hivelord brood attacked Molerat  (NEWHP: 100)(61,105,5)
[00:55:35]ATTACK: hivelord brood attacked Molerat  (NEWHP: 100)(61,105,5)
[00:55:35]ATTACK: hivelord brood attacked Molerat  (NEWHP: 100)(61,105,5)
[00:55:35]ATTACK: hivelord brood attacked Molerat  (NEWHP: 100)(61,105,5)
[00:55:35]ATTACK: hivelord brood attacked Molerat  (NEWHP: 100)(61,105,5)
[00:55:37]ATTACK: hivelord brood attacked Molerat  (NEWHP: 100)(61,105,5)
[00:55:37]ATTACK: hivelord brood attacked Molerat  (NEWHP: 100)(61,105,5)
[00:55:37]ATTACK: hivelord brood attacked Molerat  (NEWHP: 100)(61,105,5)
[00:55:37]ATTACK: hivelord brood attacked Molerat  (NEWHP: 100)(61,105,5)
[00:55:39]ATTACK: hivelord brood attacked Molerat  (NEWHP: 100)(61,105,5)
[00:55:39]ATTACK: hivelord brood attacked Molerat  (NEWHP: 100)(61,105,5)
[00:55:39]ATTACK: hivelord brood attacked Molerat  (NEWHP: 100)(61,105,5)
[00:55:39]ATTACK: hivelord brood attacked Molerat  (NEWHP: 100)(61,105,5)
[00:55:41]ATTACK: hivelord brood attacked Molerat  (NEWHP: 100)(61,105,5)
[00:55:41]ATTACK: hivelord brood attacked Molerat  (NEWHP: 100)(61,105,5)
[00:55:41]ATTACK: hivelord brood attacked Molerat  (NEWHP: 100)(61,105,5)
[00:55:41]ATTACK: hivelord brood attacked Molerat  (NEWHP: 100)(61,105,5)
[00:55:43]ATTACK: hivelord brood attacked Molerat  (NEWHP: 100)(61,105,5)
[00:55:43]ATTACK: hivelord brood attacked Molerat  (NEWHP: 100)(61,105,5)
[00:55:43]ATTACK: hivelord brood attacked Molerat  (NEWHP: 100)(61,105,5)
[00:55:43]ATTACK: hivelord brood attacked Molerat  (NEWHP: 100)(61,105,5)
[00:55:45]ATTACK: hivelord brood attacked Molerat  (NEWHP: 100)(61,105,5)
[00:55:45]ATTACK: hivelord brood attacked Molerat  (NEWHP: 100)(61,105,5)
[00:55:45]ATTACK: hivelord brood attacked Molerat  (NEWHP: 100)(61,105,5)
[00:55:45]ATTACK: hivelord brood attacked Molerat  (NEWHP: 100)(61,105,5)
[00:55:47]ATTACK: Griffin Whiteman(pahomlancer) attacked Griffin Whiteman(pahomlancer) with old clean id card(INTENT: HELP) (DAMTYPE: BRUTE) (NEWHP: 100)(107,128,1)
[00:55:47]ATTACK: hivelord brood attacked Molerat  (NEWHP: 100)(59,105,5)
[00:55:47]ATTACK: hivelord brood attacked Molerat  (NEWHP: 100)(59,105,5)
[00:55:47]ATTACK: hivelord brood attacked Molerat  (NEWHP: 100)(59,105,5)
[00:55:47]ATTACK: hivelord brood attacked Molerat  (NEWHP: 100)(59,105,5)
[00:55:49]ATTACK: hivelord brood attacked Molerat  (NEWHP: 100)(59,105,5)
[00:55:49]ATTACK: hivelord brood attacked Molerat  (NEWHP: 100)(59,105,5)
[00:55:51]ATTACK: hivelord brood attacked Molerat  (NEWHP: 100)(59,105,5)
[00:55:51]ATTACK: hivelord brood attacked Molerat  (NEWHP: 100)(59,105,5)
[00:55:51]ATTACK: hivelord brood attacked Molerat  (NEWHP: 100)(59,105,5)
[00:55:52]ATTACK: hivelord brood attacked Molerat  (NEWHP: 100)(59,105,5)
[00:55:54]ATTACK: hivelord brood attacked Molerat  (NEWHP: 100)(59,105,5)
[00:55:54]ATTACK: hivelord brood attacked Molerat  (NEWHP: 100)(59,105,5)
[00:55:54]ATTACK: hivelord brood attacked Molerat  (NEWHP: 100)(59,105,5)
[00:55:54]ATTACK: hivelord brood attacked Molerat  (NEWHP: 100)(59,105,5)
[00:55:56]ATTACK: hivelord brood attacked Molerat  (NEWHP: 100)(59,105,5)
[00:55:56]ATTACK: hivelord brood attacked Molerat  (NEWHP: 100)(59,105,5)
[00:55:56]ATTACK: hivelord brood attacked Molerat  (NEWHP: 100)(59,105,5)
[00:55:56]ATTACK: hivelord brood attacked Molerat  (NEWHP: 100)(59,105,5)
[00:55:58]ATTACK: hivelord brood attacked Molerat  (NEWHP: 100)(59,105,5)
[00:55:58]ATTACK: hivelord brood attacked Molerat  (NEWHP: 100)(59,105,5)
[00:55:58]ATTACK: hivelord brood attacked Molerat  (NEWHP: 100)(59,105,5)
[00:56:00]ATTACK: hivelord brood attacked Molerat  (NEWHP: 100)(59,106,5)
[00:56:00]ATTACK: hivelord brood attacked Molerat  (NEWHP: 100)(59,106,5)
[00:56:02]ATTACK: hivelord brood attacked Molerat  (NEWHP: 100)(59,107,5)
[00:56:02]ATTACK: hivelord brood attacked Molerat  (NEWHP: 100)(59,107,5)
[00:56:02]ATTACK: hivelord brood attacked Molerat  (NEWHP: 100)(59,107,5)
[00:56:02]ATTACK: hivelord brood attacked Molerat  (NEWHP: 100)(59,107,5)
[00:56:04]ATTACK: hivelord brood attacked Molerat  (NEWHP: 100)(59,107,5)
[00:56:04]ATTACK: hivelord brood attacked Molerat  (NEWHP: 100)(59,107,5)
[00:56:06]ATTACK: hivelord brood attacked Molerat  (NEWHP: 100)(59,107,5)
[00:56:06]ATTACK: hivelord brood attacked Molerat  (NEWHP: 100)(59,107,5)
[00:56:06]ATTACK: hivelord brood attacked Molerat  (NEWHP: 100)(59,107,5)
[00:56:08]ATTACK: hivelord brood attacked Molerat  (NEWHP: 100)(59,107,5)
[00:56:08]ATTACK: hivelord brood attacked Molerat  (NEWHP: 100)(59,107,5)
[00:56:10]ATTACK: Molerat attacked hivelord  (NEWHP: 10)(55,111,5)
[00:56:10]ATTACK: hivelord brood attacked Molerat  (NEWHP: 100)(56,111,5)
[00:56:10]ATTACK: hivelord brood attacked Molerat  (NEWHP: 100)(56,111,5)
[00:56:10]ATTACK: hivelord brood attacked Molerat  (NEWHP: 100)(56,111,5)
[00:56:10]ATTACK: hivelord brood attacked Molerat  (NEWHP: 100)(56,111,5)
[00:56:12]ATTACK: Molerat attacked hivelord  (NEWHP: 5)(54,111,5)
[00:56:12]ATTACK: hivelord brood attacked Molerat  (NEWHP: 100)(55,111,5)
[00:56:12]ATTACK: hivelord brood attacked Molerat  (NEWHP: 100)(55,111,5)
[00:56:12]ATTACK: hivelord brood attacked Molerat  (NEWHP: 100)(55,111,5)
[00:56:12]ATTACK: hivelord brood attacked Molerat  (NEWHP: 100)(55,111,5)
[00:56:14]ATTACK: hivelord brood attacked Molerat  (NEWHP: 100)(55,111,5)
[00:56:14]ATTACK: hivelord brood attacked Molerat  (NEWHP: 100)(55,111,5)
[00:56:14]ATTACK: hivelord brood attacked Molerat  (NEWHP: 100)(55,111,5)
[00:56:14]ATTACK: hivelord brood attacked Molerat  (NEWHP: 100)(55,111,5)
[00:56:17]ATTACK: hivelord brood attacked Molerat  (NEWHP: 100)(55,112,5)
[00:56:19]ATTACK: hivelord brood attacked Molerat  (NEWHP: 100)(55,113,5)
[00:56:21]ATTACK: Molerat attacked hivelord  (NEWHP: 75)(57,109,5)
[00:56:21]ATTACK: hivelord brood attacked Molerat  (NEWHP: 100)(57,110,5)
[00:56:21]ATTACK: hivelord brood attacked Molerat  (NEWHP: 100)(57,110,5)
[00:56:23]ATTACK: Molerat attacked hivelord  (NEWHP: 67)(57,108,5)
[00:56:23]ATTACK: hivelord brood attacked Molerat  (NEWHP: 100)(58,109,5)
[00:56:23]ATTACK: hivelord brood attacked Molerat  (NEWHP: 100)(58,109,5)
[00:56:23]ATTACK: hivelord brood attacked Molerat  (NEWHP: 100)(58,109,5)
[00:56:25]ATTACK: Molerat attacked hivelord  (NEWHP: 59)(55,106,5)
[00:56:25]ATTACK: hivelord brood attacked Molerat  (NEWHP: 100)(56,107,5)
[00:56:27]ATTACK: Molerat attacked hivelord  (NEWHP: 53)(54,106,5)
[00:56:27]ATTACK: hivelord brood attacked Molerat  (NEWHP: 100)(55,107,5)
[00:56:27]ATTACK: hivelord brood attacked Molerat  (NEWHP: 100)(55,107,5)
[00:56:29]ATTACK: Molerat attacked hivelord  (NEWHP: 46)(52,105,5)
[00:56:29]ATTACK: hivelord brood attacked Molerat  (NEWHP: 100)(53,106,5)
[00:56:29]ATTACK: hivelord brood attacked Molerat  (NEWHP: 100)(53,106,5)
[00:56:31]ATTACK: Molerat attacked hivelord  (NEWHP: 39)(51,104,5)
[00:56:31]ATTACK: hivelord brood attacked Molerat  (NEWHP: 100)(52,105,5)
[00:56:31]ATTACK: hivelord brood attacked Molerat  (NEWHP: 100)(52,105,5)
[00:56:33]ATTACK: hivelord brood attacked Molerat  (NEWHP: 100)(50,104,5)
[00:56:33]ATTACK: hivelord brood attacked Molerat  (NEWHP: 100)(50,104,5)
[00:56:33]ATTACK: hivelord brood attacked Molerat  (NEWHP: 100)(50,104,5)
[00:56:35]ATTACK: Molerat attacked hivelord  (NEWHP: 33)(48,102,5)
[00:56:35]ATTACK: hivelord brood attacked Molerat  (NEWHP: 100)(49,103,5)
[00:56:37]ATTACK: Molerat attacked hivelord  (NEWHP: 24)(49,102,5)
[00:56:37]ATTACK: hivelord brood attacked Molerat  (NEWHP: 100)(49,103,5)
[00:56:37]ATTACK: hivelord brood attacked Molerat  (NEWHP: 100)(49,103,5)
[00:56:39]ATTACK: Molerat attacked hivelord  (NEWHP: 15)(49,102,5)
[00:56:39]ATTACK: hivelord brood attacked Molerat  (NEWHP: 100)(49,103,5)
[00:56:39]ATTACK: hivelord brood attacked Molerat  (NEWHP: 100)(49,103,5)
[00:56:41]ATTACK: Molerat attacked hivelord  (NEWHP: 10)(49,102,5)
[00:56:41]ATTACK: hivelord brood attacked Molerat  (NEWHP: 100)(49,103,5)
[00:56:43]ATTACK: Molerat attacked hivelord  (NEWHP: 4)(49,102,5)
[00:56:43]ATTACK: hivelord brood attacked Molerat  (NEWHP: 100)(50,103,5)
[00:56:45]ATTACK: hivelord brood attacked Molerat  (NEWHP: 100)(50,103,5)
[00:56:47]ATTACK: Molerat attacked hivelord brood  (NEWHP: 1)(49,103,5)
[00:57:46]ATTACK: Griffin Whiteman(pahomlancer) shot space bear with the bullet (NEWHP: 0)(17,152,1)
[00:57:46]ATTACK: Griffin Whiteman(pahomlancer) shot space bear with the bullet (NEWHP: 0)(17,152,1)
[00:57:46]ATTACK: Griffin Whiteman(pahomlancer) shot space bear with the bullet (NEWHP: 0)(17,152,1)
[00:59:02]ATTACK: Griffin Whiteman(pahomlancer) shot Hudson with the bullet (NEWHP: 25)(35,215,1)
[00:59:02]ATTACK: Griffin Whiteman(pahomlancer) shot Hudson with the bullet (NEWHP: 0)(32,215,1)
[00:59:16]ATTACK: Cazador attacked Griffin Whiteman(pahomlancer)  (NEWHP: 100)(61,221,1)
[00:59:16]ATTACK: Cazador attacked Griffin Whiteman(pahomlancer)  (NEWHP: 94.75)(61,221,1)
[00:59:18]ATTACK: Griffin Whiteman(pahomlancer) shot Cazador with the bullet (NEWHP: 15)(63,227,1)
[00:59:18]ATTACK: Cazador attacked Griffin Whiteman(pahomlancer)  (NEWHP: 82)(63,228,1)
[00:59:18]ATTACK: Griffin Whiteman(pahomlancer) shot Cazador with the bullet (NEWHP: 0)(63,227,1)
[00:59:23]ATTACK: Griffin Whiteman(pahomlancer) shot Cazador with the bullet (NEWHP: 15)(60,221,1)
[00:59:24]ATTACK: Cazador attacked Griffin Whiteman(pahomlancer)  (NEWHP: 69.25)(61,221,1)
[00:59:24]ATTACK: Griffin Whiteman(pahomlancer) shot Cazador with the bullet (NEWHP: 0)(60,221,1)
[00:59:32]ATTACK: Griffin Whiteman(pahomlancer) fed Griffin Whiteman(pahomlancer) with styptic_powder(50 units);  (NEWHP: 64)(54,224,1)
[00:59:50]ATTACK: Cazador attacked Griffin Whiteman(pahomlancer)  (NEWHP: 100)(120,242,1)
[00:59:52]ATTACK: Griffin Whiteman(pahomlancer) shot Cazador with the bullet (NEWHP: 0)(125,245,1)
[00:59:57]ATTACK: Griffin Whiteman(pahomlancer) fed Griffin Whiteman(pahomlancer) with styptic_powder(50 units);  (NEWHP: 100)(137,240,1)
[01:00:08]ATTACK: Griffin Whiteman(pahomlancer) shot Raider with the bullet (NEWHP: 30)(147,222,1)
[01:00:33]ATTACK: Griffin Whiteman(pahomlancer) shot Cazador with the bullet (NEWHP: 15)(165,195,1)
[01:00:35]ATTACK: Griffin Whiteman(pahomlancer) shot Cazador with the bullet (NEWHP: 0)(171,197,1)
[01:01:14]ATTACK: Enclave soldier attacked Griffin Whiteman(pahomlancer)  (NEWHP: 100)(175,178,1)
[01:01:16]ATTACK: Enclave soldier attacked Griffin Whiteman(pahomlancer)  (NEWHP: 92.2)(175,180,1)
[01:01:18]ATTACK: Enclave soldier attacked Griffin Whiteman(pahomlancer)  (NEWHP: 68.7)(173,182,1)
[01:01:20]ATTACK: Enclave soldier attacked Griffin Whiteman(pahomlancer)  (NEWHP: 60.55)(171,185,1)
[01:01:22]ATTACK: Enclave soldier attacked Griffin Whiteman(pahomlancer)  (NEWHP: 53.8)(168,188,1)
[01:01:24]ATTACK: Enclave soldier attacked Griffin Whiteman(pahomlancer)  (NEWHP: 45.65)(167,190,1)
[01:01:26]ATTACK: Enclave soldier attacked Griffin Whiteman(pahomlancer)  (NEWHP: 23)(166,190,1)
[01:01:28]ATTACK: Enclave soldier attacked Griffin Whiteman(pahomlancer)  (NEWHP: 14.85)(166,194,1)
[01:01:31]ATTACK: Enclave soldier attacked Griffin Whiteman(pahomlancer)  (NEWHP: 7.39999)(168,196,1)
[01:01:33]ATTACK: Enclave soldier attacked Griffin Whiteman(pahomlancer)  (NEWHP: -0.400002)(168,196,1)
[01:14:53]ATTACK: Molerat attacked reanimated skeleton  (NEWHP: 40)(154,179,5)
[01:14:53]ATTACK: reanimated skeleton attacked Molerat  (NEWHP: 100)(154,180,5)
[01:14:55]ATTACK: Molerat attacked reanimated skeleton  (NEWHP: 35)(154,179,5)
[01:14:55]ATTACK: reanimated skeleton attacked Molerat  (NEWHP: 85)(154,180,5)
[01:14:57]ATTACK: Molerat attacked reanimated skeleton  (NEWHP: 27)(154,179,5)
[01:14:57]ATTACK: reanimated skeleton attacked Molerat  (NEWHP: 70)(154,180,5)
[01:14:59]ATTACK: Molerat attacked reanimated skeleton  (NEWHP: 21)(154,179,5)
[01:14:59]ATTACK: reanimated skeleton attacked Molerat  (NEWHP: 55)(154,180,5)
[01:15:01]ATTACK: Molerat attacked reanimated skeleton  (NEWHP: 12)(154,179,5)
[01:15:01]ATTACK: reanimated skeleton attacked Molerat  (NEWHP: 40)(154,180,5)
[01:15:03]ATTACK: Molerat attacked reanimated skeleton  (NEWHP: 4)(154,179,5)
[01:17:52]ATTACK: Molerat attacked undead templar  (NEWHP: 125)(155,153,5)
[01:17:52]ATTACK: undead templar attacked Molerat  (NEWHP: 100)(155,152,5)
[01:17:54]ATTACK: Molerat attacked undead templar  (NEWHP: 125)(155,153,5)
[01:17:54]ATTACK: undead templar attacked Molerat  (NEWHP: 74)(155,152,5)
[01:17:56]ATTACK: Molerat attacked undead templar  (NEWHP: 125)(155,153,5)
[01:17:56]ATTACK: undead templar attacked Molerat  (NEWHP: 49)(155,152,5)
[01:17:58]ATTACK: Molerat attacked undead templar  (NEWHP: 125)(155,153,5)
[01:17:58]ATTACK: undead templar attacked Molerat  (NEWHP: 23)(155,152,5)
[01:19:57]ATTACK: Molerat attacked reanimated skeleton  (NEWHP: 40)(156,174,5)
[01:19:57]ATTACK: reanimated skeleton attacked Molerat  (NEWHP: 25)(156,175,5)
[01:19:59]ATTACK: Molerat attacked reanimated skeleton  (NEWHP: 32)(156,174,5)
[01:20:00]ATTACK: reanimated skeleton attacked Molerat  (NEWHP: 10)(156,175,5)


Starting up. 01:33.20
---------------------
[01:36:39]ATTACK: Raider shot Raider with the bullet (NEWHP: 65)(176,102,1)
[01:36:42]ATTACK: Raider attacked mouse  (NEWHP: 5)(241,101,1)
[01:36:42]ATTACK: Raider attacked mouse  (NEWHP: 5)(216,110,1)
[01:36:42]ATTACK: giant spider (963) attacked Default Cyborg-152  (NEWHP: 100)(27,190,1)
[01:36:44]ATTACK: giant spider (963) attacked Default Cyborg-152  (NEWHP: 84)(27,190,1)
[01:36:46]ATTACK: giant spider (963) attacked Default Cyborg-152  (NEWHP: 64)(27,190,1)
[01:36:48]ATTACK: giant spider (963) attacked Default Cyborg-152  (NEWHP: 48)(27,190,1)
[01:36:50]ATTACK: giant spider (963) attacked Default Cyborg-152  (NEWHP: 32)(27,190,1)
[01:36:52]ATTACK: giant spider (963) attacked Default Cyborg-152  (NEWHP: 12)(27,190,1)
[01:36:54]ATTACK: giant spider (963) attacked Default Cyborg-152  (NEWHP: -4)(27,190,1)
[01:36:56]ATTACK: giant spider (963) attacked Default Cyborg-152  (NEWHP: -24)(27,190,1)
[01:36:58]ATTACK: giant spider (963) attacked Default Cyborg-152  (NEWHP: -44)(27,190,1)
[01:37:00]ATTACK: giant spider (963) attacked Default Cyborg-152  (NEWHP: -64)(27,190,1)
[01:37:02]ATTACK: giant spider (963) attacked Default Cyborg-152  (NEWHP: -84)(27,190,1)
[01:50:13]ATTACK: Molerat attacked reanimated skeleton  (NEWHP: 40)(187,168,5)
[01:50:13]ATTACK: reanimated skeleton attacked Molerat  (NEWHP: 100)(188,168,5)
[01:50:15]ATTACK: Molerat attacked reanimated skeleton  (NEWHP: 35)(187,168,5)
[01:50:15]ATTACK: reanimated skeleton attacked Molerat  (NEWHP: 85)(188,168,5)
[01:50:17]ATTACK: Molerat attacked reanimated skeleton  (NEWHP: 30)(187,168,5)
[01:50:17]ATTACK: reanimated skeleton attacked Molerat  (NEWHP: 70)(188,168,5)
[01:50:19]ATTACK: Molerat attacked reanimated skeleton  (NEWHP: 20)(187,168,5)
[01:50:19]ATTACK: reanimated skeleton attacked Molerat  (NEWHP: 55)(188,168,5)
[01:50:21]ATTACK: Molerat attacked reanimated skeleton  (NEWHP: 11)(187,168,5)
[01:50:21]ATTACK: reanimated skeleton attacked Molerat  (NEWHP: 40)(188,168,5)
[01:50:23]ATTACK: Molerat attacked reanimated skeleton  (NEWHP: 1)(187,168,5)
[01:52:33]ATTACK: Unknown(rubick) shot Raider with the pellet (NEWHP: 80)(160,126,1)
[01:52:33]ATTACK: Unknown(rubick) shot Raider with the pellet (NEWHP: 60)(160,126,1)
[01:52:33]ATTACK: Unknown(rubick) shot Raider with the pellet (NEWHP: 40)(160,126,1)
[01:52:42]ATTACK: Raider attacked Unknown(rubick)  (NEWHP: 100)(164,129,1)
[01:52:42]ATTACK: Unknown(rubick) shot Raider with the pellet (NEWHP: 20)(161,132,1)
[01:52:43]ATTACK: Unknown(rubick) shot Jaelyn Kanaga with the pellet (NEWHP: 100)(161,132,1)
[01:52:43]ATTACK: Unknown(rubick) shot Jaelyn Kanaga with the pellet (NEWHP: 100)(161,132,1)
[01:54:08]ATTACK: Unknown(rubick) fed Unknown(rubick) with styptic_powder(50 units);  (NEWHP: 85)(164,155,1)
[01:55:09]ATTACK: Raider shot Unknown(rubick) with the bullet (NEWHP: 100)(168,92,1)
[01:55:09]ATTACK: Unknown(rubick) shot Raider with the pellet (NEWHP: 80)(171,92,1)
[01:55:09]ATTACK: Unknown(rubick) shot Raider with the pellet (NEWHP: 60)(171,92,1)
[01:55:09]ATTACK: Unknown(rubick) shot Raider with the pellet (NEWHP: 40)(171,92,1)
[01:55:09]ATTACK: Unknown(rubick) shot Raider with the pellet (NEWHP: 20)(171,92,1)
[01:55:14]ATTACK: Unknown(rubick) shot Stephany Roby with the pellet (NEWHP: 100)(174,92,1)
[01:55:30]ATTACK: Unknown(rubick) shot Raider with the pellet (NEWHP: 80)(170,86,1)
[01:55:33]ATTACK: Unknown(rubick) shot Raider with the pellet (NEWHP: 60)(171,88,1)
[01:55:33]ATTACK: Unknown(rubick) shot Raider with the pellet (NEWHP: 40)(171,88,1)
[01:55:33]ATTACK: Raider shot Unknown(rubick) with the bullet (NEWHP: 85)(171,86,1)
[01:55:41]ATTACK: Unknown(rubick) fed Unknown(rubick) with styptic_powder(50 units);  (NEWHP: 54)(176,90,1)
[01:55:43]ATTACK: Unknown(rubick) fed Unknown(rubick) with styptic_powder(50 units);  (NEWHP: 100)(176,90,1)
[01:55:47]ATTACK: Unknown(rubick) shot Raider with the pellet (NEWHP: 20)(177,93,1)
[01:55:47]ATTACK: Unknown(rubick) shot Greyson Jowers with the pellet (NEWHP: 100)(177,93,1)
[01:55:47]ATTACK: Unknown(rubick) shot Greyson Jowers with the pellet (NEWHP: 100)(177,93,1)
[01:59:40]ATTACK: Kendall Davis(rubick) fed Kendall Davis(rubick) with mutadone(50 units);  (NEWHP: 100)(70,72,1)
[02:02:07]ATTACK: Kendall Davis(rubick) shot Raider with the bullet (NEWHP: 5)(179,103,1)
[02:02:08]ATTACK: Raider attacked Kendall Davis(rubick)  (NEWHP: 100)(181,102,1)
[02:02:14]ATTACK: Kendall Davis(rubick) shot Raider with the bullet (NEWHP: 40)(176,103,1)
[02:02:26]ATTACK: Raider shot Kendall Davis(rubick) with the bullet (NEWHP: 100)(181,103,1)
[02:02:53]ATTACK: Kendall Davis(rubick) fed Kendall Davis(rubick) with styptic_powder(50 units);  (NEWHP: 91)(172,106,1)
[02:03:26]ATTACK: Kendall Davis(rubick) shot Raider with the bullet (NEWHP: 65)(191,101,1)
[02:03:31]ATTACK: Kendall Davis(rubick) shot Raider with the bullet (NEWHP: 30)(189,99,1)
[02:03:36]ATTACK: Raider shot Kendall Davis(rubick) with the bullet (NEWHP: 100)(188,97,1)
[02:03:45]ATTACK: Kendall Davis(rubick) fed Kendall Davis(rubick) with styptic_powder(50 units);  (NEWHP: 81.75)(191,96,1)
[02:04:00]ATTACK: Kendall Davis(rubick) shot Raider with the bullet (NEWHP: 65)(191,98,1)
[02:04:04]ATTACK: Kendall Davis(rubick) shot Raider with the bullet (NEWHP: 30)(177,98,1)
[02:04:28]ATTACK: Raider shot Raider with the bullet (NEWHP: 40)(211,94,1)
[02:04:31]ATTACK: Kendall Davis(rubick) shot Raider with the bullet (NEWHP: 5)(205,99,1)
[02:05:06]ATTACK: Kendall Davis(rubick) shot Raider with the bullet (NEWHP: 65)(215,102,1)
[02:05:13]ATTACK: Kendall Davis(rubick) shot Raider with the bullet (NEWHP: 30)(212,99,1)
[02:06:02]ATTACK: Kendall Davis(rubick) shot Raider with the bullet (NEWHP: 35)(203,99,1)
[02:06:12]ATTACK: Molerat attacked reanimated skeleton  (NEWHP: 40)(184,170,5)
[02:06:12]ATTACK: reanimated skeleton attacked Molerat  (NEWHP: 25)(185,170,5)
[02:06:15]ATTACK: Molerat attacked reanimated skeleton  (NEWHP: 30)(184,170,5)
[02:06:15]ATTACK: reanimated skeleton attacked Molerat  (NEWHP: 10)(185,170,5)
[02:07:22]ATTACK: Raider shot Unknown(rubick) with the bullet (NEWHP: 100)(209,93,1)
[02:07:32]ATTACK: Raider shot Raider with the bullet (NEWHP: 40)(211,92,1)
[02:07:34]ATTACK: Raider attacked Unknown(rubick)  (NEWHP: 80)(204,96,1)
[02:07:36]ATTACK: Raider attacked Unknown(rubick)  (NEWHP: 76)(205,96,1)
[02:07:41]ATTACK: Unknown(rubick) shot Raider with the bullet (NEWHP: 5)(192,97,1)
