

Starting up. 01:01.18
---------------------
[01:04:37]ATTACK: Raider shot Raider with the bullet (NEWHP: 65)(176,102,1)
[01:04:39]ATTACK: Raider attacked mouse  (NEWHP: 5)(241,101,1)
[01:04:39]ATTACK: Raider attacked mouse  (NEWHP: 5)(216,110,1)
[01:04:39]ATTACK: giant rad scorpion (565) attacked Default Cyborg-732  (NEWHP: 100)(27,190,1)
[01:04:41]ATTACK: giant rad scorpion (565) attacked Default Cyborg-732  (NEWHP: 80)(27,190,1)
[01:04:44]ATTACK: giant rad scorpion (565) attacked Default Cyborg-732  (NEWHP: 61)(27,190,1)
[01:04:46]ATTACK: giant rad scorpion (565) attacked Default Cyborg-732  (NEWHP: 45)(27,190,1)
[01:04:48]ATTACK: giant rad scorpion (565) attacked Default Cyborg-732  (NEWHP: 26)(27,190,1)
[01:04:50]ATTACK: giant rad scorpion (565) attacked Default Cyborg-732  (NEWHP: 9)(27,190,1)
[01:04:52]ATTACK: cammel attacked cammel  (NEWHP: 20)(25,117,1)
[01:04:52]ATTACK: giant rad scorpion (565) attacked Default Cyborg-732  (NEWHP: -9)(27,190,1)
[01:04:54]ATTACK: cammel attacked cammel  (NEWHP: 18)(25,116,1)
[01:04:54]ATTACK: giant rad scorpion (565) attacked Default Cyborg-732  (NEWHP: -25)(27,190,1)
[01:04:56]ATTACK: cammel attacked cammel  (NEWHP: 20)(26,117,1)
[01:04:56]ATTACK: cammel attacked cammel  (NEWHP: 16)(25,116,1)
[01:04:56]ATTACK: giant rad scorpion (565) attacked Default Cyborg-732  (NEWHP: -45)(27,190,1)
[01:04:58]ATTACK: cammel attacked cammel  (NEWHP: 19)(26,117,1)
[01:04:58]ATTACK: cammel attacked cammel  (NEWHP: 15)(25,116,1)
[01:04:58]ATTACK: giant rad scorpion (565) attacked Default Cyborg-732  (NEWHP: -60)(27,190,1)
[01:05:00]ATTACK: cammel attacked cammel  (NEWHP: 18)(26,117,1)
[01:05:00]ATTACK: cammel attacked cammel  (NEWHP: 13)(25,116,1)
[01:05:00]ATTACK: giant rad scorpion (565) attacked Default Cyborg-732  (NEWHP: -77)(27,190,1)
[01:05:02]ATTACK: cammel attacked cammel  (NEWHP: 17)(26,117,1)
[01:05:02]ATTACK: cammel attacked cammel  (NEWHP: 12)(25,116,1)
[01:05:02]ATTACK: giant rad scorpion (565) attacked Default Cyborg-732  (NEWHP: -92)(27,190,1)
[01:05:04]ATTACK: cammel attacked cammel  (NEWHP: 15)(26,117,1)
[01:05:04]ATTACK: cammel attacked cammel  (NEWHP: 11)(25,116,1)
[01:05:06]ATTACK: cammel attacked cammel  (NEWHP: 14)(26,117,1)
[01:05:06]ATTACK: cammel attacked cammel  (NEWHP: 9)(25,116,1)
[01:05:08]ATTACK: cammel attacked cammel  (NEWHP: 13)(26,117,1)
[01:05:08]ATTACK: cammel attacked cammel  (NEWHP: 7)(25,116,1)
[01:05:11]ATTACK: cammel attacked cammel  (NEWHP: 11)(26,117,1)
[01:05:11]ATTACK: cammel attacked cammel  (NEWHP: 5)(25,116,1)
[01:05:13]ATTACK: cammel attacked cammel  (NEWHP: 10)(26,117,1)
[01:05:17]ATTACK: cammel attacked cammel  (NEWHP: 4)(25,116,1)
[01:05:19]ATTACK: cammel attacked cammel  (NEWHP: 3)(25,116,1)
[01:05:23]ATTACK: cammel attacked cammel  (NEWHP: 9)(26,116,1)
[01:05:25]ATTACK: cammel attacked cammel  (NEWHP: 2)(25,116,1)
[01:05:27]ATTACK: cammel attacked cammel  (NEWHP: 1)(25,116,1)
[01:05:33]ATTACK: cammel attacked cammel  (NEWHP: 20)(30,117,1)
[01:05:35]ATTACK: cammel attacked cammel  (NEWHP: 19)(30,117,1)
[01:05:37]ATTACK: cammel attacked cammel  (NEWHP: 17)(31,117,1)
[01:05:37]ATTACK: cammel attacked cammel  (NEWHP: 7)(30,117,1)
[01:05:39]ATTACK: cammel attacked cammel  (NEWHP: 15)(31,117,1)
[01:05:39]ATTACK: cammel attacked cammel  (NEWHP: 6)(30,117,1)
[01:05:41]ATTACK: cammel attacked cammel  (NEWHP: 13)(31,117,1)
[01:05:41]ATTACK: cammel attacked cammel  (NEWHP: 4)(30,117,1)
[01:05:43]ATTACK: cammel attacked cammel  (NEWHP: 11)(31,117,1)
[01:05:43]ATTACK: cammel attacked cammel  (NEWHP: 3)(30,117,1)
[01:05:46]ATTACK: cammel attacked cammel  (NEWHP: 1)(30,116,1)
[01:06:00]ATTACK: cammel attacked cammel  (NEWHP: 20)(159,244,1)
[01:06:02]ATTACK: cammel attacked cammel  (NEWHP: 19)(159,244,1)
[01:06:04]ATTACK: cammel attacked cammel  (NEWHP: 20)(158,245,1)
[01:06:04]ATTACK: cammel attacked cammel  (NEWHP: 18)(159,244,1)
[01:06:06]ATTACK: cammel attacked cammel  (NEWHP: 18)(158,245,1)
[01:06:06]ATTACK: cammel attacked cammel  (NEWHP: 17)(159,244,1)
[01:06:08]ATTACK: cammel attacked cammel  (NEWHP: 17)(158,245,1)
[01:06:08]ATTACK: cammel attacked cammel  (NEWHP: 15)(159,244,1)
[01:06:11]ATTACK: cammel attacked cammel  (NEWHP: 16)(158,245,1)
[01:06:11]ATTACK: cammel attacked cammel  (NEWHP: 14)(159,244,1)
[01:06:13]ATTACK: cammel attacked cammel  (NEWHP: 15)(158,245,1)
[01:06:13]ATTACK: cammel attacked cammel  (NEWHP: 13)(159,244,1)
[01:06:15]ATTACK: cammel attacked cammel  (NEWHP: 14)(158,245,1)
[01:06:15]ATTACK: cammel attacked cammel  (NEWHP: 11)(159,244,1)
[01:06:17]ATTACK: cammel attacked cammel  (NEWHP: 13)(158,245,1)
[01:06:17]ATTACK: cammel attacked cammel  (NEWHP: 10)(159,244,1)
[01:06:19]ATTACK: cammel attacked cammel  (NEWHP: 11)(158,245,1)
[01:06:19]ATTACK: cammel attacked cammel  (NEWHP: 8)(159,244,1)
[01:06:21]ATTACK: cammel attacked cammel  (NEWHP: 9)(158,245,1)
[01:06:21]ATTACK: cammel attacked cammel  (NEWHP: 7)(159,244,1)
[01:06:23]ATTACK: cammel attacked cammel  (NEWHP: 7)(158,245,1)
[01:06:23]ATTACK: cammel attacked cammel  (NEWHP: 5)(159,244,1)
[01:06:27]ATTACK: cammel attacked cammel  (NEWHP: 6)(159,244,1)
[01:06:27]ATTACK: cammel attacked cammel  (NEWHP: 4)(159,243,1)
[01:06:29]ATTACK: cammel attacked cammel  (NEWHP: 5)(159,244,1)
[01:06:29]ATTACK: cammel attacked cammel  (NEWHP: 3)(159,243,1)
[01:06:31]ATTACK: cammel attacked cammel  (NEWHP: 2)(159,243,1)
[01:06:38]ATTACK: cammel attacked cammel  (NEWHP: 20)(160,246,1)
[01:06:39]ATTACK: cammel attacked cammel  (NEWHP: 18)(161,246,1)
[01:06:39]ATTACK: cammel attacked cammel  (NEWHP: 4)(160,245,1)
[01:06:41]ATTACK: cammel attacked cammel  (NEWHP: 16)(161,246,1)
[01:06:41]ATTACK: cammel attacked cammel  (NEWHP: 2)(160,245,1)
[01:06:43]ATTACK: cammel attacked cammel  (NEWHP: 15)(161,246,1)
[01:06:43]ATTACK: cammel attacked cammel  (NEWHP: 1)(160,245,1)
[01:08:33]ATTACK: Talon Dennis(andrewwil) shot yaogai with the bullet (NEWHP: 260)(29,153,1)
[01:08:33]ATTACK: Talon Dennis(andrewwil) shot yaogai with the bullet (NEWHP: 220)(29,153,1)
[01:08:34]ATTACK: Talon Dennis(andrewwil) shot yaogai with the bullet (NEWHP: 180)(29,152,1)
[01:08:35]ATTACK: Talon Dennis(andrewwil) shot yaogai with the bullet (NEWHP: 140)(29,148,1)
[01:08:35]ATTACK: Talon Dennis(andrewwil) shot yaogai with the bullet (NEWHP: 100)(29,147,1)
[01:08:35]ATTACK: Talon Dennis(andrewwil) shot yaogai with the bullet (NEWHP: 60)(29,146,1)
[01:08:36]ATTACK: Talon Dennis(andrewwil) shot yaogai with the bullet (NEWHP: 20)(29,144,1)
[01:08:36]ATTACK: Talon Dennis(andrewwil) shot yaogai with the bullet (NEWHP: 0)(29,143,1)
[01:09:34]ATTACK: Talon Dennis(andrewwil) shot Molerat with the bullet (NEWHP: 60)(106,127,1)
[01:09:35]ATTACK: Talon Dennis(andrewwil) shot Molerat with the bullet (NEWHP: 20)(106,127,1)
[01:09:37]ATTACK: Talon Dennis(andrewwil) shot Molerat with the bullet (NEWHP: 0)(106,127,1)
[01:09:40]ATTACK: Talon Dennis(andrewwil) shot Molerat with the bullet (NEWHP: 60)(105,127,1)
[01:09:43]ATTACK: Talon Dennis(andrewwil) shot Molerat with the bullet (NEWHP: 20)(105,127,1)
[01:09:44]ATTACK: Talon Dennis(andrewwil) shot Molerat with the bullet (NEWHP: 60)(106,127,1)
[01:09:45]ATTACK: Talon Dennis(andrewwil) shot Molerat with the bullet (NEWHP: 20)(106,127,1)
[01:09:46]ATTACK: Talon Dennis(andrewwil) shot Molerat with the bullet (NEWHP: 0)(106,127,1)
[01:09:49]ATTACK: Talon Dennis(andrewwil) shot Molerat with the bullet (NEWHP: 0)(105,127,1)
[01:09:50]ATTACK: Talon Dennis(andrewwil) shot Molerat with the bullet (NEWHP: 60)(105,128,1)
[01:09:51]ATTACK: Talon Dennis(andrewwil) shot Molerat with the bullet (NEWHP: 20)(105,128,1)
[01:09:52]ATTACK: Talon Dennis(andrewwil) shot Molerat with the bullet (NEWHP: 0)(105,128,1)
[01:09:54]ATTACK: Talon Dennis(andrewwil) shot Molerat with the bullet (NEWHP: 60)(105,127,1)
[01:09:55]ATTACK: Talon Dennis(andrewwil) shot Molerat with the bullet (NEWHP: 20)(105,127,1)
[01:09:55]ATTACK: Talon Dennis(andrewwil) shot Molerat with the bullet (NEWHP: 0)(105,127,1)
[01:09:56]ATTACK: Talon Dennis(andrewwil) shot Molerat with the bullet (NEWHP: 0)(105,127,1)
[01:09:58]ATTACK: Talon Dennis(andrewwil) shot Molerat with the bullet (NEWHP: 60)(107,127,1)
[01:09:58]ATTACK: Talon Dennis(andrewwil) shot Molerat with the bullet (NEWHP: 20)(107,127,1)
[01:09:59]ATTACK: Talon Dennis(andrewwil) shot Molerat with the bullet (NEWHP: 0)(107,127,1)
[01:16:04]ATTACK: Talon Dennis(andrewwil) shot Space Bat with the bullet (NEWHP: 0)(163,156,1)
[01:16:31]ATTACK: Talon Dennis(andrewwil) shot Cazador with the bullet (NEWHP: 10)(166,195,1)
[01:16:34]ATTACK: Cazador attacked Talon Dennis(andrewwil)  (NEWHP: 100)(172,203,1)
[01:16:37]ATTACK: Talon Dennis(andrewwil) shot Cazador with the bullet (NEWHP: 0)(184,203,1)
[01:16:57]ATTACK: Talon Dennis(andrewwil) shot Syndicate Commando with the bullet (NEWHP: 260)(171,176,1)
[01:16:57]ATTACK: Talon Dennis(andrewwil) shot Syndicate Commando with the bullet (NEWHP: 220)(171,176,1)
[01:16:57]ATTACK: Talon Dennis(andrewwil) shot Syndicate Commando with the bullet (NEWHP: 180)(171,176,1)
[01:17:03]ATTACK: Syndicate Commando shot Talon Dennis(andrewwil) with the bullet (NEWHP: 87.25)(174,177,1)
[01:17:03]ATTACK: Talon Dennis(andrewwil) shot Syndicate Commando with the bullet (NEWHP: 140)(171,176,1)
[01:17:03]ATTACK: Syndicate Commando shot Talon Dennis(andrewwil) with the bullet (NEWHP: 87.25)(174,177,1)
[01:17:03]ATTACK: Talon Dennis(andrewwil) shot Syndicate Commando with the bullet (NEWHP: 100)(171,176,1)
[01:17:04]ATTACK: Talon Dennis(andrewwil) shot Syndicate Commando with the bullet (NEWHP: 60)(171,176,1)
[01:17:10]ATTACK: Talon Dennis(andrewwil) fed Talon Dennis(andrewwil) with styptic_powder(50 units);  (NEWHP: 59.25)(175,178,1)
[01:17:15]ATTACK: Talon Dennis(andrewwil) shot Syndicate Commando with the bullet (NEWHP: 20)(171,176,1)
[01:17:15]ATTACK: Syndicate Commando shot Talon Dennis(andrewwil) with the bullet (NEWHP: 100)(175,177,1)
[01:17:16]ATTACK: Talon Dennis(andrewwil) shot Anaya Raub with the bullet (NEWHP: 100)(171,176,1)
[01:17:25]ATTACK: Talon Dennis(andrewwil) fed Talon Dennis(andrewwil) with styptic_powder(50 units);  (NEWHP: 85.25)(175,178,1)
[01:17:38]ATTACK: Syndicate Commando shot Talon Dennis(andrewwil) with the bullet (NEWHP: 100)(173,177,1)
[01:17:38]ATTACK: Syndicate Commando shot Talon Dennis(andrewwil) with the bullet (NEWHP: 100)(172,177,1)
[01:17:39]ATTACK: Syndicate Commando shot Talon Dennis(andrewwil) with the bullet (NEWHP: 100)(172,176,1)
[01:17:39]ATTACK: Talon Dennis(andrewwil) shot Syndicate Commando with the bullet (NEWHP: 260)(171,178,1)
[01:17:39]ATTACK: Talon Dennis(andrewwil) shot Syndicate Commando with the bullet (NEWHP: 220)(171,178,1)
[01:17:39]ATTACK: Talon Dennis(andrewwil) shot Syndicate Commando with the bullet (NEWHP: 180)(171,178,1)
[01:17:40]ATTACK: Talon Dennis(andrewwil) shot Syndicate Commando with the bullet (NEWHP: 140)(171,178,1)
[01:17:40]ATTACK: Talon Dennis(andrewwil) shot Syndicate Commando with the bullet (NEWHP: 100)(171,178,1)
[01:17:40]ATTACK: Talon Dennis(andrewwil) shot Syndicate Commando with the bullet (NEWHP: 60)(171,178,1)
[01:17:41]ATTACK: Talon Dennis(andrewwil) shot Syndicate Commando with the bullet (NEWHP: 20)(171,178,1)
[01:17:41]ATTACK: Talon Dennis(andrewwil) shot Trent Levett with the bullet (NEWHP: 100)(171,178,1)
[01:17:49]ATTACK: Talon Dennis(andrewwil) fed Talon Dennis(andrewwil) with styptic_powder(50 units);  (NEWHP: 94.25)(172,176,1)
[01:18:12]ATTACK: Talon Dennis(andrewwil) stripped Syndicate Commando of the advanced power armor Mk I (NEWHP: 94)(171,176,1)
[01:18:25]ATTACK: Talon Dennis(andrewwil) hit Syndicate Commando with the combat_helmet (NEWHP: 94)(171,176,1)
[01:18:47]ATTACK: Talon Dennis(andrewwil) shot Syndicate Commando with the bullet (NEWHP: 265)(166,175,1)
[01:18:47]ATTACK: Talon Dennis(andrewwil) shot Syndicate Commando with the bullet (NEWHP: 230)(166,175,1)
[01:18:48]ATTACK: Talon Dennis(andrewwil) shot Syndicate Commando with the bullet (NEWHP: 195)(166,175,1)
[01:18:55]ATTACK: Syndicate Commando shot Talon Dennis(andrewwil) with the bullet (NEWHP: 100)(170,177,1)
[01:18:55]ATTACK: Syndicate Commando shot Talon Dennis(andrewwil) with the bullet (NEWHP: 100)(169,177,1)
[01:18:56]ATTACK: Syndicate Commando shot Syndicate Commando with the bullet (NEWHP: 265)(161,180,1)
[01:18:57]ATTACK: Syndicate Commando shot Syndicate Commando with the bullet (NEWHP: 230)(161,180,1)
[01:18:57]ATTACK: Syndicate Commando shot Talon Dennis(andrewwil) with the bullet (NEWHP: 100)(168,176,1)
[01:18:57]ATTACK: Talon Dennis(andrewwil) shot Syndicate Commando with the bullet (NEWHP: 160)(164,173,1)
[01:18:57]ATTACK: Syndicate Commando shot Syndicate Commando with the bullet (NEWHP: 195)(161,180,1)
[01:18:57]ATTACK: Talon Dennis(andrewwil) shot Syndicate Commando with the bullet (NEWHP: 125)(164,173,1)
[01:18:57]ATTACK: Talon Dennis(andrewwil) shot Syndicate Commando with the bullet (NEWHP: 90)(164,173,1)
[01:18:57]ATTACK: Syndicate Commando shot Talon Dennis(andrewwil) with the bullet (NEWHP: 100)(168,176,1)
[01:18:57]ATTACK: Syndicate Commando shot Talon Dennis(andrewwil) with the bullet (NEWHP: 100)(168,176,1)
[01:18:58]ATTACK: Talon Dennis(andrewwil) shot Syndicate Commando with the bullet (NEWHP: 55)(164,173,1)
[01:18:58]ATTACK: Talon Dennis(andrewwil) shot Syndicate Commando with the bullet (NEWHP: 20)(164,173,1)
[01:19:00]ATTACK: Talon Dennis(andrewwil) shot Syndicate Commando with the bullet (NEWHP: 160)(161,180,1)
[01:19:00]ATTACK: Talon Dennis(andrewwil) shot Syndicate Commando with the bullet (NEWHP: 125)(161,180,1)
[01:19:01]ATTACK: Talon Dennis(andrewwil) shot Syndicate Commando with the bullet (NEWHP: 90)(161,180,1)
[01:19:01]ATTACK: Talon Dennis(andrewwil) shot Syndicate Commando with the bullet (NEWHP: 55)(161,180,1)
[01:19:01]ATTACK: Talon Dennis(andrewwil) shot Syndicate Commando with the bullet (NEWHP: 20)(161,180,1)
[01:19:03]ATTACK: Syndicate Commando shot Talon Dennis(andrewwil) with the bullet (NEWHP: 100)(164,177,1)
[01:19:03]ATTACK: Syndicate Commando shot Talon Dennis(andrewwil) with the bullet (NEWHP: 100)(164,177,1)
[01:19:03]ATTACK: Syndicate Commando shot Talon Dennis(andrewwil) with the bullet (NEWHP: 100)(164,177,1)
[01:19:09]ATTACK: Syndicate Commando shot Talon Dennis(andrewwil) with the bullet (NEWHP: 100)(163,178,1)
[01:19:09]ATTACK: Syndicate Commando shot Talon Dennis(andrewwil) with the bullet (NEWHP: 100)(163,178,1)
[01:19:09]ATTACK: Syndicate Commando shot Talon Dennis(andrewwil) with the bullet (NEWHP: 100)(163,178,1)
[01:19:15]ATTACK: Syndicate Commando shot Talon Dennis(andrewwil) with the bullet (NEWHP: 100)(163,181,1)
[01:19:15]ATTACK: Syndicate Commando shot Talon Dennis(andrewwil) with the bullet (NEWHP: 100)(163,181,1)
[01:19:16]ATTACK: Talon Dennis(andrewwil) shot Syndicate Commando with the bullet (NEWHP: 265)(161,181,1)
[01:19:16]ATTACK: Talon Dennis(andrewwil) shot Syndicate Commando with the bullet (NEWHP: 230)(161,181,1)
[01:19:16]ATTACK: Talon Dennis(andrewwil) shot Syndicate Commando with the bullet (NEWHP: 195)(161,181,1)
[01:19:17]ATTACK: Talon Dennis(andrewwil) shot Syndicate Commando with the bullet (NEWHP: 160)(161,181,1)
[01:19:17]ATTACK: Talon Dennis(andrewwil) shot Syndicate Commando with the bullet (NEWHP: 125)(161,181,1)
[01:19:17]ATTACK: Talon Dennis(andrewwil) shot Syndicate Commando with the bullet (NEWHP: 90)(161,181,1)
[01:19:19]ATTACK: Talon Dennis(andrewwil) shot Syndicate Commando with the bullet (NEWHP: 55)(161,181,1)
[01:19:19]ATTACK: Talon Dennis(andrewwil) shot Syndicate Commando with the bullet (NEWHP: 20)(161,181,1)
[01:19:34]ATTACK: Talon Dennis(andrewwil) shaked Syndicate Commando  (NEWHP: 100)(161,180,1)
[01:24:31]ATTACK: Talon Dennis(andrewwil) shot Syndicate Commando with the bullet (NEWHP: 265)(201,216,1)
[01:24:32]ATTACK: Talon Dennis(andrewwil) shot Syndicate Commando with the bullet (NEWHP: 230)(201,216,1)
[01:24:32]ATTACK: Talon Dennis(andrewwil) shot Syndicate Commando with the bullet (NEWHP: 195)(201,216,1)
[01:24:32]ATTACK: Talon Dennis(andrewwil) shot Syndicate Commando with the bullet (NEWHP: 160)(201,216,1)
[01:24:32]ATTACK: Talon Dennis(andrewwil) shot Syndicate Commando with the bullet (NEWHP: 125)(201,216,1)
[01:24:32]ATTACK: Talon Dennis(andrewwil) shot Syndicate Commando with the bullet (NEWHP: 90)(201,216,1)
[01:24:33]ATTACK: Talon Dennis(andrewwil) shot Syndicate Commando with the bullet (NEWHP: 55)(201,216,1)
[01:24:33]ATTACK: Talon Dennis(andrewwil) shot Syndicate Commando with the bullet (NEWHP: 20)(201,216,1)
[01:24:35]ATTACK: Syndicate Commando shot Talon Dennis(andrewwil) with the bullet (NEWHP: 100)(210,213,1)
[01:24:35]ATTACK: Syndicate Commando shot Talon Dennis(andrewwil) with the bullet (NEWHP: 100)(210,213,1)
[01:24:36]ATTACK: Syndicate Commando shot Talon Dennis(andrewwil) with the bullet (NEWHP: 100)(210,213,1)
[01:24:36]ATTACK: Talon Dennis(andrewwil) shot Syndicate Commando with the bullet (NEWHP: 265)(215,216,1)
[01:24:36]ATTACK: Talon Dennis(andrewwil) shot Syndicate Commando with the bullet (NEWHP: 230)(215,216,1)
[01:24:36]ATTACK: Talon Dennis(andrewwil) shot Syndicate Commando with the bullet (NEWHP: 195)(215,216,1)
[01:24:37]ATTACK: Talon Dennis(andrewwil) shot Syndicate Commando with the bullet (NEWHP: 160)(215,216,1)
[01:24:37]ATTACK: Talon Dennis(andrewwil) shot Syndicate Commando with the bullet (NEWHP: 125)(215,216,1)
[01:24:37]ATTACK: Talon Dennis(andrewwil) shot Syndicate Commando with the bullet (NEWHP: 90)(215,216,1)
[01:24:37]ATTACK: Talon Dennis(andrewwil) shot Syndicate Commando with the bullet (NEWHP: 55)(215,216,1)
[01:24:37]ATTACK: Talon Dennis(andrewwil) shot Syndicate Commando with the bullet (NEWHP: 20)(215,216,1)
[01:24:38]ATTACK: Talon Dennis(andrewwil) shot Alessandra Blessig with the bullet (NEWHP: 100)(215,216,1)
[01:24:38]ATTACK: Talon Dennis(andrewwil) shot Alessandra Blessig with the bullet (NEWHP: 100)(215,216,1)
[01:24:38]ATTACK: Talon Dennis(andrewwil) shot Alessandra Blessig with the bullet (NEWHP: 100)(215,216,1)
[01:24:50]ATTACK: Syndicate Commando shot Talon Dennis(andrewwil) with the bullet (NEWHP: 100)(224,212,1)
[01:24:50]ATTACK: Syndicate Commando shot Talon Dennis(andrewwil) with the bullet (NEWHP: 100)(224,212,1)
[01:24:50]ATTACK: Syndicate Commando shot Talon Dennis(andrewwil) with the bullet (NEWHP: 100)(225,212,1)
[01:24:56]ATTACK: Syndicate Commando shot Talon Dennis(andrewwil) with the bullet (NEWHP: 100)(228,212,1)
[01:24:56]ATTACK: Syndicate Commando shot Talon Dennis(andrewwil) with the bullet (NEWHP: 100)(228,212,1)
[01:24:56]ATTACK: Syndicate Commando shot Talon Dennis(andrewwil) with the bullet (NEWHP: 100)(228,212,1)
[01:25:02]ATTACK: Syndicate Commando shot Talon Dennis(andrewwil) with the bullet (NEWHP: 100)(228,212,1)
[01:25:02]ATTACK: Syndicate Commando shot Talon Dennis(andrewwil) with the bullet (NEWHP: 100)(228,212,1)
[01:25:02]ATTACK: Syndicate Commando shot Talon Dennis(andrewwil) with the bullet (NEWHP: 100)(228,212,1)
[01:25:08]ATTACK: Syndicate Commando shot Talon Dennis(andrewwil) with the bullet (NEWHP: 100)(228,212,1)
[01:25:08]ATTACK: Syndicate Commando shot Talon Dennis(andrewwil) with the bullet (NEWHP: 100)(228,212,1)
[01:25:08]ATTACK: Syndicate Commando shot Talon Dennis(andrewwil) with the bullet (NEWHP: 100)(228,212,1)
[01:25:14]ATTACK: Syndicate Commando shot Talon Dennis(andrewwil) with the bullet (NEWHP: 100)(228,212,1)
[01:25:14]ATTACK: Syndicate Commando shot Talon Dennis(andrewwil) with the bullet (NEWHP: 100)(228,212,1)
[01:25:15]ATTACK: Syndicate Commando shot Talon Dennis(andrewwil) with the bullet (NEWHP: 100)(228,212,1)
[01:25:20]ATTACK: Syndicate Commando shot Talon Dennis(andrewwil) with the bullet (NEWHP: 100)(228,212,1)
[01:25:21]ATTACK: Syndicate Commando shot Talon Dennis(andrewwil) with the bullet (NEWHP: 100)(228,212,1)
[01:25:21]ATTACK: Syndicate Commando shot Talon Dennis(andrewwil) with the bullet (NEWHP: 100)(228,212,1)
[01:25:26]ATTACK: Syndicate Commando shot Talon Dennis(andrewwil) with the bullet (NEWHP: 100)(228,212,1)
[01:25:27]ATTACK: Syndicate Commando shot Talon Dennis(andrewwil) with the bullet (NEWHP: 100)(228,212,1)
[01:25:27]ATTACK: Syndicate Commando shot Talon Dennis(andrewwil) with the bullet (NEWHP: 100)(228,212,1)
[01:25:33]ATTACK: Syndicate Commando shot Talon Dennis(andrewwil) with the bullet (NEWHP: 100)(228,212,1)
[01:25:33]ATTACK: Syndicate Commando shot Talon Dennis(andrewwil) with the bullet (NEWHP: 100)(228,212,1)
[01:25:33]ATTACK: Syndicate Commando shot Talon Dennis(andrewwil) with the bullet (NEWHP: 100)(228,212,1)
[01:25:39]ATTACK: Syndicate Commando shot Talon Dennis(andrewwil) with the bullet (NEWHP: 95.5)(228,212,1)
[01:25:39]ATTACK: Syndicate Commando shot Talon Dennis(andrewwil) with the bullet (NEWHP: 95.5)(228,212,1)
[01:25:39]ATTACK: Syndicate Commando shot Talon Dennis(andrewwil) with the bullet (NEWHP: 95.5)(228,212,1)
[01:25:40]ATTACK: Talon Dennis(andrewwil) shot Syndicate Commando with the bullet (NEWHP: 265)(232,212,1)
[01:25:40]ATTACK: Talon Dennis(andrewwil) shot Syndicate Commando with the bullet (NEWHP: 230)(232,212,1)
[01:25:40]ATTACK: Talon Dennis(andrewwil) shot Syndicate Commando with the bullet (NEWHP: 195)(232,212,1)
[01:25:42]ATTACK: Talon Dennis(andrewwil) shot Syndicate Commando with the bullet (NEWHP: 160)(232,212,1)
[01:25:42]ATTACK: Talon Dennis(andrewwil) shot Syndicate Commando with the bullet (NEWHP: 125)(232,212,1)
[01:25:42]ATTACK: Talon Dennis(andrewwil) shot Syndicate Commando with the bullet (NEWHP: 90)(232,212,1)
[01:25:43]ATTACK: Talon Dennis(andrewwil) shot Syndicate Commando with the bullet (NEWHP: 55)(232,212,1)
[01:25:44]ATTACK: Talon Dennis(andrewwil) shot Syndicate Commando with the bullet (NEWHP: 20)(232,212,1)
[01:26:06]ATTACK: Syndicate Commando shot Talon Dennis(andrewwil) with the bullet (NEWHP: 100)(191,212,1)
[01:26:07]ATTACK: Syndicate Commando shot Talon Dennis(andrewwil) with the bullet (NEWHP: 100)(187,212,1)
[01:26:12]ATTACK: Syndicate Commando shot Talon Dennis(andrewwil) with the bullet (NEWHP: 100)(184,215,1)
[01:26:12]ATTACK: Syndicate Commando shot Talon Dennis(andrewwil) with the bullet (NEWHP: 100)(184,215,1)
[01:26:12]ATTACK: Syndicate Commando shot Talon Dennis(andrewwil) with the bullet (NEWHP: 100)(184,215,1)
[01:26:13]ATTACK: Talon Dennis(andrewwil) shot Syndicate Commando with the bullet (NEWHP: 265)(183,217,1)
[01:26:13]ATTACK: Talon Dennis(andrewwil) shot Syndicate Commando with the bullet (NEWHP: 230)(183,217,1)
[01:26:13]ATTACK: Talon Dennis(andrewwil) shot Syndicate Commando with the bullet (NEWHP: 195)(183,217,1)
[01:26:18]ATTACK: Syndicate Commando shot Talon Dennis(andrewwil) with the bullet (NEWHP: 100)(184,215,1)
[01:26:18]ATTACK: Talon Dennis(andrewwil) shot Syndicate Commando with the bullet (NEWHP: 160)(183,217,1)
[01:26:18]ATTACK: Talon Dennis(andrewwil) shot Syndicate Commando with the bullet (NEWHP: 125)(183,217,1)
[01:26:18]ATTACK: Talon Dennis(andrewwil) shot Syndicate Commando with the bullet (NEWHP: 90)(183,217,1)
[01:26:18]ATTACK: Syndicate Commando shot Talon Dennis(andrewwil) with the bullet (NEWHP: 100)(184,215,1)
[01:26:19]ATTACK: Syndicate Commando shot Talon Dennis(andrewwil) with the bullet (NEWHP: 100)(184,215,1)
[01:26:24]ATTACK: Syndicate Commando shot Talon Dennis(andrewwil) with the bullet (NEWHP: 100)(183,214,1)
[01:26:25]ATTACK: Syndicate Commando shot Talon Dennis(andrewwil) with the bullet (NEWHP: 100)(183,214,1)
[01:26:25]ATTACK: Syndicate Commando shot Talon Dennis(andrewwil) with the bullet (NEWHP: 100)(183,214,1)
[01:26:28]ATTACK: Talon Dennis(andrewwil) shot Syndicate Commando with the bullet (NEWHP: 55)(183,217,1)
[01:26:28]ATTACK: Talon Dennis(andrewwil) shot Syndicate Commando with the bullet (NEWHP: 20)(183,217,1)
[01:26:57]ATTACK: Raider shot Talon Dennis(andrewwil) with the bullet (NEWHP: 100)(154,213,1)
[01:27:03]ATTACK: Raider shot Talon Dennis(andrewwil) with the bullet (NEWHP: 99)(154,216,1)
[01:27:09]ATTACK: Talon Dennis(andrewwil) shot Raider with the bullet (NEWHP: 40)(149,216,1)
[01:27:09]ATTACK: NON-EXISTANT SUBJECT shot Talon Dennis(andrewwil) with the bullet (NEWHP: 98)(154,216,1)
[01:27:19]ATTACK: Cazador attacked Talon Dennis(andrewwil)  (NEWHP: 99)(153,200,1)
[01:27:21]ATTACK: Cazador attacked Talon Dennis(andrewwil)  (NEWHP: 100)(153,200,1)
[01:27:24]ATTACK: Cazador attacked Talon Dennis(andrewwil)  (NEWHP: 100)(153,200,1)
[01:27:26]ATTACK: Cazador attacked Talon Dennis(andrewwil)  (NEWHP: 100)(153,200,1)
[01:27:28]ATTACK: Cazador attacked Talon Dennis(andrewwil)  (NEWHP: 100)(153,200,1)
[01:27:30]ATTACK: Cazador attacked Talon Dennis(andrewwil)  (NEWHP: 100)(153,200,1)
[01:27:32]ATTACK: Cazador attacked Talon Dennis(andrewwil)  (NEWHP: 100)(153,200,1)
[01:27:33]ATTACK: Talon Dennis(andrewwil) shot Cazador with the bullet (NEWHP: 0)(152,200,1)
[01:27:40]ATTACK: Talon Dennis(andrewwil) fed Talon Dennis(andrewwil) with styptic_powder(50 units);  (NEWHP: 100)(150,200,1)
[01:30:41]ATTACK: Molerat attacked Mutant  (NEWHP: 250)(208,208,5)
[01:30:41]ATTACK: Mutant attacked Molerat  (NEWHP: 100)(208,209,5)
[01:30:43]ATTACK: Molerat attacked Mutant  (NEWHP: 250)(208,208,5)
[01:30:43]ATTACK: Mutant attacked Molerat  (NEWHP: 71)(208,209,5)
[01:30:45]ATTACK: Molerat attacked Mutant  (NEWHP: 250)(208,208,5)
[01:30:45]ATTACK: Mutant attacked Molerat  (NEWHP: 39)(208,209,5)
[01:30:47]ATTACK: Molerat attacked Mutant  (NEWHP: 250)(208,208,5)
[01:30:47]ATTACK: Mutant attacked Molerat  (NEWHP: 9)(208,209,5)
[01:34:01]ATTACK: Talon Dennis(andrewwil) shot Cazador with the bullet (NEWHP: 15)(132,245,1)
[01:34:02]ATTACK: Talon Dennis(andrewwil) shot Cazador with the bullet (NEWHP: 0)(136,245,1)
[01:34:21]ATTACK: Talon Dennis(andrewwil) shot Cazador with the bullet (NEWHP: 15)(47,232,1)
[01:34:22]ATTACK: Talon Dennis(andrewwil) shot Cazador with the bullet (NEWHP: 0)(45,232,1)
[01:34:29]ATTACK: Talon Dennis(andrewwil) shot Cazador with the bullet (NEWHP: 15)(62,216,1)
[01:34:29]ATTACK: Talon Dennis(andrewwil) shot Cazador with the bullet (NEWHP: 0)(61,217,1)
[01:34:51]ATTACK: Talon Dennis(andrewwil) shot yaogai with the bullet (NEWHP: 265)(37,213,1)
[01:34:51]ATTACK: yaogai attacked Talon Dennis(andrewwil)  (NEWHP: 100)(35,214,1)
[01:34:52]ATTACK: Talon Dennis(andrewwil) shot yaogai with the bullet (NEWHP: 230)(33,214,1)
[01:34:53]ATTACK: Talon Dennis(andrewwil) shot yaogai with the bullet (NEWHP: 195)(30,214,1)
[01:34:53]ATTACK: Talon Dennis(andrewwil) shot yaogai with the bullet (NEWHP: 160)(27,214,1)
[01:34:54]ATTACK: Talon Dennis(andrewwil) shot yaogai with the bullet (NEWHP: 125)(25,214,1)
[01:34:59]ATTACK: yaogai attacked Talon Dennis(andrewwil)  (NEWHP: 100)(3,215,1)
[01:35:06]ATTACK: Talon Dennis(andrewwil) shot yaogai with the bullet (NEWHP: 60)(26,216,1)
[01:35:06]ATTACK: Talon Dennis(andrewwil) shot yaogai with the bullet (NEWHP: 25)(26,216,1)
[01:35:06]ATTACK: Talon Dennis(andrewwil) shot yaogai with the bullet (NEWHP: 0)(26,216,1)
[01:36:09]ATTACK: Molerat attacked Talon Dennis(andrewwil)  (NEWHP: 100)(30,204,1)
[01:36:13]ATTACK: Molerat attacked Talon Dennis(andrewwil)  (NEWHP: 100)(24,207,1)
[01:36:13]ATTACK: Molerat attacked Talon Dennis(andrewwil)  (NEWHP: 100)(24,207,1)
[01:36:15]ATTACK: Molerat attacked Talon Dennis(andrewwil)  (NEWHP: 100)(24,207,1)
[01:36:15]ATTACK: Molerat attacked Talon Dennis(andrewwil)  (NEWHP: 100)(24,207,1)
[01:36:17]ATTACK: Talon Dennis(andrewwil) shot Molerat with the bullet (NEWHP: 65)(25,207,1)
[01:36:17]ATTACK: Molerat attacked Talon Dennis(andrewwil)  (NEWHP: 100)(24,207,1)
[01:36:17]ATTACK: Molerat attacked Talon Dennis(andrewwil)  (NEWHP: 100)(24,207,1)
[01:36:19]ATTACK: Talon Dennis(andrewwil) shot Molerat with the bullet (NEWHP: 30)(25,207,1)
[01:36:19]ATTACK: Molerat attacked Talon Dennis(andrewwil)  (NEWHP: 100)(24,207,1)
[01:36:19]ATTACK: Molerat attacked Talon Dennis(andrewwil)  (NEWHP: 100)(24,207,1)
[01:36:20]ATTACK: Talon Dennis(andrewwil) shot Molerat with the bullet (NEWHP: 0)(25,207,1)
[01:36:21]ATTACK: Molerat attacked Talon Dennis(andrewwil)  (NEWHP: 100)(24,207,1)
[01:36:22]ATTACK: Talon Dennis(andrewwil) shot Molerat with the bullet (NEWHP: 65)(25,208,1)
[01:36:23]ATTACK: Molerat attacked Talon Dennis(andrewwil)  (NEWHP: 100)(24,207,1)
[01:36:23]ATTACK: Talon Dennis(andrewwil) shot Molerat with the bullet (NEWHP: 30)(25,208,1)
[01:36:24]ATTACK: Talon Dennis(andrewwil) shot Molerat with the bullet (NEWHP: 0)(25,208,1)
[01:36:39]ATTACK: Talon Dennis(andrewwil) shot giant rad scorpion (916) with the bullet (NEWHP: 165)(45,196,1)
[01:36:39]ATTACK: Talon Dennis(andrewwil) shot giant rad scorpion (916) with the bullet (NEWHP: 130)(45,196,1)
[01:36:40]ATTACK: Talon Dennis(andrewwil) shot giant rad scorpion (916) with the bullet (NEWHP: 95)(45,197,1)
[01:36:40]ATTACK: giant rad scorpion (916) attacked Talon Dennis(andrewwil)  (NEWHP: 100)(45,198,1)
[01:36:40]ATTACK: Talon Dennis(andrewwil) shot giant rad scorpion (916) with the bullet (NEWHP: 60)(45,197,1)
[01:36:40]ATTACK: Talon Dennis(andrewwil) shot giant rad scorpion (916) with the bullet (NEWHP: 25)(45,197,1)
[01:36:41]ATTACK: Talon Dennis(andrewwil) shot giant rad scorpion (916) with the bullet (NEWHP: 0)(45,197,1)
[01:36:41]ATTACK: Talon Dennis(andrewwil) shot giant spider (575) with the bullet (NEWHP: 5)(45,197,1)
[01:36:42]ATTACK: giant spider (575) attacked Talon Dennis(andrewwil)  (NEWHP: 98.5)(45,198,1)
[01:36:42]ATTACK: Talon Dennis(andrewwil) shot giant spider (575) with the bullet (NEWHP: 0)(45,197,1)
[01:36:48]ATTACK: Talon Dennis(andrewwil) shot giant rad scorpion (177) with the bullet (NEWHP: 165)(43,193,1)
[01:36:48]ATTACK: giant rad scorpion (177) attacked Talon Dennis(andrewwil)  (NEWHP: 94)(43,194,1)
[01:36:48]ATTACK: Talon Dennis(andrewwil) shot giant rad scorpion (177) with the bullet (NEWHP: 130)(43,193,1)
[01:36:48]ATTACK: Talon Dennis(andrewwil) shot giant rad scorpion (177) with the bullet (NEWHP: 95)(43,193,1)
[01:36:49]ATTACK: Talon Dennis(andrewwil) shot giant rad scorpion (177) with the bullet (NEWHP: 60)(43,193,1)
[01:36:50]ATTACK: Talon Dennis(andrewwil) shot giant rad scorpion (177) with the bullet (NEWHP: 25)(43,193,1)
[01:36:50]ATTACK: giant rad scorpion (177) attacked Talon Dennis(andrewwil)  (NEWHP: 92.5)(43,194,1)
[01:36:50]ATTACK: Talon Dennis(andrewwil) shot giant rad scorpion (177) with the bullet (NEWHP: 0)(43,193,1)
[01:37:00]ATTACK: Molerat attacked Mutant  (NEWHP: 250)(72,13,5)
[01:37:00]ATTACK: Mutant attacked Molerat  (NEWHP: 100)(73,14,5)
[01:37:02]ATTACK: Molerat attacked Mutant  (NEWHP: 250)(72,13,5)
[01:37:02]ATTACK: Mutant attacked Molerat  (NEWHP: 69)(73,14,5)
[01:37:04]ATTACK: Molerat attacked Mutant  (NEWHP: 250)(72,13,5)
[01:37:04]ATTACK: Mutant attacked Molerat  (NEWHP: 38)(73,14,5)
[01:37:06]ATTACK: Molerat attacked Mutant  (NEWHP: 250)(72,13,5)
[01:37:06]ATTACK: Mutant attacked Molerat  (NEWHP: 12)(73,14,5)
[01:40:31]ATTACK: Talon Dennis(andrewwil) shot giant rad scorpion (565) with the bullet (NEWHP: 160)(23,189,1)
[01:40:42]ATTACK: Talon Dennis(andrewwil) shot rad scorpion (998) with the bullet (NEWHP: 0)(23,190,1)
[01:40:43]ATTACK: Talon Dennis(andrewwil) shot giant rad scorpion (565) with the bullet (NEWHP: 120)(23,189,1)
[01:40:44]ATTACK: Talon Dennis(andrewwil) shot giant rad scorpion (565) with the bullet (NEWHP: 80)(23,189,1)
[01:40:44]ATTACK: Talon Dennis(andrewwil) shot giant rad scorpion (565) with the bullet (NEWHP: 40)(23,189,1)
[01:40:45]ATTACK: Talon Dennis(andrewwil) shot giant rad scorpion (565) with the bullet (NEWHP: 0)(23,189,1)
[01:40:45]ATTACK: Talon Dennis(andrewwil) shot giant rad scorpion (565) with the bullet (NEWHP: 0)(23,189,1)
[01:43:50]ATTACK: Talon Dennis(andrewwil) fed Talon Dennis(andrewwil) with charcoal(50 units);  (NEWHP: 45.3)(96,146,1)
[01:44:02]ATTACK: Talon Dennis(andrewwil) fed Talon Dennis(andrewwil) with styptic_powder(50 units);  (NEWHP: 57.3)(96,146,1)
[01:46:52]ATTACK: ghoul attacked rad scorpion (998)  (NEWHP: 0)(23,190,1)
[01:46:56]ATTACK: ghoul attacked giant rad scorpion (565)  (NEWHP: 0)(23,189,1)
[01:47:09]ATTACK: ghoul attacked Talon Dennis(andrewwil)  (NEWHP: 100)(41,191,1)
[01:47:11]ATTACK: ghoul attacked Talon Dennis(andrewwil)  (NEWHP: 100)(41,191,1)
[01:47:13]ATTACK: ghoul attacked Talon Dennis(andrewwil)  (NEWHP: 100)(41,191,1)
[01:47:15]ATTACK: Talon Dennis(andrewwil) shot ghoul with the bullet (NEWHP: 65)(40,190,1)
[01:47:15]ATTACK: ghoul attacked Talon Dennis(andrewwil)  (NEWHP: 100)(41,191,1)
[01:47:16]ATTACK: Talon Dennis(andrewwil) shot ghoul with the bullet (NEWHP: 30)(40,190,1)
[01:47:17]ATTACK: Talon Dennis(andrewwil) shot ghoul with the bullet (NEWHP: 0)(40,190,1)
[01:47:19]ATTACK: Talon Dennis(andrewwil) shot ghoul with the bullet (NEWHP: 0)(40,190,1)
[01:47:19]ATTACK: Talon Dennis(andrewwil) shot ghoul with the bullet (NEWHP: 0)(40,190,1)
[01:47:20]ATTACK: Talon Dennis(andrewwil) shot ghoul with the bullet (NEWHP: 0)(40,190,1)
[01:49:12]ATTACK: ghoul attacked giant spider (575)  (NEWHP: 0)(45,197,1)
[01:49:15]ATTACK: ghoul attacked giant rad scorpion (916)  (NEWHP: 0)(45,197,1)
[01:49:21]ATTACK: Talon Dennis(andrewwil) shot Talon Dennis(andrewwil) with the bullet (NEWHP: 100)(18,188,1)
[01:49:21]ATTACK: ghoul attacked giant rad scorpion (177)  (NEWHP: 0)(43,193,1)
[01:49:40]ATTACK: ghoul attacked Talon Dennis(andrewwil)  (NEWHP: 25)(36,190,1)
[01:49:40]ATTACK: Talon Dennis(andrewwil) shot ghoul with the bullet (NEWHP: 75)(37,190,1)
[01:49:41]ATTACK: Talon Dennis(andrewwil) shot ghoul with the bullet (NEWHP: 50)(37,190,1)
[01:49:41]ATTACK: Talon Dennis(andrewwil) shot ghoul with the bullet (NEWHP: 25)(37,190,1)
[01:49:42]ATTACK: Talon Dennis(andrewwil) shot ghoul with the bullet (NEWHP: 0)(37,190,1)
[01:50:20]ATTACK: Talon Dennis(andrewwil) shot Talon Dennis(andrewwil) with the bullet (NEWHP: 5)(55,201,1)
[01:57:00]ATTACK: Griffin Whiteman(pahomlancer) punched wall with hulk powers(145,101,1)
[01:57:01]ATTACK: Griffin Whiteman(pahomlancer) punched wall with hulk powers(145,101,1)
[01:57:04]ATTACK: Griffin Whiteman(pahomlancer) punched wall with hulk powers(145,108,1)
[01:58:25]ATTACK: Griffin Whiteman(pahomlancer) punched reinforced wall with hulk powers(84,158,1)
[01:58:26]ATTACK: Griffin Whiteman(pahomlancer) punched reinforced wall with hulk powers(84,158,1)
[01:58:27]ATTACK: Griffin Whiteman(pahomlancer) punched reinforced wall with hulk powers(84,158,1)
[01:58:28]ATTACK: Griffin Whiteman(pahomlancer) punched reinforced wall with hulk powers(84,158,1)
[01:58:29]ATTACK: Griffin Whiteman(pahomlancer) punched reinforced wall with hulk powers(84,158,1)
[01:58:30]ATTACK: Griffin Whiteman(pahomlancer) punched reinforced wall with hulk powers(84,158,1)
[01:58:30]ATTACK: Griffin Whiteman(pahomlancer) punched reinforced wall with hulk powers(84,158,1)
[01:58:31]ATTACK: Griffin Whiteman(pahomlancer) punched reinforced wall with hulk powers(84,158,1)
[01:58:32]ATTACK: Griffin Whiteman(pahomlancer) punched reinforced wall with hulk powers(84,158,1)
[01:58:34]ATTACK: Griffin Whiteman(pahomlancer) punched reinforced wall with hulk powers(84,158,1)
[01:58:35]ATTACK: Griffin Whiteman(pahomlancer) punched reinforced wall with hulk powers(84,158,1)
[01:58:36]ATTACK: Griffin Whiteman(pahomlancer) punched reinforced wall with hulk powers(84,158,1)
[01:58:37]ATTACK: Griffin Whiteman(pahomlancer) punched reinforced wall with hulk powers(84,158,1)
[01:58:38]ATTACK: Griffin Whiteman(pahomlancer) punched reinforced wall with hulk powers(84,158,1)
[01:58:39]ATTACK: Griffin Whiteman(pahomlancer) punched reinforced wall with hulk powers(84,158,1)
[02:01:19]ATTACK: Griffin Whiteman(pahomlancer) punched bulletproof window with hulk powers(91,153,1)
[02:01:20]ATTACK: Griffin Whiteman(pahomlancer) punched bulletproof window with hulk powers(91,153,1)
[02:01:21]ATTACK: Griffin Whiteman(pahomlancer) punched bulletproof window with hulk powers(91,153,1)
[02:01:22]ATTACK: Griffin Whiteman(pahomlancer) punched bulletproof window with hulk powers(91,153,1)
[02:01:23]ATTACK: Griffin Whiteman(pahomlancer) punched bulletproof window with hulk powers(91,153,1)
[02:01:24]ATTACK: Griffin Whiteman(pahomlancer) punched bulletproof window with hulk powers(91,153,1)
[02:01:25]ATTACK: Griffin Whiteman(pahomlancer) punched bulletproof window with hulk powers(91,153,1)
[02:01:25]ATTACK: Griffin Whiteman(pahomlancer) punched bulletproof window with hulk powers(91,153,1)
[02:01:26]ATTACK: Griffin Whiteman(pahomlancer) punched bulletproof window with hulk powers(91,153,1)
[02:01:27]ATTACK: Griffin Whiteman(pahomlancer) punched bulletproof window with hulk powers(91,153,1)
[02:01:28]ATTACK: Griffin Whiteman(pahomlancer) punched bulletproof window with hulk powers(91,153,1)
[02:01:29]ATTACK: Griffin Whiteman(pahomlancer) punched bulletproof window with hulk powers(91,153,1)
[02:01:30]ATTACK: Griffin Whiteman(pahomlancer) punched bulletproof window with hulk powers(91,153,1)
[02:01:31]ATTACK: Griffin Whiteman(pahomlancer) punched bulletproof window with hulk powers(91,153,1)
[02:01:32]ATTACK: Griffin Whiteman(pahomlancer) punched bulletproof window with hulk powers(91,153,1)
[02:01:32]ATTACK: Griffin Whiteman(pahomlancer) punched bulletproof window with hulk powers(91,153,1)
[02:01:33]ATTACK: Griffin Whiteman(pahomlancer) punched bulletproof window with hulk powers(91,153,1)
[02:01:48]ATTACK: Griffin Whiteman(pahomlancer) punched Griffin Whiteman(pahomlancer) with hulk powers (NEWHP: 100)(88,133,1)
[02:01:49]ATTACK: Griffin Whiteman(pahomlancer) punched Griffin Whiteman(pahomlancer) with hulk powers (NEWHP: 85)(88,130,1)
[02:04:53]ATTACK: Kendall Davis(rubick) attacked Molerat with spear (Wielded)(INTENT: HELP) (DAMTYPE: BRUTE) (NEWHP: 82)(78,91,1)
[02:04:54]ATTACK: Kendall Davis(rubick) attacked Molerat with spear (Wielded)(INTENT: HELP) (DAMTYPE: BRUTE) (NEWHP: 64)(76,91,1)
[02:04:55]ATTACK: Kendall Davis(rubick) attacked Molerat with spear (Wielded)(INTENT: HELP) (DAMTYPE: BRUTE) (NEWHP: 46)(74,91,1)
[02:04:56]ATTACK: Molerat attacked Kendall Davis(rubick)  (NEWHP: 100)(73,91,1)
[02:04:57]ATTACK: Kendall Davis(rubick) attacked Molerat with spear (Wielded)(INTENT: HELP) (DAMTYPE: BRUTE) (NEWHP: 28)(70,91,1)
[02:04:58]ATTACK: Molerat attacked Kendall Davis(rubick)  (NEWHP: 88)(69,91,1)
[02:04:58]ATTACK: Kendall Davis(rubick) attacked Molerat with spear (Wielded)(INTENT: HELP) (DAMTYPE: BRUTE) (NEWHP: 10)(70,91,1)
[02:05:00]ATTACK: Molerat attacked Kendall Davis(rubick)  (NEWHP: 70)(70,93,1)
[02:05:01]ATTACK: Kendall Davis(rubick) attacked Molerat with spear (Wielded)(INTENT: HELP) (DAMTYPE: BRUTE) (NEWHP: 0)(70,93,1)
[02:06:18]ATTACK: Kendall Davis(rubick) fed Kendall Davis(rubick) with styptic_powder(50 units);  (NEWHP: 54)(62,66,1)
[02:08:18]ATTACK: Kendall Davis(rubick) shot Raider with the bullet (NEWHP: 65)(173,87,1)
[02:08:20]ATTACK: Raider shot Kendall Davis(rubick) with the bullet (NEWHP: 100)(172,83,1)
[02:08:31]ATTACK: Kendall Davis(rubick) fed Kendall Davis(rubick) with styptic_powder(50 units);  (NEWHP: 38)(171,83,1)
[02:08:39]ATTACK: Kendall Davis(rubick) shot Raider with the bullet (NEWHP: 30)(176,89,1)
[02:09:50]ATTACK: Kendall Davis(rubick) shot Raider with the bullet (NEWHP: 65)(196,93,1)
[02:09:53]ATTACK: Raider shot Kendall Davis(rubick) with the bullet (NEWHP: 100)(186,89,1)
[02:09:55]ATTACK: Kendall Davis(rubick) shot Raider with the bullet (NEWHP: 30)(197,95,1)
[02:10:02]ATTACK: Raider shot Kendall Davis(rubick) with the bullet (NEWHP: 38)(188,89,1)
[02:10:05]ATTACK: Raider shot Kendall Davis(rubick) with the bullet (NEWHP: -12.5)(193,89,1)
[02:10:52]ATTACK: Griffin Whiteman(pahomlancer) punched wall with hulk powers(96,83,1)
[02:10:53]ATTACK: Griffin Whiteman(pahomlancer) punched wall with hulk powers(96,83,1)
[02:10:54]ATTACK: Griffin Whiteman(pahomlancer) punched wall with hulk powers(96,83,1)
[02:10:55]ATTACK: Griffin Whiteman(pahomlancer) punched wall with hulk powers(96,83,1)
[02:10:59]ATTACK: Griffin Whiteman(pahomlancer) punched wall with hulk powers(104,84,1)
[02:11:06]ATTACK: Griffin Whiteman(pahomlancer) punched wooden table with hulk powers(115,85,1)
[02:11:07]ATTACK: Griffin Whiteman(pahomlancer) punched wall with hulk powers(116,85,1)
[02:11:09]ATTACK: Griffin Whiteman(pahomlancer) punched wall with hulk powers(120,85,1)
[02:11:10]ATTACK: Griffin Whiteman(pahomlancer) punched wall with hulk powers(120,85,1)
[02:11:13]ATTACK: Griffin Whiteman(pahomlancer) punched wooden table with hulk powers(124,82,1)
[02:11:25]ATTACK: Griffin Whiteman(pahomlancer) punched wall with hulk powers(124,87,1)
[02:11:26]ATTACK: Griffin Whiteman(pahomlancer) punched wall with hulk powers(124,87,1)
[02:11:28]ATTACK: Griffin Whiteman(pahomlancer) punched wall with hulk powers(126,88,1)
[02:11:29]ATTACK: Griffin Whiteman(pahomlancer) punched wall with hulk powers(126,88,1)
[02:11:30]ATTACK: Griffin Whiteman(pahomlancer) punched wall with hulk powers(126,88,1)
[02:11:43]ATTACK: Griffin Whiteman(pahomlancer) fed Griffin Whiteman(pahomlancer) with styptic_powder(50 units);  (NEWHP: 70)(148,87,1)
[02:12:07]ATTACK: Raider shot Griffin Whiteman(pahomlancer) with the bullet (NEWHP: 100)(186,92,1)
[02:12:09]ATTACK: Griffin Whiteman(pahomlancer) shot Raider with the pellet (NEWHP: 97)(195,87,1)
[02:12:09]ATTACK: Raider shot Griffin Whiteman(pahomlancer) with the bullet (NEWHP: 93)(190,92,1)
[02:12:13]ATTACK: Raider shot Griffin Whiteman(pahomlancer) with the bullet (NEWHP: 91.75)(198,90,1)
[02:12:15]ATTACK: Raider shot Griffin Whiteman(pahomlancer) with the bullet (NEWHP: 84.75)(202,90,1)
[02:12:19]ATTACK: Raider attacked Griffin Whiteman(pahomlancer)  (NEWHP: 81.5)(208,88,1)
[02:12:21]ATTACK: Raider attacked Griffin Whiteman(pahomlancer)  (NEWHP: 81.25)(208,88,1)
[02:12:23]ATTACK: Raider attacked Griffin Whiteman(pahomlancer)  (NEWHP: 81)(208,88,1)
[02:12:25]ATTACK: Raider attacked Griffin Whiteman(pahomlancer)  (NEWHP: 80.75)(208,88,1)
[02:12:27]ATTACK: Raider attacked Griffin Whiteman(pahomlancer)  (NEWHP: 80.5)(208,88,1)
[02:12:33]ATTACK: Griffin Whiteman(pahomlancer) punched wall with hulk powers(210,88,1)
[02:12:34]ATTACK: Griffin Whiteman(pahomlancer) punched wall with hulk powers(210,88,1)
[02:12:37]ATTACK: Raider attacked Griffin Whiteman(pahomlancer)  (NEWHP: 88.25)(214,88,1)
[02:12:37]ATTACK: Griffin Whiteman(pahomlancer) attacked Raider with butcher's cleaver(INTENT: HARM) (DAMTYPE: BRUTE) (NEWHP: 85)(214,87,1)
[02:12:38]ATTACK: Griffin Whiteman(pahomlancer) attacked Raider with butcher's cleaver(INTENT: HARM) (DAMTYPE: BRUTE) (NEWHP: 70)(214,87,1)
[02:12:39]ATTACK: Griffin Whiteman(pahomlancer) attacked Raider with butcher's cleaver(INTENT: HARM) (DAMTYPE: BRUTE) (NEWHP: 55)(214,87,1)
[02:12:39]ATTACK: Raider attacked Griffin Whiteman(pahomlancer)  (NEWHP: 88)(214,88,1)
[02:12:40]ATTACK: Raider shot Griffin Whiteman(pahomlancer) with the bullet (NEWHP: 87.75)(214,88,1)
[02:12:40]ATTACK: Griffin Whiteman(pahomlancer) attacked Raider with butcher's cleaver(INTENT: HARM) (DAMTYPE: BRUTE) (NEWHP: 40)(214,87,1)
[02:12:41]ATTACK: Griffin Whiteman(pahomlancer) attacked Raider with butcher's cleaver(INTENT: HARM) (DAMTYPE: BRUTE) (NEWHP: 25)(214,87,1)
[02:12:41]ATTACK: Raider attacked Griffin Whiteman(pahomlancer)  (NEWHP: 87.75)(214,88,1)
[02:12:42]ATTACK: Griffin Whiteman(pahomlancer) attacked Raider with butcher's cleaver(INTENT: HARM) (DAMTYPE: BRUTE) (NEWHP: 10)(214,87,1)
[02:12:46]ATTACK: Raider shot Griffin Whiteman(pahomlancer) with the bullet (NEWHP: 86.25)(211,88,1)
[02:12:46]ATTACK: Raider shot Griffin Whiteman(pahomlancer) with the bullet (NEWHP: 86.25)(211,88,1)
[02:12:48]ATTACK: Griffin Whiteman(pahomlancer) fed Griffin Whiteman(pahomlancer) with styptic_powder(50 units);  (NEWHP: 74)(211,88,1)
[02:12:51]ATTACK: Raider attacked Griffin Whiteman(pahomlancer)  (NEWHP: 100)(204,88,1)
[02:12:51]ATTACK: Raider attacked Griffin Whiteman(pahomlancer)  (NEWHP: 97.75)(204,88,1)
[02:12:54]ATTACK: Raider shot Griffin Whiteman(pahomlancer) with the bullet (NEWHP: 99.5)(200,88,1)
[02:12:54]ATTACK: Raider shot Griffin Whiteman(pahomlancer) with the bullet (NEWHP: 99.5)(200,88,1)
[02:13:02]ATTACK: Griffin Whiteman(pahomlancer) fed Griffin Whiteman(pahomlancer) with styptic_powder(50 units);  (NEWHP: 93.25)(212,88,1)
[02:13:06]ATTACK: Griffin Whiteman(pahomlancer) attacked Raider with butcher's cleaver(INTENT: HARM) (DAMTYPE: BRUTE) (NEWHP: 85)(211,92,1)
[02:13:06]ATTACK: Raider attacked Griffin Whiteman(pahomlancer)  (NEWHP: 100)(212,92,1)
[02:13:07]ATTACK: Griffin Whiteman(pahomlancer) attacked Raider with butcher's cleaver(INTENT: HARM) (DAMTYPE: BRUTE) (NEWHP: 70)(211,92,1)
[02:13:08]ATTACK: Griffin Whiteman(pahomlancer) attacked Raider with butcher's cleaver(INTENT: HARM) (DAMTYPE: BRUTE) (NEWHP: 55)(211,92,1)
[02:13:08]ATTACK: Raider attacked Griffin Whiteman(pahomlancer)  (NEWHP: 99.75)(212,92,1)
[02:13:08]ATTACK: Raider attacked Griffin Whiteman(pahomlancer)  (NEWHP: 97.5)(212,92,1)
[02:13:09]ATTACK: Griffin Whiteman(pahomlancer) attacked Raider with butcher's cleaver(INTENT: HARM) (DAMTYPE: BRUTE) (NEWHP: 40)(211,92,1)
[02:13:09]ATTACK: Griffin Whiteman(pahomlancer) attacked Raider with butcher's cleaver(INTENT: HARM) (DAMTYPE: BRUTE) (NEWHP: 25)(211,92,1)
[02:13:10]ATTACK: Raider attacked Griffin Whiteman(pahomlancer)  (NEWHP: 97.25)(212,92,1)
[02:13:10]ATTACK: Raider attacked Griffin Whiteman(pahomlancer)  (NEWHP: 95)(212,92,1)
[02:13:10]ATTACK: Griffin Whiteman(pahomlancer) attacked Raider with butcher's cleaver(INTENT: HARM) (DAMTYPE: BRUTE) (NEWHP: 10)(211,92,1)
[02:13:12]ATTACK: Raider attacked Griffin Whiteman(pahomlancer)  (NEWHP: 94.75)(212,92,1)
[02:13:12]ATTACK: Griffin Whiteman(pahomlancer) attacked Raider with butcher's cleaver(INTENT: HARM) (DAMTYPE: BRUTE) (NEWHP: 85)(212,93,1)
[02:13:13]ATTACK: Griffin Whiteman(pahomlancer) attacked Raider with butcher's cleaver(INTENT: HARM) (DAMTYPE: BRUTE) (NEWHP: 70)(212,93,1)
[02:13:14]ATTACK: Griffin Whiteman(pahomlancer) attacked Raider with butcher's cleaver(INTENT: HARM) (DAMTYPE: BRUTE) (NEWHP: 55)(212,93,1)
[02:13:14]ATTACK: Raider attacked Griffin Whiteman(pahomlancer)  (NEWHP: 94.5)(212,92,1)
[02:13:15]ATTACK: Griffin Whiteman(pahomlancer) attacked Raider with butcher's cleaver(INTENT: HARM) (DAMTYPE: BRUTE) (NEWHP: 40)(212,93,1)
[02:13:16]ATTACK: Griffin Whiteman(pahomlancer) attacked Raider with butcher's cleaver(INTENT: HARM) (DAMTYPE: BRUTE) (NEWHP: 25)(212,93,1)
[02:13:16]ATTACK: Raider attacked Griffin Whiteman(pahomlancer)  (NEWHP: 94.25)(212,92,1)
[02:13:17]ATTACK: Griffin Whiteman(pahomlancer) attacked Raider with butcher's cleaver(INTENT: HARM) (DAMTYPE: BRUTE) (NEWHP: 10)(212,93,1)
[02:13:20]ATTACK: Griffin Whiteman(pahomlancer) attacked Russian with butcher's cleaver(INTENT: HARM) (DAMTYPE: BRUTE) (NEWHP: 100)(212,93,1)
[02:13:21]ATTACK: Raider shot Griffin Whiteman(pahomlancer) with the bullet (NEWHP: 98)(212,93,1)
[02:13:22]ATTACK: Griffin Whiteman(pahomlancer) attacked Russian with butcher's cleaver(INTENT: HARM) (DAMTYPE: BRUTE) (NEWHP: 70)(212,93,1)
[02:13:23]ATTACK: Griffin Whiteman(pahomlancer) attacked Russian with butcher's cleaver(INTENT: HARM) (DAMTYPE: BRUTE) (NEWHP: 40)(212,93,1)
[02:13:27]ATTACK: Raider shot Griffin Whiteman(pahomlancer) with the bullet (NEWHP: 95)(208,92,1)
[02:13:33]ATTACK: Raider shot Griffin Whiteman(pahomlancer) with the bullet (NEWHP: 92)(212,90,1)
[02:13:33]ATTACK: Griffin Whiteman(pahomlancer) fed Griffin Whiteman(pahomlancer) with styptic_powder(50 units);  (NEWHP: 92)(212,90,1)
[02:13:39]ATTACK: Raider shot Griffin Whiteman(pahomlancer) with the bullet (NEWHP: 100)(225,90,1)
[02:13:42]ATTACK: Griffin Whiteman(pahomlancer) punched wall with hulk powers(230,93,1)
[02:13:43]ATTACK: Raider shot Griffin Whiteman(pahomlancer) with the bullet (NEWHP: 95)(229,93,1)
[02:13:43]ATTACK: Griffin Whiteman(pahomlancer) punched wall with hulk powers(230,93,1)
[02:13:44]ATTACK: Griffin Whiteman(pahomlancer) punched wall with hulk powers(230,93,1)
[02:13:45]ATTACK: Raider shot Griffin Whiteman(pahomlancer) with the bullet (NEWHP: 88)(229,93,1)
[02:13:45]ATTACK: Griffin Whiteman(pahomlancer) punched wall with hulk powers(230,93,1)
[02:13:59]ATTACK: Griffin Whiteman(pahomlancer) punched wall with hulk powers(234,93,1)
[02:13:59]ATTACK: Raider shot Griffin Whiteman(pahomlancer) with the bullet (NEWHP: 93)(234,93,1)
[02:14:04]ATTACK: Griffin Whiteman(pahomlancer) punched wall with hulk powers(237,101,1)
[02:14:04]ATTACK: Griffin Whiteman(pahomlancer) punched wall with hulk powers(237,101,1)
[02:14:05]ATTACK: Griffin Whiteman(pahomlancer) punched wall with hulk powers(237,101,1)
[02:14:06]ATTACK: Raider shot Griffin Whiteman(pahomlancer) with the bullet (NEWHP: 90)(236,101,1)
[02:14:06]ATTACK: Griffin Whiteman(pahomlancer) punched wall with hulk powers(237,101,1)
[02:14:07]ATTACK: Griffin Whiteman(pahomlancer) punched wall with hulk powers(237,101,1)
[02:14:08]ATTACK: Griffin Whiteman(pahomlancer) punched wall with hulk powers(237,101,1)
[02:14:09]ATTACK: Griffin Whiteman(pahomlancer) punched wall with hulk powers(237,101,1)
[02:14:10]ATTACK: Griffin Whiteman(pahomlancer) punched shelf with hulk powers(238,101,1)
[02:14:13]ATTACK: Raider attacked Griffin Whiteman(pahomlancer)  (NEWHP: 87)(238,101,1)
[02:14:14]ATTACK: Griffin Whiteman(pahomlancer) attacked Raider with butcher's cleaver(INTENT: HARM) (DAMTYPE: BRUTE) (NEWHP: 85)(239,102,1)
[02:14:15]ATTACK: Griffin Whiteman(pahomlancer) attacked Raider with butcher's cleaver(INTENT: HARM) (DAMTYPE: BRUTE) (NEWHP: 70)(239,102,1)
[02:14:15]ATTACK: Raider attacked Griffin Whiteman(pahomlancer)  (NEWHP: 86.75)(239,101,1)
[02:14:16]ATTACK: Griffin Whiteman(pahomlancer) attacked Raider with butcher's cleaver(INTENT: HARM) (DAMTYPE: BRUTE) (NEWHP: 55)(239,102,1)
[02:14:17]ATTACK: Griffin Whiteman(pahomlancer) attacked Raider with butcher's cleaver(INTENT: HARM) (DAMTYPE: BRUTE) (NEWHP: 40)(239,102,1)
[02:14:17]ATTACK: Raider attacked Griffin Whiteman(pahomlancer)  (NEWHP: 86.5)(239,101,1)
[02:14:17]ATTACK: Griffin Whiteman(pahomlancer) attacked Raider with butcher's cleaver(INTENT: HARM) (DAMTYPE: BRUTE) (NEWHP: 25)(239,102,1)
[02:14:18]ATTACK: Griffin Whiteman(pahomlancer) attacked Raider with butcher's cleaver(INTENT: HARM) (DAMTYPE: BRUTE) (NEWHP: 10)(239,102,1)
[02:14:37]ATTACK: Griffin Whiteman(pahomlancer) stripped Russian of the soviet uniform (NEWHP: 100)(240,104,1)
[02:14:38]ATTACK: Griffin Whiteman(pahomlancer) stripped Russian of the bear pelt hat (NEWHP: 100)(240,104,1)
[02:14:39]ATTACK: Griffin Whiteman(pahomlancer) stripped Russian of the jackboots (NEWHP: 100)(240,104,1)
[02:14:59]ATTACK: Raider shot Griffin Whiteman(pahomlancer) with the bullet (NEWHP: 100)(241,106,1)
[02:15:05]ATTACK: Raider shot Griffin Whiteman(pahomlancer) with the bullet (NEWHP: 97)(239,101,1)
[02:15:09]ATTACK: Raider attacked Griffin Whiteman(pahomlancer)  (NEWHP: 90)(240,108,1)
[02:15:17]ATTACK: Raider shot Griffin Whiteman(pahomlancer) with the bullet (NEWHP: 97.75)(238,107,1)
[02:15:23]ATTACK: Raider shot Griffin Whiteman(pahomlancer) with the bullet (NEWHP: 94.75)(238,107,1)
[02:15:29]ATTACK: Raider shot Griffin Whiteman(pahomlancer) with the bullet (NEWHP: 91.75)(238,107,1)
[02:15:35]ATTACK: Raider shot Griffin Whiteman(pahomlancer) with the bullet (NEWHP: 88.75)(238,107,1)
[02:15:42]ATTACK: Raider shot Griffin Whiteman(pahomlancer) with the bullet (NEWHP: 85.75)(238,107,1)
[02:15:48]ATTACK: Raider shot Griffin Whiteman(pahomlancer) with the bullet (NEWHP: 82.75)(238,107,1)
[02:15:54]ATTACK: Raider shot Griffin Whiteman(pahomlancer) with the bullet (NEWHP: 79.75)(238,107,1)
[02:16:00]ATTACK: Raider shot Griffin Whiteman(pahomlancer) with the bullet (NEWHP: 76.75)(238,107,1)
[02:16:06]ATTACK: Raider shot Griffin Whiteman(pahomlancer) with the bullet (NEWHP: 73.75)(238,107,1)
[02:16:12]ATTACK: Raider shot Griffin Whiteman(pahomlancer) with the bullet (NEWHP: 70.75)(238,107,1)
[02:16:18]ATTACK: Raider shot Griffin Whiteman(pahomlancer) with the bullet (NEWHP: 67.75)(238,107,1)
[02:16:24]ATTACK: Raider shot Griffin Whiteman(pahomlancer) with the bullet (NEWHP: 64.75)(238,107,1)
[02:16:30]ATTACK: Raider shot Griffin Whiteman(pahomlancer) with the bullet (NEWHP: 61.75)(238,107,1)
[02:16:36]ATTACK: Raider shot Griffin Whiteman(pahomlancer) with the bullet (NEWHP: 58.75)(238,107,1)
[02:16:43]ATTACK: Raider shot Griffin Whiteman(pahomlancer) with the bullet (NEWHP: 55.75)(238,107,1)


Starting up. 03:12.50
---------------------
[03:16:11]ATTACK: Raider shot Raider with the bullet (NEWHP: 65)(176,102,1)
[03:16:14]ATTACK: Raider attacked mouse  (NEWHP: 5)(241,101,1)
[03:16:14]ATTACK: Raider attacked mouse  (NEWHP: 5)(216,110,1)
[03:16:14]ATTACK: giant rad scorpion (788) attacked Default Cyborg-30  (NEWHP: 100)(27,190,1)
[03:16:16]ATTACK: giant rad scorpion (788) attacked Default Cyborg-30  (NEWHP: 85)(27,190,1)
[03:16:18]ATTACK: giant rad scorpion (788) attacked Default Cyborg-30  (NEWHP: 68)(27,190,1)
[03:16:20]ATTACK: giant rad scorpion (788) attacked Default Cyborg-30  (NEWHP: 52)(27,190,1)
[03:16:22]ATTACK: giant rad scorpion (788) attacked Default Cyborg-30  (NEWHP: 34)(27,190,1)
[03:16:25]ATTACK: giant rad scorpion (788) attacked Default Cyborg-30  (NEWHP: 17)(27,190,1)
[03:16:27]ATTACK: giant rad scorpion (788) attacked Default Cyborg-30  (NEWHP: 1)(27,190,1)
[03:16:29]ATTACK: giant rad scorpion (788) attacked Default Cyborg-30  (NEWHP: -19)(27,190,1)
[03:16:31]ATTACK: giant rad scorpion (788) attacked Default Cyborg-30  (NEWHP: -34)(27,190,1)
[03:16:33]ATTACK: giant rad scorpion (788) attacked Default Cyborg-30  (NEWHP: -53)(27,190,1)
[03:16:35]ATTACK: giant rad scorpion (788) attacked Default Cyborg-30  (NEWHP: -73)(27,190,1)
[03:16:37]ATTACK: giant rad scorpion (788) attacked Default Cyborg-30  (NEWHP: -90)(27,190,1)
[03:17:49]ATTACK: cammel attacked cammel  (NEWHP: 20)(161,242,1)
[03:17:51]ATTACK: cammel attacked cammel  (NEWHP: 19)(161,242,1)
[03:17:51]ATTACK: cammel attacked cammel  (NEWHP: 20)(161,242,1)
[03:17:53]ATTACK: cammel attacked cammel  (NEWHP: 18)(161,242,1)
[03:17:55]ATTACK: cammel attacked cammel  (NEWHP: 18)(161,242,1)
[03:17:55]ATTACK: cammel attacked cammel  (NEWHP: 16)(161,243,1)
[03:17:57]ATTACK: cammel attacked cammel  (NEWHP: 16)(161,242,1)
[03:17:57]ATTACK: cammel attacked cammel  (NEWHP: 14)(161,243,1)
[03:17:59]ATTACK: cammel attacked cammel  (NEWHP: 14)(161,242,1)
[03:17:59]ATTACK: cammel attacked cammel  (NEWHP: 13)(161,243,1)
[03:18:01]ATTACK: cammel attacked cammel  (NEWHP: 13)(161,242,1)
[03:18:01]ATTACK: cammel attacked cammel  (NEWHP: 11)(161,243,1)
[03:18:03]ATTACK: cammel attacked cammel  (NEWHP: 12)(161,242,1)
[03:18:03]ATTACK: cammel attacked cammel  (NEWHP: 9)(160,243,1)
[03:18:05]ATTACK: cammel attacked cammel  (NEWHP: 11)(161,242,1)
[03:18:05]ATTACK: cammel attacked cammel  (NEWHP: 8)(160,243,1)
[03:18:07]ATTACK: cammel attacked cammel  (NEWHP: 10)(161,242,1)
[03:18:07]ATTACK: cammel attacked cammel  (NEWHP: 6)(160,243,1)
[03:18:09]ATTACK: cammel attacked cammel  (NEWHP: 8)(161,242,1)
[03:18:10]ATTACK: cammel attacked cammel  (NEWHP: 4)(160,243,1)
[03:18:12]ATTACK: cammel attacked cammel  (NEWHP: 6)(161,242,1)
[03:18:12]ATTACK: cammel attacked cammel  (NEWHP: 2)(160,243,1)
[03:18:14]ATTACK: cammel attacked cammel  (NEWHP: 5)(161,242,1)
[03:18:14]ATTACK: cammel attacked cammel  (NEWHP: 1)(160,243,1)
[03:18:20]ATTACK: cammel attacked cammel  (NEWHP: 20)(160,244,1)
[03:18:22]ATTACK: cammel attacked cammel  (NEWHP: 18)(160,244,1)
[03:18:22]ATTACK: cammel attacked cammel  (NEWHP: 4)(160,244,1)
[03:18:24]ATTACK: cammel attacked cammel  (NEWHP: 17)(160,243,1)
[03:18:24]ATTACK: cammel attacked cammel  (NEWHP: 2)(160,244,1)
[03:18:26]ATTACK: cammel attacked cammel  (NEWHP: 16)(160,243,1)
[03:18:26]ATTACK: cammel attacked cammel  (NEWHP: 1)(160,244,1)
