

Starting up. 01:53.10
---------------------
[02:36:48]ATTACK: rad scorpion (666) attacked Default Cyborg-105  (NEWHP: 100)(27,190,1)
[02:36:48]ATTACK: Raider shot Raider with the bullet (NEWHP: 40)(176,102,1)
[02:36:50]ATTACK: Raider attacked mouse  (NEWHP: 5)(241,101,1)
[02:36:50]ATTACK: Raider attacked mouse  (NEWHP: 5)(216,110,1)
[02:36:50]ATTACK: cammel attacked cammel  (NEWHP: 20)(25,116,1)
[02:36:50]ATTACK: rad scorpion (666) attacked Default Cyborg-105  (NEWHP: 90)(27,190,1)
[02:36:50]ATTACK: giant rad scorpion (749) attacked Default Cyborg-105  (NEWHP: 81)(27,190,1)
[02:36:52]ATTACK: cammel attacked cammel  (NEWHP: 19)(25,116,1)
[02:36:52]ATTACK: rad scorpion (666) attacked Default Cyborg-105  (NEWHP: 64)(27,190,1)
[02:36:52]ATTACK: giant rad scorpion (749) attacked Default Cyborg-105  (NEWHP: 57)(27,190,1)
[02:36:54]ATTACK: cammel attacked cammel  (NEWHP: 18)(25,117,1)
[02:36:54]ATTACK: rad scorpion (666) attacked Default Cyborg-105  (NEWHP: 42)(27,189,1)
[02:36:54]ATTACK: giant rad scorpion (749) attacked Default Cyborg-105  (NEWHP: 36)(27,189,1)
[02:36:56]ATTACK: cammel attacked cammel  (NEWHP: 20)(26,116,1)
[02:36:56]ATTACK: cammel attacked cammel  (NEWHP: 17)(25,117,1)
[02:36:56]ATTACK: rad scorpion (666) attacked Default Cyborg-105  (NEWHP: 18)(27,189,1)
[02:36:56]ATTACK: giant rad scorpion (749) attacked Default Cyborg-105  (NEWHP: 8)(27,189,1)
[02:36:58]ATTACK: cammel attacked cammel  (NEWHP: 18)(26,116,1)
[02:36:58]ATTACK: cammel attacked cammel  (NEWHP: 16)(25,117,1)
[02:36:58]ATTACK: rad scorpion (666) attacked Default Cyborg-105  (NEWHP: -12)(27,189,1)
[02:36:58]ATTACK: giant rad scorpion (749) attacked Default Cyborg-105  (NEWHP: -19)(27,189,1)
[02:37:00]ATTACK: cammel attacked cammel  (NEWHP: 17)(26,116,1)
[02:37:00]ATTACK: cammel attacked cammel  (NEWHP: 15)(25,117,1)
[02:37:00]ATTACK: rad scorpion (666) attacked Default Cyborg-105  (NEWHP: -34)(27,189,1)
[02:37:00]ATTACK: giant rad scorpion (749) attacked Default Cyborg-105  (NEWHP: -40)(27,189,1)
[02:37:02]ATTACK: cammel attacked cammel  (NEWHP: 16)(26,116,1)
[02:37:02]ATTACK: cammel attacked cammel  (NEWHP: 13)(25,117,1)
[02:37:02]ATTACK: rad scorpion (666) attacked Default Cyborg-105  (NEWHP: -57)(27,189,1)
[02:37:02]ATTACK: giant rad scorpion (749) attacked Default Cyborg-105  (NEWHP: -64)(27,189,1)
[02:37:04]ATTACK: cammel attacked cammel  (NEWHP: 14)(26,116,1)
[02:37:04]ATTACK: rad scorpion (666) attacked Default Cyborg-105  (NEWHP: -81)(27,189,1)
[02:37:04]ATTACK: giant rad scorpion (749) attacked Default Cyborg-105  (NEWHP: -87)(27,189,1)
[02:37:06]ATTACK: cammel attacked cammel  (NEWHP: 11)(25,117,1)
[02:37:08]ATTACK: cammel attacked cammel  (NEWHP: 10)(25,117,1)
[02:37:10]ATTACK: cammel attacked cammel  (NEWHP: 12)(26,116,1)
[02:37:10]ATTACK: cammel attacked cammel  (NEWHP: 9)(25,117,1)
[02:37:12]ATTACK: cammel attacked cammel  (NEWHP: 10)(26,116,1)
[02:37:12]ATTACK: cammel attacked cammel  (NEWHP: 8)(25,117,1)
[02:37:14]ATTACK: cammel attacked cammel  (NEWHP: 8)(26,116,1)
[02:37:14]ATTACK: cammel attacked cammel  (NEWHP: 6)(25,117,1)
[02:37:16]ATTACK: cammel attacked cammel  (NEWHP: 6)(26,116,1)
[02:37:16]ATTACK: cammel attacked cammel  (NEWHP: 4)(25,117,1)
[02:37:18]ATTACK: cammel attacked cammel  (NEWHP: 4)(26,116,1)
[02:37:18]ATTACK: cammel attacked cammel  (NEWHP: 3)(25,117,1)
[02:37:20]ATTACK: cammel attacked cammel  (NEWHP: 2)(26,116,1)
[02:37:24]ATTACK: cammel attacked cammel  (NEWHP: 20)(27,117,1)
[02:37:26]ATTACK: cammel attacked cammel  (NEWHP: 18)(27,116,1)
[02:37:26]ATTACK: cammel attacked cammel  (NEWHP: 2)(26,117,1)
[02:37:28]ATTACK: cammel attacked cammel  (NEWHP: 17)(27,116,1)
[02:37:28]ATTACK: cammel attacked cammel  (NEWHP: 1)(26,117,1)
[02:39:49]ATTACK: cammel attacked cammel  (NEWHP: 20)(159,241,1)
[02:39:52]ATTACK: cammel attacked cammel  (NEWHP: 18)(159,241,1)
[02:39:52]ATTACK: cammel attacked cammel  (NEWHP: 20)(158,241,1)
[02:39:54]ATTACK: cammel attacked cammel  (NEWHP: 16)(159,241,1)
[02:39:58]ATTACK: cammel attacked cammel  (NEWHP: 19)(158,241,1)
[02:40:00]ATTACK: cammel attacked cammel  (NEWHP: 17)(158,241,1)
[02:40:02]ATTACK: cammel attacked cammel  (NEWHP: 15)(158,241,1)
[02:40:02]ATTACK: cammel attacked cammel  (NEWHP: 15)(159,241,1)
[02:40:04]ATTACK: cammel attacked cammel  (NEWHP: 13)(158,241,1)
[02:40:04]ATTACK: cammel attacked cammel  (NEWHP: 14)(159,241,1)
[02:40:06]ATTACK: cammel attacked cammel  (NEWHP: 11)(158,241,1)
[02:40:06]ATTACK: cammel attacked cammel  (NEWHP: 12)(159,241,1)
[02:40:08]ATTACK: cammel attacked cammel  (NEWHP: 11)(159,241,1)
[02:40:10]ATTACK: cammel attacked cammel  (NEWHP: 10)(158,241,1)
[02:40:10]ATTACK: cammel attacked cammel  (NEWHP: 9)(159,241,1)
[02:40:12]ATTACK: cammel attacked cammel  (NEWHP: 9)(158,241,1)
[02:40:12]ATTACK: cammel attacked cammel  (NEWHP: 8)(159,241,1)
[02:40:14]ATTACK: cammel attacked cammel  (NEWHP: 7)(158,241,1)
[02:40:14]ATTACK: cammel attacked cammel  (NEWHP: 7)(159,241,1)
[02:40:16]ATTACK: cammel attacked cammel  (NEWHP: 5)(159,241,1)
[02:40:18]ATTACK: cammel attacked cammel  (NEWHP: 5)(158,241,1)
[02:40:18]ATTACK: cammel attacked cammel  (NEWHP: 3)(159,241,1)
[02:40:20]ATTACK: cammel attacked cammel  (NEWHP: 1)(158,241,1)
[02:40:26]ATTACK: cammel attacked cammel  (NEWHP: 20)(157,243,1)
[02:40:30]ATTACK: cammel attacked cammel  (NEWHP: 4)(158,242,1)
[02:40:32]ATTACK: cammel attacked cammel  (NEWHP: 2)(158,242,1)
[02:40:34]ATTACK: cammel attacked cammel  (NEWHP: 19)(158,243,1)
[02:40:34]ATTACK: cammel attacked cammel  (NEWHP: 1)(157,242,1)
[02:43:32]ATTACK: Griffin Whiteman(pahomlancer) shot Molerat with the bullet (NEWHP: 60)(119,115,1)
[02:43:32]ATTACK: Molerat attacked Griffin Whiteman(pahomlancer)  (NEWHP: 100)(121,115,1)
[02:43:33]ATTACK: Griffin Whiteman(pahomlancer) shot Molerat with the bullet (NEWHP: 20)(120,115,1)
[02:43:33]ATTACK: Griffin Whiteman(pahomlancer) shot Molerat with the bullet (NEWHP: 0)(120,115,1)
[02:43:34]ATTACK: Griffin Whiteman(pahomlancer) shot Molerat with the bullet (NEWHP: 0)(121,114,1)
[02:43:39]ATTACK: Molerat attacked Griffin Whiteman(pahomlancer)  (NEWHP: 96.5)(111,123,1)
[02:43:41]ATTACK: Molerat attacked Griffin Whiteman(pahomlancer)  (NEWHP: 93)(114,118,1)
[02:43:42]ATTACK: Griffin Whiteman(pahomlancer) shot Molerat with the bullet (NEWHP: 60)(118,118,1)
[02:43:42]ATTACK: Griffin Whiteman(pahomlancer) shot Molerat with the bullet (NEWHP: 20)(119,118,1)
[02:43:42]ATTACK: Griffin Whiteman(pahomlancer) shot Molerat with the bullet (NEWHP: 0)(119,118,1)
[02:43:48]ATTACK: Griffin Whiteman(pahomlancer) shot Molerat with the bullet (NEWHP: 60)(106,123,1)
[02:43:48]ATTACK: Griffin Whiteman(pahomlancer) shot Molerat with the bullet (NEWHP: 20)(106,123,1)
[02:43:48]ATTACK: Griffin Whiteman(pahomlancer) shot Molerat with the bullet (NEWHP: 0)(106,123,1)
[02:56:17]ATTACK: Raider shot brahmin with the bullet (NEWHP: 0)(180,140,1)
[02:56:22]ATTACK: Raider shot Space Bat with the bullet (NEWHP: 0)(177,131,1)
[02:58:43]ATTACK: Molerat attacked cammel  (NEWHP: 16)(29,98,1)
[02:58:45]ATTACK: Molerat attacked cammel  (NEWHP: 8)(29,97,1)
[03:18:11]ATTACK: Raider shot brahmin with the bullet (NEWHP: 0)(192,143,1)
[03:18:55]ATTACK: Raider attacked mouse  (NEWHP: 5)(223,87,1)
[03:20:04]ATTACK: Raider shot brahmin with the bullet (NEWHP: 0)(202,143,1)
[03:20:27]ATTACK: Molerat attacked mouse  (NEWHP: 5)(136,86,1)
[03:23:16]ATTACK: Raider attacked Cazador  (NEWHP: 50)(146,230,1)
[03:23:16]ATTACK: Cazador attacked Raider  (NEWHP: 100)(147,229,1)
[03:23:18]ATTACK: Raider attacked Cazador  (NEWHP: 35)(154,222,1)
[03:23:18]ATTACK: Cazador attacked Raider  (NEWHP: 85)(155,221,1)
[03:23:20]ATTACK: Raider attacked Cazador  (NEWHP: 20)(162,214,1)
[03:23:20]ATTACK: Cazador attacked Raider  (NEWHP: 70)(163,213,1)
[03:23:22]ATTACK: Raider attacked Cazador  (NEWHP: 5)(170,206,1)
[03:23:26]ATTACK: Cazador attacked Raider  (NEWHP: 55)(176,200,1)
[03:23:26]ATTACK: Cazador attacked Raider  (NEWHP: 40)(176,200,1)
[03:23:26]ATTACK: Raider attacked Cazador  (NEWHP: 50)(175,201,1)
[03:23:28]ATTACK: Cazador attacked Raider  (NEWHP: 25)(184,199,1)
[03:23:28]ATTACK: Raider attacked Cazador  (NEWHP: 35)(183,199,1)
[03:23:30]ATTACK: Cazador attacked Raider  (NEWHP: 10)(192,199,1)
[03:48:08]ATTACK: rad scorpion (666) attacked ghoul  (NEWHP: 100)(22,189,1)
[03:48:08]ATTACK: giant rad scorpion (749) attacked ghoul  (NEWHP: 90)(22,189,1)
[03:48:08]ATTACK: ghoul attacked rad scorpion (666)  (NEWHP: 40)(23,188,1)
[03:48:10]ATTACK: rad scorpion (666) attacked ghoul  (NEWHP: 72)(22,189,1)
[03:48:10]ATTACK: giant rad scorpion (749) attacked ghoul  (NEWHP: 63)(22,189,1)
[03:48:10]ATTACK: ghoul attacked rad scorpion (666)  (NEWHP: 20)(23,188,1)
[03:48:12]ATTACK: giant rad scorpion (749) attacked ghoul  (NEWHP: 100)(22,189,1)
[03:48:14]ATTACK: giant rad scorpion (749) attacked ghoul  (NEWHP: 85)(22,189,1)
[03:48:20]ATTACK: ghoul attacked Engineering Cyborg-105(pahomlancer)  (NEWHP: 100)(35,188,1)
[03:48:22]ATTACK: giant rad scorpion (749) attacked ghoul  (NEWHP: 69)(35,188,1)
[03:48:22]ATTACK: ghoul attacked giant rad scorpion (749)  (NEWHP: 200)(34,189,1)
[03:48:24]ATTACK: giant rad scorpion (749) attacked ghoul  (NEWHP: 52)(35,188,1)
[03:48:24]ATTACK: ghoul attacked giant rad scorpion (749)  (NEWHP: 180)(34,189,1)
[03:48:26]ATTACK: giant rad scorpion (749) attacked ghoul  (NEWHP: 35)(35,188,1)
[03:48:26]ATTACK: ghoul attacked giant rad scorpion (749)  (NEWHP: 160)(34,189,1)
[03:48:28]ATTACK: giant rad scorpion (749) attacked ghoul  (NEWHP: 16)(35,188,1)
[03:50:12]ATTACK: giant rad scorpion (749) attacked ghoul  (NEWHP: 100)(35,188,1)
[03:50:14]ATTACK: giant rad scorpion (749) attacked ghoul  (NEWHP: 83)(39,191,1)
[03:50:14]ATTACK: giant spider (730) attacked ghoul  (NEWHP: 67)(39,191,1)
[03:50:16]ATTACK: giant rad scorpion (749) attacked ghoul  (NEWHP: 60)(39,191,1)
[03:50:16]ATTACK: ghoul attacked giant rad scorpion (749)  (NEWHP: 140)(38,191,1)
[03:50:16]ATTACK: giant rad scorpion (192) attacked ghoul  (NEWHP: 45)(39,191,1)
[03:50:18]ATTACK: giant rad scorpion (749) attacked ghoul  (NEWHP: 26)(39,191,1)
[03:50:18]ATTACK: ghoul attacked giant rad scorpion (749)  (NEWHP: 120)(38,191,1)
[03:50:18]ATTACK: giant rad scorpion (156) attacked ghoul  (NEWHP: 9)(39,191,1)
[03:54:24]ATTACK: Engineering Cyborg-105(pahomlancer) attacked Engineering Cyborg-105(pahomlancer) with fire extinguisher(INTENT: HARM) (DAMTYPE: BRUTE) (NEWHP: 70)(20,187,1)
[03:54:25]ATTACK: Engineering Cyborg-105(pahomlancer) attacked Engineering Cyborg-105(pahomlancer) with fire extinguisher(INTENT: HARM) (DAMTYPE: BRUTE) (NEWHP: 60)(20,187,1)
[03:54:26]ATTACK: Engineering Cyborg-105(pahomlancer) attacked Engineering Cyborg-105(pahomlancer) with fire extinguisher(INTENT: HARM) (DAMTYPE: BRUTE) (NEWHP: 50)(20,187,1)
[03:54:27]ATTACK: Engineering Cyborg-105(pahomlancer) attacked Engineering Cyborg-105(pahomlancer) with fire extinguisher(INTENT: HARM) (DAMTYPE: BRUTE) (NEWHP: 40)(20,187,1)
[03:54:28]ATTACK: Engineering Cyborg-105(pahomlancer) attacked Engineering Cyborg-105(pahomlancer) with fire extinguisher(INTENT: HARM) (DAMTYPE: BRUTE) (NEWHP: 30)(20,187,1)
[03:54:29]ATTACK: Engineering Cyborg-105(pahomlancer) attacked Engineering Cyborg-105(pahomlancer) with fire extinguisher(INTENT: HARM) (DAMTYPE: BRUTE) (NEWHP: 20)(20,187,1)
[03:54:30]ATTACK: Engineering Cyborg-105(pahomlancer) attacked Engineering Cyborg-105(pahomlancer) with fire extinguisher(INTENT: HARM) (DAMTYPE: BRUTE) (NEWHP: 10)(20,187,1)
[03:54:31]ATTACK: Engineering Cyborg-105(pahomlancer) attacked Engineering Cyborg-105(pahomlancer) with fire extinguisher(INTENT: HARM) (DAMTYPE: BRUTE) (NEWHP: 0)(20,187,1)
[03:54:31]ATTACK: Engineering Cyborg-105(pahomlancer) attacked Engineering Cyborg-105(pahomlancer) with fire extinguisher(INTENT: HARM) (DAMTYPE: BRUTE) (NEWHP: -10)(20,187,1)
[03:54:32]ATTACK: Engineering Cyborg-105(pahomlancer) attacked Engineering Cyborg-105(pahomlancer) with fire extinguisher(INTENT: HARM) (DAMTYPE: BRUTE) (NEWHP: -20)(20,187,1)
[03:54:33]ATTACK: Engineering Cyborg-105(pahomlancer) attacked Engineering Cyborg-105(pahomlancer) with fire extinguisher(INTENT: HARM) (DAMTYPE: BRUTE) (NEWHP: -30)(20,187,1)
[03:54:34]ATTACK: Engineering Cyborg-105(pahomlancer) attacked Engineering Cyborg-105(pahomlancer) with fire extinguisher(INTENT: HARM) (DAMTYPE: BRUTE) (NEWHP: -40)(20,187,1)
[03:54:35]ATTACK: Engineering Cyborg-105(pahomlancer) attacked Engineering Cyborg-105(pahomlancer) with fire extinguisher(INTENT: HARM) (DAMTYPE: BRUTE) (NEWHP: -50)(20,187,1)
[03:54:35]ATTACK: Engineering Cyborg-105(pahomlancer) attacked Engineering Cyborg-105(pahomlancer) with fire extinguisher(INTENT: HARM) (DAMTYPE: BRUTE) (NEWHP: -60)(20,187,1)
[03:54:47]ATTACK: giant rad scorpion (156) attacked Engineering Cyborg-105(pahomlancer)  (NEWHP: -60)(34,189,1)
[03:54:47]ATTACK: giant spider (730) attacked Engineering Cyborg-105(pahomlancer)  (NEWHP: -79)(34,189,1)
[03:54:49]ATTACK: giant rad scorpion (749) attacked Engineering Cyborg-105(pahomlancer)  (NEWHP: -87)(34,189,1)
[03:57:49]ATTACK: Medical Cyborg-72(pahomlancer) attacked giant spider (95) with circular saw(INTENT: HELP) (DAMTYPE: BRUTE) (NEWHP: 25)(22,189,1)
[03:57:49]ATTACK: Medical Cyborg-72(pahomlancer) attacked giant spider (95) with circular saw(INTENT: HELP) (DAMTYPE: BRUTE) (NEWHP: 10)(22,189,1)
[03:57:50]ATTACK: giant spider (95) attacked Medical Cyborg-72(pahomlancer)  (NEWHP: 100)(21,189,1)
[03:57:50]ATTACK: Medical Cyborg-72(pahomlancer) attacked giant spider (95) with circular saw(INTENT: HELP) (DAMTYPE: BRUTE) (NEWHP: 0)(22,189,1)
[03:57:51]ATTACK: Medical Cyborg-72(pahomlancer) attacked giant spider (520) with circular saw(INTENT: HELP) (DAMTYPE: BRUTE) (NEWHP: 25)(22,189,1)
[03:57:52]ATTACK: giant spider (520) attacked Medical Cyborg-72(pahomlancer)  (NEWHP: 91)(21,189,1)
[03:57:53]ATTACK: Medical Cyborg-72(pahomlancer) attacked giant spider (520) with circular saw(INTENT: HELP) (DAMTYPE: BRUTE) (NEWHP: 10)(22,189,1)
[03:57:54]ATTACK: Medical Cyborg-72(pahomlancer) attacked giant spider (520) with circular saw(INTENT: HELP) (DAMTYPE: BRUTE) (NEWHP: 0)(22,189,1)
[03:57:54]ATTACK: Medical Cyborg-72(pahomlancer) attacked giant spider (609) with circular saw(INTENT: HELP) (DAMTYPE: BRUTE) (NEWHP: 185)(22,189,1)
[03:57:55]ATTACK: Medical Cyborg-72(pahomlancer) attacked giant spider (609) with circular saw(INTENT: HELP) (DAMTYPE: BRUTE) (NEWHP: 170)(22,189,1)
[03:57:56]ATTACK: giant spider (609) attacked Medical Cyborg-72(pahomlancer)  (NEWHP: 83)(21,189,1)
[03:57:56]ATTACK: Medical Cyborg-72(pahomlancer) attacked giant spider (609) with circular saw(INTENT: HELP) (DAMTYPE: BRUTE) (NEWHP: 155)(22,189,1)
[03:57:57]ATTACK: Medical Cyborg-72(pahomlancer) attacked giant spider (609) with circular saw(INTENT: HELP) (DAMTYPE: BRUTE) (NEWHP: 140)(22,189,1)
[03:57:58]ATTACK: giant spider (609) attacked Medical Cyborg-72(pahomlancer)  (NEWHP: 67)(21,189,1)
[03:57:58]ATTACK: Medical Cyborg-72(pahomlancer) attacked giant spider (609) with circular saw(INTENT: HELP) (DAMTYPE: BRUTE) (NEWHP: 125)(22,189,1)
[03:57:59]ATTACK: Medical Cyborg-72(pahomlancer) attacked giant spider (609) with circular saw(INTENT: HELP) (DAMTYPE: BRUTE) (NEWHP: 110)(22,189,1)
[03:57:59]ATTACK: Medical Cyborg-72(pahomlancer) attacked giant spider (609) with circular saw(INTENT: HELP) (DAMTYPE: BRUTE) (NEWHP: 95)(22,189,1)
[03:58:00]ATTACK: giant spider (609) attacked Medical Cyborg-72(pahomlancer)  (NEWHP: 50)(21,189,1)
[03:58:00]ATTACK: Medical Cyborg-72(pahomlancer) attacked giant spider (609) with circular saw(INTENT: HELP) (DAMTYPE: BRUTE) (NEWHP: 80)(22,189,1)
[03:58:01]ATTACK: Medical Cyborg-72(pahomlancer) attacked giant spider (609) with circular saw(INTENT: HELP) (DAMTYPE: BRUTE) (NEWHP: 65)(22,189,1)
[03:58:02]ATTACK: giant spider (609) attacked Medical Cyborg-72(pahomlancer)  (NEWHP: 33)(21,189,1)
[03:58:02]ATTACK: Medical Cyborg-72(pahomlancer) attacked giant spider (609) with circular saw(INTENT: HELP) (DAMTYPE: BRUTE) (NEWHP: 50)(22,189,1)
[03:58:03]ATTACK: Medical Cyborg-72(pahomlancer) attacked giant spider (609) with circular saw(INTENT: HELP) (DAMTYPE: BRUTE) (NEWHP: 35)(22,189,1)
[03:58:04]ATTACK: giant spider (609) attacked Medical Cyborg-72(pahomlancer)  (NEWHP: 15)(21,189,1)
[03:58:04]ATTACK: Medical Cyborg-72(pahomlancer) attacked giant spider (609) with circular saw(INTENT: HELP) (DAMTYPE: BRUTE) (NEWHP: 20)(22,189,1)
[03:58:05]ATTACK: Medical Cyborg-72(pahomlancer) attacked giant spider (609) with circular saw(INTENT: HELP) (DAMTYPE: BRUTE) (NEWHP: 5)(22,189,1)
[03:58:06]ATTACK: Medical Cyborg-72(pahomlancer) attacked giant spider (609) with circular saw(INTENT: HELP) (DAMTYPE: BRUTE) (NEWHP: 0)(22,189,1)
[03:58:06]ATTACK: giant spider (849) attacked Medical Cyborg-72(pahomlancer)  (NEWHP: -2)(21,189,1)
[04:00:38]ATTACK: Molerat attacked Cazador  (NEWHP: 50)(27,137,1)
[04:00:38]ATTACK: Cazador attacked Molerat  (NEWHP: 100)(26,137,1)
[04:00:40]ATTACK: Molerat attacked Cazador  (NEWHP: 40)(27,137,1)
[04:00:40]ATTACK: Cazador attacked Molerat  (NEWHP: 85)(26,137,1)
[04:00:42]ATTACK: Molerat attacked Cazador  (NEWHP: 34)(27,137,1)
[04:00:42]ATTACK: Cazador attacked Molerat  (NEWHP: 70)(26,137,1)
[04:00:44]ATTACK: Molerat attacked Cazador  (NEWHP: 25)(27,137,1)
[04:00:44]ATTACK: Cazador attacked Molerat  (NEWHP: 55)(26,137,1)
[04:00:46]ATTACK: Molerat attacked Cazador  (NEWHP: 20)(27,137,1)
[04:00:46]ATTACK: Cazador attacked Molerat  (NEWHP: 40)(26,137,1)
[04:00:48]ATTACK: Molerat attacked Cazador  (NEWHP: 13)(27,137,1)
[04:00:48]ATTACK: Cazador attacked Molerat  (NEWHP: 25)(26,137,1)
[04:00:50]ATTACK: Molerat attacked Cazador  (NEWHP: 3)(27,137,1)
[04:01:15]ATTACK: Security Cyborg-218(pahomlancer) shot giant spider (850) with the disabler beam (NEWHP: 40)(22,189,1)
[04:01:16]ATTACK: Security Cyborg-218(pahomlancer) shot giant spider (850) with the disabler beam (NEWHP: 40)(22,189,1)
[04:01:16]ATTACK: Security Cyborg-218(pahomlancer) shot giant spider (850) with the disabler beam (NEWHP: 40)(22,189,1)
[04:01:16]ATTACK: giant spider (850) attacked Security Cyborg-218(pahomlancer)  (NEWHP: 100)(21,189,1)
[04:01:17]ATTACK: Security Cyborg-218(pahomlancer) shot giant spider (850) with the disabler beam (NEWHP: 40)(22,189,1)
[04:01:17]ATTACK: Security Cyborg-218(pahomlancer) shot giant spider (850) with the disabler beam (NEWHP: 40)(22,189,1)
[04:01:18]ATTACK: Security Cyborg-218(pahomlancer) shot giant spider (850) with the disabler beam (NEWHP: 40)(22,189,1)
[04:01:18]ATTACK: giant spider (850) attacked Security Cyborg-218(pahomlancer)  (NEWHP: 90)(21,189,1)
[04:01:18]ATTACK: giant spider (122) attacked Security Cyborg-218(pahomlancer)  (NEWHP: 82)(21,189,1)
[04:01:18]ATTACK: Security Cyborg-218(pahomlancer) shot giant spider (122) with the disabler beam (NEWHP: 40)(22,189,1)
[04:01:19]ATTACK: Security Cyborg-218(pahomlancer) shot giant spider (122) with the disabler beam (NEWHP: 40)(22,189,1)
[04:01:19]ATTACK: Security Cyborg-218(pahomlancer) shot giant spider (122) with the disabler beam (NEWHP: 40)(22,189,1)
[04:01:20]ATTACK: giant spider (122) attacked Security Cyborg-218(pahomlancer)  (NEWHP: 74)(21,189,1)
[04:01:21]ATTACK: Security Cyborg-218(pahomlancer) stunned giant spider (609)  (NEWHP: 0)(22,189,1)
[04:01:21]ATTACK: Security Cyborg-218(pahomlancer) stunned giant spider (122)  (NEWHP: 40)(22,189,1)
[04:01:22]ATTACK: giant spider (122) attacked Security Cyborg-218(pahomlancer)  (NEWHP: 66)(21,189,1)
[04:01:23]ATTACK: Security Cyborg-218(pahomlancer) stunned giant spider (609)  (NEWHP: 0)(22,189,1)
[04:01:24]ATTACK: giant spider (122) attacked Security Cyborg-218(pahomlancer)  (NEWHP: 58)(21,189,1)
[04:01:25]ATTACK: Security Cyborg-218(pahomlancer) stunned giant spider (609)  (NEWHP: 0)(22,189,1)
[04:01:25]ATTACK: Security Cyborg-218(pahomlancer) attacked giant spider (609) with stunbaton(INTENT: HARM) (DAMTYPE: BRUTE) (NEWHP: 0)(22,189,1)
[04:01:26]ATTACK: Security Cyborg-218(pahomlancer) attacked giant spider (122) with stunbaton(INTENT: HARM) (DAMTYPE: BRUTE) (NEWHP: 30)(22,189,1)
[04:01:26]ATTACK: giant spider (122) attacked Security Cyborg-218(pahomlancer)  (NEWHP: 50)(21,189,1)
[04:01:27]ATTACK: Security Cyborg-218(pahomlancer) attacked giant spider (122) with stunbaton(INTENT: HARM) (DAMTYPE: BRUTE) (NEWHP: 20)(22,189,1)
[04:01:28]ATTACK: Security Cyborg-218(pahomlancer) attacked giant spider (122) with stunbaton(INTENT: HARM) (DAMTYPE: BRUTE) (NEWHP: 10)(22,189,1)
[04:01:29]ATTACK: Security Cyborg-218(pahomlancer) attacked giant spider (122) with stunbaton(INTENT: HARM) (DAMTYPE: BRUTE) (NEWHP: 0)(22,189,1)
[04:01:29]ATTACK: giant spider (134) attacked Security Cyborg-218(pahomlancer)  (NEWHP: 40)(21,189,1)
[04:01:30]ATTACK: Security Cyborg-218(pahomlancer) attacked giant spider (134) with stunbaton(INTENT: HARM) (DAMTYPE: BRUTE) (NEWHP: 110)(22,189,1)
[04:01:30]ATTACK: Security Cyborg-218(pahomlancer) attacked giant spider (134) with stunbaton(INTENT: HARM) (DAMTYPE: BRUTE) (NEWHP: 100)(22,189,1)
[04:01:31]ATTACK: giant spider (134) attacked Security Cyborg-218(pahomlancer)  (NEWHP: 28)(21,189,1)
[04:01:31]ATTACK: Security Cyborg-218(pahomlancer) attacked giant spider (134) with stunbaton(INTENT: HARM) (DAMTYPE: BRUTE) (NEWHP: 90)(22,189,1)
[04:01:32]ATTACK: Security Cyborg-218(pahomlancer) attacked giant spider (134) with stunbaton(INTENT: HARM) (DAMTYPE: BRUTE) (NEWHP: 80)(22,189,1)
[04:03:15]ATTACK: Unknown(pahomlancer) attempted to inject Unknown(pahomlancer) with the DNA injector (Hulk) (NEWHP: 100)(19,191,1)
[04:03:15]ATTACK: Unknown(pahomlancer) injected Unknown(pahomlancer) with the DNA injector (Hulk) (NEWHP: 100)(19,191,1)
[04:03:15]ATTACK: pahomlancer/(Griffin Whiteman) injected pahomlancer/(Griffin Whiteman) with the DNA injector (Hulk)
[04:04:33]ATTACK: Cazador attacked brahmin  (NEWHP: 20)(204,179,1)
[04:04:36]ATTACK: Cazador attacked brahmin  (NEWHP: 5)(204,179,1)
[04:07:10]ATTACK: giant spider (960) attacked Unknown(pahomlancer)  (NEWHP: 100)(29,190,1)
[04:07:10]ATTACK: giant spider (794) attacked Unknown(pahomlancer)  (NEWHP: 97)(29,190,1)
[04:07:10]ATTACK: giant spider (42) attacked Unknown(pahomlancer)  (NEWHP: 95.2)(29,190,1)
[04:07:10]ATTACK: giant spider (926) attacked Unknown(pahomlancer)  (NEWHP: 93.4)(29,190,1)
[04:07:10]ATTACK: giant spider (402) attacked Unknown(pahomlancer)  (NEWHP: 90.6)(29,190,1)
[04:07:12]ATTACK: giant spider (440) attacked Unknown(pahomlancer)  (NEWHP: 89)(34,189,1)
[04:07:12]ATTACK: giant spider (883) attacked Unknown(pahomlancer)  (NEWHP: 86)(34,189,1)
[04:07:14]ATTACK: giant spider (440) attacked Unknown(pahomlancer)  (NEWHP: 84)(37,189,1)
[04:07:14]ATTACK: giant spider (850) attacked Unknown(pahomlancer)  (NEWHP: 76.4)(37,189,1)
[04:07:16]ATTACK: giant rad scorpion (749) attacked Unknown(pahomlancer)  (NEWHP: 75.4)(37,189,1)
[04:07:16]ATTACK: giant rad scorpion (156) attacked Unknown(pahomlancer)  (NEWHP: 72)(37,189,1)
[04:07:16]ATTACK: giant spider (440) attacked Unknown(pahomlancer)  (NEWHP: 68.4)(37,189,1)
[04:07:16]ATTACK: giant spider (850) attacked Unknown(pahomlancer)  (NEWHP: 65.8)(37,189,1)
[04:07:18]ATTACK: giant rad scorpion (749) attacked Unknown(pahomlancer)  (NEWHP: 62.7)(37,189,1)
[04:07:18]ATTACK: giant rad scorpion (156) attacked Unknown(pahomlancer)  (NEWHP: 58.7)(37,189,1)
[04:07:18]ATTACK: giant spider (440) attacked Unknown(pahomlancer)  (NEWHP: 55.3)(37,189,1)
[04:07:18]ATTACK: giant spider (794) attacked Unknown(pahomlancer)  (NEWHP: 53.1)(37,189,1)
[04:07:20]ATTACK: giant rad scorpion (156) attacked Unknown(pahomlancer)  (NEWHP: 50.2)(37,190,1)
[04:07:20]ATTACK: giant spider (440) attacked Unknown(pahomlancer)  (NEWHP: 46.6)(37,190,1)
[04:07:20]ATTACK: giant spider (850) attacked Unknown(pahomlancer)  (NEWHP: 44.2)(37,190,1)
[04:07:20]ATTACK: giant spider (883) attacked Unknown(pahomlancer)  (NEWHP: 42.6)(37,190,1)
[04:07:22]ATTACK: giant rad scorpion (156) attacked Unknown(pahomlancer)  (NEWHP: 38.7)(37,189,1)
[04:07:22]ATTACK: giant spider (850) attacked Unknown(pahomlancer)  (NEWHP: 30.1)(37,189,1)
[04:07:22]ATTACK: giant spider (883) attacked Unknown(pahomlancer)  (NEWHP: 29.1)(37,189,1)
[04:07:22]ATTACK: giant spider (294) attacked Unknown(pahomlancer)  (NEWHP: 25.7)(37,189,1)
[04:07:24]ATTACK: giant rad scorpion (156) attacked Unknown(pahomlancer)  (NEWHP: 21.2)(37,189,1)
[04:07:24]ATTACK: giant spider (440) attacked Unknown(pahomlancer)  (NEWHP: 17.4)(37,189,1)
[04:07:24]ATTACK: giant spider (850) attacked Unknown(pahomlancer)  (NEWHP: 13.6)(37,189,1)
[04:07:24]ATTACK: giant spider (883) attacked Unknown(pahomlancer)  (NEWHP: 11.8)(37,189,1)
[04:07:24]ATTACK: giant spider (294) attacked Unknown(pahomlancer)  (NEWHP: 8.59999)(37,189,1)
[04:07:26]ATTACK: giant rad scorpion (156) attacked Unknown(pahomlancer)  (NEWHP: 4.09999)(37,189,1)
[04:07:26]ATTACK: giant spider (440) attacked Unknown(pahomlancer)  (NEWHP: 0.899994)(37,189,1)
[04:07:26]ATTACK: giant spider (850) attacked Unknown(pahomlancer)  (NEWHP: -2.5)(37,189,1)
[04:07:26]ATTACK: giant spider (883) attacked Unknown(pahomlancer)  (NEWHP: -3.5)(37,189,1)
[04:07:26]ATTACK: giant spider (294) attacked Unknown(pahomlancer)  (NEWHP: -6.1)(37,189,1)
[04:07:44]ATTACK: giant rad scorpion (749) attacked Unknown(pahomlancer)  (NEWHP: 100)(37,189,1)
[04:07:44]ATTACK: giant spider (440) attacked Unknown(pahomlancer)  (NEWHP: 96.4)(37,189,1)
[04:07:44]ATTACK: giant spider (849) attacked Unknown(pahomlancer)  (NEWHP: 93.8)(37,189,1)
[04:07:44]ATTACK: giant spider (794) attacked Unknown(pahomlancer)  (NEWHP: 91.8)(37,189,1)
[04:07:44]ATTACK: giant spider (926) attacked Unknown(pahomlancer)  (NEWHP: 90.6)(37,189,1)
[04:07:44]ATTACK: giant spider (294) attacked Unknown(pahomlancer)  (NEWHP: 88.2)(37,189,1)
[04:07:46]ATTACK: giant rad scorpion (749) attacked Unknown(pahomlancer)  (NEWHP: 83.3)(37,189,1)
[04:07:46]ATTACK: giant spider (440) attacked Unknown(pahomlancer)  (NEWHP: 79.9)(37,189,1)
[04:07:46]ATTACK: giant spider (849) attacked Unknown(pahomlancer)  (NEWHP: 77.3)(37,189,1)
[04:07:46]ATTACK: giant spider (794) attacked Unknown(pahomlancer)  (NEWHP: 75.1)(37,189,1)
[04:07:46]ATTACK: giant spider (883) attacked Unknown(pahomlancer)  (NEWHP: 73.1)(37,189,1)
[04:07:46]ATTACK: giant spider (926) attacked Unknown(pahomlancer)  (NEWHP: 71.1)(37,189,1)
[04:07:46]ATTACK: giant spider (294) attacked Unknown(pahomlancer)  (NEWHP: 68.5)(37,189,1)
[04:09:55]ATTACK: Cazador attacked brahmin  (NEWHP: 20)(219,175,1)
[04:09:58]ATTACK: Cazador attacked brahmin  (NEWHP: 5)(219,175,1)
[04:11:45]ATTACK: Cazador attacked Mutant  (NEWHP: 250)(176,152,5)
[04:11:45]ATTACK: Mutant attacked Cazador  (NEWHP: 50)(176,153,5)
[04:11:47]ATTACK: Cazador attacked Mutant  (NEWHP: 234)(176,152,5)
[04:11:47]ATTACK: Mutant attacked Cazador  (NEWHP: 22)(176,153,5)
[04:15:19]ATTACK: Cazador attacked brahmin  (NEWHP: 20)(211,168,1)
[04:15:21]ATTACK: Cazador attacked brahmin  (NEWHP: 5)(211,168,1)
[04:15:23]ATTACK: Molerat attacked Mutant  (NEWHP: 250)(42,110,5)
[04:15:23]ATTACK: Mutant attacked Molerat  (NEWHP: 100)(41,110,5)
[04:15:25]ATTACK: Molerat attacked Mutant  (NEWHP: 250)(42,110,5)
[04:15:25]ATTACK: Mutant attacked Molerat  (NEWHP: 69)(41,110,5)
[04:15:27]ATTACK: Molerat attacked Mutant  (NEWHP: 250)(42,110,5)
[04:15:27]ATTACK: Mutant attacked Molerat  (NEWHP: 44)(41,110,5)
[04:15:29]ATTACK: Molerat attacked Mutant  (NEWHP: 250)(42,110,5)
[04:15:29]ATTACK: Mutant attacked Molerat  (NEWHP: 10)(41,110,5)
[04:20:38]ATTACK: Cazador attacked brahmin  (NEWHP: 20)(212,155,1)
[04:20:40]ATTACK: Cazador attacked brahmin  (NEWHP: 5)(212,155,1)
[04:30:21]ATTACK: Molerat attacked Cazador  (NEWHP: 50)(15,158,1)
[04:30:21]ATTACK: Cazador attacked Molerat  (NEWHP: 10)(15,157,1)


Starting up. 04:42.04
---------------------
[04:44:26]ATTACK: rad scorpion (200) attacked Default Cyborg-130  (NEWHP: 100)(27,190,1)
[04:44:27]ATTACK: Raider shot Raider with the bullet (NEWHP: 65)(176,102,1)
[04:44:29]ATTACK: Raider attacked mouse  (NEWHP: 5)(241,101,1)
[04:44:29]ATTACK: Raider attacked mouse  (NEWHP: 5)(216,110,1)
[04:44:29]ATTACK: rad scorpion (200) attacked Default Cyborg-130  (NEWHP: 92)(27,190,1)
[04:44:29]ATTACK: giant rad scorpion (153) attacked Default Cyborg-130  (NEWHP: 86)(27,190,1)
[04:44:31]ATTACK: rad scorpion (200) attacked Default Cyborg-130  (NEWHP: 66)(27,190,1)
[04:44:31]ATTACK: giant rad scorpion (153) attacked Default Cyborg-130  (NEWHP: 61)(27,190,1)
[04:44:33]ATTACK: rad scorpion (200) attacked Default Cyborg-130  (NEWHP: 45)(27,189,1)
[04:44:33]ATTACK: giant rad scorpion (153) attacked Default Cyborg-130  (NEWHP: 38)(27,189,1)
[04:44:35]ATTACK: rad scorpion (200) attacked Default Cyborg-130  (NEWHP: 21)(27,189,1)
[04:44:35]ATTACK: giant rad scorpion (153) attacked Default Cyborg-130  (NEWHP: 11)(27,189,1)
[04:44:37]ATTACK: rad scorpion (200) attacked Default Cyborg-130  (NEWHP: -9)(27,189,1)
[04:44:37]ATTACK: giant rad scorpion (153) attacked Default Cyborg-130  (NEWHP: -18)(27,189,1)
[04:44:39]ATTACK: rad scorpion (200) attacked Default Cyborg-130  (NEWHP: -34)(27,189,1)
[04:44:39]ATTACK: giant rad scorpion (153) attacked Default Cyborg-130  (NEWHP: -42)(27,189,1)
[04:44:41]ATTACK: rad scorpion (200) attacked Default Cyborg-130  (NEWHP: -61)(27,189,1)
[04:44:41]ATTACK: giant rad scorpion (153) attacked Default Cyborg-130  (NEWHP: -66)(27,189,1)
[04:44:43]ATTACK: rad scorpion (200) attacked Default Cyborg-130  (NEWHP: -83)(27,190,1)
[04:44:43]ATTACK: giant rad scorpion (153) attacked Default Cyborg-130  (NEWHP: -92)(27,190,1)
[04:45:15]ATTACK: cammel attacked cammel  (NEWHP: 20)(160,243,1)
[04:45:17]ATTACK: cammel attacked cammel  (NEWHP: 19)(160,243,1)
[04:45:19]ATTACK: cammel attacked cammel  (NEWHP: 18)(160,243,1)
[04:45:19]ATTACK: cammel attacked cammel  (NEWHP: 20)(159,243,1)
[04:45:21]ATTACK: cammel attacked cammel  (NEWHP: 16)(160,243,1)
[04:45:21]ATTACK: cammel attacked cammel  (NEWHP: 18)(159,243,1)
[04:45:23]ATTACK: cammel attacked cammel  (NEWHP: 14)(160,243,1)
[04:45:23]ATTACK: cammel attacked cammel  (NEWHP: 17)(159,243,1)
[04:45:25]ATTACK: cammel attacked cammel  (NEWHP: 12)(160,243,1)
[04:45:25]ATTACK: cammel attacked cammel  (NEWHP: 15)(159,243,1)
[04:45:27]ATTACK: cammel attacked cammel  (NEWHP: 10)(160,243,1)
[04:45:27]ATTACK: cammel attacked cammel  (NEWHP: 14)(159,243,1)
[04:45:29]ATTACK: cammel attacked cammel  (NEWHP: 9)(160,243,1)
[04:45:29]ATTACK: cammel attacked cammel  (NEWHP: 12)(159,243,1)
[04:45:31]ATTACK: cammel attacked cammel  (NEWHP: 7)(160,243,1)
[04:45:31]ATTACK: cammel attacked cammel  (NEWHP: 11)(159,243,1)
[04:45:33]ATTACK: cammel attacked cammel  (NEWHP: 6)(160,243,1)
[04:45:33]ATTACK: cammel attacked cammel  (NEWHP: 10)(159,243,1)
[04:45:35]ATTACK: cammel attacked cammel  (NEWHP: 5)(160,243,1)
[04:45:35]ATTACK: cammel attacked cammel  (NEWHP: 9)(159,243,1)
[04:45:37]ATTACK: cammel attacked cammel  (NEWHP: 4)(160,243,1)
[04:45:37]ATTACK: cammel attacked cammel  (NEWHP: 8)(159,243,1)
[04:45:39]ATTACK: cammel attacked cammel  (NEWHP: 3)(160,243,1)
[04:45:39]ATTACK: cammel attacked cammel  (NEWHP: 7)(159,243,1)
[04:45:41]ATTACK: cammel attacked cammel  (NEWHP: 1)(160,243,1)
[04:45:57]ATTACK: cammel attacked cammel  (NEWHP: 20)(26,120,1)
[04:45:59]ATTACK: cammel attacked cammel  (NEWHP: 18)(26,120,1)
[04:46:01]ATTACK: cammel attacked cammel  (NEWHP: 16)(23,117,1)
[04:46:01]ATTACK: cammel attacked cammel  (NEWHP: 20)(22,116,1)
[04:46:03]ATTACK: cammel attacked cammel  (NEWHP: 14)(23,117,1)
[04:46:03]ATTACK: cammel attacked cammel  (NEWHP: 19)(22,117,1)
[04:46:05]ATTACK: cammel attacked cammel  (NEWHP: 13)(23,117,1)
[04:46:05]ATTACK: cammel attacked cammel  (NEWHP: 12)(23,117,1)
[04:46:05]ATTACK: cammel attacked cammel  (NEWHP: 17)(22,117,1)
[04:46:07]ATTACK: cammel attacked cammel  (NEWHP: 11)(23,117,1)
[04:46:07]ATTACK: cammel attacked cammel  (NEWHP: 15)(22,117,1)
[04:46:09]ATTACK: cammel attacked cammel  (NEWHP: 9)(23,117,1)
[04:46:09]ATTACK: cammel attacked cammel  (NEWHP: 8)(23,117,1)
[04:46:09]ATTACK: cammel attacked cammel  (NEWHP: 13)(22,117,1)
[04:46:11]ATTACK: cammel attacked cammel  (NEWHP: 7)(23,117,1)
[04:46:11]ATTACK: cammel attacked cammel  (NEWHP: 5)(23,117,1)
[04:46:11]ATTACK: cammel attacked cammel  (NEWHP: 12)(22,117,1)
[04:46:13]ATTACK: cammel attacked cammel  (NEWHP: 4)(23,117,1)
[04:46:13]ATTACK: cammel attacked cammel  (NEWHP: 3)(23,117,1)
[04:46:15]ATTACK: cammel attacked cammel  (NEWHP: 2)(23,117,1)
[04:46:47]ATTACK: cammel attacked cammel  (NEWHP: 20)(25,117,1)
[04:46:49]ATTACK: cammel attacked cammel  (NEWHP: 19)(25,117,1)
[04:46:49]ATTACK: cammel attacked cammel  (NEWHP: 10)(24,117,1)
[04:46:53]ATTACK: cammel attacked cammel  (NEWHP: 18)(24,117,1)
[04:46:53]ATTACK: cammel attacked cammel  (NEWHP: 9)(23,117,1)
[04:46:55]ATTACK: cammel attacked cammel  (NEWHP: 7)(23,117,1)
[04:46:57]ATTACK: cammel attacked cammel  (NEWHP: 16)(24,117,1)
[04:46:57]ATTACK: cammel attacked cammel  (NEWHP: 5)(23,117,1)
[04:46:59]ATTACK: cammel attacked cammel  (NEWHP: 14)(24,117,1)
[04:46:59]ATTACK: cammel attacked cammel  (NEWHP: 3)(23,117,1)
[04:47:01]ATTACK: cammel attacked cammel  (NEWHP: 13)(24,117,1)
[04:47:01]ATTACK: cammel attacked cammel  (NEWHP: 1)(23,117,1)
[04:47:44]ATTACK: cammel attacked cammel  (NEWHP: 20)(155,250,1)
[04:47:46]ATTACK: cammel attacked cammel  (NEWHP: 18)(154,250,1)
[04:47:46]ATTACK: cammel attacked cammel  (NEWHP: 6)(155,249,1)
[04:47:48]ATTACK: cammel attacked cammel  (NEWHP: 17)(154,250,1)
[04:47:48]ATTACK: cammel attacked cammel  (NEWHP: 5)(155,249,1)
[04:47:50]ATTACK: cammel attacked cammel  (NEWHP: 16)(154,250,1)
[04:47:50]ATTACK: cammel attacked cammel  (NEWHP: 4)(155,249,1)
[04:47:52]ATTACK: cammel attacked cammel  (NEWHP: 15)(154,250,1)
[04:47:52]ATTACK: cammel attacked cammel  (NEWHP: 2)(155,249,1)
[04:47:54]ATTACK: cammel attacked cammel  (NEWHP: 13)(154,250,1)
[04:47:56]ATTACK: cammel attacked cammel  (NEWHP: 12)(154,250,1)
[04:47:56]ATTACK: cammel attacked cammel  (NEWHP: 1)(155,249,1)
[04:55:03]ATTACK: zombie attacked Thomas Hutton(pahomlancer)  (NEWHP: 100)(110,169,1)
[04:55:05]ATTACK: zombie attacked Thomas Hutton(pahomlancer)  (NEWHP: 80)(110,169,1)
[04:55:21]ATTACK: zombie attacked Thomas Hutton(pahomlancer)  (NEWHP: 60)(101,171,1)
[04:55:21]ATTACK: zombie attacked Toecutter  (NEWHP: 100)(107,172,1)
[04:55:23]ATTACK: zombie attacked Thomas Hutton(pahomlancer)  (NEWHP: 40)(97,171,1)
[04:55:23]ATTACK: zombie attacked Toecutter  (NEWHP: 80)(107,172,1)
[04:55:25]ATTACK: Thomas Hutton(pahomlancer) attacked zombie with cursed shovel(INTENT: HELP) (DAMTYPE: BRUTE) (NEWHP: 85)(96,171,1)
[04:55:26]ATTACK: Thomas Hutton(pahomlancer) attacked zombie with cursed shovel(INTENT: HELP) (DAMTYPE: BRUTE) (NEWHP: 70)(94,171,1)
[04:55:26]ATTACK: zombie attacked Thomas Hutton(pahomlancer)  (NEWHP: 20)(92,171,1)
[04:55:26]ATTACK: zombie attacked Toecutter  (NEWHP: 60)(107,172,1)
[04:55:26]ATTACK: Thomas Hutton(pahomlancer) attacked zombie with cursed shovel(INTENT: HELP) (DAMTYPE: BRUTE) (NEWHP: 55)(92,171,1)
[04:55:28]ATTACK: zombie attacked Thomas Hutton(pahomlancer)  (NEWHP: -3)(90,171,1)
[04:55:28]ATTACK: zombie attacked Toecutter  (NEWHP: 40)(107,172,1)
[04:55:28]ATTACK: zombie attacked Toecutter  (NEWHP: 20)(107,172,1)
[04:55:30]ATTACK: Thomas Hutton(pahomlancer) attacked zombie  (NEWHP: 55)(91,171,1)
[04:55:31]ATTACK: Thomas Hutton(pahomlancer) attacked zombie  (NEWHP: 35)(91,171,1)
[04:55:32]ATTACK: Thomas Hutton(pahomlancer) attacked zombie  (NEWHP: 15)(91,171,1)
[04:55:40]ATTACK: Thomas Hutton(pahomlancer) attacked corpse pit  (NEWHP: 400)(114,173,1)
[04:55:40]ATTACK: Thomas Hutton(pahomlancer) attacked corpse pit  (NEWHP: 380)(114,173,1)
[04:55:41]ATTACK: Thomas Hutton(pahomlancer) attacked corpse pit  (NEWHP: 360)(114,173,1)
[04:55:46]ATTACK: Thomas Hutton(pahomlancer) attacked corpse pit  (NEWHP: 340)(114,173,1)
[04:55:47]ATTACK: Thomas Hutton(pahomlancer) attacked corpse pit  (NEWHP: 320)(114,173,1)
[04:55:59]ATTACK: Thomas Hutton(pahomlancer) attacked corpse pit  (NEWHP: 300)(114,173,1)
[04:56:00]ATTACK: Thomas Hutton(pahomlancer) attacked corpse pit  (NEWHP: 280)(114,173,1)
[04:56:01]ATTACK: Thomas Hutton(pahomlancer) attacked corpse pit  (NEWHP: 260)(114,173,1)
[04:56:02]ATTACK: Thomas Hutton(pahomlancer) attacked corpse pit  (NEWHP: 240)(114,173,1)
[04:56:03]ATTACK: Thomas Hutton(pahomlancer) attacked zombie  (NEWHP: 100)(114,174,1)
[04:56:04]ATTACK: Thomas Hutton(pahomlancer) attacked zombie  (NEWHP: 80)(114,174,1)
[04:56:04]ATTACK: Thomas Hutton(pahomlancer) attacked zombie  (NEWHP: 60)(114,174,1)
[04:56:05]ATTACK: Thomas Hutton(pahomlancer) attacked zombie  (NEWHP: 40)(114,174,1)
[04:56:07]ATTACK: Thomas Hutton(pahomlancer) attacked zombie  (NEWHP: 20)(114,175,1)
[04:56:08]ATTACK: Thomas Hutton(pahomlancer) attacked zombie  (NEWHP: 100)(114,172,1)
[04:56:09]ATTACK: Thomas Hutton(pahomlancer) attacked zombie  (NEWHP: 80)(114,172,1)
[04:56:10]ATTACK: Thomas Hutton(pahomlancer) attacked zombie  (NEWHP: 60)(114,172,1)
[04:56:11]ATTACK: Thomas Hutton(pahomlancer) attacked zombie  (NEWHP: 40)(114,172,1)
[04:56:12]ATTACK: Thomas Hutton(pahomlancer) attacked zombie  (NEWHP: 20)(114,172,1)
[04:56:13]ATTACK: Thomas Hutton(pahomlancer) attacked zombie  (NEWHP: 100)(114,171,1)
[04:56:14]ATTACK: Thomas Hutton(pahomlancer) attacked zombie  (NEWHP: 80)(114,171,1)
[04:56:28]ATTACK: Thomas Hutton(pahomlancer) attacked zombie  (NEWHP: 60)(114,172,1)
[04:56:29]ATTACK: Thomas Hutton(pahomlancer) attacked zombie  (NEWHP: 40)(114,171,1)
[04:56:29]ATTACK: Thomas Hutton(pahomlancer) attacked zombie  (NEWHP: 20)(114,171,1)
[04:57:52]ATTACK: Thomas Hutton(pahomlancer) attacked zombie  (NEWHP: 100)(114,170,1)
[04:57:53]ATTACK: Thomas Hutton(pahomlancer) attacked zombie  (NEWHP: 80)(114,170,1)
[04:57:54]ATTACK: Thomas Hutton(pahomlancer) attacked zombie  (NEWHP: 60)(114,170,1)
[04:57:55]ATTACK: Thomas Hutton(pahomlancer) attacked zombie  (NEWHP: 40)(114,171,1)
[04:57:56]ATTACK: Thomas Hutton(pahomlancer) attacked zombie  (NEWHP: 20)(114,171,1)
[04:57:57]ATTACK: Thomas Hutton(pahomlancer) attacked zombie  (NEWHP: 100)(112,171,1)
[04:57:58]ATTACK: Thomas Hutton(pahomlancer) attacked zombie  (NEWHP: 80)(112,171,1)
[04:57:59]ATTACK: Thomas Hutton(pahomlancer) attacked zombie  (NEWHP: 60)(112,171,1)
[04:58:00]ATTACK: Thomas Hutton(pahomlancer) attacked zombie  (NEWHP: 40)(112,171,1)
[04:58:01]ATTACK: Thomas Hutton(pahomlancer) attacked zombie  (NEWHP: 20)(112,171,1)
[04:58:04]ATTACK: Thomas Hutton(pahomlancer) attacked zombie  (NEWHP: 100)(114,171,1)
[04:58:05]ATTACK: Thomas Hutton(pahomlancer) attacked zombie  (NEWHP: 80)(114,171,1)
[04:58:06]ATTACK: Thomas Hutton(pahomlancer) attacked zombie  (NEWHP: 60)(114,171,1)
[04:58:07]ATTACK: Thomas Hutton(pahomlancer) attacked zombie  (NEWHP: 40)(114,171,1)
[04:58:08]ATTACK: Thomas Hutton(pahomlancer) attacked zombie  (NEWHP: 20)(114,171,1)
[05:13:24]ATTACK: Molerat attacked cammel  (NEWHP: 12)(28,110,1)
[05:13:26]ATTACK: Molerat attacked cammel  (NEWHP: 5)(28,110,1)
[05:15:56]ATTACK: Griffin Whiteman(pahomlancer) shot Cazador with the bullet (NEWHP: 10)(171,196,1)
[05:15:57]ATTACK: Griffin Whiteman(pahomlancer) shot Cazador with the bullet (NEWHP: 0)(175,196,1)
[05:16:16]ATTACK: Griffin Whiteman(pahomlancer) attempted to inject Griffin Whiteman(pahomlancer) with the DNA injector (Cloak of Darkness) (NEWHP: 100)(164,180,1)
[05:16:16]ATTACK: Griffin Whiteman(pahomlancer) injected Griffin Whiteman(pahomlancer) with the DNA injector (Cloak of Darkness) (NEWHP: 100)(164,180,1)
[05:16:16]ATTACK: pahomlancer/(Griffin Whiteman) injected pahomlancer/(Griffin Whiteman) with the DNA injector (Cloak of Darkness)
[05:17:45]ATTACK: Enclave Commando shot Griffin Whiteman(pahomlancer) with the bullet (NEWHP: 93)(207,207,1)
[05:17:50]ATTACK: Enclave Commando shot Griffin Whiteman(pahomlancer) with the bullet (NEWHP: 58)(204,206,1)
[05:17:50]ATTACK: Enclave Commando shot Griffin Whiteman(pahomlancer) with the bullet (NEWHP: 58)(205,206,1)
[05:18:02]ATTACK: Enclave Commando shot Griffin Whiteman(pahomlancer) with the bullet (NEWHP: 100)(204,212,1)
[05:18:03]ATTACK: Enclave Commando shot Griffin Whiteman(pahomlancer) with the bullet (NEWHP: 100)(204,212,1)
[05:18:05]ATTACK: Griffin Whiteman(pahomlancer) shot Enclave Commando with the bullet (NEWHP: 560)(201,206,1)
[05:18:05]ATTACK: Griffin Whiteman(pahomlancer) shot Enclave Commando with the bullet (NEWHP: 520)(201,206,1)
[05:18:05]ATTACK: Griffin Whiteman(pahomlancer) shot Enclave Commando with the bullet (NEWHP: 480)(201,206,1)
[05:18:06]ATTACK: Griffin Whiteman(pahomlancer) shot Enclave Commando with the bullet (NEWHP: 440)(201,206,1)
[05:18:06]ATTACK: Griffin Whiteman(pahomlancer) shot Enclave Commando with the bullet (NEWHP: 400)(201,206,1)
[05:18:07]ATTACK: Griffin Whiteman(pahomlancer) shot Enclave Commando with the bullet (NEWHP: 360)(201,206,1)
[05:18:08]ATTACK: Griffin Whiteman(pahomlancer) shot Enclave Commando with the bullet (NEWHP: 320)(201,206,1)
[05:18:08]ATTACK: Griffin Whiteman(pahomlancer) shot Enclave Commando with the bullet (NEWHP: 280)(201,206,1)
[05:18:08]ATTACK: Enclave Commando shot Griffin Whiteman(pahomlancer) with the bullet (NEWHP: 65)(206,207,1)
[05:18:08]ATTACK: Enclave Commando shot Griffin Whiteman(pahomlancer) with the bullet (NEWHP: 65)(206,207,1)
[05:18:09]ATTACK: Enclave Commando shot Griffin Whiteman(pahomlancer) with the bullet (NEWHP: 65)(206,207,1)
[05:18:09]ATTACK: Griffin Whiteman(pahomlancer) shot Enclave Commando with the bullet (NEWHP: 240)(201,206,1)
[05:18:14]ATTACK: Enclave Commando shot Griffin Whiteman(pahomlancer) with the bullet (NEWHP: 12.5)(206,205,1)
[05:18:37]ATTACK: Enclave Commando shot Griffin Whiteman(pahomlancer) with the bullet (NEWHP: 100)(206,208,1)
[05:18:37]ATTACK: Enclave Commando shot Griffin Whiteman(pahomlancer) with the bullet (NEWHP: 100)(206,206,1)
[05:18:39]ATTACK: Griffin Whiteman(pahomlancer) shot Enclave Commando with the laser (NEWHP: 220)(201,212,1)
[05:18:40]ATTACK: Griffin Whiteman(pahomlancer) shot Enclave Commando with the laser (NEWHP: 200)(201,212,1)
[05:18:41]ATTACK: Griffin Whiteman(pahomlancer) shot Enclave Commando with the laser (NEWHP: 180)(201,212,1)
[05:18:41]ATTACK: Griffin Whiteman(pahomlancer) shot Enclave Commando with the laser (NEWHP: 160)(201,212,1)
[05:18:42]ATTACK: Griffin Whiteman(pahomlancer) shot Enclave Commando with the laser (NEWHP: 140)(201,212,1)
[05:18:43]ATTACK: Enclave Commando shot Griffin Whiteman(pahomlancer) with the bullet (NEWHP: 65)(206,212,1)
[05:18:43]ATTACK: Griffin Whiteman(pahomlancer) shot Enclave Commando with the laser (NEWHP: 120)(201,212,1)
[05:18:43]ATTACK: Enclave Commando shot Griffin Whiteman(pahomlancer) with the bullet (NEWHP: 65)(206,212,1)
[05:18:43]ATTACK: Enclave Commando shot Griffin Whiteman(pahomlancer) with the bullet (NEWHP: 65)(206,212,1)
[05:18:43]ATTACK: Griffin Whiteman(pahomlancer) shot Enclave Commando with the laser (NEWHP: 100)(201,212,1)
[05:18:44]ATTACK: Griffin Whiteman(pahomlancer) shot Enclave Commando with the laser (NEWHP: 80)(201,212,1)
[05:18:49]ATTACK: Enclave Commando shot Griffin Whiteman(pahomlancer) with the bullet (NEWHP: 12.5)(206,216,1)
[05:18:49]ATTACK: Enclave Commando shot Griffin Whiteman(pahomlancer) with the bullet (NEWHP: 12.5)(206,216,1)
[05:18:55]ATTACK: Enclave Commando shot Griffin Whiteman(pahomlancer) with the bullet (NEWHP: 100)(206,216,1)
[05:18:55]ATTACK: Enclave Commando shot Griffin Whiteman(pahomlancer) with the bullet (NEWHP: 100)(206,216,1)
[05:19:01]ATTACK: Enclave Commando shot Griffin Whiteman(pahomlancer) with the bullet (NEWHP: 65)(229,213,1)
[05:19:01]ATTACK: Enclave Commando shot Griffin Whiteman(pahomlancer) with the bullet (NEWHP: 65)(229,213,1)
[05:19:10]ATTACK: Molerat attacked Mutant  (NEWHP: 250)(169,164,5)
[05:19:10]ATTACK: Mutant attacked Molerat  (NEWHP: 100)(168,164,5)
[05:19:12]ATTACK: Molerat attacked Mutant  (NEWHP: 250)(169,164,5)
[05:19:12]ATTACK: Mutant attacked Molerat  (NEWHP: 69)(168,164,5)
[05:19:14]ATTACK: Molerat attacked Mutant  (NEWHP: 250)(169,164,5)
[05:19:14]ATTACK: Mutant attacked Molerat  (NEWHP: 43)(168,164,5)
[05:19:15]ATTACK: Enclave Commando shot Griffin Whiteman(pahomlancer) with the bullet (NEWHP: 100)(204,208,1)
[05:19:15]ATTACK: Enclave Commando shot Griffin Whiteman(pahomlancer) with the bullet (NEWHP: 100)(204,208,1)
[05:19:15]ATTACK: Enclave Commando shot Griffin Whiteman(pahomlancer) with the bullet (NEWHP: 100)(204,208,1)
[05:19:15]ATTACK: Griffin Whiteman(pahomlancer) shot Enclave Commando with the laser (NEWHP: 60)(201,206,1)
[05:19:16]ATTACK: Griffin Whiteman(pahomlancer) shot Enclave Commando with the laser (NEWHP: 40)(201,206,1)
[05:19:16]ATTACK: Griffin Whiteman(pahomlancer) shot Enclave Commando with the laser (NEWHP: 20)(201,206,1)
[05:19:16]ATTACK: Molerat attacked Mutant  (NEWHP: 250)(169,164,5)
[05:19:16]ATTACK: Mutant attacked Molerat  (NEWHP: 9)(168,164,5)
[05:19:17]ATTACK: Griffin Whiteman(pahomlancer) shot Desmond Hynes with the laser (NEWHP: 100)(201,206,1)
[05:19:32]ATTACK: Enclave Commando shot Griffin Whiteman(pahomlancer) with the bullet (NEWHP: 100)(216,212,1)
[05:19:34]ATTACK: Griffin Whiteman(pahomlancer) shot Enclave Commando with the bullet (NEWHP: 565)(220,213,1)
[05:19:34]ATTACK: Griffin Whiteman(pahomlancer) shot Enclave Commando with the bullet (NEWHP: 530)(220,213,1)
[05:19:34]ATTACK: Griffin Whiteman(pahomlancer) shot Enclave Commando with the bullet (NEWHP: 495)(220,213,1)
[05:19:34]ATTACK: Griffin Whiteman(pahomlancer) shot Enclave Commando with the bullet (NEWHP: 460)(220,213,1)
[05:19:34]ATTACK: Griffin Whiteman(pahomlancer) shot Enclave Commando with the bullet (NEWHP: 425)(220,213,1)
[05:19:34]ATTACK: Griffin Whiteman(pahomlancer) shot Enclave Commando with the bullet (NEWHP: 390)(220,213,1)
[05:19:35]ATTACK: Griffin Whiteman(pahomlancer) shot Enclave Commando with the bullet (NEWHP: 355)(220,213,1)
[05:19:35]ATTACK: Griffin Whiteman(pahomlancer) shot Enclave Commando with the bullet (NEWHP: 320)(220,213,1)
[05:19:35]ATTACK: Griffin Whiteman(pahomlancer) shot Enclave Commando with the bullet (NEWHP: 285)(220,213,1)
[05:19:36]ATTACK: Griffin Whiteman(pahomlancer) shot Enclave Commando with the bullet (NEWHP: 250)(220,213,1)
[05:19:36]ATTACK: Griffin Whiteman(pahomlancer) shot Enclave Commando with the bullet (NEWHP: 215)(220,213,1)
[05:19:36]ATTACK: Griffin Whiteman(pahomlancer) shot Enclave Commando with the bullet (NEWHP: 180)(220,213,1)
[05:19:36]ATTACK: Griffin Whiteman(pahomlancer) shot Enclave Commando with the bullet (NEWHP: 145)(220,213,1)
[05:19:36]ATTACK: Griffin Whiteman(pahomlancer) shot Enclave Commando with the bullet (NEWHP: 110)(220,213,1)
[05:19:36]ATTACK: Griffin Whiteman(pahomlancer) shot Enclave Commando with the bullet (NEWHP: 75)(220,213,1)
[05:19:37]ATTACK: Enclave Commando shot Griffin Whiteman(pahomlancer) with the bullet (NEWHP: 82.5)(218,212,1)
[05:19:37]ATTACK: Griffin Whiteman(pahomlancer) shot Enclave Commando with the bullet (NEWHP: 40)(221,213,1)
[05:19:37]ATTACK: Griffin Whiteman(pahomlancer) shot Enclave Commando with the bullet (NEWHP: 5)(221,213,1)
[05:19:37]ATTACK: Enclave Commando shot Griffin Whiteman(pahomlancer) with the bullet (NEWHP: 82.5)(218,212,1)
[05:19:38]ATTACK: Enclave Commando shot Griffin Whiteman(pahomlancer) with the bullet (NEWHP: 82.5)(218,212,1)
[05:19:39]ATTACK: Griffin Whiteman(pahomlancer) shot Erika Byers with the bullet (NEWHP: 100)(223,213,1)
[05:19:39]ATTACK: Griffin Whiteman(pahomlancer) shot Erika Byers with the bullet (NEWHP: 100)(223,213,1)
[05:19:40]ATTACK: Griffin Whiteman(pahomlancer) shot Erika Byers with the bullet (NEWHP: 100)(223,213,1)
[05:19:40]ATTACK: Griffin Whiteman(pahomlancer) shot Erika Byers with the bullet (NEWHP: 100)(223,213,1)
[05:19:40]ATTACK: Griffin Whiteman(pahomlancer) shot Erika Byers with the bullet (NEWHP: 100)(223,213,1)
[05:20:04]ATTACK: Griffin Whiteman(pahomlancer) shot Enclave Commando with the bullet (NEWHP: 565)(192,213,1)
[05:20:04]ATTACK: Griffin Whiteman(pahomlancer) shot Enclave Commando with the bullet (NEWHP: 530)(192,213,1)
[05:20:04]ATTACK: Griffin Whiteman(pahomlancer) shot Enclave Commando with the bullet (NEWHP: 495)(192,213,1)
[05:20:04]ATTACK: Griffin Whiteman(pahomlancer) shot Enclave Commando with the bullet (NEWHP: 460)(192,213,1)
[05:20:05]ATTACK: Griffin Whiteman(pahomlancer) shot Enclave Commando with the bullet (NEWHP: 425)(192,213,1)
[05:20:05]ATTACK: Griffin Whiteman(pahomlancer) shot Enclave Commando with the bullet (NEWHP: 390)(192,213,1)
[05:20:05]ATTACK: Griffin Whiteman(pahomlancer) shot Enclave Commando with the bullet (NEWHP: 355)(192,213,1)
[05:20:05]ATTACK: Griffin Whiteman(pahomlancer) shot Enclave Commando with the bullet (NEWHP: 320)(192,213,1)
[05:20:05]ATTACK: Griffin Whiteman(pahomlancer) shot Enclave Commando with the bullet (NEWHP: 285)(192,213,1)
[05:20:06]ATTACK: Griffin Whiteman(pahomlancer) shot Enclave Commando with the bullet (NEWHP: 250)(192,213,1)
[05:20:06]ATTACK: Griffin Whiteman(pahomlancer) shot Enclave Commando with the bullet (NEWHP: 215)(192,213,1)
[05:20:06]ATTACK: Griffin Whiteman(pahomlancer) shot Enclave Commando with the bullet (NEWHP: 180)(192,213,1)
[05:20:06]ATTACK: Griffin Whiteman(pahomlancer) shot Enclave Commando with the bullet (NEWHP: 145)(192,213,1)
[05:20:06]ATTACK: Griffin Whiteman(pahomlancer) shot Enclave Commando with the bullet (NEWHP: 110)(192,213,1)
[05:20:06]ATTACK: Griffin Whiteman(pahomlancer) shot Enclave Commando with the bullet (NEWHP: 75)(192,213,1)
[05:20:07]ATTACK: Griffin Whiteman(pahomlancer) shot Enclave Commando with the bullet (NEWHP: 40)(191,213,1)
[05:20:07]ATTACK: Griffin Whiteman(pahomlancer) shot Enclave Commando with the bullet (NEWHP: 5)(191,213,1)
[05:20:07]ATTACK: Enclave Commando shot Griffin Whiteman(pahomlancer) with the bullet (NEWHP: 100)(195,212,1)
[05:20:09]ATTACK: Molerat attacked Mutant  (NEWHP: 250)(164,167,5)
[05:20:09]ATTACK: Mutant attacked Molerat  (NEWHP: 100)(163,168,5)
[05:20:11]ATTACK: Molerat attacked Mutant  (NEWHP: 250)(164,167,5)
[05:20:11]ATTACK: Mutant attacked Molerat  (NEWHP: 70)(163,168,5)
[05:20:13]ATTACK: Molerat attacked Mutant  (NEWHP: 250)(164,167,5)
[05:20:13]ATTACK: Mutant attacked Molerat  (NEWHP: 38)(163,168,5)
[05:20:15]ATTACK: Molerat attacked Mutant  (NEWHP: 250)(164,167,5)
[05:20:15]ATTACK: Mutant attacked Molerat  (NEWHP: 8)(163,168,5)
[05:20:52]ATTACK: Raider shot Griffin Whiteman(pahomlancer) with the bullet (NEWHP: 100)(148,220,1)
[05:20:54]ATTACK: Griffin Whiteman(pahomlancer) shot Raider with the bullet (NEWHP: 65)(144,221,1)
[05:20:54]ATTACK: Griffin Whiteman(pahomlancer) shot Raider with the bullet (NEWHP: 30)(144,221,1)
[05:21:28]ATTACK: yaogai attacked Griffin Whiteman(pahomlancer)  (NEWHP: 100)(44,213,1)
[05:21:34]ATTACK: Griffin Whiteman(pahomlancer) shot yaogai with the pellet (NEWHP: 280)(43,211,1)
[05:21:34]ATTACK: Griffin Whiteman(pahomlancer) shot yaogai with the pellet (NEWHP: 260)(43,211,1)
[05:21:34]ATTACK: Griffin Whiteman(pahomlancer) shot yaogai with the pellet (NEWHP: 240)(43,211,1)
[05:21:34]ATTACK: Griffin Whiteman(pahomlancer) shot yaogai with the pellet (NEWHP: 220)(43,211,1)
[05:21:34]ATTACK: Griffin Whiteman(pahomlancer) shot yaogai with the pellet (NEWHP: 200)(43,211,1)
[05:21:34]ATTACK: Griffin Whiteman(pahomlancer) shot yaogai with the pellet (NEWHP: 180)(43,211,1)
[05:21:34]ATTACK: yaogai attacked Griffin Whiteman(pahomlancer)  (NEWHP: 84.5)(43,210,1)
[05:21:34]ATTACK: Griffin Whiteman(pahomlancer) shot yaogai with the pellet (NEWHP: 160)(43,211,1)
[05:21:34]ATTACK: Griffin Whiteman(pahomlancer) shot yaogai with the pellet (NEWHP: 140)(43,211,1)
[05:21:34]ATTACK: Griffin Whiteman(pahomlancer) shot yaogai with the pellet (NEWHP: 120)(43,211,1)
[05:21:34]ATTACK: Griffin Whiteman(pahomlancer) shot yaogai with the pellet (NEWHP: 100)(43,211,1)
[05:21:34]ATTACK: Griffin Whiteman(pahomlancer) shot yaogai with the pellet (NEWHP: 80)(43,211,1)
[05:21:34]ATTACK: Griffin Whiteman(pahomlancer) shot yaogai with the pellet (NEWHP: 60)(43,211,1)
[05:21:38]ATTACK: yaogai attacked Griffin Whiteman(pahomlancer)  (NEWHP: 70.5)(42,213,1)
[05:21:40]ATTACK: yaogai attacked Griffin Whiteman(pahomlancer)  (NEWHP: 54.5)(43,212,1)
[05:21:42]ATTACK: yaogai attacked Griffin Whiteman(pahomlancer)  (NEWHP: 38)(43,212,1)
[05:21:44]ATTACK: yaogai attacked Griffin Whiteman(pahomlancer)  (NEWHP: 21.5)(44,212,1)
[05:21:44]ATTACK: Griffin Whiteman(pahomlancer) shot yaogai with the pellet (NEWHP: 40)(43,212,1)
[05:21:44]ATTACK: Griffin Whiteman(pahomlancer) shot yaogai with the pellet (NEWHP: 20)(43,212,1)
[05:21:44]ATTACK: Griffin Whiteman(pahomlancer) shot yaogai with the pellet (NEWHP: 0)(43,212,1)
[05:22:22]ATTACK: Cazador attacked Griffin Whiteman(pahomlancer)  (NEWHP: 100)(7,199,1)
[05:22:22]ATTACK: Griffin Whiteman(pahomlancer) shot Cazador with the pellet (NEWHP: 30)(8,199,1)
[05:22:22]ATTACK: Griffin Whiteman(pahomlancer) shot Cazador with the pellet (NEWHP: 10)(8,199,1)
[05:22:22]ATTACK: Griffin Whiteman(pahomlancer) shot Cazador with the pellet (NEWHP: 0)(8,199,1)
[05:22:31]ATTACK: Griffin Whiteman(pahomlancer) shot Cazador with the pellet (NEWHP: 30)(12,159,1)
[05:22:31]ATTACK: Griffin Whiteman(pahomlancer) shot Cazador with the pellet (NEWHP: 10)(12,159,1)
[05:22:31]ATTACK: Griffin Whiteman(pahomlancer) shot Cazador with the pellet (NEWHP: 0)(12,159,1)
[05:22:31]ATTACK: Griffin Whiteman(pahomlancer) shot Cazador with the pellet (NEWHP: 30)(12,161,1)
[05:22:31]ATTACK: Griffin Whiteman(pahomlancer) shot Cazador with the pellet (NEWHP: 10)(12,161,1)
[05:22:31]ATTACK: Griffin Whiteman(pahomlancer) shot Cazador with the pellet (NEWHP: 0)(12,161,1)
[05:22:36]ATTACK: Cazador attacked Griffin Whiteman(pahomlancer)  (NEWHP: 91)(14,167,1)
[05:22:38]ATTACK: Cazador attacked Griffin Whiteman(pahomlancer)  (NEWHP: 79)(8,167,1)
[05:22:39]ATTACK: Griffin Whiteman(pahomlancer) shot Cazador with the pellet (NEWHP: 30)(9,167,1)
[05:22:39]ATTACK: Griffin Whiteman(pahomlancer) shot Cazador with the pellet (NEWHP: 10)(9,167,1)
[05:22:39]ATTACK: Griffin Whiteman(pahomlancer) shot Cazador with the pellet (NEWHP: 0)(9,167,1)
[05:22:50]ATTACK: yaogai attacked Griffin Whiteman(pahomlancer)  (NEWHP: 100)(26,154,1)
[05:22:50]ATTACK: Griffin Whiteman(pahomlancer) shot yaogai with the pellet (NEWHP: 280)(25,154,1)
[05:22:50]ATTACK: Griffin Whiteman(pahomlancer) shot yaogai with the pellet (NEWHP: 260)(25,154,1)
[05:22:50]ATTACK: Griffin Whiteman(pahomlancer) shot yaogai with the pellet (NEWHP: 240)(25,154,1)
[05:22:50]ATTACK: Griffin Whiteman(pahomlancer) shot yaogai with the pellet (NEWHP: 220)(25,154,1)
[05:22:50]ATTACK: Griffin Whiteman(pahomlancer) shot yaogai with the pellet (NEWHP: 200)(25,154,1)
[05:22:50]ATTACK: Griffin Whiteman(pahomlancer) shot yaogai with the pellet (NEWHP: 180)(25,154,1)
[05:22:56]ATTACK: Cazador attacked Griffin Whiteman(pahomlancer)  (NEWHP: 75.2)(29,133,1)
[05:22:58]ATTACK: Griffin Whiteman(pahomlancer) shot Cazador with the pellet (NEWHP: 30)(29,131,1)
[05:22:58]ATTACK: Griffin Whiteman(pahomlancer) shot Cazador with the pellet (NEWHP: 10)(29,131,1)
[05:22:58]ATTACK: Griffin Whiteman(pahomlancer) shot Cazador with the pellet (NEWHP: 0)(29,131,1)
[05:22:58]ATTACK: yaogai attacked Griffin Whiteman(pahomlancer)  (NEWHP: 66.2)(29,129,1)
[05:22:59]ATTACK: Griffin Whiteman(pahomlancer) shot yaogai with the pellet (NEWHP: 160)(29,129,1)
[05:22:59]ATTACK: Griffin Whiteman(pahomlancer) shot yaogai with the pellet (NEWHP: 140)(29,129,1)
[05:22:59]ATTACK: Griffin Whiteman(pahomlancer) shot yaogai with the pellet (NEWHP: 120)(29,129,1)
[05:22:59]ATTACK: Griffin Whiteman(pahomlancer) shot yaogai with the pellet (NEWHP: 100)(29,129,1)
[05:22:59]ATTACK: Griffin Whiteman(pahomlancer) shot yaogai with the pellet (NEWHP: 80)(29,129,1)
[05:22:59]ATTACK: Griffin Whiteman(pahomlancer) shot yaogai with the pellet (NEWHP: 60)(29,129,1)
[05:23:00]ATTACK: yaogai attacked Griffin Whiteman(pahomlancer)  (NEWHP: 38.2)(29,125,1)
[05:23:02]ATTACK: yaogai attacked Griffin Whiteman(pahomlancer)  (NEWHP: 18.4)(31,123,1)
[05:23:39]ATTACK: Molerat attacked yaogai  (NEWHP: 60)(35,120,1)
[05:23:39]ATTACK: yaogai attacked Molerat  (NEWHP: 100)(36,120,1)
[05:23:41]ATTACK: Molerat attacked yaogai  (NEWHP: 53)(35,120,1)
[05:23:41]ATTACK: yaogai attacked Molerat  (NEWHP: 73)(36,120,1)
[05:23:43]ATTACK: Molerat attacked yaogai  (NEWHP: 46)(35,120,1)
[05:23:43]ATTACK: yaogai attacked Molerat  (NEWHP: 39)(36,120,1)
[05:23:45]ATTACK: Molerat attacked yaogai  (NEWHP: 38)(35,120,1)
[05:23:45]ATTACK: yaogai attacked Molerat  (NEWHP: 5)(36,120,1)
[05:36:10]ATTACK: Molerat attacked mouse  (NEWHP: 5)(138,95,1)
[05:39:11]ATTACK: Raider shot Molerat with the bullet (NEWHP: 40)(122,121,1)
[05:39:15]ATTACK: Molerat attacked Raider  (NEWHP: 100)(136,118,1)
[05:39:15]ATTACK: Raider attacked Molerat  (NEWHP: 40)(135,118,1)
[05:39:17]ATTACK: Molerat attacked Raider  (NEWHP: 91)(136,118,1)
[05:39:17]ATTACK: Raider attacked Molerat  (NEWHP: 25)(135,118,1)
[05:39:19]ATTACK: Molerat attacked Raider  (NEWHP: 85)(136,118,1)
[05:39:19]ATTACK: Raider attacked Molerat  (NEWHP: 10)(135,118,1)
