

Starting up. 03:37.16
---------------------
[03:38:28]ATTACK: Raider shot Raider with the bullet (NEWHP: 40)(176,102,1)
[03:38:30]ATTACK: Raider attacked mouse  (NEWHP: 5)(241,101,1)
[03:38:30]ATTACK: Raider attacked mouse  (NEWHP: 5)(216,110,1)
[03:38:30]ATTACK: giant rad scorpion (199) attacked Default Cyborg-823  (NEWHP: 100)(27,189,1)
[03:38:32]ATTACK: giant rad scorpion (199) attacked Default Cyborg-823  (NEWHP: 84)(27,189,1)
[03:38:34]ATTACK: giant rad scorpion (199) attacked Default Cyborg-823  (NEWHP: 64)(27,189,1)
[03:38:36]ATTACK: giant rad scorpion (199) attacked Default Cyborg-823  (NEWHP: 49)(27,189,1)
[03:38:38]ATTACK: giant rad scorpion (199) attacked Default Cyborg-823  (NEWHP: 31)(27,189,1)
[03:38:40]ATTACK: giant rad scorpion (199) attacked Default Cyborg-823  (NEWHP: 12)(27,189,1)
[03:38:42]ATTACK: giant rad scorpion (199) attacked Default Cyborg-823  (NEWHP: -3)(27,189,1)
[03:38:44]ATTACK: giant rad scorpion (199) attacked Default Cyborg-823  (NEWHP: -20)(27,189,1)
[03:38:46]ATTACK: giant rad scorpion (199) attacked Default Cyborg-823  (NEWHP: -39)(27,189,1)
[03:38:48]ATTACK: giant rad scorpion (199) attacked Default Cyborg-823  (NEWHP: -58)(27,189,1)
[03:38:50]ATTACK: giant rad scorpion (199) attacked Default Cyborg-823  (NEWHP: -74)(27,189,1)
[03:38:52]ATTACK: giant rad scorpion (199) attacked Default Cyborg-823  (NEWHP: -90)(27,189,1)
[03:38:56]ATTACK: cammel attacked cammel  (NEWHP: 20)(155,245,1)
[03:38:58]ATTACK: cammel attacked cammel  (NEWHP: 18)(155,245,1)
[03:39:00]ATTACK: cammel attacked cammel  (NEWHP: 20)(156,245,1)
[03:39:00]ATTACK: cammel attacked cammel  (NEWHP: 16)(155,245,1)
[03:39:02]ATTACK: cammel attacked cammel  (NEWHP: 19)(156,245,1)
[03:39:02]ATTACK: cammel attacked cammel  (NEWHP: 15)(155,245,1)
[03:39:04]ATTACK: cammel attacked cammel  (NEWHP: 18)(156,245,1)
[03:39:04]ATTACK: cammel attacked cammel  (NEWHP: 13)(155,245,1)
[03:39:06]ATTACK: cammel attacked cammel  (NEWHP: 17)(156,245,1)
[03:39:06]ATTACK: cammel attacked cammel  (NEWHP: 12)(155,245,1)
[03:39:08]ATTACK: cammel attacked cammel  (NEWHP: 15)(156,245,1)
[03:39:08]ATTACK: cammel attacked cammel  (NEWHP: 10)(155,245,1)
[03:39:10]ATTACK: cammel attacked cammel  (NEWHP: 9)(155,245,1)
[03:39:14]ATTACK: cammel attacked cammel  (NEWHP: 14)(155,245,1)
[03:39:14]ATTACK: cammel attacked cammel  (NEWHP: 8)(154,245,1)
[03:39:16]ATTACK: cammel attacked cammel  (NEWHP: 12)(155,245,1)
[03:39:18]ATTACK: cammel attacked cammel  (NEWHP: 11)(155,245,1)
[03:39:18]ATTACK: cammel attacked cammel  (NEWHP: 7)(154,245,1)
[03:39:20]ATTACK: cammel attacked cammel  (NEWHP: 10)(155,245,1)
[03:39:20]ATTACK: cammel attacked cammel  (NEWHP: 6)(154,245,1)
[03:39:23]ATTACK: cammel attacked cammel  (NEWHP: 20)(29,117,1)
[03:39:23]ATTACK: cammel attacked cammel  (NEWHP: 8)(155,245,1)
[03:39:25]ATTACK: cammel attacked cammel  (NEWHP: 18)(29,117,1)
[03:39:25]ATTACK: cammel attacked cammel  (NEWHP: 20)(29,117,1)
[03:39:25]ATTACK: cammel attacked cammel  (NEWHP: 7)(155,245,1)
[03:39:25]ATTACK: cammel attacked cammel  (NEWHP: 4)(154,245,1)
[03:39:27]ATTACK: cammel attacked cammel  (NEWHP: 17)(29,116,1)
[03:39:27]ATTACK: cammel attacked cammel  (NEWHP: 19)(29,117,1)
[03:39:27]ATTACK: cammel attacked cammel  (NEWHP: 5)(155,245,1)
[03:39:27]ATTACK: cammel attacked cammel  (NEWHP: 2)(154,245,1)
[03:39:29]ATTACK: cammel attacked cammel  (NEWHP: 15)(29,116,1)
[03:39:29]ATTACK: cammel attacked cammel  (NEWHP: 18)(29,117,1)
[03:39:31]ATTACK: cammel attacked cammel  (NEWHP: 14)(29,116,1)
[03:39:31]ATTACK: cammel attacked cammel  (NEWHP: 16)(29,117,1)
[03:39:33]ATTACK: cammel attacked cammel  (NEWHP: 12)(29,116,1)
[03:39:33]ATTACK: cammel attacked cammel  (NEWHP: 15)(29,117,1)
[03:39:33]ATTACK: cammel attacked cammel  (NEWHP: 20)(160,246,1)
[03:39:35]ATTACK: cammel attacked cammel  (NEWHP: 10)(29,116,1)
[03:39:35]ATTACK: cammel attacked cammel  (NEWHP: 13)(29,117,1)
[03:39:35]ATTACK: cammel attacked cammel  (NEWHP: 18)(159,246,1)
[03:39:37]ATTACK: cammel attacked cammel  (NEWHP: 8)(29,116,1)
[03:39:37]ATTACK: cammel attacked cammel  (NEWHP: 12)(29,117,1)
[03:39:37]ATTACK: cammel attacked cammel  (NEWHP: 4)(160,246,1)
[03:39:37]ATTACK: cammel attacked cammel  (NEWHP: 16)(159,246,1)
[03:39:39]ATTACK: cammel attacked cammel  (NEWHP: 6)(29,116,1)
[03:39:39]ATTACK: cammel attacked cammel  (NEWHP: 11)(29,117,1)
[03:39:39]ATTACK: cammel attacked cammel  (NEWHP: 3)(160,246,1)
[03:39:39]ATTACK: cammel attacked cammel  (NEWHP: 15)(159,246,1)
[03:39:41]ATTACK: cammel attacked cammel  (NEWHP: 4)(29,116,1)
[03:39:41]ATTACK: cammel attacked cammel  (NEWHP: 10)(29,117,1)
[03:39:41]ATTACK: cammel attacked cammel  (NEWHP: 2)(160,246,1)
[03:39:41]ATTACK: cammel attacked cammel  (NEWHP: 14)(159,246,1)
[03:39:43]ATTACK: cammel attacked cammel  (NEWHP: 3)(29,116,1)
[03:39:43]ATTACK: cammel attacked cammel  (NEWHP: 9)(29,117,1)
[03:39:43]ATTACK: cammel attacked cammel  (NEWHP: 1)(160,246,1)
[03:39:45]ATTACK: cammel attacked cammel  (NEWHP: 1)(29,116,1)
[03:39:51]ATTACK: cammel attacked cammel  (NEWHP: 20)(21,118,1)
[03:39:53]ATTACK: cammel attacked cammel  (NEWHP: 19)(21,118,1)
[03:39:55]ATTACK: cammel attacked cammel  (NEWHP: 8)(22,118,1)
[03:39:55]ATTACK: cammel attacked cammel  (NEWHP: 18)(21,119,1)
[03:39:57]ATTACK: cammel attacked cammel  (NEWHP: 6)(22,118,1)
[03:39:57]ATTACK: cammel attacked cammel  (NEWHP: 17)(21,119,1)
[03:39:59]ATTACK: cammel attacked cammel  (NEWHP: 4)(22,118,1)
[03:39:59]ATTACK: cammel attacked cammel  (NEWHP: 15)(21,119,1)
[03:40:01]ATTACK: cammel attacked cammel  (NEWHP: 2)(22,118,1)
[03:40:01]ATTACK: cammel attacked cammel  (NEWHP: 14)(21,119,1)
[03:40:03]ATTACK: cammel attacked cammel  (NEWHP: 1)(22,118,1)
[03:40:58]ATTACK: Griffin Whiteman(pahomlancer) attacked Griffin Whiteman(pahomlancer) with T.E.D.(INTENT: HELP) (DAMTYPE: BRUTE) (NEWHP: 100)(67,200,1)
[03:43:09]ATTACK: Griffin Whiteman(pahomlancer) shot Caesar with the explosive bolt (NEWHP: 50)(105,177,1)
[03:43:11]ATTACK: Griffin Whiteman(pahomlancer) shot Caesar with the explosive bolt (NEWHP: -60)(105,177,1)
[03:43:13]ATTACK: Griffin Whiteman(pahomlancer) shot Caesar with the explosive bolt (NEWHP: -100)(105,177,1)
[03:43:14]ATTACK: Griffin Whiteman(pahomlancer) shot Caesar with the explosive bolt (NEWHP: -100)(105,177,1)
[03:43:15]ATTACK: Griffin Whiteman(pahomlancer) shot Caesar with the explosive bolt (NEWHP: -100)(105,177,1)
[03:43:16]ATTACK: Griffin Whiteman(pahomlancer) shot Caesar with the explosive bolt (NEWHP: -100)(105,177,1)
[03:44:54]ATTACK: Griffin Whiteman(pahomlancer) shot monkey (377) with the xray beam (NEWHP: 85)(98,139,1)
[03:44:54]ATTACK: Griffin Whiteman(pahomlancer) shot monkey (368) with the xray beam (NEWHP: 85)(98,138,1)
[03:44:56]ATTACK: Griffin Whiteman(pahomlancer) shot monkey (377) with the xray beam (NEWHP: 70)(98,139,1)
[03:44:56]ATTACK: Griffin Whiteman(pahomlancer) shot monkey (368) with the xray beam (NEWHP: 70)(98,138,1)
[03:44:56]ATTACK: Griffin Whiteman(pahomlancer) shot monkey (54) with the xray beam (NEWHP: 85)(97,137,1)
[03:44:57]ATTACK: Griffin Whiteman(pahomlancer) shot monkey (368) with the xray beam (NEWHP: 54)(98,138,1)
[03:44:58]ATTACK: Griffin Whiteman(pahomlancer) shot monkey (406) with the xray beam (NEWHP: 85)(98,136,1)
[03:45:00]ATTACK: Griffin Whiteman(pahomlancer) shot monkey (377) with the xray beam (NEWHP: 53)(98,140,1)
[03:45:00]ATTACK: Griffin Whiteman(pahomlancer) shot monkey (205) with the xray beam (NEWHP: 85)(97,138,1)
[03:45:01]ATTACK: Griffin Whiteman(pahomlancer) shot monkey (377) with the xray beam (NEWHP: 38)(98,140,1)
[03:45:01]ATTACK: Griffin Whiteman(pahomlancer) shot monkey (205) with the xray beam (NEWHP: 70)(97,138,1)
[03:45:01]ATTACK: Griffin Whiteman(pahomlancer) shot monkey (377) with the xray beam (NEWHP: 23)(98,140,1)
[03:45:02]ATTACK: Griffin Whiteman(pahomlancer) shot monkey (205) with the xray beam (NEWHP: 55)(97,138,1)
[03:45:02]ATTACK: Griffin Whiteman(pahomlancer) shot monkey (205) with the xray beam (NEWHP: 37)(97,138,1)
[03:45:02]ATTACK: Griffin Whiteman(pahomlancer) shot monkey (54) with the xray beam (NEWHP: 69)(97,137,1)
[03:45:03]ATTACK: Griffin Whiteman(pahomlancer) shot monkey (205) with the xray beam (NEWHP: 22)(97,138,1)
[03:45:03]ATTACK: Griffin Whiteman(pahomlancer) shot monkey (54) with the xray beam (NEWHP: 54)(97,137,1)
[03:45:03]ATTACK: Griffin Whiteman(pahomlancer) shot monkey (205) with the xray beam (NEWHP: 7)(97,138,1)
[03:45:03]ATTACK: Griffin Whiteman(pahomlancer) shot monkey (54) with the xray beam (NEWHP: 39)(97,137,1)
[03:45:04]ATTACK: Griffin Whiteman(pahomlancer) shot monkey (205) with the xray beam (NEWHP: -8)(97,138,1)
[03:45:04]ATTACK: Griffin Whiteman(pahomlancer) shot monkey (54) with the xray beam (NEWHP: 24)(97,137,1)
[03:45:05]ATTACK: Griffin Whiteman(pahomlancer) shot monkey (368) with the xray beam (NEWHP: 27)(98,137,1)
[03:45:05]ATTACK: Griffin Whiteman(pahomlancer) shot monkey (406) with the xray beam (NEWHP: 68)(98,136,1)
[03:46:24]ATTACK: Griffin Whiteman(pahomlancer) shot Griffin Whiteman(pahomlancer) with the magnetic spear (NEWHP: 100)(68,201,1)
[03:47:08]ATTACK: Griffin Whiteman(pahomlancer) shot Griffin Whiteman(pahomlancer) with the bluespace beam (NEWHP: 100)(69,199,1)
[03:50:13]ATTACK: Griffin Whiteman(pahomlancer) shot Caesar with the flayer ray (NEWHP: -104)(105,177,1)
[03:50:13]ATTACK: Griffin Whiteman(pahomlancer) shot Caesar with the flayer ray (NEWHP: -116)(105,177,1)
[03:50:25]ATTACK: Griffin Whiteman(pahomlancer) shot monkey (406) with the flayer ray (NEWHP: 26)(97,139,1)
[03:50:26]ATTACK: Griffin Whiteman(pahomlancer) shot monkey (406) with the flayer ray (NEWHP: 6)(97,139,1)
[03:50:27]ATTACK: Griffin Whiteman(pahomlancer) shot monkey (408) with the flayer ray (NEWHP: 80)(97,139,1)
[03:50:28]ATTACK: Griffin Whiteman(pahomlancer) shot monkey (408) with the flayer ray (NEWHP: 60)(97,139,1)
[03:50:28]ATTACK: Griffin Whiteman(pahomlancer) shot monkey (408) with the flayer ray (NEWHP: 40)(97,139,1)
[03:50:41]ATTACK: Raider shot cammel with the bullet (NEWHP: 0)(156,244,1)


Starting up. 04:03.23
---------------------
[04:07:26]ATTACK: rad scorpion (825) attacked Default Cyborg-2  (NEWHP: 100)(27,190,1)
[04:07:27]ATTACK: Raider shot Raider with the bullet (NEWHP: 65)(176,102,1)
[04:07:28]ATTACK: Raider attacked mouse  (NEWHP: 5)(241,101,1)
[04:07:28]ATTACK: Raider attacked mouse  (NEWHP: 5)(216,110,1)
[04:07:28]ATTACK: rad scorpion (825) attacked Default Cyborg-2  (NEWHP: 94)(27,190,1)
[04:07:28]ATTACK: giant rad scorpion (50) attacked Default Cyborg-2  (NEWHP: 86)(27,190,1)
[04:07:31]ATTACK: rad scorpion (825) attacked Default Cyborg-2  (NEWHP: 69)(27,190,1)
[04:07:31]ATTACK: giant rad scorpion (50) attacked Default Cyborg-2  (NEWHP: 63)(27,190,1)
[04:07:33]ATTACK: rad scorpion (825) attacked Default Cyborg-2  (NEWHP: 44)(27,190,1)
[04:07:33]ATTACK: giant rad scorpion (50) attacked Default Cyborg-2  (NEWHP: 36)(27,190,1)
[04:07:35]ATTACK: rad scorpion (825) attacked Default Cyborg-2  (NEWHP: 21)(27,190,1)
[04:07:35]ATTACK: giant rad scorpion (50) attacked Default Cyborg-2  (NEWHP: 16)(27,190,1)
[04:07:37]ATTACK: rad scorpion (825) attacked Default Cyborg-2  (NEWHP: -4)(27,190,1)
[04:07:37]ATTACK: giant rad scorpion (50) attacked Default Cyborg-2  (NEWHP: -9)(27,190,1)
[04:07:39]ATTACK: rad scorpion (825) attacked Default Cyborg-2  (NEWHP: -25)(27,190,1)
[04:07:39]ATTACK: giant rad scorpion (50) attacked Default Cyborg-2  (NEWHP: -35)(27,190,1)
[04:07:41]ATTACK: rad scorpion (825) attacked Default Cyborg-2  (NEWHP: -50)(27,190,1)
[04:07:41]ATTACK: giant rad scorpion (50) attacked Default Cyborg-2  (NEWHP: -56)(27,190,1)
[04:07:43]ATTACK: giant rad scorpion (50) attacked Default Cyborg-2  (NEWHP: -75)(27,190,1)
[04:07:45]ATTACK: rad scorpion (825) attacked Default Cyborg-2  (NEWHP: -95)(27,190,1)
[04:08:31]ATTACK: cammel attacked cammel  (NEWHP: 20)(23,116,1)
[04:08:35]ATTACK: cammel attacked cammel  (NEWHP: 20)(24,116,1)
[04:08:37]ATTACK: cammel attacked cammel  (NEWHP: 18)(25,116,1)
[04:08:37]ATTACK: cammel attacked cammel  (NEWHP: 19)(24,116,1)
[04:08:39]ATTACK: cammel attacked cammel  (NEWHP: 16)(25,116,1)
[04:08:39]ATTACK: cammel attacked cammel  (NEWHP: 17)(24,116,1)
[04:08:41]ATTACK: cammel attacked cammel  (NEWHP: 16)(24,116,1)
[04:08:43]ATTACK: cammel attacked cammel  (NEWHP: 15)(25,116,1)
[04:08:43]ATTACK: cammel attacked cammel  (NEWHP: 15)(24,116,1)
[04:08:45]ATTACK: cammel attacked cammel  (NEWHP: 13)(25,116,1)
[04:08:45]ATTACK: cammel attacked cammel  (NEWHP: 14)(24,116,1)
[04:08:47]ATTACK: cammel attacked cammel  (NEWHP: 12)(25,116,1)
[04:08:47]ATTACK: cammel attacked cammel  (NEWHP: 13)(24,116,1)
[04:08:49]ATTACK: cammel attacked cammel  (NEWHP: 11)(25,116,1)
[04:08:49]ATTACK: cammel attacked cammel  (NEWHP: 12)(24,116,1)
[04:08:51]ATTACK: cammel attacked cammel  (NEWHP: 9)(25,116,1)
[04:08:51]ATTACK: cammel attacked cammel  (NEWHP: 10)(24,116,1)
[04:08:53]ATTACK: cammel attacked cammel  (NEWHP: 8)(25,116,1)
[04:08:53]ATTACK: cammel attacked cammel  (NEWHP: 9)(24,116,1)
[04:08:55]ATTACK: cammel attacked cammel  (NEWHP: 6)(25,116,1)
[04:08:55]ATTACK: cammel attacked cammel  (NEWHP: 8)(24,116,1)
[04:08:57]ATTACK: cammel attacked cammel  (NEWHP: 5)(25,116,1)
[04:08:57]ATTACK: cammel attacked cammel  (NEWHP: 6)(24,116,1)
[04:08:59]ATTACK: cammel attacked cammel  (NEWHP: 3)(25,116,1)
[04:08:59]ATTACK: cammel attacked cammel  (NEWHP: 4)(24,116,1)
[04:09:01]ATTACK: cammel attacked cammel  (NEWHP: 1)(25,116,1)
[04:09:13]ATTACK: cammel attacked cammel  (NEWHP: 20)(158,240,1)
[04:09:15]ATTACK: cammel attacked cammel  (NEWHP: 18)(158,239,1)
[04:09:15]ATTACK: cammel attacked cammel  (NEWHP: 20)(158,240,1)
[04:09:17]ATTACK: cammel attacked cammel  (NEWHP: 17)(158,239,1)
[04:09:19]ATTACK: cammel attacked cammel  (NEWHP: 15)(158,239,1)
[04:09:19]ATTACK: cammel attacked cammel  (NEWHP: 19)(158,240,1)
[04:09:21]ATTACK: cammel attacked cammel  (NEWHP: 14)(158,239,1)
[04:09:21]ATTACK: cammel attacked cammel  (NEWHP: 18)(158,240,1)
[04:09:23]ATTACK: cammel attacked cammel  (NEWHP: 12)(158,239,1)
[04:09:23]ATTACK: cammel attacked cammel  (NEWHP: 16)(158,240,1)
[04:09:25]ATTACK: cammel attacked cammel  (NEWHP: 14)(158,239,1)
[04:09:28]ATTACK: cammel attacked cammel  (NEWHP: 11)(158,240,1)
[04:09:28]ATTACK: cammel attacked cammel  (NEWHP: 12)(158,239,1)
[04:09:30]ATTACK: cammel attacked cammel  (NEWHP: 9)(158,240,1)
[04:09:30]ATTACK: cammel attacked cammel  (NEWHP: 11)(158,239,1)
[04:09:32]ATTACK: cammel attacked cammel  (NEWHP: 8)(158,240,1)
[04:09:32]ATTACK: cammel attacked cammel  (NEWHP: 10)(158,239,1)
[04:09:34]ATTACK: cammel attacked cammel  (NEWHP: 7)(158,240,1)
[04:09:34]ATTACK: cammel attacked cammel  (NEWHP: 9)(158,239,1)
[04:09:36]ATTACK: cammel attacked cammel  (NEWHP: 6)(158,240,1)
[04:09:36]ATTACK: cammel attacked cammel  (NEWHP: 7)(158,239,1)
[04:09:38]ATTACK: cammel attacked cammel  (NEWHP: 4)(158,240,1)
[04:09:38]ATTACK: cammel attacked cammel  (NEWHP: 5)(158,239,1)
[04:09:40]ATTACK: cammel attacked cammel  (NEWHP: 3)(158,240,1)
[04:09:40]ATTACK: cammel attacked cammel  (NEWHP: 4)(158,239,1)
[04:09:42]ATTACK: cammel attacked cammel  (NEWHP: 2)(158,240,1)
[04:09:48]ATTACK: cammel attacked cammel  (NEWHP: 20)(165,248,1)
[04:09:50]ATTACK: cammel attacked cammel  (NEWHP: 19)(165,248,1)
[04:09:50]ATTACK: cammel attacked cammel  (NEWHP: 3)(165,247,1)
[04:09:52]ATTACK: cammel attacked cammel  (NEWHP: 18)(165,248,1)
[04:09:52]ATTACK: cammel attacked cammel  (NEWHP: 1)(165,247,1)
[04:11:16]ATTACK: cammel attacked cammel  (NEWHP: 20)(28,120,1)
[04:11:18]ATTACK: cammel attacked cammel  (NEWHP: 3)(28,120,1)
[04:11:20]ATTACK: cammel attacked cammel  (NEWHP: 1)(28,120,1)
[04:11:45]ATTACK: Molerat attacked Griffin Whiteman(pahomlancer)  (NEWHP: 70)(117,111,1)
[04:11:45]ATTACK: Griffin Whiteman(pahomlancer) attacked Molerat with telescopic baton(INTENT: HARM) (DAMTYPE: BRUTE) (NEWHP: 5)(116,111,1)
[04:11:46]ATTACK: Griffin Whiteman(pahomlancer) attacked Molerat with telescopic baton(INTENT: HARM) (DAMTYPE: BRUTE) (NEWHP: 0)(116,111,1)
[04:11:47]ATTACK: Griffin Whiteman(pahomlancer) attacked Molerat with telescopic baton(INTENT: HARM) (DAMTYPE: BRUTE) (NEWHP: 0)(116,111,1)
[04:11:48]ATTACK: Griffin Whiteman(pahomlancer) attacked Molerat with telescopic baton(INTENT: HARM) (DAMTYPE: BRUTE) (NEWHP: 0)(116,111,1)
[04:11:49]ATTACK: Griffin Whiteman(pahomlancer) attacked Molerat with telescopic baton(INTENT: HARM) (DAMTYPE: BRUTE) (NEWHP: 0)(116,111,1)
[04:11:49]ATTACK: Griffin Whiteman(pahomlancer) attacked Molerat with telescopic baton(INTENT: HARM) (DAMTYPE: BRUTE) (NEWHP: 0)(116,111,1)
[04:11:57]ATTACK: Molerat attacked Griffin Whiteman(pahomlancer)  (NEWHP: 70)(115,118,1)
[04:11:59]ATTACK: Griffin Whiteman(pahomlancer) attacked Molerat with telescopic baton(INTENT: HARM) (DAMTYPE: BRUTE) (NEWHP: 65)(118,117,1)
[04:11:59]ATTACK: Molerat attacked Griffin Whiteman(pahomlancer)  (NEWHP: 70)(119,117,1)
[04:11:59]ATTACK: Molerat attacked Griffin Whiteman(pahomlancer)  (NEWHP: 63)(119,117,1)
[04:11:59]ATTACK: Molerat attacked Griffin Whiteman(pahomlancer)  (NEWHP: 63)(119,117,1)
[04:12:01]ATTACK: Molerat attacked Griffin Whiteman(pahomlancer)  (NEWHP: 63)(125,117,1)
[04:12:01]ATTACK: Molerat attacked Griffin Whiteman(pahomlancer)  (NEWHP: 63)(125,117,1)
[04:15:39]ATTACK: Raider attacked Cazador  (NEWHP: 50)(173,182,1)
[04:15:39]ATTACK: Cazador attacked Raider  (NEWHP: 100)(173,181,1)
[04:15:41]ATTACK: Raider attacked Cazador  (NEWHP: 35)(173,178,1)
[04:15:41]ATTACK: Cazador attacked Raider  (NEWHP: 85)(173,177,1)
[04:15:43]ATTACK: Raider attacked Cazador  (NEWHP: 20)(173,180,1)
[04:15:43]ATTACK: Cazador attacked Raider  (NEWHP: 70)(173,181,1)
[04:15:45]ATTACK: Raider attacked Cazador  (NEWHP: 5)(169,187,1)
[04:19:14]ATTACK: Griffin Whiteman(pahomlancer) shot Cazador with the bullet (NEWHP: 15)(4,164,1)
[04:19:15]ATTACK: Griffin Whiteman(pahomlancer) shot Cazador with the bullet (NEWHP: 0)(4,161,1)
[04:19:29]ATTACK: Griffin Whiteman(pahomlancer) shot yaogai with the bullet (NEWHP: 265)(35,215,1)
[04:19:30]ATTACK: Griffin Whiteman(pahomlancer) shot yaogai with the bullet (NEWHP: 230)(33,215,1)
[04:19:31]ATTACK: Griffin Whiteman(pahomlancer) shot yaogai with the bullet (NEWHP: 195)(30,215,1)
[04:19:31]ATTACK: Griffin Whiteman(pahomlancer) shot yaogai with the bullet (NEWHP: 160)(27,215,1)
[04:19:32]ATTACK: Griffin Whiteman(pahomlancer) shot yaogai with the bullet (NEWHP: 125)(24,215,1)
[04:19:33]ATTACK: Griffin Whiteman(pahomlancer) shot yaogai with the bullet (NEWHP: 90)(21,215,1)
[04:19:34]ATTACK: Griffin Whiteman(pahomlancer) shot yaogai with the bullet (NEWHP: 55)(17,215,1)
[04:19:35]ATTACK: Griffin Whiteman(pahomlancer) shot yaogai with the bullet (NEWHP: 20)(14,215,1)
[04:19:35]ATTACK: Griffin Whiteman(pahomlancer) shot yaogai with the bullet (NEWHP: 0)(11,215,1)
[04:19:56]ATTACK: Griffin Whiteman(pahomlancer) shot Cazador with the bullet (NEWHP: 15)(60,220,1)
[04:19:56]ATTACK: Griffin Whiteman(pahomlancer) shot Cazador with the bullet (NEWHP: 0)(60,220,1)
[04:19:58]ATTACK: Cazador attacked Griffin Whiteman(pahomlancer)  (NEWHP: 63)(59,221,1)
[04:20:00]ATTACK: Griffin Whiteman(pahomlancer) shot Cazador with the bullet (NEWHP: 15)(57,222,1)
[04:20:00]ATTACK: Cazador attacked Griffin Whiteman(pahomlancer)  (NEWHP: 48)(56,222,1)
[04:20:00]ATTACK: Griffin Whiteman(pahomlancer) shot Cazador with the bullet (NEWHP: 0)(57,222,1)
[04:20:44]ATTACK: Griffin Whiteman(pahomlancer) shot Cazador with the bullet (NEWHP: 15)(120,244,1)
[04:20:44]ATTACK: Griffin Whiteman(pahomlancer) shot Cazador with the bullet (NEWHP: 0)(120,244,1)
[04:21:03]ATTACK: Raider shot Griffin Whiteman(pahomlancer) with the bullet (NEWHP: 100)(150,213,1)
[04:21:05]ATTACK: Griffin Whiteman(pahomlancer) shot Raider with the bullet (NEWHP: 40)(153,220,1)
[04:21:07]ATTACK: Griffin Whiteman(pahomlancer) shot Raider with the bullet (NEWHP: 5)(151,220,1)
[04:21:16]ATTACK: Griffin Whiteman(pahomlancer) shot Cazador with the bullet (NEWHP: 15)(153,205,1)
[04:21:16]ATTACK: Griffin Whiteman(pahomlancer) shot Cazador with the bullet (NEWHP: 0)(153,206,1)
[04:32:28]ATTACK: Griffin Whiteman(pahomlancer) shot Raider with the bullet (NEWHP: 20)(169,204,1)
[04:32:38]ATTACK: Griffin Whiteman(pahomlancer) shot Raider with the bullet (NEWHP: 65)(168,175,1)
[04:32:39]ATTACK: Raider shot Griffin Whiteman(pahomlancer) with the bullet (NEWHP: 100)(169,177,1)
[04:32:39]ATTACK: Griffin Whiteman(pahomlancer) shot Raider with the bullet (NEWHP: 5)(168,175,1)
[04:32:39]ATTACK: Raider shot Griffin Whiteman(pahomlancer) with the bullet (NEWHP: 100)(169,177,1)
[04:32:45]ATTACK: Griffin Whiteman(pahomlancer) shot Raider with the pellet (NEWHP: 55)(166,176,1)
[04:32:45]ATTACK: Griffin Whiteman(pahomlancer) shot Raider with the pellet (NEWHP: 35)(166,176,1)
[04:32:45]ATTACK: Griffin Whiteman(pahomlancer) shot Raider with the pellet (NEWHP: 15)(166,176,1)
[04:32:45]ATTACK: Griffin Whiteman(pahomlancer) shot Kara Glover with the pellet (NEWHP: 100)(166,176,1)
[04:32:45]ATTACK: NON-EXISTANT SUBJECT shot Griffin Whiteman(pahomlancer) with the bullet (NEWHP: 65)(169,177,1)
[04:32:45]ATTACK: Raider shot Kara Glover with the bullet (NEWHP: 100)(166,176,1)
[04:32:46]ATTACK: Griffin Whiteman(pahomlancer) shot Kara Glover with the pellet (NEWHP: 100)(166,176,1)
[04:32:46]ATTACK: Griffin Whiteman(pahomlancer) shot Kara Glover with the pellet (NEWHP: 100)(166,176,1)
[04:32:46]ATTACK: Griffin Whiteman(pahomlancer) shot Kara Glover with the pellet (NEWHP: 100)(166,176,1)
[04:32:46]ATTACK: Griffin Whiteman(pahomlancer) shot Kara Glover with the pellet (NEWHP: 100)(166,176,1)
[04:33:01]ATTACK: Griffin Whiteman(pahomlancer) shot Russian with the bullet (NEWHP: -60)(166,176,1)
[04:33:06]ATTACK: Griffin Whiteman(pahomlancer) shot Russian with the bullet (NEWHP: -130)(166,176,1)
[04:33:10]ATTACK: Griffin Whiteman(pahomlancer) shot Unknown with the bullet (NEWHP: -180)(166,176,1)
[04:33:17]ATTACK: Griffin Whiteman(pahomlancer) attempted to inject Griffin Whiteman(pahomlancer) with the DNA injector (Cloak of Darkness) (NEWHP: 100)(163,178,1)
[04:33:17]ATTACK: Griffin Whiteman(pahomlancer) injected Griffin Whiteman(pahomlancer) with the DNA injector (Cloak of Darkness) (NEWHP: 100)(163,178,1)
[04:33:17]ATTACK: PahomLancer/(Griffin Whiteman) injected PahomLancer/(Griffin Whiteman) with the DNA injector (Cloak of Darkness)
