

Starting up. 02:56.57
---------------------
[02:58:09]ATTACK: Raider shot Raider with the bullet (NEWHP: 40)(176,102,1)
[02:58:11]ATTACK: Raider attacked mouse  (NEWHP: 5)(241,101,1)
[02:58:11]ATTACK: Raider attacked mouse  (NEWHP: 5)(216,110,1)
[02:58:11]ATTACK: giant rad scorpion (968) attacked Default Cyborg-637  (NEWHP: 100)(27,190,1)
[02:58:13]ATTACK: giant rad scorpion (968) attacked Default Cyborg-637  (NEWHP: 82)(27,190,1)
[02:58:15]ATTACK: giant rad scorpion (968) attacked Default Cyborg-637  (NEWHP: 63)(27,190,1)
[02:58:17]ATTACK: giant rad scorpion (968) attacked Default Cyborg-637  (NEWHP: 48)(27,190,1)
[02:58:19]ATTACK: giant rad scorpion (968) attacked Default Cyborg-637  (NEWHP: 32)(27,190,1)
[02:58:21]ATTACK: giant rad scorpion (968) attacked Default Cyborg-637  (NEWHP: 15)(27,190,1)
[02:58:23]ATTACK: giant rad scorpion (968) attacked Default Cyborg-637  (NEWHP: -3)(27,190,1)
[02:58:25]ATTACK: giant rad scorpion (968) attacked Default Cyborg-637  (NEWHP: -19)(27,190,1)
[02:58:27]ATTACK: giant rad scorpion (968) attacked Default Cyborg-637  (NEWHP: -35)(27,190,1)
[02:58:29]ATTACK: giant rad scorpion (968) attacked Default Cyborg-637  (NEWHP: -51)(27,190,1)
[02:58:31]ATTACK: giant rad scorpion (968) attacked Default Cyborg-637  (NEWHP: -68)(27,190,1)
[02:58:33]ATTACK: giant rad scorpion (968) attacked Default Cyborg-637  (NEWHP: -86)(27,190,1)
[02:58:52]ATTACK: cammel attacked cammel  (NEWHP: 20)(155,244,1)
[02:58:54]ATTACK: cammel attacked cammel  (NEWHP: 19)(155,244,1)
[02:58:58]ATTACK: cammel attacked cammel  (NEWHP: 20)(156,244,1)


Starting up. 03:11.11
---------------------
[03:12:21]ATTACK: rad scorpion (194) attacked Default Cyborg-816  (NEWHP: 100)(27,190,1)
[03:12:22]ATTACK: Raider shot Raider with the bullet (NEWHP: 65)(176,102,1)
[03:12:24]ATTACK: Raider attacked mouse  (NEWHP: 5)(241,101,1)
[03:12:24]ATTACK: Raider attacked mouse  (NEWHP: 5)(216,110,1)
[03:12:24]ATTACK: rad scorpion (194) attacked Default Cyborg-816  (NEWHP: 92)(27,190,1)
[03:12:24]ATTACK: giant rad scorpion (764) attacked Default Cyborg-816  (NEWHP: 86)(27,190,1)
[03:12:26]ATTACK: rad scorpion (194) attacked Default Cyborg-816  (NEWHP: 70)(27,190,1)
[03:12:26]ATTACK: giant rad scorpion (764) attacked Default Cyborg-816  (NEWHP: 60)(27,190,1)
[03:12:28]ATTACK: rad scorpion (194) attacked Default Cyborg-816  (NEWHP: 40)(27,190,1)
[03:12:28]ATTACK: giant rad scorpion (764) attacked Default Cyborg-816  (NEWHP: 35)(27,190,1)
[03:12:30]ATTACK: rad scorpion (194) attacked Default Cyborg-816  (NEWHP: 20)(27,190,1)
[03:12:30]ATTACK: giant rad scorpion (764) attacked Default Cyborg-816  (NEWHP: 13)(27,190,1)
[03:12:32]ATTACK: rad scorpion (194) attacked Default Cyborg-816  (NEWHP: -4)(27,190,1)
[03:12:32]ATTACK: giant rad scorpion (764) attacked Default Cyborg-816  (NEWHP: -13)(27,190,1)
[03:12:34]ATTACK: rad scorpion (194) attacked Default Cyborg-816  (NEWHP: -32)(27,190,1)
[03:12:34]ATTACK: giant rad scorpion (764) attacked Default Cyborg-816  (NEWHP: -40)(27,190,1)
[03:12:36]ATTACK: rad scorpion (194) attacked Default Cyborg-816  (NEWHP: -56)(27,190,1)
[03:12:36]ATTACK: giant rad scorpion (764) attacked Default Cyborg-816  (NEWHP: -61)(27,190,1)
[03:12:38]ATTACK: rad scorpion (194) attacked Default Cyborg-816  (NEWHP: -78)(27,190,1)
[03:12:38]ATTACK: giant rad scorpion (764) attacked Default Cyborg-816  (NEWHP: -83)(27,190,1)
[03:13:18]ATTACK: cammel attacked cammel  (NEWHP: 20)(29,116,1)
[03:13:21]ATTACK: cammel attacked cammel  (NEWHP: 19)(29,117,1)
[03:13:21]ATTACK: cammel attacked cammel  (NEWHP: 20)(28,116,1)
[03:13:23]ATTACK: cammel attacked cammel  (NEWHP: 17)(29,117,1)
[03:13:23]ATTACK: cammel attacked cammel  (NEWHP: 19)(28,116,1)
[03:13:25]ATTACK: cammel attacked cammel  (NEWHP: 15)(29,117,1)
[03:13:25]ATTACK: cammel attacked cammel  (NEWHP: 17)(28,116,1)
[03:13:27]ATTACK: cammel attacked cammel  (NEWHP: 13)(29,117,1)
[03:13:27]ATTACK: cammel attacked cammel  (NEWHP: 16)(28,116,1)
[03:13:29]ATTACK: cammel attacked cammel  (NEWHP: 11)(29,117,1)
[03:13:29]ATTACK: cammel attacked cammel  (NEWHP: 14)(28,116,1)
[03:13:31]ATTACK: cammel attacked cammel  (NEWHP: 9)(29,117,1)
[03:13:31]ATTACK: cammel attacked cammel  (NEWHP: 13)(28,116,1)
[03:13:33]ATTACK: cammel attacked cammel  (NEWHP: 7)(29,117,1)
[03:13:33]ATTACK: cammel attacked cammel  (NEWHP: 12)(28,116,1)
[03:13:35]ATTACK: cammel attacked cammel  (NEWHP: 5)(29,117,1)
[03:13:35]ATTACK: cammel attacked cammel  (NEWHP: 10)(28,116,1)
[03:13:37]ATTACK: cammel attacked cammel  (NEWHP: 4)(29,117,1)
[03:13:37]ATTACK: cammel attacked cammel  (NEWHP: 9)(28,116,1)
[03:13:39]ATTACK: cammel attacked cammel  (NEWHP: 2)(29,117,1)
[03:13:39]ATTACK: cammel attacked cammel  (NEWHP: 7)(28,116,1)
[03:13:41]ATTACK: cammel attacked cammel  (NEWHP: 1)(29,117,1)
[03:13:47]ATTACK: cammel attacked cammel  (NEWHP: 20)(29,120,1)
[03:13:49]ATTACK: cammel attacked cammel  (NEWHP: 6)(29,119,1)
[03:13:51]ATTACK: cammel attacked cammel  (NEWHP: 4)(29,119,1)
[03:13:53]ATTACK: cammel attacked cammel  (NEWHP: 18)(30,120,1)
[03:13:55]ATTACK: cammel attacked cammel  (NEWHP: 16)(30,120,1)
[03:13:55]ATTACK: cammel attacked cammel  (NEWHP: 2)(29,119,1)
[03:14:03]ATTACK: Molerat attacked Griffin Whiteman(pahomlancer)  (NEWHP: 100)(112,123,1)
[03:14:05]ATTACK: Molerat attacked Griffin Whiteman(pahomlancer)  (NEWHP: 93)(116,118,1)
[03:14:05]ATTACK: Molerat attacked Griffin Whiteman(pahomlancer)  (NEWHP: 83)(116,118,1)
[03:14:06]ATTACK: Griffin Whiteman(pahomlancer) shot Molerat with the plasma_beam (NEWHP: 0)(120,118,1)
[03:14:08]ATTACK: Griffin Whiteman(pahomlancer) shot Molerat with the plasma_beam (NEWHP: 0)(124,118,1)
[03:14:12]ATTACK: Griffin Whiteman(pahomlancer) shot Molerat with the plasma_beam (NEWHP: 55)(111,122,1)
[03:14:13]ATTACK: Molerat attacked Griffin Whiteman(pahomlancer)  (NEWHP: 73)(115,122,1)
[03:14:18]ATTACK: Griffin Whiteman(pahomlancer) shot Molerat with the plasma_beam (NEWHP: 10)(129,118,1)
[03:14:19]ATTACK: Molerat attacked Griffin Whiteman(pahomlancer)  (NEWHP: 64)(135,118,1)
[03:14:19]ATTACK: Griffin Whiteman(pahomlancer) shot Molerat with the plasma_beam (NEWHP: 0)(134,118,1)
[03:14:31]ATTACK: Griffin Whiteman(pahomlancer) shot Molerat with the plasma_beam (NEWHP: 55)(106,123,1)
[03:14:31]ATTACK: Griffin Whiteman(pahomlancer) shot Molerat with the plasma_beam (NEWHP: 10)(106,123,1)
[03:14:32]ATTACK: Molerat attacked Griffin Whiteman(pahomlancer)  (NEWHP: 100)(106,122,1)
[03:14:32]ATTACK: Griffin Whiteman(pahomlancer) shot Molerat with the plasma_beam (NEWHP: 0)(106,123,1)
[03:14:33]ATTACK: Griffin Whiteman(pahomlancer) shot Molerat with the plasma_beam (NEWHP: 55)(106,123,1)
[03:14:34]ATTACK: Griffin Whiteman(pahomlancer) shot Molerat with the plasma_beam (NEWHP: 10)(106,123,1)
[03:14:34]ATTACK: Molerat attacked Griffin Whiteman(pahomlancer)  (NEWHP: 91)(106,122,1)
[03:14:34]ATTACK: Griffin Whiteman(pahomlancer) shot Molerat with the plasma_beam (NEWHP: 0)(106,123,1)
[03:14:48]ATTACK: cammel attacked cammel  (NEWHP: 20)(160,243,1)
[03:14:50]ATTACK: cammel attacked cammel  (NEWHP: 19)(160,243,1)
[03:14:52]ATTACK: cammel attacked cammel  (NEWHP: 18)(156,245,1)
[03:14:52]ATTACK: cammel attacked cammel  (NEWHP: 20)(155,245,1)
[03:14:54]ATTACK: cammel attacked cammel  (NEWHP: 17)(156,245,1)
[03:14:54]ATTACK: cammel attacked cammel  (NEWHP: 18)(155,245,1)
[03:14:56]ATTACK: cammel attacked cammel  (NEWHP: 16)(156,245,1)
[03:14:56]ATTACK: cammel attacked cammel  (NEWHP: 15)(156,245,1)
[03:14:56]ATTACK: cammel attacked cammel  (NEWHP: 16)(155,245,1)
[03:14:58]ATTACK: cammel attacked cammel  (NEWHP: 13)(156,245,1)
[03:14:58]ATTACK: cammel attacked cammel  (NEWHP: 12)(156,245,1)
[03:14:58]ATTACK: cammel attacked cammel  (NEWHP: 14)(155,245,1)
[03:15:00]ATTACK: cammel attacked cammel  (NEWHP: 11)(156,245,1)
[03:15:00]ATTACK: cammel attacked cammel  (NEWHP: 9)(156,245,1)
[03:15:02]ATTACK: cammel attacked cammel  (NEWHP: 7)(156,245,1)
[03:15:02]ATTACK: cammel attacked cammel  (NEWHP: 5)(156,245,1)
[03:15:02]ATTACK: cammel attacked cammel  (NEWHP: 13)(155,245,1)
[03:15:04]ATTACK: cammel attacked cammel  (NEWHP: 3)(156,245,1)
[03:15:04]ATTACK: cammel attacked cammel  (NEWHP: 11)(155,245,1)
[03:15:06]ATTACK: cammel attacked cammel  (NEWHP: 1)(156,245,1)
[03:15:10]ATTACK: cammel attacked cammel  (NEWHP: 20)(156,244,1)
[03:15:10]ATTACK: cammel attacked cammel  (NEWHP: 9)(155,244,1)
[03:15:12]ATTACK: cammel attacked cammel  (NEWHP: 19)(156,244,1)
[03:15:12]ATTACK: cammel attacked cammel  (NEWHP: 8)(155,244,1)
[03:15:14]ATTACK: cammel attacked cammel  (NEWHP: 17)(156,244,1)
[03:15:14]ATTACK: cammel attacked cammel  (NEWHP: 6)(155,244,1)
[03:15:16]ATTACK: cammel attacked cammel  (NEWHP: 16)(156,244,1)
[03:15:16]ATTACK: cammel attacked cammel  (NEWHP: 5)(155,244,1)
[03:15:18]ATTACK: cammel attacked cammel  (NEWHP: 4)(155,244,1)
[03:15:21]ATTACK: cammel attacked cammel  (NEWHP: 15)(156,244,1)
[03:15:23]ATTACK: cammel attacked cammel  (NEWHP: 13)(157,244,1)
[03:15:23]ATTACK: cammel attacked cammel  (NEWHP: 3)(156,244,1)
[03:15:25]ATTACK: cammel attacked cammel  (NEWHP: 11)(157,244,1)
[03:15:27]ATTACK: cammel attacked cammel  (NEWHP: 9)(157,244,1)
[03:15:27]ATTACK: cammel attacked cammel  (NEWHP: 1)(156,244,1)
[03:15:44]ATTACK: Griffin Whiteman(pahomlancer) shot Raider with the plasma_beam (NEWHP: 55)(204,98,1)
[03:15:45]ATTACK: Griffin Whiteman(pahomlancer) shot Raider with the plasma_beam (NEWHP: 10)(204,98,1)
[03:15:57]ATTACK: Griffin Whiteman(pahomlancer) shot Raider with the bullet (NEWHP: 40)(197,93,1)
[03:16:17]ATTACK: Griffin Whiteman(pahomlancer) stripped Unknown of the supa-fly raider helmet (NEWHP: 100)(199,95,1)
[03:16:26]ATTACK: Raider attacked Griffin Whiteman(pahomlancer)  (NEWHP: 86)(207,93,1)
[03:16:32]ATTACK: Raider attacked Griffin Whiteman(pahomlancer)  (NEWHP: 78.5)(185,93,1)
[03:16:47]ATTACK: Griffin Whiteman(pahomlancer) hit Raider with the .44 revolver (NEWHP: 95)(198,92,1)


Starting up. 03:27.23
---------------------
[03:29:05]ATTACK: Raider shot Raider with the bullet (NEWHP: 65)(176,102,1)
[03:29:07]ATTACK: Raider attacked mouse  (NEWHP: 5)(241,101,1)
[03:29:07]ATTACK: Raider attacked mouse  (NEWHP: 5)(216,110,1)
[03:29:07]ATTACK: giant rad scorpion (206) attacked Default Cyborg-444  (NEWHP: 100)(27,189,1)
[03:29:09]ATTACK: giant rad scorpion (206) attacked Default Cyborg-444  (NEWHP: 81)(27,189,1)
[03:29:11]ATTACK: giant rad scorpion (206) attacked Default Cyborg-444  (NEWHP: 66)(27,189,1)
[03:29:13]ATTACK: giant rad scorpion (206) attacked Default Cyborg-444  (NEWHP: 49)(27,189,1)
[03:29:15]ATTACK: giant rad scorpion (206) attacked Default Cyborg-444  (NEWHP: 34)(27,189,1)
[03:29:17]ATTACK: giant rad scorpion (206) attacked Default Cyborg-444  (NEWHP: 18)(27,189,1)
[03:29:19]ATTACK: giant rad scorpion (206) attacked Default Cyborg-444  (NEWHP: 2)(27,189,1)
[03:29:21]ATTACK: giant rad scorpion (206) attacked Default Cyborg-444  (NEWHP: -14)(27,189,1)
[03:29:23]ATTACK: giant rad scorpion (206) attacked Default Cyborg-444  (NEWHP: -29)(27,189,1)
[03:29:25]ATTACK: giant rad scorpion (206) attacked Default Cyborg-444  (NEWHP: -44)(27,189,1)
[03:29:27]ATTACK: giant rad scorpion (206) attacked Default Cyborg-444  (NEWHP: -59)(27,189,1)
[03:29:29]ATTACK: cammel attacked cammel  (NEWHP: 20)(26,115,1)
[03:29:29]ATTACK: giant rad scorpion (206) attacked Default Cyborg-444  (NEWHP: -76)(27,189,1)
[03:29:31]ATTACK: cammel attacked cammel  (NEWHP: 19)(26,116,1)
[03:29:31]ATTACK: giant rad scorpion (206) attacked Default Cyborg-444  (NEWHP: -92)(27,189,1)
[03:29:33]ATTACK: cammel attacked cammel  (NEWHP: 20)(27,115,1)
[03:29:33]ATTACK: cammel attacked cammel  (NEWHP: 18)(26,116,1)
[03:29:35]ATTACK: cammel attacked cammel  (NEWHP: 19)(27,115,1)
[03:29:35]ATTACK: cammel attacked cammel  (NEWHP: 17)(26,116,1)
[03:29:37]ATTACK: cammel attacked cammel  (NEWHP: 18)(27,115,1)
[03:29:37]ATTACK: cammel attacked cammel  (NEWHP: 16)(26,116,1)
[03:29:39]ATTACK: cammel attacked cammel  (NEWHP: 16)(27,115,1)
[03:29:39]ATTACK: cammel attacked cammel  (NEWHP: 14)(26,116,1)
[03:29:42]ATTACK: cammel attacked cammel  (NEWHP: 15)(27,115,1)
[03:29:42]ATTACK: cammel attacked cammel  (NEWHP: 13)(26,116,1)
[03:29:44]ATTACK: cammel attacked cammel  (NEWHP: 14)(27,115,1)
[03:29:44]ATTACK: cammel attacked cammel  (NEWHP: 11)(26,116,1)
[03:29:46]ATTACK: cammel attacked cammel  (NEWHP: 13)(27,115,1)
[03:29:46]ATTACK: cammel attacked cammel  (NEWHP: 10)(26,116,1)
[03:29:48]ATTACK: cammel attacked cammel  (NEWHP: 11)(27,115,1)
[03:29:50]ATTACK: cammel attacked cammel  (NEWHP: 9)(27,115,1)
[03:29:50]ATTACK: cammel attacked cammel  (NEWHP: 9)(26,116,1)
[03:29:50]ATTACK: cammel attacked cammel  (NEWHP: 20)(161,245,1)
[03:29:52]ATTACK: cammel attacked cammel  (NEWHP: 7)(27,116,1)
[03:29:52]ATTACK: cammel attacked cammel  (NEWHP: 8)(26,116,1)
[03:29:52]ATTACK: cammel attacked cammel  (NEWHP: 18)(161,245,1)
[03:29:52]ATTACK: cammel attacked cammel  (NEWHP: 20)(160,245,1)
[03:29:54]ATTACK: cammel attacked cammel  (NEWHP: 6)(27,116,1)
[03:29:54]ATTACK: cammel attacked cammel  (NEWHP: 6)(26,116,1)
[03:29:54]ATTACK: cammel attacked cammel  (NEWHP: 18)(160,245,1)
[03:29:56]ATTACK: cammel attacked cammel  (NEWHP: 5)(27,116,1)
[03:29:56]ATTACK: cammel attacked cammel  (NEWHP: 5)(26,116,1)
[03:29:56]ATTACK: cammel attacked cammel  (NEWHP: 16)(161,245,1)
[03:29:58]ATTACK: cammel attacked cammel  (NEWHP: 3)(27,116,1)
[03:29:58]ATTACK: cammel attacked cammel  (NEWHP: 3)(26,116,1)
[03:29:58]ATTACK: cammel attacked cammel  (NEWHP: 20)(159,246,1)
[03:29:58]ATTACK: cammel attacked cammel  (NEWHP: 15)(160,246,1)
[03:30:00]ATTACK: cammel attacked cammel  (NEWHP: 1)(27,116,1)
[03:30:00]ATTACK: cammel attacked cammel  (NEWHP: 16)(161,245,1)
[03:30:00]ATTACK: cammel attacked cammel  (NEWHP: 13)(160,246,1)
[03:30:02]ATTACK: cammel attacked cammel  (NEWHP: 14)(161,245,1)
[03:30:02]ATTACK: cammel attacked cammel  (NEWHP: 12)(161,245,1)
[03:30:02]ATTACK: cammel attacked cammel  (NEWHP: 18)(160,245,1)
[03:30:04]ATTACK: cammel attacked cammel  (NEWHP: 11)(161,245,1)
[03:30:04]ATTACK: cammel attacked cammel  (NEWHP: 10)(161,245,1)
[03:30:06]ATTACK: cammel attacked cammel  (NEWHP: 20)(29,118,1)
[03:30:06]ATTACK: cammel attacked cammel  (NEWHP: 9)(161,245,1)
[03:30:06]ATTACK: cammel attacked cammel  (NEWHP: 8)(161,245,1)
[03:30:06]ATTACK: cammel attacked cammel  (NEWHP: 16)(160,245,1)
[03:30:08]ATTACK: cammel attacked cammel  (NEWHP: 19)(29,118,1)
[03:30:08]ATTACK: cammel attacked cammel  (NEWHP: 2)(28,118,1)
[03:30:08]ATTACK: cammel attacked cammel  (NEWHP: 6)(161,245,1)
[03:30:08]ATTACK: cammel attacked cammel  (NEWHP: 5)(161,245,1)
[03:30:08]ATTACK: cammel attacked cammel  (NEWHP: 15)(160,245,1)
[03:30:10]ATTACK: cammel attacked cammel  (NEWHP: 3)(161,245,1)
[03:30:10]ATTACK: cammel attacked cammel  (NEWHP: 1)(161,245,1)
[03:30:14]ATTACK: cammel attacked cammel  (NEWHP: 14)(160,245,1)
[03:30:16]ATTACK: cammel attacked cammel  (NEWHP: 13)(161,245,1)
[03:30:16]ATTACK: cammel attacked cammel  (NEWHP: 12)(160,246,1)
[03:30:18]ATTACK: cammel attacked cammel  (NEWHP: 11)(161,245,1)
[03:30:18]ATTACK: cammel attacked cammel  (NEWHP: 10)(160,246,1)
[03:30:20]ATTACK: cammel attacked cammel  (NEWHP: 9)(161,245,1)
[03:30:20]ATTACK: cammel attacked cammel  (NEWHP: 8)(160,246,1)
[03:30:22]ATTACK: cammel attacked cammel  (NEWHP: 8)(161,245,1)
[03:30:22]ATTACK: cammel attacked cammel  (NEWHP: 6)(160,246,1)
[03:30:24]ATTACK: cammel attacked cammel  (NEWHP: 7)(161,245,1)
[03:30:24]ATTACK: cammel attacked cammel  (NEWHP: 4)(160,246,1)
[03:30:26]ATTACK: cammel attacked cammel  (NEWHP: 6)(161,245,1)
[03:30:26]ATTACK: cammel attacked cammel  (NEWHP: 3)(160,246,1)
[03:30:28]ATTACK: cammel attacked cammel  (NEWHP: 5)(161,245,1)
[03:30:28]ATTACK: cammel attacked cammel  (NEWHP: 2)(160,246,1)
[03:30:30]ATTACK: cammel attacked cammel  (NEWHP: 3)(161,245,1)
[03:30:30]ATTACK: cammel attacked cammel  (NEWHP: 1)(160,246,1)
[03:30:32]ATTACK: Molerat attacked Griffin Whiteman(pahomlancer)  (NEWHP: 100)(115,118,1)
[03:30:33]ATTACK: Griffin Whiteman(pahomlancer) shot Molerat with the plasma_beam (NEWHP: 0)(120,118,1)
[03:30:40]ATTACK: Griffin Whiteman(pahomlancer) shot Molerat with the plasma_beam (NEWHP: 50)(109,122,1)
[03:30:41]ATTACK: Griffin Whiteman(pahomlancer) shot Molerat with the plasma_beam (NEWHP: 50)(111,123,1)
[03:30:42]ATTACK: Molerat attacked Griffin Whiteman(pahomlancer)  (NEWHP: 94.4)(114,119,1)
[03:30:42]ATTACK: Molerat attacked Griffin Whiteman(pahomlancer)  (NEWHP: 88.1)(114,119,1)
[03:30:50]ATTACK: Molerat attacked Griffin Whiteman(pahomlancer)  (NEWHP: 100)(122,117,1)
[03:30:52]ATTACK: Molerat attacked Griffin Whiteman(pahomlancer)  (NEWHP: 94.4)(122,118,1)
[03:30:53]ATTACK: Griffin Whiteman(pahomlancer) shot Molerat with the plasma_beam (NEWHP: 0)(122,118,1)
[03:30:59]ATTACK: Griffin Whiteman(pahomlancer) shot Molerat with the plasma_beam (NEWHP: 50)(111,123,1)
[03:31:00]ATTACK: Molerat attacked Griffin Whiteman(pahomlancer)  (NEWHP: 88.8)(115,119,1)
[03:31:04]ATTACK: Griffin Whiteman(pahomlancer) shot Molerat with the plasma_beam (NEWHP: 50)(124,118,1)
[03:31:08]ATTACK: Griffin Whiteman(pahomlancer) shot Molerat with the plasma_beam (NEWHP: 0)(140,118,1)
[03:31:09]ATTACK: Griffin Whiteman(pahomlancer) shot Molerat with the plasma_beam (NEWHP: 0)(144,118,1)
