

Starting up. 02:56.57
---------------------
Adding game mode abduction (abduction) to configuration.
Adding game mode blob (blob) to configuration.
Adding game mode changeling (changeling) to configuration.
Adding game mode traitor+changeling (traitorchan) to configuration.
Adding game mode double agents (double_agents) to configuration.
Adding game mode traitor (traitor) to configuration.
Adding game mode cult (cult) to configuration.
Adding game mode extended (extended) to configuration.
Adding game mode gang war (gang) to configuration.
Adding game mode hand of god (handofgod) to configuration.
Adding game mode AI malfunction (malfunction) to configuration.
Adding game mode meteor (meteor) to configuration.
Adding game mode monkey (monkey) to configuration.
Adding game mode nuclear emergency (nuclear) to configuration.
Adding game mode revolution (revolution) to configuration.
Adding game mode sandbox (sandbox) to configuration.
Adding game mode shadowling (shadowling) to configuration.
Adding game mode very ragin' bullshit mages (veryraginbullshitmages) to configuration.
Adding game mode ragin' mages (raginmages) to configuration.
Adding game mode wizard (wizard) to configuration.
Saved mode is 'extended'
[02:56:57]ADMIN: Loading appearance_rank
[02:56:57]ADMIN: appearance_keylist was empty
[02:56:57]ADMIN: Loading Banlist
a the gibber didn't find an input plate.
a the gibber didn't find an input plate.
[02:57:18]ACCESS: Login: PahomLancer/(PahomLancer) from 127.0.0.1-3150345111 || BYOND v509
[02:57:24]GAME: SQL ERROR obtaining jobbans. Error : [not connected]

[02:58:00]ADMIN: PahomLancer has started the game.
[02:58:04]ACCESS: Logout: *no key*/(PahomLancer)
[02:58:04]ACCESS: Login: PahomLancer/(Griffin Whiteman) from 127.0.0.1-3150345111 || BYOND v509
[02:58:07]SAY: Molerat/ : Squeek, i say
[02:58:07]SAY: Molerat/ : Squeek
[02:58:07]SAY: Molerat/ : Squeek!
[02:58:07]SAY: Molerat/ : Squeek
[02:58:07]SAY: Molerat/ : Squeek!
[02:58:07]EMOTE: Runtime/ : <B>Runtime</B> shakes out its coat.
[02:58:09]SAY: Molerat/ : Squeek!
[02:58:09]SAY: Molerat/ : Squeek
[02:58:09]SAY: Molerat/ : Squeek!
[02:58:09]SAY: Molerat/ : Squeek
[02:58:09]SAY: Molerat/ : Squeek!
[02:58:09]SAY: Molerat/ : Squeek
[02:58:09]SAY: Molerat/ : Squeek!
[02:58:09]SAY: Molerat/ : Squeek, i say
[02:58:09]SAY: Molerat/ : Squeek!
[02:58:09]EMOTE: Poly/ : <B>Poly</B> turns and flies towards the crushed can.
[02:58:11]SAY: Molerat/ : Squeek!
[02:58:11]SAY: Molerat/ : Squeek!
[02:58:11]SAY: Molerat/ : Squeek
[02:58:11]SAY: Molerat/ : Squeek, i say
[02:58:11]SAY: Molerat/ : Squeek
[02:58:11]SAY: Molerat/ : Squeek!
[02:58:11]SAY: Molerat/ : Squeek
[02:58:11]SAY: Molerat/ : Squeek
[02:58:11]SAY: Molerat/ : Squeek, i say
[02:58:11]SAY: Molerat/ : Squeek!
[02:58:11]SAY: Molerat/ : Squeek
[02:58:11]SAY: Molerat/ : Squeek
[02:58:13]SAY: Molerat/ : Squeek!
[02:58:13]SAY: Molerat/ : Squeek, i say
[02:58:13]SAY: Molerat/ : Squeek
[02:58:13]SAY: Molerat/ : Squeek
[02:58:13]SAY: Molerat/ : Squeek
[02:58:13]SAY: Molerat/ : Squeek!
[02:58:13]SAY: Molerat/ : Squeek
[02:58:15]SAY: Molerat/ : Squeek!
[02:58:15]SAY: Molerat/ : Squeek!
[02:58:15]SAY: Molerat/ : Squeek
[02:58:15]SAY: Molerat/ : Squeek!
[02:58:15]SAY: Molerat/ : Squeek!
[02:58:15]SAY: Molerat/ : Squeek!
[02:58:15]SAY: Molerat/ : Squeek!
[02:58:17]SAY: Molerat/ : Squeek
[02:58:17]SAY: Molerat/ : Squeek, i say
[02:58:17]SAY: Molerat/ : Squeek, i say
[02:58:17]SAY: Molerat/ : Squeek
[02:58:17]SAY: Molerat/ : Squeek
[02:58:17]SAY: Molerat/ : Squeek!
[02:58:17]SAY: Molerat/ : Squeek!
[02:58:17]SAY: Molerat/ : Squeek
[02:58:19]SAY: Molerat/ : Squeek!
[02:58:19]SAY: Molerat/ : Squeek, i say
[02:58:19]SAY: Molerat/ : Squeek!
[02:58:19]SAY: Molerat/ : Squeek
[02:58:19]SAY: Molerat/ : Squeek!
[02:58:19]SAY: Molerat/ : Squeek!
[02:58:19]SAY: Molerat/ : Squeek!
[02:58:19]SAY: Molerat/ : Squeek
[02:58:21]SAY: Molerat/ : Squeek!
[02:58:21]SAY: Molerat/ : Squeek
[02:58:21]SAY: Molerat/ : Squeek, i say
[02:58:21]SAY: Molerat/ : Squeek!
[02:58:21]SAY: Molerat/ : Squeek!
[02:58:21]SAY: Ian/ : YAP
[02:58:23]SAY: Molerat/ : Squeek, i say
[02:58:23]SAY: Molerat/ : Squeek
[02:58:23]SAY: Molerat/ : Squeek
[02:58:23]SAY: Molerat/ : Squeek
[02:58:23]SAY: Molerat/ : Squeek, i say
[02:58:25]SAY: Molerat/ : Squeek!
[02:58:25]SAY: Molerat/ : Squeek!
[02:58:25]SAY: Molerat/ : Squeek!
[02:58:25]SAY: Molerat/ : Squeek!
[02:58:25]SAY: Molerat/ : Squeek!
[02:58:25]SAY: Molerat/ : Squeek
[02:58:25]SAY: Brick Teagarden/ : Oh arse, that comdom was one hell of an captain-like ass.
[02:58:27]SAY: Molerat/ : Squeek
[02:58:27]SAY: Molerat/ : Squeek!
[02:58:27]SAY: Molerat/ : Squeek
[02:58:27]SAY: Molerat/ : Squeek!
[02:58:27]SAY: Molerat/ : Squeek!
[02:58:29]SAY: Molerat/ : Squeek
[02:58:29]SAY: Molerat/ : Squeek
[02:58:29]SAY: Molerat/ : Squeek!
[02:58:29]SAY: Molerat/ : Squeek!
[02:58:29]SAY: Molerat/ : Squeek
[02:58:29]SAY: Molerat/ : Squeek, i say
[02:58:29]SAY: Molerat/ : Squeek
[02:58:29]EMOTE: giant rad scorpion (968)/ : <B>The giant rad scorpion (968)</B> chitters
[02:58:29]EMOTE: Runtime/ : <B>Runtime</B> looks alert.
[02:58:31]SAY: Molerat/ : Squeek
[02:58:31]SAY: Molerat/ : Squeek
[02:58:31]SAY: Molerat/ : Squeek
[02:58:31]SAY: Molerat/ : Squeek!
[02:58:33]SAY: Molerat/ : Squeek
[02:58:33]SAY: Molerat/ : Squeek!
[02:58:33]SAY: Molerat/ : Squeek!
[02:58:33]SAY: Molerat/ : Squeek
[02:58:33]SAY: Molerat/ : Squeek
[02:58:33]SAY: Molerat/ : Squeek
[02:58:33]SAY: Molerat/ : Squeek
[02:58:33]EMOTE: Default Cyborg-637/ : <B>Default Cyborg-637</B> shudders violently for a moment, then becomes motionless, its eyes slowly darkening.
[02:58:33]SAY: Molerat/ : Squeek
[02:58:35]SAY: Molerat/ : Squeek!
[02:58:35]SAY: Molerat/ : Squeek!
[02:58:35]SAY: Molerat/ : Squeek, i say
[02:58:35]SAY: Molerat/ : Squeek
[02:58:35]EMOTE: rad scorpion (503)/ : <B>The rad scorpion (503)</B> chitters
[02:58:37]SAY: Molerat/ : Squeek
[02:58:37]SAY: Molerat/ : Squeek
[02:58:37]SAY: Molerat/ : Squeek, i say
[02:58:37]SAY: Molerat/ : Squeek!
[02:58:37]EMOTE: giant rad scorpion (660)/ : <B>The giant rad scorpion (660)</B> chitters
[02:58:39]SAY: Molerat/ : Squeek
[02:58:39]SAY: Molerat/ : Squeek!
[02:58:39]SAY: Molerat/ : Squeek, i say
[02:58:39]SAY: Molerat/ : Squeek!
[02:58:39]EMOTE: mouse/ : <B>The mouse</B> runs in a circle.
[02:58:39]SAY: Molerat/ : Squeek
[02:58:39]EMOTE: monkey (324)/ : <B>The monkey (324)</B> jumps!
[02:58:39]SAY: Molerat/ : Squeek
[02:58:42]SAY: Molerat/ : Squeek!
[02:58:42]SAY: Molerat/ : Squeek
[02:58:42]SAY: Molerat/ : Squeek
[02:58:42]SAY: Molerat/ : Squeek!
[02:58:42]SAY: Molerat/ : Squeek
[02:58:42]SAY: Molerat/ : Squeek
[02:58:44]SAY: Molerat/ : Squeek!
[02:58:44]SAY: Molerat/ : Squeek
[02:58:44]SAY: Molerat/ : Squeek
[02:58:44]SAY: Molerat/ : Squeek
[02:58:44]SAY: Molerat/ : Squeek!
[02:58:46]SAY: Molerat/ : Squeek
[02:58:46]SAY: Molerat/ : Squeek
[02:58:46]SAY: Molerat/ : Squeek, i say
[02:58:46]SAY: Molerat/ : Squeek
[02:58:48]SAY: Molerat/ : Squeek
[02:58:48]SAY: Molerat/ : Squeek, i say
[02:58:48]SAY: Molerat/ : Squeek!
[02:58:48]SAY: Molerat/ : Squeek, i say
[02:58:48]SAY: Molerat/ : Squeek, i say
[02:58:48]SAY: Molerat/ : Squeek
[02:58:50]SAY: Molerat/ : Squeek
[02:58:50]SAY: Molerat/ : Squeek
[02:58:50]SAY: Molerat/ : Squeek
[02:58:50]SAY: Molerat/ : Squeek!
[02:58:50]SAY: Molerat/ : Squeek!
[02:58:50]SAY: Molerat/ : Squeek!
[02:58:50]SAY: Molerat/ : Squeek
[02:58:50]SAY: Molerat/ : Squeek
[02:58:50]SAY: Molerat/ : Squeek
[02:58:50]EMOTE: rad scorpion (328)/ : <B>The rad scorpion (328)</B> chitters
[02:58:52]SAY: Molerat/ : Squeek!
[02:58:52]SAY: Molerat/ : Squeek
[02:58:52]SAY: Molerat/ : Squeek
[02:58:52]SAY: Molerat/ : Squeek!
[02:58:52]SAY: Molerat/ : Squeek, i say
[02:58:52]SAY: Molerat/ : Squeek
[02:58:52]SAY: Molerat/ : Squeek!
[02:58:52]EMOTE: rad scorpion (328)/ : <B>The rad scorpion (328)</B> chitters
[02:58:54]SAY: Molerat/ : Squeek
[02:58:54]SAY: Molerat/ : Squeek
[02:58:54]SAY: Molerat/ : Squeek, i say
[02:58:54]SAY: Molerat/ : Squeek
[02:58:54]SAY: Molerat/ : Squeek!
[02:58:54]SAY: Molerat/ : Squeek
[02:58:54]SAY: Molerat/ : Squeek
[02:58:54]SAY: Molerat/ : Squeek
[02:58:54]SAY: Molerat/ : Squeek, i say
[02:58:54]SAY: Molerat/ : Squeek!
[02:58:54]SAY: Molerat/ : Squeek!
[02:58:54]SAY: Molerat/ : Squeek, i say
[02:58:56]SAY: Molerat/ : Squeek!
[02:58:56]SAY: Molerat/ : Squeek
[02:58:56]SAY: Molerat/ : Squeek!
[02:58:56]SAY: Molerat/ : Squeek
[02:58:56]SAY: Molerat/ : Squeek!
[02:58:56]SAY: Molerat/ : Squeek
[02:58:58]SAY: Molerat/ : Squeek
[02:58:58]SAY: Molerat/ : Squeek
[02:58:58]SAY: Molerat/ : Squeek
[02:58:58]SAY: Molerat/ : Squeek, i say
[02:58:58]SAY: Molerat/ : Squeek
[02:58:58]SAY: Molerat/ : Squeek
[02:58:58]SAY: Molerat/ : Squeek!
[02:58:58]SAY: Molerat/ : Squeek!
[02:58:58]SAY: Brick Teagarden/ : Hey guy, why dont you go damn jerk ass damn arse , you cheesemonger!
[02:58:58]ACCESS: Logout: PahomLancer[DC]/(Griffin Whiteman)


Starting up. 03:11.11
---------------------
Adding game mode abduction (abduction) to configuration.
Adding game mode blob (blob) to configuration.
Adding game mode changeling (changeling) to configuration.
Adding game mode traitor+changeling (traitorchan) to configuration.
Adding game mode double agents (double_agents) to configuration.
Adding game mode traitor (traitor) to configuration.
Adding game mode cult (cult) to configuration.
Adding game mode extended (extended) to configuration.
Adding game mode gang war (gang) to configuration.
Adding game mode hand of god (handofgod) to configuration.
Adding game mode AI malfunction (malfunction) to configuration.
Adding game mode meteor (meteor) to configuration.
Adding game mode monkey (monkey) to configuration.
Adding game mode nuclear emergency (nuclear) to configuration.
Adding game mode revolution (revolution) to configuration.
Adding game mode sandbox (sandbox) to configuration.
Adding game mode shadowling (shadowling) to configuration.
Adding game mode very ragin' bullshit mages (veryraginbullshitmages) to configuration.
Adding game mode ragin' mages (raginmages) to configuration.
Adding game mode wizard (wizard) to configuration.
Saved mode is 'extended'
[03:11:11]ADMIN: Loading appearance_rank
[03:11:11]ADMIN: appearance_keylist was empty
[03:11:11]ADMIN: Loading Banlist
a the gibber didn't find an input plate.
a the gibber didn't find an input plate.
[03:11:32]ACCESS: Login: PahomLancer/(PahomLancer) from 127.0.0.1-3150345111 || BYOND v509
[03:11:59]ADMIN: PahomLancer/(PahomLancer) toggled respawn to On.
[03:12:15]ADMIN: PahomLancer has started the game.
[03:12:18]GAME: SQL ERROR obtaining jobbans. Error : [not connected]

[03:12:18]ACCESS: Logout: *no key*/(PahomLancer)
[03:12:18]ACCESS: Login: PahomLancer/(Griffin Whiteman) from 127.0.0.1-3150345111 || BYOND v509
[03:12:19]SAY: Molerat/ : Squeek
[03:12:19]SAY: Molerat/ : Squeek
[03:12:19]SAY: Molerat/ : Squeek
[03:12:19]SAY: Molerat/ : Squeek
[03:12:19]SAY: Molerat/ : Squeek
[03:12:19]SAY: Molerat/ : Squeek!
[03:12:21]SAY: Molerat/ : Squeek!
[03:12:21]SAY: Molerat/ : Squeek
[03:12:21]SAY: Molerat/ : Squeek!
[03:12:21]SAY: Molerat/ : Squeek
[03:12:21]SAY: Molerat/ : Squeek
[03:12:21]SAY: Molerat/ : Squeek, i say
[03:12:21]SAY: brahmin/ : Moo
[03:12:24]SAY: Molerat/ : Squeek
[03:12:24]SAY: Molerat/ : Squeek!
[03:12:24]SAY: Molerat/ : Squeek
[03:12:24]SAY: Molerat/ : Squeek
[03:12:24]SAY: Molerat/ : Squeek
[03:12:24]SAY: Mutant/ : ARGH!
[03:12:24]SAY: Molerat/ : Squeek, i say
[03:12:24]EMOTE: brahmin/ : <B>The brahmin</B> shakes its head.
[03:12:24]SAY: Molerat/ : Squeek!
[03:12:26]SAY: Molerat/ : Squeek
[03:12:26]SAY: Molerat/ : Squeek, i say
[03:12:26]SAY: Molerat/ : Squeek
[03:12:26]SAY: Molerat/ : Squeek!
[03:12:26]SAY: Molerat/ : Squeek!
[03:12:26]SAY: Molerat/ : Squeek
[03:12:26]SAY: Molerat/ : Squeek
[03:12:26]EMOTE: Poly/ : <B>Poly</B> turns and flies towards the crushed can.
[03:12:26]SAY: Quentin Fulton/ : Hey dude, why dont you go shit ass bitch shit arse , you cheesemonger!
[03:12:28]SAY: Molerat/ : Squeek!
[03:12:28]SAY: Mutant/ : HMPH!
[03:12:28]SAY: Molerat/ : Squeek, i say
[03:12:28]SAY: Molerat/ : Squeek
[03:12:28]SAY: Molerat/ : Squeek!
[03:12:28]SAY: Molerat/ : Squeek
[03:12:28]SAY: Molerat/ : Squeek!
[03:12:28]SAY: Molerat/ : Squeek!
[03:12:30]SAY: Mutant/ : NNNNNGH!
[03:12:30]SAY: Molerat/ : Squeek!
[03:12:30]SAY: Molerat/ : Squeek
[03:12:30]EMOTE: Runtime/ : <B>Runtime</B> wags its tail.
[03:12:32]SAY: Molerat/ : Squeek
[03:12:32]SAY: Mutant/ : ARGH!
[03:12:32]SAY: Molerat/ : Squeek!
[03:12:32]SAY: Molerat/ : Squeek
[03:12:32]SAY: Molerat/ : Squeek
[03:12:32]SAY: mouse/ : Squeek?
[03:12:34]SAY: Mutant/ : GRRRRRR!
[03:12:34]SAY: Molerat/ : Squeek!
[03:12:34]SAY: Molerat/ : Squeek
[03:12:34]SAY: Molerat/ : Squeek!
[03:12:34]SAY: Molerat/ : Squeek!
[03:12:34]SAY: Molerat/ : Squeek!
[03:12:34]SAY: yaogai/ : GRR!
[03:12:34]EMOTE: giant spider (990)/ : <B>The giant spider (990)</B> chitters
[03:12:36]SAY: Molerat/ : Squeek
[03:12:36]SAY: Mutant/ : HMPH!
[03:12:36]SAY: Mutant/ : NNNNNGH!
[03:12:36]SAY: Molerat/ : Squeek!
[03:12:36]SAY: Molerat/ : Squeek!
[03:12:36]EMOTE: giant rad scorpion (520)/ : <B>The giant rad scorpion (520)</B> chitters
[03:12:36]SAY: Molerat/ : Squeek
[03:12:38]SAY: Mutant/ : NNNNNGH!
[03:12:38]SAY: Molerat/ : Squeek
[03:12:38]EMOTE: Default Cyborg-816/ : <B>Default Cyborg-816</B> shudders violently for a moment, then becomes motionless, its eyes slowly darkening.
[03:12:40]SAY: Mutant/ : ARGH!
[03:12:40]SAY: Molerat/ : Squeek
[03:12:40]SAY: Molerat/ : Squeek
[03:12:40]SAY: Molerat/ : Squeek!
[03:12:40]SAY: Mutant/ : GRRRRRR!
[03:12:42]SAY: Molerat/ : Squeek!
[03:12:42]SAY: Molerat/ : Squeek
[03:12:42]SAY: Molerat/ : Squeek!
[03:12:44]SAY: Molerat/ : Squeek
[03:12:44]SAY: Molerat/ : Squeek!
[03:12:44]SAY: Molerat/ : Squeek!
[03:12:44]SAY: Molerat/ : Squeek
[03:12:44]GAME: Explosion with size (0, 1, 2, 0) in area Electrical Maintenance (111,123,1)
[03:12:46]SAY: Molerat/ : Squeek, i say
[03:12:46]SAY: Molerat/ : Squeek!
[03:12:46]SAY: Molerat/ : Squeek!
[03:12:46]SAY: Molerat/ : Squeek
[03:12:46]SAY: Molerat/ : Squeek!
[03:12:46]SAY: brahmin/ : MOOOOOO
[03:12:46]EMOTE: giant rad scorpion (117)/ : <B>The giant rad scorpion (117)</B> chitters
[03:12:48]SAY: Mutant/ : HMPH!
[03:12:48]SAY: Molerat/ : Squeek!
[03:12:48]SAY: Molerat/ : Squeek!
[03:12:48]SAY: Molerat/ : Squeek, i say
[03:12:48]SAY: Molerat/ : Squeek!
[03:12:48]SAY: Mutant/ : HMPH!
[03:12:48]SAY: Molerat/ : Squeek
[03:12:48]SAY: Molerat/ : Squeek
[03:12:48]SAY: Molerat/ : Squeek
[03:12:50]SAY: Molerat/ : Squeek!
[03:12:50]EMOTE: Runtime/ : <B>Runtime</B> mews
[03:12:50]SAY: Molerat/ : Squeek!
[03:12:52]SAY: Mutant/ : ARGH!
[03:12:52]SAY: Molerat/ : Squeek
[03:12:52]SAY: Molerat/ : Squeek!
[03:12:52]SAY: Molerat/ : Squeek
[03:12:52]SAY: Molerat/ : Squeek
[03:12:52]SAY: Molerat/ : Squeek
[03:12:54]SAY: Molerat/ : Squeek, i say
[03:12:54]SAY: Molerat/ : Squeek!
[03:12:56]SAY: Molerat/ : Squeek
[03:12:56]SAY: Mutant/ : HMPH!
[03:12:56]SAY: Mutant/ : GRRRRRR!
[03:12:56]SAY: Molerat/ : Squeek
[03:12:56]SAY: Molerat/ : Squeek!
[03:12:56]SAY: Molerat/ : Squeek
[03:12:56]SAY: Mutant/ : GRRRRRR!
[03:12:56]SAY: Molerat/ : Squeek!
[03:12:56]SAY: Molerat/ : Squeek
[03:12:56]SAY: Molerat/ : Squeek
[03:12:58]SAY: Molerat/ : Squeek
[03:12:58]SAY: Mutant/ : NNNNNGH!
[03:12:58]SAY: Molerat/ : Squeek, i say
[03:12:58]SAY: Molerat/ : Squeek!
[03:12:58]SAY: Molerat/ : Squeek
[03:12:58]SAY: Quentin Fulton/ : Traitorous until proven bad!
[03:13:00]SAY: Molerat/ : Squeek!
[03:13:00]SAY: Molerat/ : Squeek!
[03:13:00]SAY: Molerat/ : Squeek
[03:13:00]SAY: Molerat/ : Squeek
[03:13:00]EMOTE: rad scorpion (278)/ : <B>The rad scorpion (278)</B> chitters
[03:13:00]SAY: Molerat/ : Squeek
[03:13:00]SAY: Medibot/ : I knew it, I should&#39;ve been a plastic surgeon.
[03:13:02]SAY: Mutant/ : HMPH!
[03:13:02]SAY: Molerat/ : Squeek, i say
[03:13:02]SAY: Molerat/ : Squeek!
[03:13:02]SAY: Molerat/ : Squeek
[03:13:04]SAY: Molerat/ : Squeek
[03:13:04]SAY: Molerat/ : Squeek
[03:13:04]SAY: Molerat/ : Squeek
[03:13:04]SAY: Molerat/ : Squeek
[03:13:04]SAY: Molerat/ : Squeek!
[03:13:04]EMOTE: mouse/ : <B>The mouse</B> shakes.
[03:13:04]SAY: Molerat/ : Squeek
[03:13:04]SAY: Molerat/ : Squeek
[03:13:04]SAY: Molerat/ : Squeek
[03:13:04]SAY: Molerat/ : Squeek!
[03:13:06]SAY: Molerat/ : Squeek
[03:13:06]SAY: Molerat/ : Squeek!
[03:13:06]SAY: Molerat/ : Squeek
[03:13:06]SAY: Molerat/ : Squeek
[03:13:06]SAY: Molerat/ : Squeek!
[03:13:08]SAY: Molerat/ : Squeek
[03:13:08]SAY: Molerat/ : Squeek!
[03:13:08]SAY: Molerat/ : Squeek!
[03:13:08]SAY: Molerat/ : Squeek
[03:13:10]SAY: Mutant/ : HMPH!
[03:13:10]SAY: Molerat/ : Squeek
[03:13:10]SAY: Molerat/ : Squeek!
[03:13:10]SAY: Molerat/ : Squeek!
[03:13:10]SAY: Molerat/ : Squeek!
[03:13:10]SAY: Molerat/ : Squeek
[03:13:10]SAY: Molerat/ : Squeek!
[03:13:10]SAY: Molerat/ : Squeek
[03:13:10]SAY: Molerat/ : Squeek, i say
[03:13:10]SAY: Molerat/ : Squeek!
[03:13:10]SAY: Molerat/ : Squeek
[03:13:10]SAY: Molerat/ : Squeek, i say
[03:13:12]SAY: Molerat/ : Squeek
[03:13:12]SAY: Molerat/ : Squeek!
[03:13:12]SAY: Molerat/ : Squeek!
[03:13:12]SAY: Molerat/ : Squeek!
[03:13:12]SAY: Molerat/ : Squeek!
[03:13:12]SAY: Molerat/ : Squeek!
[03:13:12]SAY: Molerat/ : Squeek
[03:13:12]SAY: Molerat/ : Squeek
[03:13:12]SAY: Runtime/ : Purr!
[03:13:14]SAY: Mutant/ : GRRRRRR!
[03:13:14]SAY: Molerat/ : Squeek, i say
[03:13:14]SAY: Molerat/ : Squeek
[03:13:16]SAY: Mutant/ : HMPH!
[03:13:16]SAY: Mutant/ : NNNNNGH!
[03:13:16]SAY: Molerat/ : Squeek
[03:13:16]SAY: Molerat/ : Squeek, i say
[03:13:16]SAY: Molerat/ : Squeek!
[03:13:16]SAY: Mutant/ : ARGH!
[03:13:16]SAY: Molerat/ : Squeek, i say
[03:13:18]SAY: Molerat/ : Squeek
[03:13:18]SAY: Molerat/ : Squeek!
[03:13:18]SAY: Molerat/ : Squeek
[03:13:18]SAY: Molerat/ : Squeek
[03:13:18]SAY: Molerat/ : Squeek, i say
[03:13:18]SAY: Molerat/ : Squeek
[03:13:18]EMOTE: Runtime/ : <B>Runtime</B> looks alert.
[03:13:18]SAY: Molerat/ : Squeek
[03:13:21]SAY: Molerat/ : Squeek!
[03:13:21]SAY: Mutant/ : ARRRRR!
[03:13:21]SAY: Molerat/ : Squeek!
[03:13:21]SAY: Molerat/ : Squeek
[03:13:21]SAY: Molerat/ : Squeek, i say
[03:13:21]SAY: Molerat/ : Squeek
[03:13:23]SAY: Molerat/ : Squeek
[03:13:23]SAY: Molerat/ : Squeek, i say
[03:13:23]SAY: Molerat/ : Squeek!
[03:13:23]SAY: Molerat/ : Squeek!
[03:13:23]SAY: Molerat/ : Squeek
[03:13:23]SAY: Mutant/ : NNNNNGH!
[03:13:23]SAY: Molerat/ : Squeek!
[03:13:23]SAY: Molerat/ : Squeek
[03:13:25]SAY: Molerat/ : Squeek, i say
[03:13:25]SAY: Molerat/ : Squeek
[03:13:25]SAY: Molerat/ : Squeek!
[03:13:27]SAY: Molerat/ : Squeek!
[03:13:27]SAY: Molerat/ : Squeek!
[03:13:27]SAY: Molerat/ : Squeek
[03:13:27]SAY: Molerat/ : Squeek
[03:13:27]SAY: Molerat/ : Squeek
[03:13:27]SAY: Molerat/ : Squeek
[03:13:29]SAY: Molerat/ : Squeek!
[03:13:29]SAY: Molerat/ : Squeek, i say
[03:13:29]SAY: Molerat/ : Squeek
[03:13:29]SAY: Mutant/ : ARRRRR!
[03:13:29]SAY: Molerat/ : Squeek!
[03:13:29]SAY: Molerat/ : Squeek!
[03:13:31]SAY: Molerat/ : Squeek!
[03:13:31]SAY: Molerat/ : Squeek!
[03:13:31]SAY: Molerat/ : Squeek!
[03:13:31]SAY: Molerat/ : Squeek!
[03:13:33]SAY: Molerat/ : Squeek
[03:13:33]SAY: Molerat/ : Squeek, i say
[03:13:33]SAY: Molerat/ : Squeek
[03:13:33]SAY: Mutant/ : NNNNNGH!
[03:13:33]SAY: Molerat/ : Squeek!
[03:13:35]SAY: Mutant/ : ARRRRR!
[03:13:35]SAY: Mutant/ : ARRRRR!
[03:13:35]SAY: Molerat/ : Squeek
[03:13:35]SAY: Molerat/ : Squeek
[03:13:35]SAY: Molerat/ : Squeek
[03:13:35]SAY: Molerat/ : Squeek
[03:13:37]SAY: Molerat/ : Squeek!
[03:13:37]SAY: Molerat/ : Squeek!
[03:13:37]SAY: Molerat/ : Squeek, i say
[03:13:37]SAY: Mutant/ : ARGH!
[03:13:37]SAY: Molerat/ : Squeek!
[03:13:37]SAY: Molerat/ : Squeek!
[03:13:39]SAY: Molerat/ : Squeek!
[03:13:39]SAY: Molerat/ : Squeek, i say
[03:13:39]SAY: Molerat/ : Squeek!
[03:13:39]SAY: Quentin Fulton/ : I want to poke that gaylord when I find them.
[03:13:41]SAY: Molerat/ : Squeek
[03:13:41]SAY: Molerat/ : Squeek
[03:13:41]SAY: Molerat/ : Squeek
[03:13:41]SAY: Molerat/ : Squeek, i say
[03:13:41]SAY: Molerat/ : Squeek, i say
[03:13:41]SAY: Molerat/ : Squeek!
[03:13:41]SAY: Molerat/ : Squeek
[03:13:43]SAY: Molerat/ : Squeek
[03:13:43]SAY: Molerat/ : Squeek!
[03:13:43]SAY: Molerat/ : Squeek, i say
[03:13:43]SAY: Molerat/ : Squeek!
[03:13:45]SAY: Molerat/ : Squeek!
[03:13:45]SAY: Molerat/ : Squeek!
[03:13:45]SAY: Molerat/ : Squeek, i say
[03:13:45]SAY: Mutant/ : ARGH!
[03:13:45]SAY: Molerat/ : Squeek
[03:13:45]SAY: Molerat/ : Squeek
[03:13:45]EMOTE: brahmin/ : <B>The brahmin</B> brays.
[03:13:47]SAY: Molerat/ : Squeek
[03:13:47]SAY: Mutant/ : GRRRRRR!
[03:13:47]SAY: Molerat/ : Squeek!
[03:13:47]SAY: Molerat/ : Squeek
[03:13:47]SAY: Molerat/ : Squeek
[03:13:47]SAY: Molerat/ : Squeek!
[03:13:47]SAY: Molerat/ : Squeek
[03:13:47]SAY: Molerat/ : Squeek
[03:13:47]SAY: Molerat/ : Squeek
[03:13:49]SAY: Molerat/ : Squeek, i say
[03:13:49]SAY: Molerat/ : Squeek!
[03:13:49]SAY: Molerat/ : Squeek!
[03:13:51]SAY: Molerat/ : Squeek
[03:13:51]SAY: Mutant/ : ARRRRR!
[03:13:51]SAY: Molerat/ : Squeek
[03:13:51]SAY: Molerat/ : Squeek
[03:13:51]EMOTE: cammel/ : <B>The cammel</B> shakes its head.
[03:13:51]EMOTE: giant rad scorpion (117)/ : <B>The giant rad scorpion (117)</B> chitters
[03:13:53]SAY: Mutant/ : GRRRRRR!
[03:13:53]SAY: Molerat/ : Squeek!
[03:13:53]SAY: Molerat/ : Squeek
[03:13:53]SAY: Molerat/ : Squeek
[03:13:53]SAY: Molerat/ : Squeek!
[03:13:53]SAY: Quentin Fulton/ : I want to wrench that shitcurity when I find them.
[03:13:55]SAY: Molerat/ : Squeek!
[03:13:55]SAY: Molerat/ : Squeek
[03:13:55]SAY: Molerat/ : Squeek
[03:13:55]SAY: brahmin/ : Moo
[03:13:55]EMOTE: monkey (282)/ : <B>The monkey (282)</B> jumps!
[03:13:57]SAY: Molerat/ : Squeek
[03:13:57]SAY: Molerat/ : Squeek
[03:13:57]SAY: Molerat/ : Squeek, i say
[03:13:57]SAY: Molerat/ : Squeek!
[03:13:57]SAY: Molerat/ : Squeek
[03:13:57]SAY: Molerat/ : Squeek
[03:13:57]SAY: Medibot/ : Delicious!
[03:13:59]SAY: Molerat/ : Squeek!
[03:13:59]SAY: Molerat/ : Squeek
[03:13:59]SAY: Molerat/ : Squeek
[03:13:59]EMOTE: rad scorpion (278)/ : <B>The rad scorpion (278)</B> chitters
[03:14:01]SAY: Molerat/ : Squeek
[03:14:01]SAY: Molerat/ : Squeek
[03:14:01]SAY: Molerat/ : Squeek
[03:14:01]SAY: Molerat/ : Squeek
[03:14:01]SAY: Molerat/ : Squeek, i say
[03:14:01]SAY: Molerat/ : Squeek
[03:14:01]SAY: Molerat/ : Squeek!
[03:14:01]SAY: Molerat/ : Squeek
[03:14:03]SAY: Mutant/ : GRRRRRR!
[03:14:03]SAY: Mutant/ : HMPH!
[03:14:03]SAY: Molerat/ : Squeek
[03:14:03]SAY: Molerat/ : Squeek!
[03:14:04]GAME: Explosion with size (0, 1, 2, 0) in area Electrical Maintenance (114,123,1)
[03:14:05]GAME: Explosion with size (0, 1, 2, 0) in area Space (114,120,1)
[03:14:05]SAY: Molerat/ : Squeek!
[03:14:05]SAY: Mutant/ : ARRRRR!
[03:14:05]SAY: Molerat/ : Squeek
[03:14:05]SAY: Molerat/ : Squeek
[03:14:05]SAY: Mutant/ : NNNNNGH!
[03:14:05]SAY: Molerat/ : Squeek!
[03:14:07]SAY: Molerat/ : Squeek
[03:14:07]SAY: Molerat/ : Squeek
[03:14:07]SAY: Molerat/ : Squeek!
[03:14:07]EMOTE: giant rad scorpion (764)/ : <B>The giant rad scorpion (764)</B> chitters
[03:14:07]SAY: Molerat/ : Squeek
[03:14:09]SAY: Mutant/ : HMPH!
[03:14:09]SAY: Mutant/ : NNNNNGH!
[03:14:09]SAY: Molerat/ : Squeek!
[03:14:09]SAY: Molerat/ : Squeek!
[03:14:09]SAY: Molerat/ : Squeek!
[03:14:09]SAY: Mutant/ : ARRRRR!
[03:14:11]SAY: Molerat/ : Squeek
[03:14:11]SAY: Molerat/ : Squeek
[03:14:11]SAY: Molerat/ : Squeek!
[03:14:13]SAY: Molerat/ : Squeek!
[03:14:13]SAY: Mutant/ : ARRRRR!
[03:14:13]SAY: Molerat/ : Squeek!
[03:14:13]SAY: Molerat/ : Squeek, i say
[03:14:13]SAY: Molerat/ : Squeek!
[03:14:13]SAY: Molerat/ : Squeek
[03:14:13]EMOTE: Sharik/ : <B>Sharik</B> shakes its head.
[03:14:15]SAY: Molerat/ : Squeek
[03:14:15]SAY: Molerat/ : Squeek
[03:14:15]SAY: Molerat/ : Squeek
[03:14:15]SAY: Molerat/ : Squeek!
[03:14:15]SAY: Quentin Fulton/ : Oh bitch, that tator was one hell of an monkey-like eyes.
[03:14:17]SAY: Molerat/ : Squeek
[03:14:17]SAY: Molerat/ : Squeek
[03:14:17]SAY: Molerat/ : Squeek
[03:14:17]SAY: Molerat/ : Squeek
[03:14:17]SAY: Molerat/ : Squeek!
[03:14:17]SAY: Molerat/ : Squeek
[03:14:17]SAY: Molerat/ : Squeek!
[03:14:19]SAY: Molerat/ : Squeek, i say
[03:14:19]SAY: Molerat/ : Squeek!
[03:14:21]SAY: Mutant/ : HMPH!
[03:14:21]SAY: Molerat/ : Squeek
[03:14:21]SAY: Molerat/ : Squeek!
[03:14:23]GAME: SQL ERROR obtaining reason from watch table. Error : [not connected]

[03:14:24]SAY: Mutant/ : ARRRRR!
[03:14:24]SAY: Molerat/ : Squeek!
[03:14:24]SAY: Molerat/ : Squeek!
[03:14:24]SAY: Molerat/ : Squeek, i say
[03:14:25]ADMIN: PahomLancer/(Griffin Whiteman) healed / Revived PahomLancer/(Griffin Whiteman)
[03:14:26]SAY: Molerat/ : Squeek
[03:14:26]SAY: Molerat/ : Squeek
[03:14:26]SAY: Molerat/ : Squeek
[03:14:26]SAY: Molerat/ : Squeek
[03:14:26]SAY: Molerat/ : Squeek
[03:14:26]SAY: Mutant/ : GRRRRRR!
[03:14:26]EMOTE: brahmin/ : <B>The brahmin</B> shakes its head.
[03:14:26]SAY: Molerat/ : Squeek
[03:14:26]EMOTE: Runtime/ : <B>Runtime</B> lies down.
[03:14:28]SAY: Molerat/ : Squeek
[03:14:28]SAY: Mutant/ : HMPH!
[03:14:28]SAY: Molerat/ : Squeek
[03:14:28]EMOTE: rad scorpion (278)/ : <B>The rad scorpion (278)</B> chitters
[03:14:28]EMOTE: Proc/ : <B>Proc</B> twitches its whiskers.
[03:14:30]SAY: Molerat/ : Squeek!
[03:14:30]SAY: Molerat/ : Squeek
[03:14:30]SAY: Molerat/ : Squeek, i say
[03:14:32]SAY: Molerat/ : Squeek
[03:14:32]SAY: Mutant/ : NNNNNGH!
[03:14:32]SAY: Molerat/ : Squeek
[03:14:32]SAY: Molerat/ : Squeek, i say
[03:14:32]SAY: Molerat/ : Squeek!
[03:14:32]SAY: Molerat/ : Squeek!
[03:14:32]SAY: Molerat/ : Squeek!
[03:14:32]SAY: Molerat/ : Squeek
[03:14:32]SAY: Molerat/ : Squeek
[03:14:32]SAY: Molerat/ : Squeek, i say
[03:14:34]SAY: Molerat/ : Squeek!
[03:14:34]SAY: Molerat/ : Squeek
[03:14:34]SAY: Molerat/ : Squeek, i say
[03:14:34]SAY: Molerat/ : Squeek
[03:14:34]SAY: Molerat/ : Squeek!
[03:14:34]SAY: Molerat/ : Squeek
[03:14:34]EMOTE: giant rad scorpion (117)/ : <B>The giant rad scorpion (117)</B> chitters
[03:14:34]SAY: Quentin Fulton/ : Well damn, this is a bad situation.
[03:14:36]SAY: Molerat/ : Squeek
[03:14:36]SAY: Mutant/ : HMPH!
[03:14:36]SAY: Molerat/ : Squeek
[03:14:36]SAY: Molerat/ : Squeek!
[03:14:36]SAY: Molerat/ : Squeek
[03:14:36]SAY: Molerat/ : Squeek!
[03:14:38]SAY: Molerat/ : Squeek
[03:14:38]SAY: Molerat/ : Squeek, i say
[03:14:38]SAY: Molerat/ : Squeek!
[03:14:38]SAY: Molerat/ : Squeek!
[03:14:38]SAY: Molerat/ : Squeek
[03:14:40]SAY: Molerat/ : Squeek!
[03:14:40]SAY: Molerat/ : Squeek
[03:14:40]SAY: Molerat/ : Squeek!
[03:14:40]SAY: Molerat/ : Squeek
[03:14:40]SAY: Molerat/ : Squeek!
[03:14:40]SAY: Molerat/ : Squeek, i say
[03:14:40]SAY: Molerat/ : Squeek!
[03:14:40]SAY: Molerat/ : Squeek, i say
[03:14:42]SAY: Molerat/ : Squeek!
[03:14:42]SAY: Molerat/ : Squeek, i say
[03:14:42]SAY: Molerat/ : Squeek!
[03:14:42]SAY: Molerat/ : Squeek!
[03:14:42]SAY: Molerat/ : Squeek
[03:14:42]SAY: Molerat/ : Squeek!
[03:14:42]SAY: Quentin Fulton/ : Hey you, why dont you go wank jerk ass damn damn , you cluwne!
[03:14:44]SAY: Molerat/ : Squeek
[03:14:44]SAY: Molerat/ : Squeek!
[03:14:44]SAY: Molerat/ : Squeek
[03:14:44]SAY: Molerat/ : Squeek!
[03:14:44]SAY: Molerat/ : Squeek
[03:14:44]SAY: Molerat/ : Squeek
[03:14:44]EMOTE: giant rad scorpion (520)/ : <B>The giant rad scorpion (520)</B> chitters
[03:14:44]EMOTE: Runtime/ : <B>Runtime</B> walks around.
[03:14:46]SAY: Molerat/ : Squeek
[03:14:46]SAY: Molerat/ : Squeek
[03:14:46]SAY: Molerat/ : Squeek!
[03:14:46]SAY: Molerat/ : Squeek
[03:14:46]SAY: Molerat/ : Squeek!
[03:14:46]SAY: Molerat/ : Squeek
[03:14:46]SAY: Molerat/ : Squeek, i say
[03:14:46]SAY: Mutant/ : ARGH!
[03:14:46]SAY: Molerat/ : Squeek, i say
[03:14:46]EMOTE: giant rad scorpion (764)/ : <B>The giant rad scorpion (764)</B> chitters
[03:14:48]SAY: Molerat/ : Squeek
[03:14:48]SAY: Mutant/ : ARRRRR!
[03:14:48]SAY: Molerat/ : Squeek, i say
[03:14:48]SAY: Molerat/ : Squeek!
[03:14:50]SAY: Molerat/ : Squeek!
[03:14:50]SAY: Molerat/ : Squeek
[03:14:50]SAY: Molerat/ : Squeek
[03:14:50]SAY: Mutant/ : ARRRRR!
[03:14:50]SAY: Molerat/ : Squeek, i say
[03:14:50]SAY: Molerat/ : Squeek
[03:14:50]SAY: Molerat/ : Squeek
[03:14:50]SAY: Molerat/ : Squeek, i say
[03:14:50]SAY: Molerat/ : Squeek!
[03:14:50]SAY: Molerat/ : Squeek
[03:14:50]SAY: Molerat/ : Squeek!
[03:14:52]SAY: Molerat/ : Squeek
[03:14:52]SAY: Molerat/ : Squeek!
[03:14:52]SAY: Molerat/ : Squeek
[03:14:54]SAY: Mutant/ : GRRRRRR!
[03:14:54]SAY: Molerat/ : Squeek!
[03:14:54]SAY: Molerat/ : Squeek
[03:14:56]SAY: Molerat/ : Squeek
[03:14:56]SAY: Mutant/ : ARRRRR!
[03:14:56]SAY: Molerat/ : Squeek!
[03:14:56]SAY: Molerat/ : Squeek
[03:14:56]SAY: Molerat/ : Squeek
[03:14:56]SAY: Mutant/ : NNNNNGH!
[03:14:56]SAY: Molerat/ : Squeek
[03:14:56]SAY: Molerat/ : Squeek
[03:14:58]SAY: Molerat/ : Squeek, i say
[03:15:00]SAY: Mutant/ : ARRRRR!
[03:15:00]SAY: Molerat/ : Squeek
[03:15:00]SAY: Molerat/ : Squeek
[03:15:00]SAY: Molerat/ : Squeek
[03:15:02]SAY: Molerat/ : Squeek
[03:15:02]SAY: Mutant/ : ARRRRR!
[03:15:02]SAY: Mutant/ : ARRRRR!
[03:15:02]SAY: Molerat/ : Squeek
[03:15:04]SAY: Mutant/ : ARRRRR!
[03:15:04]SAY: Molerat/ : Squeek, i say
[03:15:04]SAY: Molerat/ : Squeek!
[03:15:04]SAY: Molerat/ : Squeek
[03:15:04]SAY: Molerat/ : Squeek
[03:15:04]EMOTE: giant spider (990)/ : <B>The giant spider (990)</B> chitters
[03:15:04]SAY: Quentin Fulton/ : Well shit, this is a pretty situation.
[03:15:06]SAY: Mutant/ : ARRRRR!
[03:15:06]SAY: Molerat/ : Squeek!
[03:15:06]SAY: Molerat/ : Squeek, i say
[03:15:06]SAY: Molerat/ : Squeek
[03:15:06]SAY: Molerat/ : Squeek!
[03:15:06]SAY: Molerat/ : Squeek, i say
[03:15:06]SAY: Molerat/ : Squeek!
[03:15:06]SAY: Molerat/ : Squeek!
[03:15:06]SAY: Molerat/ : Squeek!
[03:15:06]SAY: Mutant/ : NNNNNGH!
[03:15:06]SAY: Molerat/ : Squeek
[03:15:06]SAY: Molerat/ : Squeek
[03:15:06]SAY: Molerat/ : Squeek!
[03:15:08]SAY: Molerat/ : Squeek, i say
[03:15:08]SAY: Molerat/ : Squeek
[03:15:10]SAY: Mutant/ : ARGH!
[03:15:10]SAY: Molerat/ : Squeek
[03:15:10]SAY: Molerat/ : Squeek
[03:15:12]SAY: Molerat/ : Squeek
[03:15:12]SAY: Molerat/ : Squeek
[03:15:12]SAY: Molerat/ : Squeek
[03:15:12]SAY: Molerat/ : Squeek
[03:15:14]SAY: Mutant/ : GRRRRRR!
[03:15:14]SAY: Molerat/ : Squeek
[03:15:14]EMOTE: Runtime/ : <B>Runtime</B> bats the toy mouse around with its paw!
[03:15:14]SAY: Molerat/ : Squeek, i say
[03:15:16]SAY: Mutant/ : GRRRRRR!
[03:15:16]SAY: Molerat/ : Squeek!
[03:15:16]SAY: Molerat/ : Squeek!
[03:15:16]SAY: Molerat/ : Squeek!
[03:15:18]SAY: Molerat/ : Squeek
[03:15:18]SAY: Molerat/ : Squeek!
[03:15:18]SAY: Molerat/ : Squeek
[03:15:18]SAY: Molerat/ : Squeek!
[03:15:18]SAY: Molerat/ : Squeek!
[03:15:18]SAY: Molerat/ : Squeek!
[03:15:18]SAY: Mutant/ : HMPH!
[03:15:20]SAY: Mutant/ : GRRRRRR!
[03:15:20]SAY: Molerat/ : Squeek!
[03:15:20]SAY: Molerat/ : Squeek
[03:15:20]SAY: Molerat/ : Squeek
[03:15:20]SAY: Molerat/ : Squeek
[03:15:20]SAY: Molerat/ : Squeek!
[03:15:23]SAY: Molerat/ : Squeek
[03:15:23]SAY: Molerat/ : Squeek, i say
[03:15:23]SAY: Molerat/ : Squeek!
[03:15:25]SAY: Molerat/ : Squeek
[03:15:25]SAY: Molerat/ : Squeek!
[03:15:25]SAY: Molerat/ : Squeek!
[03:15:25]SAY: Molerat/ : Squeek
[03:15:25]SAY: Mutant/ : HMPH!
[03:15:25]SAY: Molerat/ : Squeek
[03:15:27]SAY: Mutant/ : ARRRRR!
[03:15:27]SAY: Molerat/ : Squeek!
[03:15:27]SAY: Molerat/ : Squeek!
[03:15:27]SAY: Mutant/ : NNNNNGH!
[03:15:27]SAY: Molerat/ : Squeek
[03:15:27]EMOTE: giant rad scorpion (520)/ : <B>The giant rad scorpion (520)</B> chitters
[03:15:29]SAY: Molerat/ : Squeek!
[03:15:29]SAY: Molerat/ : Squeek
[03:15:29]SAY: Molerat/ : Squeek!
[03:15:29]SAY: Molerat/ : Squeek
[03:15:29]SAY: Molerat/ : Squeek
[03:15:31]SAY: Molerat/ : Squeek
[03:15:33]SAY: Mutant/ : ARRRRR!
[03:15:33]SAY: Molerat/ : Squeek!
[03:15:33]SAY: Molerat/ : Squeek!
[03:15:33]SAY: Molerat/ : Squeek
[03:15:33]SAY: Molerat/ : Squeek!
[03:15:35]SAY: Molerat/ : Squeek!
[03:15:35]SAY: Molerat/ : Squeek
[03:15:35]SAY: Molerat/ : Squeek
[03:15:37]SAY: Molerat/ : Squeek
[03:15:37]SAY: Molerat/ : Squeek
[03:15:37]SAY: Molerat/ : Squeek
[03:15:39]SAY: Mutant/ : GRRRRRR!
[03:15:39]SAY: Molerat/ : Squeek!
[03:15:39]SAY: Molerat/ : Squeek!
[03:15:39]SAY: Molerat/ : Squeek, i say
[03:15:39]SAY: Molerat/ : Squeek
[03:15:39]EMOTE: giant rad scorpion (520)/ : <B>The giant rad scorpion (520)</B> chitters
[03:15:41]SAY: Molerat/ : Squeek
[03:15:41]SAY: Molerat/ : Squeek, i say
[03:15:41]SAY: Molerat/ : Squeek!
[03:15:41]SAY: Molerat/ : Squeek, i say
[03:15:41]SAY: Molerat/ : Squeek!
[03:15:41]EMOTE: Proc/ : <B>Proc</B> shakes out its coat.
[03:15:43]SAY: Molerat/ : Squeek
[03:15:43]SAY: Molerat/ : Squeek
[03:15:43]SAY: Molerat/ : Squeek!
[03:15:43]SAY: Molerat/ : Squeek
[03:15:45]SAY: Molerat/ : Squeek
[03:15:45]SAY: Molerat/ : Squeek
[03:15:45]SAY: Molerat/ : Squeek!
[03:15:45]SAY: Molerat/ : Squeek!
[03:15:45]SAY: Molerat/ : Squeek
[03:15:47]SAY: Molerat/ : Squeek!
[03:15:47]SAY: Mutant/ : ARRRRR!
[03:15:47]SAY: Molerat/ : Squeek
[03:15:47]SAY: Molerat/ : Squeek!
[03:15:47]SAY: Molerat/ : Squeek!
[03:15:47]SAY: Mutant/ : GRRRRRR!
[03:15:49]SAY: Molerat/ : Squeek
[03:15:49]SAY: Molerat/ : Squeek
[03:15:49]SAY: Molerat/ : Squeek!
[03:15:49]SAY: Mutant/ : GRRRRRR!
[03:15:49]SAY: Mutant/ : GRRRRRR!
[03:15:49]SAY: Molerat/ : Squeek
[03:15:49]SAY: Molerat/ : Squeek
[03:15:49]SAY: Mutant/ : ARRRRR!
[03:15:51]SAY: Molerat/ : Squeek
[03:15:51]SAY: Quentin Fulton/ : Oh ass, that cheesemonger was one hell of an dumb arms.
[03:15:53]SAY: Molerat/ : Squeek
[03:15:53]SAY: Molerat/ : Squeek, i say
[03:15:53]SAY: Molerat/ : Squeek!
[03:15:53]SAY: Molerat/ : Squeek!
[03:15:53]EMOTE: monkey (125)/ : <B>The monkey (125)</B> jumps!
[03:15:55]SAY: Molerat/ : Squeek
[03:15:55]SAY: Molerat/ : Squeek
[03:15:55]EMOTE: giant spider (990)/ : <B>The giant spider (990)</B> chitters
[03:15:55]EMOTE: cammel/ : <B>The cammel</B> glares around.
[03:15:57]SAY: Molerat/ : Squeek!
[03:15:57]SAY: Molerat/ : Squeek, i say
[03:15:57]SAY: Molerat/ : Squeek!
[03:15:57]SAY: Molerat/ : Squeek!
[03:15:57]SAY: Molerat/ : Squeek
[03:15:57]EMOTE: Renault/ : <B>Renault</B> shivers.
[03:15:59]SAY: Molerat/ : Squeek!
[03:15:59]SAY: Molerat/ : Squeek
[03:15:59]SAY: Molerat/ : Squeek!
[03:15:59]SAY: Molerat/ : Squeek!
[03:16:00]SAY: Mutant/ : ARRRRR!
[03:16:00]SAY: Molerat/ : Squeek!
[03:16:02]SAY: Molerat/ : Squeek!
[03:16:02]SAY: Mutant/ : HMPH!
[03:16:02]SAY: Molerat/ : Squeek!
[03:16:02]SAY: Molerat/ : Squeek
[03:16:02]SAY: Mutant/ : NNNNNGH!
[03:16:02]EMOTE: rad scorpion (194)/ : <B>The rad scorpion (194)</B> chitters
[03:16:04]SAY: Molerat/ : Squeek
[03:16:04]SAY: Molerat/ : Squeek
[03:16:04]SAY: Molerat/ : Squeek!
[03:16:04]SAY: Molerat/ : Squeek
[03:16:04]EMOTE: brahmin/ : <B>The brahmin</B> shakes its head.
[03:16:06]SAY: Mutant/ : ARGH!
[03:16:06]SAY: Molerat/ : Squeek
[03:16:06]SAY: Molerat/ : Squeek
[03:16:06]SAY: Molerat/ : Squeek
[03:16:06]SAY: Molerat/ : Squeek
[03:16:06]SAY: Mutant/ : HMPH!
[03:16:06]SAY: Molerat/ : Squeek
[03:16:06]SAY: Quentin Fulton/ : I want to assault that bitch when I find them.
[03:16:08]SAY: Molerat/ : Squeek
[03:16:08]SAY: Molerat/ : Squeek!
[03:16:08]SAY: Molerat/ : Squeek
[03:16:08]SAY: Molerat/ : Squeek!
[03:16:08]SAY: Molerat/ : Squeek!
[03:16:08]SAY: Molerat/ : Squeek, i say
[03:16:08]SAY: Molerat/ : Squeek!
[03:16:08]SAY: Molerat/ : Squeek!
[03:16:08]EMOTE: giant rad scorpion (764)/ : <B>The giant rad scorpion (764)</B> chitters
[03:16:08]SAY: Molerat/ : Squeek!
[03:16:10]SAY: Molerat/ : Squeek!
[03:16:10]SAY: Molerat/ : Squeek
[03:16:10]SAY: Molerat/ : Squeek
[03:16:12]SAY: Mutant/ : ARRRRR!
[03:16:12]SAY: Molerat/ : Squeek
[03:16:12]SAY: Molerat/ : Squeek!
[03:16:12]SAY: Molerat/ : Squeek, i say
[03:16:12]SAY: Molerat/ : Squeek!
[03:16:12]SAY: Molerat/ : Squeek, i say
[03:16:12]SAY: Molerat/ : Squeek!
[03:16:12]SAY: Molerat/ : Squeek
[03:16:12]SAY: Molerat/ : Squeek!
[03:16:14]SAY: Molerat/ : Squeek
[03:16:14]SAY: Molerat/ : Squeek!
[03:16:14]SAY: brahmin/ : Moo?
[03:16:16]SAY: Mutant/ : HMPH!
[03:16:16]SAY: Molerat/ : Squeek!
[03:16:16]SAY: Molerat/ : Squeek
[03:16:16]SAY: Molerat/ : Squeek
[03:16:16]SAY: Molerat/ : Squeek!
[03:16:16]EMOTE: Runtime/ : <B>Runtime</B> mews
[03:16:16]SAY: Molerat/ : Squeek
[03:16:18]SAY: Molerat/ : Squeek!
[03:16:18]SAY: Molerat/ : Squeek
[03:16:18]SAY: Molerat/ : Squeek
[03:16:18]SAY: Molerat/ : Squeek!
[03:16:20]SAY: Molerat/ : Squeek
[03:16:20]SAY: Molerat/ : Squeek
[03:16:20]SAY: Molerat/ : Squeek
[03:16:22]SAY: Molerat/ : Squeek!
[03:16:22]SAY: Molerat/ : Squeek, i say
[03:16:22]SAY: Molerat/ : Squeek!
[03:16:22]SAY: Molerat/ : Squeek
[03:16:22]SAY: Molerat/ : Squeek
[03:16:22]EMOTE: brahmin/ : <B>The brahmin</B> shakes its head.
[03:16:22]SAY: Molerat/ : Squeek
[03:16:22]EMOTE: rad scorpion (278)/ : <B>The rad scorpion (278)</B> chitters
[03:16:24]SAY: Mutant/ : HMPH!
[03:16:24]SAY: Molerat/ : Squeek!
[03:16:26]SAY: Mutant/ : HMPH!
[03:16:26]SAY: Molerat/ : Squeek
[03:16:26]SAY: Molerat/ : Squeek, i say
[03:16:26]SAY: Molerat/ : Squeek
[03:16:26]SAY: Molerat/ : Squeek
[03:16:28]SAY: Molerat/ : Squeek
[03:16:28]SAY: Mutant/ : ARGH!
[03:16:28]SAY: Molerat/ : Squeek
[03:16:30]SAY: Mutant/ : NNNNNGH!
[03:16:30]SAY: Molerat/ : Squeek
[03:16:30]SAY: Molerat/ : Squeek
[03:16:30]SAY: Molerat/ : Squeek, i say
[03:16:30]SAY: Mutant/ : NNNNNGH!
[03:16:30]SAY: Quentin Fulton/ : Oh damn, that tator was one hell of an ugly stomach.
[03:16:32]SAY: Molerat/ : Squeek
[03:16:32]SAY: Molerat/ : Squeek
[03:16:32]SAY: Molerat/ : Squeek
[03:16:32]SAY: Molerat/ : Squeek!
[03:16:32]SAY: Quentin Fulton/ : Well jerk, this is a nice situation.
[03:16:34]SAY: Molerat/ : Squeek!
[03:16:34]SAY: Molerat/ : Squeek
[03:16:34]SAY: Molerat/ : Squeek
[03:16:34]SAY: Molerat/ : Squeek!
[03:16:34]SAY: Molerat/ : Squeek
[03:16:34]SAY: Molerat/ : Squeek
[03:16:34]EMOTE: Runtime/ : <B>Runtime</B> meows
[03:16:36]SAY: Molerat/ : Squeek
[03:16:36]SAY: Mutant/ : NNNNNGH!
[03:16:36]SAY: Molerat/ : Squeek
[03:16:36]SAY: Molerat/ : Squeek!
[03:16:36]SAY: Molerat/ : Squeek!
[03:16:36]SAY: Molerat/ : Squeek
[03:16:36]SAY: Molerat/ : Squeek
[03:16:36]SAY: Renault/ : Ack-Ack-Ack-Ackawoooo
[03:16:38]SAY: Molerat/ : Squeek
[03:16:38]SAY: Molerat/ : Squeek, i say
[03:16:38]SAY: Molerat/ : Squeek
[03:16:38]SAY: Molerat/ : Squeek
[03:16:40]SAY: Molerat/ : Squeek!
[03:16:42]SAY: Mutant/ : ARRRRR!
[03:16:42]SAY: Molerat/ : Squeek
[03:16:42]SAY: Molerat/ : Squeek!
[03:16:42]EMOTE: brahmin/ : <B>The brahmin</B> shakes its head.
[03:16:44]SAY: Molerat/ : Squeek!
[03:16:44]SAY: Mutant/ : ARRRRR!
[03:16:44]SAY: Molerat/ : Squeek!
[03:16:44]SAY: Mutant/ : NNNNNGH!
[03:16:44]SAY: Molerat/ : Squeek
[03:16:46]SAY: Molerat/ : Squeek!
[03:16:46]SAY: Molerat/ : Squeek
[03:16:46]SAY: Molerat/ : Squeek, i say
[03:16:46]SAY: Molerat/ : Squeek!
[03:16:46]SAY: Molerat/ : Squeek
[03:16:46]SAY: Mutant/ : NNNNNGH!
[03:16:46]SAY: Molerat/ : Squeek!
[03:16:48]SAY: Molerat/ : Squeek!
[03:16:48]SAY: Molerat/ : Squeek
[03:16:48]SAY: Molerat/ : Squeek!
[03:16:48]SAY: Molerat/ : Squeek, i say
[03:16:48]EMOTE: giant rad scorpion (764)/ : <B>The giant rad scorpion (764)</B> chitters
[03:16:50]SAY: Molerat/ : Squeek
[03:16:50]SAY: Molerat/ : Squeek
[03:16:50]SAY: Mutant/ : ARGH!
[03:16:50]SAY: Molerat/ : Squeek!
[03:16:50]SAY: Molerat/ : Squeek
[03:16:50]SAY: Molerat/ : Squeek
[03:16:50]SAY: Molerat/ : Squeek!
[03:16:50]SAY: Molerat/ : Squeek
[03:16:50]SAY: Molerat/ : Squeek
[03:16:50]SAY: Molerat/ : Squeek
[03:16:52]SAY: Molerat/ : Squeek
[03:16:52]SAY: Molerat/ : Squeek!
[03:16:52]SAY: Molerat/ : Squeek
[03:16:52]SAY: Molerat/ : Squeek
[03:16:52]SAY: Molerat/ : Squeek!
[03:16:52]SAY: Molerat/ : Squeek
[03:16:54]SAY: Molerat/ : Squeek
[03:16:54]SAY: Molerat/ : Squeek!
[03:16:54]SAY: Molerat/ : Squeek!
[03:16:54]SAY: Molerat/ : Squeek
[03:16:54]SAY: Molerat/ : Squeek, i say
[03:16:54]EMOTE: giant rad scorpion (520)/ : <B>The giant rad scorpion (520)</B> chitters
[03:16:56]SAY: Molerat/ : Squeek!
[03:16:56]SAY: Mutant/ : ARGH!
[03:16:56]SAY: Molerat/ : Squeek
[03:16:56]SAY: Molerat/ : Squeek
[03:16:56]SAY: Molerat/ : Squeek
[03:16:56]SAY: Molerat/ : Squeek
[03:16:56]SAY: Molerat/ : Squeek!
[03:16:56]SAY: Medibot/ : What kind of medbay is this? Everyone&#39;s dropping like dead flies.
[03:16:58]ACCESS: Logout: PahomLancer[DC]/(Griffin Whiteman)


Starting up. 03:27.23
---------------------
Adding game mode abduction (abduction) to configuration.
Adding game mode blob (blob) to configuration.
Adding game mode changeling (changeling) to configuration.
Adding game mode traitor+changeling (traitorchan) to configuration.
Adding game mode double agents (double_agents) to configuration.
Adding game mode traitor (traitor) to configuration.
Adding game mode cult (cult) to configuration.
Adding game mode extended (extended) to configuration.
Adding game mode gang war (gang) to configuration.
Adding game mode hand of god (handofgod) to configuration.
Adding game mode AI malfunction (malfunction) to configuration.
Adding game mode meteor (meteor) to configuration.
Adding game mode monkey (monkey) to configuration.
Adding game mode nuclear emergency (nuclear) to configuration.
Adding game mode revolution (revolution) to configuration.
Adding game mode sandbox (sandbox) to configuration.
Adding game mode shadowling (shadowling) to configuration.
Adding game mode very ragin' bullshit mages (veryraginbullshitmages) to configuration.
Adding game mode ragin' mages (raginmages) to configuration.
Adding game mode wizard (wizard) to configuration.
Saved mode is 'extended'
[03:27:23]ADMIN: Loading appearance_rank
[03:27:23]ADMIN: appearance_keylist was empty
[03:27:23]ADMIN: Loading Banlist
a the gibber didn't find an input plate.
a the gibber didn't find an input plate.
[03:28:04]ACCESS: Login: PahomLancer/(PahomLancer) from 127.0.0.1-3150345111 || BYOND v509
[03:28:58]ADMIN: PahomLancer has started the game.
[03:29:01]GAME: SQL ERROR obtaining jobbans. Error : [not connected]

[03:29:01]ACCESS: Logout: *no key*/(PahomLancer)
[03:29:01]ACCESS: Login: PahomLancer/(Griffin Whiteman) from 127.0.0.1-3150345111 || BYOND v509
[03:29:03]SAY: Molerat/ : Squeek
[03:29:03]SAY: Molerat/ : Squeek
[03:29:03]SAY: Molerat/ : Squeek
[03:29:05]SAY: Mutant/ : ARGH!
[03:29:05]SAY: Molerat/ : Squeek
[03:29:05]SAY: Molerat/ : Squeek
[03:29:07]SAY: Molerat/ : Squeek
[03:29:07]SAY: Molerat/ : Squeek
[03:29:07]SAY: Molerat/ : Squeek!
[03:29:07]SAY: Molerat/ : Squeek
[03:29:07]SAY: Molerat/ : Squeek
[03:29:07]SAY: Molerat/ : Squeek!
[03:29:07]SAY: Molerat/ : Squeek!
[03:29:07]SAY: Molerat/ : Squeek
[03:29:07]SAY: Molerat/ : Squeek!
[03:29:07]SAY: Molerat/ : Squeek
[03:29:09]SAY: Molerat/ : Squeek
[03:29:09]SAY: Molerat/ : Squeek!
[03:29:09]SAY: Molerat/ : Squeek
[03:29:09]SAY: Molerat/ : Squeek!
[03:29:09]SAY: Molerat/ : Squeek
[03:29:11]SAY: Molerat/ : Squeek
[03:29:11]SAY: Molerat/ : Squeek
[03:29:11]SAY: Molerat/ : Squeek
[03:29:11]SAY: Molerat/ : Squeek
[03:29:11]SAY: Molerat/ : Squeek
[03:29:11]SAY: Molerat/ : Squeek
[03:29:11]SAY: Molerat/ : Squeek!
[03:29:13]SAY: Molerat/ : Squeek!
[03:29:13]SAY: Molerat/ : Squeek
[03:29:13]SAY: Molerat/ : Squeek, i say
[03:29:13]SAY: Molerat/ : Squeek
[03:29:13]SAY: Molerat/ : Squeek!
[03:29:13]SAY: Molerat/ : Squeek
[03:29:13]SAY: Molerat/ : Squeek, i say
[03:29:15]SAY: Molerat/ : Squeek
[03:29:15]SAY: Molerat/ : Squeek
[03:29:15]SAY: Molerat/ : Squeek!
[03:29:15]SAY: Molerat/ : Squeek!
[03:29:15]SAY: Molerat/ : Squeek
[03:29:17]SAY: Molerat/ : Squeek!
[03:29:17]SAY: Molerat/ : Squeek, i say
[03:29:17]SAY: Molerat/ : Squeek
[03:29:17]SAY: Molerat/ : Squeek
[03:29:17]SAY: Molerat/ : Squeek!
[03:29:17]SAY: Molerat/ : Squeek
[03:29:17]SAY: Molerat/ : Squeek!
[03:29:19]SAY: Molerat/ : Squeek!
[03:29:19]SAY: Molerat/ : Squeek
[03:29:19]SAY: Molerat/ : Squeek
[03:29:19]SAY: Molerat/ : Squeek!
[03:29:19]SAY: Molerat/ : Squeek
[03:29:19]SAY: Molerat/ : Squeek
[03:29:19]SAY: Molerat/ : Squeek!
[03:29:21]SAY: Molerat/ : Squeek
[03:29:21]SAY: Molerat/ : Squeek
[03:29:21]SAY: Molerat/ : Squeek!
[03:29:21]SAY: Molerat/ : Squeek
[03:29:21]SAY: Molerat/ : Squeek
[03:29:23]SAY: Molerat/ : Squeek
[03:29:23]SAY: Molerat/ : Squeek
[03:29:23]SAY: Molerat/ : Squeek
[03:29:23]SAY: Molerat/ : Squeek
[03:29:23]SAY: Molerat/ : Squeek!
[03:29:23]SAY: Molerat/ : Squeek!
[03:29:23]SAY: Molerat/ : Squeek
[03:29:23]SAY: Molerat/ : Squeek
[03:29:23]SAY: Molerat/ : Squeek
[03:29:23]SAY: Molerat/ : Squeek!
[03:29:23]EMOTE: giant rad scorpion (206)/ : <B>The giant rad scorpion (206)</B> chitters
[03:29:25]SAY: Molerat/ : Squeek!
[03:29:25]SAY: Molerat/ : Squeek!
[03:29:25]SAY: Molerat/ : Squeek!
[03:29:25]SAY: Molerat/ : Squeek!
[03:29:27]SAY: Molerat/ : Squeek!
[03:29:27]SAY: Molerat/ : Squeek
[03:29:27]SAY: Molerat/ : Squeek
[03:29:27]SAY: Molerat/ : Squeek!
[03:29:27]SAY: brahmin/ : Moo
[03:29:29]SAY: Molerat/ : Squeek, i say
[03:29:29]SAY: Molerat/ : Squeek
[03:29:29]SAY: Molerat/ : Squeek!
[03:29:29]SAY: Molerat/ : Squeek!
[03:29:29]EMOTE: cammel/ : <B>The cammel</B> shakes its head.
[03:29:29]SAY: Molerat/ : Squeek
[03:29:31]SAY: Molerat/ : Squeek, i say
[03:29:31]SAY: Molerat/ : Squeek!
[03:29:31]SAY: Molerat/ : Squeek
[03:29:31]SAY: Molerat/ : Squeek!
[03:29:31]SAY: Molerat/ : Squeek
[03:29:31]SAY: Molerat/ : Squeek!
[03:29:31]EMOTE: Default Cyborg-444/ : <B>Default Cyborg-444</B> shudders violently for a moment, then becomes motionless, its eyes slowly darkening.
[03:29:33]SAY: Molerat/ : Squeek!
[03:29:33]SAY: Molerat/ : Squeek
[03:29:33]SAY: Molerat/ : Squeek
[03:29:33]SAY: Molerat/ : Squeek
[03:29:33]SAY: Molerat/ : Squeek!
[03:29:35]SAY: Molerat/ : Squeek
[03:29:35]SAY: Molerat/ : Squeek!
[03:29:35]SAY: Molerat/ : Squeek!
[03:29:35]SAY: Molerat/ : Squeek!
[03:29:35]SAY: Mutant/ : NNNNNGH!
[03:29:37]SAY: Molerat/ : Squeek
[03:29:37]SAY: Molerat/ : Squeek, i say
[03:29:37]SAY: Molerat/ : Squeek!
[03:29:37]SAY: Molerat/ : Squeek
[03:29:37]SAY: Molerat/ : Squeek
[03:29:37]SAY: Molerat/ : Squeek
[03:29:37]SAY: Molerat/ : Squeek!
[03:29:39]SAY: Molerat/ : Squeek!
[03:29:39]SAY: Molerat/ : Squeek!
[03:29:39]SAY: Molerat/ : Squeek!
[03:29:39]SAY: Molerat/ : Squeek, i say
[03:29:39]SAY: Molerat/ : Squeek!
[03:29:39]SAY: Molerat/ : Squeek
[03:29:39]SAY: Molerat/ : Squeek, i say
[03:29:39]SAY: Molerat/ : Squeek
[03:29:39]SAY: Molerat/ : Squeek!
[03:29:39]SAY: Molerat/ : Squeek
[03:29:39]SAY: Molerat/ : Squeek
[03:29:39]EMOTE: giant spider (448)/ : <B>The giant spider (448)</B> chitters
[03:29:42]SAY: Molerat/ : Squeek
[03:29:42]SAY: Molerat/ : Squeek, i say
[03:29:42]SAY: Molerat/ : Squeek
[03:29:42]SAY: Molerat/ : Squeek!
[03:29:42]SAY: Molerat/ : Squeek
[03:29:42]SAY: Molerat/ : Squeek
[03:29:42]SAY: Molerat/ : Squeek, i say
[03:29:42]SAY: Molerat/ : Squeek
[03:29:42]SAY: Molerat/ : Squeek
[03:29:44]SAY: Molerat/ : Squeek!
[03:29:44]SAY: Molerat/ : Squeek
[03:29:44]SAY: Molerat/ : Squeek!
[03:29:44]SAY: Molerat/ : Squeek
[03:29:44]SAY: Mutant/ : ARGH!
[03:29:44]SAY: Molerat/ : Squeek, i say
[03:29:44]SAY: Molerat/ : Squeek!
[03:29:44]SAY: Molerat/ : Squeek
[03:29:44]SAY: Molerat/ : Squeek
[03:29:44]SAY: Medibot/ : I knew it, I should&#39;ve been a plastic surgeon.
[03:29:46]SAY: Molerat/ : Squeek!
[03:29:46]SAY: Molerat/ : Squeek
[03:29:46]SAY: Molerat/ : Squeek, i say
[03:29:46]SAY: Molerat/ : Squeek!
[03:29:46]SAY: Molerat/ : Squeek
[03:29:46]SAY: Molerat/ : Squeek!
[03:29:46]EMOTE: rad scorpion (949)/ : <B>The rad scorpion (949)</B> chitters
[03:29:48]SAY: Molerat/ : Squeek
[03:29:48]SAY: Molerat/ : Squeek, i say
[03:29:48]SAY: Molerat/ : Squeek!
[03:29:48]SAY: Molerat/ : Squeek
[03:29:48]SAY: Molerat/ : Squeek!
[03:29:48]SAY: Molerat/ : Squeek!
[03:29:48]SAY: Molerat/ : Squeek!
[03:29:48]SAY: Molerat/ : Squeek!
[03:29:48]SAY: Molerat/ : Squeek, i say
[03:29:48]SAY: Molerat/ : Squeek
[03:29:48]SAY: brahmin/ : MOOOOOO
[03:29:48]SAY: Molerat/ : Squeek
[03:29:50]SAY: Molerat/ : Squeek, i say
[03:29:50]SAY: Molerat/ : Squeek
[03:29:50]SAY: Molerat/ : Squeek!
[03:29:50]SAY: Mutant/ : ARRRRR!
[03:29:50]SAY: Molerat/ : Squeek!
[03:29:50]SAY: Molerat/ : Squeek
[03:29:50]EMOTE: monkey (827)/ : <B>The monkey (827)</B> jumps!
[03:29:52]SAY: Molerat/ : Squeek
[03:29:52]SAY: Molerat/ : Squeek
[03:29:52]SAY: Molerat/ : Squeek
[03:29:52]SAY: Molerat/ : Squeek!
[03:29:52]SAY: Declan Hawkins/ : Guilty until proven bad!
[03:29:52]GAME: Explosion with size (0, 1, 2, 0) in area Electrical Maintenance (111,123,1)
[03:29:54]SAY: Molerat/ : Squeek!
[03:29:54]SAY: Molerat/ : Squeek!
[03:29:54]SAY: Molerat/ : Squeek, i say
[03:29:54]SAY: Molerat/ : Squeek
[03:29:54]SAY: Molerat/ : Squeek
[03:29:54]SAY: Molerat/ : Squeek!
[03:29:56]SAY: Molerat/ : Squeek
[03:29:56]SAY: Molerat/ : Squeek!
[03:29:56]SAY: Molerat/ : Squeek
[03:29:56]SAY: Molerat/ : Squeek
[03:29:56]SAY: Molerat/ : Squeek!
[03:29:56]SAY: Molerat/ : Squeek
[03:29:56]SAY: Molerat/ : Squeek
[03:29:56]EMOTE: Poly/ : <B>Poly</B> turns and flies towards the coin.
[03:29:58]SAY: Molerat/ : Squeek
[03:29:58]SAY: Molerat/ : Squeek
[03:29:58]SAY: Molerat/ : Squeek
[03:29:58]SAY: Molerat/ : Squeek!
[03:29:58]SAY: Molerat/ : Squeek
[03:29:58]SAY: Molerat/ : Squeek
[03:29:58]SAY: Molerat/ : Squeek
[03:30:00]SAY: Molerat/ : Squeek
[03:30:00]SAY: Molerat/ : Squeek, i say
[03:30:00]SAY: Molerat/ : Squeek
[03:30:00]SAY: Molerat/ : Squeek!
[03:30:00]SAY: Molerat/ : Squeek
[03:30:00]SAY: Molerat/ : Squeek
[03:30:00]SAY: Molerat/ : Squeek
[03:30:00]SAY: Molerat/ : Squeek
[03:30:00]SAY: Molerat/ : Squeek
[03:30:00]SAY: Molerat/ : Squeek!
[03:30:02]SAY: Molerat/ : Squeek, i say
[03:30:02]SAY: Molerat/ : Squeek
[03:30:04]SAY: Molerat/ : Squeek
[03:30:04]SAY: Molerat/ : Squeek
[03:30:04]SAY: Molerat/ : Squeek!
[03:30:04]SAY: Molerat/ : Squeek
[03:30:04]SAY: Molerat/ : Squeek
[03:30:04]SAY: Molerat/ : Squeek
[03:30:04]SAY: Molerat/ : Squeek
[03:30:04]SAY: Molerat/ : Squeek, i say
[03:30:04]SAY: Medibot/ : Delicious!
[03:30:06]SAY: Molerat/ : Squeek
[03:30:06]SAY: Molerat/ : Squeek!
[03:30:06]SAY: Molerat/ : Squeek
[03:30:06]SAY: Molerat/ : Squeek!
[03:30:06]SAY: Molerat/ : Squeek!
[03:30:08]SAY: Molerat/ : Squeek
[03:30:08]SAY: Molerat/ : Squeek
[03:30:08]SAY: Molerat/ : Squeek!
[03:30:08]SAY: Molerat/ : Squeek
[03:30:08]SAY: Molerat/ : Squeek
[03:30:08]SAY: Molerat/ : Squeek
[03:30:08]SAY: Molerat/ : Squeek
[03:30:08]SAY: Molerat/ : Squeek
[03:30:08]SAY: Molerat/ : Squeek
[03:30:10]SAY: Molerat/ : Squeek!
[03:30:10]SAY: Molerat/ : Squeek
[03:30:10]SAY: Mutant/ : GRRRRRR!
[03:30:10]SAY: Molerat/ : Squeek!
[03:30:10]SAY: Molerat/ : Squeek
[03:30:10]SAY: Molerat/ : Squeek
[03:30:10]SAY: Molerat/ : Squeek!
[03:30:10]SAY: Molerat/ : Squeek
[03:30:10]SAY: Molerat/ : Squeek
[03:30:12]SAY: Molerat/ : Squeek
[03:30:12]SAY: Molerat/ : Squeek
[03:30:12]SAY: Molerat/ : Squeek
[03:30:12]SAY: Molerat/ : Squeek
[03:30:12]SAY: Molerat/ : Squeek
[03:30:12]SAY: Molerat/ : Squeek!
[03:30:12]SAY: Molerat/ : Squeek!
[03:30:12]SAY: Medibot/ : Delicious!
[03:30:14]SAY: Molerat/ : Squeek
[03:30:14]SAY: Molerat/ : Squeek
[03:30:14]SAY: Molerat/ : Squeek
[03:30:14]SAY: Molerat/ : Squeek
[03:30:14]SAY: Molerat/ : Squeek!
[03:30:14]SAY: Renault/ : Geckers
[03:30:16]SAY: Molerat/ : Squeek!
[03:30:16]SAY: Molerat/ : Squeek!
[03:30:16]SAY: Molerat/ : Squeek
[03:30:16]SAY: Molerat/ : Squeek
[03:30:16]SAY: Molerat/ : Squeek, i say
[03:30:16]SAY: Molerat/ : Squeek
[03:30:16]SAY: Molerat/ : Squeek
[03:30:16]SAY: Molerat/ : Squeek
[03:30:16]SAY: Molerat/ : Squeek!
[03:30:16]EMOTE: Proc/ : <B>Proc</B> sits down.
[03:30:18]SAY: Molerat/ : Squeek
[03:30:18]SAY: Molerat/ : Squeek
[03:30:18]SAY: Molerat/ : Squeek, i say
[03:30:18]SAY: Molerat/ : Squeek, i say
[03:30:18]SAY: Molerat/ : Squeek
[03:30:18]SAY: Molerat/ : Squeek!
[03:30:18]SAY: Molerat/ : Squeek!
[03:30:18]SAY: Molerat/ : Squeek
[03:30:18]SAY: Molerat/ : Squeek
[03:30:20]SAY: Molerat/ : Squeek
[03:30:20]SAY: Molerat/ : Squeek
[03:30:20]SAY: Molerat/ : Squeek!
[03:30:20]SAY: Molerat/ : Squeek!
[03:30:20]SAY: Molerat/ : Squeek!
[03:30:20]SAY: Molerat/ : Squeek
[03:30:20]SAY: Molerat/ : Squeek
[03:30:20]SAY: Molerat/ : Squeek
[03:30:20]EMOTE: giant rad scorpion (206)/ : <B>The giant rad scorpion (206)</B> chitters
[03:30:20]SAY: Molerat/ : Squeek
[03:30:22]SAY: Molerat/ : Squeek
[03:30:22]SAY: Molerat/ : Squeek
[03:30:22]SAY: Molerat/ : Squeek, i say
[03:30:22]SAY: Molerat/ : Squeek
[03:30:22]SAY: Molerat/ : Squeek
[03:30:22]SAY: Molerat/ : Squeek
[03:30:22]SAY: Molerat/ : Squeek!
[03:30:24]SAY: Molerat/ : Squeek
[03:30:24]SAY: Molerat/ : Squeek
[03:30:24]SAY: Molerat/ : Squeek
[03:30:24]SAY: Molerat/ : Squeek
[03:30:24]SAY: Molerat/ : Squeek
[03:30:24]SAY: Molerat/ : Squeek!
[03:30:24]SAY: Molerat/ : Squeek!
[03:30:24]SAY: Molerat/ : Squeek
[03:30:26]SAY: Molerat/ : Squeek!
[03:30:26]SAY: Molerat/ : Squeek
[03:30:26]SAY: Molerat/ : Squeek
[03:30:26]SAY: Molerat/ : Squeek
[03:30:26]SAY: Molerat/ : Squeek
[03:30:28]SAY: Molerat/ : Squeek!
[03:30:28]SAY: Molerat/ : Squeek
[03:30:28]SAY: Molerat/ : Squeek
[03:30:28]SAY: Molerat/ : Squeek
[03:30:28]SAY: Molerat/ : Squeek
[03:30:28]SAY: Molerat/ : Squeek
[03:30:28]SAY: Molerat/ : Squeek, i say
[03:30:28]SAY: Molerat/ : Squeek!
[03:30:28]EMOTE: Runtime/ : <B>Runtime</B> stretches out for a belly rub.
[03:30:28]SAY: Declan Hawkins/ : Honk until proven nice!
[03:30:30]SAY: Molerat/ : Squeek, i say
[03:30:30]SAY: Molerat/ : Squeek!
[03:30:30]SAY: Molerat/ : Squeek
[03:30:30]SAY: Molerat/ : Squeek!
[03:30:30]SAY: Molerat/ : Squeek, i say
[03:30:30]SAY: Molerat/ : Squeek!
[03:30:30]SAY: Molerat/ : Squeek
[03:30:30]SAY: Molerat/ : Squeek!
[03:30:30]SAY: Molerat/ : Squeek!
[03:30:30]SAY: Molerat/ : Squeek
[03:30:32]SAY: Molerat/ : Squeek, i say
[03:30:32]SAY: Molerat/ : Squeek!
[03:30:32]SAY: Molerat/ : Squeek!
[03:30:32]SAY: Molerat/ : Squeek, i say
[03:30:32]SAY: Molerat/ : Squeek
[03:30:32]SAY: Molerat/ : Squeek
[03:30:32]SAY: Molerat/ : Squeek!
[03:30:32]SAY: Molerat/ : Squeek!
[03:30:32]SAY: Molerat/ : Squeek
[03:30:32]SAY: Molerat/ : Squeek
[03:30:32]SAY: Molerat/ : Squeek
[03:30:32]SAY: Molerat/ : Squeek!
[03:30:34]SAY: Molerat/ : Squeek
[03:30:34]SAY: Molerat/ : Squeek
[03:30:34]SAY: Molerat/ : Squeek, i say
[03:30:34]SAY: Molerat/ : Squeek!
[03:30:34]SAY: Molerat/ : Squeek
[03:30:34]SAY: Molerat/ : Squeek, i say
[03:30:34]EMOTE: cammel/ : <B>The cammel</B> stamps a foot.
[03:30:36]SAY: Molerat/ : Squeek
[03:30:36]SAY: Molerat/ : Squeek!
[03:30:36]SAY: Molerat/ : Squeek
[03:30:36]SAY: Molerat/ : Squeek
[03:30:36]SAY: Molerat/ : Squeek!
[03:30:36]EMOTE: rad scorpion (949)/ : <B>The rad scorpion (949)</B> chitters
[03:30:38]SAY: Molerat/ : Squeek!
[03:30:38]SAY: Molerat/ : Squeek!
[03:30:38]SAY: Molerat/ : Squeek!
[03:30:38]SAY: Molerat/ : Squeek
[03:30:38]SAY: Molerat/ : Squeek!
[03:30:40]SAY: Molerat/ : Squeek
[03:30:40]SAY: Molerat/ : Squeek!
[03:30:40]SAY: Molerat/ : Squeek!
[03:30:40]SAY: Molerat/ : Squeek, i say
[03:30:40]SAY: Molerat/ : Squeek
[03:30:40]SAY: Molerat/ : Squeek
[03:30:40]SAY: Molerat/ : Squeek
[03:30:40]SAY: Molerat/ : Squeek
[03:30:40]SAY: Molerat/ : Squeek
[03:30:40]SAY: Molerat/ : Squeek!
[03:30:41]GAME: Explosion with size (0, 1, 2, 0) in area Electrical Maintenance (114,123,1)
[03:30:42]SAY: Molerat/ : Squeek
[03:30:42]SAY: Molerat/ : Squeek
[03:30:42]SAY: Molerat/ : Squeek
[03:30:42]SAY: Molerat/ : Squeek
[03:30:42]SAY: Molerat/ : Squeek!
[03:30:42]SAY: Molerat/ : Squeek!
[03:30:42]SAY: Molerat/ : Squeek
[03:30:42]GAME: Explosion with size (0, 1, 2, 0) in area Space (114,119,1)
[03:30:44]SAY: Molerat/ : Squeek
[03:30:44]SAY: Molerat/ : Squeek
[03:30:44]SAY: Molerat/ : Squeek!
[03:30:44]SAY: Molerat/ : Squeek
[03:30:44]EMOTE: giant rad scorpion (70)/ : <B>The giant rad scorpion (70)</B> chitters
[03:30:44]SAY: Molerat/ : Squeek
[03:30:46]SAY: Molerat/ : Squeek!
[03:30:46]SAY: Molerat/ : Squeek
[03:30:46]SAY: Molerat/ : Squeek!
[03:30:46]SAY: Molerat/ : Squeek
[03:30:46]SAY: Molerat/ : Squeek
[03:30:46]SAY: Molerat/ : Squeek
[03:30:46]SAY: Molerat/ : Squeek!
[03:30:46]SAY: Molerat/ : Squeek, i say
[03:30:46]SAY: Molerat/ : Squeek
[03:30:48]SAY: Molerat/ : Squeek
[03:30:48]SAY: Molerat/ : Squeek!
[03:30:48]SAY: Molerat/ : Squeek!
[03:30:48]SAY: Molerat/ : Squeek, i say
[03:30:48]SAY: Molerat/ : Squeek
[03:30:48]SAY: Molerat/ : Squeek!
[03:30:48]SAY: Molerat/ : Squeek, i say
[03:30:48]SAY: Molerat/ : Squeek, i say
[03:30:48]EMOTE: giant spider (448)/ : <B>The giant spider (448)</B> chitters
[03:30:48]GAME: SQL ERROR obtaining reason from watch table. Error : [not connected]

[03:30:50]ADMIN: PahomLancer/(Griffin Whiteman) healed / Revived PahomLancer/(Griffin Whiteman)
[03:30:50]SAY: Molerat/ : Squeek!
[03:30:50]SAY: Molerat/ : Squeek!
[03:30:50]SAY: Molerat/ : Squeek!
[03:30:50]SAY: Molerat/ : Squeek!
[03:30:52]SAY: Molerat/ : Squeek!
[03:30:52]SAY: Molerat/ : Squeek!
[03:30:52]SAY: Molerat/ : Squeek
[03:30:54]SAY: Molerat/ : Squeek, i say
[03:30:54]SAY: Molerat/ : Squeek, i say
[03:30:54]SAY: Molerat/ : Squeek
[03:30:54]SAY: Molerat/ : Squeek!
[03:30:54]SAY: Molerat/ : Squeek
[03:30:54]EMOTE: Sharik/ : <B>Sharik</B> chases its tail.
[03:30:56]SAY: Molerat/ : Squeek
[03:30:56]SAY: Molerat/ : Squeek
[03:30:56]SAY: Molerat/ : Squeek!
[03:30:56]SAY: Molerat/ : Squeek
[03:30:56]SAY: Molerat/ : Squeek
[03:30:56]SAY: Molerat/ : Squeek
[03:30:58]SAY: Molerat/ : Squeek
[03:30:58]SAY: Molerat/ : Squeek
[03:30:58]SAY: Molerat/ : Squeek!
[03:30:58]SAY: Molerat/ : Squeek!
[03:30:58]EMOTE: rad scorpion (949)/ : <B>The rad scorpion (949)</B> chitters
[03:31:00]SAY: Molerat/ : Squeek
[03:31:00]SAY: Molerat/ : Squeek!
[03:31:00]SAY: Molerat/ : Squeek
[03:31:00]SAY: Molerat/ : Squeek!
[03:31:00]SAY: Molerat/ : Squeek!
[03:31:00]SAY: Molerat/ : Squeek!
[03:31:00]SAY: Molerat/ : Squeek!
[03:31:00]SAY: Molerat/ : Squeek, i say
[03:31:00]SAY: Molerat/ : Squeek!
[03:31:02]SAY: Molerat/ : Squeek
[03:31:02]SAY: Molerat/ : Squeek!
[03:31:02]SAY: Molerat/ : Squeek
[03:31:02]SAY: Molerat/ : Squeek!
[03:31:04]SAY: Molerat/ : Squeek!
[03:31:04]SAY: Molerat/ : Squeek!
[03:31:04]SAY: Molerat/ : Squeek!
[03:31:04]SAY: Mutant/ : ARRRRR!
[03:31:04]SAY: Molerat/ : Squeek
[03:31:04]SAY: Molerat/ : Squeek, i say
[03:31:04]SAY: Molerat/ : Squeek!
[03:31:04]SAY: Molerat/ : Squeek
[03:31:04]SAY: Molerat/ : Squeek
[03:31:04]SAY: Molerat/ : Squeek!
[03:31:06]SAY: Molerat/ : Squeek
[03:31:06]SAY: Molerat/ : Squeek!
[03:31:06]SAY: Molerat/ : Squeek, i say
[03:31:06]SAY: Molerat/ : Squeek, i say
[03:31:06]SAY: Molerat/ : Squeek
[03:31:06]SAY: Molerat/ : Squeek!
[03:31:06]SAY: Molerat/ : Squeek!
[03:31:08]SAY: Molerat/ : Squeek
[03:31:08]SAY: Molerat/ : Squeek!
[03:31:08]SAY: Molerat/ : Squeek!
[03:31:08]SAY: Molerat/ : Squeek, i say
[03:31:08]SAY: Molerat/ : Squeek
[03:31:10]SAY: Molerat/ : Squeek!
[03:31:10]SAY: Molerat/ : Squeek!
[03:31:10]SAY: Molerat/ : Squeek
[03:31:10]SAY: Molerat/ : Squeek!
[03:31:10]SAY: Molerat/ : Squeek
[03:31:10]SAY: Molerat/ : Squeek
[03:31:12]SAY: Mutant/ : GRRRRRR!
[03:31:12]SAY: Molerat/ : Squeek
[03:31:12]SAY: Molerat/ : Squeek!
[03:31:12]SAY: Molerat/ : Squeek
[03:31:12]SAY: Molerat/ : Squeek
[03:31:12]SAY: Molerat/ : Squeek
[03:31:12]SAY: Molerat/ : Squeek!
[03:31:12]SAY: Molerat/ : Squeek
[03:31:12]EMOTE: Runtime/ : <B>Runtime</B> walks around.
[03:31:12]SAY: Molerat/ : Squeek!
[03:31:12]EMOTE: Proc/ : <B>Proc</B> gets up and meows.
[03:31:12]SAY: Declan Hawkins/ : Oh wank, that greyshirt was one hell of an childish ass.
[03:31:14]SAY: Molerat/ : Squeek
[03:31:14]SAY: Mutant/ : ARGH!
[03:31:14]SAY: Molerat/ : Squeek, i say
[03:31:14]SAY: Molerat/ : Squeek, i say
[03:31:14]SAY: Molerat/ : Squeek
[03:31:14]SAY: Molerat/ : Squeek!
[03:31:14]SAY: Molerat/ : Squeek!
[03:31:14]EMOTE: Poly/ : <B>Poly</B> looks in the crushed can's direction and takes flight.
[03:31:16]SAY: Molerat/ : Squeek
[03:31:16]SAY: Mutant/ : GRRRRRR!
[03:31:16]SAY: Molerat/ : Squeek
[03:31:16]SAY: Molerat/ : Squeek
[03:31:16]SAY: Molerat/ : Squeek
[03:31:16]SAY: Molerat/ : Squeek
[03:31:18]SAY: Molerat/ : Squeek
[03:31:18]SAY: Molerat/ : Squeek
[03:31:18]SAY: Molerat/ : Squeek
[03:31:18]SAY: Molerat/ : Squeek
[03:31:18]SAY: Molerat/ : Squeek
[03:31:18]SAY: Molerat/ : Squeek, i say
[03:31:18]SAY: Molerat/ : Squeek!
[03:31:18]SAY: Molerat/ : Squeek!
[03:31:18]EMOTE: giant rad scorpion (70)/ : <B>The giant rad scorpion (70)</B> chitters
[03:31:20]SAY: Molerat/ : Squeek
[03:31:20]SAY: Molerat/ : Squeek
[03:31:20]SAY: Molerat/ : Squeek
[03:31:20]SAY: Molerat/ : Squeek!
[03:31:20]SAY: Molerat/ : Squeek, i say
[03:31:22]SAY: Molerat/ : Squeek
[03:31:22]SAY: Molerat/ : Squeek, i say
[03:31:22]SAY: Molerat/ : Squeek, i say
[03:31:22]SAY: Molerat/ : Squeek
[03:31:22]SAY: Molerat/ : Squeek!
[03:31:24]SAY: Molerat/ : Squeek
[03:31:24]SAY: Molerat/ : Squeek!
[03:31:24]SAY: Molerat/ : Squeek
[03:31:24]SAY: Molerat/ : Squeek
[03:31:24]SAY: Molerat/ : Squeek
[03:31:24]EMOTE: Sharik/ : <B>Sharik</B> woofs!
[03:31:26]SAY: Molerat/ : Squeek, i say
[03:31:26]SAY: Molerat/ : Squeek, i say
[03:31:26]SAY: Molerat/ : Squeek, i say
[03:31:26]SAY: Molerat/ : Squeek, i say
[03:31:26]SAY: Molerat/ : Squeek
[03:31:28]SAY: Molerat/ : Squeek
[03:31:28]SAY: Molerat/ : Squeek!
[03:31:28]SAY: Molerat/ : Squeek
[03:31:30]SAY: Molerat/ : Squeek, i say
[03:31:30]SAY: Molerat/ : Squeek!
[03:31:30]SAY: Molerat/ : Squeek
[03:31:30]SAY: Mutant/ : NNNNNGH!
[03:31:30]SAY: Molerat/ : Squeek
[03:31:30]SAY: Molerat/ : Squeek
[03:31:30]SAY: Molerat/ : Squeek
[03:31:30]SAY: Molerat/ : Squeek!
[03:31:30]EMOTE: rad scorpion (949)/ : <B>The rad scorpion (949)</B> chitters
[03:31:30]EMOTE: giant rad scorpion (70)/ : <B>The giant rad scorpion (70)</B> chitters
[03:31:30]EMOTE: Proc/ : <B>Proc</B> shakes out its coat.
[03:31:30]SAY: Declan Hawkins/ : Oh ass, that whorelord was one hell of an vomit-inducer toes.
[03:31:32]SAY: Molerat/ : Squeek!
[03:31:32]SAY: Molerat/ : Squeek
[03:31:32]SAY: Molerat/ : Squeek
[03:31:32]SAY: Molerat/ : Squeek!
[03:31:32]SAY: Molerat/ : Squeek
[03:31:32]SAY: Molerat/ : Squeek!
[03:31:34]SAY: Molerat/ : Squeek
[03:31:34]SAY: Molerat/ : Squeek
[03:31:34]SAY: Molerat/ : Squeek!
[03:31:34]SAY: Molerat/ : Squeek!
[03:31:34]SAY: Molerat/ : Squeek
[03:31:36]SAY: Molerat/ : Squeek!
[03:31:36]SAY: Molerat/ : Squeek
[03:31:36]SAY: Molerat/ : Squeek
[03:31:36]SAY: Molerat/ : Squeek
[03:31:36]SAY: Molerat/ : Squeek!
[03:31:36]SAY: Molerat/ : Squeek!
[03:31:36]SAY: Molerat/ : Squeek!
[03:31:36]SAY: Molerat/ : Squeek, i say
[03:31:36]SAY: Molerat/ : Squeek, i say
[03:31:36]SAY: Molerat/ : Squeek
[03:31:36]SAY: Molerat/ : Squeek, i say
[03:31:36]SAY: Molerat/ : Squeek!
[03:31:38]SAY: Mutant/ : ARGH!
[03:31:38]SAY: Molerat/ : Squeek
[03:31:38]SAY: Molerat/ : Squeek
[03:31:38]SAY: Molerat/ : Squeek
[03:31:38]SAY: Molerat/ : Squeek!
[03:31:38]SAY: Molerat/ : Squeek!
[03:31:38]SAY: Molerat/ : Squeek!
[03:31:40]SAY: Molerat/ : Squeek!
[03:31:40]SAY: Molerat/ : Squeek
[03:31:40]SAY: Molerat/ : Squeek!
[03:31:40]SAY: Molerat/ : Squeek, i say
[03:31:40]SAY: Molerat/ : Squeek, i say
[03:31:42]SAY: Molerat/ : Squeek!
[03:31:42]SAY: Molerat/ : Squeek!
[03:31:42]SAY: Molerat/ : Squeek
[03:31:42]SAY: Molerat/ : Squeek!
[03:31:42]SAY: Declan Hawkins/ : Innocent until proven bad!
[03:31:44]SAY: Molerat/ : Squeek
[03:31:44]SAY: Molerat/ : Squeek!
[03:31:44]SAY: Molerat/ : Squeek
[03:31:44]SAY: Molerat/ : Squeek
[03:31:44]SAY: Molerat/ : Squeek
[03:31:44]SAY: Molerat/ : Squeek!
[03:31:47]SAY: Molerat/ : Squeek, i say
[03:31:47]SAY: Molerat/ : Squeek
[03:31:47]SAY: Molerat/ : Squeek
[03:31:47]SAY: brahmin/ : Moo
[03:31:47]EMOTE: giant spider (448)/ : <B>The giant spider (448)</B> chitters
[03:31:49]SAY: Molerat/ : Squeek
[03:31:49]SAY: Molerat/ : Squeek
[03:31:49]SAY: Molerat/ : Squeek, i say
[03:31:49]SAY: Molerat/ : Squeek
[03:31:51]SAY: Molerat/ : Squeek, i say
[03:31:51]SAY: Molerat/ : Squeek
[03:31:51]SAY: Molerat/ : Squeek
[03:31:51]SAY: Molerat/ : Squeek, i say
[03:31:51]SAY: Molerat/ : Squeek!
[03:31:51]EMOTE: rad scorpion (949)/ : <B>The rad scorpion (949)</B> chitters
[03:31:51]EMOTE: Runtime/ : <B>Runtime</B> twitches its whiskers.
[03:31:53]SAY: Molerat/ : Squeek
[03:31:53]SAY: Molerat/ : Squeek
[03:31:53]SAY: Molerat/ : Squeek, i say
[03:31:53]SAY: Molerat/ : Squeek
[03:31:53]SAY: Molerat/ : Squeek, i say
[03:31:53]SAY: Molerat/ : Squeek!
[03:31:53]SAY: Molerat/ : Squeek
[03:31:53]SAY: brahmin/ : Moo
[03:31:53]SAY: Declan Hawkins/ : Oh wank, that gaylord was one hell of an ugly toes.
[03:31:55]SAY: Molerat/ : Squeek!
[03:31:55]SAY: Mutant/ : ARRRRR!
[03:31:55]SAY: Molerat/ : Squeek
[03:31:55]SAY: Molerat/ : Squeek, i say
[03:31:55]SAY: Molerat/ : Squeek, i say
[03:31:55]SAY: Molerat/ : Squeek
[03:31:55]EMOTE: giant rad scorpion (70)/ : <B>The giant rad scorpion (70)</B> chitters
[03:31:55]EMOTE: yaogai/ : <B>The yaogai</B> rawrs.
[03:31:57]SAY: Molerat/ : Squeek
[03:31:57]SAY: Molerat/ : Squeek!
[03:31:57]SAY: Molerat/ : Squeek
[03:31:57]SAY: Molerat/ : Squeek!
[03:31:57]SAY: Mutant/ : GRRRRRR!
[03:31:57]SAY: Molerat/ : Squeek
[03:31:57]SAY: Molerat/ : Squeek
[03:31:57]EMOTE: rad scorpion (949)/ : <B>The rad scorpion (949)</B> chitters
[03:31:57]SAY: Molerat/ : Squeek, i say
[03:31:57]SAY: Declan Hawkins/ : Traitorous until proven stupid!
[03:31:59]SAY: Molerat/ : Squeek
[03:31:59]SAY: Molerat/ : Squeek!
[03:31:59]SAY: Molerat/ : Squeek, i say
[03:31:59]SAY: Molerat/ : Squeek
[03:31:59]SAY: Molerat/ : Squeek!
[03:31:59]SAY: Molerat/ : Squeek
[03:31:59]SAY: Molerat/ : Squeek
[03:31:59]SAY: Molerat/ : Squeek, i say
[03:31:59]SAY: Molerat/ : Squeek, i say
[03:31:59]SAY: Declan Hawkins/ : Honk until proven bad!
[03:32:01]SAY: Molerat/ : Squeek
[03:32:01]SAY: Molerat/ : Squeek
[03:32:01]SAY: Molerat/ : Squeek
[03:32:01]SAY: Molerat/ : Squeek!
[03:32:01]SAY: Molerat/ : Squeek, i say
[03:32:03]SAY: Molerat/ : Squeek
[03:32:03]SAY: Molerat/ : Squeek!
[03:32:03]SAY: Molerat/ : Squeek!
[03:32:05]SAY: Molerat/ : Squeek
[03:32:05]SAY: Molerat/ : Squeek
[03:32:05]SAY: Molerat/ : Squeek
[03:32:05]SAY: Molerat/ : Squeek
[03:32:05]SAY: Molerat/ : Squeek
[03:32:05]EMOTE: rad scorpion (803)/ : <B>The rad scorpion (803)</B> chitters
[03:32:06]ACCESS: Logout: PahomLancer[DC]/(Griffin Whiteman)
