

Starting up. 00:04.57
---------------------


Starting up. 01:25.02
---------------------
[02:08:58]ATTACK: Mutant attacked Molerat  (NEWHP: 100)(89,136,5)
[02:08:58]ATTACK: Molerat attacked Mutant  (NEWHP: 250)(88,136,5)
[02:09:00]ATTACK: Mutant attacked Molerat  (NEWHP: 75)(89,136,5)
[02:09:00]ATTACK: Molerat attacked Mutant  (NEWHP: 250)(88,136,5)
[02:09:03]ATTACK: Mutant attacked Molerat  (NEWHP: 40)(89,136,5)
[02:09:03]ATTACK: Molerat attacked Mutant  (NEWHP: 250)(88,136,5)
[02:09:05]ATTACK: Mutant attacked Molerat  (NEWHP: 13)(89,136,5)


Starting up. 03:25.30
---------------------
[03:28:29]ATTACK: Raider shot Raider with the bullet (NEWHP: 65)(176,102,1)
[03:28:31]ATTACK: Raider attacked mouse  (NEWHP: 5)(241,101,1)
[03:28:31]ATTACK: Raider attacked mouse  (NEWHP: 5)(216,110,1)
[03:28:35]ATTACK: cammel attacked cammel  (NEWHP: 20)(159,246,1)
[03:28:37]ATTACK: cammel attacked cammel  (NEWHP: 18)(159,246,1)
[03:28:39]ATTACK: cammel attacked cammel  (NEWHP: 20)(159,245,1)
[03:28:41]ATTACK: cammel attacked cammel  (NEWHP: 18)(160,245,1)
[03:28:41]ATTACK: cammel attacked cammel  (NEWHP: 17)(159,246,1)
[03:28:43]ATTACK: cammel attacked cammel  (NEWHP: 16)(160,245,1)
[03:28:45]ATTACK: cammel attacked cammel  (NEWHP: 14)(160,245,1)
[03:28:45]ATTACK: cammel attacked cammel  (NEWHP: 15)(159,246,1)
[03:28:47]ATTACK: cammel attacked cammel  (NEWHP: 12)(160,245,1)
[03:28:47]ATTACK: cammel attacked cammel  (NEWHP: 14)(159,246,1)
[03:28:49]ATTACK: cammel attacked cammel  (NEWHP: 10)(160,245,1)
[03:28:49]ATTACK: cammel attacked cammel  (NEWHP: 12)(159,246,1)
[03:28:51]ATTACK: cammel attacked cammel  (NEWHP: 9)(160,245,1)
[03:28:53]ATTACK: cammel attacked cammel  (NEWHP: 8)(160,245,1)
[03:28:53]ATTACK: cammel attacked cammel  (NEWHP: 11)(159,246,1)
[03:28:55]ATTACK: cammel attacked cammel  (NEWHP: 6)(159,245,1)
[03:28:55]ATTACK: cammel attacked cammel  (NEWHP: 10)(159,246,1)
[03:28:57]ATTACK: cammel attacked cammel  (NEWHP: 4)(159,245,1)
[03:28:57]ATTACK: cammel attacked cammel  (NEWHP: 8)(159,246,1)
[03:28:59]ATTACK: cammel attacked cammel  (NEWHP: 2)(159,245,1)
[03:29:25]ATTACK: cammel attacked cammel  (NEWHP: 20)(24,115,1)
[03:29:27]ATTACK: cammel attacked cammel  (NEWHP: 18)(24,115,1)
[03:29:27]ATTACK: cammel attacked cammel  (NEWHP: 17)(24,115,1)
[03:29:29]ATTACK: cammel attacked cammel  (NEWHP: 20)(24,116,1)
[03:29:29]ATTACK: cammel attacked cammel  (NEWHP: 16)(24,115,1)
[03:29:29]ATTACK: cammel attacked cammel  (NEWHP: 14)(24,115,1)
[03:29:31]ATTACK: cammel attacked cammel  (NEWHP: 18)(24,116,1)
[03:29:31]ATTACK: cammel attacked cammel  (NEWHP: 13)(24,115,1)
[03:29:31]ATTACK: cammel attacked cammel  (NEWHP: 11)(24,115,1)
[03:29:33]ATTACK: cammel attacked cammel  (NEWHP: 16)(24,116,1)
[03:29:33]ATTACK: cammel attacked cammel  (NEWHP: 9)(24,115,1)
[03:29:33]ATTACK: cammel attacked cammel  (NEWHP: 8)(24,115,1)
[03:29:35]ATTACK: cammel attacked cammel  (NEWHP: 7)(24,115,1)
[03:29:35]ATTACK: cammel attacked cammel  (NEWHP: 6)(24,115,1)
[03:29:37]ATTACK: cammel attacked cammel  (NEWHP: 15)(24,116,1)
[03:29:37]ATTACK: cammel attacked cammel  (NEWHP: 4)(24,115,1)
[03:29:37]ATTACK: cammel attacked cammel  (NEWHP: 3)(24,115,1)
[03:29:39]ATTACK: cammel attacked cammel  (NEWHP: 14)(24,116,1)
[03:29:39]ATTACK: cammel attacked cammel  (NEWHP: 2)(24,115,1)
[03:29:39]ATTACK: cammel attacked cammel  (NEWHP: 1)(24,115,1)
[03:29:43]ATTACK: cammel attacked cammel  (NEWHP: 12)(25,116,1)
[03:29:43]ATTACK: cammel attacked cammel  (NEWHP: 20)(24,116,1)
[03:29:46]ATTACK: cammel attacked cammel  (NEWHP: 10)(25,116,1)
[03:29:46]ATTACK: cammel attacked cammel  (NEWHP: 18)(24,116,1)
[03:29:48]ATTACK: cammel attacked cammel  (NEWHP: 8)(25,116,1)
[03:29:48]ATTACK: cammel attacked cammel  (NEWHP: 16)(24,116,1)
[03:29:50]ATTACK: cammel attacked cammel  (NEWHP: 7)(25,116,1)
[03:29:50]ATTACK: cammel attacked cammel  (NEWHP: 14)(24,116,1)
[03:29:52]ATTACK: cammel attacked cammel  (NEWHP: 5)(25,116,1)
[03:29:52]ATTACK: cammel attacked cammel  (NEWHP: 12)(24,116,1)
[03:29:54]ATTACK: cammel attacked cammel  (NEWHP: 3)(25,116,1)
[03:29:54]ATTACK: cammel attacked cammel  (NEWHP: 10)(24,116,1)
[03:29:56]ATTACK: cammel attacked cammel  (NEWHP: 1)(25,116,1)
[03:42:24]ATTACK: <font color='red'>Griffin Whiteman (pahomlancer) injected Griffin Whiteman (pahomlancer) with Stimpack, which had Stimulants (INTENT: HELP)</font>


Starting up. 04:50.58
---------------------
[04:53:56]ATTACK: rad scorpion (551) attacked Default Cyborg-633  (NEWHP: 100)(40,159,1)
[04:53:56]ATTACK: Raider shot Raider with the bullet (NEWHP: 65)(176,102,1)
[04:53:58]ATTACK: Raider attacked mouse  (NEWHP: 5)(241,101,1)
[04:53:58]ATTACK: Raider attacked mouse  (NEWHP: 5)(216,110,1)
[04:53:59]ATTACK: rad scorpion (551) attacked Default Cyborg-633  (NEWHP: 90)(40,159,1)
[04:53:59]ATTACK: giant rad scorpion (233) attacked Default Cyborg-633  (NEWHP: 85)(40,159,1)
[04:54:01]ATTACK: rad scorpion (551) attacked Default Cyborg-633  (NEWHP: 68)(40,159,1)
[04:54:01]ATTACK: giant rad scorpion (233) attacked Default Cyborg-633  (NEWHP: 61)(40,159,1)
[04:54:03]ATTACK: rad scorpion (551) attacked Default Cyborg-633  (NEWHP: 44)(40,159,1)
[04:54:03]ATTACK: giant rad scorpion (233) attacked Default Cyborg-633  (NEWHP: 39)(40,159,1)
[04:54:05]ATTACK: rad scorpion (551) attacked Default Cyborg-633  (NEWHP: 22)(40,159,1)
[04:54:05]ATTACK: giant rad scorpion (233) attacked Default Cyborg-633  (NEWHP: 12)(40,159,1)
[04:54:07]ATTACK: rad scorpion (551) attacked Default Cyborg-633  (NEWHP: -7)(40,159,1)
[04:54:07]ATTACK: giant rad scorpion (233) attacked Default Cyborg-633  (NEWHP: -17)(40,159,1)
[04:54:09]ATTACK: rad scorpion (551) attacked Default Cyborg-633  (NEWHP: -33)(40,159,1)
[04:54:09]ATTACK: giant rad scorpion (233) attacked Default Cyborg-633  (NEWHP: -38)(40,159,1)
[04:54:11]ATTACK: rad scorpion (551) attacked Default Cyborg-633  (NEWHP: -58)(40,159,1)
[04:54:11]ATTACK: giant rad scorpion (233) attacked Default Cyborg-633  (NEWHP: -64)(40,159,1)
[04:54:13]ATTACK: giant rad scorpion (233) attacked Default Cyborg-633  (NEWHP: -82)(40,159,1)
[04:54:15]ATTACK: rad scorpion (551) attacked Default Cyborg-633  (NEWHP: -98)(40,159,1)
[04:55:35]ATTACK: cammel attacked cammel  (NEWHP: 20)(31,116,1)
[04:55:37]ATTACK: cammel attacked cammel  (NEWHP: 18)(31,116,1)
[04:55:37]ATTACK: cammel attacked cammel  (NEWHP: 20)(31,115,1)
[04:55:40]ATTACK: cammel attacked cammel  (NEWHP: 18)(31,115,1)
[04:55:42]ATTACK: cammel attacked cammel  (NEWHP: 16)(31,116,1)
[04:55:42]ATTACK: cammel attacked cammel  (NEWHP: 16)(31,115,1)
[04:55:44]ATTACK: cammel attacked cammel  (NEWHP: 15)(31,116,1)
[04:55:44]ATTACK: cammel attacked cammel  (NEWHP: 15)(31,115,1)
[04:55:46]ATTACK: cammel attacked cammel  (NEWHP: 13)(31,115,1)
[04:55:48]ATTACK: cammel attacked cammel  (NEWHP: 13)(31,116,1)
[04:55:48]ATTACK: cammel attacked cammel  (NEWHP: 12)(31,115,1)
[04:55:50]ATTACK: cammel attacked cammel  (NEWHP: 12)(31,116,1)
[04:55:50]ATTACK: cammel attacked cammel  (NEWHP: 10)(31,115,1)
[04:55:52]ATTACK: cammel attacked cammel  (NEWHP: 11)(31,116,1)
[04:55:52]ATTACK: cammel attacked cammel  (NEWHP: 8)(31,115,1)
[04:55:54]ATTACK: cammel attacked cammel  (NEWHP: 10)(31,116,1)
[04:55:56]ATTACK: cammel attacked cammel  (NEWHP: 9)(31,116,1)
[04:55:56]ATTACK: cammel attacked cammel  (NEWHP: 6)(31,115,1)
[04:56:02]ATTACK: cammel attacked cammel  (NEWHP: 8)(32,116,1)
[04:56:04]ATTACK: cammel attacked cammel  (NEWHP: 6)(32,116,1)
[04:56:04]ATTACK: cammel attacked cammel  (NEWHP: 5)(32,115,1)
[04:56:06]ATTACK: cammel attacked cammel  (NEWHP: 5)(32,116,1)
[04:56:06]ATTACK: cammel attacked cammel  (NEWHP: 4)(32,115,1)
[04:56:08]ATTACK: cammel attacked cammel  (NEWHP: 3)(32,116,1)
[04:56:08]ATTACK: cammel attacked cammel  (NEWHP: 2)(32,115,1)
[04:56:10]ATTACK: cammel attacked cammel  (NEWHP: 2)(32,116,1)
[04:56:10]ATTACK: cammel attacked cammel  (NEWHP: 1)(32,115,1)
[04:56:16]ATTACK: cammel attacked cammel  (NEWHP: 20)(25,118,1)
[04:56:18]ATTACK: cammel attacked cammel  (NEWHP: 19)(25,118,1)
[04:56:20]ATTACK: cammel attacked cammel  (NEWHP: 1)(26,118,1)
[04:56:48]ATTACK: Griffin Whiteman(pahomlancer) attacked Molerat with double emergency oxygen tank(INTENT: HELP) (DAMTYPE: BRUTE) (NEWHP: 100)(62,150,1)
[04:56:48]ATTACK: Molerat attacked Griffin Whiteman(pahomlancer)  (NEWHP: 100)(62,151,1)
[04:56:49]ATTACK: Griffin Whiteman(pahomlancer) attacked Molerat with double emergency oxygen tank(INTENT: HELP) (DAMTYPE: BRUTE) (NEWHP: 100)(62,150,1)
[04:56:50]ATTACK: Griffin Whiteman(pahomlancer) attacked Molerat with double emergency oxygen tank(INTENT: HELP) (DAMTYPE: BRUTE) (NEWHP: 100)(62,150,1)
[04:56:50]ATTACK: Molerat attacked Griffin Whiteman(pahomlancer)  (NEWHP: 93)(62,151,1)
[04:56:50]ATTACK: Griffin Whiteman(pahomlancer) attacked Molerat with double emergency oxygen tank(INTENT: HELP) (DAMTYPE: BRUTE) (NEWHP: 100)(62,150,1)
[04:56:51]ATTACK: Griffin Whiteman(pahomlancer) attacked Molerat with double emergency oxygen tank(INTENT: HELP) (DAMTYPE: BRUTE) (NEWHP: 100)(62,150,1)
[04:56:52]ATTACK: Molerat attacked Griffin Whiteman(pahomlancer)  (NEWHP: 87)(62,151,1)
[04:56:52]ATTACK: Griffin Whiteman(pahomlancer) attacked Molerat with double emergency oxygen tank(INTENT: HELP) (DAMTYPE: BRUTE) (NEWHP: 100)(62,150,1)
[04:56:53]ATTACK: Griffin Whiteman(pahomlancer) attacked Molerat with double emergency oxygen tank(INTENT: HELP) (DAMTYPE: BRUTE) (NEWHP: 100)(62,150,1)
[04:56:54]ATTACK: Griffin Whiteman(pahomlancer) attacked Molerat with double emergency oxygen tank(INTENT: HELP) (DAMTYPE: BRUTE) (NEWHP: 100)(62,150,1)
[04:56:54]ATTACK: Molerat attacked Griffin Whiteman(pahomlancer)  (NEWHP: 81)(62,151,1)
[04:56:55]ATTACK: Griffin Whiteman(pahomlancer) attacked Molerat with double emergency oxygen tank(INTENT: HELP) (DAMTYPE: BRUTE) (NEWHP: 100)(62,150,1)
[04:56:56]ATTACK: Griffin Whiteman(pahomlancer) attacked Molerat with double emergency oxygen tank(INTENT: HELP) (DAMTYPE: BRUTE) (NEWHP: 100)(62,150,1)
[04:56:56]ATTACK: Molerat attacked Griffin Whiteman(pahomlancer)  (NEWHP: 76)(62,151,1)
[04:56:57]ATTACK: Griffin Whiteman(pahomlancer) attacked Molerat with double emergency oxygen tank(INTENT: HELP) (DAMTYPE: BRUTE) (NEWHP: 100)(62,150,1)
[04:56:57]ATTACK: Griffin Whiteman(pahomlancer) attacked Molerat with double emergency oxygen tank(INTENT: HELP) (DAMTYPE: BRUTE) (NEWHP: 100)(62,150,1)
[04:56:58]ATTACK: Molerat attacked Griffin Whiteman(pahomlancer)  (NEWHP: 68)(62,151,1)
[04:56:58]ATTACK: Griffin Whiteman(pahomlancer) attacked Molerat with double emergency oxygen tank(INTENT: HELP) (DAMTYPE: BRUTE) (NEWHP: 100)(62,150,1)
[04:56:59]ATTACK: Griffin Whiteman(pahomlancer) attacked Molerat with double emergency oxygen tank(INTENT: HELP) (DAMTYPE: BRUTE) (NEWHP: 100)(62,150,1)
[04:57:00]ATTACK: Molerat attacked Griffin Whiteman(pahomlancer)  (NEWHP: 59)(62,151,1)
[04:57:00]ATTACK: Griffin Whiteman(pahomlancer) attacked Molerat with double emergency oxygen tank(INTENT: HELP) (DAMTYPE: BRUTE) (NEWHP: 100)(62,150,1)
[04:57:01]ATTACK: Griffin Whiteman(pahomlancer) attacked Molerat with double emergency oxygen tank(INTENT: HELP) (DAMTYPE: BRUTE) (NEWHP: 100)(62,150,1)
[04:57:02]ATTACK: Griffin Whiteman(pahomlancer) attacked Molerat with double emergency oxygen tank(INTENT: HELP) (DAMTYPE: BRUTE) (NEWHP: 100)(62,150,1)
[04:57:02]ATTACK: Molerat attacked Griffin Whiteman(pahomlancer)  (NEWHP: 54)(62,151,1)
[04:57:03]ATTACK: Griffin Whiteman(pahomlancer) attacked Molerat with double emergency oxygen tank(INTENT: HELP) (DAMTYPE: BRUTE) (NEWHP: 100)(62,150,1)
[04:57:04]ATTACK: Griffin Whiteman(pahomlancer) attacked Molerat with double emergency oxygen tank(INTENT: HELP) (DAMTYPE: BRUTE) (NEWHP: 100)(62,150,1)
[04:57:04]ATTACK: Molerat attacked Griffin Whiteman(pahomlancer)  (NEWHP: 47)(62,151,1)
[04:57:04]ATTACK: Griffin Whiteman(pahomlancer) attacked Molerat with double emergency oxygen tank(INTENT: HELP) (DAMTYPE: BRUTE) (NEWHP: 100)(62,150,1)
[04:57:06]ATTACK: Molerat attacked Griffin Whiteman(pahomlancer)  (NEWHP: 38)(62,151,1)
[04:57:08]ATTACK: Molerat attacked Griffin Whiteman(pahomlancer)  (NEWHP: 28)(62,151,1)
[04:57:10]ATTACK: Molerat attacked Griffin Whiteman(pahomlancer)  (NEWHP: 19)(62,151,1)
[04:57:12]ATTACK: Molerat attacked Griffin Whiteman(pahomlancer)  (NEWHP: 100)(62,151,1)
[04:57:15]ATTACK: Molerat attacked Griffin Whiteman(pahomlancer)  (NEWHP: 93)(62,151,1)
[04:57:17]ATTACK: Molerat attacked Griffin Whiteman(pahomlancer)  (NEWHP: 86)(62,151,1)
[04:57:19]ATTACK: Molerat attacked Griffin Whiteman(pahomlancer)  (NEWHP: 80)(62,151,1)
[04:58:02]ATTACK: cammel attacked cammel  (NEWHP: 20)(159,248,1)
[04:58:04]ATTACK: cammel attacked cammel  (NEWHP: 19)(159,248,1)
[04:58:04]ATTACK: cammel attacked cammel  (NEWHP: 20)(159,247,1)
[04:58:06]ATTACK: cammel attacked cammel  (NEWHP: 17)(160,248,1)
[04:58:06]ATTACK: cammel attacked cammel  (NEWHP: 18)(159,247,1)
[04:58:08]ATTACK: cammel attacked cammel  (NEWHP: 15)(160,248,1)
[04:58:08]ATTACK: cammel attacked cammel  (NEWHP: 17)(159,247,1)
[04:58:10]ATTACK: cammel attacked cammel  (NEWHP: 14)(160,248,1)
[04:58:10]ATTACK: cammel attacked cammel  (NEWHP: 16)(159,247,1)
[04:58:12]ATTACK: cammel attacked cammel  (NEWHP: 12)(160,248,1)
[04:58:12]ATTACK: cammel attacked cammel  (NEWHP: 14)(159,247,1)
[04:58:14]ATTACK: cammel attacked cammel  (NEWHP: 11)(160,248,1)
[04:58:14]ATTACK: cammel attacked cammel  (NEWHP: 12)(159,247,1)
[04:58:17]ATTACK: cammel attacked cammel  (NEWHP: 10)(160,248,1)
[04:58:17]ATTACK: cammel attacked cammel  (NEWHP: 10)(159,247,1)
[04:58:19]ATTACK: cammel attacked cammel  (NEWHP: 8)(160,248,1)
[04:58:19]ATTACK: cammel attacked cammel  (NEWHP: 8)(159,247,1)
[04:58:21]ATTACK: cammel attacked cammel  (NEWHP: 6)(159,247,1)
[04:58:23]ATTACK: cammel attacked cammel  (NEWHP: 6)(160,248,1)
[04:58:23]ATTACK: cammel attacked cammel  (NEWHP: 4)(159,248,1)
[04:58:25]ATTACK: cammel attacked cammel  (NEWHP: 5)(160,248,1)
[04:58:25]ATTACK: cammel attacked cammel  (NEWHP: 2)(159,248,1)
[04:58:27]ATTACK: cammel attacked cammel  (NEWHP: 4)(160,248,1)
[04:58:27]ATTACK: cammel attacked cammel  (NEWHP: 1)(159,248,1)


Starting up. 16:40.36
---------------------
[16:43:48]ATTACK: Raider shot Raider with the bullet (NEWHP: 65)(176,102,1)
[16:43:50]ATTACK: Raider attacked mouse  (NEWHP: 5)(241,101,1)
[16:43:50]ATTACK: Raider attacked mouse  (NEWHP: 5)(216,110,1)
[16:43:50]ATTACK: giant rad scorpion (511) attacked Default Cyborg-931  (NEWHP: 100)(40,158,1)
[16:43:52]ATTACK: giant rad scorpion (511) attacked Default Cyborg-931  (NEWHP: 80)(40,158,1)
[16:43:54]ATTACK: giant rad scorpion (511) attacked Default Cyborg-931  (NEWHP: 60)(40,158,1)
[16:43:56]ATTACK: rad scorpion (241) attacked Default Cyborg-931  (NEWHP: 41)(40,158,1)
[16:43:56]ATTACK: giant rad scorpion (511) attacked Default Cyborg-931  (NEWHP: 35)(40,158,1)
[16:43:58]ATTACK: rad scorpion (241) attacked Default Cyborg-931  (NEWHP: 20)(40,158,1)
[16:43:58]ATTACK: giant rad scorpion (511) attacked Default Cyborg-931  (NEWHP: 11)(40,158,1)
[16:44:00]ATTACK: rad scorpion (241) attacked Default Cyborg-931  (NEWHP: -8)(40,158,1)
[16:44:00]ATTACK: giant rad scorpion (511) attacked Default Cyborg-931  (NEWHP: -16)(40,158,1)
[16:44:02]ATTACK: rad scorpion (241) attacked Default Cyborg-931  (NEWHP: -36)(40,158,1)
[16:44:02]ATTACK: giant rad scorpion (511) attacked Default Cyborg-931  (NEWHP: -41)(40,158,1)
[16:44:04]ATTACK: rad scorpion (241) attacked Default Cyborg-931  (NEWHP: -60)(39,158,1)
[16:44:06]ATTACK: rad scorpion (241) attacked Default Cyborg-931  (NEWHP: -65)(39,158,1)
[16:44:06]ATTACK: giant rad scorpion (511) attacked Default Cyborg-931  (NEWHP: -75)(39,158,1)
[16:44:08]ATTACK: rad scorpion (241) attacked Default Cyborg-931  (NEWHP: -91)(39,158,1)
[16:44:08]ATTACK: giant rad scorpion (511) attacked Default Cyborg-931  (NEWHP: -99)(39,158,1)
[16:44:22]ATTACK: cammel attacked cammel  (NEWHP: 20)(23,117,1)
[16:44:27]ATTACK: cammel attacked cammel  (NEWHP: 20)(24,117,1)
[16:44:29]ATTACK: cammel attacked cammel  (NEWHP: 18)(24,116,1)
[16:44:29]ATTACK: cammel attacked cammel  (NEWHP: 18)(24,117,1)
[16:44:31]ATTACK: cammel attacked cammel  (NEWHP: 16)(24,116,1)
[16:44:33]ATTACK: cammel attacked cammel  (NEWHP: 15)(24,116,1)
[16:44:33]ATTACK: cammel attacked cammel  (NEWHP: 17)(24,117,1)
[16:44:35]ATTACK: cammel attacked cammel  (NEWHP: 14)(24,116,1)
[16:44:35]ATTACK: cammel attacked cammel  (NEWHP: 16)(24,117,1)
[16:44:37]ATTACK: cammel attacked cammel  (NEWHP: 12)(24,116,1)
[16:44:39]ATTACK: cammel attacked cammel  (NEWHP: 11)(24,116,1)
[16:44:39]ATTACK: cammel attacked cammel  (NEWHP: 14)(24,117,1)
[16:44:41]ATTACK: cammel attacked cammel  (NEWHP: 9)(23,116,1)
[16:44:41]ATTACK: cammel attacked cammel  (NEWHP: 12)(24,117,1)
[16:44:43]ATTACK: cammel attacked cammel  (NEWHP: 8)(23,116,1)
[16:44:43]ATTACK: cammel attacked cammel  (NEWHP: 10)(24,117,1)
[16:44:45]ATTACK: cammel attacked cammel  (NEWHP: 7)(23,116,1)
[16:44:45]ATTACK: cammel attacked cammel  (NEWHP: 9)(24,117,1)
[16:44:47]ATTACK: cammel attacked cammel  (NEWHP: 5)(23,116,1)
[16:44:47]ATTACK: cammel attacked cammel  (NEWHP: 8)(24,117,1)
[16:44:49]ATTACK: cammel attacked cammel  (NEWHP: 4)(23,116,1)
[16:44:49]ATTACK: cammel attacked cammel  (NEWHP: 7)(24,117,1)
[16:44:51]ATTACK: cammel attacked cammel  (NEWHP: 2)(23,116,1)
[16:44:57]ATTACK: cammel attacked cammel  (NEWHP: 20)(31,118,1)
[16:44:59]ATTACK: cammel attacked cammel  (NEWHP: 18)(31,118,1)
[16:44:59]ATTACK: cammel attacked cammel  (NEWHP: 5)(30,118,1)
[16:45:01]ATTACK: cammel attacked cammel  (NEWHP: 4)(30,118,1)
[16:45:03]ATTACK: cammel attacked cammel  (NEWHP: 17)(31,118,1)
[16:45:03]ATTACK: cammel attacked cammel  (NEWHP: 2)(30,118,1)


Starting up. 20:14.02
---------------------
[20:17:22]ATTACK: Raider shot Raider with the bullet (NEWHP: 40)(176,102,1)
[20:17:24]ATTACK: Raider attacked mouse  (NEWHP: 5)(241,101,1)
[20:17:24]ATTACK: Raider attacked mouse  (NEWHP: 5)(216,110,1)
[20:17:24]ATTACK: giant rad scorpion (33) attacked Default Cyborg-148  (NEWHP: 100)(40,159,1)
[20:17:26]ATTACK: giant rad scorpion (33) attacked Default Cyborg-148  (NEWHP: 81)(40,159,1)
[20:17:29]ATTACK: giant rad scorpion (33) attacked Default Cyborg-148  (NEWHP: 63)(40,159,1)
[20:17:31]ATTACK: giant rad scorpion (33) attacked Default Cyborg-148  (NEWHP: 48)(40,159,1)
[20:17:33]ATTACK: giant rad scorpion (33) attacked Default Cyborg-148  (NEWHP: 32)(40,159,1)
[20:17:35]ATTACK: giant rad scorpion (33) attacked Default Cyborg-148  (NEWHP: 14)(40,159,1)
[20:17:37]ATTACK: giant rad scorpion (33) attacked Default Cyborg-148  (NEWHP: -6)(40,159,1)
[20:17:39]ATTACK: giant rad scorpion (33) attacked Default Cyborg-148  (NEWHP: -26)(40,159,1)
[20:17:41]ATTACK: giant rad scorpion (33) attacked Default Cyborg-148  (NEWHP: -42)(40,159,1)
[20:17:43]ATTACK: giant rad scorpion (33) attacked Default Cyborg-148  (NEWHP: -58)(40,159,1)
[20:17:45]ATTACK: giant rad scorpion (33) attacked Default Cyborg-148  (NEWHP: -74)(40,159,1)
[20:17:47]ATTACK: giant rad scorpion (33) attacked Default Cyborg-148  (NEWHP: -91)(40,159,1)
[20:18:09]ATTACK: cammel attacked cammel  (NEWHP: 20)(26,114,1)
[20:18:11]ATTACK: cammel attacked cammel  (NEWHP: 18)(26,114,1)
[20:18:13]ATTACK: cammel attacked cammel  (NEWHP: 20)(27,115,1)
[20:18:13]ATTACK: cammel attacked cammel  (NEWHP: 17)(26,114,1)
[20:18:15]ATTACK: cammel attacked cammel  (NEWHP: 19)(27,115,1)
[20:18:15]ATTACK: cammel attacked cammel  (NEWHP: 16)(26,114,1)
[20:18:17]ATTACK: cammel attacked cammel  (NEWHP: 17)(27,115,1)
[20:18:17]ATTACK: cammel attacked cammel  (NEWHP: 14)(26,114,1)
[20:18:19]ATTACK: cammel attacked cammel  (NEWHP: 15)(27,115,1)
[20:18:21]ATTACK: cammel attacked cammel  (NEWHP: 14)(26,115,1)
[20:18:21]ATTACK: cammel attacked cammel  (NEWHP: 12)(26,114,1)
[20:18:23]ATTACK: cammel attacked cammel  (NEWHP: 12)(26,115,1)
[20:18:23]ATTACK: cammel attacked cammel  (NEWHP: 10)(26,114,1)
[20:18:25]ATTACK: cammel attacked cammel  (NEWHP: 10)(26,115,1)
[20:18:25]ATTACK: cammel attacked cammel  (NEWHP: 9)(26,114,1)
[20:18:27]ATTACK: cammel attacked cammel  (NEWHP: 8)(26,115,1)
[20:18:27]ATTACK: cammel attacked cammel  (NEWHP: 7)(26,114,1)
[20:18:29]ATTACK: cammel attacked cammel  (NEWHP: 7)(26,115,1)
[20:18:29]ATTACK: cammel attacked cammel  (NEWHP: 6)(26,114,1)
[20:18:31]ATTACK: cammel attacked cammel  (NEWHP: 5)(26,115,1)
[20:18:31]ATTACK: cammel attacked cammel  (NEWHP: 5)(26,114,1)
[20:18:33]ATTACK: cammel attacked cammel  (NEWHP: 3)(26,115,1)
[20:18:35]ATTACK: cammel attacked cammel  (NEWHP: 4)(26,114,1)
[20:18:37]ATTACK: cammel attacked cammel  (NEWHP: 2)(26,114,1)
[20:18:39]ATTACK: cammel attacked cammel  (NEWHP: 2)(26,114,1)
[20:18:39]ATTACK: cammel attacked cammel  (NEWHP: 1)(26,115,1)
[20:24:16]ATTACK: cammel attacked cammel  (NEWHP: 20)(154,251,1)
[20:24:18]ATTACK: cammel attacked cammel  (NEWHP: 18)(154,251,1)
[20:24:18]ATTACK: cammel attacked cammel  (NEWHP: 20)(155,251,1)
[20:24:20]ATTACK: cammel attacked cammel  (NEWHP: 16)(154,251,1)
[20:24:20]ATTACK: cammel attacked cammel  (NEWHP: 19)(155,251,1)
[20:24:22]ATTACK: cammel attacked cammel  (NEWHP: 15)(154,251,1)
[20:24:22]ATTACK: cammel attacked cammel  (NEWHP: 17)(155,251,1)
[20:24:24]ATTACK: cammel attacked cammel  (NEWHP: 16)(155,251,1)
[20:24:26]ATTACK: cammel attacked cammel  (NEWHP: 14)(154,251,1)
[20:24:26]ATTACK: cammel attacked cammel  (NEWHP: 15)(155,251,1)
[20:24:28]ATTACK: cammel attacked cammel  (NEWHP: 13)(155,251,1)
[20:24:30]ATTACK: cammel attacked cammel  (NEWHP: 12)(155,251,1)
[20:24:30]ATTACK: cammel attacked cammel  (NEWHP: 11)(154,251,1)
[20:24:32]ATTACK: cammel attacked cammel  (NEWHP: 10)(155,251,1)
[20:24:32]ATTACK: cammel attacked cammel  (NEWHP: 10)(154,251,1)
[20:24:34]ATTACK: cammel attacked cammel  (NEWHP: 8)(155,251,1)
[20:24:34]ATTACK: cammel attacked cammel  (NEWHP: 9)(154,251,1)
[20:24:36]ATTACK: cammel attacked cammel  (NEWHP: 7)(155,251,1)
[20:24:36]ATTACK: cammel attacked cammel  (NEWHP: 7)(154,251,1)
[20:24:38]ATTACK: cammel attacked cammel  (NEWHP: 6)(155,251,1)
[20:24:38]ATTACK: cammel attacked cammel  (NEWHP: 5)(154,251,1)
[20:24:40]ATTACK: cammel attacked cammel  (NEWHP: 5)(155,251,1)
[20:24:40]ATTACK: cammel attacked cammel  (NEWHP: 4)(154,251,1)
[20:24:42]ATTACK: cammel attacked cammel  (NEWHP: 3)(155,251,1)
[20:24:42]ATTACK: cammel attacked cammel  (NEWHP: 3)(154,251,1)
[20:24:44]ATTACK: cammel attacked cammel  (NEWHP: 1)(154,251,1)
