

Starting up. 01:10.14
---------------------
[01:13:50]ATTACK: rad scorpion (130) attacked Default Cyborg-984  (NEWHP: 100)(40,159,1)
[01:13:50]ATTACK: Raider shot Raider with the bullet (NEWHP: 65)(176,102,1)
[01:13:52]ATTACK: Raider attacked mouse  (NEWHP: 5)(241,101,1)
[01:13:52]ATTACK: Raider attacked mouse  (NEWHP: 5)(216,110,1)
[01:13:52]ATTACK: rad scorpion (130) attacked Default Cyborg-984  (NEWHP: 91)(40,159,1)
[01:13:52]ATTACK: giant rad scorpion (176) attacked Default Cyborg-984  (NEWHP: 81)(40,159,1)
[01:13:54]ATTACK: rad scorpion (130) attacked Default Cyborg-984  (NEWHP: 64)(40,159,1)
[01:13:54]ATTACK: giant rad scorpion (176) attacked Default Cyborg-984  (NEWHP: 56)(40,159,1)
[01:13:56]ATTACK: rad scorpion (130) attacked Default Cyborg-984  (NEWHP: 37)(40,159,1)
[01:13:56]ATTACK: giant rad scorpion (176) attacked Default Cyborg-984  (NEWHP: 32)(40,159,1)
[01:13:59]ATTACK: rad scorpion (130) attacked Default Cyborg-984  (NEWHP: 14)(40,159,1)
[01:13:59]ATTACK: giant rad scorpion (176) attacked Default Cyborg-984  (NEWHP: 6)(40,159,1)
[01:14:01]ATTACK: rad scorpion (130) attacked Default Cyborg-984  (NEWHP: -11)(40,159,1)
[01:14:01]ATTACK: giant rad scorpion (176) attacked Default Cyborg-984  (NEWHP: -17)(40,159,1)
[01:14:03]ATTACK: rad scorpion (130) attacked Default Cyborg-984  (NEWHP: -33)(40,159,1)
[01:14:03]ATTACK: giant rad scorpion (176) attacked Default Cyborg-984  (NEWHP: -43)(40,159,1)
[01:14:05]ATTACK: rad scorpion (130) attacked Default Cyborg-984  (NEWHP: -60)(40,159,1)
[01:14:05]ATTACK: giant rad scorpion (176) attacked Default Cyborg-984  (NEWHP: -69)(40,159,1)
[01:14:07]ATTACK: giant rad scorpion (176) attacked Default Cyborg-984  (NEWHP: -89)(40,159,1)
[01:14:59]ATTACK: cammel attacked cammel  (NEWHP: 20)(26,118,1)
[01:15:01]ATTACK: cammel attacked cammel  (NEWHP: 18)(26,118,1)
[01:15:03]ATTACK: cammel attacked cammel  (NEWHP: 20)(27,118,1)
[01:15:03]ATTACK: cammel attacked cammel  (NEWHP: 16)(26,118,1)
[01:15:05]ATTACK: cammel attacked cammel  (NEWHP: 18)(27,118,1)
[01:15:05]ATTACK: cammel attacked cammel  (NEWHP: 15)(26,118,1)
[01:15:07]ATTACK: cammel attacked cammel  (NEWHP: 17)(27,118,1)
[01:15:07]ATTACK: cammel attacked cammel  (NEWHP: 13)(26,118,1)
[01:15:09]ATTACK: cammel attacked cammel  (NEWHP: 15)(27,118,1)
[01:15:09]ATTACK: cammel attacked cammel  (NEWHP: 11)(26,118,1)
[01:15:11]ATTACK: cammel attacked cammel  (NEWHP: 13)(27,118,1)
[01:15:11]ATTACK: cammel attacked cammel  (NEWHP: 9)(26,118,1)
[01:15:13]ATTACK: cammel attacked cammel  (NEWHP: 11)(27,118,1)
[01:15:13]ATTACK: cammel attacked cammel  (NEWHP: 7)(26,118,1)
[01:15:15]ATTACK: cammel attacked cammel  (NEWHP: 9)(27,118,1)
[01:15:15]ATTACK: cammel attacked cammel  (NEWHP: 6)(26,118,1)
[01:15:17]ATTACK: cammel attacked cammel  (NEWHP: 7)(27,118,1)
[01:15:17]ATTACK: cammel attacked cammel  (NEWHP: 5)(26,118,1)
[01:15:19]ATTACK: cammel attacked cammel  (NEWHP: 6)(27,118,1)
[01:15:19]ATTACK: cammel attacked cammel  (NEWHP: 3)(26,118,1)
[01:15:21]ATTACK: cammel attacked cammel  (NEWHP: 5)(27,118,1)
[01:15:21]ATTACK: cammel attacked cammel  (NEWHP: 2)(26,118,1)
[01:15:27]ATTACK: cammel attacked cammel  (NEWHP: 20)(32,118,1)
[01:15:29]ATTACK: cammel attacked cammel  (NEWHP: 18)(32,118,1)
[01:15:31]ATTACK: cammel attacked cammel  (NEWHP: 4)(31,119,1)
[01:15:31]ATTACK: cammel attacked cammel  (NEWHP: 17)(32,118,1)
[01:15:33]ATTACK: cammel attacked cammel  (NEWHP: 3)(31,119,1)
[01:15:33]ATTACK: cammel attacked cammel  (NEWHP: 16)(32,118,1)
[01:15:35]ATTACK: cammel attacked cammel  (NEWHP: 14)(32,118,1)
[01:15:37]ATTACK: cammel attacked cammel  (NEWHP: 2)(31,119,1)
[01:17:43]ATTACK: <font color='red'>Griffin Whiteman (pahomlancer) injected Griffin Whiteman (pahomlancer) with syringe (charcoal), which had Charcoal (INTENT: HELP)</font>
[01:18:48]ATTACK: <font color='red'>Griffin Whiteman (pahomlancer) injected Griffin Whiteman (pahomlancer) with syringe (charcoal), which had Charcoal (INTENT: HELP)</font>
[01:20:32]ATTACK: Griffin Whiteman(pahomlancer) fed Griffin Whiteman(pahomlancer) with charcoal(50 units);  (NEWHP: 48)(86,160,1)
[01:22:32]ATTACK: cammel attacked cammel  (NEWHP: 20)(157,246,1)
[01:22:34]ATTACK: cammel attacked cammel  (NEWHP: 19)(158,246,1)
[01:22:34]ATTACK: cammel attacked cammel  (NEWHP: 20)(157,246,1)
[01:22:36]ATTACK: cammel attacked cammel  (NEWHP: 17)(158,246,1)
[01:22:36]ATTACK: cammel attacked cammel  (NEWHP: 18)(157,246,1)
[01:22:38]ATTACK: cammel attacked cammel  (NEWHP: 16)(158,246,1)
[01:22:40]ATTACK: cammel attacked cammel  (NEWHP: 14)(158,246,1)
[01:22:40]ATTACK: cammel attacked cammel  (NEWHP: 16)(157,246,1)
[01:22:42]ATTACK: cammel attacked cammel  (NEWHP: 13)(158,246,1)
[01:22:42]ATTACK: cammel attacked cammel  (NEWHP: 15)(157,246,1)
[01:22:44]ATTACK: cammel attacked cammel  (NEWHP: 11)(158,246,1)
[01:22:44]ATTACK: cammel attacked cammel  (NEWHP: 14)(157,246,1)
[01:22:46]ATTACK: cammel attacked cammel  (NEWHP: 9)(158,246,1)
[01:22:46]ATTACK: cammel attacked cammel  (NEWHP: 12)(157,246,1)
[01:22:48]ATTACK: cammel attacked cammel  (NEWHP: 7)(158,246,1)
[01:22:48]ATTACK: cammel attacked cammel  (NEWHP: 10)(157,246,1)
[01:22:50]ATTACK: cammel attacked cammel  (NEWHP: 6)(158,246,1)
[01:22:50]ATTACK: cammel attacked cammel  (NEWHP: 9)(157,246,1)
[01:22:52]ATTACK: cammel attacked cammel  (NEWHP: 5)(158,246,1)
[01:22:52]ATTACK: cammel attacked cammel  (NEWHP: 7)(157,246,1)
[01:22:54]ATTACK: cammel attacked cammel  (NEWHP: 3)(158,246,1)
[01:22:54]ATTACK: cammel attacked cammel  (NEWHP: 6)(157,246,1)
[01:22:56]ATTACK: cammel attacked cammel  (NEWHP: 4)(157,247,1)
[01:22:58]ATTACK: cammel attacked cammel  (NEWHP: 2)(158,246,1)
[01:34:59]ATTACK: Molerat attacked Griffin Whiteman(pahomlancer)  (NEWHP: 100)(122,153,1)
[01:35:03]ATTACK: Molerat attacked Griffin Whiteman(pahomlancer)  (NEWHP: 95.2)(113,144,1)
[01:35:03]ATTACK: Molerat attacked Griffin Whiteman(pahomlancer)  (NEWHP: 89.8)(113,144,1)
[01:35:05]ATTACK: Molerat attacked Griffin Whiteman(pahomlancer)  (NEWHP: 84.4)(106,140,1)
[01:35:07]ATTACK: Molerat attacked Griffin Whiteman(pahomlancer)  (NEWHP: 79.6)(98,142,1)
[01:35:09]ATTACK: Molerat attacked Griffin Whiteman(pahomlancer)  (NEWHP: 75.4)(97,142,1)
[01:35:09]ATTACK: Molerat attacked Griffin Whiteman(pahomlancer)  (NEWHP: 71.8)(97,142,1)
[01:35:09]ATTACK: Molerat attacked Griffin Whiteman(pahomlancer)  (NEWHP: 68.2)(97,142,1)
[01:35:11]ATTACK: Molerat attacked Griffin Whiteman(pahomlancer)  (NEWHP: 63.4)(97,142,1)
[01:35:11]ATTACK: Molerat attacked Griffin Whiteman(pahomlancer)  (NEWHP: 57.4)(97,142,1)
[01:35:11]ATTACK: Molerat attacked Griffin Whiteman(pahomlancer)  (NEWHP: 53.8)(97,142,1)
[01:35:13]ATTACK: Molerat attacked Griffin Whiteman(pahomlancer)  (NEWHP: 49)(96,143,1)
[01:35:15]ATTACK: Molerat attacked Griffin Whiteman(pahomlancer)  (NEWHP: 46)(96,143,1)
[01:35:17]ATTACK: Molerat attacked Griffin Whiteman(pahomlancer)  (NEWHP: 42.4)(96,143,1)
[01:35:18]ATTACK: Griffin Whiteman(pahomlancer) shot Griffin Whiteman(pahomlancer) with the bullet (NEWHP: 36.4)(96,143,1)
[01:35:19]ATTACK: Molerat attacked Griffin Whiteman(pahomlancer)  (NEWHP: 36.4)(96,143,1)
[01:35:25]ATTACK: Molerat attacked Griffin Whiteman(pahomlancer)  (NEWHP: 100)(96,143,1)
[01:35:27]ATTACK: Molerat attacked Griffin Whiteman(pahomlancer)  (NEWHP: 94.6)(96,143,1)
[01:36:10]ATTACK: Griffin Whiteman(pahomlancer) attacked Griffin Whiteman(pahomlancer) with double emergency oxygen tank(INTENT: HELP) (DAMTYPE: BRUTE) (NEWHP: 100)(86,146,1)
[01:36:11]ATTACK: Griffin Whiteman(pahomlancer) attacked Griffin Whiteman(pahomlancer) with double emergency oxygen tank(INTENT: HELP) (DAMTYPE: BRUTE) (NEWHP: 100)(86,146,1)
[01:36:12]ATTACK: Griffin Whiteman(pahomlancer) attacked Griffin Whiteman(pahomlancer) with double emergency oxygen tank(INTENT: HELP) (DAMTYPE: BRUTE) (NEWHP: 95.2)(86,146,1)
[01:37:08]ATTACK: Molerat attacked Griffin Whiteman(pahomlancer)  (NEWHP: 92.8)(95,141,1)
[01:37:09]ATTACK: Griffin Whiteman(pahomlancer) shot Molerat with the bullet (NEWHP: 60)(96,141,1)
[01:37:10]ATTACK: Griffin Whiteman(pahomlancer) shot Molerat with the bullet (NEWHP: 20)(96,141,1)
[01:37:10]ATTACK: Molerat attacked Griffin Whiteman(pahomlancer)  (NEWHP: 87.4)(95,141,1)
[01:37:11]ATTACK: Griffin Whiteman(pahomlancer) shot Molerat with the bullet (NEWHP: 0)(96,141,1)
[01:37:12]ATTACK: Griffin Whiteman(pahomlancer) shot Molerat with the bullet (NEWHP: 0)(96,141,1)
[01:37:14]ATTACK: Molerat attacked Griffin Whiteman(pahomlancer)  (NEWHP: 82)(95,141,1)
[01:37:14]ATTACK: Griffin Whiteman(pahomlancer) shot Molerat with the bullet (NEWHP: 60)(96,141,1)
[01:37:15]ATTACK: Griffin Whiteman(pahomlancer) shot Molerat with the bullet (NEWHP: 20)(96,141,1)
[01:37:15]ATTACK: Griffin Whiteman(pahomlancer) shot Molerat with the bullet (NEWHP: 0)(96,141,1)
[01:37:16]ATTACK: Molerat attacked Griffin Whiteman(pahomlancer)  (NEWHP: 78.4)(95,141,1)
[01:37:17]ATTACK: Griffin Whiteman(pahomlancer) shot Molerat with the bullet (NEWHP: 60)(96,141,1)
[01:37:17]ATTACK: Griffin Whiteman(pahomlancer) shot Molerat with the bullet (NEWHP: 20)(96,141,1)
[01:37:17]ATTACK: Griffin Whiteman(pahomlancer) shot Molerat with the bullet (NEWHP: 0)(96,141,1)
[01:37:18]ATTACK: Molerat attacked Griffin Whiteman(pahomlancer)  (NEWHP: 72.4)(95,141,1)
[01:37:20]ATTACK: Molerat attacked Griffin Whiteman(pahomlancer)  (NEWHP: 68.8)(95,141,1)
[01:37:22]ATTACK: Molerat attacked Griffin Whiteman(pahomlancer)  (NEWHP: 65.2)(95,141,1)
[01:37:24]ATTACK: Griffin Whiteman(pahomlancer) attacked Molerat with 10-mm pistol(INTENT: HARM) (DAMTYPE: BRUTE) (NEWHP: 87)(96,141,1)
[01:37:24]ATTACK: Molerat attacked Griffin Whiteman(pahomlancer)  (NEWHP: 59.2)(95,141,1)
[01:37:25]ATTACK: Griffin Whiteman(pahomlancer) attacked Molerat with 10-mm pistol(INTENT: HARM) (DAMTYPE: BRUTE) (NEWHP: 74)(96,141,1)
[01:37:26]ATTACK: Griffin Whiteman(pahomlancer) attacked Molerat with 10-mm pistol(INTENT: HARM) (DAMTYPE: BRUTE) (NEWHP: 61)(96,141,1)
[01:37:26]ATTACK: Molerat attacked Griffin Whiteman(pahomlancer)  (NEWHP: 55)(95,141,1)
[01:37:27]ATTACK: Griffin Whiteman(pahomlancer) attacked Molerat with 10-mm pistol(INTENT: HARM) (DAMTYPE: BRUTE) (NEWHP: 48)(96,141,1)
[01:37:28]ATTACK: Griffin Whiteman(pahomlancer) attacked Molerat with 10-mm pistol(INTENT: HARM) (DAMTYPE: BRUTE) (NEWHP: 35)(96,141,1)
[01:37:28]ATTACK: Molerat attacked Griffin Whiteman(pahomlancer)  (NEWHP: 51.4)(95,141,1)
[01:37:29]ATTACK: Griffin Whiteman(pahomlancer) attacked Molerat with 10-mm pistol(INTENT: HARM) (DAMTYPE: BRUTE) (NEWHP: 22)(96,141,1)
[01:37:29]ATTACK: Griffin Whiteman(pahomlancer) attacked Molerat with 10-mm pistol(INTENT: HARM) (DAMTYPE: BRUTE) (NEWHP: 9)(96,141,1)
[01:37:30]ATTACK: Griffin Whiteman(pahomlancer) attacked Molerat with 10-mm pistol(INTENT: HARM) (DAMTYPE: BRUTE) (NEWHP: 0)(96,141,1)
[01:37:31]ATTACK: Griffin Whiteman(pahomlancer) attacked Molerat with 10-mm pistol(INTENT: HARM) (DAMTYPE: BRUTE) (NEWHP: 0)(96,141,1)
[01:37:32]ATTACK: Griffin Whiteman(pahomlancer) attacked Molerat with 10-mm pistol(INTENT: HARM) (DAMTYPE: BRUTE) (NEWHP: 0)(96,141,1)
[01:41:21]ATTACK: Griffin Whiteman(pahomlancer) shot Griffin Whiteman(@pahomlancer) with the pellet (NEWHP: 100)(116,153,5)
[01:41:21]ATTACK: Griffin Whiteman(pahomlancer) shot Griffin Whiteman(@pahomlancer) with the pellet (NEWHP: 100)(116,153,5)
[01:41:21]ATTACK: Griffin Whiteman(pahomlancer) shot Griffin Whiteman(@pahomlancer) with the pellet (NEWHP: 100)(116,153,5)
[01:41:21]ATTACK: Griffin Whiteman(pahomlancer) shot Griffin Whiteman(@pahomlancer) with the pellet (NEWHP: 100)(116,153,5)
[01:41:21]ATTACK: Griffin Whiteman(pahomlancer) shot Griffin Whiteman(@pahomlancer) with the pellet (NEWHP: 100)(116,153,5)
[01:41:25]ATTACK: Griffin Whiteman(pahomlancer) attacked Griffin Whiteman(@pahomlancer) with improvised shotgun(INTENT: HARM) (DAMTYPE: BRUTE) (NEWHP: 85)(116,153,5)
[01:41:25]ATTACK: Griffin Whiteman(pahomlancer) attacked Griffin Whiteman(@pahomlancer) with improvised shotgun(INTENT: HARM) (DAMTYPE: BRUTE) (NEWHP: 75)(116,153,5)
[01:41:26]ATTACK: Griffin Whiteman(pahomlancer) attacked Griffin Whiteman(@pahomlancer) with improvised shotgun(INTENT: HARM) (DAMTYPE: BRUTE) (NEWHP: 75)(116,153,5)
[01:41:27]ATTACK: Griffin Whiteman(pahomlancer) attacked Griffin Whiteman(@pahomlancer) with improvised shotgun(INTENT: HARM) (DAMTYPE: BRUTE) (NEWHP: 75)(116,153,5)
[01:41:28]ATTACK: Griffin Whiteman(pahomlancer) attacked Griffin Whiteman(@pahomlancer) with improvised shotgun(INTENT: HARM) (DAMTYPE: BRUTE) (NEWHP: 45)(116,153,5)
[01:41:29]ATTACK: Griffin Whiteman(pahomlancer) attacked Griffin Whiteman(@pahomlancer) with improvised shotgun(INTENT: HARM) (DAMTYPE: BRUTE) (NEWHP: 35)(116,153,5)
[01:42:12]ATTACK: Griffin Whiteman(pahomlancer) attacked Griffin Whiteman(@pahomlancer) with improvised shotgun(INTENT: HARM) (DAMTYPE: BRUTE) (NEWHP: 25)(116,153,5)
[01:42:13]ATTACK: Griffin Whiteman(pahomlancer) attacked Griffin Whiteman(@pahomlancer) with improvised shotgun(INTENT: HARM) (DAMTYPE: BRUTE) (NEWHP: 25)(116,153,5)
[01:42:14]ATTACK: Griffin Whiteman(pahomlancer) attacked Griffin Whiteman(@pahomlancer) with improvised shotgun(INTENT: HARM) (DAMTYPE: BRUTE) (NEWHP: 5)(116,153,5)
[01:42:15]ATTACK: Griffin Whiteman(pahomlancer) attacked Griffin Whiteman(@pahomlancer) with improvised shotgun(INTENT: HARM) (DAMTYPE: BRUTE) (NEWHP: 5)(116,153,5)
[01:42:16]ATTACK: Griffin Whiteman(pahomlancer) attacked Griffin Whiteman(@pahomlancer) with improvised shotgun(INTENT: HARM) (DAMTYPE: BRUTE) (NEWHP: -15)(116,153,5)
[01:42:17]ATTACK: Griffin Whiteman(pahomlancer) attacked Griffin Whiteman(@pahomlancer) with improvised shotgun(INTENT: HARM) (DAMTYPE: BRUTE) (NEWHP: -15)(116,153,5)
[01:42:18]ATTACK: Griffin Whiteman(pahomlancer) attacked Griffin Whiteman(@pahomlancer) with improvised shotgun(INTENT: HARM) (DAMTYPE: BRUTE) (NEWHP: -35.6667)(116,153,5)
[01:42:19]ATTACK: Griffin Whiteman(pahomlancer) attacked Griffin Whiteman(@pahomlancer) with improvised shotgun(INTENT: HARM) (DAMTYPE: BRUTE) (NEWHP: -35.6667)(116,153,5)
[01:42:20]ATTACK: Griffin Whiteman(pahomlancer) attacked Griffin Whiteman(@pahomlancer) with improvised shotgun(INTENT: HARM) (DAMTYPE: BRUTE) (NEWHP: -56.3333)(116,153,5)
[01:42:24]ATTACK: Griffin Whiteman(pahomlancer) attacked Griffin Whiteman(pahomlancer) with geiger counter(INTENT: HARM) (DAMTYPE: BRUTE) (NEWHP: 100)(116,154,5)


Starting up. 04:19.08
---------------------
[04:22:26]ATTACK: Raider shot Raider with the bullet (NEWHP: 65)(176,102,1)
[04:22:28]ATTACK: Raider attacked mouse  (NEWHP: 5)(241,101,1)
[04:22:28]ATTACK: Raider attacked mouse  (NEWHP: 5)(216,110,1)
[04:22:28]ATTACK: giant rad scorpion (543) attacked Default Cyborg-921  (NEWHP: 100)(40,159,1)
[04:22:30]ATTACK: giant rad scorpion (543) attacked Default Cyborg-921  (NEWHP: 82)(40,159,1)
[04:22:32]ATTACK: giant rad scorpion (543) attacked Default Cyborg-921  (NEWHP: 62)(40,159,1)
[04:22:34]ATTACK: giant rad scorpion (543) attacked Default Cyborg-921  (NEWHP: 46)(40,159,1)
[04:22:36]ATTACK: giant rad scorpion (543) attacked Default Cyborg-921  (NEWHP: 31)(40,159,1)
[04:22:38]ATTACK: giant rad scorpion (543) attacked Default Cyborg-921  (NEWHP: 13)(40,159,1)
[04:22:40]ATTACK: giant rad scorpion (543) attacked Default Cyborg-921  (NEWHP: -5)(40,159,1)
[04:22:43]ATTACK: giant rad scorpion (543) attacked Default Cyborg-921  (NEWHP: -21)(40,159,1)
[04:22:45]ATTACK: giant rad scorpion (543) attacked Default Cyborg-921  (NEWHP: -38)(40,159,1)
[04:22:47]ATTACK: giant rad scorpion (543) attacked Default Cyborg-921  (NEWHP: -54)(40,159,1)
[04:22:49]ATTACK: giant rad scorpion (543) attacked Default Cyborg-921  (NEWHP: -72)(40,159,1)
[04:22:51]ATTACK: giant rad scorpion (543) attacked Default Cyborg-921  (NEWHP: -91)(40,159,1)
[04:25:04]ATTACK: Molerat attacked Griffin Whiteman(pahomlancer)  (NEWHP: 100)(95,141,1)
[04:25:04]ATTACK: Griffin Whiteman(pahomlancer) shot Molerat with the plasma_beam (NEWHP: 50)(96,141,1)
[04:25:05]ATTACK: Griffin Whiteman(pahomlancer) shot Molerat with the plasma_beam (NEWHP: 0)(96,141,1)
[04:25:06]ATTACK: Molerat attacked Griffin Whiteman(pahomlancer)  (NEWHP: 94)(95,141,1)
[04:25:06]ATTACK: Griffin Whiteman(pahomlancer) shot Molerat with the plasma_beam (NEWHP: 50)(96,141,1)
[04:25:06]ATTACK: Griffin Whiteman(pahomlancer) shot Molerat with the plasma_beam (NEWHP: 0)(96,141,1)
[04:25:07]ATTACK: Griffin Whiteman(pahomlancer) shot Molerat with the plasma_beam (NEWHP: 50)(96,141,1)
[04:25:08]ATTACK: Molerat attacked Griffin Whiteman(pahomlancer)  (NEWHP: 84)(95,141,1)
[04:25:08]ATTACK: Griffin Whiteman(pahomlancer) shot Molerat with the plasma_beam (NEWHP: 0)(96,141,1)
[04:25:12]ATTACK: Molerat attacked Griffin Whiteman(pahomlancer)  (NEWHP: 74)(95,141,1)
[04:25:12]ATTACK: Griffin Whiteman(pahomlancer) shot Molerat with the plasma_beam (NEWHP: 50)(96,141,1)
[04:25:13]ATTACK: Griffin Whiteman(pahomlancer) shot Molerat with the plasma_beam (NEWHP: 0)(96,141,1)
[04:25:30]ATTACK: Molerat attacked Griffin Whiteman(pahomlancer)  (NEWHP: 100)(109,138,1)
[04:25:31]ATTACK: Griffin Whiteman(pahomlancer) shot Molerat with the plasma_beam (NEWHP: 50)(107,138,1)
[04:25:31]ATTACK: Griffin Whiteman(pahomlancer) shot Molerat with the plasma_beam (NEWHP: 0)(107,138,1)
[04:25:33]ATTACK: Griffin Whiteman(pahomlancer) shot Molerat with the plasma_beam (NEWHP: 50)(107,138,1)
[04:25:33]ATTACK: Griffin Whiteman(pahomlancer) shot Molerat with the plasma_beam (NEWHP: 0)(107,138,1)
[04:25:42]ATTACK: Molerat attacked Griffin Whiteman(pahomlancer)  (NEWHP: 95)(117,147,1)
[04:25:44]ATTACK: Molerat attacked Griffin Whiteman(pahomlancer)  (NEWHP: 85)(118,147,1)
[04:25:44]ATTACK: Molerat attacked Griffin Whiteman(pahomlancer)  (NEWHP: 79)(118,147,1)
[04:25:46]ATTACK: Molerat attacked Griffin Whiteman(pahomlancer)  (NEWHP: 69)(120,147,1)
[04:25:46]ATTACK: Molerat attacked Griffin Whiteman(pahomlancer)  (NEWHP: 60)(120,147,1)
[04:25:48]ATTACK: cammel attacked cammel  (NEWHP: 20)(21,115,1)
[04:25:48]ATTACK: Molerat attacked Griffin Whiteman(pahomlancer)  (NEWHP: 51)(120,147,1)
[04:25:48]ATTACK: Molerat attacked Griffin Whiteman(pahomlancer)  (NEWHP: 43)(120,147,1)
[04:25:49]ATTACK: Griffin Whiteman(pahomlancer) shot Molerat with the laser (NEWHP: 70)(119,147,1)
[04:25:50]ATTACK: Griffin Whiteman(pahomlancer) shot Molerat with the laser (NEWHP: 40)(119,147,1)
[04:25:50]ATTACK: cammel attacked cammel  (NEWHP: 19)(21,115,1)
[04:25:50]ATTACK: cammel attacked cammel  (NEWHP: 20)(22,115,1)
[04:25:50]ATTACK: Molerat attacked Griffin Whiteman(pahomlancer)  (NEWHP: 35)(120,147,1)
[04:25:50]ATTACK: Molerat attacked Griffin Whiteman(pahomlancer)  (NEWHP: 30)(120,147,1)
[04:25:50]ATTACK: Griffin Whiteman(pahomlancer) shot Molerat with the laser (NEWHP: 10)(119,147,1)
[04:25:51]ATTACK: Griffin Whiteman(pahomlancer) shot Molerat with the laser (NEWHP: 0)(119,147,1)
[04:25:52]ATTACK: Griffin Whiteman(pahomlancer) shot Molerat with the laser (NEWHP: 70)(119,148,1)
[04:25:52]ATTACK: cammel attacked cammel  (NEWHP: 17)(21,115,1)
[04:25:52]ATTACK: cammel attacked cammel  (NEWHP: 19)(22,115,1)
[04:25:52]ATTACK: Molerat attacked Griffin Whiteman(pahomlancer)  (NEWHP: 25)(120,147,1)
[04:25:52]ATTACK: Griffin Whiteman(pahomlancer) shot Molerat with the laser (NEWHP: 40)(119,148,1)
[04:25:53]ATTACK: Griffin Whiteman(pahomlancer) shot Molerat with the laser (NEWHP: 10)(119,148,1)
[04:25:53]ATTACK: Griffin Whiteman(pahomlancer) shot Molerat with the laser (NEWHP: 0)(119,148,1)
[04:25:54]ATTACK: cammel attacked cammel  (NEWHP: 15)(21,115,1)
[04:25:54]ATTACK: cammel attacked cammel  (NEWHP: 17)(22,115,1)
[04:25:56]ATTACK: cammel attacked cammel  (NEWHP: 14)(21,115,1)
[04:25:56]ATTACK: cammel attacked cammel  (NEWHP: 16)(22,115,1)
[04:25:58]ATTACK: cammel attacked cammel  (NEWHP: 12)(21,115,1)
[04:26:00]ATTACK: cammel attacked cammel  (NEWHP: 11)(21,115,1)
[04:26:00]ATTACK: cammel attacked cammel  (NEWHP: 14)(22,115,1)
[04:26:02]ATTACK: cammel attacked cammel  (NEWHP: 9)(21,114,1)
[04:26:02]ATTACK: cammel attacked cammel  (NEWHP: 12)(22,115,1)
[04:26:04]ATTACK: cammel attacked cammel  (NEWHP: 7)(21,114,1)
[04:26:04]ATTACK: cammel attacked cammel  (NEWHP: 10)(22,115,1)
[04:26:06]ATTACK: Griffin Whiteman(pahomlancer) shot Molerat with the laser (NEWHP: 70)(111,154,1)
[04:26:06]ATTACK: cammel attacked cammel  (NEWHP: 6)(21,114,1)
[04:26:06]ATTACK: cammel attacked cammel  (NEWHP: 9)(22,115,1)
[04:26:06]ATTACK: Molerat attacked Griffin Whiteman(pahomlancer)  (NEWHP: 100)(110,155,1)
[04:26:06]ATTACK: Griffin Whiteman(pahomlancer) shot Molerat with the laser (NEWHP: 40)(111,154,1)
[04:26:07]ATTACK: Griffin Whiteman(pahomlancer) shot Molerat with the laser (NEWHP: 10)(111,154,1)
[04:26:08]ATTACK: Griffin Whiteman(pahomlancer) shot Molerat with the laser (NEWHP: 0)(111,154,1)
[04:26:08]ATTACK: cammel attacked cammel  (NEWHP: 4)(21,114,1)
[04:26:08]ATTACK: cammel attacked cammel  (NEWHP: 8)(22,115,1)
[04:26:10]ATTACK: cammel attacked cammel  (NEWHP: 2)(21,114,1)
[04:26:10]ATTACK: cammel attacked cammel  (NEWHP: 7)(22,115,1)
[04:26:12]ATTACK: cammel attacked cammel  (NEWHP: 1)(21,114,1)
[04:26:18]ATTACK: cammel attacked cammel  (NEWHP: 20)(26,116,1)
[04:26:20]ATTACK: cammel attacked cammel  (NEWHP: 19)(26,116,1)
[04:26:22]ATTACK: cammel attacked cammel  (NEWHP: 6)(25,116,1)
[04:26:22]ATTACK: cammel attacked cammel  (NEWHP: 17)(26,116,1)
[04:26:24]ATTACK: cammel attacked cammel  (NEWHP: 4)(25,116,1)
[04:26:24]ATTACK: cammel attacked cammel  (NEWHP: 15)(26,116,1)
[04:26:26]ATTACK: cammel attacked cammel  (NEWHP: 3)(25,116,1)
[04:26:26]ATTACK: cammel attacked cammel  (NEWHP: 13)(26,116,1)
[04:26:28]ATTACK: cammel attacked cammel  (NEWHP: 2)(25,116,1)
[04:26:28]ATTACK: cammel attacked cammel  (NEWHP: 12)(26,116,1)
[04:26:30]ATTACK: cammel attacked cammel  (NEWHP: 1)(25,116,1)
[04:26:36]ATTACK: cammel attacked cammel  (NEWHP: 20)(159,247,1)
[04:26:38]ATTACK: yaogai attacked Griffin Whiteman(pahomlancer)  (NEWHP: 93)(140,163,1)
[04:26:38]ATTACK: cammel attacked cammel  (NEWHP: 19)(159,247,1)
[04:26:38]ATTACK: cammel attacked cammel  (NEWHP: 20)(158,247,1)
[04:26:40]ATTACK: yaogai attacked Griffin Whiteman(pahomlancer)  (NEWHP: 66)(140,162,1)
[04:26:40]ATTACK: cammel attacked cammel  (NEWHP: 18)(159,247,1)
[04:26:40]ATTACK: cammel attacked cammel  (NEWHP: 18)(158,247,1)
[04:26:42]ATTACK: yaogai attacked Griffin Whiteman(pahomlancer)  (NEWHP: 38)(140,162,1)
[04:26:42]ATTACK: cammel attacked cammel  (NEWHP: 16)(159,247,1)
[04:26:42]ATTACK: cammel attacked cammel  (NEWHP: 16)(158,247,1)
[04:26:44]ATTACK: yaogai attacked Griffin Whiteman(pahomlancer)  (NEWHP: 8)(140,162,1)
[04:26:44]ATTACK: cammel attacked cammel  (NEWHP: 15)(159,247,1)
[04:26:44]ATTACK: cammel attacked cammel  (NEWHP: 15)(158,247,1)
[04:26:46]ATTACK: cammel attacked cammel  (NEWHP: 13)(159,247,1)
[04:26:48]ATTACK: cammel attacked cammel  (NEWHP: 11)(159,247,1)
[04:26:48]ATTACK: cammel attacked cammel  (NEWHP: 13)(158,247,1)
[04:26:50]ATTACK: yaogai attacked Griffin Whiteman(pahomlancer)  (NEWHP: 100)(140,162,1)
[04:26:50]ATTACK: cammel attacked cammel  (NEWHP: 9)(159,247,1)
[04:26:50]ATTACK: cammel attacked cammel  (NEWHP: 11)(158,247,1)
[04:26:52]ATTACK: yaogai attacked Griffin Whiteman(pahomlancer)  (NEWHP: 70)(140,162,1)
[04:26:52]ATTACK: cammel attacked cammel  (NEWHP: 7)(159,247,1)
[04:26:52]ATTACK: cammel attacked cammel  (NEWHP: 10)(158,247,1)
[04:26:53]ATTACK: Griffin Whiteman(pahomlancer) shot yaogai with the bullet (NEWHP: 260)(140,163,1)
[04:26:53]ATTACK: Griffin Whiteman(pahomlancer) shot yaogai with the bullet (NEWHP: 220)(140,163,1)
[04:26:54]ATTACK: Griffin Whiteman(pahomlancer) shot yaogai with the bullet (NEWHP: 180)(140,162,1)
[04:26:54]ATTACK: yaogai attacked Griffin Whiteman(pahomlancer)  (NEWHP: 40)(140,161,1)
[04:26:54]ATTACK: cammel attacked cammel  (NEWHP: 6)(159,247,1)
[04:26:54]ATTACK: cammel attacked cammel  (NEWHP: 8)(158,247,1)
[04:26:54]ATTACK: Griffin Whiteman(pahomlancer) shot yaogai with the bullet (NEWHP: 140)(140,162,1)
[04:26:55]ATTACK: Griffin Whiteman(pahomlancer) shot yaogai with the bullet (NEWHP: 100)(140,162,1)
[04:26:56]ATTACK: Griffin Whiteman(pahomlancer) shot yaogai with the bullet (NEWHP: 60)(140,162,1)
[04:26:56]ATTACK: Griffin Whiteman(pahomlancer) shot yaogai with the bullet (NEWHP: 20)(140,162,1)
[04:26:56]ATTACK: yaogai attacked Griffin Whiteman(pahomlancer)  (NEWHP: 8)(140,161,1)
[04:26:56]ATTACK: cammel attacked cammel  (NEWHP: 5)(159,247,1)
[04:26:56]ATTACK: cammel attacked cammel  (NEWHP: 6)(158,247,1)
[04:26:58]ATTACK: cammel attacked cammel  (NEWHP: 4)(158,247,1)
[04:27:00]ATTACK: cammel attacked cammel  (NEWHP: 3)(159,247,1)
[04:27:00]ATTACK: cammel attacked cammel  (NEWHP: 3)(158,247,1)
[04:27:02]ATTACK: yaogai attacked Griffin Whiteman(pahomlancer)  (NEWHP: 100)(140,161,1)
[04:27:02]ATTACK: cammel attacked cammel  (NEWHP: 1)(159,247,1)
[04:27:04]ATTACK: yaogai attacked Griffin Whiteman(pahomlancer)  (NEWHP: 69)(140,161,1)
[04:27:05]ATTACK: Griffin Whiteman(pahomlancer) shot yaogai with the bullet (NEWHP: 0)(141,162,1)
[04:30:07]ATTACK: Molerat attacked Griffin Whiteman(pahomlancer)  (NEWHP: 100)(61,140,1)
[04:30:07]ATTACK: Molerat attacked Griffin Whiteman(pahomlancer)  (NEWHP: 95)(61,140,1)
[04:30:08]ATTACK: Griffin Whiteman(pahomlancer) shot Molerat with the bullet (NEWHP: 60)(61,140,1)
[04:30:09]ATTACK: Griffin Whiteman(pahomlancer) shot Molerat with the bullet (NEWHP: 20)(61,140,1)
[04:30:09]ATTACK: Molerat attacked Griffin Whiteman(pahomlancer)  (NEWHP: 89)(61,141,1)
[04:30:09]ATTACK: Molerat attacked Griffin Whiteman(pahomlancer)  (NEWHP: 83)(61,141,1)
[04:30:09]ATTACK: Griffin Whiteman(pahomlancer) shot Molerat with the bullet (NEWHP: 0)(61,140,1)
[04:30:11]ATTACK: Molerat attacked Griffin Whiteman(pahomlancer)  (NEWHP: 76)(59,140,1)
[04:30:11]ATTACK: Griffin Whiteman(pahomlancer) shot Molerat with the bullet (NEWHP: 60)(60,140,1)
[04:30:12]ATTACK: Griffin Whiteman(pahomlancer) shot Molerat with the bullet (NEWHP: 20)(60,140,1)
[04:30:12]ATTACK: Griffin Whiteman(pahomlancer) shot Molerat with the bullet (NEWHP: 0)(60,140,1)
[04:30:15]ATTACK: Griffin Whiteman(pahomlancer) shot Molerat with the bullet (NEWHP: 60)(58,140,1)
[04:30:15]ATTACK: Molerat attacked Griffin Whiteman(pahomlancer)  (NEWHP: 69)(58,139,1)
[04:30:15]ATTACK: Griffin Whiteman(pahomlancer) shot Molerat with the bullet (NEWHP: 20)(58,140,1)
[04:30:16]ATTACK: Griffin Whiteman(pahomlancer) shot Molerat with the bullet (NEWHP: 0)(58,140,1)
[04:30:19]ATTACK: Molerat attacked Griffin Whiteman(pahomlancer)  (NEWHP: 63)(59,139,1)
[04:30:20]ATTACK: Griffin Whiteman(pahomlancer) shot Molerat with the bullet (NEWHP: 60)(60,140,1)
[04:30:21]ATTACK: Griffin Whiteman(pahomlancer) shot Molerat with the bullet (NEWHP: 20)(60,140,1)
[04:30:21]ATTACK: Molerat attacked Griffin Whiteman(pahomlancer)  (NEWHP: 55)(59,139,1)
[04:30:21]ATTACK: Griffin Whiteman(pahomlancer) shot Molerat with the bullet (NEWHP: 0)(60,140,1)
[04:35:14]ATTACK: Mutant attacked Molerat  (NEWHP: 100)(121,88,5)
[04:35:14]ATTACK: Molerat attacked Mutant  (NEWHP: 250)(121,89,5)
[04:35:16]ATTACK: Mutant attacked Molerat  (NEWHP: 73)(121,88,5)
[04:35:16]ATTACK: Molerat attacked Mutant  (NEWHP: 250)(121,89,5)
[04:35:18]ATTACK: Mutant attacked Molerat  (NEWHP: 43)(121,88,5)
[04:35:18]ATTACK: Molerat attacked Mutant  (NEWHP: 250)(121,89,5)
[04:35:20]ATTACK: Mutant attacked Molerat  (NEWHP: 17)(121,88,5)
[04:36:00]ATTACK: Griffin Whiteman(pahomlancer) attacked rad scorpion (863) with 10-mm pistol(INTENT: HARM) (DAMTYPE: BRUTE) (NEWHP: 27)(36,157,1)
[04:36:00]ATTACK: Griffin Whiteman(pahomlancer) attacked rad scorpion (863) with 10-mm pistol(INTENT: HARM) (DAMTYPE: BRUTE) (NEWHP: 14)(36,157,1)
[04:36:01]ATTACK: Griffin Whiteman(pahomlancer) attacked rad scorpion (863) with 10-mm pistol(INTENT: HARM) (DAMTYPE: BRUTE) (NEWHP: 1)(36,157,1)
[04:36:02]ATTACK: Griffin Whiteman(pahomlancer) attacked rad scorpion (863) with 10-mm pistol(INTENT: HARM) (DAMTYPE: BRUTE) (NEWHP: 0)(36,157,1)
[04:36:04]ATTACK: Griffin Whiteman(pahomlancer) attacked giant rad scorpion (543) with 10-mm pistol(INTENT: HARM) (DAMTYPE: BRUTE) (NEWHP: 187)(36,159,1)
[04:36:05]ATTACK: Griffin Whiteman(pahomlancer) attacked giant rad scorpion (543) with 10-mm pistol(INTENT: HARM) (DAMTYPE: BRUTE) (NEWHP: 174)(36,159,1)
[04:36:06]ATTACK: Griffin Whiteman(pahomlancer) attacked giant rad scorpion (543) with 10-mm pistol(INTENT: HARM) (DAMTYPE: BRUTE) (NEWHP: 161)(36,159,1)
[04:36:06]ATTACK: giant rad scorpion (543) attacked Griffin Whiteman(pahomlancer)  (NEWHP: 100)(37,159,1)
[04:36:06]ATTACK: Griffin Whiteman(pahomlancer) attacked giant rad scorpion (543) with 10-mm pistol(INTENT: HARM) (DAMTYPE: BRUTE) (NEWHP: 148)(36,159,1)
[04:36:07]ATTACK: Griffin Whiteman(pahomlancer) attacked giant rad scorpion (543) with 10-mm pistol(INTENT: HARM) (DAMTYPE: BRUTE) (NEWHP: 135)(36,159,1)
[04:36:08]ATTACK: giant rad scorpion (543) attacked Griffin Whiteman(pahomlancer)  (NEWHP: 81.5)(37,159,1)
[04:36:08]ATTACK: Griffin Whiteman(pahomlancer) attacked giant rad scorpion (543) with 10-mm pistol(INTENT: HARM) (DAMTYPE: BRUTE) (NEWHP: 122)(36,159,1)
[04:36:09]ATTACK: Griffin Whiteman(pahomlancer) attacked giant rad scorpion (543) with 10-mm pistol(INTENT: HARM) (DAMTYPE: BRUTE) (NEWHP: 109)(36,159,1)
[04:36:10]ATTACK: Griffin Whiteman(pahomlancer) attacked giant rad scorpion (543) with 10-mm pistol(INTENT: HARM) (DAMTYPE: BRUTE) (NEWHP: 96)(36,159,1)
[04:36:10]ATTACK: giant rad scorpion (543) attacked Griffin Whiteman(pahomlancer)  (NEWHP: 61)(37,159,1)
[04:36:11]ATTACK: Griffin Whiteman(pahomlancer) attacked giant rad scorpion (543) with 10-mm pistol(INTENT: HARM) (DAMTYPE: BRUTE) (NEWHP: 83)(36,159,1)
[04:36:11]ATTACK: Griffin Whiteman(pahomlancer) attacked giant rad scorpion (543) with 10-mm pistol(INTENT: HARM) (DAMTYPE: BRUTE) (NEWHP: 70)(36,159,1)
[04:36:12]ATTACK: giant rad scorpion (543) attacked Griffin Whiteman(pahomlancer)  (NEWHP: 43.5)(37,159,1)
[04:36:12]ATTACK: Griffin Whiteman(pahomlancer) attacked giant rad scorpion (543) with 10-mm pistol(INTENT: HARM) (DAMTYPE: BRUTE) (NEWHP: 57)(36,159,1)
[04:36:13]ATTACK: Griffin Whiteman(pahomlancer) attacked giant rad scorpion (543) with 10-mm pistol(INTENT: HARM) (DAMTYPE: BRUTE) (NEWHP: 44)(36,159,1)
[04:36:14]ATTACK: giant rad scorpion (543) attacked Griffin Whiteman(pahomlancer)  (NEWHP: 25)(37,159,1)
[04:36:16]ATTACK: giant rad scorpion (543) attacked Griffin Whiteman(pahomlancer)  (NEWHP: 4.5)(37,159,1)
[04:36:18]ATTACK: giant rad scorpion (543) attacked Griffin Whiteman(pahomlancer)  (NEWHP: 100)(37,159,1)
[04:36:20]ATTACK: Griffin Whiteman(pahomlancer) attacked giant rad scorpion (543)  (NEWHP: 41)(37,159,1)
[04:36:20]ATTACK: giant rad scorpion (543) attacked Griffin Whiteman(pahomlancer)  (NEWHP: 79.5)(38,159,1)
[04:36:22]ATTACK: giant rad scorpion (543) attacked Griffin Whiteman(pahomlancer)  (NEWHP: 60)(38,159,1)
[04:36:23]ATTACK: Griffin Whiteman(pahomlancer) attacked giant rad scorpion (543) with 10-mm pistol(INTENT: HARM) (DAMTYPE: BRUTE) (NEWHP: 28)(37,159,1)
[04:36:24]ATTACK: Griffin Whiteman(pahomlancer) attacked giant rad scorpion (543) with 10-mm pistol(INTENT: HARM) (DAMTYPE: BRUTE) (NEWHP: 15)(37,159,1)
[04:36:24]ATTACK: giant rad scorpion (543) attacked Griffin Whiteman(pahomlancer)  (NEWHP: 42.5)(38,159,1)
[04:36:25]ATTACK: Griffin Whiteman(pahomlancer) attacked giant rad scorpion (543) with 10-mm pistol(INTENT: HARM) (DAMTYPE: BRUTE) (NEWHP: 2)(37,159,1)
[04:36:26]ATTACK: Griffin Whiteman(pahomlancer) attacked giant rad scorpion (543) with 10-mm pistol(INTENT: HARM) (DAMTYPE: BRUTE) (NEWHP: 0)(37,159,1)
[04:37:04]ATTACK: Griffin Whiteman(pahomlancer) shot ghoul with the bullet (NEWHP: 60)(35,158,1)
[04:37:05]ATTACK: Griffin Whiteman(pahomlancer) shot ghoul with the bullet (NEWHP: 20)(39,158,1)
[04:37:06]ATTACK: Griffin Whiteman(pahomlancer) shot ghoul with the bullet (NEWHP: 0)(40,158,1)
[04:37:06]ATTACK: ghoul attacked Default Cyborg-921  (NEWHP: -100)(40,159,1)
[04:37:08]ATTACK: Griffin Whiteman(pahomlancer) shot ghoul with the bullet (NEWHP: 60)(39,159,1)
[04:37:09]ATTACK: Griffin Whiteman(pahomlancer) shot ghoul with the bullet (NEWHP: 20)(39,159,1)
[04:37:10]ATTACK: Griffin Whiteman(pahomlancer) shot ghoul with the bullet (NEWHP: 0)(39,159,1)
[04:37:12]ATTACK: Griffin Whiteman(pahomlancer) shot ghoul with the bullet (NEWHP: 60)(35,158,1)
[04:37:12]ATTACK: ghoul attacked rad scorpion (863)  (NEWHP: 0)(36,157,1)
[04:37:13]ATTACK: Griffin Whiteman(pahomlancer) shot ghoul with the bullet (NEWHP: 60)(35,158,1)
[04:37:13]ATTACK: Griffin Whiteman(pahomlancer) shot ghoul with the bullet (NEWHP: 20)(35,158,1)
[04:37:14]ATTACK: Griffin Whiteman(pahomlancer) shot ghoul with the bullet (NEWHP: 0)(35,158,1)
[04:40:15]ATTACK: Griffin Whiteman(pahomlancer) fed Griffin Whiteman(pahomlancer) with charcoal(50 units);  (NEWHP: 49)(99,117,1)
[04:52:19]ATTACK: Griffin Whiteman(pahomlancer) attacked Griffin Whiteman(pahomlancer) with geiger counter(INTENT: HARM) (DAMTYPE: BRUTE) (NEWHP: 43)(143,144,1)
[04:52:20]ATTACK: Griffin Whiteman(pahomlancer) attacked Griffin Whiteman(pahomlancer) with geiger counter(INTENT: HARM) (DAMTYPE: BRUTE) (NEWHP: 43)(143,143,1)
[04:53:51]ATTACK: Molerat attacked cammel  (NEWHP: 11)(20,128,1)
[04:53:53]ATTACK: Molerat attacked cammel  (NEWHP: 5)(20,128,1)
[05:01:45]ATTACK: Molerat attacked Unknown(pahomlancer)  (NEWHP: 40)(96,102,1)
[05:01:47]ATTACK: Molerat attacked Unknown(pahomlancer)  (NEWHP: 31)(96,102,1)
[05:01:49]ATTACK: Molerat attacked Unknown(pahomlancer)  (NEWHP: 26)(96,102,1)
[05:01:51]ATTACK: Molerat attacked Unknown(pahomlancer)  (NEWHP: 21)(96,102,1)
[05:01:53]ATTACK: Molerat attacked Unknown(pahomlancer)  (NEWHP: 11)(98,102,1)
[05:01:55]ATTACK: Molerat attacked Unknown(pahomlancer)  (NEWHP: 1)(98,102,1)
[05:02:55]ATTACK: Molerat attacked Unknown(pahomlancer)  (NEWHP: 100)(98,102,1)
[05:02:55]ATTACK: Unknown(pahomlancer) shot Molerat with the bullet (NEWHP: 60)(98,103,1)
[05:02:56]ATTACK: Unknown(pahomlancer) shot Molerat with the bullet (NEWHP: 20)(98,103,1)
[05:02:56]ATTACK: Unknown(pahomlancer) shot Molerat with the bullet (NEWHP: 0)(98,103,1)
[05:03:05]ATTACK: Unknown(pahomlancer) fed Unknown(pahomlancer) with styptic_powder(50 units);  (NEWHP: 91)(80,96,1)
[05:06:09]ATTACK: Unknown(pahomlancer) shot Raider with the bullet (NEWHP: 40)(173,89,1)
[05:06:38]ATTACK: Unknown(pahomlancer) shot Raider with the bullet (NEWHP: 40)(201,100,1)
[05:06:46]ATTACK: Unknown(pahomlancer) shot Raider with the bullet (NEWHP: 40)(196,98,1)
[05:07:18]ATTACK: Raider shot Unknown(pahomlancer) with the bullet (NEWHP: 100)(185,93,1)
[05:07:26]ATTACK: Unknown(pahomlancer) fed Unknown(pahomlancer) with styptic_powder(50 units);  (NEWHP: 70.25)(184,92,1)
[05:07:41]ATTACK: Raider shot Raider with the bullet (NEWHP: 30)(176,104,1)
[05:07:50]ATTACK: Raider shot Raider with the bullet (NEWHP: 65)(175,105,1)
[05:07:52]ATTACK: Unknown(pahomlancer) shot Raider with the bullet (NEWHP: 30)(174,105,1)
[05:13:08]ATTACK: Unknown(pahomlancer) shot Raider with the bullet (NEWHP: 40)(201,99,1)
[05:13:14]ATTACK: Unknown(pahomlancer) shot Raider with the bullet (NEWHP: 40)(207,99,1)
[05:13:25]ATTACK: Unknown(pahomlancer) shot Raider with the bullet (NEWHP: 40)(208,93,1)
[05:13:38]ATTACK: Unknown(pahomlancer) shot Raider with the bullet (NEWHP: 40)(225,84,1)
[05:13:42]ATTACK: Unknown(pahomlancer) shot Raider with the bullet (NEWHP: 60)(213,92,1)
[05:13:43]ATTACK: Raider attacked Unknown(pahomlancer)  (NEWHP: 100)(212,93,1)
[05:13:43]ATTACK: Unknown(pahomlancer) shot Raider with the bullet (NEWHP: 20)(213,92,1)
[05:13:45]ATTACK: NON-EXISTANT SUBJECT shot Unknown(pahomlancer) with the bullet (NEWHP: 89.5)(212,93,1)
[05:13:52]ATTACK: Unknown(pahomlancer) fed Unknown(pahomlancer) with styptic_powder(50 units);  (NEWHP: 59.75)(209,92,1)
[05:14:13]ATTACK: Unknown(pahomlancer) shot Raider with the bullet (NEWHP: 60)(225,88,1)
[05:14:14]ATTACK: Unknown(pahomlancer) shot Raider with the bullet (NEWHP: 20)(224,87,1)
[05:14:15]ATTACK: Raider shot Unknown(pahomlancer) with the bullet (NEWHP: 100)(223,82,1)
[05:14:30]ATTACK: Unknown(pahomlancer) fed Unknown(pahomlancer) with styptic_powder(50 units);  (NEWHP: 84.25)(227,82,1)
[05:15:02]ATTACK: Unknown(pahomlancer) shot Raider with the bullet (NEWHP: 40)(223,111,1)
[05:15:06]ATTACK: Unknown(pahomlancer) shot Raider with the bullet (NEWHP: 40)(219,111,1)
[05:25:32]ATTACK: Unknown(pahomlancer) climbed onto reinforced table (230,88,1)
[05:29:42]ATTACK: Raider shot Griffin Whiteman(pahomlancer) with the bullet (NEWHP: 100)(206,194,1)
[05:29:46]ATTACK: Griffin Whiteman(pahomlancer) fed Griffin Whiteman(pahomlancer) with styptic_powder(50 units);  (NEWHP: 58)(204,197,1)
[05:29:55]ATTACK: Griffin Whiteman(pahomlancer) shot Cazador with the bullet (NEWHP: 80)(204,192,1)
[05:29:55]ATTACK: Cazador attacked Griffin Whiteman(pahomlancer)  (NEWHP: 100)(202,194,1)
[05:29:55]ATTACK: Raider shot Cazador with the bullet (NEWHP: 20)(202,194,1)
[05:29:56]ATTACK: Griffin Whiteman(pahomlancer) shot Cazador with the bullet (NEWHP: 0)(202,198,1)
[05:29:58]ATTACK: Griffin Whiteman(pahomlancer) shot Raider with the bullet (NEWHP: 60)(205,196,1)
[05:29:59]ATTACK: Griffin Whiteman(pahomlancer) shot Raider with the bullet (NEWHP: 20)(205,196,1)
[05:30:03]ATTACK: Griffin Whiteman(pahomlancer) shot Raider with the bullet (NEWHP: 60)(208,193,1)
[05:30:03]ATTACK: Raider attacked Griffin Whiteman(pahomlancer)  (NEWHP: 94)(207,192,1)
[05:30:07]ATTACK: Griffin Whiteman(pahomlancer) shot Raider with the bullet (NEWHP: 20)(209,189,1)
[05:30:16]ATTACK: Griffin Whiteman(pahomlancer) shot Raider with the pellet (NEWHP: 80)(209,193,1)
[05:30:16]ATTACK: Griffin Whiteman(pahomlancer) shot Raider with the pellet (NEWHP: 60)(209,193,1)
[05:30:16]ATTACK: Griffin Whiteman(pahomlancer) shot Raider with the pellet (NEWHP: 40)(209,193,1)
[05:30:16]ATTACK: Griffin Whiteman(pahomlancer) shot Raider with the pellet (NEWHP: 20)(209,193,1)
[05:30:22]ATTACK: Griffin Whiteman(pahomlancer) shot Carolina Hoover with the pellet (NEWHP: 100)(213,199,1)
[05:30:22]ATTACK: Griffin Whiteman(pahomlancer) shot Carolina Hoover with the pellet (NEWHP: 100)(213,199,1)
[05:30:26]ATTACK: Raider shot Griffin Whiteman(pahomlancer) with the bullet (NEWHP: 100)(205,207,1)
[05:30:27]ATTACK: Griffin Whiteman(pahomlancer) shot Raider with the pellet (NEWHP: 80)(203,210,1)
[05:30:27]ATTACK: Griffin Whiteman(pahomlancer) shot Raider with the pellet (NEWHP: 60)(203,210,1)
[05:30:27]ATTACK: Griffin Whiteman(pahomlancer) shot Raider with the pellet (NEWHP: 40)(203,210,1)
[05:30:27]ATTACK: Griffin Whiteman(pahomlancer) shot Raider with the pellet (NEWHP: 20)(203,210,1)
[05:30:27]ATTACK: Griffin Whiteman(pahomlancer) shot Karen Carmichael with the pellet (NEWHP: 100)(203,210,1)
[05:30:31]ATTACK: Raider attacked Griffin Whiteman(pahomlancer)  (NEWHP: 74.25)(217,212,1)
[05:30:33]ATTACK: Griffin Whiteman(pahomlancer) shot Raider with the pellet (NEWHP: 80)(215,212,1)
[05:30:33]ATTACK: Griffin Whiteman(pahomlancer) shot Raider with the pellet (NEWHP: 60)(215,212,1)
[05:30:33]ATTACK: Griffin Whiteman(pahomlancer) shot Raider with the pellet (NEWHP: 40)(215,212,1)
[05:30:33]ATTACK: Griffin Whiteman(pahomlancer) shot Raider with the pellet (NEWHP: 20)(215,212,1)
[05:30:33]ATTACK: Griffin Whiteman(pahomlancer) shot Nena Magor with the pellet (NEWHP: 100)(215,212,1)
[05:30:37]ATTACK: Griffin Whiteman(pahomlancer) shot Raider with the pellet (NEWHP: 80)(222,211,1)
[05:30:37]ATTACK: Griffin Whiteman(pahomlancer) shot Raider with the pellet (NEWHP: 60)(222,211,1)
[05:30:37]ATTACK: Griffin Whiteman(pahomlancer) shot Raider with the pellet (NEWHP: 40)(222,211,1)
[05:30:37]ATTACK: Griffin Whiteman(pahomlancer) shot Raider with the pellet (NEWHP: 20)(222,211,1)
[05:30:37]ATTACK: Griffin Whiteman(pahomlancer) shot Edward Mens with the pellet (NEWHP: 100)(222,211,1)
[05:30:41]ATTACK: Griffin Whiteman(pahomlancer) fed Griffin Whiteman(pahomlancer) with styptic_powder(50 units);  (NEWHP: 73.75)(206,199,1)
[05:30:56]ATTACK: Raider shot Griffin Whiteman(pahomlancer) with the bullet (NEWHP: 100)(222,212,1)
[05:30:58]ATTACK: Griffin Whiteman(pahomlancer) shot Raider with the bullet (NEWHP: 60)(227,211,1)
[05:30:58]ATTACK: Raider attacked Griffin Whiteman(pahomlancer)  (NEWHP: 100)(226,212,1)
[05:30:58]ATTACK: Griffin Whiteman(pahomlancer) shot Raider with the bullet (NEWHP: 20)(228,211,1)
[05:31:02]ATTACK: Raider shot Griffin Whiteman(pahomlancer) with the bullet (NEWHP: 65.75)(230,212,1)
[05:31:13]ATTACK: Griffin Whiteman(pahomlancer) fed Griffin Whiteman(pahomlancer) with styptic_powder(50 units);  (NEWHP: 46)(229,214,1)
[05:32:08]ATTACK: Raider shot Griffin Whiteman(pahomlancer) with the bullet (NEWHP: 100)(209,212,1)
[05:32:12]ATTACK: Raider attacked Griffin Whiteman(pahomlancer)  (NEWHP: 72.25)(210,218,1)
[05:32:12]ATTACK: Griffin Whiteman(pahomlancer) shot Raider with the laser (NEWHP: 70)(211,218,1)
[05:32:13]ATTACK: Griffin Whiteman(pahomlancer) shot Raider with the laser (NEWHP: 70)(212,218,1)
[05:32:13]ATTACK: Griffin Whiteman(pahomlancer) shot Raider with the laser (NEWHP: 40)(211,218,1)
[05:32:14]ATTACK: Raider attacked Griffin Whiteman(pahomlancer)  (NEWHP: 63.75)(210,221,1)
[05:32:14]ATTACK: Raider shot Raider with the bullet (NEWHP: 5)(210,220,1)
[05:32:15]ATTACK: Griffin Whiteman(pahomlancer) shot Nolan Koepple with the laser (NEWHP: 100)(210,220,1)
[05:32:16]ATTACK: Griffin Whiteman(pahomlancer) shot Raider with the laser (NEWHP: 40)(215,218,1)
[05:32:17]ATTACK: Griffin Whiteman(pahomlancer) shot Raider with the laser (NEWHP: 10)(215,218,1)
[05:32:20]ATTACK: Raider shot Griffin Whiteman(pahomlancer) with the bullet (NEWHP: 61.25)(211,218,1)
[05:34:32]ATTACK: Raider shot Griffin Whiteman(pahomlancer) with the bullet (NEWHP: 100)(206,216,1)
[05:34:34]ATTACK: Raider shot Griffin Whiteman(pahomlancer) with the bullet (NEWHP: 66.75)(205,216,1)
[05:34:44]ATTACK: Griffin Whiteman(pahomlancer) shot Raider with the pellet (NEWHP: 80)(204,210,1)
[05:34:44]ATTACK: Griffin Whiteman(pahomlancer) shot Raider with the pellet (NEWHP: 60)(204,210,1)
[05:34:44]ATTACK: Griffin Whiteman(pahomlancer) shot Raider with the pellet (NEWHP: 40)(204,210,1)
[05:34:44]ATTACK: Griffin Whiteman(pahomlancer) shot Raider with the pellet (NEWHP: 20)(204,210,1)
[05:34:44]ATTACK: Griffin Whiteman(pahomlancer) shot Royce Skywalker with the pellet (NEWHP: 100)(204,210,1)
[05:34:51]ATTACK: Griffin Whiteman(pahomlancer) shot Raider with the pellet (NEWHP: 80)(205,221,1)
[05:34:51]ATTACK: Griffin Whiteman(pahomlancer) shot Raider with the pellet (NEWHP: 60)(205,221,1)
[05:34:51]ATTACK: Griffin Whiteman(pahomlancer) shot Raider with the pellet (NEWHP: 40)(205,221,1)
[05:34:51]ATTACK: Griffin Whiteman(pahomlancer) shot Raider with the pellet (NEWHP: 20)(205,221,1)
[05:35:09]ATTACK: Raider shot Griffin Whiteman(pahomlancer) with the bullet (NEWHP: 100)(220,212,1)
[05:35:10]ATTACK: Griffin Whiteman(pahomlancer) shot Raider with the pellet (NEWHP: 80)(216,212,1)
[05:35:10]ATTACK: Griffin Whiteman(pahomlancer) shot Raider with the pellet (NEWHP: 60)(216,212,1)
[05:35:10]ATTACK: Griffin Whiteman(pahomlancer) shot Raider with the pellet (NEWHP: 40)(216,212,1)
[05:35:10]ATTACK: Griffin Whiteman(pahomlancer) shot Raider with the pellet (NEWHP: 20)(216,212,1)
[05:35:11]ATTACK: Griffin Whiteman(pahomlancer) shot Linden Holmes with the pellet (NEWHP: 100)(216,212,1)
[05:35:17]ATTACK: Mutant attacked Molerat  (NEWHP: 100)(114,87,5)
[05:35:17]ATTACK: Molerat attacked Mutant  (NEWHP: 250)(115,87,5)
[05:35:19]ATTACK: Mutant attacked Molerat  (NEWHP: 72)(114,87,5)
[05:35:19]ATTACK: Molerat attacked Mutant  (NEWHP: 250)(115,87,5)
[05:35:21]ATTACK: Mutant attacked Molerat  (NEWHP: 41)(114,87,5)
[05:35:21]ATTACK: Molerat attacked Mutant  (NEWHP: 250)(115,87,5)
[05:35:23]ATTACK: Mutant attacked Molerat  (NEWHP: 8)(114,87,5)
[05:35:26]ATTACK: Griffin Whiteman(pahomlancer) shot Raider with the pellet (NEWHP: 80)(187,211,1)
[05:35:26]ATTACK: Griffin Whiteman(pahomlancer) shot Raider with the pellet (NEWHP: 60)(187,211,1)
[05:35:26]ATTACK: Griffin Whiteman(pahomlancer) shot Raider with the pellet (NEWHP: 40)(187,211,1)
[05:35:26]ATTACK: Griffin Whiteman(pahomlancer) shot Raider with the pellet (NEWHP: 20)(187,211,1)
[05:35:27]ATTACK: Griffin Whiteman(pahomlancer) shot Raider with the pellet (NEWHP: 80)(184,211,1)
[05:35:27]ATTACK: Griffin Whiteman(pahomlancer) shot Raider with the pellet (NEWHP: 60)(184,211,1)
[05:35:27]ATTACK: Raider shot Griffin Whiteman(pahomlancer) with the bullet (NEWHP: 66.75)(188,212,1)
[05:35:28]ATTACK: Griffin Whiteman(pahomlancer) shot Raider with the pellet (NEWHP: 40)(189,212,1)
[05:35:28]ATTACK: Griffin Whiteman(pahomlancer) shot Raider with the pellet (NEWHP: 20)(189,212,1)
[05:35:28]ATTACK: Griffin Whiteman(pahomlancer) shot Gianna Wible with the pellet (NEWHP: 100)(189,212,1)
[05:35:28]ATTACK: Griffin Whiteman(pahomlancer) shot Gianna Wible with the pellet (NEWHP: 100)(189,212,1)
[05:35:37]ATTACK: Raider attacked Griffin Whiteman(pahomlancer)  (NEWHP: 18.75)(200,212,1)
[05:35:38]ATTACK: Griffin Whiteman(pahomlancer) shot Raider with the pellet (NEWHP: 80)(203,212,1)
[05:35:38]ATTACK: Griffin Whiteman(pahomlancer) shot Raider with the pellet (NEWHP: 60)(203,212,1)
[05:35:38]ATTACK: Griffin Whiteman(pahomlancer) shot Raider with the pellet (NEWHP: 40)(203,212,1)
[05:35:38]ATTACK: Griffin Whiteman(pahomlancer) shot Raider with the pellet (NEWHP: 20)(203,212,1)
[05:36:11]ATTACK: Raider shot Griffin Whiteman(pahomlancer) with the bullet (NEWHP: 100)(192,212,1)
[05:38:03]ATTACK: Griffin Whiteman(pahomlancer) shot Raider with the bullet (NEWHP: 30)(166,177,1)
[05:38:04]ATTACK: Raider attacked Griffin Whiteman(pahomlancer)  (NEWHP: 97)(167,174,1)
[05:38:04]ATTACK: Raider attacked Griffin Whiteman(pahomlancer)  (NEWHP: 85)(167,174,1)
[05:38:08]ATTACK: Raider shot Griffin Whiteman(pahomlancer) with the bullet (NEWHP: 64)(168,179,1)
[05:38:09]ATTACK: Griffin Whiteman(pahomlancer) shot Raider with the bullet (NEWHP: 30)(168,173,1)
[05:38:20]ATTACK: Griffin Whiteman(pahomlancer) shaked Unknown  (NEWHP: 100)(168,173,1)
[05:38:25]ATTACK: Raider shot Griffin Whiteman(pahomlancer) with the bullet (NEWHP: 100)(168,174,1)
[05:38:25]ATTACK: Raider shot Griffin Whiteman(pahomlancer) with the bullet (NEWHP: 100)(168,174,1)
[05:38:30]ATTACK: Griffin Whiteman(pahomlancer) shot Raider with the bullet (NEWHP: 30)(165,176,1)
[05:38:30]ATTACK: Raider shot Griffin Whiteman(pahomlancer) with the bullet (NEWHP: 6.75)(167,180,1)
[05:38:39]ATTACK: Raider shot Griffin Whiteman(pahomlancer) with the bullet (NEWHP: 100)(165,180,1)
[05:38:42]ATTACK: Griffin Whiteman(pahomlancer) shot Breanne Aultman with the bullet (NEWHP: 100)(163,175,1)
[05:38:52]ATTACK: Griffin Whiteman(pahomlancer) fed Griffin Whiteman(pahomlancer) with styptic_powder(50 units);  (NEWHP: 40)(163,177,1)
[05:39:24]ATTACK: Griffin Whiteman(pahomlancer) attempted to inject Griffin Whiteman(pahomlancer) with the DNA injector (Cloak of Darkness) (NEWHP: 100)(163,179,1)
[05:39:24]ATTACK: Griffin Whiteman(pahomlancer) injected Griffin Whiteman(pahomlancer) with the DNA injector (Cloak of Darkness) (NEWHP: 100)(163,179,1)
[05:39:24]ATTACK: PahomLancer/(Griffin Whiteman) injected PahomLancer/(Griffin Whiteman) with the DNA injector (Cloak of Darkness)
[05:41:39]ATTACK: Molerat attacked Griffin Whiteman(pahomlancer)  (NEWHP: 100)(120,153,1)
[05:41:41]ATTACK: Molerat attacked Griffin Whiteman(pahomlancer)  (NEWHP: 97)(114,148,1)
[05:41:43]ATTACK: Molerat attacked Griffin Whiteman(pahomlancer)  (NEWHP: 88.4)(110,157,1)
[05:41:45]ATTACK: Molerat attacked Griffin Whiteman(pahomlancer)  (NEWHP: 82)(110,155,1)
[05:41:47]ATTACK: Molerat attacked Griffin Whiteman(pahomlancer)  (NEWHP: 76)(115,149,1)
[05:41:49]ATTACK: Molerat attacked Griffin Whiteman(pahomlancer)  (NEWHP: 68)(110,140,1)
[05:41:49]ATTACK: Molerat attacked Griffin Whiteman(pahomlancer)  (NEWHP: 60)(110,140,1)
[05:41:51]ATTACK: Molerat attacked Griffin Whiteman(pahomlancer)  (NEWHP: 52.2)(104,139,1)
[05:41:51]ATTACK: Molerat attacked Griffin Whiteman(pahomlancer)  (NEWHP: 44.2)(104,139,1)
[05:41:53]ATTACK: Molerat attacked Griffin Whiteman(pahomlancer)  (NEWHP: 34)(99,139,1)
[05:41:54]ATTACK: Molerat attacked Griffin Whiteman(pahomlancer)  (NEWHP: 29.8)(99,139,1)
[05:41:56]ATTACK: Molerat attacked Griffin Whiteman(pahomlancer)  (NEWHP: 23.2)(96,138,1)
[05:41:56]ATTACK: Molerat attacked Griffin Whiteman(pahomlancer)  (NEWHP: 20.2)(96,138,1)
[05:41:58]ATTACK: Molerat attacked Griffin Whiteman(pahomlancer)  (NEWHP: 12.4)(96,138,1)
[05:41:58]ATTACK: Molerat attacked Griffin Whiteman(pahomlancer)  (NEWHP: 6.39999)(96,138,1)
[05:42:04]ATTACK: Molerat attacked Griffin Whiteman(pahomlancer)  (NEWHP: 100)(96,138,1)
[05:42:04]ATTACK: Molerat attacked Griffin Whiteman(pahomlancer)  (NEWHP: 95.2)(96,138,1)
[05:42:06]ATTACK: Molerat attacked Griffin Whiteman(pahomlancer)  (NEWHP: 85)(96,138,1)
[05:42:06]ATTACK: Molerat attacked Griffin Whiteman(pahomlancer)  (NEWHP: 78.6)(96,138,1)
[05:42:06]ATTACK: Molerat attacked Griffin Whiteman(pahomlancer)  (NEWHP: 72.2)(96,138,1)
[05:42:08]ATTACK: Molerat attacked Griffin Whiteman(pahomlancer)  (NEWHP: 64.4)(96,138,1)
[05:42:08]ATTACK: Molerat attacked Griffin Whiteman(pahomlancer)  (NEWHP: 59)(96,138,1)
[05:42:08]ATTACK: Molerat attacked Griffin Whiteman(pahomlancer)  (NEWHP: 56)(96,138,1)
[05:42:10]ATTACK: Molerat attacked Griffin Whiteman(pahomlancer)  (NEWHP: 47)(96,138,1)
[05:42:10]ATTACK: Molerat attacked Griffin Whiteman(pahomlancer)  (NEWHP: 41)(96,138,1)
[05:42:10]ATTACK: Molerat attacked Griffin Whiteman(pahomlancer)  (NEWHP: 38)(96,138,1)
[05:42:12]ATTACK: Molerat attacked Griffin Whiteman(pahomlancer)  (NEWHP: 29)(96,138,1)
[05:42:12]ATTACK: Molerat attacked Griffin Whiteman(pahomlancer)  (NEWHP: 23)(96,138,1)
[05:42:12]ATTACK: Molerat attacked Griffin Whiteman(pahomlancer)  (NEWHP: 17.6)(96,138,1)
[05:42:14]ATTACK: Molerat attacked Griffin Whiteman(@pahomlancer)  (NEWHP: 8.2)(96,138,1)
[05:42:14]ATTACK: Molerat attacked Griffin Whiteman(@pahomlancer)  (NEWHP: 4.60001)(96,138,1)
[05:42:14]ATTACK: Molerat attacked Griffin Whiteman(@pahomlancer)  (NEWHP: 0.399994)(96,138,1)
[05:44:59]ATTACK: Molerat attacked Griffin Whiteman(pahomlancer)  (NEWHP: 95.5)(86,151,1)
[05:45:01]ATTACK: Molerat attacked Griffin Whiteman(pahomlancer)  (NEWHP: 84.6)(86,151,1)
[05:45:03]ATTACK: Molerat attacked Griffin Whiteman(pahomlancer)  (NEWHP: 71.7)(85,148,1)
[05:45:05]ATTACK: Molerat attacked Griffin Whiteman(pahomlancer)  (NEWHP: 62.7)(86,146,1)
[05:45:05]ATTACK: Molerat attacked Griffin Whiteman(pahomlancer)  (NEWHP: 54.7)(86,146,1)
[05:45:07]ATTACK: Molerat attacked Griffin Whiteman(pahomlancer)  (NEWHP: 43.9)(86,146,1)
[05:45:07]ATTACK: Molerat attacked Griffin Whiteman(pahomlancer)  (NEWHP: 36.7)(86,146,1)
[05:45:09]ATTACK: Molerat attacked Griffin Whiteman(pahomlancer)  (NEWHP: 25.9)(86,146,1)
[05:45:09]ATTACK: Molerat attacked Griffin Whiteman(pahomlancer)  (NEWHP: 17.9)(86,146,1)
[05:45:11]ATTACK: Molerat attacked Griffin Whiteman(pahomlancer)  (NEWHP: 4.7)(86,146,1)
[05:45:11]ATTACK: Molerat attacked Griffin Whiteman(pahomlancer)  (NEWHP: -3.3)(86,146,1)
[05:45:17]ATTACK: Molerat attacked Griffin Whiteman(pahomlancer)  (NEWHP: 100)(86,146,1)
[05:45:17]ATTACK: Molerat attacked Griffin Whiteman(pahomlancer)  (NEWHP: 92)(86,146,1)
[05:45:21]ATTACK: Molerat attacked Griffin Whiteman(pahomlancer)  (NEWHP: 78.7)(95,143,1)
[05:45:21]ATTACK: Molerat attacked Griffin Whiteman(pahomlancer)  (NEWHP: 73.3)(95,143,1)
[05:45:21]ATTACK: Molerat attacked Griffin Whiteman(pahomlancer)  (NEWHP: 67.7)(95,143,1)
[05:45:23]ATTACK: Molerat attacked Griffin Whiteman(pahomlancer)  (NEWHP: 59.9)(95,142,1)
[05:45:23]ATTACK: Molerat attacked Griffin Whiteman(pahomlancer)  (NEWHP: 55.9)(95,142,1)
[05:45:25]ATTACK: Molerat attacked Griffin Whiteman(pahomlancer)  (NEWHP: 48.7)(95,142,1)
[05:45:25]ATTACK: Molerat attacked Griffin Whiteman(pahomlancer)  (NEWHP: 42.7)(95,142,1)
[05:45:25]ATTACK: Molerat attacked Griffin Whiteman(pahomlancer)  (NEWHP: 37.9)(95,142,1)
[05:45:25]ATTACK: Molerat attacked Griffin Whiteman(pahomlancer)  (NEWHP: 30.7)(95,142,1)
[05:45:27]ATTACK: Molerat attacked Griffin Whiteman(pahomlancer)  (NEWHP: 21.7)(95,142,1)
[05:45:27]ATTACK: Molerat attacked Griffin Whiteman(pahomlancer)  (NEWHP: 18.1)(95,142,1)
[05:45:27]ATTACK: Molerat attacked Griffin Whiteman(pahomlancer)  (NEWHP: 11.7)(95,142,1)
[05:45:28]ATTACK: Molerat attacked Griffin Whiteman(pahomlancer)  (NEWHP: 8.10001)(95,142,1)
[05:45:30]ATTACK: Molerat attacked Griffin Whiteman(pahomlancer)  (NEWHP: 100)(95,142,1)
[05:45:30]ATTACK: Molerat attacked Griffin Whiteman(pahomlancer)  (NEWHP: 95.2)(95,142,1)
[05:45:30]ATTACK: Molerat attacked Griffin Whiteman(pahomlancer)  (NEWHP: 90.4)(95,142,1)
[05:45:30]ATTACK: Molerat attacked Griffin Whiteman(pahomlancer)  (NEWHP: 83.2)(95,142,1)
[05:45:32]ATTACK: Molerat attacked Griffin Whiteman(pahomlancer)  (NEWHP: 77.2)(95,142,1)
[05:45:32]ATTACK: Molerat attacked Griffin Whiteman(pahomlancer)  (NEWHP: 73)(95,142,1)
[05:45:32]ATTACK: Molerat attacked Griffin Whiteman(pahomlancer)  (NEWHP: 67.6)(95,142,1)
[05:45:32]ATTACK: Molerat attacked Griffin Whiteman(pahomlancer)  (NEWHP: 59.6)(95,142,1)
[05:45:34]ATTACK: Molerat attacked Griffin Whiteman(pahomlancer)  (NEWHP: 50.2)(97,141,1)
[05:45:35]ATTACK: Griffin Whiteman(pahomlancer) attacked Molerat with kitchen knife(INTENT: DISARM) (DAMTYPE: BRUTE) (NEWHP: 90)(96,141,1)
[05:45:36]ATTACK: Molerat attacked Griffin Whiteman(pahomlancer)  (NEWHP: 39.2)(97,141,1)
[05:45:36]ATTACK: Griffin Whiteman(pahomlancer) attacked Molerat with kitchen knife(INTENT: DISARM) (DAMTYPE: BRUTE) (NEWHP: 80)(96,141,1)
[05:45:37]ATTACK: Griffin Whiteman(pahomlancer) attacked Molerat with kitchen knife(INTENT: DISARM) (DAMTYPE: BRUTE) (NEWHP: 70)(96,141,1)
[05:45:37]ATTACK: Griffin Whiteman(pahomlancer) attacked Molerat with kitchen knife(INTENT: DISARM) (DAMTYPE: BRUTE) (NEWHP: 60)(96,141,1)
[05:45:38]ATTACK: Molerat attacked Griffin Whiteman(pahomlancer)  (NEWHP: 29.8)(97,141,1)
[05:45:38]ATTACK: Griffin Whiteman(pahomlancer) attacked Molerat with kitchen knife(INTENT: DISARM) (DAMTYPE: BRUTE) (NEWHP: 50)(96,141,1)
[05:45:40]ATTACK: Molerat attacked Griffin Whiteman(pahomlancer)  (NEWHP: 22.6)(97,141,1)
[05:45:40]ATTACK: Griffin Whiteman(pahomlancer) attacked Molerat with kitchen knife(INTENT: DISARM) (DAMTYPE: BRUTE) (NEWHP: 40)(96,141,1)
[05:45:41]ATTACK: Griffin Whiteman(pahomlancer) attacked Molerat with kitchen knife(INTENT: DISARM) (DAMTYPE: BRUTE) (NEWHP: 30)(96,141,1)
[05:45:42]ATTACK: Molerat attacked Griffin Whiteman(pahomlancer)  (NEWHP: 13.2)(97,141,1)
[05:45:42]ATTACK: Griffin Whiteman(pahomlancer) attacked Molerat with kitchen knife(INTENT: DISARM) (DAMTYPE: BRUTE) (NEWHP: 20)(96,141,1)
[05:45:43]ATTACK: Griffin Whiteman(pahomlancer) attacked Molerat with kitchen knife(INTENT: DISARM) (DAMTYPE: BRUTE) (NEWHP: 10)(96,141,1)
[05:45:44]ATTACK: Molerat attacked Griffin Whiteman(pahomlancer)  (NEWHP: 5.39999)(97,141,1)
[05:45:46]ATTACK: Molerat attacked Griffin Whiteman(pahomlancer)  (NEWHP: 100)(97,141,1)
[05:45:46]ATTACK: Griffin Whiteman(pahomlancer) disarmed Griffin Whiteman(pahomlancer)  (NEWHP: 94)(97,141,1)
[05:45:48]ATTACK: Molerat attacked Griffin Whiteman(pahomlancer)  (NEWHP: 94)(97,141,1)
[05:45:50]ATTACK: Molerat attacked Griffin Whiteman(pahomlancer)  (NEWHP: 85.6)(97,141,1)
[05:45:52]ATTACK: Molerat attacked Griffin Whiteman(pahomlancer)  (NEWHP: 78.4)(97,142,1)
[05:45:54]ATTACK: Molerat attacked Griffin Whiteman(pahomlancer)  (NEWHP: 71.4)(97,142,1)
[05:45:54]ATTACK: Griffin Whiteman(pahomlancer) attacked Molerat with kitchen knife(INTENT: DISARM) (DAMTYPE: BRUTE) (NEWHP: 0)(97,141,1)
[05:45:55]ATTACK: Griffin Whiteman(pahomlancer) attacked Molerat with kitchen knife(INTENT: DISARM) (DAMTYPE: BRUTE) (NEWHP: 0)(97,141,1)
[05:46:02]ATTACK: Griffin Whiteman(pahomlancer) attacked Molerat with kitchen knife(INTENT: DISARM) (DAMTYPE: BRUTE) (NEWHP: 90)(112,140,1)
[05:46:02]ATTACK: Molerat attacked Griffin Whiteman(pahomlancer)  (NEWHP: 99)(113,140,1)
[05:46:03]ATTACK: Griffin Whiteman(pahomlancer) attacked Molerat with kitchen knife(INTENT: DISARM) (DAMTYPE: BRUTE) (NEWHP: 80)(112,140,1)
[05:46:04]ATTACK: Molerat attacked Griffin Whiteman(pahomlancer)  (NEWHP: 93)(113,140,1)
[05:46:04]ATTACK: Molerat attacked Griffin Whiteman(pahomlancer)  (NEWHP: 87.6)(113,140,1)
[05:46:04]ATTACK: Griffin Whiteman(pahomlancer) attacked Molerat with kitchen knife(INTENT: DISARM) (DAMTYPE: BRUTE) (NEWHP: 70)(112,140,1)
[05:46:05]ATTACK: Griffin Whiteman(pahomlancer) attacked Molerat with kitchen knife(INTENT: DISARM) (DAMTYPE: BRUTE) (NEWHP: 60)(112,140,1)
[05:46:06]ATTACK: Molerat attacked Griffin Whiteman(pahomlancer)  (NEWHP: 82.8)(113,140,1)
[05:46:06]ATTACK: Molerat attacked Griffin Whiteman(pahomlancer)  (NEWHP: 76.4)(113,140,1)
[05:46:06]ATTACK: Griffin Whiteman(pahomlancer) attacked Molerat with kitchen knife(INTENT: DISARM) (DAMTYPE: BRUTE) (NEWHP: 50)(112,140,1)
[05:46:07]ATTACK: Griffin Whiteman(pahomlancer) attacked Molerat with kitchen knife(INTENT: DISARM) (DAMTYPE: BRUTE) (NEWHP: 40)(112,140,1)
[05:46:08]ATTACK: Griffin Whiteman(pahomlancer) attacked Molerat with kitchen knife(INTENT: DISARM) (DAMTYPE: BRUTE) (NEWHP: 30)(112,140,1)
[05:46:08]ATTACK: Molerat attacked Griffin Whiteman(pahomlancer)  (NEWHP: 72.4)(113,140,1)
[05:46:08]ATTACK: Molerat attacked Griffin Whiteman(pahomlancer)  (NEWHP: 68.8)(113,140,1)
[05:46:09]ATTACK: Griffin Whiteman(pahomlancer) attacked Molerat with kitchen knife(INTENT: DISARM) (DAMTYPE: BRUTE) (NEWHP: 20)(112,140,1)
[05:46:10]ATTACK: Griffin Whiteman(pahomlancer) attacked Molerat with kitchen knife(INTENT: DISARM) (DAMTYPE: BRUTE) (NEWHP: 10)(112,140,1)
[05:46:10]ATTACK: Molerat attacked Griffin Whiteman(pahomlancer)  (NEWHP: 61.8)(113,140,1)
[05:46:10]ATTACK: Molerat attacked Griffin Whiteman(pahomlancer)  (NEWHP: 57)(113,140,1)
[05:46:11]ATTACK: Griffin Whiteman(pahomlancer) attacked Molerat with kitchen knife(INTENT: DISARM) (DAMTYPE: BRUTE) (NEWHP: 0)(112,140,1)
[05:46:12]ATTACK: Griffin Whiteman(pahomlancer) attacked Molerat with kitchen knife(INTENT: DISARM) (DAMTYPE: BRUTE) (NEWHP: 90)(114,140,1)
[05:46:13]ATTACK: Molerat attacked Griffin Whiteman(pahomlancer)  (NEWHP: 52.2)(113,140,1)
[05:46:13]ATTACK: Griffin Whiteman(pahomlancer) attacked Molerat with kitchen knife(INTENT: DISARM) (DAMTYPE: BRUTE) (NEWHP: 80)(114,140,1)
[05:46:14]ATTACK: Griffin Whiteman(pahomlancer) attacked Molerat with kitchen knife(INTENT: DISARM) (DAMTYPE: BRUTE) (NEWHP: 70)(114,140,1)
[05:46:14]ATTACK: Griffin Whiteman(pahomlancer) attacked Molerat with kitchen knife(INTENT: DISARM) (DAMTYPE: BRUTE) (NEWHP: 60)(114,140,1)
[05:46:15]ATTACK: Molerat attacked Griffin Whiteman(pahomlancer)  (NEWHP: 46.2)(113,140,1)
[05:46:15]ATTACK: Griffin Whiteman(pahomlancer) attacked Molerat with kitchen knife(INTENT: DISARM) (DAMTYPE: BRUTE) (NEWHP: 50)(114,140,1)
[05:46:16]ATTACK: Griffin Whiteman(pahomlancer) attacked Molerat with kitchen knife(INTENT: DISARM) (DAMTYPE: BRUTE) (NEWHP: 40)(114,140,1)
[05:46:17]ATTACK: Molerat attacked Griffin Whiteman(pahomlancer)  (NEWHP: 40.8)(113,140,1)
[05:46:17]ATTACK: Griffin Whiteman(pahomlancer) attacked Molerat with kitchen knife(INTENT: DISARM) (DAMTYPE: BRUTE) (NEWHP: 30)(114,140,1)
[05:46:18]ATTACK: Griffin Whiteman(pahomlancer) attacked Molerat with kitchen knife(INTENT: DISARM) (DAMTYPE: BRUTE) (NEWHP: 20)(114,140,1)
[05:46:19]ATTACK: Griffin Whiteman(pahomlancer) attacked Molerat with kitchen knife(INTENT: DISARM) (DAMTYPE: BRUTE) (NEWHP: 10)(114,140,1)
[05:46:19]ATTACK: Molerat attacked Griffin Whiteman(pahomlancer)  (NEWHP: 33.4)(113,140,1)
[05:46:20]ATTACK: Griffin Whiteman(pahomlancer) attacked Molerat with kitchen knife(INTENT: DISARM) (DAMTYPE: BRUTE) (NEWHP: 0)(114,140,1)
[05:46:48]ATTACK: Griffin Whiteman(pahomlancer) attacked Molerat with kitchen knife(INTENT: DISARM) (DAMTYPE: BRUTE) (NEWHP: 90)(110,123,1)
[05:46:49]ATTACK: Molerat attacked Griffin Whiteman(pahomlancer)  (NEWHP: 100)(110,122,1)
[05:46:49]ATTACK: Griffin Whiteman(pahomlancer) attacked Molerat with kitchen knife(INTENT: DISARM) (DAMTYPE: BRUTE) (NEWHP: 80)(110,123,1)
[05:46:50]ATTACK: Griffin Whiteman(pahomlancer) attacked Molerat with kitchen knife(INTENT: DISARM) (DAMTYPE: BRUTE) (NEWHP: 70)(110,123,1)
[05:46:51]ATTACK: Griffin Whiteman(pahomlancer) attacked Molerat with kitchen knife(INTENT: DISARM) (DAMTYPE: BRUTE) (NEWHP: 60)(110,123,1)
[05:46:52]ATTACK: Griffin Whiteman(pahomlancer) attacked Molerat with kitchen knife(INTENT: DISARM) (DAMTYPE: BRUTE) (NEWHP: 50)(110,123,1)
[05:46:52]ATTACK: Molerat attacked Griffin Whiteman(pahomlancer)  (NEWHP: 94.6)(110,122,1)
[05:46:53]ATTACK: Griffin Whiteman(pahomlancer) attacked Molerat with kitchen knife(INTENT: DISARM) (DAMTYPE: BRUTE) (NEWHP: 40)(110,123,1)
[05:46:53]ATTACK: Griffin Whiteman(pahomlancer) attacked Molerat with kitchen knife(INTENT: DISARM) (DAMTYPE: BRUTE) (NEWHP: 30)(110,123,1)
[05:46:54]ATTACK: Molerat attacked Griffin Whiteman(pahomlancer)  (NEWHP: 91.8)(110,122,1)
[05:46:54]ATTACK: Griffin Whiteman(pahomlancer) attacked Molerat with kitchen knife(INTENT: DISARM) (DAMTYPE: BRUTE) (NEWHP: 20)(110,123,1)
[05:46:55]ATTACK: Griffin Whiteman(pahomlancer) attacked Molerat with kitchen knife(INTENT: DISARM) (DAMTYPE: BRUTE) (NEWHP: 10)(110,123,1)
[05:46:56]ATTACK: Molerat attacked Griffin Whiteman(pahomlancer)  (NEWHP: 89)(110,122,1)
[05:46:56]ATTACK: Griffin Whiteman(pahomlancer) attacked Molerat with kitchen knife(INTENT: DISARM) (DAMTYPE: BRUTE) (NEWHP: 0)(110,123,1)


Starting up. 06:39.49
---------------------
[06:44:41]ATTACK: Raider shot Raider with the bullet (NEWHP: 65)(176,102,1)
[06:44:43]ATTACK: Raider attacked mouse  (NEWHP: 5)(241,101,1)
[06:44:43]ATTACK: Raider attacked mouse  (NEWHP: 5)(216,110,1)
[06:44:43]ATTACK: giant rad scorpion (66) attacked Default Cyborg-942  (NEWHP: 100)(40,159,1)
[06:44:45]ATTACK: giant rad scorpion (66) attacked Default Cyborg-942  (NEWHP: 85)(40,159,1)
[06:44:47]ATTACK: rad scorpion (786) attacked Default Cyborg-942  (NEWHP: 65)(40,159,1)
[06:44:47]ATTACK: giant rad scorpion (66) attacked Default Cyborg-942  (NEWHP: 56)(40,159,1)
[06:44:49]ATTACK: rad scorpion (786) attacked Default Cyborg-942  (NEWHP: 41)(40,159,1)
[06:44:49]ATTACK: giant rad scorpion (66) attacked Default Cyborg-942  (NEWHP: 34)(40,159,1)
[06:44:51]ATTACK: rad scorpion (786) attacked Default Cyborg-942  (NEWHP: 19)(40,159,1)
[06:44:51]ATTACK: giant rad scorpion (66) attacked Default Cyborg-942  (NEWHP: 9)(40,159,1)
[06:44:53]ATTACK: rad scorpion (786) attacked Default Cyborg-942  (NEWHP: -10)(40,159,1)
[06:44:53]ATTACK: giant rad scorpion (66) attacked Default Cyborg-942  (NEWHP: -15)(40,159,1)
[06:44:55]ATTACK: rad scorpion (786) attacked Default Cyborg-942  (NEWHP: -33)(40,159,1)
[06:44:55]ATTACK: giant rad scorpion (66) attacked Default Cyborg-942  (NEWHP: -39)(40,159,1)
[06:44:57]ATTACK: rad scorpion (786) attacked Default Cyborg-942  (NEWHP: -59)(40,159,1)
[06:44:57]ATTACK: giant rad scorpion (66) attacked Default Cyborg-942  (NEWHP: -65)(40,159,1)
[06:44:59]ATTACK: rad scorpion (786) attacked Default Cyborg-942  (NEWHP: -81)(40,159,1)
[06:44:59]ATTACK: giant rad scorpion (66) attacked Default Cyborg-942  (NEWHP: -87)(40,159,1)
[06:45:06]ATTACK: cammel attacked cammel  (NEWHP: 20)(26,115,1)
[06:45:10]ATTACK: cammel attacked cammel  (NEWHP: 20)(26,115,1)
[06:45:10]ATTACK: cammel attacked cammel  (NEWHP: 19)(25,115,1)
[06:45:12]ATTACK: cammel attacked cammel  (NEWHP: 19)(26,115,1)
[06:45:12]ATTACK: cammel attacked cammel  (NEWHP: 18)(25,115,1)
[06:45:14]ATTACK: cammel attacked cammel  (NEWHP: 18)(26,115,1)
[06:45:14]ATTACK: cammel attacked cammel  (NEWHP: 17)(25,115,1)
[06:45:16]ATTACK: cammel attacked cammel  (NEWHP: 16)(26,115,1)
[06:45:16]ATTACK: cammel attacked cammel  (NEWHP: 16)(25,115,1)
[06:45:18]ATTACK: cammel attacked cammel  (NEWHP: 15)(26,115,1)
[06:45:20]ATTACK: cammel attacked cammel  (NEWHP: 13)(26,116,1)
[06:45:22]ATTACK: cammel attacked cammel  (NEWHP: 11)(26,116,1)
[06:45:22]ATTACK: cammel attacked cammel  (NEWHP: 15)(25,115,1)
[06:45:24]ATTACK: cammel attacked cammel  (NEWHP: 9)(26,116,1)
[06:45:26]ATTACK: cammel attacked cammel  (NEWHP: 13)(25,115,1)
[06:45:28]ATTACK: cammel attacked cammel  (NEWHP: 12)(25,115,1)
[06:45:30]ATTACK: cammel attacked cammel  (NEWHP: 7)(26,116,1)
[06:45:32]ATTACK: cammel attacked cammel  (NEWHP: 6)(25,116,1)
[06:45:32]ATTACK: cammel attacked cammel  (NEWHP: 10)(25,115,1)
[06:45:34]ATTACK: cammel attacked cammel  (NEWHP: 9)(25,116,1)
[06:45:36]ATTACK: cammel attacked cammel  (NEWHP: 4)(25,115,1)
[06:45:38]ATTACK: cammel attacked cammel  (NEWHP: 3)(25,115,1)
[06:45:38]ATTACK: cammel attacked cammel  (NEWHP: 8)(25,116,1)
[06:45:40]ATTACK: cammel attacked cammel  (NEWHP: 2)(25,115,1)
[06:45:46]ATTACK: cammel attacked cammel  (NEWHP: 20)(29,115,1)
[06:45:48]ATTACK: cammel attacked cammel  (NEWHP: 19)(29,115,1)
[06:45:48]ATTACK: cammel attacked cammel  (NEWHP: 6)(29,115,1)
[06:45:50]ATTACK: cammel attacked cammel  (NEWHP: 18)(28,115,1)
[06:45:50]ATTACK: cammel attacked cammel  (NEWHP: 5)(29,115,1)
[06:45:52]ATTACK: cammel attacked cammel  (NEWHP: 17)(28,115,1)
[06:45:52]ATTACK: cammel attacked cammel  (NEWHP: 4)(29,115,1)
[06:45:52]ATTACK: cammel attacked cammel  (NEWHP: 20)(156,243,1)
[06:45:54]ATTACK: cammel attacked cammel  (NEWHP: 16)(28,115,1)
[06:45:54]ATTACK: cammel attacked cammel  (NEWHP: 2)(29,115,1)
[06:45:54]ATTACK: cammel attacked cammel  (NEWHP: 19)(156,243,1)
[06:45:56]ATTACK: cammel attacked cammel  (NEWHP: 20)(156,244,1)
[06:45:56]ATTACK: cammel attacked cammel  (NEWHP: 17)(156,243,1)
[06:45:58]ATTACK: cammel attacked cammel  (NEWHP: 19)(156,244,1)
[06:45:58]ATTACK: cammel attacked cammel  (NEWHP: 16)(156,243,1)
[06:46:00]ATTACK: cammel attacked cammel  (NEWHP: 18)(156,244,1)
[06:46:00]ATTACK: cammel attacked cammel  (NEWHP: 14)(156,243,1)
[06:46:02]ATTACK: cammel attacked cammel  (NEWHP: 12)(156,244,1)
[06:46:04]ATTACK: cammel attacked cammel  (NEWHP: 16)(156,243,1)
[06:46:04]ATTACK: cammel attacked cammel  (NEWHP: 10)(156,244,1)
[06:46:06]ATTACK: cammel attacked cammel  (NEWHP: 15)(156,243,1)
[06:46:06]ATTACK: cammel attacked cammel  (NEWHP: 9)(156,244,1)
[06:46:08]ATTACK: cammel attacked cammel  (NEWHP: 14)(156,243,1)
[06:46:08]ATTACK: cammel attacked cammel  (NEWHP: 7)(156,244,1)
[06:46:10]ATTACK: cammel attacked cammel  (NEWHP: 13)(156,243,1)
[06:46:10]ATTACK: cammel attacked cammel  (NEWHP: 5)(156,244,1)
[06:46:12]ATTACK: cammel attacked cammel  (NEWHP: 12)(156,243,1)
[06:46:12]ATTACK: cammel attacked cammel  (NEWHP: 3)(156,244,1)
[06:46:14]ATTACK: cammel attacked cammel  (NEWHP: 10)(156,243,1)
[06:46:16]ATTACK: cammel attacked cammel  (NEWHP: 8)(156,243,1)
[06:46:16]ATTACK: cammel attacked cammel  (NEWHP: 2)(156,244,1)
[06:57:42]ATTACK: Mutant attacked Molerat  (NEWHP: 100)(179,9,5)
[06:57:42]ATTACK: Molerat attacked Mutant  (NEWHP: 250)(178,9,5)
[06:57:44]ATTACK: Mutant attacked Molerat  (NEWHP: 72)(179,9,5)
[06:57:44]ATTACK: Molerat attacked Mutant  (NEWHP: 250)(178,9,5)
[06:57:46]ATTACK: Mutant attacked Molerat  (NEWHP: 42)(179,9,5)
[06:57:46]ATTACK: Molerat attacked Mutant  (NEWHP: 250)(178,9,5)
[06:57:48]ATTACK: Mutant attacked Molerat  (NEWHP: 12)(179,9,5)
[07:05:56]ATTACK: Griffin Whiteman(pahomlancer) shot Cazador with the pellet (NEWHP: 100)(133,237,1)
[07:05:56]ATTACK: Griffin Whiteman(pahomlancer) shot Cazador with the pellet (NEWHP: 80)(133,237,1)
[07:05:56]ATTACK: Griffin Whiteman(pahomlancer) shot Cazador with the pellet (NEWHP: 60)(133,237,1)
[07:05:56]ATTACK: Griffin Whiteman(pahomlancer) shot Cazador with the pellet (NEWHP: 40)(133,237,1)
[07:05:56]ATTACK: Griffin Whiteman(pahomlancer) shot Cazador with the pellet (NEWHP: 20)(133,237,1)
[07:05:56]ATTACK: Griffin Whiteman(pahomlancer) shot Cazador with the pellet (NEWHP: 0)(133,237,1)
[07:05:58]ATTACK: Cazador attacked Griffin Whiteman(pahomlancer)  (NEWHP: 100)(139,234,1)
[07:05:59]ATTACK: Griffin Whiteman(pahomlancer) shot Cazador with the pellet (NEWHP: 100)(139,232,1)
[07:05:59]ATTACK: Griffin Whiteman(pahomlancer) shot Cazador with the pellet (NEWHP: 80)(139,232,1)
[07:05:59]ATTACK: Griffin Whiteman(pahomlancer) shot Cazador with the pellet (NEWHP: 60)(139,232,1)
[07:05:59]ATTACK: Griffin Whiteman(pahomlancer) shot Cazador with the pellet (NEWHP: 40)(139,232,1)
[07:05:59]ATTACK: Griffin Whiteman(pahomlancer) shot Cazador with the pellet (NEWHP: 20)(139,232,1)
[07:05:59]ATTACK: Griffin Whiteman(pahomlancer) shot Cazador with the pellet (NEWHP: 0)(139,232,1)
[07:06:07]ATTACK: Griffin Whiteman(pahomlancer) shot Cazador with the pellet (NEWHP: 100)(124,237,1)
[07:06:07]ATTACK: Griffin Whiteman(pahomlancer) shot Cazador with the pellet (NEWHP: 80)(124,237,1)
[07:06:07]ATTACK: Griffin Whiteman(pahomlancer) shot Cazador with the pellet (NEWHP: 60)(124,237,1)
[07:06:07]ATTACK: Griffin Whiteman(pahomlancer) shot Cazador with the pellet (NEWHP: 40)(124,237,1)
[07:06:07]ATTACK: Griffin Whiteman(pahomlancer) shot Cazador with the pellet (NEWHP: 20)(124,237,1)
[07:06:07]ATTACK: Griffin Whiteman(pahomlancer) shot Cazador with the pellet (NEWHP: 0)(124,237,1)
[07:08:15]ATTACK: Raider attacked Cazador  (NEWHP: 120)(173,183,1)
[07:08:15]ATTACK: Cazador attacked Raider  (NEWHP: 100)(173,182,1)
[07:08:17]ATTACK: Molerat attacked Griffin Whiteman(pahomlancer)  (NEWHP: 80)(95,84,1)
[07:08:17]ATTACK: Raider attacked Cazador  (NEWHP: 105)(172,177,1)
[07:08:17]ATTACK: Cazador attacked Raider  (NEWHP: 80)(173,176,1)
[07:08:19]ATTACK: Raider attacked Cazador  (NEWHP: 90)(175,180,1)
[07:08:19]ATTACK: Cazador attacked Raider  (NEWHP: 60)(174,181,1)
[07:08:19]ATTACK: Griffin Whiteman(pahomlancer) shot Molerat with the bullet (NEWHP: 60)(95,90,1)
[07:08:20]ATTACK: Griffin Whiteman(pahomlancer) shot Molerat with the bullet (NEWHP: 20)(95,91,1)
[07:08:21]ATTACK: Griffin Whiteman(pahomlancer) shot Molerat with the bullet (NEWHP: 0)(95,91,1)
[07:08:23]ATTACK: Raider attacked Cazador  (NEWHP: 75)(164,195,1)
[07:08:23]ATTACK: Cazador attacked Raider  (NEWHP: 40)(164,196,1)
[07:08:25]ATTACK: Raider attacked Cazador  (NEWHP: 60)(167,203,1)
[07:08:25]ATTACK: Cazador attacked Raider  (NEWHP: 20)(167,204,1)
[07:08:57]ATTACK: Griffin Whiteman(pahomlancer) fed Griffin Whiteman(pahomlancer) with styptic_powder(50 units);  (NEWHP: 70)(148,86,1)
[07:12:03]ATTACK: Cazador attacked cammel  (NEWHP: 6)(155,239,1)
[07:15:08]ATTACK: <font color='red'>Griffin Whiteman (pahomlancer) injected Griffin Whiteman (pahomlancer) with syringe, which had Charcoal (INTENT: HELP)</font>
[07:15:11]ATTACK: <font color='red'>Griffin Whiteman (pahomlancer) injected Griffin Whiteman (pahomlancer) with syringe, which had Charcoal (INTENT: HELP)</font>
[07:19:44]ATTACK: Griffin Whiteman(pahomlancer) shot Cazador with the bullet (NEWHP: 12)(154,238,1)
[07:19:45]ATTACK: Cazador attacked Griffin Whiteman(pahomlancer)  (NEWHP: 99)(154,240,1)
[07:19:45]ATTACK: Griffin Whiteman(pahomlancer) shot Cazador with the bullet (NEWHP: 0)(154,239,1)
[07:20:20]ATTACK: Raider shot Griffin Whiteman(pahomlancer) with the bullet (NEWHP: 90)(168,177,1)
[07:20:22]ATTACK: Griffin Whiteman(pahomlancer) shot Raider with the bullet (NEWHP: 67)(163,174,1)
[07:20:24]ATTACK: Raider shot Griffin Whiteman(pahomlancer) with the bullet (NEWHP: 24)(167,174,1)
[07:21:06]ATTACK: Raider shot Griffin Whiteman(pahomlancer) with the bullet (NEWHP: 88)(169,177,1)
[07:21:09]ATTACK: Griffin Whiteman(pahomlancer) shot Raider with the bullet (NEWHP: 27)(163,180,1)
[07:21:11]ATTACK: Griffin Whiteman(pahomlancer) shot Madelynn Zadovsky with the bullet (NEWHP: 100)(163,180,1)
[07:21:12]ATTACK: Griffin Whiteman(pahomlancer) shot Raider with the bullet (NEWHP: 60)(161,179,1)
[07:21:12]ATTACK: Griffin Whiteman(pahomlancer) shot Raider with the bullet (NEWHP: 20)(162,178,1)
[07:21:40]ATTACK: Molerat attacked yaogai  (NEWHP: 300)(137,159,1)
[07:21:40]ATTACK: yaogai attacked Molerat  (NEWHP: 100)(137,158,1)
[07:21:42]ATTACK: Molerat attacked yaogai  (NEWHP: 293)(137,159,1)
[07:21:42]ATTACK: yaogai attacked Molerat  (NEWHP: 69)(137,158,1)
[07:21:44]ATTACK: Molerat attacked yaogai  (NEWHP: 285)(137,159,1)
[07:21:44]ATTACK: yaogai attacked Molerat  (NEWHP: 42)(137,158,1)
[07:21:46]ATTACK: Molerat attacked yaogai  (NEWHP: 277)(137,159,1)
[07:21:46]ATTACK: yaogai attacked Molerat  (NEWHP: 13)(137,158,1)
[07:31:35]ATTACK: Griffin Whiteman(pahomlancer) attempted to inject Griffin Whiteman(pahomlancer) with the DNA injector (Cloak of Darkness) (NEWHP: 100)(165,180,1)
[07:31:35]ATTACK: Griffin Whiteman(pahomlancer) injected Griffin Whiteman(pahomlancer) with the DNA injector (Cloak of Darkness) (NEWHP: 100)(165,180,1)
[07:31:35]ATTACK: PahomLancer/(Griffin Whiteman) injected PahomLancer/(Griffin Whiteman) with the DNA injector (Cloak of Darkness)
[07:33:27]ATTACK: Molerat attacked Mutant  (NEWHP: 250)(201,103,5)
[07:33:27]ATTACK: Mutant attacked Molerat  (NEWHP: 100)(201,104,5)
[07:33:30]ATTACK: Molerat attacked Mutant  (NEWHP: 250)(201,103,5)
[07:33:30]ATTACK: Mutant attacked Molerat  (NEWHP: 69)(201,104,5)
[07:33:30]ATTACK: Molerat attacked Mutant  (NEWHP: 250)(201,103,5)
[07:33:32]ATTACK: Molerat attacked Mutant  (NEWHP: 250)(201,103,5)
[07:33:32]ATTACK: Mutant attacked Molerat  (NEWHP: 44)(201,104,5)
[07:33:32]ATTACK: Molerat attacked Mutant  (NEWHP: 250)(201,103,5)
[07:33:34]ATTACK: Molerat attacked Mutant  (NEWHP: 250)(201,103,5)
[07:33:34]ATTACK: Mutant attacked Molerat  (NEWHP: 18)(201,104,5)
[07:33:34]ATTACK: Molerat attacked Mutant  (NEWHP: 250)(201,103,5)
[07:33:36]ATTACK: Molerat attacked Mutant  (NEWHP: 250)(201,103,5)
[07:33:38]ATTACK: Mutant attacked Molerat  (NEWHP: 100)(201,102,5)
[07:33:38]ATTACK: Molerat attacked Mutant  (NEWHP: 250)(201,103,5)
[07:33:40]ATTACK: Mutant attacked Molerat  (NEWHP: 74)(201,102,5)
[07:33:40]ATTACK: Molerat attacked Mutant  (NEWHP: 250)(201,103,5)
[07:33:42]ATTACK: Mutant attacked Molerat  (NEWHP: 43)(201,102,5)
[07:33:42]ATTACK: Molerat attacked Mutant  (NEWHP: 250)(201,103,5)
[07:33:44]ATTACK: Mutant attacked Molerat  (NEWHP: 10)(201,102,5)
[07:34:02]ATTACK: <font color='red'>Griffin Whiteman (pahomlancer) injected Griffin Whiteman (pahomlancer) with syringe, which had Charcoal (INTENT: HELP)</font>
[07:34:03]ATTACK: <font color='red'>Griffin Whiteman (pahomlancer) injected Griffin Whiteman (pahomlancer) with syringe, which had Charcoal (INTENT: HELP)</font>
[07:34:04]ATTACK: <font color='red'>Griffin Whiteman (pahomlancer) injected Griffin Whiteman (pahomlancer) with syringe, which had Charcoal (INTENT: HELP)</font>
[07:34:09]ATTACK: <font color='red'>Griffin Whiteman (pahomlancer) injected Griffin Whiteman (pahomlancer) with syringe, which had Charcoal (INTENT: HELP)</font>
[07:39:20]ATTACK: Griffin Whiteman(pahomlancer) shot Raider with the pellet (NEWHP: 80)(206,203,1)
[07:39:20]ATTACK: Griffin Whiteman(pahomlancer) shot Raider with the pellet (NEWHP: 60)(206,203,1)
[07:39:20]ATTACK: Griffin Whiteman(pahomlancer) shot Raider with the pellet (NEWHP: 40)(206,203,1)
[07:39:20]ATTACK: Griffin Whiteman(pahomlancer) shot Raider with the pellet (NEWHP: 20)(206,203,1)
[07:39:20]ATTACK: Griffin Whiteman(pahomlancer) shot Kyla Watson with the pellet (NEWHP: 100)(206,203,1)
[07:39:26]ATTACK: Raider shot Griffin Whiteman(pahomlancer) with the bullet (NEWHP: 100)(211,210,1)
[07:39:27]ATTACK: Griffin Whiteman(pahomlancer) shot Raider with the pellet (NEWHP: 80)(212,214,1)
[07:39:27]ATTACK: Griffin Whiteman(pahomlancer) shot Raider with the pellet (NEWHP: 60)(212,214,1)
[07:39:27]ATTACK: Griffin Whiteman(pahomlancer) shot Raider with the pellet (NEWHP: 40)(212,214,1)
[07:39:27]ATTACK: Griffin Whiteman(pahomlancer) shot Raider with the pellet (NEWHP: 20)(212,214,1)
[07:39:27]ATTACK: Griffin Whiteman(pahomlancer) shot Kristen Begum with the pellet (NEWHP: 100)(212,214,1)
[07:39:32]ATTACK: Raider shot Griffin Whiteman(pahomlancer) with the bullet (NEWHP: 70.25)(209,206,1)
[07:39:38]ATTACK: Raider shot Griffin Whiteman(pahomlancer) with the bullet (NEWHP: 40.5)(206,203,1)
[07:39:38]ATTACK: Raider shot Griffin Whiteman(pahomlancer) with the bullet (NEWHP: 40.5)(206,203,1)
[07:39:44]ATTACK: Raider shot Griffin Whiteman(pahomlancer) with the bullet (NEWHP: 100)(206,201,1)
[07:39:45]ATTACK: Raider shot Griffin Whiteman(pahomlancer) with the bullet (NEWHP: 100)(206,201,1)
[07:39:47]ATTACK: Griffin Whiteman(pahomlancer) shot Raider with the bullet (NEWHP: 67)(209,204,1)
[07:39:51]ATTACK: Raider shot Griffin Whiteman(pahomlancer) with the bullet (NEWHP: 40.5)(206,200,1)
[07:39:51]ATTACK: Griffin Whiteman(pahomlancer) shot Raider with the bullet (NEWHP: 67)(207,205,1)
[07:40:02]ATTACK: Raider shot Griffin Whiteman(pahomlancer) with the bullet (NEWHP: 100)(205,197,1)
[07:40:04]ATTACK: Raider shot Griffin Whiteman(pahomlancer) with the bullet (NEWHP: 70.25)(206,200,1)
[07:40:05]ATTACK: Griffin Whiteman(pahomlancer) shot Raider with the bullet (NEWHP: 27)(205,204,1)
[07:40:09]ATTACK: Raider shot Griffin Whiteman(pahomlancer) with the bullet (NEWHP: 40.5)(206,211,1)
[07:40:09]ATTACK: Griffin Whiteman(pahomlancer) shot Raider with the bullet (NEWHP: 27)(211,208,1)
[07:40:28]ATTACK: Raider shot Raider with the bullet (NEWHP: 40)(207,218,1)
[07:40:34]ATTACK: Raider attacked Griffin Whiteman(pahomlancer)  (NEWHP: 100)(205,222,1)
[07:40:34]ATTACK: Raider attacked Griffin Whiteman(pahomlancer)  (NEWHP: 89.5)(205,222,1)
[07:40:36]ATTACK: Raider attacked Griffin Whiteman(pahomlancer)  (NEWHP: 79)(205,222,1)
[07:40:38]ATTACK: Raider attacked Griffin Whiteman(pahomlancer)  (NEWHP: 68.5)(203,222,1)
[07:40:39]ATTACK: Raider shot Raider with the bullet (NEWHP: 40)(203,222,1)
[07:40:40]ATTACK: Raider attacked Griffin Whiteman(pahomlancer)  (NEWHP: 58)(202,222,1)
[07:41:15]ATTACK: Molerat attacked yaogai  (NEWHP: 272)(135,155,1)
[07:41:15]ATTACK: yaogai attacked Molerat  (NEWHP: 100)(134,155,1)
[07:41:17]ATTACK: Molerat attacked yaogai  (NEWHP: 262)(135,155,1)
[07:41:17]ATTACK: yaogai attacked Molerat  (NEWHP: 66)(134,155,1)
[07:41:18]ATTACK: Unknown(pahomlancer) stripped Unknown of the supa-fly raider helmet (NEWHP: 100)(167,204,1)
[07:41:19]ATTACK: Molerat attacked yaogai  (NEWHP: 254)(135,155,1)
[07:41:19]ATTACK: yaogai attacked Molerat  (NEWHP: 35)(134,155,1)
[07:41:20]ATTACK: Unknown(pahomlancer) stripped Raider of the jackboots (NEWHP: 100)(167,204,1)
[07:41:21]ATTACK: Molerat attacked yaogai  (NEWHP: 248)(135,155,1)
[07:41:21]ATTACK: yaogai attacked Molerat  (NEWHP: 1)(134,155,1)
[07:41:44]ATTACK: Unknown(pahomlancer) stripped Raider of the supa-fly raider armor (NEWHP: 100)(167,204,1)
[07:41:49]ATTACK: Unknown(pahomlancer) stripped Raider of the merc adventurer outfit (NEWHP: 100)(167,204,1)
[07:44:49]ATTACK: Molerat attacked Mutant  (NEWHP: 250)(62,59,5)
[07:44:49]ATTACK: Mutant attacked Molerat  (NEWHP: 100)(63,58,5)
[07:44:51]ATTACK: Molerat attacked Mutant  (NEWHP: 250)(62,59,5)
[07:44:51]ATTACK: Mutant attacked Molerat  (NEWHP: 65)(63,58,5)
[07:44:53]ATTACK: Molerat attacked Mutant  (NEWHP: 250)(62,59,5)
[07:44:53]ATTACK: Mutant attacked Molerat  (NEWHP: 37)(63,58,5)
[07:44:55]ATTACK: Molerat attacked Mutant  (NEWHP: 250)(62,59,5)
[07:44:55]ATTACK: Mutant attacked Molerat  (NEWHP: 12)(63,58,5)
[07:45:48]ATTACK: Unknown(pahomlancer) shot Raider with the pellet (NEWHP: 80)(220,213,1)
[07:45:48]ATTACK: Unknown(pahomlancer) shot Raider with the pellet (NEWHP: 60)(220,213,1)
[07:45:48]ATTACK: Unknown(pahomlancer) shot Raider with the pellet (NEWHP: 40)(220,213,1)
[07:45:48]ATTACK: Unknown(pahomlancer) shot Raider with the pellet (NEWHP: 20)(220,213,1)
[07:45:48]ATTACK: Unknown(pahomlancer) shot Lola Llora with the pellet (NEWHP: 100)(220,213,1)
[07:45:49]ATTACK: Unknown(pahomlancer) shot Lola Llora with the bullet (NEWHP: 100)(220,213,1)
[07:45:51]ATTACK: Raider shot Raider with the bullet (NEWHP: 65)(229,212,1)
[07:45:51]ATTACK: Raider shot Unknown(pahomlancer) with the bullet (NEWHP: 100)(227,211,1)
[07:45:51]ATTACK: Unknown(pahomlancer) shot Raider with the pellet (NEWHP: 45)(229,213,1)
[07:45:51]ATTACK: Unknown(pahomlancer) shot Raider with the pellet (NEWHP: 25)(229,213,1)
[07:45:51]ATTACK: Unknown(pahomlancer) shot Raider with the pellet (NEWHP: 5)(229,213,1)
[07:45:52]ATTACK: Unknown(pahomlancer) shot Raider with the bullet (NEWHP: 60)(232,214,1)
[07:45:55]ATTACK: Unknown(pahomlancer) shot Raider with the bullet (NEWHP: 20)(231,213,1)
[07:46:04]ATTACK: Raider shot Unknown(pahomlancer) with the bullet (NEWHP: 58)(222,212,1)
[07:46:04]ATTACK: Raider shot Unknown(pahomlancer) with the bullet (NEWHP: 58)(222,212,1)
[07:46:12]ATTACK: Raider shot Unknown(pahomlancer) with the bullet (NEWHP: 100)(226,212,1)
[07:46:12]ATTACK: Raider shot Unknown(pahomlancer) with the bullet (NEWHP: 100)(226,212,1)
[07:46:35]ATTACK: Unknown(pahomlancer) stripped Unknown of the metal armor (NEWHP: 58)(218,216,1)
[07:46:36]ATTACK: Unknown(pahomlancer) stripped Unknown of the metal helmet (NEWHP: 58)(218,216,1)
[07:48:15]ATTACK: yaogai attacked Space Bat  (NEWHP: 15)(149,139,1)
[07:49:41]ATTACK: Raider shot Unknown(pahomlancer) with the bullet (NEWHP: 100)(228,212,1)
[07:49:41]ATTACK: Raider shot Unknown(pahomlancer) with the bullet (NEWHP: 100)(228,212,1)
[07:50:39]ATTACK: Unknown(pahomlancer) shot Raider with the laser (NEWHP: 70)(214,220,1)
[07:50:41]ATTACK: Unknown(pahomlancer) shot Raider with the laser (NEWHP: 40)(214,220,1)
[07:50:43]ATTACK: Unknown(pahomlancer) shot Raider with the laser (NEWHP: 10)(214,220,1)
[07:50:46]ATTACK: Raider attacked Unknown(pahomlancer)  (NEWHP: 100)(210,213,1)
[07:50:46]ATTACK: Unknown(pahomlancer) shot Raider with the laser (NEWHP: 70)(210,213,1)
[07:50:46]ATTACK: Unknown(pahomlancer) shot Raider with the laser (NEWHP: 40)(210,210,1)
[07:50:47]ATTACK: Unknown(pahomlancer) shot Raider with the laser (NEWHP: 10)(210,207,1)
[07:51:14]ATTACK: Unknown(pahomlancer) shot Raider with the bullet (NEWHP: 30)(206,220,1)
[07:51:24]ATTACK: Unknown(pahomlancer) shot Raider with the bullet (NEWHP: 30)(197,213,1)
[07:51:24]ATTACK: Raider shot Unknown(pahomlancer) with the bullet (NEWHP: 86.5)(198,212,1)
[07:51:26]ATTACK: Unknown(pahomlancer) shot Nelson Blackburn with the bullet (NEWHP: 100)(196,213,1)
[07:51:26]ATTACK: Unknown(pahomlancer) shot Raider with the bullet (NEWHP: 30)(197,213,1)
[07:51:26]ATTACK: Raider attacked Unknown(pahomlancer)  (NEWHP: 86.5)(198,213,1)
[07:51:28]ATTACK: Raider attacked Unknown(pahomlancer)  (NEWHP: 39.75)(201,212,1)
[07:51:30]ATTACK: Raider attacked Unknown(pahomlancer)  (NEWHP: 26.25)(205,212,1)
[07:51:43]ATTACK: Unknown(pahomlancer) shot Raider with the bullet (NEWHP: 30)(186,212,1)
[07:52:33]ATTACK: Molerat attacked cammel  (NEWHP: 15)(32,130,1)
[07:52:35]ATTACK: Molerat attacked cammel  (NEWHP: 9)(32,130,1)


Starting up. 15:42.52
---------------------
[15:46:40]ATTACK: Raider shot Raider with the bullet (NEWHP: 40)(176,102,1)
[15:46:41]ATTACK: Raider attacked mouse  (NEWHP: 5)(241,101,1)
[15:46:42]ATTACK: Raider attacked mouse  (NEWHP: 5)(216,110,1)
[15:46:42]ATTACK: giant rad scorpion (874) attacked Default Cyborg-537  (NEWHP: 100)(40,159,1)
[15:46:44]ATTACK: giant rad scorpion (874) attacked Default Cyborg-537  (NEWHP: 84)(40,159,1)
[15:46:46]ATTACK: rad scorpion (802) attacked Default Cyborg-537  (NEWHP: 66)(40,159,1)
[15:46:46]ATTACK: giant rad scorpion (874) attacked Default Cyborg-537  (NEWHP: 59)(40,159,1)
[15:46:48]ATTACK: rad scorpion (802) attacked Default Cyborg-537  (NEWHP: 41)(40,159,1)
[15:46:48]ATTACK: giant rad scorpion (874) attacked Default Cyborg-537  (NEWHP: 32)(40,159,1)
[15:46:50]ATTACK: rad scorpion (802) attacked Default Cyborg-537  (NEWHP: 15)(40,159,1)
[15:46:50]ATTACK: giant rad scorpion (874) attacked Default Cyborg-537  (NEWHP: 6)(40,159,1)
[15:46:52]ATTACK: rad scorpion (802) attacked Default Cyborg-537  (NEWHP: -11)(40,159,1)
[15:46:52]ATTACK: giant rad scorpion (874) attacked Default Cyborg-537  (NEWHP: -21)(40,159,1)
[15:46:54]ATTACK: rad scorpion (802) attacked Default Cyborg-537  (NEWHP: -38)(40,159,1)
[15:46:54]ATTACK: giant rad scorpion (874) attacked Default Cyborg-537  (NEWHP: -45)(40,159,1)
[15:46:56]ATTACK: giant rad scorpion (874) attacked Default Cyborg-537  (NEWHP: -60)(40,159,1)
[15:46:58]ATTACK: rad scorpion (802) attacked Default Cyborg-537  (NEWHP: -75)(40,159,1)
[15:46:58]ATTACK: giant rad scorpion (874) attacked Default Cyborg-537  (NEWHP: -84)(40,159,1)
[15:49:11]ATTACK: cammel attacked cammel  (NEWHP: 20)(159,251,1)
[15:49:13]ATTACK: cammel attacked cammel  (NEWHP: 18)(159,251,1)
[15:49:13]ATTACK: cammel attacked cammel  (NEWHP: 20)(159,250,1)
[15:49:15]ATTACK: cammel attacked cammel  (NEWHP: 19)(159,250,1)
[15:49:17]ATTACK: cammel attacked cammel  (NEWHP: 17)(159,251,1)
[15:49:17]ATTACK: cammel attacked cammel  (NEWHP: 17)(159,250,1)
[15:49:19]ATTACK: cammel attacked cammel  (NEWHP: 15)(159,251,1)
[15:49:19]ATTACK: cammel attacked cammel  (NEWHP: 15)(159,250,1)
[15:49:21]ATTACK: cammel attacked cammel  (NEWHP: 14)(159,251,1)
[15:49:21]ATTACK: cammel attacked cammel  (NEWHP: 13)(159,250,1)
[15:49:23]ATTACK: cammel attacked cammel  (NEWHP: 12)(159,251,1)
[15:49:23]ATTACK: cammel attacked cammel  (NEWHP: 11)(159,250,1)
[15:49:25]ATTACK: cammel attacked cammel  (NEWHP: 11)(159,251,1)
[15:49:25]ATTACK: cammel attacked cammel  (NEWHP: 10)(159,250,1)
[15:49:27]ATTACK: cammel attacked cammel  (NEWHP: 10)(159,251,1)
[15:49:27]ATTACK: cammel attacked cammel  (NEWHP: 9)(159,250,1)
[15:49:29]ATTACK: cammel attacked cammel  (NEWHP: 8)(159,251,1)
[15:49:29]ATTACK: cammel attacked cammel  (NEWHP: 8)(159,250,1)
[15:49:31]ATTACK: cammel attacked cammel  (NEWHP: 20)(27,118,1)
[15:49:31]ATTACK: cammel attacked cammel  (NEWHP: 6)(159,251,1)
[15:49:31]ATTACK: cammel attacked cammel  (NEWHP: 6)(159,250,1)
[15:49:33]ATTACK: cammel attacked cammel  (NEWHP: 19)(27,118,1)
[15:49:33]ATTACK: cammel attacked cammel  (NEWHP: 4)(159,251,1)
[15:49:33]ATTACK: cammel attacked cammel  (NEWHP: 5)(159,250,1)
[15:49:35]ATTACK: cammel attacked cammel  (NEWHP: 17)(27,118,1)
[15:49:35]ATTACK: cammel attacked cammel  (NEWHP: 2)(159,251,1)
[15:49:37]ATTACK: cammel attacked cammel  (NEWHP: 20)(19,110,1)
[15:49:37]ATTACK: cammel attacked cammel  (NEWHP: 16)(20,111,1)
[15:49:39]ATTACK: cammel attacked cammel  (NEWHP: 19)(19,110,1)
[15:49:39]ATTACK: cammel attacked cammel  (NEWHP: 15)(20,111,1)
[15:49:41]ATTACK: cammel attacked cammel  (NEWHP: 14)(20,111,1)
[15:49:41]ATTACK: cammel attacked cammel  (NEWHP: 17)(19,110,1)
[15:49:41]ATTACK: cammel attacked cammel  (NEWHP: 12)(20,111,1)
[15:49:43]ATTACK: cammel attacked cammel  (NEWHP: 10)(20,111,1)
[15:49:43]ATTACK: cammel attacked cammel  (NEWHP: 16)(19,110,1)
[15:49:43]ATTACK: cammel attacked cammel  (NEWHP: 9)(20,111,1)
[15:49:45]ATTACK: cammel attacked cammel  (NEWHP: 14)(19,110,1)
[15:49:45]ATTACK: cammel attacked cammel  (NEWHP: 8)(20,111,1)
[15:49:47]ATTACK: cammel attacked cammel  (NEWHP: 6)(20,111,1)
[15:49:47]ATTACK: cammel attacked cammel  (NEWHP: 13)(19,110,1)
[15:49:47]ATTACK: cammel attacked cammel  (NEWHP: 5)(20,111,1)
[15:49:49]ATTACK: cammel attacked cammel  (NEWHP: 3)(20,111,1)
[15:49:49]ATTACK: cammel attacked cammel  (NEWHP: 12)(19,110,1)
[15:49:49]ATTACK: cammel attacked cammel  (NEWHP: 1)(20,111,1)
[15:50:02]ATTACK: cammel attacked cammel  (NEWHP: 10)(19,111,1)
[15:50:04]ATTACK: cammel attacked cammel  (NEWHP: 9)(20,111,1)
[15:50:06]ATTACK: cammel attacked cammel  (NEWHP: 20)(19,111,1)
[15:50:06]ATTACK: cammel attacked cammel  (NEWHP: 8)(20,111,1)
[15:50:08]ATTACK: cammel attacked cammel  (NEWHP: 18)(19,111,1)
[15:50:08]ATTACK: cammel attacked cammel  (NEWHP: 7)(20,111,1)
[15:50:10]ATTACK: cammel attacked cammel  (NEWHP: 16)(19,111,1)
[15:50:10]ATTACK: cammel attacked cammel  (NEWHP: 6)(20,111,1)
[15:50:12]ATTACK: cammel attacked cammel  (NEWHP: 14)(19,111,1)
[15:50:12]ATTACK: cammel attacked cammel  (NEWHP: 4)(20,111,1)
[15:50:14]ATTACK: cammel attacked cammel  (NEWHP: 12)(19,111,1)
[15:50:14]ATTACK: cammel attacked cammel  (NEWHP: 3)(20,111,1)
[15:50:16]ATTACK: cammel attacked cammel  (NEWHP: 11)(19,111,1)
[15:50:18]ATTACK: cammel attacked cammel  (NEWHP: 9)(19,111,1)
[15:50:18]ATTACK: cammel attacked cammel  (NEWHP: 2)(20,111,1)
[15:50:20]ATTACK: cammel attacked cammel  (NEWHP: 7)(19,111,1)
[15:50:20]ATTACK: cammel attacked cammel  (NEWHP: 1)(20,111,1)
[15:53:22]ATTACK: Molerat attacked Griffin Whiteman(pahomlancer)  (NEWHP: 99)(135,151,1)
[15:53:25]ATTACK: Molerat attacked Griffin Whiteman(pahomlancer)  (NEWHP: 88)(132,152,1)
[15:53:26]ATTACK: Molerat attacked Griffin Whiteman(pahomlancer)  (NEWHP: 80)(128,155,1)
[15:53:29]ATTACK: Molerat attacked Griffin Whiteman(pahomlancer)  (NEWHP: 70)(123,152,1)
[15:53:29]ATTACK: Molerat attacked Griffin Whiteman(pahomlancer)  (NEWHP: 61)(123,152,1)
[15:53:31]ATTACK: Molerat attacked Griffin Whiteman(pahomlancer)  (NEWHP: 51)(121,151,1)
[15:53:31]ATTACK: Molerat attacked Griffin Whiteman(pahomlancer)  (NEWHP: 41)(121,151,1)
[15:53:31]ATTACK: Molerat attacked Griffin Whiteman(pahomlancer)  (NEWHP: 31)(121,151,1)
[15:53:31]ATTACK: Molerat attacked Griffin Whiteman(pahomlancer)  (NEWHP: 24)(121,151,1)
[15:53:33]ATTACK: Molerat attacked Griffin Whiteman(pahomlancer)  (NEWHP: 13)(120,150,1)
[15:53:33]ATTACK: Molerat attacked Griffin Whiteman(pahomlancer)  (NEWHP: 6)(120,150,1)
[15:53:33]ATTACK: Molerat attacked Griffin Whiteman(pahomlancer)  (NEWHP: -2)(120,150,1)
[15:53:33]ATTACK: Molerat attacked Griffin Whiteman(pahomlancer)  (NEWHP: -8)(120,150,1)
[15:57:22]ATTACK: Raider shot Raider with the bullet (NEWHP: 40)(204,87,1)
[16:00:29]ATTACK: Griffin Whiteman(pahomlancer) shot Cazador with the bullet (NEWHP: 87)(130,238,1)
[16:00:29]ATTACK: Griffin Whiteman(pahomlancer) shot Cazador with the bullet (NEWHP: 87)(133,238,1)
[16:00:31]ATTACK: Griffin Whiteman(pahomlancer) shot Cazador with the bullet (NEWHP: 54)(139,238,1)
[16:00:35]ATTACK: Griffin Whiteman(pahomlancer) shot Cazador with the bullet (NEWHP: 54)(155,241,1)
[16:00:36]ATTACK: Griffin Whiteman(pahomlancer) shot Cazador with the bullet (NEWHP: 21)(158,241,1)
[16:00:37]ATTACK: Griffin Whiteman(pahomlancer) shot Cazador with the bullet (NEWHP: 0)(161,241,1)
[16:00:57]ATTACK: Raider shot Raider with the bullet (NEWHP: 65)(206,199,1)
[16:01:03]ATTACK: Raider shot Raider with the bullet (NEWHP: 30)(206,199,1)
[16:01:40]ATTACK: Raider shot Griffin Whiteman(pahomlancer) with the bullet (NEWHP: 46)(206,196,1)
[16:02:27]ATTACK: Griffin Whiteman(pahomlancer) stripped Unknown of the metal armor (NEWHP: 100)(205,196,1)
[16:02:27]ATTACK: Griffin Whiteman(pahomlancer) stripped Unknown of the metal helmet (NEWHP: 100)(205,196,1)
[16:02:41]ATTACK: Raider shot Unknown(pahomlancer) with the bullet (NEWHP: 100)(206,197,1)
[16:02:45]ATTACK: Raider shot Unknown(pahomlancer) with the bullet (NEWHP: 75.5)(206,205,1)
[16:02:46]ATTACK: Unknown(pahomlancer) attacked Raider with kitchen knife(INTENT: HELP) (DAMTYPE: BRUTE) (NEWHP: 90)(206,209,1)
[16:02:46]ATTACK: Raider attacked Unknown(pahomlancer)  (NEWHP: 75.5)(206,208,1)
[16:02:46]ATTACK: Raider shot Unknown(pahomlancer) with the bullet (NEWHP: 45)(206,208,1)
[16:02:49]ATTACK: Raider shot Unknown(pahomlancer) with the bullet (NEWHP: -3)(204,209,1)
[16:03:16]ATTACK: Raider shot Unknown(pahomlancer) with the bullet (NEWHP: 100)(205,222,1)
[16:03:16]ATTACK: Raider shot Unknown(pahomlancer) with the bullet (NEWHP: 100)(205,222,1)
[16:03:18]ATTACK: Raider attacked Unknown(pahomlancer)  (NEWHP: 100)(205,222,1)
[16:03:20]ATTACK: Raider attacked Griffin Whiteman(pahomlancer)  (NEWHP: 45)(205,222,1)
[16:03:22]ATTACK: Raider attacked Griffin Whiteman(pahomlancer)  (NEWHP: 39)(205,222,1)
[16:03:23]ATTACK: Raider shot Unknown(pahomlancer) with the bullet (NEWHP: 24)(205,222,1)
[16:03:23]ATTACK: Raider shot Unknown(pahomlancer) with the bullet (NEWHP: 24)(205,222,1)
[16:03:24]ATTACK: Raider attacked Unknown(pahomlancer)  (NEWHP: 24)(206,221,1)
[16:03:24]ATTACK: Raider shot Raider with the bullet (NEWHP: 55)(203,215,1)
[16:03:29]ATTACK: Raider attacked Unknown(pahomlancer)  (NEWHP: 100)(206,221,1)
[16:03:29]ATTACK: Raider shot Raider with the bullet (NEWHP: 65)(206,221,1)
[16:03:29]ATTACK: Raider shot Raider with the bullet (NEWHP: 30)(206,221,1)
[16:03:31]ATTACK: Raider attacked Unknown(pahomlancer)  (NEWHP: 94)(207,216,1)
[16:03:31]ATTACK: Raider shot Unknown(pahomlancer) with the bullet (NEWHP: 83.5)(207,216,1)
[16:03:31]ATTACK: Raider shot Raider with the bullet (NEWHP: 65)(205,215,1)
[16:03:33]ATTACK: Raider shot Unknown(pahomlancer) with the bullet (NEWHP: 53.5)(211,218,1)
[16:03:35]ATTACK: Raider attacked Unknown(pahomlancer)  (NEWHP: 100)(213,220,1)
[16:03:37]ATTACK: Raider attacked Unknown(pahomlancer)  (NEWHP: 85)(214,222,1)
[16:03:37]ATTACK: Raider shot Raider with the bullet (NEWHP: 65)(213,221,1)
[16:03:39]ATTACK: Raider attacked Unknown(pahomlancer)  (NEWHP: 70)(214,222,1)
[16:03:39]ATTACK: Raider shot Unknown(pahomlancer) with the bullet (NEWHP: 64)(214,222,1)
[16:03:41]ATTACK: Raider attacked Unknown(pahomlancer)  (NEWHP: 64)(210,221,1)
[16:03:43]ATTACK: Raider attacked Unknown(pahomlancer)  (NEWHP: 100)(210,221,1)
[16:03:43]ATTACK: Raider shot Raider with the bullet (NEWHP: 30)(211,221,1)
[16:03:45]ATTACK: Raider attacked Unknown(pahomlancer)  (NEWHP: 85)(210,221,1)
[16:03:47]ATTACK: Raider shot Raider with the bullet (NEWHP: 30)(202,213,1)
[16:04:12]ATTACK: Unknown(pahomlancer) shot Cazador with the bullet (NEWHP: 50)(165,194,1)
[16:04:13]ATTACK: Cazador attacked Unknown(pahomlancer)  (NEWHP: 99)(165,198,1)
[16:04:13]ATTACK: Unknown(pahomlancer) shot Cazador with the bullet (NEWHP: 0)(165,197,1)
[16:04:27]ATTACK: Raider shot Unknown(pahomlancer) with the bullet (NEWHP: 70)(169,177,1)
[16:04:31]ATTACK: Unknown(pahomlancer) shot Raider with the bullet (NEWHP: 30)(163,174,1)
[16:04:32]ATTACK: Raider shot Unknown(pahomlancer) with the bullet (NEWHP: 9)(167,175,1)
[16:04:32]ATTACK: Raider shot Unknown(pahomlancer) with the bullet (NEWHP: 9)(167,175,1)
[16:04:34]ATTACK: Raider shot Unknown(pahomlancer) with the bullet (NEWHP: -114)(165,175,1)
[16:04:46]ATTACK: Raider shot Unknown(pahomlancer) with the bullet (NEWHP: 100)(162,176,1)
[16:04:51]ATTACK: Unknown(pahomlancer) hit Raider with the sniper rifle (NEWHP: 95)(165,178,1)
[16:04:52]ATTACK: Raider shot Unknown(pahomlancer) with the bullet (NEWHP: 70)(165,176,1)
[16:04:52]ATTACK: Raider shot Unknown(pahomlancer) with the bullet (NEWHP: 70)(165,176,1)
[16:05:00]ATTACK: Raider shot Unknown(pahomlancer) with the bullet (NEWHP: 100)(165,178,1)
[16:05:06]ATTACK: Raider shot Unknown(pahomlancer) with the bullet (NEWHP: 40)(165,180,1)
[16:05:12]ATTACK: Raider shot Unknown(pahomlancer) with the bullet (NEWHP: 10)(164,180,1)


Starting up. 17:10.50
---------------------
[17:13:42]ATTACK: Raider shot Raider with the bullet (NEWHP: 40)(176,102,1)
[17:13:44]ATTACK: Raider attacked mouse  (NEWHP: 5)(241,101,1)
[17:13:44]ATTACK: Raider attacked mouse  (NEWHP: 5)(216,110,1)
[17:13:44]ATTACK: giant rad scorpion (796) attacked Default Cyborg-943  (NEWHP: 100)(40,159,1)
[17:13:46]ATTACK: giant rad scorpion (796) attacked Default Cyborg-943  (NEWHP: 81)(40,159,1)
[17:13:48]ATTACK: giant rad scorpion (796) attacked Default Cyborg-943  (NEWHP: 62)(40,159,1)
[17:13:50]ATTACK: giant rad scorpion (796) attacked Default Cyborg-943  (NEWHP: 46)(40,159,1)
[17:13:52]ATTACK: giant rad scorpion (796) attacked Default Cyborg-943  (NEWHP: 30)(40,159,1)
[17:13:54]ATTACK: cammel attacked cammel  (NEWHP: 20)(24,116,1)
[17:13:54]ATTACK: giant rad scorpion (796) attacked Default Cyborg-943  (NEWHP: 10)(40,159,1)
[17:13:56]ATTACK: cammel attacked cammel  (NEWHP: 18)(24,116,1)
[17:13:56]ATTACK: giant rad scorpion (796) attacked Default Cyborg-943  (NEWHP: -9)(40,159,1)
[17:13:58]ATTACK: cammel attacked cammel  (NEWHP: 17)(25,116,1)
[17:13:58]ATTACK: giant rad scorpion (796) attacked Default Cyborg-943  (NEWHP: -27)(40,159,1)
[17:14:00]ATTACK: cammel attacked cammel  (NEWHP: 15)(25,116,1)
[17:14:00]ATTACK: giant rad scorpion (796) attacked Default Cyborg-943  (NEWHP: -47)(40,159,1)
[17:14:03]ATTACK: cammel attacked cammel  (NEWHP: 20)(26,116,1)
[17:14:03]ATTACK: cammel attacked cammel  (NEWHP: 13)(27,116,1)
[17:14:03]ATTACK: giant rad scorpion (796) attacked Default Cyborg-943  (NEWHP: -64)(40,159,1)
[17:14:05]ATTACK: cammel attacked cammel  (NEWHP: 18)(26,116,1)
[17:14:05]ATTACK: cammel attacked cammel  (NEWHP: 12)(27,116,1)
[17:14:05]ATTACK: giant rad scorpion (796) attacked Default Cyborg-943  (NEWHP: -81)(40,159,1)
[17:14:07]ATTACK: cammel attacked cammel  (NEWHP: 11)(27,116,1)
[17:14:09]ATTACK: cammel attacked cammel  (NEWHP: 9)(27,116,1)
[17:14:11]ATTACK: cammel attacked cammel  (NEWHP: 16)(26,116,1)
[17:14:11]ATTACK: cammel attacked cammel  (NEWHP: 8)(27,116,1)
[17:14:13]ATTACK: cammel attacked cammel  (NEWHP: 20)(28,115,1)
[17:14:13]ATTACK: cammel attacked cammel  (NEWHP: 7)(27,116,1)
[17:14:15]ATTACK: cammel attacked cammel  (NEWHP: 19)(28,115,1)
[17:14:15]ATTACK: cammel attacked cammel  (NEWHP: 6)(27,116,1)
[17:14:17]ATTACK: cammel attacked cammel  (NEWHP: 18)(27,115,1)
[17:14:17]ATTACK: cammel attacked cammel  (NEWHP: 4)(27,116,1)
[17:14:17]ATTACK: cammel attacked cammel  (NEWHP: 14)(26,116,1)
[17:14:19]ATTACK: cammel attacked cammel  (NEWHP: 17)(27,115,1)
[17:14:19]ATTACK: cammel attacked cammel  (NEWHP: 3)(27,116,1)
[17:14:19]ATTACK: cammel attacked cammel  (NEWHP: 13)(26,116,1)
[17:14:21]ATTACK: cammel attacked cammel  (NEWHP: 15)(27,115,1)
[17:14:21]ATTACK: cammel attacked cammel  (NEWHP: 1)(27,116,1)
[17:14:21]ATTACK: cammel attacked cammel  (NEWHP: 11)(26,116,1)
[17:14:21]ATTACK: cammel attacked cammel  (NEWHP: 20)(158,242,1)
[17:14:23]ATTACK: cammel attacked cammel  (NEWHP: 9)(26,116,1)
[17:14:23]ATTACK: cammel attacked cammel  (NEWHP: 18)(158,242,1)
[17:14:25]ATTACK: cammel attacked cammel  (NEWHP: 13)(27,115,1)
[17:14:25]ATTACK: cammel attacked cammel  (NEWHP: 20)(158,243,1)
[17:14:27]ATTACK: cammel attacked cammel  (NEWHP: 19)(157,243,1)
[17:14:27]ATTACK: cammel attacked cammel  (NEWHP: 17)(158,242,1)
[17:14:29]ATTACK: cammel attacked cammel  (NEWHP: 18)(157,243,1)
[17:14:31]ATTACK: cammel attacked cammel  (NEWHP: 7)(25,116,1)
[17:14:31]ATTACK: cammel attacked cammel  (NEWHP: 16)(157,243,1)
[17:14:31]ATTACK: cammel attacked cammel  (NEWHP: 16)(158,242,1)
[17:14:33]ATTACK: cammel attacked cammel  (NEWHP: 5)(25,116,1)
[17:14:33]ATTACK: cammel attacked cammel  (NEWHP: 14)(158,242,1)
[17:14:35]ATTACK: cammel attacked cammel  (NEWHP: 12)(26,116,1)
[17:14:35]ATTACK: cammel attacked cammel  (NEWHP: 3)(25,116,1)
[17:14:37]ATTACK: cammel attacked cammel  (NEWHP: 11)(26,116,1)
[17:14:37]ATTACK: cammel attacked cammel  (NEWHP: 2)(25,116,1)
[17:14:37]ATTACK: cammel attacked cammel  (NEWHP: 14)(158,242,1)
[17:14:37]ATTACK: cammel attacked cammel  (NEWHP: 12)(159,242,1)
[17:14:39]ATTACK: cammel attacked cammel  (NEWHP: 10)(26,116,1)
[17:14:39]ATTACK: cammel attacked cammel  (NEWHP: 1)(25,116,1)
[17:14:39]ATTACK: cammel attacked cammel  (NEWHP: 12)(158,242,1)
[17:14:39]ATTACK: cammel attacked cammel  (NEWHP: 10)(159,242,1)
[17:14:41]ATTACK: cammel attacked cammel  (NEWHP: 10)(158,242,1)
[17:14:41]ATTACK: cammel attacked cammel  (NEWHP: 8)(159,242,1)
[17:14:43]ATTACK: cammel attacked cammel  (NEWHP: 9)(158,242,1)
[17:14:43]ATTACK: cammel attacked cammel  (NEWHP: 7)(159,242,1)
[17:14:45]ATTACK: cammel attacked cammel  (NEWHP: 8)(158,242,1)
[17:14:47]ATTACK: cammel attacked cammel  (NEWHP: 7)(158,242,1)
[17:14:49]ATTACK: cammel attacked cammel  (NEWHP: 6)(157,242,1)
[17:14:49]ATTACK: cammel attacked cammel  (NEWHP: 5)(158,242,1)
[17:14:51]ATTACK: cammel attacked cammel  (NEWHP: 5)(157,242,1)
[17:14:51]ATTACK: cammel attacked cammel  (NEWHP: 3)(158,242,1)
[17:14:53]ATTACK: cammel attacked cammel  (NEWHP: 3)(157,242,1)
[17:14:53]ATTACK: cammel attacked cammel  (NEWHP: 2)(158,242,1)
[17:19:39]ATTACK: Griffin Whiteman(pahomlancer) climbed onto table (129,141,5)
[17:21:32]ATTACK: Raider attacked mouse  (NEWHP: 5)(227,87,1)
