

Starting up. 05:59.53
---------------------


Starting up. 06:28.58
---------------------


Starting up. 06:46.36
---------------------
[06:49:34]ATTACK: Raider shot Raider with the bullet (NEWHP: 40)(176,102,1)
[06:49:36]ATTACK: Raider attacked mouse  (NEWHP: 5)(241,101,1)
[06:49:36]ATTACK: Raider attacked mouse  (NEWHP: 5)(216,110,1)
[06:49:36]ATTACK: cammel attacked cammel  (NEWHP: 20)(25,116,1)
[06:49:36]ATTACK: giant rad scorpion (303) attacked Default Cyborg-679  (NEWHP: 100)(40,159,1)
[06:49:38]ATTACK: cammel attacked cammel  (NEWHP: 18)(25,116,1)
[06:49:38]ATTACK: giant rad scorpion (303) attacked Default Cyborg-679  (NEWHP: 84)(40,159,1)
[06:49:40]ATTACK: giant rad scorpion (303) attacked Default Cyborg-679  (NEWHP: 66)(40,159,1)
[06:49:43]ATTACK: cammel attacked cammel  (NEWHP: 20)(26,116,1)
[06:49:43]ATTACK: cammel attacked cammel  (NEWHP: 16)(25,116,1)
[06:49:43]ATTACK: giant rad scorpion (303) attacked Default Cyborg-679  (NEWHP: 46)(40,159,1)
[06:49:45]ATTACK: cammel attacked cammel  (NEWHP: 18)(26,116,1)
[06:49:45]ATTACK: cammel attacked cammel  (NEWHP: 15)(25,116,1)
[06:49:45]ATTACK: giant rad scorpion (303) attacked Default Cyborg-679  (NEWHP: 27)(40,159,1)
[06:49:46]ATTACK: cammel attacked cammel  (NEWHP: 16)(26,116,1)
[06:49:46]ATTACK: cammel attacked cammel  (NEWHP: 14)(25,116,1)
[06:49:46]ATTACK: giant rad scorpion (303) attacked Default Cyborg-679  (NEWHP: 11)(40,159,1)
[06:49:49]ATTACK: cammel attacked cammel  (NEWHP: 15)(26,116,1)
[06:49:49]ATTACK: cammel attacked cammel  (NEWHP: 13)(25,116,1)
[06:49:49]ATTACK: giant rad scorpion (303) attacked Default Cyborg-679  (NEWHP: -5)(40,159,1)
[06:49:51]ATTACK: cammel attacked cammel  (NEWHP: 13)(26,116,1)
[06:49:51]ATTACK: cammel attacked cammel  (NEWHP: 11)(25,116,1)
[06:49:51]ATTACK: giant rad scorpion (303) attacked Default Cyborg-679  (NEWHP: -23)(40,159,1)
[06:49:53]ATTACK: cammel attacked cammel  (NEWHP: 11)(26,116,1)
[06:49:53]ATTACK: giant rad scorpion (303) attacked Default Cyborg-679  (NEWHP: -41)(40,159,1)
[06:49:55]ATTACK: cammel attacked cammel  (NEWHP: 9)(26,116,1)
[06:49:55]ATTACK: cammel attacked cammel  (NEWHP: 10)(25,116,1)
[06:49:55]ATTACK: giant rad scorpion (303) attacked Default Cyborg-679  (NEWHP: -60)(40,159,1)
[06:49:57]ATTACK: cammel attacked cammel  (NEWHP: 8)(26,116,1)
[06:49:57]ATTACK: cammel attacked cammel  (NEWHP: 8)(25,116,1)
[06:49:57]ATTACK: giant rad scorpion (303) attacked Default Cyborg-679  (NEWHP: -77)(40,159,1)
[06:49:59]ATTACK: cammel attacked cammel  (NEWHP: 7)(26,116,1)
[06:49:59]ATTACK: cammel attacked cammel  (NEWHP: 7)(25,116,1)
[06:49:59]ATTACK: giant rad scorpion (303) attacked Default Cyborg-679  (NEWHP: -96)(40,159,1)
[06:50:01]ATTACK: cammel attacked cammel  (NEWHP: 6)(26,116,1)
[06:50:01]ATTACK: cammel attacked cammel  (NEWHP: 6)(25,116,1)
[06:50:03]ATTACK: cammel attacked cammel  (NEWHP: 4)(26,116,1)
[06:50:03]ATTACK: cammel attacked cammel  (NEWHP: 4)(25,116,1)
[06:50:05]ATTACK: cammel attacked cammel  (NEWHP: 2)(26,116,1)
[06:50:09]ATTACK: cammel attacked cammel  (NEWHP: 20)(160,246,1)
[06:50:11]ATTACK: cammel attacked cammel  (NEWHP: 20)(30,118,1)
[06:50:11]ATTACK: cammel attacked cammel  (NEWHP: 19)(160,246,1)
[06:50:13]ATTACK: cammel attacked cammel  (NEWHP: 18)(29,118,1)
[06:50:13]ATTACK: cammel attacked cammel  (NEWHP: 2)(30,118,1)
[06:50:13]ATTACK: cammel attacked cammel  (NEWHP: 17)(160,247,1)
[06:50:13]ATTACK: cammel attacked cammel  (NEWHP: 20)(159,246,1)
[06:50:15]ATTACK: cammel attacked cammel  (NEWHP: 17)(29,118,1)
[06:50:15]ATTACK: cammel attacked cammel  (NEWHP: 1)(30,118,1)
[06:50:15]ATTACK: cammel attacked cammel  (NEWHP: 15)(160,247,1)
[06:50:15]ATTACK: cammel attacked cammel  (NEWHP: 18)(159,246,1)
[06:50:17]ATTACK: cammel attacked cammel  (NEWHP: 14)(160,247,1)
[06:50:17]ATTACK: cammel attacked cammel  (NEWHP: 16)(159,246,1)
[06:50:19]ATTACK: cammel attacked cammel  (NEWHP: 13)(160,247,1)
[06:50:19]ATTACK: cammel attacked cammel  (NEWHP: 15)(159,246,1)
[06:50:21]ATTACK: cammel attacked cammel  (NEWHP: 14)(159,246,1)
[06:50:23]ATTACK: cammel attacked cammel  (NEWHP: 12)(160,247,1)
[06:50:23]ATTACK: cammel attacked cammel  (NEWHP: 12)(160,246,1)
[06:50:25]ATTACK: cammel attacked cammel  (NEWHP: 10)(160,247,1)
[06:50:25]ATTACK: cammel attacked cammel  (NEWHP: 10)(160,246,1)
[06:50:27]ATTACK: cammel attacked cammel  (NEWHP: 9)(160,247,1)
[06:50:27]ATTACK: cammel attacked cammel  (NEWHP: 9)(160,246,1)
[06:50:29]ATTACK: cammel attacked cammel  (NEWHP: 8)(160,247,1)
[06:50:29]ATTACK: cammel attacked cammel  (NEWHP: 8)(160,246,1)
[06:50:31]ATTACK: cammel attacked cammel  (NEWHP: 7)(160,247,1)
[06:50:33]ATTACK: cammel attacked cammel  (NEWHP: 5)(160,247,1)
[06:50:33]ATTACK: cammel attacked cammel  (NEWHP: 7)(160,246,1)
[06:50:35]ATTACK: cammel attacked cammel  (NEWHP: 3)(160,247,1)
[06:50:37]ATTACK: cammel attacked cammel  (NEWHP: 2)(160,247,1)
