

Starting up. 05:59.53
---------------------
Adding game mode abduction (abduction) to configuration.
Adding game mode blob (blob) to configuration.
Adding game mode changeling (changeling) to configuration.
Adding game mode traitor+changeling (traitorchan) to configuration.
Adding game mode double agents (double_agents) to configuration.
Adding game mode traitor (traitor) to configuration.
Adding game mode cult (cult) to configuration.
Adding game mode extended (extended) to configuration.
Adding game mode gang war (gang) to configuration.
Adding game mode hand of god (handofgod) to configuration.
Adding game mode AI malfunction (malfunction) to configuration.
Adding game mode meteor (meteor) to configuration.
Adding game mode monkey (monkey) to configuration.
Adding game mode nuclear emergency (nuclear) to configuration.
Adding game mode revolution (revolution) to configuration.
Adding game mode sandbox (sandbox) to configuration.
Adding game mode shadowling (shadowling) to configuration.
Adding game mode very ragin' bullshit mages (veryraginbullshitmages) to configuration.
Adding game mode ragin' mages (raginmages) to configuration.
Adding game mode wizard (wizard) to configuration.
Saved mode is 'extended'
[05:59:53]ADMIN: Loading appearance_rank
[05:59:53]ADMIN: appearance_keylist was empty
[05:59:53]ADMIN: Loading Banlist
a the gibber didn't find an input plate.
[06:00:30]ACCESS: Login: PahomLancer/(PahomLancer) from 127.0.0.1-357177658 || BYOND v509
[06:00:35]GAME: SQL ERROR obtaining jobbans. Error : [not connected]

[06:00:52]ACCESS: Logout: PahomLancer[DC]/(PahomLancer)


Starting up. 06:28.58
---------------------
Adding game mode abduction (abduction) to configuration.
Adding game mode blob (blob) to configuration.
Adding game mode changeling (changeling) to configuration.
Adding game mode traitor+changeling (traitorchan) to configuration.
Adding game mode double agents (double_agents) to configuration.
Adding game mode traitor (traitor) to configuration.
Adding game mode cult (cult) to configuration.
Adding game mode extended (extended) to configuration.
Adding game mode gang war (gang) to configuration.
Adding game mode hand of god (handofgod) to configuration.
Adding game mode AI malfunction (malfunction) to configuration.
Adding game mode meteor (meteor) to configuration.
Adding game mode monkey (monkey) to configuration.
Adding game mode nuclear emergency (nuclear) to configuration.
Adding game mode revolution (revolution) to configuration.
Adding game mode sandbox (sandbox) to configuration.
Adding game mode shadowling (shadowling) to configuration.
Adding game mode very ragin' bullshit mages (veryraginbullshitmages) to configuration.
Adding game mode ragin' mages (raginmages) to configuration.
Adding game mode wizard (wizard) to configuration.
Saved mode is 'extended'
[06:28:58]ADMIN: Loading appearance_rank
[06:28:58]ADMIN: appearance_keylist was empty
[06:28:58]ADMIN: Loading Banlist
a the gibber didn't find an input plate.
[06:31:14]ACCESS: Login: PahomLancer/(PahomLancer) from 127.0.0.1-357177658 || BYOND v509
[06:31:20]GAME: SQL ERROR obtaining jobbans. Error : [not connected]

[06:32:23]ACCESS: Logout: PahomLancer[DC]/(PahomLancer)


Starting up. 06:46.36
---------------------
Adding game mode abduction (abduction) to configuration.
Adding game mode blob (blob) to configuration.
Adding game mode changeling (changeling) to configuration.
Adding game mode traitor+changeling (traitorchan) to configuration.
Adding game mode double agents (double_agents) to configuration.
Adding game mode traitor (traitor) to configuration.
Adding game mode cult (cult) to configuration.
Adding game mode extended (extended) to configuration.
Adding game mode gang war (gang) to configuration.
Adding game mode hand of god (handofgod) to configuration.
Adding game mode AI malfunction (malfunction) to configuration.
Adding game mode meteor (meteor) to configuration.
Adding game mode monkey (monkey) to configuration.
Adding game mode nuclear emergency (nuclear) to configuration.
Adding game mode revolution (revolution) to configuration.
Adding game mode sandbox (sandbox) to configuration.
Adding game mode shadowling (shadowling) to configuration.
Adding game mode very ragin' bullshit mages (veryraginbullshitmages) to configuration.
Adding game mode ragin' mages (raginmages) to configuration.
Adding game mode wizard (wizard) to configuration.
Saved mode is 'extended'
[06:46:36]ADMIN: Loading appearance_rank
[06:46:36]ADMIN: appearance_keylist was empty
[06:46:36]ADMIN: Loading Banlist
a the gibber didn't find an input plate.
[06:47:14]ACCESS: Login: PahomLancer/(PahomLancer) from 127.0.0.1-357177658 || BYOND v509
[06:47:18]GAME: SQL ERROR obtaining jobbans. Error : [not connected]

[06:49:26]ADMIN: PahomLancer has started the game.
[06:49:30]ACCESS: Logout: *no key*/(PahomLancer)
[06:49:30]ACCESS: Login: PahomLancer/(Griffin Whiteman) from 127.0.0.1-357177658 || BYOND v509
[06:49:30]SAY: Molerat/ : Squeek!
[06:49:30]SAY: Mutant/ : GRRRRRR!
[06:49:30]SAY: Molerat/ : Squeek
[06:49:30]SAY: Molerat/ : Squeek!
[06:49:30]SAY: Molerat/ : Squeek
[06:49:30]SAY: Molerat/ : Squeek
[06:49:30]SAY: Molerat/ : Squeek
[06:49:30]SAY: Molerat/ : Squeek, i say
[06:49:34]SAY: Molerat/ : Squeek, i say
[06:49:34]SAY: Mutant/ : NNNNNGH!
[06:49:34]SAY: Molerat/ : Squeek!
[06:49:34]SAY: Molerat/ : Squeek
[06:49:34]SAY: Molerat/ : Squeek
[06:49:34]SAY: Molerat/ : Squeek
[06:49:36]SAY: Molerat/ : Squeek
[06:49:36]SAY: Molerat/ : Squeek
[06:49:36]SAY: Mutant/ : HMPH!
[06:49:36]SAY: Mutant/ : NNNNNGH!
[06:49:36]SAY: Molerat/ : Squeek
[06:49:36]SAY: Molerat/ : Squeek
[06:49:36]SAY: Molerat/ : Squeek
[06:49:36]SAY: Molerat/ : Squeek
[06:49:36]SAY: Molerat/ : Squeek!
[06:49:36]SAY: Molerat/ : Squeek
[06:49:36]SAY: Molerat/ : Squeek!
[06:49:38]SAY: Molerat/ : Squeek
[06:49:38]SAY: Molerat/ : Squeek!
[06:49:38]SAY: Molerat/ : Squeek
[06:49:38]SAY: Molerat/ : Squeek!
[06:49:38]SAY: Molerat/ : Squeek
[06:49:38]SAY: Molerat/ : Squeek
[06:49:38]SAY: Molerat/ : Squeek!
[06:49:38]SAY: Molerat/ : Squeek!
[06:49:38]SAY: Molerat/ : Squeek
[06:49:38]SAY: Molerat/ : Squeek
[06:49:39]ADMIN: PahomLancer/(Griffin Whiteman) admin ghosted
[06:49:39]ACCESS: Logout: *no key*/(Griffin Whiteman)
[06:49:39]ACCESS: Login: PahomLancer/(Griffin Whiteman) from 127.0.0.1-357177658 || BYOND v509
[06:49:40]SAY: Molerat/ : Squeek
[06:49:40]SAY: Molerat/ : Squeek
[06:49:40]SAY: Molerat/ : Squeek!
[06:49:40]SAY: Molerat/ : Squeek
[06:49:40]SAY: Molerat/ : Squeek!
[06:49:40]SAY: Molerat/ : Squeek
[06:49:40]SAY: Molerat/ : Squeek
[06:49:40]SAY: Molerat/ : Squeek, i say
[06:49:40]SAY: Molerat/ : Squeek
[06:49:40]SAY: Molerat/ : Squeek
[06:49:40]SAY: Molerat/ : Squeek
[06:49:40]SAY: Molerat/ : Squeek!
[06:49:43]SAY: Molerat/ : Squeek, i say
[06:49:43]SAY: Molerat/ : Squeek, i say
[06:49:43]SAY: Molerat/ : Squeek
[06:49:43]SAY: Molerat/ : Squeek, i say
[06:49:43]EMOTE: giant spider (942)/ : <B>The giant spider (942)</B> chitters
[06:49:43]SAY: Fenton Zalack/ : Well jerk, this is a nice situation.
[06:49:44]SAY: Molerat/ : Squeek
[06:49:44]SAY: Molerat/ : Squeek, i say
[06:49:44]SAY: Molerat/ : Squeek, i say
[06:49:44]SAY: Mutant/ : HMPH!
[06:49:45]SAY: Mutant/ : NNNNNGH!
[06:49:45]SAY: Molerat/ : Squeek!
[06:49:45]SAY: Molerat/ : Squeek, i say
[06:49:45]SAY: Molerat/ : Squeek
[06:49:45]SAY: Molerat/ : Squeek!
[06:49:45]SAY: Molerat/ : Squeek, i say
[06:49:45]SAY: Molerat/ : Squeek
[06:49:46]SAY: Molerat/ : Squeek
[06:49:46]SAY: Mutant/ : HMPH!
[06:49:46]SAY: Molerat/ : Squeek
[06:49:46]SAY: Molerat/ : Squeek
[06:49:48]SAY: Molerat/ : Squeek
[06:49:48]SAY: Molerat/ : Squeek
[06:49:48]SAY: Molerat/ : Squeek
[06:49:49]SAY: Molerat/ : Squeek
[06:49:49]SAY: Molerat/ : Squeek
[06:49:49]SAY: Molerat/ : Squeek
[06:49:49]SAY: Molerat/ : Squeek
[06:49:50]SAY: Molerat/ : Squeek
[06:49:50]SAY: Molerat/ : Squeek
[06:49:50]SAY: Molerat/ : Squeek
[06:49:50]SAY: Molerat/ : Squeek!
[06:49:50]SAY: Molerat/ : Squeek, i say
[06:49:51]SAY: Molerat/ : Squeek
[06:49:51]SAY: Mutant/ : HMPH!
[06:49:51]SAY: Molerat/ : Squeek!
[06:49:51]SAY: Molerat/ : Squeek
[06:49:51]SAY: Molerat/ : Squeek
[06:49:51]SAY: Molerat/ : Squeek
[06:49:52]SAY: Molerat/ : Squeek!
[06:49:53]SAY: Mutant/ : ARGH!
[06:49:53]SAY: Molerat/ : Squeek
[06:49:53]SAY: Molerat/ : Squeek
[06:49:53]SAY: Molerat/ : Squeek
[06:49:53]SAY: Molerat/ : Squeek!
[06:49:55]SAY: Molerat/ : Squeek, i say
[06:49:55]SAY: Molerat/ : Squeek
[06:49:55]SAY: Molerat/ : Squeek!
[06:49:55]SAY: Molerat/ : Squeek
[06:49:55]SAY: Molerat/ : Squeek!
[06:49:55]SAY: Molerat/ : Squeek
[06:49:55]EMOTE: giant spider (942)/ : <B>The giant spider (942)</B> chitters
[06:49:55]SAY: Fenton Zalack/ : Oh ass, that cluwne was one hell of an dimwit head.
[06:49:56]SAY: Molerat/ : Squeek
[06:49:56]SAY: Molerat/ : Squeek
[06:49:56]SAY: Molerat/ : Squeek
[06:49:56]SAY: Molerat/ : Squeek
[06:49:56]SAY: Molerat/ : Squeek, i say
[06:49:56]SAY: Molerat/ : Squeek
[06:49:57]SAY: Molerat/ : Squeek, i say
[06:49:57]SAY: Molerat/ : Squeek, i say
[06:49:57]SAY: Molerat/ : Squeek!
[06:49:57]SAY: Molerat/ : Squeek!
[06:49:57]SAY: Molerat/ : Squeek!
[06:49:57]SAY: Molerat/ : Squeek
[06:49:57]SAY: Molerat/ : Squeek
[06:49:57]SAY: Molerat/ : Squeek, i say
[06:49:58]SAY: Molerat/ : Squeek, i say
[06:49:58]SAY: Molerat/ : Squeek
[06:49:59]SAY: Molerat/ : Squeek
[06:49:59]SAY: Molerat/ : Squeek
[06:49:59]SAY: Molerat/ : Squeek!
[06:49:59]SAY: Molerat/ : Squeek!
[06:49:59]SAY: Molerat/ : Squeek
[06:49:59]SAY: Molerat/ : Squeek!
[06:49:59]EMOTE: Default Cyborg-679/ : <B>Default Cyborg-679</B> shudders violently for a moment, then becomes motionless, its eyes slowly darkening.
[06:50:01]SAY: Molerat/ : Squeek!
[06:50:01]SAY: Molerat/ : Squeek, i say
[06:50:01]SAY: Mutant/ : GRRRRRR!
[06:50:01]SAY: Molerat/ : Squeek
[06:50:01]SAY: Fenton Zalack/ : I want to punch that monkey when I find them.
[06:50:03]SAY: Molerat/ : Squeek, i say
[06:50:03]SAY: Molerat/ : Squeek!
[06:50:03]SAY: Molerat/ : Squeek
[06:50:03]SAY: Molerat/ : Squeek
[06:50:03]SAY: Molerat/ : Squeek, i say
[06:50:03]SAY: Mutant/ : ARRRRR!
[06:50:03]SAY: Molerat/ : Squeek
[06:50:03]SAY: Molerat/ : Squeek
[06:50:03]SAY: Molerat/ : Squeek!
[06:50:03]SAY: Molerat/ : Squeek, i say
[06:50:03]SAY: Molerat/ : Squeek, i say
[06:50:05]SAY: Molerat/ : Squeek, i say
[06:50:05]SAY: Molerat/ : Squeek!
[06:50:05]SAY: Molerat/ : Squeek!
[06:50:05]SAY: Mutant/ : ARGH!
[06:50:05]SAY: Molerat/ : Squeek
[06:50:05]SAY: Mutant/ : GRRRRRR!
[06:50:05]SAY: Molerat/ : Squeek, i say
[06:50:05]SAY: Molerat/ : Squeek
[06:50:05]SAY: Molerat/ : Squeek
[06:50:05]SAY: Molerat/ : Squeek
[06:50:05]SAY: Molerat/ : Squeek
[06:50:07]SAY: Molerat/ : Squeek, i say
[06:50:07]SAY: Molerat/ : Squeek
[06:50:07]SAY: Molerat/ : Squeek!
[06:50:07]SAY: Mutant/ : ARRRRR!
[06:50:07]SAY: Molerat/ : Squeek
[06:50:07]SAY: Molerat/ : Squeek!
[06:50:09]SAY: Molerat/ : Squeek!
[06:50:09]SAY: Molerat/ : Squeek!
[06:50:09]SAY: Molerat/ : Squeek
[06:50:09]SAY: Molerat/ : Squeek
[06:50:09]SAY: Molerat/ : Squeek, i say
[06:50:09]SAY: Molerat/ : Squeek, i say
[06:50:09]SAY: Molerat/ : Squeek
[06:50:09]SAY: Molerat/ : Squeek!
[06:50:09]SAY: Molerat/ : Squeek, i say
[06:50:09]SAY: Molerat/ : Squeek!
[06:50:11]SAY: Molerat/ : Squeek!
[06:50:11]SAY: Molerat/ : Squeek!
[06:50:11]SAY: Molerat/ : Squeek
[06:50:11]SAY: Molerat/ : Squeek!
[06:50:11]SAY: Molerat/ : Squeek!
[06:50:11]SAY: Molerat/ : Squeek
[06:50:11]SAY: Molerat/ : Squeek
[06:50:11]SAY: Molerat/ : Squeek
[06:50:11]SAY: Molerat/ : Squeek
[06:50:11]SAY: Molerat/ : Squeek
[06:50:11]SAY: Molerat/ : Squeek
[06:50:13]SAY: Molerat/ : Squeek
[06:50:13]SAY: Mutant/ : NNNNNGH!
[06:50:13]SAY: Molerat/ : Squeek
[06:50:13]SAY: Molerat/ : Squeek
[06:50:13]SAY: Molerat/ : Squeek, i say
[06:50:13]SAY: Molerat/ : Squeek
[06:50:13]SAY: Molerat/ : Squeek, i say
[06:50:13]SAY: Molerat/ : Squeek, i say
[06:50:15]SAY: Molerat/ : Squeek
[06:50:15]SAY: Molerat/ : Squeek
[06:50:15]SAY: Mutant/ : ARRRRR!
[06:50:15]SAY: Molerat/ : Squeek
[06:50:15]SAY: Molerat/ : Squeek
[06:50:15]SAY: Molerat/ : Squeek!
[06:50:15]SAY: Molerat/ : Squeek!
[06:50:17]SAY: Molerat/ : Squeek
[06:50:17]SAY: Molerat/ : Squeek
[06:50:17]SAY: Molerat/ : Squeek, i say
[06:50:17]SAY: Molerat/ : Squeek
[06:50:17]SAY: Molerat/ : Squeek
[06:50:17]SAY: Molerat/ : Squeek!
[06:50:17]SAY: Molerat/ : Squeek
[06:50:17]SAY: Molerat/ : Squeek
[06:50:17]SAY: Molerat/ : Squeek
[06:50:17]SAY: Molerat/ : Squeek, i say
[06:50:19]SAY: Molerat/ : Squeek!
[06:50:19]SAY: Molerat/ : Squeek
[06:50:19]SAY: Molerat/ : Squeek
[06:50:19]SAY: Molerat/ : Squeek
[06:50:19]SAY: Molerat/ : Squeek, i say
[06:50:21]SAY: Molerat/ : Squeek!
[06:50:21]SAY: Molerat/ : Squeek, i say
[06:50:21]SAY: Molerat/ : Squeek
[06:50:21]SAY: Mutant/ : HMPH!
[06:50:21]SAY: Molerat/ : Squeek
[06:50:21]SAY: Molerat/ : Squeek, i say
[06:50:21]SAY: Molerat/ : Squeek!
[06:50:21]SAY: Molerat/ : Squeek!
[06:50:21]SAY: Molerat/ : Squeek!
[06:50:21]SAY: Molerat/ : Squeek
[06:50:21]SAY: Molerat/ : Squeek
[06:50:21]SAY: Fenton Zalack/ : Honk until proven pretty!
[06:50:23]SAY: Molerat/ : Squeek!
[06:50:23]SAY: Molerat/ : Squeek!
[06:50:23]SAY: Molerat/ : Squeek!
[06:50:23]SAY: Mutant/ : ARGH!
[06:50:23]SAY: Molerat/ : Squeek
[06:50:23]SAY: Molerat/ : Squeek
[06:50:23]SAY: Molerat/ : Squeek
[06:50:23]SAY: Fenton Zalack/ : Oh shit, that cluwne was one hell of an repulsive nails.
[06:50:25]SAY: Molerat/ : Squeek
[06:50:25]SAY: Molerat/ : Squeek!
[06:50:25]SAY: Molerat/ : Squeek!
[06:50:25]SAY: Molerat/ : Squeek
[06:50:25]SAY: Molerat/ : Squeek, i say
[06:50:25]SAY: Molerat/ : Squeek, i say
[06:50:25]SAY: Molerat/ : Squeek, i say
[06:50:25]SAY: Molerat/ : Squeek!
[06:50:27]SAY: Molerat/ : Squeek
[06:50:27]SAY: Molerat/ : Squeek
[06:50:27]SAY: Molerat/ : Squeek!
[06:50:27]SAY: Molerat/ : Squeek
[06:50:27]SAY: Molerat/ : Squeek
[06:50:29]SAY: Molerat/ : Squeek!
[06:50:29]SAY: Molerat/ : Squeek!
[06:50:29]SAY: Molerat/ : Squeek
[06:50:29]SAY: Molerat/ : Squeek!
[06:50:29]SAY: Mutant/ : GRRRRRR!
[06:50:29]SAY: Molerat/ : Squeek!
[06:50:29]SAY: Molerat/ : Squeek, i say
[06:50:29]SAY: Molerat/ : Squeek!
[06:50:29]SAY: Molerat/ : Squeek, i say
[06:50:31]SAY: Molerat/ : Squeek
[06:50:31]SAY: Mutant/ : GRRRRRR!
[06:50:31]SAY: Molerat/ : Squeek!
[06:50:31]SAY: Molerat/ : Squeek!
[06:50:31]SAY: Molerat/ : Squeek!
[06:50:31]SAY: Molerat/ : Squeek, i say
[06:50:31]SAY: Molerat/ : Squeek
[06:50:33]SAY: Molerat/ : Squeek!
[06:50:33]SAY: Molerat/ : Squeek!
[06:50:33]SAY: Mutant/ : HMPH!
[06:50:33]SAY: Molerat/ : Squeek!
[06:50:33]SAY: Molerat/ : Squeek
[06:50:33]SAY: Molerat/ : Squeek
[06:50:35]SAY: Molerat/ : Squeek
[06:50:35]SAY: Molerat/ : Squeek!
[06:50:35]SAY: Molerat/ : Squeek
[06:50:35]SAY: Mutant/ : ARRRRR!
[06:50:35]SAY: Molerat/ : Squeek!
[06:50:35]SAY: Fenton Zalack/ : Traitorous until proven ugly!
[06:50:37]SAY: Molerat/ : Squeek!
[06:50:37]SAY: Molerat/ : Squeek
[06:50:37]SAY: Molerat/ : Squeek
[06:50:37]SAY: Molerat/ : Squeek
[06:50:37]SAY: Molerat/ : Squeek
[06:50:37]SAY: Molerat/ : Squeek!
[06:50:37]EMOTE: giant rad scorpion (998)/ : <B>The giant rad scorpion (998)</B> chitters
[06:50:37]SAY: Fenton Zalack/ : Well ass, this is a bad situation.
[06:50:39]SAY: Molerat/ : Squeek!
[06:50:39]SAY: Molerat/ : Squeek
[06:50:39]SAY: Molerat/ : Squeek!
[06:50:39]SAY: Molerat/ : Squeek
[06:50:39]SAY: Molerat/ : Squeek!
[06:50:39]SAY: Molerat/ : Squeek
[06:50:39]SAY: Molerat/ : Squeek!
[06:50:39]SAY: Molerat/ : Squeek
[06:50:39]SAY: Molerat/ : Squeek!
[06:50:39]SAY: Molerat/ : Squeek!
[06:50:39]EMOTE: giant rad scorpion (712)/ : <B>The giant rad scorpion (712)</B> chitters
[06:50:41]SAY: Molerat/ : Squeek
[06:50:41]SAY: Molerat/ : Squeek
[06:50:41]SAY: Molerat/ : Squeek
[06:50:41]SAY: Molerat/ : Squeek
[06:50:41]SAY: Mutant/ : NNNNNGH!
[06:50:41]SAY: Molerat/ : Squeek, i say
[06:50:41]SAY: Molerat/ : Squeek
[06:50:41]SAY: Molerat/ : Squeek!
[06:50:41]SAY: Molerat/ : Squeek
[06:50:41]SAY: Molerat/ : Squeek!
[06:50:41]SAY: Molerat/ : Squeek
[06:50:43]SAY: Molerat/ : Squeek, i say
[06:50:43]SAY: Molerat/ : Squeek
[06:50:43]SAY: Molerat/ : Squeek
[06:50:43]SAY: Molerat/ : Squeek
[06:50:43]SAY: Mutant/ : HMPH!
[06:50:43]SAY: Molerat/ : Squeek
[06:50:43]SAY: Molerat/ : Squeek
[06:50:43]SAY: Molerat/ : Squeek
[06:50:43]SAY: Molerat/ : Squeek
[06:50:43]SAY: Molerat/ : Squeek, i say
[06:50:43]SAY: Molerat/ : Squeek!
[06:50:45]SAY: Molerat/ : Squeek
[06:50:45]SAY: Molerat/ : Squeek!
[06:50:45]SAY: Molerat/ : Squeek
[06:50:45]SAY: Molerat/ : Squeek!
[06:50:45]SAY: Molerat/ : Squeek, i say
[06:50:45]SAY: Molerat/ : Squeek!
[06:50:45]SAY: Molerat/ : Squeek
[06:50:45]SAY: Molerat/ : Squeek
[06:50:45]SAY: Molerat/ : Squeek
[06:50:45]SAY: Molerat/ : Squeek
[06:50:45]SAY: Molerat/ : Squeek!
[06:50:47]SAY: Molerat/ : Squeek
[06:50:47]SAY: Molerat/ : Squeek!
[06:50:47]SAY: Mutant/ : GRRRRRR!
[06:50:47]SAY: Molerat/ : Squeek
[06:50:47]SAY: Molerat/ : Squeek
[06:50:47]SAY: Molerat/ : Squeek
[06:50:47]SAY: Molerat/ : Squeek!
[06:50:47]SAY: Molerat/ : Squeek
[06:50:47]SAY: Molerat/ : Squeek!
[06:50:47]SAY: Molerat/ : Squeek
[06:50:47]SAY: Molerat/ : Squeek, i say
[06:50:47]SAY: Molerat/ : Squeek!
[06:50:47]SAY: Molerat/ : Squeek
[06:50:47]SAY: Molerat/ : Squeek, i say
[06:50:49]SAY: Molerat/ : Squeek!
[06:50:49]SAY: Molerat/ : Squeek
[06:50:49]SAY: Molerat/ : Squeek
[06:50:49]SAY: Molerat/ : Squeek
[06:50:49]SAY: Molerat/ : Squeek, i say
[06:50:49]SAY: Molerat/ : Squeek
[06:50:49]SAY: Molerat/ : Squeek
[06:50:51]SAY: Molerat/ : Squeek
[06:50:51]SAY: Molerat/ : Squeek
[06:50:51]SAY: Molerat/ : Squeek
[06:50:51]SAY: Molerat/ : Squeek
[06:50:51]SAY: Molerat/ : Squeek!
[06:50:51]SAY: Molerat/ : Squeek, i say
[06:50:51]SAY: Molerat/ : Squeek
[06:50:51]SAY: Molerat/ : Squeek!
[06:50:51]SAY: Molerat/ : Squeek!
[06:50:53]SAY: Molerat/ : Squeek!
[06:50:53]SAY: Mutant/ : HMPH!
[06:50:53]SAY: Molerat/ : Squeek
[06:50:53]SAY: Molerat/ : Squeek
[06:50:53]SAY: Molerat/ : Squeek!
[06:50:53]SAY: Molerat/ : Squeek!
[06:50:53]SAY: Molerat/ : Squeek!
[06:50:53]SAY: Molerat/ : Squeek, i say
[06:50:55]SAY: Molerat/ : Squeek
[06:50:55]SAY: Molerat/ : Squeek, i say
[06:50:55]SAY: Molerat/ : Squeek
[06:50:55]SAY: Molerat/ : Squeek!
[06:50:55]SAY: Molerat/ : Squeek
[06:50:55]SAY: Molerat/ : Squeek!
[06:50:55]SAY: Molerat/ : Squeek!
[06:50:55]SAY: Molerat/ : Squeek
[06:50:55]SAY: Molerat/ : Squeek
[06:50:55]SAY: Molerat/ : Squeek
[06:50:55]SAY: Molerat/ : Squeek
[06:50:55]SAY: Molerat/ : Squeek
[06:50:55]SAY: Molerat/ : Squeek!
[06:50:57]SAY: Molerat/ : Squeek
[06:50:57]SAY: Molerat/ : Squeek!
[06:50:57]SAY: Molerat/ : Squeek
[06:50:57]SAY: Molerat/ : Squeek!
[06:50:57]SAY: Molerat/ : Squeek
[06:50:57]SAY: Molerat/ : Squeek
[06:50:57]SAY: Molerat/ : Squeek, i say
[06:50:57]SAY: Molerat/ : Squeek!
[06:50:57]SAY: Molerat/ : Squeek
[06:50:59]SAY: Molerat/ : Squeek
[06:50:59]SAY: Molerat/ : Squeek!
[06:50:59]SAY: Molerat/ : Squeek
[06:50:59]SAY: Molerat/ : Squeek
[06:50:59]SAY: Molerat/ : Squeek
[06:50:59]SAY: Molerat/ : Squeek, i say
[06:50:59]SAY: Molerat/ : Squeek!
[06:50:59]EMOTE: rad scorpion (34)/ : <B>The rad scorpion (34)</B> chitters
[06:51:01]SAY: Molerat/ : Squeek
[06:51:01]SAY: Molerat/ : Squeek
[06:51:01]SAY: Molerat/ : Squeek
[06:51:01]SAY: Molerat/ : Squeek
[06:51:01]SAY: Molerat/ : Squeek!
[06:51:01]SAY: Molerat/ : Squeek
[06:51:01]SAY: Molerat/ : Squeek!
[06:51:01]EMOTE: rad scorpion (34)/ : <B>The rad scorpion (34)</B> chitters
[06:51:03]SAY: Molerat/ : Squeek
[06:51:03]SAY: Molerat/ : Squeek, i say
[06:51:03]SAY: Molerat/ : Squeek
[06:51:03]SAY: Molerat/ : Squeek, i say
[06:51:03]SAY: Molerat/ : Squeek
[06:51:05]SAY: Molerat/ : Squeek, i say
[06:51:05]SAY: Mutant/ : GRRRRRR!
[06:51:05]SAY: Molerat/ : Squeek
[06:51:05]SAY: Mutant/ : GRRRRRR!
[06:51:05]SAY: Molerat/ : Squeek, i say
[06:51:05]SAY: Molerat/ : Squeek
[06:51:05]SAY: Molerat/ : Squeek
[06:51:05]SAY: Molerat/ : Squeek
[06:51:05]SAY: Molerat/ : Squeek
[06:51:05]SAY: Molerat/ : Squeek!
[06:51:05]SAY: Molerat/ : Squeek, i say
[06:51:05]SAY: Molerat/ : Squeek
[06:51:05]SAY: Molerat/ : Squeek
[06:51:05]EMOTE: giant spider (942)/ : <B>The giant spider (942)</B> chitters
[06:51:07]SAY: Molerat/ : Squeek
[06:51:07]SAY: Molerat/ : Squeek
[06:51:07]SAY: Molerat/ : Squeek!
[06:51:07]SAY: Molerat/ : Squeek!
[06:51:07]SAY: Molerat/ : Squeek
[06:51:07]SAY: Molerat/ : Squeek!
[06:51:07]SAY: Molerat/ : Squeek!
[06:51:07]SAY: Molerat/ : Squeek, i say
[06:51:07]SAY: Molerat/ : Squeek, i say
[06:51:07]SAY: Molerat/ : Squeek
[06:51:07]SAY: Molerat/ : Squeek!
[06:51:07]SAY: Molerat/ : Squeek, i say
[06:51:07]SAY: Molerat/ : Squeek, i say
[06:51:07]SAY: Molerat/ : Squeek
[06:51:07]SAY: Molerat/ : Squeek!
[06:51:09]SAY: Molerat/ : Squeek!
[06:51:09]SAY: Molerat/ : Squeek!
[06:51:09]SAY: Mutant/ : NNNNNGH!
[06:51:09]SAY: Molerat/ : Squeek!
[06:51:09]SAY: Molerat/ : Squeek
[06:51:09]SAY: Molerat/ : Squeek!
[06:51:09]SAY: Molerat/ : Squeek!
[06:51:09]SAY: Molerat/ : Squeek, i say
[06:51:09]SAY: Molerat/ : Squeek
[06:51:09]SAY: Molerat/ : Squeek, i say
[06:51:09]SAY: Molerat/ : Squeek!
[06:51:09]EMOTE: giant rad scorpion (712)/ : <B>The giant rad scorpion (712)</B> chitters
[06:51:11]SAY: Molerat/ : Squeek
[06:51:11]SAY: Molerat/ : Squeek!
[06:51:11]SAY: Molerat/ : Squeek!
[06:51:11]SAY: Molerat/ : Squeek!
[06:51:11]SAY: Molerat/ : Squeek
[06:51:11]SAY: Molerat/ : Squeek
[06:51:11]SAY: Molerat/ : Squeek!
[06:51:11]SAY: Molerat/ : Squeek
[06:51:11]SAY: Molerat/ : Squeek!
[06:51:13]SAY: Molerat/ : Squeek!
[06:51:13]SAY: Molerat/ : Squeek
[06:51:13]SAY: Molerat/ : Squeek, i say
[06:51:13]SAY: Mutant/ : NNNNNGH!
[06:51:13]SAY: Molerat/ : Squeek, i say
[06:51:13]SAY: Molerat/ : Squeek
[06:51:13]SAY: Molerat/ : Squeek!
[06:51:15]SAY: Molerat/ : Squeek, i say
[06:51:15]SAY: Molerat/ : Squeek!
[06:51:15]SAY: Molerat/ : Squeek!
[06:51:15]SAY: Molerat/ : Squeek
[06:51:15]SAY: Molerat/ : Squeek
[06:51:17]SAY: Molerat/ : Squeek!
[06:51:17]SAY: Molerat/ : Squeek
[06:51:17]SAY: Molerat/ : Squeek!
[06:51:17]SAY: Molerat/ : Squeek
[06:51:17]SAY: Molerat/ : Squeek, i say
[06:51:17]SAY: Molerat/ : Squeek!
[06:51:17]SAY: Molerat/ : Squeek
[06:51:17]SAY: Molerat/ : Squeek!
[06:51:17]SAY: Molerat/ : Squeek!
[06:51:19]SAY: Molerat/ : Squeek
[06:51:19]SAY: Molerat/ : Squeek
[06:51:19]SAY: Molerat/ : Squeek!
[06:51:19]SAY: Molerat/ : Squeek
[06:51:19]SAY: Molerat/ : Squeek, i say
[06:51:19]SAY: Molerat/ : Squeek
[06:51:21]SAY: Molerat/ : Squeek
[06:51:21]SAY: Molerat/ : Squeek!
[06:51:21]SAY: Molerat/ : Squeek, i say
[06:51:21]SAY: Molerat/ : Squeek
[06:51:21]SAY: Molerat/ : Squeek, i say
[06:51:22]ACCESS: Logout: PahomLancer[DC]/(Griffin Whiteman)
