

Starting up. 04:45.33
---------------------
[04:48:48]ATTACK: giant rad scorpion (691) attacked Default Cyborg-974  (NEWHP: 100)(40,159,1)
[04:48:50]ATTACK: giant rad scorpion (691) attacked Default Cyborg-974  (NEWHP: 85)(40,159,1)
[04:48:52]ATTACK: rad scorpion (545) attacked Default Cyborg-974  (NEWHP: 65)(40,159,1)
[04:48:52]ATTACK: giant rad scorpion (691) attacked Default Cyborg-974  (NEWHP: 59)(40,159,1)
[04:48:54]ATTACK: rad scorpion (545) attacked Default Cyborg-974  (NEWHP: 39)(40,159,1)
[04:48:54]ATTACK: giant rad scorpion (691) attacked Default Cyborg-974  (NEWHP: 33)(40,159,1)
[04:48:56]ATTACK: rad scorpion (545) attacked Default Cyborg-974  (NEWHP: 14)(40,159,1)
[04:48:56]ATTACK: giant rad scorpion (691) attacked Default Cyborg-974  (NEWHP: 5)(40,159,1)
[04:48:58]ATTACK: cammel attacked cammel  (NEWHP: 20)(30,115,1)
[04:48:58]ATTACK: rad scorpion (545) attacked Default Cyborg-974  (NEWHP: -11)(40,159,1)
[04:48:58]ATTACK: giant rad scorpion (691) attacked Default Cyborg-974  (NEWHP: -17)(40,159,1)
[04:49:00]ATTACK: cammel attacked cammel  (NEWHP: 19)(30,115,1)
[04:49:00]ATTACK: rad scorpion (545) attacked Default Cyborg-974  (NEWHP: -36)(40,159,1)
[04:49:00]ATTACK: giant rad scorpion (691) attacked Default Cyborg-974  (NEWHP: -46)(40,159,1)
[04:49:03]ATTACK: cammel attacked cammel  (NEWHP: 20)(30,115,1)
[04:49:03]ATTACK: cammel attacked cammel  (NEWHP: 17)(30,116,1)
[04:49:03]ATTACK: rad scorpion (545) attacked Default Cyborg-974  (NEWHP: -65)(40,159,1)
[04:49:03]ATTACK: giant rad scorpion (691) attacked Default Cyborg-974  (NEWHP: -72)(40,159,1)
[04:49:05]ATTACK: cammel attacked cammel  (NEWHP: 18)(30,115,1)
[04:49:05]ATTACK: cammel attacked cammel  (NEWHP: 15)(30,116,1)
[04:49:05]ATTACK: rad scorpion (545) attacked Default Cyborg-974  (NEWHP: -90)(40,159,1)
[04:49:05]ATTACK: giant rad scorpion (691) attacked Default Cyborg-974  (NEWHP: -96)(40,159,1)
[04:49:07]ATTACK: cammel attacked cammel  (NEWHP: 17)(30,115,1)
[04:49:07]ATTACK: cammel attacked cammel  (NEWHP: 14)(30,116,1)
[04:49:09]ATTACK: cammel attacked cammel  (NEWHP: 15)(30,115,1)
[04:49:09]ATTACK: cammel attacked cammel  (NEWHP: 12)(30,116,1)
[04:49:11]ATTACK: cammel attacked cammel  (NEWHP: 14)(30,115,1)
[04:49:11]ATTACK: cammel attacked cammel  (NEWHP: 10)(30,116,1)
[04:49:13]ATTACK: cammel attacked cammel  (NEWHP: 12)(30,115,1)
[04:49:13]ATTACK: cammel attacked cammel  (NEWHP: 8)(30,116,1)
[04:49:15]ATTACK: cammel attacked cammel  (NEWHP: 10)(30,115,1)
[04:49:15]ATTACK: cammel attacked cammel  (NEWHP: 6)(30,116,1)
[04:49:17]ATTACK: cammel attacked cammel  (NEWHP: 4)(30,116,1)
[04:49:19]ATTACK: cammel attacked cammel  (NEWHP: 8)(30,115,1)
[04:49:19]ATTACK: cammel attacked cammel  (NEWHP: 2)(30,116,1)
[04:49:25]ATTACK: cammel attacked cammel  (NEWHP: 20)(24,117,1)
[04:49:27]ATTACK: cammel attacked cammel  (NEWHP: 19)(24,117,1)
[04:49:29]ATTACK: cammel attacked cammel  (NEWHP: 6)(25,117,1)
[04:49:29]ATTACK: cammel attacked cammel  (NEWHP: 18)(24,117,1)
[04:49:31]ATTACK: cammel attacked cammel  (NEWHP: 4)(25,117,1)
[04:49:31]ATTACK: cammel attacked cammel  (NEWHP: 16)(24,117,1)
[04:49:33]ATTACK: cammel attacked cammel  (NEWHP: 2)(25,117,1)
[04:50:03]ATTACK: Raider attacked Griffin Whiteman(pahomlancer)  (NEWHP: 100)(151,94,1)
[04:50:06]ATTACK: Raider shot Griffin Whiteman(pahomlancer) with the bullet (NEWHP: 85)(154,98,1)
[04:50:10]ATTACK: Raider shot Griffin Whiteman(pahomlancer) with the bullet (NEWHP: 25)(151,98,1)
[04:50:16]ATTACK: Raider shot Griffin Whiteman(pahomlancer) with the bullet (NEWHP: 10)(151,97,1)
[04:52:05]ATTACK: Griffin Whiteman(pahomlancer) climbed onto reinforced table (160,105,1)
[04:52:15]ATTACK: Griffin Whiteman(pahomlancer) climbed onto reinforced table (160,105,1)
[04:53:51]ATTACK: Molerat attacked yaogai  (NEWHP: 300)(137,160,1)
[04:53:51]ATTACK: yaogai attacked Molerat  (NEWHP: 100)(137,159,1)
[04:53:53]ATTACK: Molerat attacked yaogai  (NEWHP: 295)(137,160,1)
[04:53:53]ATTACK: yaogai attacked Molerat  (NEWHP: 72)(137,159,1)
[04:53:55]ATTACK: Molerat attacked yaogai  (NEWHP: 287)(137,160,1)
[04:53:55]ATTACK: yaogai attacked Molerat  (NEWHP: 38)(137,159,1)
[04:53:57]ATTACK: Molerat attacked yaogai  (NEWHP: 279)(137,160,1)
[04:53:57]ATTACK: yaogai attacked Molerat  (NEWHP: 6)(137,159,1)
[04:55:47]ATTACK: Griffin Whiteman(pahomlancer) shot Raider with the bullet (NEWHP: 67)(193,94,1)
[04:55:47]ATTACK: Griffin Whiteman(pahomlancer) shot Raider with the bullet (NEWHP: 34)(193,96,1)
[04:55:48]ATTACK: Griffin Whiteman(pahomlancer) shot Raider with the bullet (NEWHP: 1)(193,98,1)
[05:10:56]ATTACK: Cazador attacked brahmin  (NEWHP: 20)(226,145,1)
[05:22:12]ATTACK: Cazador attacked brahmin  (NEWHP: 20)(224,145,1)
[05:22:46]ATTACK: Raider attacked Griffin Whiteman(pahomlancer)  (NEWHP: 100)(214,83,1)
[05:23:03]ATTACK: Raider shot Raider with the bullet (NEWHP: 65)(227,96,1)
[05:23:05]ATTACK: Raider shot Raider with the bullet (NEWHP: 40)(218,97,1)
[05:23:37]ATTACK: Raider shot Griffin Whiteman(pahomlancer) with the bullet (NEWHP: 100)(174,231,1)
[05:23:37]ATTACK: Raider shot Raider with the bullet (NEWHP: 65)(174,229,1)
[05:23:39]ATTACK: Raider shot Griffin Whiteman(pahomlancer) with the bullet (NEWHP: 65)(166,242,1)
[05:23:43]ATTACK: Raider attacked Griffin Whiteman(pahomlancer)  (NEWHP: 5)(156,243,1)
[05:28:21]ATTACK: Griffin Whiteman(pahomlancer) used a resonator field on Griffin Whiteman(pahomlancer) with resonator (NEWHP: 100)(156,126,1)
[05:28:44]ATTACK: Griffin Whiteman(pahomlancer) used a resonator field on Griffin Whiteman(pahomlancer) with resonator (NEWHP: 80)(158,94,1)
[05:28:49]ATTACK: Griffin Whiteman(pahomlancer) used a resonator field on Griffin Whiteman(pahomlancer) with resonator (NEWHP: 60)(153,94,1)
[05:28:52]ATTACK: Griffin Whiteman(pahomlancer) used a resonator field on Griffin Whiteman(pahomlancer) with resonator (NEWHP: 40)(153,93,1)
[05:28:54]ATTACK: Griffin Whiteman(pahomlancer) used a resonator field on Griffin Whiteman(pahomlancer) with resonator (NEWHP: 20)(153,94,1)
[05:30:09]ATTACK: Griffin Whiteman(pahomlancer) stripped Unknown of the jackboots (NEWHP: 100)(189,99,1)
[05:30:09]ATTACK: Griffin Whiteman(pahomlancer) stripped Unknown of the metal armor (NEWHP: 100)(189,99,1)
[05:30:10]ATTACK: Griffin Whiteman(pahomlancer) stripped Unknown of the metal helmet (NEWHP: 100)(189,99,1)
[05:30:15]ATTACK: Griffin Whiteman(pahomlancer) stripped Raider of the merc charmer outfit (NEWHP: 100)(189,99,1)
[05:30:55]ATTACK: Unknown(pahomlancer) shot Cazador with the laser (NEWHP: 90)(226,147,1)
[05:30:55]ATTACK: Unknown(pahomlancer) shot Cazador with the laser (NEWHP: 60)(226,147,1)
[05:30:56]ATTACK: Unknown(pahomlancer) shot Cazador with the laser (NEWHP: 30)(226,147,1)
[05:30:57]ATTACK: Unknown(pahomlancer) shot Cazador with the laser (NEWHP: 0)(226,147,1)
[05:30:58]ATTACK: Unknown(pahomlancer) shot Cazador with the laser (NEWHP: 90)(227,146,1)
[05:30:59]ATTACK: Unknown(pahomlancer) shot Cazador with the laser (NEWHP: 60)(227,146,1)
[05:31:00]ATTACK: Unknown(pahomlancer) shot Cazador with the laser (NEWHP: 30)(227,146,1)
[05:31:00]ATTACK: Unknown(pahomlancer) shot Cazador with the laser (NEWHP: 0)(227,146,1)
[05:31:48]ATTACK: Cazador attacked Unknown(pahomlancer)  (NEWHP: 100)(241,131,1)
[05:31:49]ATTACK: Unknown(pahomlancer) shot Cazador with the laser (NEWHP: 90)(241,132,1)
[05:31:49]ATTACK: Unknown(pahomlancer) shot Cazador with the laser (NEWHP: 60)(241,132,1)
[05:31:50]ATTACK: Unknown(pahomlancer) shot Cazador with the laser (NEWHP: 30)(241,132,1)
[05:31:50]ATTACK: Unknown(pahomlancer) shot Cazador with the laser (NEWHP: 0)(241,132,1)
[05:31:50]ATTACK: Cazador attacked Unknown(pahomlancer)  (NEWHP: 94)(241,131,1)
[05:31:51]ATTACK: Unknown(pahomlancer) shot Cazador with the laser (NEWHP: 90)(241,132,1)
[05:31:51]ATTACK: Unknown(pahomlancer) shot Cazador with the laser (NEWHP: 60)(241,132,1)
[05:31:52]ATTACK: Unknown(pahomlancer) shot Cazador with the laser (NEWHP: 30)(241,132,1)
[05:31:52]ATTACK: Unknown(pahomlancer) shot Cazador with the laser (NEWHP: 0)(241,132,1)
[05:32:08]ATTACK: Molerat attacked yaogai  (NEWHP: 271)(130,154,1)
[05:32:08]ATTACK: yaogai attacked Molerat  (NEWHP: 100)(129,154,1)
[05:32:10]ATTACK: Molerat attacked yaogai  (NEWHP: 266)(130,154,1)
[05:32:10]ATTACK: yaogai attacked Molerat  (NEWHP: 65)(129,154,1)
[05:32:12]ATTACK: Molerat attacked yaogai  (NEWHP: 257)(130,154,1)
[05:32:12]ATTACK: yaogai attacked Molerat  (NEWHP: 33)(129,154,1)
[05:32:14]ATTACK: Molerat attacked yaogai  (NEWHP: 247)(130,154,1)
[05:32:14]ATTACK: yaogai attacked Molerat  (NEWHP: 3)(129,154,1)
[05:33:28]ATTACK: Raider shot Griffin Whiteman(pahomlancer) with the bullet (NEWHP: 100)(168,228,1)
[05:33:28]ATTACK: Griffin Whiteman(pahomlancer) shot Raider with the laser (NEWHP: 70)(172,232,1)
[05:33:29]ATTACK: Griffin Whiteman(pahomlancer) shot Raider with the laser (NEWHP: 40)(170,230,1)
[05:33:30]ATTACK: Griffin Whiteman(pahomlancer) shot Raider with the laser (NEWHP: 70)(173,239,1)
[05:33:31]ATTACK: Griffin Whiteman(pahomlancer) shot Raider with the laser (NEWHP: 10)(172,232,1)
[05:33:35]ATTACK: Griffin Whiteman(pahomlancer) shot Raider with the laser (NEWHP: 70)(175,238,1)
[05:33:36]ATTACK: Griffin Whiteman(pahomlancer) shot Raider with the laser (NEWHP: 40)(175,237,1)
[05:33:36]ATTACK: Griffin Whiteman(pahomlancer) shot Raider with the laser (NEWHP: 10)(173,235,1)
[05:33:37]ATTACK: Griffin Whiteman(pahomlancer) shot Raider with the laser (NEWHP: 40)(170,234,1)
[05:33:39]ATTACK: Griffin Whiteman(pahomlancer) shot Alvin Joghs with the laser (NEWHP: 100)(170,232,1)
[05:33:39]ATTACK: Griffin Whiteman(pahomlancer) shot Raider with the laser (NEWHP: 10)(169,234,1)
[05:33:52]ATTACK: Griffin Whiteman(pahomlancer) shot Raider with the bullet (NEWHP: 60)(160,242,1)
[05:33:53]ATTACK: Griffin Whiteman(pahomlancer) shot Raider with the bullet (NEWHP: 60)(162,242,1)
[05:33:54]ATTACK: Griffin Whiteman(pahomlancer) shot Raider with the bullet (NEWHP: 20)(165,244,1)
[05:33:56]ATTACK: Griffin Whiteman(pahomlancer) shot Raider with the bullet (NEWHP: 20)(165,241,1)
[05:33:58]ATTACK: Raider shot Griffin Whiteman(pahomlancer) with the bullet (NEWHP: 73.75)(170,242,1)
[05:35:20]ATTACK: Molerat attacked yaogai  (NEWHP: 240)(120,148,1)
[05:35:20]ATTACK: yaogai attacked Molerat  (NEWHP: 100)(119,149,1)
[05:35:22]ATTACK: Molerat attacked yaogai  (NEWHP: 231)(120,148,1)
[05:35:22]ATTACK: Molerat attacked yaogai  (NEWHP: 222)(120,148,1)
[05:35:22]ATTACK: yaogai attacked Molerat  (NEWHP: 100)(120,147,1)
[05:35:24]ATTACK: Molerat attacked yaogai  (NEWHP: 217)(120,148,1)
[05:35:25]ATTACK: Molerat attacked yaogai  (NEWHP: 208)(120,148,1)
[05:35:25]ATTACK: yaogai attacked Molerat  (NEWHP: 72)(120,147,1)
[05:35:26]ATTACK: Molerat attacked yaogai  (NEWHP: 202)(120,148,1)
[05:35:27]ATTACK: Molerat attacked yaogai  (NEWHP: 194)(120,148,1)
[05:35:27]ATTACK: yaogai attacked Molerat  (NEWHP: 74)(119,149,1)
[05:35:28]ATTACK: Molerat attacked yaogai  (NEWHP: 186)(120,148,1)
[05:35:28]ATTACK: Molerat attacked yaogai  (NEWHP: 181)(120,148,1)
[05:35:29]ATTACK: yaogai attacked Molerat  (NEWHP: 38)(120,147,1)
[05:35:31]ATTACK: Molerat attacked yaogai  (NEWHP: 171)(120,148,1)
[05:35:31]ATTACK: Molerat attacked yaogai  (NEWHP: 163)(120,148,1)
[05:35:31]ATTACK: yaogai attacked Molerat  (NEWHP: 44)(119,149,1)
[05:35:33]ATTACK: Molerat attacked yaogai  (NEWHP: 157)(120,148,1)
[05:35:33]ATTACK: Molerat attacked yaogai  (NEWHP: 151)(120,148,1)
[05:35:33]ATTACK: yaogai attacked Molerat  (NEWHP: 17)(119,149,1)
[05:35:35]ATTACK: Molerat attacked yaogai  (NEWHP: 142)(120,148,1)
[05:35:37]ATTACK: Molerat attacked yaogai  (NEWHP: 133)(120,148,1)
[05:35:37]ATTACK: yaogai attacked Molerat  (NEWHP: 10)(120,147,1)
[05:35:52]ATTACK: Griffin Whiteman(pahomlancer) shot Raider with the bullet (NEWHP: 60)(179,243,1)
[05:35:55]ATTACK: Griffin Whiteman(pahomlancer) shot Raider with the bullet (NEWHP: 20)(178,242,1)
[05:36:02]ATTACK: Griffin Whiteman(pahomlancer) shot Raider with the bullet (NEWHP: 25)(166,241,1)
[05:36:03]ATTACK: Griffin Whiteman(pahomlancer) shot Christiana Meyers with the bullet (NEWHP: 100)(168,241,1)
[05:36:15]ATTACK: Molerat attacked yaogai  (NEWHP: 125)(117,145,1)
[05:36:15]ATTACK: yaogai attacked Molerat  (NEWHP: 100)(117,144,1)
[05:36:17]ATTACK: Molerat attacked yaogai  (NEWHP: 118)(117,145,1)
[05:36:17]ATTACK: yaogai attacked Molerat  (NEWHP: 70)(117,144,1)
[05:36:19]ATTACK: Molerat attacked yaogai  (NEWHP: 113)(117,145,1)
[05:36:19]ATTACK: yaogai attacked Molerat  (NEWHP: 40)(117,144,1)
[05:36:21]ATTACK: Molerat attacked yaogai  (NEWHP: 106)(117,145,1)
[05:36:21]ATTACK: yaogai attacked Molerat  (NEWHP: 9)(117,144,1)
[05:36:22]ATTACK: Griffin Whiteman(pahomlancer) shot Raider with the bullet (NEWHP: 60)(149,243,1)
[05:36:26]ATTACK: Raider shot Griffin Whiteman(pahomlancer) with the bullet (NEWHP: 100)(154,242,1)
[05:36:26]ATTACK: Griffin Whiteman(pahomlancer) shot Raider with the bullet (NEWHP: 20)(148,241,1)
[05:36:31]ATTACK: Molerat attacked yaogai  (NEWHP: 96)(116,141,1)
[05:36:31]ATTACK: yaogai attacked Molerat  (NEWHP: 100)(116,140,1)
[05:36:33]ATTACK: Molerat attacked yaogai  (NEWHP: 88)(116,141,1)
[05:36:33]ATTACK: yaogai attacked Molerat  (NEWHP: 71)(116,140,1)
[05:36:34]ATTACK: Griffin Whiteman(pahomlancer) shot Keegan Briner with the bullet (NEWHP: 100)(149,243,1)
[05:36:35]ATTACK: Griffin Whiteman(pahomlancer) shot Raider with the bullet (NEWHP: 60)(152,242,1)
[05:36:35]ATTACK: Molerat attacked yaogai  (NEWHP: 83)(116,141,1)
[05:36:35]ATTACK: yaogai attacked Molerat  (NEWHP: 46)(116,140,1)
[05:36:36]ATTACK: Griffin Whiteman(pahomlancer) shot Raider with the bullet (NEWHP: 20)(152,242,1)
[05:36:37]ATTACK: Molerat attacked yaogai  (NEWHP: 76)(116,141,1)
[05:36:37]ATTACK: yaogai attacked Molerat  (NEWHP: 13)(116,140,1)
[05:36:53]ATTACK: Molerat attacked yaogai  (NEWHP: 68)(112,140,1)
[05:36:53]ATTACK: yaogai attacked Molerat  (NEWHP: 100)(111,140,1)
[05:36:55]ATTACK: Molerat attacked yaogai  (NEWHP: 61)(112,140,1)
[05:36:55]ATTACK: Molerat attacked yaogai  (NEWHP: 52)(112,140,1)
[05:36:55]ATTACK: yaogai attacked Molerat  (NEWHP: 75)(111,140,1)
[05:36:57]ATTACK: Molerat attacked yaogai  (NEWHP: 47)(112,140,1)
[05:36:57]ATTACK: Molerat attacked yaogai  (NEWHP: 39)(112,140,1)
[05:36:57]ATTACK: yaogai attacked Molerat  (NEWHP: 41)(111,140,1)
[05:36:59]ATTACK: Molerat attacked yaogai  (NEWHP: 30)(112,140,1)
[05:36:59]ATTACK: Molerat attacked yaogai  (NEWHP: 24)(112,140,1)
[05:36:59]ATTACK: yaogai attacked Molerat  (NEWHP: 12)(111,140,1)
[05:37:01]ATTACK: Molerat attacked yaogai  (NEWHP: 19)(112,140,1)
[05:37:01]ATTACK: Molerat attacked yaogai  (NEWHP: 10)(112,140,1)
[05:37:21]ATTACK: Griffin Whiteman(pahomlancer) shot Raider with the bullet (NEWHP: 60)(151,242,1)
[05:37:22]ATTACK: Raider attacked Griffin Whiteman(pahomlancer)  (NEWHP: 64)(155,239,1)
[05:37:24]ATTACK: Raider attacked Griffin Whiteman(pahomlancer)  (NEWHP: 58)(158,240,1)
[05:37:26]ATTACK: Raider attacked Griffin Whiteman(pahomlancer)  (NEWHP: 52)(162,240,1)
[05:37:27]ATTACK: Griffin Whiteman(pahomlancer) attacked Raider with kitchen knife(INTENT: HELP) (DAMTYPE: BRUTE) (NEWHP: 50)(163,240,1)
[05:37:28]ATTACK: Raider attacked Griffin Whiteman(pahomlancer)  (NEWHP: 46)(164,240,1)
[05:37:28]ATTACK: Griffin Whiteman(pahomlancer) attacked Raider with kitchen knife(INTENT: HELP) (DAMTYPE: BRUTE) (NEWHP: 40)(163,240,1)
[05:37:29]ATTACK: Griffin Whiteman(pahomlancer) attacked Raider with kitchen knife(INTENT: HELP) (DAMTYPE: BRUTE) (NEWHP: 30)(163,240,1)
[05:37:30]ATTACK: Griffin Whiteman(pahomlancer) attacked Raider with kitchen knife(INTENT: HELP) (DAMTYPE: BRUTE) (NEWHP: 20)(163,240,1)
[05:37:30]ATTACK: Raider attacked Griffin Whiteman(pahomlancer)  (NEWHP: 40)(164,240,1)
[05:37:31]ATTACK: Griffin Whiteman(pahomlancer) attacked Raider with kitchen knife(INTENT: HELP) (DAMTYPE: BRUTE) (NEWHP: 10)(163,240,1)
[05:37:32]ATTACK: Griffin Whiteman(pahomlancer) attacked Unknown with kitchen knife(INTENT: HELP) (DAMTYPE: BRUTE) (NEWHP: 100)(163,240,1)
[05:37:33]ATTACK: Griffin Whiteman(pahomlancer) attacked Unknown with kitchen knife(INTENT: HELP) (DAMTYPE: BRUTE) (NEWHP: 100)(163,240,1)
[05:38:32]ATTACK: Griffin Whiteman(pahomlancer) shot Molerat with the bullet (NEWHP: 40)(134,240,1)
[05:38:32]ATTACK: Griffin Whiteman(pahomlancer) shot Molerat with the bullet (NEWHP: 0)(134,240,1)
[05:38:33]ATTACK: Griffin Whiteman(pahomlancer) shot Molerat with the bullet (NEWHP: 40)(134,239,1)
[05:38:34]ATTACK: Griffin Whiteman(pahomlancer) shot Molerat with the bullet (NEWHP: 0)(134,239,1)
[05:39:23]ATTACK: Mutant attacked Molerat  (NEWHP: 100)(221,82,5)
[05:39:23]ATTACK: Molerat attacked Mutant  (NEWHP: 250)(220,82,5)
[05:39:25]ATTACK: Mutant attacked Molerat  (NEWHP: 69)(221,82,5)
[05:39:25]ATTACK: Molerat attacked Mutant  (NEWHP: 250)(220,82,5)
[05:39:27]ATTACK: Mutant attacked Molerat  (NEWHP: 35)(221,82,5)
[05:39:27]ATTACK: Molerat attacked Mutant  (NEWHP: 250)(220,82,5)
[05:39:29]ATTACK: Mutant attacked Molerat  (NEWHP: 9)(221,82,5)
[05:46:55]ATTACK: Molerat attacked Griffin Whiteman(pahomlancer)  (NEWHP: 92)(61,143,1)
[05:46:57]ATTACK: Molerat attacked Griffin Whiteman(pahomlancer)  (NEWHP: 84.35)(62,150,1)
[05:46:57]ATTACK: Griffin Whiteman(pahomlancer) shot Molerat with the laser (NEWHP: 70)(62,149,1)
[05:46:58]ATTACK: Griffin Whiteman(pahomlancer) shot Molerat with the laser (NEWHP: 40)(62,149,1)
[05:46:58]ATTACK: Griffin Whiteman(pahomlancer) shot Molerat with the laser (NEWHP: 10)(62,149,1)
[05:46:59]ATTACK: Griffin Whiteman(pahomlancer) shot Molerat with the laser (NEWHP: 0)(62,149,1)
[05:46:59]ATTACK: Molerat attacked Griffin Whiteman(pahomlancer)  (NEWHP: 73.75)(62,150,1)
[05:47:01]ATTACK: Molerat attacked Griffin Whiteman(pahomlancer)  (NEWHP: 64.1)(61,150,1)
[05:47:03]ATTACK: Molerat attacked Griffin Whiteman(pahomlancer)  (NEWHP: 51.6)(61,150,1)
[05:47:05]ATTACK: Molerat attacked Griffin Whiteman(pahomlancer)  (NEWHP: 40.05)(62,150,1)
[05:47:07]ATTACK: Molerat attacked Griffin Whiteman(pahomlancer)  (NEWHP: 33.35)(62,147,1)
[05:47:09]ATTACK: Molerat attacked Griffin Whiteman(pahomlancer)  (NEWHP: 21.8)(62,143,1)
[05:47:11]ATTACK: Molerat attacked Griffin Whiteman(pahomlancer)  (NEWHP: 11.2)(62,140,1)
[05:47:13]ATTACK: Molerat attacked Griffin Whiteman(pahomlancer)  (NEWHP: 2.5)(62,140,1)


Starting up. 06:59.08
---------------------
[07:02:51]ATTACK: giant rad scorpion (248) attacked Default Cyborg-236  (NEWHP: 100)(40,159,1)
[07:02:53]ATTACK: giant rad scorpion (248) attacked Default Cyborg-236  (NEWHP: 85)(40,159,1)
[07:02:55]ATTACK: giant rad scorpion (248) attacked Default Cyborg-236  (NEWHP: 65)(40,159,1)
[07:02:57]ATTACK: giant rad scorpion (248) attacked Default Cyborg-236  (NEWHP: 50)(40,159,1)
[07:02:59]ATTACK: giant rad scorpion (248) attacked Default Cyborg-236  (NEWHP: 33)(40,159,1)
[07:03:01]ATTACK: giant rad scorpion (248) attacked Default Cyborg-236  (NEWHP: 13)(40,159,1)
[07:03:03]ATTACK: giant rad scorpion (248) attacked Default Cyborg-236  (NEWHP: -3)(40,159,1)
[07:03:05]ATTACK: giant rad scorpion (248) attacked Default Cyborg-236  (NEWHP: -19)(40,159,1)
[07:03:07]ATTACK: giant rad scorpion (248) attacked Default Cyborg-236  (NEWHP: -36)(40,159,1)
[07:03:09]ATTACK: giant rad scorpion (248) attacked Default Cyborg-236  (NEWHP: -54)(40,159,1)
[07:03:11]ATTACK: giant rad scorpion (248) attacked Default Cyborg-236  (NEWHP: -72)(40,159,1)
[07:03:13]ATTACK: giant rad scorpion (248) attacked Default Cyborg-236  (NEWHP: -89)(40,159,1)
[07:03:31]ATTACK: Molerat attacked Griffin Whiteman(pahomlancer)  (NEWHP: 100)(95,132,1)
[07:03:33]ATTACK: Molerat attacked Griffin Whiteman(pahomlancer)  (NEWHP: 90)(91,132,1)
[07:03:35]ATTACK: Molerat attacked Griffin Whiteman(pahomlancer)  (NEWHP: 81)(91,132,1)
[07:06:56]ATTACK: giant rad scorpion (956) attacked Molerat  (NEWHP: 100)(34,149,1)
[07:06:56]ATTACK: Molerat attacked giant rad scorpion (956)  (NEWHP: 200)(33,149,1)
[07:06:58]ATTACK: giant rad scorpion (956) attacked Molerat  (NEWHP: 84)(34,149,1)
[07:06:58]ATTACK: Molerat attacked giant rad scorpion (956)  (NEWHP: 191)(33,149,1)
[07:07:00]ATTACK: giant rad scorpion (956) attacked Molerat  (NEWHP: 69)(34,149,1)
[07:07:00]ATTACK: Molerat attacked giant rad scorpion (956)  (NEWHP: 183)(33,149,1)
[07:07:02]ATTACK: giant rad scorpion (956) attacked Molerat  (NEWHP: 51)(34,149,1)
[07:07:02]ATTACK: Molerat attacked giant rad scorpion (956)  (NEWHP: 174)(33,149,1)
[07:07:04]ATTACK: giant rad scorpion (956) attacked Molerat  (NEWHP: 35)(34,149,1)
[07:07:04]ATTACK: Molerat attacked giant rad scorpion (956)  (NEWHP: 167)(33,149,1)
[07:07:06]ATTACK: giant rad scorpion (956) attacked Molerat  (NEWHP: 15)(34,149,1)


Starting up. 07:14.22
---------------------
[07:17:23]ATTACK: giant rad scorpion (832) attacked Default Cyborg-648  (NEWHP: 100)(40,158,1)
[07:17:25]ATTACK: giant rad scorpion (832) attacked Default Cyborg-648  (NEWHP: 84)(40,158,1)
[07:17:27]ATTACK: giant rad scorpion (832) attacked Default Cyborg-648  (NEWHP: 67)(40,158,1)
[07:17:29]ATTACK: giant rad scorpion (832) attacked Default Cyborg-648  (NEWHP: 47)(40,158,1)
[07:17:31]ATTACK: giant rad scorpion (832) attacked Default Cyborg-648  (NEWHP: 31)(40,158,1)
[07:17:33]ATTACK: giant rad scorpion (832) attacked Default Cyborg-648  (NEWHP: 13)(40,158,1)
[07:17:35]ATTACK: giant rad scorpion (832) attacked Default Cyborg-648  (NEWHP: -7)(40,158,1)
[07:17:37]ATTACK: giant rad scorpion (832) attacked Default Cyborg-648  (NEWHP: -26)(40,158,1)
[07:17:40]ATTACK: giant rad scorpion (832) attacked Default Cyborg-648  (NEWHP: -43)(40,158,1)
[07:17:42]ATTACK: giant rad scorpion (832) attacked Default Cyborg-648  (NEWHP: -63)(40,158,1)
[07:17:44]ATTACK: giant rad scorpion (832) attacked Default Cyborg-648  (NEWHP: -79)(40,158,1)
[07:17:46]ATTACK: giant rad scorpion (832) attacked Default Cyborg-648  (NEWHP: -98)(40,158,1)
[07:18:06]ATTACK: NON-EXISTANT SUBJECT shot Griffin Whiteman(pahomlancer) with the bullet (NEWHP: 90)(15,114,1)
[07:18:10]ATTACK: NON-EXISTANT SUBJECT shot Griffin Whiteman(pahomlancer) with the bullet (NEWHP: 54)(12,115,1)
[07:18:28]ATTACK: NON-EXISTANT SUBJECT shot Griffin Whiteman(pahomlancer) with the bullet (NEWHP: 100)(10,114,1)
[07:18:30]ATTACK: NON-EXISTANT SUBJECT shot Griffin Whiteman(pahomlancer) with the bullet (NEWHP: 40)(17,114,1)
[07:18:32]ATTACK: NON-EXISTANT SUBJECT shot Griffin Whiteman(pahomlancer) with the bullet (NEWHP: 5)(20,114,1)
[07:18:34]ATTACK: NON-EXISTANT SUBJECT shot Griffin Whiteman(pahomlancer) with the bullet (NEWHP: -30)(17,114,1)
[07:18:34]ATTACK: NON-EXISTANT SUBJECT shot Griffin Whiteman(pahomlancer) with the bullet (NEWHP: -30)(17,114,1)
[07:19:47]ATTACK: NON-EXISTANT SUBJECT shot Griffin Whiteman(pahomlancer) with the bullet (NEWHP: 100)(25,116,1)
[07:19:55]ATTACK: NON-EXISTANT SUBJECT shot Griffin Whiteman(pahomlancer) with the bullet (NEWHP: 65)(21,119,1)
[07:19:57]ATTACK: NON-EXISTANT SUBJECT shot Griffin Whiteman(pahomlancer) with the bullet (NEWHP: 27)(21,119,1)
[07:21:54]ATTACK: giant rad scorpion (114) attacked Molerat  (NEWHP: 100)(32,148,1)
[07:21:54]ATTACK: Molerat attacked giant rad scorpion (114)  (NEWHP: 200)(31,148,1)
[07:21:56]ATTACK: giant rad scorpion (114) attacked Molerat  (NEWHP: 84)(32,148,1)
[07:21:56]ATTACK: Molerat attacked giant rad scorpion (114)  (NEWHP: 190)(31,148,1)
[07:21:58]ATTACK: giant rad scorpion (114) attacked Molerat  (NEWHP: 66)(32,148,1)
[07:21:58]ATTACK: Molerat attacked giant rad scorpion (114)  (NEWHP: 183)(31,148,1)
[07:22:00]ATTACK: giant rad scorpion (114) attacked Molerat  (NEWHP: 50)(32,148,1)
[07:22:00]ATTACK: Molerat attacked giant rad scorpion (114)  (NEWHP: 178)(31,148,1)
[07:22:02]ATTACK: giant rad scorpion (114) attacked Molerat  (NEWHP: 30)(32,148,1)
[07:22:02]ATTACK: Molerat attacked giant rad scorpion (114)  (NEWHP: 171)(31,148,1)
[07:22:04]ATTACK: giant rad scorpion (114) attacked Molerat  (NEWHP: 12)(32,148,1)
[07:29:53]ATTACK: NON-EXISTANT SUBJECT shot Griffin Whiteman(pahomlancer) with the bullet (NEWHP: 71)(24,118,1)
[07:29:55]ATTACK: NON-EXISTANT SUBJECT shot Griffin Whiteman(pahomlancer) with the bullet (NEWHP: 36)(20,116,1)
[07:29:57]ATTACK: NON-EXISTANT SUBJECT shot Griffin Whiteman(pahomlancer) with the bullet (NEWHP: -2)(15,116,1)
[07:29:57]ATTACK: NON-EXISTANT SUBJECT shot Griffin Whiteman(pahomlancer) with the bullet (NEWHP: -2)(15,116,1)
[07:30:07]ATTACK: NON-EXISTANT SUBJECT shot Griffin Whiteman(pahomlancer) with the bullet (NEWHP: 100)(4,112,1)
[07:30:09]ATTACK: NON-EXISTANT SUBJECT shot Griffin Whiteman(pahomlancer) with the bullet (NEWHP: 40)(15,112,1)
[07:30:11]ATTACK: NON-EXISTANT SUBJECT shot Griffin Whiteman(pahomlancer) with the bullet (NEWHP: 40)(18,114,1)
[07:30:29]ATTACK: NON-EXISTANT SUBJECT shot Griffin Whiteman(pahomlancer) with the bullet (NEWHP: 95)(13,115,1)
[07:30:54]ATTACK: NON-EXISTANT SUBJECT shot Griffin Whiteman(pahomlancer) with the bullet (NEWHP: 30)(25,119,1)
[07:30:55]ATTACK: NON-EXISTANT SUBJECT shot Griffin Whiteman(pahomlancer) with the bullet (NEWHP: -5)(23,118,1)
[07:31:04]ATTACK: NON-EXISTANT SUBJECT shot Griffin Whiteman(pahomlancer) with the bullet (NEWHP: 100)(23,117,1)
[07:31:05]ATTACK: NON-EXISTANT SUBJECT shot Griffin Whiteman(pahomlancer) with the bullet (NEWHP: 65)(20,117,1)
[07:31:07]ATTACK: NON-EXISTANT SUBJECT shot Griffin Whiteman(pahomlancer) with the bullet (NEWHP: 30)(19,117,1)
[07:31:09]ATTACK: NON-EXISTANT SUBJECT shot Griffin Whiteman(pahomlancer) with the bullet (NEWHP: -5)(19,117,1)
[07:31:19]ATTACK: NON-EXISTANT SUBJECT shot Griffin Whiteman(pahomlancer) with the bullet (NEWHP: 100)(19,117,1)
[07:31:21]ATTACK: NON-EXISTANT SUBJECT shot Griffin Whiteman(pahomlancer) with the bullet (NEWHP: 65)(19,117,1)
[07:31:23]ATTACK: NON-EXISTANT SUBJECT shot Griffin Whiteman(pahomlancer) with the bullet (NEWHP: 30)(19,116,1)
[07:31:31]ATTACK: NON-EXISTANT SUBJECT shot Griffin Whiteman(pahomlancer) with the bullet (NEWHP: 100)(19,117,1)
[07:31:33]ATTACK: NON-EXISTANT SUBJECT shot Griffin Whiteman(pahomlancer) with the bullet (NEWHP: 65)(19,118,1)
[07:31:37]ATTACK: NON-EXISTANT SUBJECT shot Griffin Whiteman(pahomlancer) with the bullet (NEWHP: 30)(17,117,1)
[07:31:56]ATTACK: NON-EXISTANT SUBJECT shot Griffin Whiteman(pahomlancer) with the bullet (NEWHP: 100)(14,115,1)
[07:31:58]ATTACK: NON-EXISTANT SUBJECT shot Griffin Whiteman(pahomlancer) with the bullet (NEWHP: 40)(10,117,1)


Starting up. 07:35.58
---------------------
[07:38:56]ATTACK: rad scorpion (914) attacked Default Cyborg-729  (NEWHP: 100)(40,159,1)
[07:38:58]ATTACK: rad scorpion (914) attacked Default Cyborg-729  (NEWHP: 95)(40,159,1)
[07:38:58]ATTACK: giant rad scorpion (706) attacked Default Cyborg-729  (NEWHP: 87)(40,159,1)
[07:39:00]ATTACK: rad scorpion (914) attacked Default Cyborg-729  (NEWHP: 69)(40,159,1)
[07:39:00]ATTACK: giant rad scorpion (706) attacked Default Cyborg-729  (NEWHP: 62)(40,159,1)
[07:39:02]ATTACK: rad scorpion (914) attacked Default Cyborg-729  (NEWHP: 47)(40,158,1)
[07:39:02]ATTACK: giant rad scorpion (706) attacked Default Cyborg-729  (NEWHP: 38)(40,158,1)
[07:39:04]ATTACK: rad scorpion (914) attacked Default Cyborg-729  (NEWHP: 20)(40,158,1)
[07:39:04]ATTACK: giant rad scorpion (706) attacked Default Cyborg-729  (NEWHP: 15)(40,158,1)
[07:39:06]ATTACK: rad scorpion (914) attacked Default Cyborg-729  (NEWHP: -1)(40,158,1)
[07:39:06]ATTACK: giant rad scorpion (706) attacked Default Cyborg-729  (NEWHP: -7)(40,158,1)
[07:39:08]ATTACK: rad scorpion (914) attacked Default Cyborg-729  (NEWHP: -27)(40,158,1)
[07:39:08]ATTACK: giant rad scorpion (706) attacked Default Cyborg-729  (NEWHP: -37)(40,158,1)
[07:39:10]ATTACK: rad scorpion (914) attacked Default Cyborg-729  (NEWHP: -54)(40,158,1)
[07:39:10]ATTACK: giant rad scorpion (706) attacked Default Cyborg-729  (NEWHP: -64)(40,158,1)
[07:39:12]ATTACK: rad scorpion (914) attacked Default Cyborg-729  (NEWHP: -82)(40,158,1)
[07:39:12]ATTACK: giant rad scorpion (706) attacked Default Cyborg-729  (NEWHP: -92)(40,158,1)
[07:40:17]ATTACK: NON-EXISTANT SUBJECT shot Griffin Whiteman(pahomlancer) with the bullet (NEWHP: 100)(32,125,1)
[07:40:19]ATTACK: NON-EXISTANT SUBJECT shot Griffin Whiteman(pahomlancer) with the bullet (NEWHP: 100)(32,125,1)
[07:40:19]ATTACK: NON-EXISTANT SUBJECT shot Griffin Whiteman(pahomlancer) with the bullet (NEWHP: 54.5)(32,125,1)
[07:40:19]ATTACK: NON-EXISTANT SUBJECT shot Griffin Whiteman(pahomlancer) with the bullet (NEWHP: 54.5)(32,125,1)
[07:40:21]ATTACK: NON-EXISTANT SUBJECT shot Griffin Whiteman(pahomlancer) with the bullet (NEWHP: 54.5)(32,125,1)
[07:40:21]ATTACK: NON-EXISTANT SUBJECT shot Griffin Whiteman(pahomlancer) with the bullet (NEWHP: 54.5)(32,125,1)
[07:40:21]ATTACK: NON-EXISTANT SUBJECT shot Griffin Whiteman(pahomlancer) with the bullet (NEWHP: 54.5)(32,125,1)
[07:40:29]ATTACK: NON-EXISTANT SUBJECT shot Griffin Whiteman(pahomlancer) with the bullet (NEWHP: 100)(32,126,1)
[07:40:29]ATTACK: NON-EXISTANT SUBJECT shot Griffin Whiteman(pahomlancer) with the bullet (NEWHP: 100)(32,126,1)
[07:40:31]ATTACK: NON-EXISTANT SUBJECT shot Griffin Whiteman(pahomlancer) with the bullet (NEWHP: 54.5)(32,124,1)
[07:40:31]ATTACK: NON-EXISTANT SUBJECT shot Griffin Whiteman(pahomlancer) with the bullet (NEWHP: 54.5)(32,124,1)
[07:40:31]ATTACK: NON-EXISTANT SUBJECT shot Griffin Whiteman(pahomlancer) with the bullet (NEWHP: 54.5)(32,124,1)
[07:40:46]ATTACK: NON-EXISTANT SUBJECT shot Griffin Whiteman(pahomlancer) with the bullet (NEWHP: 100)(32,124,1)
[07:40:46]ATTACK: NON-EXISTANT SUBJECT shot Griffin Whiteman(pahomlancer) with the bullet (NEWHP: 77.25)(32,124,1)
[07:40:46]ATTACK: NON-EXISTANT SUBJECT shot Griffin Whiteman(pahomlancer) with the bullet (NEWHP: 77.25)(32,124,1)
[07:40:50]ATTACK: NON-EXISTANT SUBJECT shot Griffin Whiteman(pahomlancer) with the bullet (NEWHP: 19.5)(32,130,1)
[07:40:50]ATTACK: NON-EXISTANT SUBJECT shot Griffin Whiteman(pahomlancer) with the bullet (NEWHP: -3.25)(32,130,1)
[07:44:44]ATTACK: giant rad scorpion (333) attacked Molerat  (NEWHP: 100)(47,149,1)
[07:44:44]ATTACK: Molerat attacked giant rad scorpion (333)  (NEWHP: 200)(46,149,1)
[07:44:46]ATTACK: giant rad scorpion (333) attacked Molerat  (NEWHP: 80)(47,149,1)
[07:44:46]ATTACK: Molerat attacked giant rad scorpion (333)  (NEWHP: 195)(46,149,1)
[07:44:48]ATTACK: giant rad scorpion (333) attacked Molerat  (NEWHP: 61)(47,149,1)
[07:44:48]ATTACK: Molerat attacked giant rad scorpion (333)  (NEWHP: 187)(46,149,1)
[07:44:50]ATTACK: giant rad scorpion (333) attacked Molerat  (NEWHP: 43)(47,149,1)
[07:44:50]ATTACK: Molerat attacked giant rad scorpion (333)  (NEWHP: 180)(46,149,1)
[07:44:52]ATTACK: giant rad scorpion (333) attacked Molerat  (NEWHP: 26)(47,149,1)
[07:44:52]ATTACK: Molerat attacked giant rad scorpion (333)  (NEWHP: 174)(46,149,1)
[07:44:54]ATTACK: giant rad scorpion (333) attacked Molerat  (NEWHP: 7)(47,149,1)
[07:45:51]ATTACK: Molerat attacked giant rad scorpion (333)  (NEWHP: 167)(49,148,1)
[07:45:53]ATTACK: Molerat attacked giant rad scorpion (333)  (NEWHP: 161)(49,148,1)
[07:45:55]ATTACK: Molerat attacked giant rad scorpion (333)  (NEWHP: 153)(49,148,1)
[07:45:57]ATTACK: giant rad scorpion (333) attacked Molerat  (NEWHP: 100)(50,148,1)
[07:45:57]ATTACK: Molerat attacked giant rad scorpion (333)  (NEWHP: 146)(49,148,1)
[07:45:59]ATTACK: giant rad scorpion (333) attacked Molerat  (NEWHP: 82)(50,148,1)
[07:45:59]ATTACK: Molerat attacked giant rad scorpion (333)  (NEWHP: 136)(49,148,1)
[07:46:01]ATTACK: giant rad scorpion (333) attacked Molerat  (NEWHP: 62)(50,148,1)
[07:46:01]ATTACK: Molerat attacked giant rad scorpion (333)  (NEWHP: 131)(49,148,1)
[07:46:03]ATTACK: giant rad scorpion (333) attacked Molerat  (NEWHP: 43)(50,148,1)
[07:46:03]ATTACK: Molerat attacked giant rad scorpion (333)  (NEWHP: 126)(49,148,1)
[07:46:05]ATTACK: giant rad scorpion (333) attacked Molerat  (NEWHP: 23)(50,148,1)
[07:46:05]ATTACK: Molerat attacked giant rad scorpion (333)  (NEWHP: 118)(49,148,1)
[07:46:07]ATTACK: giant rad scorpion (333) attacked Molerat  (NEWHP: 5)(50,148,1)
[07:48:38]ATTACK: NON-EXISTANT SUBJECT shot Unknown(pahomlancer) with the bullet (NEWHP: 100)(21,127,1)
[07:48:40]ATTACK: NON-EXISTANT SUBJECT shot Unknown(pahomlancer) with the bullet (NEWHP: 82.5)(21,128,1)
[07:48:40]ATTACK: NON-EXISTANT SUBJECT shot Unknown(pahomlancer) with the bullet (NEWHP: 65)(21,128,1)
[07:48:42]ATTACK: NON-EXISTANT SUBJECT shot Unknown(pahomlancer) with the bullet (NEWHP: 65)(22,128,1)
[07:48:42]ATTACK: NON-EXISTANT SUBJECT shot Unknown(pahomlancer) with the bullet (NEWHP: 65)(22,128,1)
[07:48:44]ATTACK: NON-EXISTANT SUBJECT shot Unknown(pahomlancer) with the bullet (NEWHP: 12.5)(21,128,1)
[07:48:44]ATTACK: NON-EXISTANT SUBJECT shot Unknown(pahomlancer) with the bullet (NEWHP: 12.5)(21,128,1)
[07:49:25]ATTACK: NON-EXISTANT SUBJECT shot Unknown(pahomlancer) with the bullet (NEWHP: 100)(21,129,1)
[07:49:27]ATTACK: NON-EXISTANT SUBJECT shot Unknown(pahomlancer) with the bullet (NEWHP: 82.5)(22,127,1)
[07:51:04]ATTACK: NON-EXISTANT SUBJECT shot giant rad scorpion (113) with the bullet (NEWHP: 165)(28,135,1)
[07:51:04]ATTACK: NON-EXISTANT SUBJECT shot giant rad scorpion (113) with the bullet (NEWHP: 130)(28,135,1)
[07:51:06]ATTACK: NON-EXISTANT SUBJECT shot giant rad scorpion (113) with the bullet (NEWHP: 95)(28,135,1)
[07:51:06]ATTACK: NON-EXISTANT SUBJECT shot giant rad scorpion (113) with the bullet (NEWHP: 60)(28,135,1)
[07:51:08]ATTACK: NON-EXISTANT SUBJECT shot giant rad scorpion (113) with the bullet (NEWHP: 25)(28,135,1)
[07:51:08]ATTACK: NON-EXISTANT SUBJECT shot giant rad scorpion (113) with the bullet (NEWHP: 0)(28,135,1)
[07:51:10]ATTACK: NON-EXISTANT SUBJECT shot giant rad scorpion (113) with the bullet (NEWHP: 0)(28,135,1)
[07:51:10]ATTACK: NON-EXISTANT SUBJECT shot giant rad scorpion (113) with the bullet (NEWHP: 0)(28,135,1)
[07:51:12]ATTACK: NON-EXISTANT SUBJECT shot giant rad scorpion (113) with the bullet (NEWHP: 0)(28,135,1)
[07:51:12]ATTACK: NON-EXISTANT SUBJECT shot giant rad scorpion (113) with the bullet (NEWHP: 0)(28,135,1)
[07:51:14]ATTACK: NON-EXISTANT SUBJECT shot giant rad scorpion (113) with the bullet (NEWHP: 0)(28,135,1)
[07:51:14]ATTACK: NON-EXISTANT SUBJECT shot giant rad scorpion (113) with the bullet (NEWHP: 0)(28,135,1)
[07:51:16]ATTACK: NON-EXISTANT SUBJECT shot giant rad scorpion (113) with the bullet (NEWHP: 0)(28,135,1)
[07:51:16]ATTACK: NON-EXISTANT SUBJECT shot giant rad scorpion (113) with the bullet (NEWHP: 0)(28,135,1)
[07:51:18]ATTACK: NON-EXISTANT SUBJECT shot giant rad scorpion (113) with the bullet (NEWHP: 0)(28,135,1)
[07:51:18]ATTACK: NON-EXISTANT SUBJECT shot giant rad scorpion (113) with the bullet (NEWHP: 0)(28,135,1)
[07:53:21]ATTACK: Molerat attacked yaogai  (NEWHP: 300)(137,155,1)
[07:53:21]ATTACK: yaogai attacked Molerat  (NEWHP: 100)(136,155,1)
[07:53:23]ATTACK: Molerat attacked yaogai  (NEWHP: 293)(137,155,1)
[07:53:23]ATTACK: yaogai attacked Molerat  (NEWHP: 66)(136,155,1)
[07:53:25]ATTACK: Molerat attacked yaogai  (NEWHP: 284)(137,155,1)
[07:53:25]ATTACK: yaogai attacked Molerat  (NEWHP: 31)(136,155,1)
[07:53:27]ATTACK: Molerat attacked yaogai  (NEWHP: 277)(137,155,1)
[07:53:27]ATTACK: yaogai attacked Molerat  (NEWHP: 5)(136,155,1)


Starting up. 08:09.37
---------------------
[08:13:02]ATTACK: rad scorpion (651) attacked Default Cyborg-847  (NEWHP: 100)(40,159,1)
[08:13:04]ATTACK: rad scorpion (651) attacked Default Cyborg-847  (NEWHP: 91)(40,159,1)
[08:13:04]ATTACK: giant rad scorpion (178) attacked Default Cyborg-847  (NEWHP: 81)(40,159,1)
[08:13:06]ATTACK: rad scorpion (651) attacked Default Cyborg-847  (NEWHP: 62)(40,159,1)
[08:13:06]ATTACK: giant rad scorpion (178) attacked Default Cyborg-847  (NEWHP: 54)(40,159,1)
[08:13:08]ATTACK: rad scorpion (651) attacked Default Cyborg-847  (NEWHP: 39)(40,159,1)
[08:13:08]ATTACK: giant rad scorpion (178) attacked Default Cyborg-847  (NEWHP: 33)(40,159,1)
[08:13:10]ATTACK: rad scorpion (651) attacked Default Cyborg-847  (NEWHP: 15)(40,159,1)
[08:13:10]ATTACK: giant rad scorpion (178) attacked Default Cyborg-847  (NEWHP: 9)(40,159,1)
[08:13:12]ATTACK: rad scorpion (651) attacked Default Cyborg-847  (NEWHP: -9)(40,159,1)
[08:13:12]ATTACK: giant rad scorpion (178) attacked Default Cyborg-847  (NEWHP: -18)(40,159,1)
[08:13:14]ATTACK: rad scorpion (651) attacked Default Cyborg-847  (NEWHP: -34)(40,159,1)
[08:13:14]ATTACK: giant rad scorpion (178) attacked Default Cyborg-847  (NEWHP: -39)(40,159,1)
[08:13:16]ATTACK: rad scorpion (651) attacked Default Cyborg-847  (NEWHP: -54)(40,159,1)
[08:13:16]ATTACK: giant rad scorpion (178) attacked Default Cyborg-847  (NEWHP: -60)(40,159,1)
[08:13:18]ATTACK: rad scorpion (651) attacked Default Cyborg-847  (NEWHP: -80)(40,159,1)
[08:13:18]ATTACK: giant rad scorpion (178) attacked Default Cyborg-847  (NEWHP: -87)(40,159,1)
[08:13:38]ATTACK: Molerat attacked Griffin Whiteman(pahomlancer)  (NEWHP: 99)(78,127,1)
[08:13:38]ATTACK: Molerat attacked Griffin Whiteman(pahomlancer)  (NEWHP: 90)(78,127,1)
[08:14:05]ATTACK: NON-EXISTANT SUBJECT shot Griffin Whiteman(pahomlancer) with the bullet (NEWHP: 99)(23,129,1)
[08:14:07]ATTACK: NON-EXISTANT SUBJECT shot Griffin Whiteman(pahomlancer) with the bullet (NEWHP: 64)(28,131,1)
[08:14:07]ATTACK: NON-EXISTANT SUBJECT shot Griffin Whiteman(pahomlancer) with the bullet (NEWHP: 64)(28,130,1)
[08:16:32]ATTACK: Cazador attacked brahmin  (NEWHP: 20)(227,145,1)
[08:16:36]ATTACK: Cazador attacked brahmin  (NEWHP: 20)(226,145,1)
[08:16:42]ATTACK: Cazador attacked brahmin  (NEWHP: 20)(225,145,1)
[08:17:15]ATTACK: NON-EXISTANT SUBJECT shot Griffin Whiteman(pahomlancer) with the bullet (NEWHP: 100)(26,130,1)
[08:17:15]ATTACK: NON-EXISTANT SUBJECT shot Griffin Whiteman(pahomlancer) with the bullet (NEWHP: 100)(26,129,1)
[08:17:15]ATTACK: NON-EXISTANT SUBJECT shot Griffin Whiteman(pahomlancer) with the bullet (NEWHP: 30)(26,128,1)
[08:17:17]ATTACK: NON-EXISTANT SUBJECT shot Griffin Whiteman(pahomlancer) with the bullet (NEWHP: 30)(28,128,1)
[08:17:17]ATTACK: NON-EXISTANT SUBJECT shot Griffin Whiteman(pahomlancer) with the bullet (NEWHP: 30)(28,128,1)
[08:17:17]ATTACK: NON-EXISTANT SUBJECT shot Griffin Whiteman(pahomlancer) with the bullet (NEWHP: -75)(28,128,1)
[08:17:41]ATTACK: NON-EXISTANT SUBJECT shot Griffin Whiteman(pahomlancer) with the bullet (NEWHP: 100)(28,132,1)
[08:17:41]ATTACK: NON-EXISTANT SUBJECT shot Griffin Whiteman(pahomlancer) with the bullet (NEWHP: 100)(28,132,1)
[08:17:42]ATTACK: NON-EXISTANT SUBJECT shot Griffin Whiteman(pahomlancer) with the bullet (NEWHP: 100)(28,133,1)
[08:17:43]ATTACK: NON-EXISTANT SUBJECT shot Griffin Whiteman(pahomlancer) with the bullet (NEWHP: -5)(31,129,1)
[08:17:44]ATTACK: NON-EXISTANT SUBJECT shot Griffin Whiteman(pahomlancer) with the bullet (NEWHP: -5)(31,129,1)
[08:17:44]ATTACK: NON-EXISTANT SUBJECT shot Griffin Whiteman(pahomlancer) with the bullet (NEWHP: -5)(31,129,1)
[08:20:35]ATTACK: NON-EXISTANT SUBJECT shot Griffin Whiteman(pahomlancer) with the bullet (NEWHP: 100)(27,127,1)
[08:20:35]ATTACK: NON-EXISTANT SUBJECT shot Griffin Whiteman(pahomlancer) with the bullet (NEWHP: 100)(27,127,1)
[08:20:37]ATTACK: NON-EXISTANT SUBJECT shot Griffin Whiteman(pahomlancer) with the bullet (NEWHP: 30)(30,133,1)
[08:20:37]ATTACK: NON-EXISTANT SUBJECT shot Griffin Whiteman(pahomlancer) with the bullet (NEWHP: 30)(30,133,1)
[08:20:39]ATTACK: NON-EXISTANT SUBJECT shot Griffin Whiteman(pahomlancer) with the bullet (NEWHP: -40)(30,130,1)
[08:20:39]ATTACK: NON-EXISTANT SUBJECT shot Griffin Whiteman(pahomlancer) with the bullet (NEWHP: -40)(30,130,1)
[08:20:39]ATTACK: NON-EXISTANT SUBJECT shot Griffin Whiteman(pahomlancer) with the bullet (NEWHP: -40)(30,130,1)
[08:21:27]ATTACK: Molerat attacked Mutant  (NEWHP: 250)(91,112,5)
[08:21:27]ATTACK: Mutant attacked Molerat  (NEWHP: 100)(91,113,5)
[08:21:29]ATTACK: Molerat attacked Mutant  (NEWHP: 250)(91,112,5)
[08:21:29]ATTACK: Mutant attacked Molerat  (NEWHP: 68)(91,113,5)
[08:21:31]ATTACK: Molerat attacked Mutant  (NEWHP: 250)(91,112,5)
[08:21:31]ATTACK: Mutant attacked Molerat  (NEWHP: 39)(91,113,5)
[08:21:33]ATTACK: Molerat attacked Mutant  (NEWHP: 250)(91,112,5)
[08:21:33]ATTACK: Mutant attacked Molerat  (NEWHP: 13)(91,113,5)
[08:23:06]ATTACK: NON-EXISTANT SUBJECT shot Griffin Whiteman(pahomlancer) with the bullet (NEWHP: 100)(30,130,1)
[08:23:07]ATTACK: NON-EXISTANT SUBJECT shot Griffin Whiteman(pahomlancer) with the bullet (NEWHP: 65)(30,130,1)
[08:23:07]ATTACK: NON-EXISTANT SUBJECT shot Griffin Whiteman(pahomlancer) with the bullet (NEWHP: 65)(30,130,1)
[08:23:08]ATTACK: NON-EXISTANT SUBJECT shot Griffin Whiteman(pahomlancer) with the bullet (NEWHP: 65)(30,130,1)
[08:23:09]ATTACK: NON-EXISTANT SUBJECT shot Griffin Whiteman(pahomlancer) with the bullet (NEWHP: -40)(30,130,1)
[08:23:09]ATTACK: NON-EXISTANT SUBJECT shot Griffin Whiteman(pahomlancer) with the bullet (NEWHP: -40)(30,130,1)
[08:23:35]ATTACK: NON-EXISTANT SUBJECT shot Griffin Whiteman(pahomlancer) with the bullet (NEWHP: 100)(30,130,1)
[08:23:39]ATTACK: NON-EXISTANT SUBJECT shot Griffin Whiteman(pahomlancer) with the bullet (NEWHP: 65)(29,125,1)
[08:23:41]ATTACK: NON-EXISTANT SUBJECT shot Griffin Whiteman(pahomlancer) with the bullet (NEWHP: 30)(21,125,1)
[08:23:41]ATTACK: NON-EXISTANT SUBJECT shot Griffin Whiteman(pahomlancer) with the bullet (NEWHP: 30)(21,126,1)
[08:23:43]ATTACK: NON-EXISTANT SUBJECT shot Griffin Whiteman(pahomlancer) with the bullet (NEWHP: -43)(22,128,1)
[08:23:43]ATTACK: NON-EXISTANT SUBJECT shot Griffin Whiteman(pahomlancer) with the bullet (NEWHP: -43)(22,128,1)
[08:23:43]ATTACK: NON-EXISTANT SUBJECT shot Griffin Whiteman(pahomlancer) with the bullet (NEWHP: -43)(22,128,1)
[08:25:29]ATTACK: giant rad scorpion (418) attacked Molerat  (NEWHP: 100)(38,149,1)
[08:25:29]ATTACK: Molerat attacked giant rad scorpion (418)  (NEWHP: 200)(37,149,1)
[08:25:31]ATTACK: giant rad scorpion (418) attacked Molerat  (NEWHP: 83)(38,149,1)
[08:25:31]ATTACK: Molerat attacked giant rad scorpion (418)  (NEWHP: 195)(37,149,1)
[08:25:31]ATTACK: Molerat attacked giant rad scorpion (418)  (NEWHP: 189)(37,149,1)
[08:25:33]ATTACK: giant rad scorpion (418) attacked Molerat  (NEWHP: 66)(38,149,1)
[08:25:33]ATTACK: Molerat attacked giant rad scorpion (418)  (NEWHP: 181)(37,149,1)
[08:25:33]ATTACK: Molerat attacked giant rad scorpion (418)  (NEWHP: 174)(37,149,1)
[08:25:35]ATTACK: giant rad scorpion (418) attacked Molerat  (NEWHP: 100)(38,148,1)
[08:25:35]ATTACK: Molerat attacked giant rad scorpion (418)  (NEWHP: 167)(37,149,1)
[08:25:35]ATTACK: Molerat attacked giant rad scorpion (418)  (NEWHP: 161)(37,149,1)
[08:25:37]ATTACK: giant rad scorpion (418) attacked Molerat  (NEWHP: 81)(38,148,1)
[08:25:37]ATTACK: Molerat attacked giant rad scorpion (418)  (NEWHP: 155)(37,149,1)
[08:25:37]ATTACK: Molerat attacked giant rad scorpion (418)  (NEWHP: 147)(37,149,1)
[08:25:39]ATTACK: giant rad scorpion (418) attacked Molerat  (NEWHP: 49)(38,149,1)
[08:25:39]ATTACK: Molerat attacked giant rad scorpion (418)  (NEWHP: 142)(37,149,1)
[08:25:39]ATTACK: Molerat attacked giant rad scorpion (418)  (NEWHP: 134)(37,149,1)
[08:25:41]ATTACK: giant rad scorpion (418) attacked Molerat  (NEWHP: 32)(38,149,1)
[08:25:41]ATTACK: Molerat attacked giant rad scorpion (418)  (NEWHP: 129)(37,149,1)
[08:25:41]ATTACK: Molerat attacked giant rad scorpion (418)  (NEWHP: 122)(37,149,1)
[08:25:43]ATTACK: giant rad scorpion (418) attacked Molerat  (NEWHP: 15)(38,149,1)
[08:25:43]ATTACK: Molerat attacked giant rad scorpion (418)  (NEWHP: 114)(37,149,1)
[08:25:45]ATTACK: Molerat attacked giant rad scorpion (418)  (NEWHP: 104)(37,149,1)
[08:25:47]ATTACK: giant rad scorpion (418) attacked Molerat  (NEWHP: 66)(38,148,1)
[08:25:47]ATTACK: Molerat attacked giant rad scorpion (418)  (NEWHP: 96)(37,149,1)
[08:25:49]ATTACK: giant rad scorpion (418) attacked Molerat  (NEWHP: 49)(38,148,1)
[08:25:49]ATTACK: Molerat attacked giant rad scorpion (418)  (NEWHP: 87)(37,149,1)
[08:25:51]ATTACK: giant rad scorpion (418) attacked Molerat  (NEWHP: 32)(38,148,1)
[08:25:51]ATTACK: Molerat attacked giant rad scorpion (418)  (NEWHP: 82)(37,149,1)
[08:25:53]ATTACK: giant rad scorpion (418) attacked Molerat  (NEWHP: 12)(38,148,1)
[08:30:24]ATTACK: Raider shot Raider with the bullet (NEWHP: 65)(136,237,1)
[08:30:30]ATTACK: Raider shot Raider with the bullet (NEWHP: 30)(136,237,1)
[08:38:29]ATTACK: Molerat attacked Mutant  (NEWHP: 250)(63,116,5)
[08:38:29]ATTACK: Mutant attacked Molerat  (NEWHP: 100)(64,116,5)
[08:38:31]ATTACK: Molerat attacked Mutant  (NEWHP: 250)(63,116,5)
[08:38:31]ATTACK: Mutant attacked Molerat  (NEWHP: 65)(64,116,5)
[08:38:33]ATTACK: Molerat attacked Mutant  (NEWHP: 250)(63,116,5)
[08:38:33]ATTACK: Mutant attacked Molerat  (NEWHP: 34)(64,116,5)
[08:38:35]ATTACK: Molerat attacked Mutant  (NEWHP: 250)(63,116,5)
[08:38:35]ATTACK: Mutant attacked Molerat  (NEWHP: 8)(64,116,5)
[08:44:22]ATTACK: Molerat attacked yaogai  (NEWHP: 300)(134,154,1)
[08:44:22]ATTACK: Molerat attacked yaogai  (NEWHP: 291)(134,154,1)
[08:44:22]ATTACK: yaogai attacked Molerat  (NEWHP: 100)(133,154,1)
[08:44:24]ATTACK: Molerat attacked yaogai  (NEWHP: 285)(134,154,1)
[08:44:24]ATTACK: Molerat attacked yaogai  (NEWHP: 280)(134,154,1)
[08:44:24]ATTACK: yaogai attacked Molerat  (NEWHP: 68)(133,154,1)
[08:44:26]ATTACK: Molerat attacked yaogai  (NEWHP: 273)(134,154,1)
[08:44:26]ATTACK: Molerat attacked yaogai  (NEWHP: 263)(134,154,1)
[08:44:26]ATTACK: yaogai attacked Molerat  (NEWHP: 39)(133,154,1)
[08:44:28]ATTACK: Molerat attacked yaogai  (NEWHP: 258)(134,154,1)
[08:44:28]ATTACK: Molerat attacked yaogai  (NEWHP: 248)(134,154,1)
[08:44:28]ATTACK: yaogai attacked Molerat  (NEWHP: 100)(133,155,1)
[08:44:30]ATTACK: Molerat attacked yaogai  (NEWHP: 240)(134,154,1)
[08:44:30]ATTACK: Molerat attacked yaogai  (NEWHP: 235)(134,154,1)
[08:44:30]ATTACK: yaogai attacked Molerat  (NEWHP: 75)(133,155,1)
[08:44:32]ATTACK: Molerat attacked yaogai  (NEWHP: 226)(134,154,1)
[08:44:32]ATTACK: Molerat attacked yaogai  (NEWHP: 221)(134,154,1)
[08:44:32]ATTACK: yaogai attacked Molerat  (NEWHP: 48)(133,155,1)
[08:44:34]ATTACK: Molerat attacked yaogai  (NEWHP: 212)(134,154,1)
[08:44:34]ATTACK: Molerat attacked yaogai  (NEWHP: 203)(134,154,1)
[08:44:34]ATTACK: yaogai attacked Molerat  (NEWHP: 18)(133,155,1)
[08:44:36]ATTACK: Molerat attacked yaogai  (NEWHP: 197)(134,154,1)
[08:44:36]ATTACK: yaogai attacked Molerat  (NEWHP: 4)(133,154,1)
[08:44:42]ATTACK: Molerat attacked yaogai  (NEWHP: 191)(130,153,1)
[08:44:42]ATTACK: yaogai attacked Molerat  (NEWHP: 100)(129,153,1)
[08:44:44]ATTACK: Molerat attacked yaogai  (NEWHP: 185)(130,153,1)
[08:44:44]ATTACK: yaogai attacked Molerat  (NEWHP: 65)(129,153,1)
[08:44:45]ATTACK: Molerat attacked yaogai  (NEWHP: 176)(130,153,1)
[08:44:46]ATTACK: yaogai attacked Molerat  (NEWHP: 38)(129,153,1)
[08:44:48]ATTACK: Molerat attacked yaogai  (NEWHP: 166)(130,153,1)
[08:44:48]ATTACK: yaogai attacked Molerat  (NEWHP: 10)(129,153,1)
[08:45:34]ATTACK: Molerat attacked Mutant  (NEWHP: 250)(159,90,5)
[08:45:34]ATTACK: Mutant attacked Molerat  (NEWHP: 100)(159,91,5)
[08:45:36]ATTACK: Molerat attacked Mutant  (NEWHP: 250)(159,90,5)
[08:45:36]ATTACK: Mutant attacked Molerat  (NEWHP: 71)(159,91,5)
[08:45:38]ATTACK: Molerat attacked Mutant  (NEWHP: 250)(159,90,5)
[08:45:38]ATTACK: Mutant attacked Molerat  (NEWHP: 40)(159,91,5)
[08:45:40]ATTACK: Molerat attacked Mutant  (NEWHP: 250)(159,90,5)
[08:45:40]ATTACK: Mutant attacked Molerat  (NEWHP: 15)(159,91,5)
[08:46:43]ATTACK: Raider shot Raider with the bullet (NEWHP: 65)(136,238,1)
[08:47:11]ATTACK: Raider shot Raider with the bullet (NEWHP: 30)(136,238,1)
[09:01:19]ATTACK: Molerat attacked giant rad scorpion (418)  (NEWHP: 73)(50,148,1)
[09:01:21]ATTACK: Molerat attacked giant rad scorpion (418)  (NEWHP: 66)(50,148,1)
[09:01:23]ATTACK: Molerat attacked giant rad scorpion (418)  (NEWHP: 60)(50,148,1)
[09:01:25]ATTACK: Molerat attacked giant rad scorpion (418)  (NEWHP: 51)(50,148,1)
[09:01:27]ATTACK: Molerat attacked giant rad scorpion (418)  (NEWHP: 46)(50,148,1)
[09:01:29]ATTACK: Molerat attacked giant rad scorpion (418)  (NEWHP: 37)(50,148,1)
[09:01:31]ATTACK: Molerat attacked giant rad scorpion (418)  (NEWHP: 28)(50,148,1)
[09:01:33]ATTACK: Molerat attacked giant rad scorpion (418)  (NEWHP: 21)(50,148,1)
[09:01:35]ATTACK: Molerat attacked giant rad scorpion (418)  (NEWHP: 14)(50,148,1)
[09:01:37]ATTACK: Molerat attacked giant rad scorpion (418)  (NEWHP: 7)(50,148,1)
[09:03:56]ATTACK: Molerat attacked giant rad scorpion (749)  (NEWHP: 200)(44,149,1)
[09:03:56]ATTACK: giant rad scorpion (749) attacked Molerat  (NEWHP: 100)(45,149,1)
[09:03:58]ATTACK: Molerat attacked giant rad scorpion (749)  (NEWHP: 190)(44,149,1)
[09:03:58]ATTACK: giant rad scorpion (749) attacked Molerat  (NEWHP: 84)(45,149,1)
[09:04:00]ATTACK: Molerat attacked giant rad scorpion (749)  (NEWHP: 180)(44,149,1)
[09:04:00]ATTACK: giant rad scorpion (749) attacked Molerat  (NEWHP: 64)(45,149,1)
[09:04:02]ATTACK: Molerat attacked giant rad scorpion (749)  (NEWHP: 175)(44,149,1)
[09:04:02]ATTACK: giant rad scorpion (749) attacked Molerat  (NEWHP: 48)(45,149,1)
[09:04:04]ATTACK: Molerat attacked giant rad scorpion (749)  (NEWHP: 167)(44,149,1)
[09:04:04]ATTACK: giant rad scorpion (749) attacked Molerat  (NEWHP: 29)(45,149,1)
[09:04:06]ATTACK: Molerat attacked giant rad scorpion (749)  (NEWHP: 158)(44,149,1)
[09:04:06]ATTACK: giant rad scorpion (749) attacked Molerat  (NEWHP: 9)(45,149,1)
[09:15:16]ATTACK: Molerat attacked giant rad scorpion (803)  (NEWHP: 200)(49,148,1)
[09:15:16]ATTACK: giant rad scorpion (803) attacked Molerat  (NEWHP: 100)(50,148,1)
[09:15:18]ATTACK: Molerat attacked giant rad scorpion (803)  (NEWHP: 194)(49,148,1)
[09:15:19]ATTACK: giant rad scorpion (803) attacked Molerat  (NEWHP: 82)(50,148,1)
[09:15:21]ATTACK: Molerat attacked giant rad scorpion (803)  (NEWHP: 186)(49,148,1)
[09:15:21]ATTACK: giant rad scorpion (803) attacked Molerat  (NEWHP: 65)(50,148,1)
[09:15:23]ATTACK: Molerat attacked giant rad scorpion (803)  (NEWHP: 178)(49,148,1)
[09:15:23]ATTACK: giant rad scorpion (803) attacked Molerat  (NEWHP: 50)(50,148,1)
[09:15:25]ATTACK: Molerat attacked giant rad scorpion (803)  (NEWHP: 168)(49,148,1)
[09:15:25]ATTACK: giant rad scorpion (803) attacked Molerat  (NEWHP: 35)(50,148,1)
[09:15:27]ATTACK: Molerat attacked giant rad scorpion (803)  (NEWHP: 159)(49,148,1)
[09:15:27]ATTACK: giant rad scorpion (803) attacked Molerat  (NEWHP: 17)(50,148,1)
[09:45:51]ATTACK: Mutant attacked Molerat  (NEWHP: 100)(156,70,5)
[09:45:51]ATTACK: Molerat attacked Mutant  (NEWHP: 250)(157,71,5)
[09:45:53]ATTACK: Mutant attacked Molerat  (NEWHP: 67)(156,70,5)
[09:45:53]ATTACK: Molerat attacked Mutant  (NEWHP: 250)(157,71,5)
[09:45:55]ATTACK: Mutant attacked Molerat  (NEWHP: 39)(156,70,5)
[09:45:55]ATTACK: Molerat attacked Mutant  (NEWHP: 250)(157,71,5)
[09:45:57]ATTACK: Mutant attacked Molerat  (NEWHP: 4)(156,70,5)
[10:37:45]ATTACK: Raider attacked Molerat  (NEWHP: 100)(134,69,1)
[10:37:45]ATTACK: Molerat attacked Raider  (NEWHP: 100)(135,69,1)
[10:37:47]ATTACK: Raider shot Molerat with the bullet (NEWHP: 25)(141,69,1)
[10:37:53]ATTACK: Raider shot Molerat with the bullet (NEWHP: 0)(165,69,1)
[10:44:46]ATTACK: Raider shot Space Bat with the bullet (NEWHP: 0)(189,108,1)
[11:15:38]ATTACK: Molerat attacked yaogai  (NEWHP: 160)(138,118,1)
[11:15:38]ATTACK: yaogai attacked Molerat  (NEWHP: 100)(139,118,1)
[11:15:40]ATTACK: Molerat attacked yaogai  (NEWHP: 152)(138,118,1)
[11:15:40]ATTACK: yaogai attacked Molerat  (NEWHP: 70)(139,118,1)
[11:15:42]ATTACK: Molerat attacked yaogai  (NEWHP: 144)(138,118,1)
[11:15:42]ATTACK: yaogai attacked Molerat  (NEWHP: 39)(139,118,1)
[11:15:44]ATTACK: Molerat attacked yaogai  (NEWHP: 135)(138,118,1)
[11:15:44]ATTACK: yaogai attacked Molerat  (NEWHP: 14)(139,118,1)
[11:29:52]ATTACK: Mutant attacked Molerat  (NEWHP: 100)(92,104,5)
[11:29:54]ATTACK: Mutant attacked Molerat  (NEWHP: 75)(92,104,5)
[11:29:54]ATTACK: Molerat attacked Mutant  (NEWHP: 250)(93,104,5)
[11:29:56]ATTACK: Mutant attacked Molerat  (NEWHP: 40)(92,104,5)
[11:29:56]ATTACK: Molerat attacked Mutant  (NEWHP: 250)(93,104,5)
[11:29:58]ATTACK: Mutant attacked Molerat  (NEWHP: 8)(92,104,5)
[12:49:29]ATTACK: Molerat attacked yaogai  (NEWHP: 128)(140,144,1)
[12:49:29]ATTACK: yaogai attacked Molerat  (NEWHP: 100)(140,145,1)
[12:49:31]ATTACK: Molerat attacked yaogai  (NEWHP: 121)(140,144,1)
[12:49:31]ATTACK: yaogai attacked Molerat  (NEWHP: 67)(140,145,1)
[12:49:33]ATTACK: Molerat attacked yaogai  (NEWHP: 111)(140,144,1)
[12:49:33]ATTACK: yaogai attacked Molerat  (NEWHP: 38)(140,145,1)
[12:49:35]ATTACK: Molerat attacked yaogai  (NEWHP: 105)(140,144,1)
[12:49:35]ATTACK: yaogai attacked Molerat  (NEWHP: 8)(140,145,1)
[13:01:46]ATTACK: Molerat attacked brahmin  (NEWHP: 20)(164,112,1)
[13:01:48]ATTACK: Molerat attacked brahmin  (NEWHP: 12)(164,112,1)
[13:01:50]ATTACK: Molerat attacked brahmin  (NEWHP: 2)(163,112,1)
[13:09:32]ATTACK: Raider attacked Molerat  (NEWHP: 100)(188,113,1)
[13:09:32]ATTACK: Molerat attacked Raider  (NEWHP: 100)(189,113,1)
[13:09:35]ATTACK: Raider attacked Molerat  (NEWHP: 85)(198,113,1)
[13:09:35]ATTACK: Molerat attacked Raider  (NEWHP: 91)(199,113,1)
[13:09:37]ATTACK: Raider attacked Molerat  (NEWHP: 70)(206,113,1)
[13:09:37]ATTACK: Molerat attacked Raider  (NEWHP: 83)(207,113,1)
[13:09:39]ATTACK: Raider attacked Molerat  (NEWHP: 55)(213,113,1)
[13:09:39]ATTACK: Molerat attacked Raider  (NEWHP: 78)(213,114,1)
[13:09:41]ATTACK: Raider attacked Molerat  (NEWHP: 40)(213,121,1)
[13:09:41]ATTACK: Molerat attacked Raider  (NEWHP: 72)(213,122,1)
[13:09:43]ATTACK: Raider attacked Molerat  (NEWHP: 25)(213,129,1)
[13:09:43]ATTACK: Molerat attacked Raider  (NEWHP: 63)(213,130,1)
[13:09:45]ATTACK: Raider attacked Molerat  (NEWHP: 10)(213,137,1)
[13:44:05]ATTACK: Molerat attacked Mutant  (NEWHP: 250)(201,226,5)
[13:44:05]ATTACK: Mutant attacked Molerat  (NEWHP: 100)(200,227,5)
[13:44:07]ATTACK: Molerat attacked Mutant  (NEWHP: 250)(201,226,5)
[13:44:07]ATTACK: Mutant attacked Molerat  (NEWHP: 65)(200,227,5)
[13:44:09]ATTACK: Molerat attacked Mutant  (NEWHP: 250)(201,226,5)
[13:44:09]ATTACK: Mutant attacked Molerat  (NEWHP: 30)(200,227,5)
[13:44:11]ATTACK: Molerat attacked Mutant  (NEWHP: 250)(201,226,5)
[13:44:11]ATTACK: Mutant attacked Molerat  (NEWHP: 5)(200,227,5)
[14:06:19]ATTACK: Raider shot brahmin with the bullet (NEWHP: 0)(191,162,1)
[14:08:01]ATTACK: Molerat attacked yaogai  (NEWHP: 100)(119,146,1)
[14:08:01]ATTACK: yaogai attacked Molerat  (NEWHP: 100)(118,146,1)
[14:08:03]ATTACK: Molerat attacked yaogai  (NEWHP: 92)(119,146,1)
[14:08:03]ATTACK: yaogai attacked Molerat  (NEWHP: 70)(118,146,1)
[14:08:05]ATTACK: Molerat attacked yaogai  (NEWHP: 83)(119,146,1)
[14:08:05]ATTACK: yaogai attacked Molerat  (NEWHP: 38)(118,146,1)
[14:08:07]ATTACK: Molerat attacked yaogai  (NEWHP: 73)(119,146,1)
[14:08:07]ATTACK: yaogai attacked Molerat  (NEWHP: 6)(118,146,1)
[14:51:55]ATTACK: Raider attacked Molerat  (NEWHP: 100)(151,70,1)
[14:51:55]ATTACK: Molerat attacked Raider  (NEWHP: 91)(152,71,1)
[14:51:57]ATTACK: Raider shot Molerat with the bullet (NEWHP: 25)(158,77,1)
[14:52:03]ATTACK: Raider shot Molerat with the bullet (NEWHP: 0)(182,86,1)


Starting up. 17:48.36
---------------------
[17:51:55]ATTACK: rad scorpion (553) attacked Default Cyborg-819  (NEWHP: 100)(40,159,1)
[17:51:57]ATTACK: rad scorpion (553) attacked Default Cyborg-819  (NEWHP: 93)(40,159,1)
[17:51:57]ATTACK: giant rad scorpion (669) attacked Default Cyborg-819  (NEWHP: 85)(40,159,1)
[17:51:59]ATTACK: rad scorpion (553) attacked Default Cyborg-819  (NEWHP: 69)(40,159,1)
[17:51:59]ATTACK: giant rad scorpion (669) attacked Default Cyborg-819  (NEWHP: 60)(40,159,1)
[17:52:01]ATTACK: giant rad scorpion (669) attacked Default Cyborg-819  (NEWHP: 42)(40,159,1)
[17:52:03]ATTACK: rad scorpion (553) attacked Default Cyborg-819  (NEWHP: 27)(40,159,1)
[17:52:03]ATTACK: giant rad scorpion (669) attacked Default Cyborg-819  (NEWHP: 21)(40,159,1)
[17:52:06]ATTACK: rad scorpion (553) attacked Default Cyborg-819  (NEWHP: 1)(40,159,1)
[17:52:06]ATTACK: giant rad scorpion (669) attacked Default Cyborg-819  (NEWHP: -6)(40,159,1)
[17:52:08]ATTACK: rad scorpion (553) attacked Default Cyborg-819  (NEWHP: -25)(40,159,1)
[17:52:08]ATTACK: giant rad scorpion (669) attacked Default Cyborg-819  (NEWHP: -33)(40,159,1)
[17:52:10]ATTACK: rad scorpion (553) attacked Default Cyborg-819  (NEWHP: -52)(40,159,1)
[17:52:10]ATTACK: giant rad scorpion (669) attacked Default Cyborg-819  (NEWHP: -58)(40,159,1)
[17:52:12]ATTACK: rad scorpion (553) attacked Default Cyborg-819  (NEWHP: -74)(40,159,1)
[17:52:12]ATTACK: giant rad scorpion (669) attacked Default Cyborg-819  (NEWHP: -84)(40,159,1)
[17:52:13]ATTACK: rad scorpion (553) attacked Default Cyborg-819  (NEWHP: -99)(40,159,1)
[17:52:33]ATTACK: NON-EXISTANT SUBJECT shot Griffin Whiteman(pahomlancer) with the bullet (NEWHP: 91)(27,126,1)
[17:52:35]ATTACK: NON-EXISTANT SUBJECT shot Griffin Whiteman(pahomlancer) with the bullet (NEWHP: 55)(21,127,1)
[17:52:35]ATTACK: NON-EXISTANT SUBJECT shot Griffin Whiteman(pahomlancer) with the bullet (NEWHP: 55)(21,127,1)
[17:53:05]ATTACK: NON-EXISTANT SUBJECT shot Griffin Whiteman(pahomlancer) with the bullet (NEWHP: 100)(17,127,1)
