

Starting up. 04:45.04
---------------------
[04:50:17]ATTACK: giant rad scorpion (475) attacked Default Cyborg-355  (NEWHP: 100)(40,159,1)
[04:50:19]ATTACK: giant rad scorpion (475) attacked Default Cyborg-355  (NEWHP: 84)(40,159,1)
[04:50:22]ATTACK: giant rad scorpion (475) attacked Default Cyborg-355  (NEWHP: 68)(40,159,1)
[04:50:24]ATTACK: giant rad scorpion (475) attacked Default Cyborg-355  (NEWHP: 51)(40,159,1)
[04:50:26]ATTACK: giant rad scorpion (475) attacked Default Cyborg-355  (NEWHP: 35)(40,159,1)
[04:50:28]ATTACK: giant rad scorpion (475) attacked Default Cyborg-355  (NEWHP: 17)(40,159,1)
[04:50:30]ATTACK: giant rad scorpion (475) attacked Default Cyborg-355  (NEWHP: -1)(40,159,1)
[04:50:32]ATTACK: giant rad scorpion (475) attacked Default Cyborg-355  (NEWHP: -20)(40,159,1)
[04:50:34]ATTACK: giant rad scorpion (475) attacked Default Cyborg-355  (NEWHP: -37)(40,159,1)
[04:50:36]ATTACK: giant rad scorpion (475) attacked Default Cyborg-355  (NEWHP: -54)(40,159,1)
[04:50:38]ATTACK: giant rad scorpion (475) attacked Default Cyborg-355  (NEWHP: -72)(40,159,1)
[04:50:40]ATTACK: giant rad scorpion (475) attacked Default Cyborg-355  (NEWHP: -89)(40,159,1)
[04:52:20]ATTACK: Gunner shot Griffin Whiteman(pahomlancer) with the bullet (NEWHP: 100)(43,124,1)
[04:52:20]ATTACK: Gunner shot Griffin Whiteman(pahomlancer) with the bullet (NEWHP: 100)(43,124,1)
[04:52:21]ATTACK: Gunner shot Griffin Whiteman(pahomlancer) with the bullet (NEWHP: 100)(41,124,1)
[04:52:33]ATTACK: Gunner shot Griffin Whiteman(pahomlancer) with the bullet (NEWHP: 99)(21,125,1)
[04:52:33]ATTACK: Gunner shot Griffin Whiteman(pahomlancer) with the bullet (NEWHP: 59)(22,124,1)
[04:52:33]ATTACK: NON-EXISTANT SUBJECT shot Gunner with the bullet (NEWHP: 565)(24,124,1)
[04:52:34]ATTACK: NON-EXISTANT SUBJECT shot Griffin Whiteman(pahomlancer) with the bullet (NEWHP: 59)(22,123,1)
[04:52:39]ATTACK: Gunner shot Griffin Whiteman(pahomlancer) with the bullet (NEWHP: -22)(22,121,1)
[04:52:39]ATTACK: Gunner shot Griffin Whiteman(pahomlancer) with the bullet (NEWHP: 100)(22,121,1)
[04:52:39]ATTACK: Gunner shot Griffin Whiteman(pahomlancer) with the bullet (NEWHP: 100)(22,121,1)
[04:52:42]ATTACK: NON-EXISTANT SUBJECT shot Griffin Whiteman(pahomlancer) with the bullet (NEWHP: 20)(25,121,1)
[04:52:42]ATTACK: NON-EXISTANT SUBJECT shot Griffin Whiteman(pahomlancer) with the bullet (NEWHP: 20)(25,121,1)
[04:52:42]ATTACK: NON-EXISTANT SUBJECT shot Griffin Whiteman(pahomlancer) with the bullet (NEWHP: 20)(26,121,1)
[04:52:45]ATTACK: Gunner shot Griffin Whiteman(pahomlancer) with the bullet (NEWHP: -87)(27,121,1)
[04:52:45]ATTACK: Gunner shot Griffin Whiteman(pahomlancer) with the bullet (NEWHP: -87)(27,121,1)
[04:52:45]ATTACK: Gunner shot Griffin Whiteman(pahomlancer) with the bullet (NEWHP: -87)(27,121,1)
[04:53:26]ATTACK: Gunner attacked Griffin Whiteman(pahomlancer)  (NEWHP: 100)(27,121,1)
[04:53:27]ATTACK: NON-EXISTANT SUBJECT shot Griffin Whiteman(pahomlancer) with the bullet (NEWHP: 70)(22,121,1)
[04:53:28]ATTACK: NON-EXISTANT SUBJECT shot Griffin Whiteman(pahomlancer) with the bullet (NEWHP: 70)(22,121,1)
[04:53:28]ATTACK: NON-EXISTANT SUBJECT shot Griffin Whiteman(pahomlancer) with the bullet (NEWHP: 70)(22,121,1)
[04:53:28]ATTACK: NON-EXISTANT SUBJECT shot Griffin Whiteman(pahomlancer) with the bullet (NEWHP: 70)(22,121,1)
[04:53:29]ATTACK: Gunner shot Griffin Whiteman(pahomlancer) with the bullet (NEWHP: -70)(22,121,1)
[04:53:30]ATTACK: Gunner shot Griffin Whiteman(pahomlancer) with the bullet (NEWHP: -70)(22,121,1)
[04:53:43]ATTACK: Gunner shot Griffin Whiteman(pahomlancer) with the bullet (NEWHP: 100)(16,125,1)
[04:53:43]ATTACK: Gunner shot Griffin Whiteman(pahomlancer) with the bullet (NEWHP: 100)(16,126,1)
[04:53:43]ATTACK: Gunner shot Griffin Whiteman(pahomlancer) with the bullet (NEWHP: 100)(16,127,1)
[04:53:45]ATTACK: Gunner attacked Griffin Whiteman(pahomlancer)  (NEWHP: 100)(14,130,1)
[04:53:45]ATTACK: Gunner shot Gunner with the bullet (NEWHP: 560)(16,128,1)
[04:53:45]ATTACK: Gunner shot Griffin Whiteman(pahomlancer) with the bullet (NEWHP: -50)(14,130,1)
[04:53:49]ATTACK: Gunner attacked Griffin Whiteman(pahomlancer)  (NEWHP: -85.6667)(14,130,1)
[04:54:59]ATTACK: Gunner attacked Griffin Whiteman(pahomlancer)  (NEWHP: 100)(14,130,1)
[04:54:59]ATTACK: Gunner shot Gunner with the bullet (NEWHP: 560)(14,132,1)
[04:55:00]ATTACK: Gunner shot Griffin Whiteman(pahomlancer) with the bullet (NEWHP: 70)(16,131,1)
[04:55:00]ATTACK: Gunner shot Griffin Whiteman(pahomlancer) with the bullet (NEWHP: 70)(16,131,1)
[04:55:01]ATTACK: Gunner shot Griffin Whiteman(pahomlancer) with the bullet (NEWHP: -10)(15,132,1)
[04:55:01]ATTACK: Gunner shot Griffin Whiteman(pahomlancer) with the bullet (NEWHP: -10)(15,132,1)
[04:55:02]ATTACK: Gunner shot Griffin Whiteman(pahomlancer) with the bullet (NEWHP: -10)(15,132,1)
[04:57:52]ATTACK: Mutant attacked Molerat  (NEWHP: 100)(114,92,5)
[04:57:52]ATTACK: Molerat attacked Mutant  (NEWHP: 250)(113,91,5)
[04:57:54]ATTACK: Mutant attacked Molerat  (NEWHP: 71)(114,92,5)
[04:57:54]ATTACK: Molerat attacked Mutant  (NEWHP: 250)(113,91,5)
[04:57:56]ATTACK: Mutant attacked Molerat  (NEWHP: 41)(114,92,5)
[04:57:56]ATTACK: Molerat attacked Mutant  (NEWHP: 250)(113,91,5)
[04:57:58]ATTACK: Mutant attacked Molerat  (NEWHP: 6)(114,92,5)
[04:59:23]ATTACK: giant rad scorpion (56) attacked Molerat  (NEWHP: 100)(41,148,1)
[04:59:23]ATTACK: Molerat attacked giant rad scorpion (56)  (NEWHP: 200)(40,149,1)
[04:59:25]ATTACK: giant rad scorpion (56) attacked Molerat  (NEWHP: 80)(41,148,1)
[04:59:25]ATTACK: Molerat attacked giant rad scorpion (56)  (NEWHP: 194)(40,149,1)
[04:59:27]ATTACK: giant rad scorpion (56) attacked Molerat  (NEWHP: 65)(41,148,1)
[04:59:27]ATTACK: Molerat attacked giant rad scorpion (56)  (NEWHP: 188)(40,149,1)
[04:59:29]ATTACK: giant rad scorpion (56) attacked Molerat  (NEWHP: 45)(41,148,1)
[04:59:29]ATTACK: Molerat attacked giant rad scorpion (56)  (NEWHP: 182)(40,149,1)
[04:59:31]ATTACK: giant rad scorpion (56) attacked Molerat  (NEWHP: 27)(41,148,1)
[04:59:31]ATTACK: Molerat attacked giant rad scorpion (56)  (NEWHP: 174)(40,149,1)
[04:59:33]ATTACK: giant rad scorpion (56) attacked Molerat  (NEWHP: 7)(41,148,1)
[04:59:37]ATTACK: Gunner shot Griffin Whiteman(pahomlancer) with the bullet (NEWHP: 100)(15,132,1)
[04:59:37]ATTACK: Gunner shot Griffin Whiteman(pahomlancer) with the bullet (NEWHP: 100)(15,132,1)
[04:59:37]ATTACK: Gunner shot Griffin Whiteman(pahomlancer) with the bullet (NEWHP: 100)(15,132,1)
[04:59:37]ATTACK: Gunner shot Griffin Whiteman(pahomlancer) with the bullet (NEWHP: 100)(15,132,1)
[04:59:37]ATTACK: Gunner shot Griffin Whiteman(pahomlancer) with the bullet (NEWHP: 100)(15,132,1)
[04:59:38]ATTACK: Gunner shot Griffin Whiteman(pahomlancer) with the bullet (NEWHP: 100)(15,132,1)
[05:00:27]ATTACK: Cazador attacked brahmin  (NEWHP: 20)(226,145,1)
[05:00:37]ATTACK: Cazador attacked brahmin  (NEWHP: 20)(227,145,1)
[05:01:58]ATTACK: Cazador attacked brahmin  (NEWHP: 20)(227,145,1)
[05:03:57]ATTACK: Molerat attacked yaogai  (NEWHP: 300)(130,154,1)
[05:03:57]ATTACK: yaogai attacked Molerat  (NEWHP: 100)(129,154,1)
[05:03:59]ATTACK: Molerat attacked yaogai  (NEWHP: 292)(130,154,1)
[05:03:59]ATTACK: yaogai attacked Molerat  (NEWHP: 72)(129,154,1)
[05:04:01]ATTACK: Molerat attacked yaogai  (NEWHP: 283)(130,154,1)
[05:04:01]ATTACK: yaogai attacked Molerat  (NEWHP: 47)(129,154,1)
[05:04:03]ATTACK: Molerat attacked yaogai  (NEWHP: 276)(130,154,1)
[05:04:03]ATTACK: yaogai attacked Molerat  (NEWHP: 20)(129,154,1)
[05:16:35]ATTACK: Cazador attacked brahmin  (NEWHP: 20)(222,164,1)
[05:18:01]ATTACK: Gunner attacked Molerat  (NEWHP: 100)(39,113,1)
[05:18:01]ATTACK: Molerat attacked Gunner  (NEWHP: 565)(38,112,1)
[05:18:03]ATTACK: Gunner attacked Molerat  (NEWHP: 70)(38,105,1)
[05:18:03]ATTACK: Molerat attacked Gunner  (NEWHP: 559)(38,104,1)
[05:18:05]ATTACK: Gunner attacked Molerat  (NEWHP: 40)(38,97,1)
[05:18:05]ATTACK: Molerat attacked Gunner  (NEWHP: 554)(38,96,1)
[05:18:07]ATTACK: Gunner attacked Molerat  (NEWHP: 10)(38,89,1)
[05:18:21]ATTACK: Raider shot Raider with the bullet (NEWHP: 65)(136,239,1)
[05:18:28]ATTACK: Raider shot Raider with the bullet (NEWHP: 30)(136,239,1)
[05:29:29]ATTACK: Cazador attacked brahmin  (NEWHP: 20)(216,165,1)
[05:36:42]ATTACK: Griffin Whiteman(pahomlancer) shot Gunner with the bullet (NEWHP: 520)(12,131,1)
[05:36:42]ATTACK: Griffin Whiteman(pahomlancer) shot Gunner with the bullet (NEWHP: 480)(12,131,1)
[05:36:42]ATTACK: Griffin Whiteman(pahomlancer) shot Gunner with the bullet (NEWHP: 440)(12,131,1)
[05:36:43]ATTACK: Griffin Whiteman(pahomlancer) shot Gunner with the bullet (NEWHP: 400)(11,130,1)
[05:36:43]ATTACK: Griffin Whiteman(pahomlancer) shot Gunner with the bullet (NEWHP: 360)(11,130,1)
[05:36:43]ATTACK: Gunner attacked Griffin Whiteman(pahomlancer)  (NEWHP: 100)(10,131,1)
[05:36:43]ATTACK: Griffin Whiteman(pahomlancer) shot Gunner with the bullet (NEWHP: 320)(11,130,1)
[05:36:44]ATTACK: Griffin Whiteman(pahomlancer) shot Gunner with the bullet (NEWHP: 280)(12,130,1)
[05:36:45]ATTACK: Gunner shot Gunner with the bullet (NEWHP: 240)(13,130,1)
[05:36:46]ATTACK: Griffin Whiteman(pahomlancer) shot Gunner with the bullet (NEWHP: 200)(12,131,1)
[05:36:46]ATTACK: Gunner shot Griffin Whiteman(pahomlancer) with the bullet (NEWHP: 85)(10,132,1)
[05:36:46]ATTACK: Griffin Whiteman(pahomlancer) shot Gunner with the bullet (NEWHP: 160)(12,131,1)
[05:36:46]ATTACK: Gunner shot Gunner with the bullet (NEWHP: 120)(12,131,1)
[05:36:46]ATTACK: Gunner shot Gunner with the bullet (NEWHP: 520)(11,131,1)
[05:36:46]ATTACK: Gunner shot Griffin Whiteman(pahomlancer) with the bullet (NEWHP: 85)(10,132,1)
[05:36:46]ATTACK: Gunner shot Gunner with the bullet (NEWHP: 480)(11,131,1)
[05:36:47]ATTACK: Griffin Whiteman(pahomlancer) shot Gunner with the bullet (NEWHP: 80)(10,133,1)
[05:36:47]ATTACK: Griffin Whiteman(pahomlancer) shot Gunner with the bullet (NEWHP: 40)(10,133,1)
[05:36:48]ATTACK: Griffin Whiteman(pahomlancer) shot Ruth Eggbert with the bullet (NEWHP: 100)(10,133,1)
[05:36:49]ATTACK: Griffin Whiteman(pahomlancer) shot Ruth Eggbert with the bullet (NEWHP: 100)(10,133,1)
[05:36:49]ATTACK: Griffin Whiteman(pahomlancer) shot Ruth Eggbert with the bullet (NEWHP: 100)(10,133,1)
[05:36:52]ATTACK: Gunner shot Griffin Whiteman(pahomlancer) with the bullet (NEWHP: 57)(10,135,1)
[05:36:52]ATTACK: Gunner shot Griffin Whiteman(pahomlancer) with the bullet (NEWHP: 57)(10,135,1)
[05:36:52]ATTACK: Gunner shot Griffin Whiteman(pahomlancer) with the bullet (NEWHP: 57)(10,135,1)
[05:36:54]ATTACK: Griffin Whiteman(pahomlancer) shot Gunner with the bullet (NEWHP: 440)(10,133,1)
[05:36:55]ATTACK: Griffin Whiteman(pahomlancer) shot Gunner with the bullet (NEWHP: 400)(10,133,1)
[05:36:55]ATTACK: Griffin Whiteman(pahomlancer) shot Gunner with the bullet (NEWHP: 360)(10,133,1)
[05:36:55]ATTACK: Griffin Whiteman(pahomlancer) shot Gunner with the bullet (NEWHP: 320)(10,133,1)
[05:36:56]ATTACK: Griffin Whiteman(pahomlancer) shot Gunner with the bullet (NEWHP: 280)(10,133,1)
[05:36:56]ATTACK: Griffin Whiteman(pahomlancer) shot Gunner with the bullet (NEWHP: 240)(10,132,1)
[05:36:56]ATTACK: Griffin Whiteman(pahomlancer) shot Gunner with the bullet (NEWHP: 200)(10,132,1)
[05:36:57]ATTACK: Griffin Whiteman(pahomlancer) shot Gunner with the bullet (NEWHP: 160)(10,132,1)
[05:36:57]ATTACK: Griffin Whiteman(pahomlancer) shot Gunner with the bullet (NEWHP: 120)(10,132,1)
[05:36:58]ATTACK: Griffin Whiteman(pahomlancer) shot Gunner with the bullet (NEWHP: 80)(10,133,1)
[05:36:58]ATTACK: Gunner shot Griffin Whiteman(pahomlancer) with the bullet (NEWHP: 15)(10,135,1)
[05:36:58]ATTACK: Griffin Whiteman(pahomlancer) shot Gunner with the bullet (NEWHP: 40)(10,133,1)
[05:36:58]ATTACK: Gunner shot Griffin Whiteman(pahomlancer) with the bullet (NEWHP: 15)(11,135,1)
[05:36:59]ATTACK: Griffin Whiteman(pahomlancer) shot Declan Chauvin with the bullet (NEWHP: 100)(10,133,1)
[05:36:59]ATTACK: Griffin Whiteman(pahomlancer) shot Declan Chauvin with the bullet (NEWHP: 100)(10,133,1)
[05:40:05]ATTACK: Molerat attacked giant rad scorpion (56)  (NEWHP: 167)(50,148,1)
[05:40:07]ATTACK: Molerat attacked giant rad scorpion (56)  (NEWHP: 161)(50,148,1)
[05:40:09]ATTACK: Molerat attacked giant rad scorpion (56)  (NEWHP: 153)(50,148,1)
[05:40:11]ATTACK: Molerat attacked giant rad scorpion (56)  (NEWHP: 148)(50,148,1)
[05:40:13]ATTACK: Molerat attacked giant rad scorpion (56)  (NEWHP: 142)(50,148,1)
[05:40:15]ATTACK: giant rad scorpion (56) attacked Molerat  (NEWHP: 100)(51,148,1)
[05:40:15]ATTACK: Molerat attacked giant rad scorpion (56)  (NEWHP: 137)(50,148,1)
[05:40:17]ATTACK: giant rad scorpion (56) attacked Molerat  (NEWHP: 85)(51,148,1)
[05:40:17]ATTACK: Molerat attacked giant rad scorpion (56)  (NEWHP: 128)(50,148,1)
[05:40:19]ATTACK: giant rad scorpion (56) attacked Molerat  (NEWHP: 70)(51,148,1)
[05:40:19]ATTACK: Molerat attacked giant rad scorpion (56)  (NEWHP: 122)(50,148,1)
[05:40:21]ATTACK: Griffin Whiteman(pahomlancer) shot Gunner with the bullet (NEWHP: 560)(12,149,1)
[05:40:22]ATTACK: giant rad scorpion (56) attacked Molerat  (NEWHP: 55)(51,148,1)
[05:40:22]ATTACK: Molerat attacked giant rad scorpion (56)  (NEWHP: 113)(50,148,1)
[05:40:22]ATTACK: Griffin Whiteman(pahomlancer) shot Gunner with the bullet (NEWHP: 520)(12,149,1)
[05:40:22]ATTACK: Griffin Whiteman(pahomlancer) shot Gunner with the bullet (NEWHP: 480)(12,149,1)
[05:40:22]ATTACK: Griffin Whiteman(pahomlancer) shot Gunner with the bullet (NEWHP: 440)(12,149,1)
[05:40:23]ATTACK: Griffin Whiteman(pahomlancer) shot Gunner with the bullet (NEWHP: 400)(12,149,1)
[05:40:23]ATTACK: Griffin Whiteman(pahomlancer) shot Gunner with the bullet (NEWHP: 360)(12,149,1)
[05:40:23]ATTACK: Griffin Whiteman(pahomlancer) shot Gunner with the bullet (NEWHP: 320)(12,149,1)
[05:40:23]ATTACK: Griffin Whiteman(pahomlancer) shot Gunner with the bullet (NEWHP: 280)(12,149,1)
[05:40:24]ATTACK: Griffin Whiteman(pahomlancer) shot Gunner with the bullet (NEWHP: 240)(12,148,1)
[05:40:24]ATTACK: giant rad scorpion (56) attacked Molerat  (NEWHP: 36)(51,148,1)
[05:40:24]ATTACK: Molerat attacked giant rad scorpion (56)  (NEWHP: 108)(50,148,1)
[05:40:26]ATTACK: giant rad scorpion (56) attacked Molerat  (NEWHP: 18)(51,148,1)
[05:40:34]ATTACK: Griffin Whiteman(pahomlancer) shot Gunner with the bullet (NEWHP: 205)(12,147,1)
[05:40:34]ATTACK: Gunner shot Griffin Whiteman(pahomlancer) with the bullet (NEWHP: 100)(12,139,1)
[05:40:34]ATTACK: Griffin Whiteman(pahomlancer) shot Gunner with the bullet (NEWHP: 170)(12,146,1)
[05:40:35]ATTACK: Gunner shot Griffin Whiteman(pahomlancer) with the bullet (NEWHP: 100)(12,139,1)
[05:40:35]ATTACK: Gunner shot Griffin Whiteman(pahomlancer) with the bullet (NEWHP: 100)(12,138,1)
[05:40:35]ATTACK: Griffin Whiteman(pahomlancer) shot Gunner with the bullet (NEWHP: 135)(12,144,1)
[05:40:35]ATTACK: Griffin Whiteman(pahomlancer) shot Gunner with the bullet (NEWHP: 100)(12,142,1)
[05:40:36]ATTACK: Griffin Whiteman(pahomlancer) shot Gunner with the bullet (NEWHP: 65)(12,141,1)
[05:40:36]ATTACK: Griffin Whiteman(pahomlancer) shot Gunner with the bullet (NEWHP: 30)(12,139,1)
[05:40:37]ATTACK: Griffin Whiteman(pahomlancer) shot Carolina Knapp with the bullet (NEWHP: 100)(12,139,1)
[05:40:40]ATTACK: Molerat attacked yaogai  (NEWHP: 267)(133,155,1)
[05:40:40]ATTACK: yaogai attacked Molerat  (NEWHP: 100)(132,155,1)
[05:40:42]ATTACK: Molerat attacked yaogai  (NEWHP: 262)(133,155,1)
[05:40:42]ATTACK: yaogai attacked Molerat  (NEWHP: 69)(132,155,1)
[05:40:44]ATTACK: Molerat attacked yaogai  (NEWHP: 252)(133,155,1)
[05:40:44]ATTACK: yaogai attacked Molerat  (NEWHP: 34)(132,155,1)
[05:40:46]ATTACK: Molerat attacked yaogai  (NEWHP: 245)(133,155,1)
[05:40:46]ATTACK: yaogai attacked Molerat  (NEWHP: 4)(132,155,1)
[05:41:25]ATTACK: Gunner shot Griffin Whiteman(pahomlancer) with the bullet (NEWHP: 100)(10,142,1)
[05:41:27]ATTACK: Griffin Whiteman(pahomlancer) shot Gunner with the bullet (NEWHP: 565)(10,142,1)
[05:41:27]ATTACK: Griffin Whiteman(pahomlancer) shot Gunner with the bullet (NEWHP: 530)(10,142,1)
[05:41:31]ATTACK: Griffin Whiteman(pahomlancer) shot Gunner with the bullet (NEWHP: 495)(9,142,1)
[05:41:31]ATTACK: Griffin Whiteman(pahomlancer) shot Gunner with the bullet (NEWHP: 460)(10,142,1)
[05:41:31]ATTACK: Gunner shot Griffin Whiteman(pahomlancer) with the bullet (NEWHP: 86)(12,142,1)
[05:41:32]ATTACK: Gunner shot Griffin Whiteman(pahomlancer) with the bullet (NEWHP: 86)(12,142,1)
[05:41:32]ATTACK: Griffin Whiteman(pahomlancer) shot Gunner with the bullet (NEWHP: 425)(10,142,1)
[05:41:32]ATTACK: Gunner shot Griffin Whiteman(pahomlancer) with the bullet (NEWHP: 86)(12,142,1)
[05:41:32]ATTACK: Griffin Whiteman(pahomlancer) shot Gunner with the bullet (NEWHP: 390)(10,142,1)
[05:41:33]ATTACK: Griffin Whiteman(pahomlancer) shot Gunner with the bullet (NEWHP: 355)(10,142,1)
[05:41:33]ATTACK: Griffin Whiteman(pahomlancer) shot Gunner with the bullet (NEWHP: 320)(10,142,1)
[05:41:34]ATTACK: Griffin Whiteman(pahomlancer) shot Gunner with the bullet (NEWHP: 285)(9,142,1)
[05:41:35]ATTACK: Griffin Whiteman(pahomlancer) shot Gunner with the bullet (NEWHP: 250)(9,142,1)
[05:41:35]ATTACK: Griffin Whiteman(pahomlancer) shot Gunner with the bullet (NEWHP: 215)(9,142,1)
[05:41:36]ATTACK: Griffin Whiteman(pahomlancer) shot Gunner with the bullet (NEWHP: 180)(10,142,1)
[05:41:36]ATTACK: Griffin Whiteman(pahomlancer) shot Gunner with the bullet (NEWHP: 145)(10,142,1)
[05:41:37]ATTACK: Griffin Whiteman(pahomlancer) shot Gunner with the bullet (NEWHP: 110)(10,142,1)
[05:41:37]ATTACK: Gunner shot Griffin Whiteman(pahomlancer) with the bullet (NEWHP: 44)(12,142,1)
[05:41:38]ATTACK: Gunner shot Griffin Whiteman(pahomlancer) with the bullet (NEWHP: 44)(12,142,1)
[05:41:38]ATTACK: Gunner shot Griffin Whiteman(pahomlancer) with the bullet (NEWHP: 44)(12,142,1)
[05:42:11]ATTACK: Griffin Whiteman(pahomlancer) shot Gunner with the bullet (NEWHP: 77)(8,145,1)
[05:42:12]ATTACK: Griffin Whiteman(pahomlancer) shot Gunner with the bullet (NEWHP: 44)(8,145,1)
[05:42:12]ATTACK: Griffin Whiteman(pahomlancer) shot Gunner with the bullet (NEWHP: 11)(9,145,1)
[05:42:15]ATTACK: Griffin Whiteman(pahomlancer) shot Gunner with the bullet (NEWHP: 100)(9,142,1)
[05:42:16]ATTACK: Griffin Whiteman(pahomlancer) shot Gunner with the bullet (NEWHP: 100)(9,142,1)
[05:43:25]ATTACK: Gunner shot Griffin Whiteman(pahomlancer) with the bullet (NEWHP: 100)(14,149,1)
[05:43:31]ATTACK: Gunner shot Griffin Whiteman(pahomlancer) with the bullet (NEWHP: 86)(12,146,1)
[05:43:32]ATTACK: Gunner shot Griffin Whiteman(pahomlancer) with the bullet (NEWHP: 86)(12,143,1)
[05:43:32]ATTACK: Griffin Whiteman(pahomlancer) shot Gunner with the bullet (NEWHP: 560)(12,147,1)
[05:43:32]ATTACK: Griffin Whiteman(pahomlancer) shot Gunner with the bullet (NEWHP: 520)(12,146,1)
[05:43:33]ATTACK: Griffin Whiteman(pahomlancer) shot Gunner with the bullet (NEWHP: 480)(12,144,1)
[05:43:33]ATTACK: Griffin Whiteman(pahomlancer) shot Gunner with the bullet (NEWHP: 440)(12,144,1)
[05:43:33]ATTACK: Griffin Whiteman(pahomlancer) shot Gunner with the bullet (NEWHP: 400)(12,143,1)
[05:43:34]ATTACK: Griffin Whiteman(pahomlancer) shot Gunner with the bullet (NEWHP: 360)(12,141,1)
[05:43:34]ATTACK: Griffin Whiteman(pahomlancer) shot Gunner with the bullet (NEWHP: 320)(12,141,1)
[05:43:34]ATTACK: Griffin Whiteman(pahomlancer) shot Gunner with the bullet (NEWHP: 280)(12,141,1)
[05:43:34]ATTACK: Griffin Whiteman(pahomlancer) shot Gunner with the bullet (NEWHP: 240)(12,141,1)
[05:43:34]ATTACK: Griffin Whiteman(pahomlancer) shot Gunner with the bullet (NEWHP: 200)(12,141,1)
[05:43:35]ATTACK: Griffin Whiteman(pahomlancer) shot Gunner with the bullet (NEWHP: 160)(12,141,1)
[05:43:35]ATTACK: Gunner attacked Griffin Whiteman(pahomlancer)  (NEWHP: 32)(12,140,1)
[05:43:35]ATTACK: Griffin Whiteman(pahomlancer) shot Gunner with the bullet (NEWHP: 120)(12,143,1)
[05:43:36]ATTACK: Griffin Whiteman(pahomlancer) shot Gunner with the bullet (NEWHP: 80)(12,143,1)
[05:43:36]ATTACK: Griffin Whiteman(pahomlancer) shot Gunner with the bullet (NEWHP: 40)(12,143,1)
[05:43:37]ATTACK: Griffin Whiteman(pahomlancer) shot Abby Garneys with the bullet (NEWHP: 100)(12,143,1)
[05:43:37]ATTACK: Griffin Whiteman(pahomlancer) shot Abby Garneys with the bullet (NEWHP: 100)(12,143,1)
[05:45:51]ATTACK: NON-EXISTANT SUBJECT shot Griffin Whiteman(pahomlancer) with the bullet (NEWHP: 100)(19,126,1)
[05:45:53]ATTACK: NON-EXISTANT SUBJECT shot Griffin Whiteman(pahomlancer) with the bullet (NEWHP: 65)(19,126,1)
[05:45:53]ATTACK: NON-EXISTANT SUBJECT shot Griffin Whiteman(pahomlancer) with the bullet (NEWHP: 65)(19,126,1)
[05:46:41]ATTACK: NON-EXISTANT SUBJECT shot Griffin Whiteman(pahomlancer) with the bullet (NEWHP: 100)(19,126,1)
[05:47:29]ATTACK: NON-EXISTANT SUBJECT shot Griffin Whiteman(pahomlancer) with the bullet (NEWHP: 89.5)(17,128,1)
[05:47:31]ATTACK: NON-EXISTANT SUBJECT shot Griffin Whiteman(pahomlancer) with the bullet (NEWHP: 54.5)(17,128,1)
[05:47:34]ATTACK: NON-EXISTANT SUBJECT shot Griffin Whiteman(pahomlancer) with the bullet (NEWHP: 44)(17,128,1)
[05:48:24]ATTACK: NON-EXISTANT SUBJECT shot Griffin Whiteman(pahomlancer) with the bullet (NEWHP: 100)(18,128,1)
[05:48:37]ATTACK: NON-EXISTANT SUBJECT shot Griffin Whiteman(pahomlancer) with the bullet (NEWHP: 87.75)(21,126,1)
[05:50:14]ATTACK: NON-EXISTANT SUBJECT shot Griffin Whiteman(pahomlancer) with the bullet (NEWHP: 100)(28,114,1)
[05:50:18]ATTACK: NON-EXISTANT SUBJECT shot Gunner with the bullet (NEWHP: 565)(47,134,1)
[05:51:37]ATTACK: NON-EXISTANT SUBJECT shot Griffin Whiteman(pahomlancer) with the bullet (NEWHP: 87.75)(28,133,1)
[05:52:14]ATTACK: NON-EXISTANT SUBJECT shot Griffin Whiteman(pahomlancer) with the bullet (NEWHP: 77.25)(24,132,1)
[05:53:56]ATTACK: NON-EXISTANT SUBJECT shot Griffin Whiteman(pahomlancer) with the bullet (NEWHP: 100)(26,121,1)
[05:53:58]ATTACK: NON-EXISTANT SUBJECT shot Griffin Whiteman(pahomlancer) with the bullet (NEWHP: 89.5)(26,118,1)
[05:54:00]ATTACK: NON-EXISTANT SUBJECT shot Griffin Whiteman(pahomlancer) with the bullet (NEWHP: 54.5)(26,118,1)
[05:54:02]ATTACK: NON-EXISTANT SUBJECT shot Griffin Whiteman(pahomlancer) with the bullet (NEWHP: 44)(25,118,1)
[05:56:11]ATTACK: NON-EXISTANT SUBJECT shot Griffin Whiteman(pahomlancer) with the bullet (NEWHP: 100)(12,116,1)
[05:56:42]ATTACK: Griffin Whiteman(pahomlancer) shot Gunner with the plasma_beam (NEWHP: 515)(46,134,1)
[05:56:42]ATTACK: Griffin Whiteman(pahomlancer) shot Gunner with the plasma_beam (NEWHP: 465)(46,134,1)
[05:56:42]ATTACK: Griffin Whiteman(pahomlancer) shot Gunner with the plasma_beam (NEWHP: 415)(46,134,1)
[05:56:43]ATTACK: Griffin Whiteman(pahomlancer) shot Gunner with the plasma_beam (NEWHP: 365)(46,134,1)
[05:56:44]ATTACK: Griffin Whiteman(pahomlancer) shot Gunner with the plasma_beam (NEWHP: 315)(47,134,1)
[05:56:45]ATTACK: Griffin Whiteman(pahomlancer) shot Gunner with the plasma_beam (NEWHP: 265)(47,134,1)
[05:56:46]ATTACK: Griffin Whiteman(pahomlancer) shot Gunner with the plasma_beam (NEWHP: 215)(46,134,1)
[05:56:46]ATTACK: Griffin Whiteman(pahomlancer) shot Gunner with the plasma_beam (NEWHP: 165)(46,134,1)
[05:56:47]ATTACK: Griffin Whiteman(pahomlancer) shot Gunner with the plasma_beam (NEWHP: 115)(46,134,1)
[05:56:49]ATTACK: Griffin Whiteman(pahomlancer) shot Gunner with the plasma_beam (NEWHP: 65)(47,134,1)
[05:56:50]ATTACK: Griffin Whiteman(pahomlancer) shot Gunner with the plasma_beam (NEWHP: 15)(47,134,1)
[05:56:51]ATTACK: Griffin Whiteman(pahomlancer) shot Solomon Kaur with the plasma_beam (NEWHP: 100)(46,134,1)
[06:30:03]ATTACK: Molerat attacked yaogai  (NEWHP: 236)(142,147,1)
[06:30:03]ATTACK: yaogai attacked Molerat  (NEWHP: 100)(141,147,1)
[06:30:05]ATTACK: Molerat attacked yaogai  (NEWHP: 231)(142,147,1)
[06:30:05]ATTACK: yaogai attacked Molerat  (NEWHP: 68)(141,147,1)
[06:30:07]ATTACK: Molerat attacked yaogai  (NEWHP: 222)(142,147,1)
[06:30:07]ATTACK: yaogai attacked Molerat  (NEWHP: 36)(141,147,1)
[06:30:09]ATTACK: Molerat attacked yaogai  (NEWHP: 214)(142,147,1)
[06:30:09]ATTACK: yaogai attacked Molerat  (NEWHP: 4)(141,147,1)
[06:31:23]ATTACK: Molerat attacked Griffin Whiteman(pahomlancer)  (NEWHP: 100)(97,143,1)
[06:31:23]ATTACK: Molerat attacked Griffin Whiteman(pahomlancer)  (NEWHP: 92)(97,143,1)
[06:31:25]ATTACK: Molerat attacked Griffin Whiteman(pahomlancer)  (NEWHP: 80)(97,140,1)
[06:31:27]ATTACK: Molerat attacked Griffin Whiteman(pahomlancer)  (NEWHP: 73.5)(98,139,1)
[06:31:29]ATTACK: Molerat attacked Griffin Whiteman(pahomlancer)  (NEWHP: 64.5)(96,137,1)
[06:31:29]ATTACK: Molerat attacked Griffin Whiteman(pahomlancer)  (NEWHP: 61.5)(96,137,1)
[06:31:31]ATTACK: Molerat attacked Griffin Whiteman(pahomlancer)  (NEWHP: 57.5)(96,137,1)
[06:31:31]ATTACK: Molerat attacked Griffin Whiteman(pahomlancer)  (NEWHP: 53.5)(96,137,1)
[06:31:33]ATTACK: Molerat attacked Griffin Whiteman(pahomlancer)  (NEWHP: 47.5)(96,137,1)
[06:31:33]ATTACK: Molerat attacked Griffin Whiteman(pahomlancer)  (NEWHP: 38.5)(96,137,1)
[06:31:35]ATTACK: Molerat attacked Griffin Whiteman(pahomlancer)  (NEWHP: 31.5)(96,137,1)
[06:31:35]ATTACK: Molerat attacked Griffin Whiteman(pahomlancer)  (NEWHP: 29)(96,137,1)
[06:31:37]ATTACK: Molerat attacked Griffin Whiteman(pahomlancer)  (NEWHP: 23.5)(97,139,1)
[06:31:37]ATTACK: Molerat attacked Griffin Whiteman(pahomlancer)  (NEWHP: 19.5)(97,139,1)
[06:32:10]ATTACK: Griffin Whiteman(pahomlancer) shot Molerat with the plasma_beam (NEWHP: 50)(95,141,1)
[06:32:10]ATTACK: Griffin Whiteman(pahomlancer) shot Molerat with the plasma_beam (NEWHP: 0)(93,141,1)
[06:32:11]ATTACK: Griffin Whiteman(pahomlancer) shot Molerat with the plasma_beam (NEWHP: 50)(92,142,1)
[06:32:11]ATTACK: Molerat attacked Griffin Whiteman(pahomlancer)  (NEWHP: 100)(90,145,1)
[06:32:12]ATTACK: Griffin Whiteman(pahomlancer) shot Molerat with the plasma_beam (NEWHP: 0)(90,145,1)
[06:32:14]ATTACK: Griffin Whiteman(pahomlancer) shot Molerat with the plasma_beam (NEWHP: 0)(93,141,1)
