

Starting up. 02:30.05
---------------------
[02:33:04]ATTACK: rad scorpion (71) attacked Default Cyborg-152  (NEWHP: 100)(40,159,1)
[02:33:06]ATTACK: rad scorpion (71) attacked Default Cyborg-152  (NEWHP: 93)(40,159,1)
[02:33:06]ATTACK: giant rad scorpion (828) attacked Default Cyborg-152  (NEWHP: 88)(40,159,1)
[02:33:08]ATTACK: rad scorpion (71) attacked Default Cyborg-152  (NEWHP: 71)(40,159,1)
[02:33:08]ATTACK: giant rad scorpion (828) attacked Default Cyborg-152  (NEWHP: 64)(40,159,1)
[02:33:10]ATTACK: rad scorpion (71) attacked Default Cyborg-152  (NEWHP: 45)(40,159,1)
[02:33:10]ATTACK: giant rad scorpion (828) attacked Default Cyborg-152  (NEWHP: 39)(40,159,1)
[02:33:12]ATTACK: rad scorpion (71) attacked Default Cyborg-152  (NEWHP: 24)(40,159,1)
[02:33:12]ATTACK: giant rad scorpion (828) attacked Default Cyborg-152  (NEWHP: 17)(40,159,1)
[02:33:14]ATTACK: rad scorpion (71) attacked Default Cyborg-152  (NEWHP: -2)(40,159,1)
[02:33:14]ATTACK: giant rad scorpion (828) attacked Default Cyborg-152  (NEWHP: -8)(40,159,1)
[02:33:16]ATTACK: rad scorpion (71) attacked Default Cyborg-152  (NEWHP: -25)(40,159,1)
[02:33:16]ATTACK: giant rad scorpion (828) attacked Default Cyborg-152  (NEWHP: -32)(40,159,1)
[02:33:18]ATTACK: rad scorpion (71) attacked Default Cyborg-152  (NEWHP: -49)(40,159,1)
[02:33:18]ATTACK: giant rad scorpion (828) attacked Default Cyborg-152  (NEWHP: -55)(40,159,1)
[02:33:20]ATTACK: rad scorpion (71) attacked Default Cyborg-152  (NEWHP: -71)(40,159,1)
[02:33:20]ATTACK: giant rad scorpion (828) attacked Default Cyborg-152  (NEWHP: -79)(40,159,1)
[02:33:22]ATTACK: rad scorpion (71) attacked Default Cyborg-152  (NEWHP: -96)(40,159,1)
[02:34:44]ATTACK: Griffin Whiteman(pahomlancer) shot ghoul with the bullet (NEWHP: 60)(86,151,1)
[02:34:44]ATTACK: Griffin Whiteman(pahomlancer) shot ghoul with the bullet (NEWHP: 20)(86,151,1)
[02:34:44]ATTACK: Griffin Whiteman(pahomlancer) shot ghoul with the bullet (NEWHP: 0)(86,151,1)
[02:34:52]ATTACK: Griffin Whiteman(pahomlancer) shot Molerat with the bullet (NEWHP: 60)(94,141,1)
[02:34:52]ATTACK: Griffin Whiteman(pahomlancer) shot Molerat with the bullet (NEWHP: 20)(93,141,1)
[02:34:53]ATTACK: Griffin Whiteman(pahomlancer) shot Molerat with the bullet (NEWHP: 0)(93,141,1)
[02:34:57]ATTACK: Molerat attacked Griffin Whiteman(pahomlancer)  (NEWHP: 100)(97,136,1)
[02:34:58]ATTACK: Griffin Whiteman(pahomlancer) shot Molerat with the bullet (NEWHP: 60)(98,136,1)
[02:34:59]ATTACK: Griffin Whiteman(pahomlancer) shot Molerat with the bullet (NEWHP: 20)(98,136,1)
[02:34:59]ATTACK: Griffin Whiteman(pahomlancer) shot Molerat with the bullet (NEWHP: 0)(98,136,1)
[02:35:32]ATTACK: Griffin Whiteman(pahomlancer) shot ghoul with the bullet (NEWHP: 60)(85,130,1)
[02:35:32]ATTACK: Griffin Whiteman(pahomlancer) shot ghoul with the bullet (NEWHP: 20)(85,130,1)
[02:35:32]ATTACK: Griffin Whiteman(pahomlancer) shot ghoul with the bullet (NEWHP: 0)(84,130,1)
[02:37:28]ATTACK: <font color='red'>Griffin Whiteman (pahomlancer) injected Griffin Whiteman (pahomlancer) with Stimpack, which had Stimulants (INTENT: HELP)</font>
[02:37:51]ATTACK: ghoul attacked Griffin Whiteman(pahomlancer)  (NEWHP: 100)(72,127,1)
[02:37:51]ATTACK: Griffin Whiteman(pahomlancer) shot ghoul with the bullet (NEWHP: 60)(72,126,1)
[02:37:51]ATTACK: Griffin Whiteman(pahomlancer) shot ghoul with the bullet (NEWHP: 20)(72,126,1)
[02:37:51]ATTACK: Griffin Whiteman(pahomlancer) shot ghoul with the bullet (NEWHP: 0)(72,126,1)
[02:37:55]ATTACK: ghoul attacked Griffin Whiteman(pahomlancer)  (NEWHP: 86)(58,122,1)
[02:37:56]ATTACK: Griffin Whiteman(pahomlancer) shot ghoul with the bullet (NEWHP: 60)(59,122,1)
[02:37:56]ATTACK: Griffin Whiteman(pahomlancer) shot ghoul with the bullet (NEWHP: 20)(60,122,1)
[02:37:56]ATTACK: Griffin Whiteman(pahomlancer) shot ghoul with the bullet (NEWHP: 0)(60,122,1)
[02:38:48]ATTACK: NON-EXISTANT SUBJECT shot Gunner with the bullet (NEWHP: 555)(23,113,1)
[02:38:50]ATTACK: NON-EXISTANT SUBJECT shot Gunner with the bullet (NEWHP: 510)(23,113,1)
[02:38:52]ATTACK: NON-EXISTANT SUBJECT shot Gunner with the bullet (NEWHP: 465)(23,113,1)
[02:38:54]ATTACK: NON-EXISTANT SUBJECT shot Gunner with the bullet (NEWHP: 420)(24,113,1)
[02:38:56]ATTACK: NON-EXISTANT SUBJECT shot Gunner with the bullet (NEWHP: 555)(27,114,1)
[02:39:05]ATTACK: Griffin Whiteman(pahomlancer) shot Gunner with the bullet (NEWHP: 515)(39,87,1)
[02:39:08]ATTACK: Griffin Whiteman(pahomlancer) shot Gunner with the bullet (NEWHP: 475)(39,88,1)
[02:39:08]ATTACK: Griffin Whiteman(pahomlancer) shot Gunner with the bullet (NEWHP: 435)(39,88,1)
[02:39:08]ATTACK: Griffin Whiteman(pahomlancer) shot Gunner with the bullet (NEWHP: 395)(38,89,1)
[02:39:09]ATTACK: Griffin Whiteman(pahomlancer) shot Gunner with the bullet (NEWHP: 355)(42,91,1)
[02:39:09]ATTACK: Griffin Whiteman(pahomlancer) shot Gunner with the bullet (NEWHP: 315)(43,91,1)
[02:39:09]ATTACK: Griffin Whiteman(pahomlancer) shot Gunner with the bullet (NEWHP: 275)(44,91,1)
[02:39:11]ATTACK: Griffin Whiteman(pahomlancer) shot Gunner with the bullet (NEWHP: 235)(49,86,1)
[02:39:11]ATTACK: Griffin Whiteman(pahomlancer) shot Gunner with the bullet (NEWHP: 195)(49,86,1)
[02:39:11]ATTACK: Griffin Whiteman(pahomlancer) shot Gunner with the bullet (NEWHP: 155)(49,86,1)
[02:39:13]ATTACK: Griffin Whiteman(pahomlancer) shot Gunner with the bullet (NEWHP: 115)(48,87,1)
[02:39:13]ATTACK: Griffin Whiteman(pahomlancer) shot Gunner with the bullet (NEWHP: 75)(48,87,1)
[02:39:13]ATTACK: Griffin Whiteman(pahomlancer) shot Gunner with the bullet (NEWHP: 35)(48,87,1)
[02:39:15]ATTACK: Griffin Whiteman(pahomlancer) shot Dakota Lacon with the bullet (NEWHP: 100)(50,88,1)
[02:39:15]ATTACK: Griffin Whiteman(pahomlancer) shot Dakota Lacon with the bullet (NEWHP: 100)(50,88,1)
[02:39:25]ATTACK: Gunner attacked Griffin Whiteman(pahomlancer)  (NEWHP: 82)(32,110,1)
[02:39:28]ATTACK: Gunner shot Griffin Whiteman(pahomlancer) with the bullet (NEWHP: 75)(32,109,1)
[02:39:28]ATTACK: Griffin Whiteman(pahomlancer) shot Gunner with the bullet (NEWHP: 380)(33,111,1)
[02:39:28]ATTACK: Gunner shot Griffin Whiteman(pahomlancer) with the bullet (NEWHP: 75)(32,109,1)
[02:39:28]ATTACK: Griffin Whiteman(pahomlancer) shot Gunner with the bullet (NEWHP: 340)(33,111,1)
[02:39:28]ATTACK: Gunner shot Griffin Whiteman(pahomlancer) with the bullet (NEWHP: 75)(32,109,1)
[02:39:28]ATTACK: Griffin Whiteman(pahomlancer) shot Gunner with the bullet (NEWHP: 300)(33,111,1)
[02:39:29]ATTACK: Griffin Whiteman(pahomlancer) shot Gunner with the bullet (NEWHP: 260)(33,111,1)
[02:39:29]ATTACK: Griffin Whiteman(pahomlancer) shot Gunner with the bullet (NEWHP: 220)(33,111,1)
[02:39:29]ATTACK: Griffin Whiteman(pahomlancer) shot Gunner with the bullet (NEWHP: 180)(33,111,1)
[02:39:34]ATTACK: Gunner shot Griffin Whiteman(pahomlancer) with the bullet (NEWHP: -9.66666)(32,109,1)
[02:39:34]ATTACK: Gunner shot Griffin Whiteman(pahomlancer) with the bullet (NEWHP: -9.66666)(32,109,1)
[02:39:34]ATTACK: Gunner shot Griffin Whiteman(pahomlancer) with the bullet (NEWHP: -9.66666)(32,109,1)
[02:39:37]ATTACK: Gunner attacked Griffin Whiteman(pahomlancer)  (NEWHP: 100)(31,109,1)
[02:39:38]ATTACK: Griffin Whiteman(pahomlancer) shot Gunner with the bullet (NEWHP: 140)(33,111,1)
[02:39:38]ATTACK: Griffin Whiteman(pahomlancer) shot Gunner with the bullet (NEWHP: 100)(34,112,1)
[02:39:38]ATTACK: Griffin Whiteman(pahomlancer) shot Gunner with the bullet (NEWHP: 60)(34,112,1)
[02:39:39]ATTACK: Griffin Whiteman(pahomlancer) shot Gunner with the bullet (NEWHP: 20)(34,112,1)
[02:39:44]ATTACK: Gunner shot Griffin Whiteman(pahomlancer) with the bullet (NEWHP: 93)(33,114,1)
[02:39:50]ATTACK: Gunner shot Griffin Whiteman(pahomlancer) with the bullet (NEWHP: 65)(35,107,1)
[02:39:50]ATTACK: Gunner shot Griffin Whiteman(pahomlancer) with the bullet (NEWHP: 65)(35,107,1)
[02:39:51]ATTACK: Gunner shot Griffin Whiteman(pahomlancer) with the bullet (NEWHP: 65)(35,107,1)
[02:39:51]ATTACK: Griffin Whiteman(pahomlancer) shot Gunner with the bullet (NEWHP: 560)(35,110,1)
[02:39:51]ATTACK: Griffin Whiteman(pahomlancer) shot Gunner with the bullet (NEWHP: 520)(35,110,1)
[02:39:51]ATTACK: Griffin Whiteman(pahomlancer) shot Gunner with the bullet (NEWHP: 480)(35,110,1)
[02:39:52]ATTACK: Griffin Whiteman(pahomlancer) shot Gunner with the bullet (NEWHP: 440)(35,110,1)
