

Starting up. 06:36.49
---------------------
[07:07:20]ATTACK: rad scorpion (164) attacked Default Cyborg-250  (NEWHP: 100)(40,159,1)
[07:07:22]ATTACK: rad scorpion (164) attacked Default Cyborg-250  (NEWHP: 92)(40,159,1)
[07:07:22]ATTACK: giant rad scorpion (990) attacked Default Cyborg-250  (NEWHP: 87)(40,159,1)
[07:07:24]ATTACK: rad scorpion (164) attacked Default Cyborg-250  (NEWHP: 67)(40,159,1)
[07:07:24]ATTACK: giant rad scorpion (990) attacked Default Cyborg-250  (NEWHP: 62)(40,159,1)
[07:07:26]ATTACK: giant rad scorpion (990) attacked Default Cyborg-250  (NEWHP: 45)(40,159,1)
[07:07:28]ATTACK: rad scorpion (164) attacked Default Cyborg-250  (NEWHP: 28)(40,159,1)
[07:07:28]ATTACK: giant rad scorpion (990) attacked Default Cyborg-250  (NEWHP: 20)(40,159,1)
[07:07:30]ATTACK: rad scorpion (164) attacked Default Cyborg-250  (NEWHP: 3)(40,159,1)
[07:07:30]ATTACK: giant rad scorpion (990) attacked Default Cyborg-250  (NEWHP: -7)(40,159,1)
[07:07:32]ATTACK: rad scorpion (164) attacked Default Cyborg-250  (NEWHP: -25)(40,159,1)
[07:07:32]ATTACK: giant rad scorpion (990) attacked Default Cyborg-250  (NEWHP: -33)(40,159,1)
[07:07:34]ATTACK: rad scorpion (164) attacked Default Cyborg-250  (NEWHP: -50)(40,159,1)
[07:07:34]ATTACK: giant rad scorpion (990) attacked Default Cyborg-250  (NEWHP: -57)(40,159,1)
[07:07:36]ATTACK: rad scorpion (164) attacked Default Cyborg-250  (NEWHP: -77)(40,159,1)
[07:07:36]ATTACK: giant rad scorpion (990) attacked Default Cyborg-250  (NEWHP: -84)(40,159,1)
[07:08:19]ATTACK: Mutant attacked Griffin Whiteman(pahomlancer)  (NEWHP: 100)(95,131,1)
[07:08:21]ATTACK: Mutant attacked Griffin Whiteman(pahomlancer)  (NEWHP: 73)(92,131,1)
[07:08:39]ATTACK: Gekkon attacked Griffin Whiteman(pahomlancer)  (NEWHP: 100)(111,93,1)
[07:08:39]ATTACK: Gekkon attacked Griffin Whiteman(pahomlancer)  (NEWHP: 86)(111,93,1)
[07:08:47]ATTACK: Gekkon attacked Griffin Whiteman(pahomlancer)  (NEWHP: 76)(128,74,1)
[07:08:47]ATTACK: Gekkon attacked Griffin Whiteman(pahomlancer)  (NEWHP: 61)(128,74,1)
[07:08:49]ATTACK: Gekkon attacked Griffin Whiteman(pahomlancer)  (NEWHP: 50)(128,74,1)
[07:08:49]ATTACK: Gekkon attacked Griffin Whiteman(pahomlancer)  (NEWHP: 35)(128,74,1)
[07:08:51]ATTACK: Gekkon attacked Griffin Whiteman(pahomlancer)  (NEWHP: 24)(128,74,1)
[07:08:51]ATTACK: Gekkon attacked Griffin Whiteman(pahomlancer)  (NEWHP: 9)(128,74,1)
[07:09:17]ATTACK: Gekkon attacked Griffin Whiteman(pahomlancer)  (NEWHP: 100)(128,74,1)
[07:13:35]ATTACK: Raider attacked Gekkon  (NEWHP: 120)(150,97,1)
[07:13:35]ATTACK: Gekkon attacked Raider  (NEWHP: 100)(151,97,1)
[07:13:35]ATTACK: Raider shot Gekkon with the bullet (NEWHP: 70)(150,97,1)
[07:13:35]ATTACK: Griffin Whiteman(pahomlancer) shot Gekkon with the pellet (NEWHP: 100)(134,77,1)
[07:13:35]ATTACK: Griffin Whiteman(pahomlancer) shot Gekkon with the pellet (NEWHP: 80)(134,77,1)
[07:13:35]ATTACK: Griffin Whiteman(pahomlancer) shot Gekkon with the pellet (NEWHP: 60)(134,77,1)
[07:13:35]ATTACK: Griffin Whiteman(pahomlancer) shot Gekkon with the pellet (NEWHP: 40)(134,77,1)
[07:13:35]ATTACK: Griffin Whiteman(pahomlancer) shot Gekkon with the pellet (NEWHP: 20)(134,77,1)
[07:13:35]ATTACK: Griffin Whiteman(pahomlancer) shot Gekkon with the pellet (NEWHP: 0)(134,77,1)
[07:13:37]ATTACK: Raider shot Gekkon with the bullet (NEWHP: 10)(157,97,1)
[07:13:37]ATTACK: Raider shot Raider with the bullet (NEWHP: 27)(160,97,1)
[07:13:39]ATTACK: Raider attacked Gekkon  (NEWHP: 10)(165,98,1)
[07:13:40]ATTACK: Griffin Whiteman(pahomlancer) shot Gekkon with the pellet (NEWHP: 100)(134,83,1)
[07:13:40]ATTACK: Griffin Whiteman(pahomlancer) shot Gekkon with the pellet (NEWHP: 80)(134,83,1)
[07:13:40]ATTACK: Griffin Whiteman(pahomlancer) shot Gekkon with the pellet (NEWHP: 60)(134,83,1)
[07:13:40]ATTACK: Griffin Whiteman(pahomlancer) shot Gekkon with the pellet (NEWHP: 40)(134,83,1)
[07:13:40]ATTACK: Griffin Whiteman(pahomlancer) shot Gekkon with the pellet (NEWHP: 20)(134,83,1)
[07:13:40]ATTACK: Griffin Whiteman(pahomlancer) shot Gekkon with the pellet (NEWHP: 0)(134,83,1)
[07:13:59]ATTACK: Griffin Whiteman(pahomlancer) shot Gekkon with the pellet (NEWHP: 100)(111,96,1)
[07:13:59]ATTACK: Griffin Whiteman(pahomlancer) shot Gekkon with the pellet (NEWHP: 80)(111,96,1)
[07:13:59]ATTACK: Griffin Whiteman(pahomlancer) shot Gekkon with the pellet (NEWHP: 60)(111,96,1)
[07:13:59]ATTACK: Griffin Whiteman(pahomlancer) shot Gekkon with the pellet (NEWHP: 40)(111,96,1)
[07:13:59]ATTACK: Griffin Whiteman(pahomlancer) shot Gekkon with the pellet (NEWHP: 20)(111,96,1)
[07:13:59]ATTACK: Griffin Whiteman(pahomlancer) shot Gekkon with the pellet (NEWHP: 0)(111,96,1)
[07:14:00]ATTACK: Griffin Whiteman(pahomlancer) shot Gekkon with the pellet (NEWHP: 100)(112,97,1)
[07:14:00]ATTACK: Griffin Whiteman(pahomlancer) shot Gekkon with the pellet (NEWHP: 80)(112,97,1)
[07:14:00]ATTACK: Griffin Whiteman(pahomlancer) shot Gekkon with the pellet (NEWHP: 60)(112,97,1)
[07:14:00]ATTACK: Griffin Whiteman(pahomlancer) shot Gekkon with the pellet (NEWHP: 40)(112,97,1)
[07:14:00]ATTACK: Griffin Whiteman(pahomlancer) shot Gekkon with the pellet (NEWHP: 20)(112,97,1)
[07:14:00]ATTACK: Griffin Whiteman(pahomlancer) shot Gekkon with the pellet (NEWHP: 0)(112,97,1)
[07:14:21]ATTACK: Raider shot Griffin Whiteman(pahomlancer) with the bullet (NEWHP: 89)(153,96,1)
[07:14:22]ATTACK: Griffin Whiteman(pahomlancer) shot Raider with the pellet (NEWHP: 80)(157,95,1)
[07:14:22]ATTACK: Griffin Whiteman(pahomlancer) shot Raider with the pellet (NEWHP: 60)(157,95,1)
[07:14:22]ATTACK: Griffin Whiteman(pahomlancer) shot Raider with the pellet (NEWHP: 40)(157,95,1)
[07:14:22]ATTACK: Griffin Whiteman(pahomlancer) shot Raider with the pellet (NEWHP: 20)(157,95,1)
[07:14:22]ATTACK: Griffin Whiteman(pahomlancer) shot Lance Gardner with the pellet (NEWHP: 100)(157,95,1)
[07:14:25]ATTACK: Griffin Whiteman(pahomlancer) shot Raider with the pellet (NEWHP: 80)(164,94,1)
[07:14:25]ATTACK: Griffin Whiteman(pahomlancer) shot Raider with the pellet (NEWHP: 60)(164,94,1)
[07:14:25]ATTACK: Griffin Whiteman(pahomlancer) shot Raider with the pellet (NEWHP: 40)(164,94,1)
[07:14:37]ATTACK: Raider attacked Griffin Whiteman(pahomlancer)  (NEWHP: 100)(155,93,1)
[07:14:38]ATTACK: Griffin Whiteman(pahomlancer) shot Raider with the pellet (NEWHP: 7)(156,93,1)
[07:14:38]ATTACK: Griffin Whiteman(pahomlancer) shot Roger Tedrow with the pellet (NEWHP: 100)(156,93,1)
[07:14:38]ATTACK: Griffin Whiteman(pahomlancer) shot Roger Tedrow with the pellet (NEWHP: 100)(156,93,1)
[07:14:38]ATTACK: Griffin Whiteman(pahomlancer) shot Roger Tedrow with the pellet (NEWHP: 100)(156,93,1)
[07:14:38]ATTACK: Griffin Whiteman(pahomlancer) shot Roger Tedrow with the pellet (NEWHP: 100)(156,93,1)
[07:14:40]ATTACK: Raider shot Griffin Whiteman(pahomlancer) with the bullet (NEWHP: 88)(161,95,1)
[07:14:41]ATTACK: Griffin Whiteman(pahomlancer) shot Raider with the pellet (NEWHP: 20)(166,96,1)
[07:14:41]ATTACK: Griffin Whiteman(pahomlancer) shot Haylee Marcotte with the pellet (NEWHP: 100)(166,96,1)
[07:14:41]ATTACK: Griffin Whiteman(pahomlancer) shot Haylee Marcotte with the pellet (NEWHP: 100)(166,96,1)
[07:14:41]ATTACK: Griffin Whiteman(pahomlancer) shot Haylee Marcotte with the pellet (NEWHP: 100)(166,96,1)
[07:16:59]ATTACK: Gekkon attacked Mutant  (NEWHP: 250)(86,123,1)
[07:16:59]ATTACK: Mutant attacked Gekkon  (NEWHP: 120)(86,122,1)
[07:17:01]ATTACK: Gekkon attacked Mutant  (NEWHP: 250)(86,123,1)
[07:17:01]ATTACK: Mutant attacked Gekkon  (NEWHP: 89)(86,122,1)
[07:17:03]ATTACK: Gekkon attacked Mutant  (NEWHP: 250)(86,123,1)
[07:17:03]ATTACK: Mutant attacked Gekkon  (NEWHP: 63)(86,122,1)
[07:17:05]ATTACK: Gekkon attacked Mutant  (NEWHP: 250)(86,123,1)
[07:17:05]ATTACK: Mutant attacked Gekkon  (NEWHP: 33)(86,122,1)
[07:17:07]ATTACK: Gekkon attacked Mutant  (NEWHP: 250)(86,123,1)
[07:17:07]ATTACK: Mutant attacked Gekkon  (NEWHP: 3)(86,122,1)
[07:17:23]ATTACK: Raider shot Raider with the bullet (NEWHP: 40)(136,239,1)
[07:17:29]ATTACK: Raider shot Raider with the bullet (NEWHP: 40)(137,238,1)
[07:23:07]ATTACK: Molerat attacked yaogai  (NEWHP: 300)(135,155,1)
[07:23:07]ATTACK: yaogai attacked Molerat  (NEWHP: 80)(134,155,1)
[07:23:09]ATTACK: Molerat attacked yaogai  (NEWHP: 293)(135,155,1)
[07:23:09]ATTACK: yaogai attacked Molerat  (NEWHP: 47)(134,155,1)
[07:23:11]ATTACK: Molerat attacked yaogai  (NEWHP: 285)(135,155,1)
[07:23:11]ATTACK: yaogai attacked Molerat  (NEWHP: 13)(134,155,1)
[07:23:59]ATTACK: Molerat attacked yaogai  (NEWHP: 278)(129,153,1)
[07:23:59]ATTACK: yaogai attacked Molerat  (NEWHP: 80)(128,153,1)
[07:24:02]ATTACK: Molerat attacked yaogai  (NEWHP: 268)(129,153,1)
[07:24:02]ATTACK: Molerat attacked yaogai  (NEWHP: 258)(129,153,1)
[07:24:02]ATTACK: yaogai attacked Molerat  (NEWHP: 80)(128,154,1)
[07:24:04]ATTACK: Molerat attacked yaogai  (NEWHP: 253)(129,153,1)
[07:24:04]ATTACK: Molerat attacked yaogai  (NEWHP: 248)(129,153,1)
[07:24:04]ATTACK: yaogai attacked Molerat  (NEWHP: 46)(128,153,1)
[07:24:06]ATTACK: Molerat attacked yaogai  (NEWHP: 239)(129,153,1)
[07:24:06]ATTACK: Molerat attacked yaogai  (NEWHP: 233)(129,153,1)
[07:24:06]ATTACK: yaogai attacked Molerat  (NEWHP: 55)(128,154,1)
[07:24:08]ATTACK: Molerat attacked yaogai  (NEWHP: 228)(129,153,1)
[07:24:08]ATTACK: Molerat attacked yaogai  (NEWHP: 218)(129,153,1)
[07:24:08]ATTACK: yaogai attacked Molerat  (NEWHP: 23)(128,154,1)
[07:24:10]ATTACK: Molerat attacked yaogai  (NEWHP: 211)(129,153,1)
[07:24:10]ATTACK: yaogai attacked Molerat  (NEWHP: 14)(128,153,1)
[07:26:25]ATTACK: Molerat attacked yaogai  (NEWHP: 205)(114,143,1)
[07:26:25]ATTACK: Molerat attacked yaogai  (NEWHP: 198)(114,143,1)
[07:26:25]ATTACK: yaogai attacked Molerat  (NEWHP: 80)(113,142,1)
[07:26:27]ATTACK: Molerat attacked yaogai  (NEWHP: 191)(114,143,1)
[07:26:27]ATTACK: Molerat attacked yaogai  (NEWHP: 181)(114,143,1)
[07:26:27]ATTACK: Molerat attacked yaogai  (NEWHP: 172)(114,143,1)
[07:26:27]ATTACK: yaogai attacked Molerat  (NEWHP: 80)(113,143,1)
[07:26:29]ATTACK: Molerat attacked yaogai  (NEWHP: 163)(114,143,1)
[07:26:29]ATTACK: Molerat attacked yaogai  (NEWHP: 158)(114,143,1)
[07:26:29]ATTACK: Molerat attacked yaogai  (NEWHP: 150)(114,143,1)
[07:26:29]ATTACK: yaogai attacked Molerat  (NEWHP: 80)(114,142,1)
[07:26:31]ATTACK: Molerat attacked yaogai  (NEWHP: 143)(114,143,1)
[07:26:31]ATTACK: Molerat attacked yaogai  (NEWHP: 133)(114,143,1)
[07:26:31]ATTACK: Molerat attacked yaogai  (NEWHP: 126)(114,143,1)
[07:26:31]ATTACK: yaogai attacked Molerat  (NEWHP: 51)(114,142,1)
[07:26:33]ATTACK: Molerat attacked yaogai  (NEWHP: 120)(114,143,1)
[07:26:33]ATTACK: Molerat attacked yaogai  (NEWHP: 111)(114,143,1)
[07:26:33]ATTACK: Molerat attacked yaogai  (NEWHP: 103)(114,143,1)
[07:26:33]ATTACK: yaogai attacked Molerat  (NEWHP: 46)(113,142,1)
[07:26:35]ATTACK: Molerat attacked yaogai  (NEWHP: 97)(114,143,1)
[07:26:35]ATTACK: Molerat attacked yaogai  (NEWHP: 89)(114,143,1)
[07:26:35]ATTACK: Molerat attacked yaogai  (NEWHP: 82)(114,143,1)
[07:26:35]ATTACK: yaogai attacked Molerat  (NEWHP: 18)(113,142,1)
[07:26:37]ATTACK: Molerat attacked yaogai  (NEWHP: 77)(114,143,1)
[07:26:37]ATTACK: Molerat attacked yaogai  (NEWHP: 72)(114,143,1)
[07:26:37]ATTACK: yaogai attacked Molerat  (NEWHP: 53)(113,143,1)
[07:26:39]ATTACK: Molerat attacked yaogai  (NEWHP: 66)(114,143,1)
[07:26:39]ATTACK: Molerat attacked yaogai  (NEWHP: 57)(114,143,1)
[07:26:39]ATTACK: yaogai attacked Molerat  (NEWHP: 20)(113,143,1)
[07:26:41]ATTACK: Molerat attacked yaogai  (NEWHP: 47)(114,143,1)
[07:26:43]ATTACK: Molerat attacked yaogai  (NEWHP: 39)(114,143,1)
[07:26:43]ATTACK: yaogai attacked Molerat  (NEWHP: 17)(114,142,1)


Starting up. 19:29.48
---------------------
[19:33:29]ATTACK: giant rad scorpion (130) attacked Default Cyborg-544  (NEWHP: 100)(40,158,1)
[19:33:31]ATTACK: giant rad scorpion (130) attacked Default Cyborg-544  (NEWHP: 82)(40,158,1)
[19:33:33]ATTACK: giant rad scorpion (130) attacked Default Cyborg-544  (NEWHP: 63)(40,158,1)
[19:33:35]ATTACK: giant rad scorpion (130) attacked Default Cyborg-544  (NEWHP: 48)(40,158,1)
[19:33:37]ATTACK: giant rad scorpion (130) attacked Default Cyborg-544  (NEWHP: 29)(40,158,1)
[19:33:39]ATTACK: giant rad scorpion (130) attacked Default Cyborg-544  (NEWHP: 13)(40,158,1)
[19:33:41]ATTACK: giant rad scorpion (130) attacked Default Cyborg-544  (NEWHP: -2)(40,158,1)
[19:33:43]ATTACK: giant rad scorpion (130) attacked Default Cyborg-544  (NEWHP: -22)(40,158,1)
[19:33:45]ATTACK: giant rad scorpion (130) attacked Default Cyborg-544  (NEWHP: -40)(40,158,1)
[19:33:47]ATTACK: giant rad scorpion (130) attacked Default Cyborg-544  (NEWHP: -60)(40,158,1)
[19:33:49]ATTACK: giant rad scorpion (130) attacked Default Cyborg-544  (NEWHP: -75)(40,158,1)
[19:33:51]ATTACK: giant rad scorpion (130) attacked Default Cyborg-544  (NEWHP: -90)(40,158,1)
[19:34:21]ATTACK: Unknown(pahomlancer) shot Raider with the pellet (NEWHP: 147)(150,91,1)
[19:34:21]ATTACK: Unknown(pahomlancer) shot Raider with the pellet (NEWHP: 144)(150,91,1)
[19:34:21]ATTACK: Unknown(pahomlancer) shot Raider with the pellet (NEWHP: 141)(150,91,1)
[19:34:21]ATTACK: Unknown(pahomlancer) shot Raider with the pellet (NEWHP: 138)(150,91,1)
[19:34:21]ATTACK: Unknown(pahomlancer) shot Raider with the pellet (NEWHP: 135)(150,91,1)
[19:34:26]ATTACK: Unknown(pahomlancer) shot Raider with the pellet (NEWHP: 115)(159,78,1)
[19:34:26]ATTACK: Unknown(pahomlancer) shot Raider with the pellet (NEWHP: 95)(159,78,1)
[19:34:26]ATTACK: Unknown(pahomlancer) shot Raider with the pellet (NEWHP: 75)(159,78,1)
[19:34:26]ATTACK: Unknown(pahomlancer) shot Raider with the pellet (NEWHP: 55)(159,78,1)
[19:34:26]ATTACK: Unknown(pahomlancer) shot Raider with the pellet (NEWHP: 35)(159,78,1)
[19:34:26]ATTACK: Raider shot Unknown(pahomlancer) with the bullet (NEWHP: 100)(158,75,1)
[19:34:34]ATTACK: Unknown(pahomlancer) shot Raider with the pellet (NEWHP: 15)(166,74,1)
[19:34:34]ATTACK: Unknown(pahomlancer) shot Paget Bash with the pellet (NEWHP: 100)(166,74,1)
[19:34:34]ATTACK: Unknown(pahomlancer) shot Paget Bash with the pellet (NEWHP: 100)(166,74,1)
[19:34:34]ATTACK: Unknown(pahomlancer) shot Paget Bash with the pellet (NEWHP: 100)(166,74,1)
[19:34:38]ATTACK: Unknown(pahomlancer) shaked Unknown  (NEWHP: 67)(166,74,1)
[19:34:57]ATTACK: Raider shot Unknown(pahomlancer) with the pellet (NEWHP: 73.75)(147,82,1)
[19:35:04]ATTACK: Unknown(pahomlancer) shot Raider with the bullet (NEWHP: 115)(154,82,1)
[19:35:09]ATTACK: Raider shot Unknown(pahomlancer) with the pellet (NEWHP: 62.75)(161,82,1)
[19:35:10]ATTACK: Unknown(pahomlancer) shot Raider with the bullet (NEWHP: 80)(158,82,1)
[19:35:11]ATTACK: Raider attacked Unknown(pahomlancer)  (NEWHP: 62.75)(158,82,1)
[19:35:15]ATTACK: Raider shot Unknown(pahomlancer) with the pellet (NEWHP: 41.75)(159,81,1)
[19:35:17]ATTACK: Unknown(pahomlancer) shot Raider with the bullet (NEWHP: 45)(155,84,1)
[19:35:21]ATTACK: Raider shot Unknown(pahomlancer) with the pellet (NEWHP: 30.75)(163,83,1)
[19:35:22]ATTACK: Unknown(pahomlancer) shot Raider with the bullet (NEWHP: 10)(160,83,1)
[19:35:27]ATTACK: Raider shot Unknown(pahomlancer) with the pellet (NEWHP: 19.75)(170,83,1)
[19:35:33]ATTACK: Raider shot Unknown(pahomlancer) with the pellet (NEWHP: 8.75)(171,82,1)
