

Starting up. 01:45.31
---------------------
Adding game mode abduction (abduction) to configuration.
Adding game mode blob (blob) to configuration.
Adding game mode changeling (changeling) to configuration.
Adding game mode traitor+changeling (traitorchan) to configuration.
Adding game mode double agents (double_agents) to configuration.
Adding game mode traitor (traitor) to configuration.
Adding game mode cult (cult) to configuration.
Adding game mode extended (extended) to configuration.
Adding game mode gang war (gang) to configuration.
Adding game mode hand of god (handofgod) to configuration.
Adding game mode AI malfunction (malfunction) to configuration.
Adding game mode meteor (meteor) to configuration.
Adding game mode monkey (monkey) to configuration.
Adding game mode nuclear emergency (nuclear) to configuration.
Adding game mode revolution (revolution) to configuration.
Adding game mode sandbox (sandbox) to configuration.
Adding game mode shadowling (shadowling) to configuration.
Adding game mode very ragin' bullshit mages (veryraginbullshitmages) to configuration.
Adding game mode ragin' mages (raginmages) to configuration.
Adding game mode wizard (wizard) to configuration.
Saved mode is 'extended'
Failed to connect to database in load_admin_ranks(). Reverting to legacy system.
Database connection failed. Reverting to the legacy ban system.
[01:45:32]ADMIN: Loading appearance_rank
[01:45:32]ADMIN: appearance_keylist was empty
[01:45:32]ADMIN: Loading Banlist
[01:46:56]ACCESS: Login: PahomLancer/(PahomLancer) from 127.0.0.1-3150345111 || BYOND v510
[01:47:08]ADMIN: PahomLancer/(PahomLancer) toggled respawn to On.
[01:47:15]ACCESS: Logout: *no key*/(PahomLancer)
[01:47:15]ACCESS: Login: PahomLancer/(Griffin Whiteman) from 127.0.0.1-3150345111 || BYOND v510
[01:47:21]GAME: SQL ERROR obtaining jobbans. Error : [not connected]

[01:47:21]GAME: SQL ERROR obtaining reason from watch table. Error : [not connected]

[01:47:25]ADMIN: PahomLancer/(Griffin Whiteman) has used rudimentary transformation on PahomLancer/(Griffin Whiteman). Transforming to human; deletemob=1
[01:47:25]ACCESS: Logout: *no key*/(Griffin Whiteman)
[01:47:25]ACCESS: Login: PahomLancer/(Griffin Whiteman) from 127.0.0.1-3150345111 || BYOND v510
[01:47:31]GAME: SQL ERROR obtaining reason from watch table. Error : [not connected]

[01:47:48]ADMIN: PahomLancer/(Griffin Whiteman) has used rudimentary transformation on PahomLancer/(Griffin Whiteman). Transforming to larva; deletemob=1
[01:47:48]ACCESS: Logout: *no key*/(Griffin Whiteman)
[01:47:48]ACCESS: Login: PahomLancer/(Griffin Whiteman) from 127.0.0.1-3150345111 || BYOND v510
[01:48:05]ACCESS: Logout: PahomLancer[DC]/(Griffin Whiteman)


Starting up. 02:07.43
---------------------
Adding game mode abduction (abduction) to configuration.
Adding game mode blob (blob) to configuration.
Adding game mode changeling (changeling) to configuration.
Adding game mode traitor+changeling (traitorchan) to configuration.
Adding game mode double agents (double_agents) to configuration.
Adding game mode traitor (traitor) to configuration.
Adding game mode cult (cult) to configuration.
Adding game mode extended (extended) to configuration.
Adding game mode gang war (gang) to configuration.
Adding game mode hand of god (handofgod) to configuration.
Adding game mode AI malfunction (malfunction) to configuration.
Adding game mode meteor (meteor) to configuration.
Adding game mode monkey (monkey) to configuration.
Adding game mode nuclear emergency (nuclear) to configuration.
Adding game mode revolution (revolution) to configuration.
Adding game mode sandbox (sandbox) to configuration.
Adding game mode shadowling (shadowling) to configuration.
Adding game mode very ragin' bullshit mages (veryraginbullshitmages) to configuration.
Adding game mode ragin' mages (raginmages) to configuration.
Adding game mode wizard (wizard) to configuration.
Saved mode is 'extended'
Failed to connect to database in load_admin_ranks(). Reverting to legacy system.
Database connection failed. Reverting to the legacy ban system.
[02:07:44]ADMIN: Loading appearance_rank
[02:07:44]ADMIN: appearance_keylist was empty
[02:07:44]ADMIN: Loading Banlist
[02:08:19]ACCESS: Login: PahomLancer/(PahomLancer) from 127.0.0.1-3150345111 || BYOND v510
[02:08:23]ACCESS: Logout: *no key*/(PahomLancer)
[02:08:23]ACCESS: Login: PahomLancer/(Griffin Whiteman) from 127.0.0.1-3150345111 || BYOND v510
[02:08:25]GAME: SQL ERROR obtaining jobbans. Error : [not connected]

[02:08:25]GAME: SQL ERROR obtaining reason from watch table. Error : [not connected]

[02:08:31]ADMIN: PahomLancer/(Griffin Whiteman) has used rudimentary transformation on PahomLancer/(Griffin Whiteman). Transforming to human; deletemob=1
[02:08:31]ACCESS: Logout: *no key*/(Griffin Whiteman)
[02:08:31]ACCESS: Login: PahomLancer/(Griffin Whiteman) from 127.0.0.1-3150345111 || BYOND v510
[02:08:38]GAME: SQL ERROR obtaining reason from watch table. Error : [not connected]

[02:08:44]ADMIN: PahomLancer/(Griffin Whiteman) has used rudimentary transformation on PahomLancer/(Griffin Whiteman). Transforming to drone; deletemob=1
[02:08:44]ACCESS: Logout: *no key*/(Griffin Whiteman)
[02:08:44]ACCESS: Login: PahomLancer/(Griffin Whiteman) from 127.0.0.1-3150345111 || BYOND v510
[02:08:55]ACCESS: Logout: PahomLancer[DC]/(Griffin Whiteman)
