

Starting up. 21:40.46
---------------------
[21:42:02]ATTACK: giant rad scorpion (307) attacked Default Cyborg-102  (NEWHP: 100)(40,159,1)
[21:42:04]ATTACK: giant rad scorpion (307) attacked Default Cyborg-102  (NEWHP: 82)(40,159,1)
[21:42:06]ATTACK: giant rad scorpion (307) attacked Default Cyborg-102  (NEWHP: 66)(40,159,1)
[21:42:08]ATTACK: giant rad scorpion (307) attacked Default Cyborg-102  (NEWHP: 48)(40,159,1)
[21:42:10]ATTACK: giant rad scorpion (307) attacked Default Cyborg-102  (NEWHP: 33)(40,159,1)
[21:42:12]ATTACK: giant rad scorpion (307) attacked Default Cyborg-102  (NEWHP: 15)(40,159,1)
[21:42:14]ATTACK: giant rad scorpion (307) attacked Default Cyborg-102  (NEWHP: -2)(40,159,1)
[21:42:16]ATTACK: giant rad scorpion (307) attacked Default Cyborg-102  (NEWHP: -18)(40,159,1)
[21:42:18]ATTACK: giant rad scorpion (307) attacked Default Cyborg-102  (NEWHP: -37)(40,159,1)
[21:42:20]ATTACK: giant rad scorpion (307) attacked Default Cyborg-102  (NEWHP: -52)(40,159,1)
[21:42:22]ATTACK: giant rad scorpion (307) attacked Default Cyborg-102  (NEWHP: -70)(40,159,1)
[21:42:24]ATTACK: giant rad scorpion (307) attacked Default Cyborg-102  (NEWHP: -90)(40,159,1)
[21:42:35]ATTACK: Gekkon attacked Griffin Whiteman(pahomlancer)  (NEWHP: 100)(108,101,1)
[21:42:35]ATTACK: Gekkon attacked Griffin Whiteman(pahomlancer)  (NEWHP: 88)(108,101,1)
[21:42:35]ATTACK: Gekkon attacked Griffin Whiteman(pahomlancer)  (NEWHP: 75)(108,101,1)
[21:42:39]ATTACK: Gekkon attacked Griffin Whiteman(pahomlancer)  (NEWHP: 62)(112,96,1)
[21:42:39]ATTACK: Gekkon attacked Griffin Whiteman(pahomlancer)  (NEWHP: 47)(112,96,1)
[21:42:39]ATTACK: Griffin Whiteman(pahomlancer) attacked Gekkon with Superhammer (Wielded)(INTENT: HELP) (DAMTYPE: BRUTE) (NEWHP: 75)(113,96,1)
[21:42:41]ATTACK: Gekkon attacked Griffin Whiteman(pahomlancer)  (NEWHP: 36)(112,97,1)
[21:42:41]ATTACK: Gekkon attacked Griffin Whiteman(pahomlancer)  (NEWHP: 24)(112,97,1)
[21:42:41]ATTACK: Gekkon attacked Griffin Whiteman(pahomlancer)  (NEWHP: 9)(112,97,1)
[21:42:41]ATTACK: Gekkon attacked Griffin Whiteman(pahomlancer)  (NEWHP: -6)(112,97,1)
[21:42:43]ATTACK: Raider shot Gekkon with the bullet (NEWHP: 40)(205,95,1)
[21:42:43]ATTACK: Raider shot Gekkon with the bullet (NEWHP: 5)(205,96,1)
[21:42:45]ATTACK: Raider attacked Gekkon  (NEWHP: 5)(205,99,1)
[21:42:49]ATTACK: Gekkon attacked Griffin Whiteman(pahomlancer)  (NEWHP: 100)(112,97,1)
[21:42:49]ATTACK: Gekkon attacked Griffin Whiteman(pahomlancer)  (NEWHP: 86)(112,97,1)
[21:42:49]ATTACK: Gekkon attacked Griffin Whiteman(pahomlancer)  (NEWHP: 71)(112,97,1)
[21:42:49]ATTACK: Gekkon attacked Griffin Whiteman(pahomlancer)  (NEWHP: 58)(112,97,1)
[21:42:49]ATTACK: Gekkon attacked Griffin Whiteman(pahomlancer)  (NEWHP: 45)(112,97,1)
[21:42:51]ATTACK: Gekkon attacked Griffin Whiteman(pahomlancer)  (NEWHP: 35)(114,98,1)
[21:42:51]ATTACK: Gekkon attacked Griffin Whiteman(pahomlancer)  (NEWHP: 21)(114,98,1)
[21:42:53]ATTACK: Gekkon attacked Griffin Whiteman(pahomlancer)  (NEWHP: 9)(118,97,1)
[21:42:53]ATTACK: Gekkon attacked Griffin Whiteman(pahomlancer)  (NEWHP: -4)(118,97,1)
[21:42:53]ATTACK: Gekkon attacked Griffin Whiteman(pahomlancer)  (NEWHP: -19)(118,97,1)
[21:42:53]ATTACK: Gekkon attacked Griffin Whiteman(pahomlancer)  (NEWHP: -33)(118,97,1)
[21:43:15]ATTACK: Gekkon attacked Griffin Whiteman(pahomlancer)  (NEWHP: 100)(118,97,1)
[21:43:15]ATTACK: Gekkon attacked Griffin Whiteman(pahomlancer)  (NEWHP: 86)(118,97,1)
[21:43:17]ATTACK: Gekkon attacked Griffin Whiteman(pahomlancer)  (NEWHP: 73)(118,97,1)
[21:43:19]ATTACK: Gekkon attacked Griffin Whiteman(pahomlancer)  (NEWHP: 62)(118,97,1)
[21:43:35]ATTACK: Griffin Whiteman(pahomlancer) attacked Gekkon with Superhammer (Wielded)(INTENT: HELP) (DAMTYPE: BRUTE) (NEWHP: 75)(134,86,1)
[21:43:36]ATTACK: Gekkon attacked Griffin Whiteman(pahomlancer)  (NEWHP: 100)(135,86,1)
[21:43:36]ATTACK: Gekkon attacked Griffin Whiteman(pahomlancer)  (NEWHP: 86)(135,86,1)
[21:43:37]ATTACK: Griffin Whiteman(pahomlancer) attacked Gekkon with Superhammer (Wielded)(INTENT: HELP) (DAMTYPE: BRUTE) (NEWHP: 75)(136,86,1)
[21:43:38]ATTACK: Gekkon attacked Griffin Whiteman(pahomlancer)  (NEWHP: 75)(136,87,1)
[21:43:38]ATTACK: Gekkon attacked Griffin Whiteman(pahomlancer)  (NEWHP: 64)(136,87,1)
[21:43:39]ATTACK: Griffin Whiteman(pahomlancer) attacked Gekkon with Superhammer (Wielded)(INTENT: HELP) (DAMTYPE: BRUTE) (NEWHP: 30)(136,87,1)
[21:43:40]ATTACK: Gekkon attacked Griffin Whiteman(pahomlancer)  (NEWHP: 54)(137,87,1)
[21:43:42]ATTACK: Gekkon attacked Griffin Whiteman(pahomlancer)  (NEWHP: 43)(139,87,1)
[21:43:42]ATTACK: Gekkon attacked Griffin Whiteman(pahomlancer)  (NEWHP: 33)(139,87,1)
[21:43:43]ATTACK: Griffin Whiteman(pahomlancer) attacked Gekkon with Superhammer (Wielded)(INTENT: HELP) (DAMTYPE: BRUTE) (NEWHP: 0)(139,87,1)
[21:43:44]ATTACK: Gekkon attacked Griffin Whiteman(pahomlancer)  (NEWHP: 22)(140,87,1)
[21:43:44]ATTACK: Griffin Whiteman(pahomlancer) attacked Gekkon with Superhammer (Wielded)(INTENT: HELP) (DAMTYPE: BRUTE) (NEWHP: 75)(139,88,1)
[21:43:46]ATTACK: Griffin Whiteman(pahomlancer) attacked Gekkon with Superhammer (Wielded)(INTENT: HELP) (DAMTYPE: BRUTE) (NEWHP: 30)(137,88,1)
[21:43:47]ATTACK: Griffin Whiteman(pahomlancer) attacked Gekkon with Superhammer (Wielded)(INTENT: HELP) (DAMTYPE: BRUTE) (NEWHP: 0)(136,88,1)
[21:44:21]ATTACK: Griffin Whiteman(pahomlancer) attacked Raider with Superhammer (Wielded)(INTENT: HELP) (DAMTYPE: BRUTE) (NEWHP: 105)(145,93,1)
[21:44:28]ATTACK: Griffin Whiteman(pahomlancer) attacked Griffin Whiteman(@pahomlancer) with Superhammer (Wielded)(INTENT: HARM) (DAMTYPE: BRUTE) (NEWHP: 100)(138,92,1)
[21:44:50]ATTACK: Griffin Whiteman(pahomlancer) attacked Griffin Whiteman(@pahomlancer) with Superhammer (Wielded)(INTENT: HARM) (DAMTYPE: BRUTE) (NEWHP: 45)(132,92,1)
[21:44:57]ATTACK: Griffin Whiteman(pahomlancer) attacked Griffin Whiteman(@pahomlancer) with Superhammer (Wielded)(INTENT: HARM) (DAMTYPE: BRUTE) (NEWHP: -12)(132,82,1)
[21:44:58]ATTACK: Griffin Whiteman(pahomlancer) attacked Griffin Whiteman(@pahomlancer) with Superhammer (Wielded)(INTENT: HARM) (DAMTYPE: BRUTE) (NEWHP: -67)(132,82,1)
[21:44:59]ATTACK: Griffin Whiteman(pahomlancer) attacked Griffin Whiteman(@pahomlancer) with Superhammer (Wielded)(INTENT: HARM) (DAMTYPE: BRUTE) (NEWHP: -122.667)(132,82,1)
[21:45:00]ATTACK: Griffin Whiteman(pahomlancer) attacked Griffin Whiteman(@pahomlancer) with Superhammer (Wielded)(INTENT: HARM) (DAMTYPE: BRUTE) (NEWHP: -177.667)(132,82,1)
[21:45:01]ATTACK: Griffin Whiteman(pahomlancer) attacked Griffin Whiteman(@pahomlancer) with Superhammer (Wielded)(INTENT: HARM) (DAMTYPE: BRUTE) (NEWHP: -197.667)(132,82,1)
[21:45:10]ATTACK: Griffin Whiteman(pahomlancer) attacked Griffin Whiteman(@pahomlancer) with Superhammer (Wielded)(INTENT: HARM) (DAMTYPE: BRUTE) (NEWHP: 100)(136,83,1)
[21:45:12]ATTACK: Griffin Whiteman(pahomlancer) attacked Griffin Whiteman(@pahomlancer) with Superhammer (Wielded)(INTENT: HARM) (DAMTYPE: BRUTE) (NEWHP: 45)(132,83,1)
[21:45:14]ATTACK: Griffin Whiteman(pahomlancer) attacked Griffin Whiteman(@pahomlancer) with Superhammer (Wielded)(INTENT: HARM) (DAMTYPE: BRUTE) (NEWHP: -10)(132,83,1)
[21:45:15]ATTACK: Griffin Whiteman(pahomlancer) attacked Griffin Whiteman(@pahomlancer) with Superhammer (Wielded)(INTENT: HARM) (DAMTYPE: BRUTE) (NEWHP: -65)(132,83,1)
[21:45:15]ATTACK: Griffin Whiteman(pahomlancer) attacked Griffin Whiteman(@pahomlancer) with Superhammer (Wielded)(INTENT: HARM) (DAMTYPE: BRUTE) (NEWHP: -120)(132,83,1)
[21:45:16]ATTACK: Griffin Whiteman(pahomlancer) attacked Griffin Whiteman(@pahomlancer) with Superhammer (Wielded)(INTENT: HARM) (DAMTYPE: BRUTE) (NEWHP: -175)(132,83,1)
[21:45:17]ATTACK: Griffin Whiteman(pahomlancer) attacked Griffin Whiteman(@pahomlancer) with Superhammer (Wielded)(INTENT: HARM) (DAMTYPE: BRUTE) (NEWHP: -230.667)(132,83,1)
[21:45:22]ATTACK: Gekkon attacked Griffin Whiteman(pahomlancer)  (NEWHP: 100)(133,76,1)
[21:45:23]ATTACK: Griffin Whiteman(pahomlancer) attacked Gekkon with Superhammer(INTENT: HARM) (DAMTYPE: BRUTE) (NEWHP: 110)(133,75,1)
[21:45:24]ATTACK: Gekkon attacked Griffin Whiteman(pahomlancer)  (NEWHP: 88)(133,76,1)
[21:45:25]ATTACK: Griffin Whiteman(pahomlancer) attacked Gekkon with Superhammer (Wielded)(INTENT: HARM) (DAMTYPE: BRUTE) (NEWHP: 65)(133,75,1)
[21:45:36]ATTACK: Griffin Whiteman(pahomlancer) attacked Gekkon with Superhammer (Wielded)(INTENT: HARM) (DAMTYPE: BRUTE) (NEWHP: 20)(133,2,1)
[21:45:48]ATTACK: Griffin Whiteman(pahomlancer) attacked Gekkon with Superhammer (Wielded)(INTENT: HARM) (DAMTYPE: BRUTE) (NEWHP: 75)(129,60,1)
[21:45:52]ATTACK: Griffin Whiteman(pahomlancer) attacked Gekkon with Superhammer (Wielded)(INTENT: HARM) (DAMTYPE: BRUTE) (NEWHP: 75)(110,60,1)
[21:45:55]ATTACK: Gekkon attacked Griffin Whiteman(pahomlancer)  (NEWHP: 76)(91,60,1)
[21:45:56]ATTACK: Griffin Whiteman(pahomlancer) attacked Gekkon with Superhammer (Wielded)(INTENT: HARM) (DAMTYPE: BRUTE) (NEWHP: 30)(89,59,1)
[21:45:57]ATTACK: Gekkon attacked Griffin Whiteman(pahomlancer)  (NEWHP: 63)(89,60,1)
[21:45:58]ATTACK: Griffin Whiteman(pahomlancer) attacked Gekkon with Superhammer (Wielded)(INTENT: HARM) (DAMTYPE: BRUTE) (NEWHP: 30)(90,61,1)
[21:46:09]ATTACK: Gekkon attacked Griffin Whiteman(pahomlancer)  (NEWHP: 52)(92,82,1)
[21:46:09]ATTACK: Griffin Whiteman(pahomlancer) attacked Gekkon with Superhammer (Wielded)(INTENT: HARM) (DAMTYPE: BRUTE) (NEWHP: 75)(92,83,1)
[21:46:11]ATTACK: Griffin Whiteman(pahomlancer) attacked Gekkon with Superhammer (Wielded)(INTENT: HARM) (DAMTYPE: BRUTE) (NEWHP: 30)(92,84,1)
[21:46:11]ATTACK: Gekkon attacked Griffin Whiteman(pahomlancer)  (NEWHP: 42)(92,83,1)
[21:46:12]ATTACK: Griffin Whiteman(pahomlancer) attacked Gekkon with Superhammer (Wielded)(INTENT: HARM) (DAMTYPE: BRUTE) (NEWHP: 0)(92,84,1)


Starting up. 22:05.30
---------------------
[22:12:25]ATTACK: giant rad scorpion (672) attacked Default Cyborg-296  (NEWHP: 100)(40,159,1)
[22:12:27]ATTACK: giant rad scorpion (672) attacked Default Cyborg-296  (NEWHP: 82)(40,159,1)
[22:12:29]ATTACK: rad scorpion (760) attacked Default Cyborg-296  (NEWHP: 64)(40,159,1)
[22:12:29]ATTACK: giant rad scorpion (672) attacked Default Cyborg-296  (NEWHP: 56)(40,159,1)
[22:12:31]ATTACK: rad scorpion (760) attacked Default Cyborg-296  (NEWHP: 36)(40,159,1)
[22:12:31]ATTACK: giant rad scorpion (672) attacked Default Cyborg-296  (NEWHP: 26)(40,159,1)
[22:12:33]ATTACK: rad scorpion (760) attacked Default Cyborg-296  (NEWHP: 7)(40,159,1)
[22:12:33]ATTACK: giant rad scorpion (672) attacked Default Cyborg-296  (NEWHP: 0)(40,159,1)
[22:12:35]ATTACK: rad scorpion (760) attacked Default Cyborg-296  (NEWHP: -18)(40,159,1)
[22:12:35]ATTACK: giant rad scorpion (672) attacked Default Cyborg-296  (NEWHP: -27)(40,159,1)
[22:12:37]ATTACK: rad scorpion (760) attacked Default Cyborg-296  (NEWHP: -46)(40,159,1)
[22:12:37]ATTACK: giant rad scorpion (672) attacked Default Cyborg-296  (NEWHP: -55)(40,159,1)
[22:12:39]ATTACK: giant rad scorpion (672) attacked Default Cyborg-296  (NEWHP: -71)(40,159,1)
[22:12:41]ATTACK: rad scorpion (760) attacked Default Cyborg-296  (NEWHP: -87)(40,159,1)
[22:12:41]ATTACK: giant rad scorpion (672) attacked Default Cyborg-296  (NEWHP: -95)(40,159,1)
[22:15:31]ATTACK: Gekkon attacked Griffin Whiteman(pahomlancer)  (NEWHP: 100)(126,95,1)
[22:15:33]ATTACK: Gekkon attacked Griffin Whiteman(pahomlancer)  (NEWHP: 88)(117,101,1)
[22:15:33]ATTACK: Gekkon attacked Griffin Whiteman(pahomlancer)  (NEWHP: 77)(117,101,1)
[22:15:35]ATTACK: Gekkon attacked Griffin Whiteman(pahomlancer)  (NEWHP: 62)(109,102,1)
[22:15:35]ATTACK: Gekkon attacked Griffin Whiteman(pahomlancer)  (NEWHP: 52)(109,102,1)
[22:15:35]ATTACK: Gekkon attacked Griffin Whiteman(pahomlancer)  (NEWHP: 37)(109,102,1)
[22:15:35]ATTACK: Gekkon attacked Griffin Whiteman(pahomlancer)  (NEWHP: 26.5)(109,102,1)
[22:15:37]ATTACK: Gekkon attacked Griffin Whiteman(pahomlancer)  (NEWHP: 11.5)(106,101,1)
[22:15:37]ATTACK: Gekkon attacked Griffin Whiteman(pahomlancer)  (NEWHP: 0.5)(106,101,1)
[22:15:37]ATTACK: Gekkon attacked Griffin Whiteman(pahomlancer)  (NEWHP: -11.5)(106,101,1)
[22:15:43]ATTACK: Gekkon attacked Griffin Whiteman(pahomlancer)  (NEWHP: 100)(106,101,1)
[22:15:43]ATTACK: Gekkon attacked Griffin Whiteman(pahomlancer)  (NEWHP: 88)(106,101,1)
[22:15:45]ATTACK: Gekkon attacked Griffin Whiteman(pahomlancer)  (NEWHP: 77)(103,97,1)
[22:15:45]ATTACK: Gekkon attacked Griffin Whiteman(pahomlancer)  (NEWHP: 64)(103,97,1)
[22:15:47]ATTACK: Gekkon attacked Griffin Whiteman(pahomlancer)  (NEWHP: 53)(100,98,1)
[22:15:47]ATTACK: Gekkon attacked Griffin Whiteman(pahomlancer)  (NEWHP: 41)(100,98,1)
[22:15:47]ATTACK: Gekkon attacked Griffin Whiteman(pahomlancer)  (NEWHP: 31)(100,98,1)
[22:15:47]ATTACK: Gekkon attacked Griffin Whiteman(pahomlancer)  (NEWHP: 17)(100,98,1)
[22:16:06]ATTACK: Griffin Whiteman(pahomlancer) attacked Griffin Whiteman(pahomlancer) with Superhammer (Wielded)(INTENT: HELP) (DAMTYPE: BRUTE) (NEWHP: 100)(96,106,1)
[22:16:18]ATTACK: Griffin Whiteman(pahomlancer) attacked Griffin Whiteman(pahomlancer) with Superhammer(INTENT: HELP) (DAMTYPE: BRUTE) (NEWHP: 27)(95,107,1)
[22:16:47]ATTACK: Gekkon attacked Raider  (NEWHP: 150)(145,94,1)
[22:16:47]ATTACK: Raider attacked Gekkon  (NEWHP: 120)(144,94,1)
[22:16:50]ATTACK: Raider shot Gekkon with the pellet (NEWHP: 75)(152,94,1)
[22:16:51]ATTACK: Raider shot Gekkon with the pellet (NEWHP: 55)(159,94,1)
[22:16:57]ATTACK: Raider shot Gekkon with the pellet (NEWHP: 35)(183,94,1)
[22:17:02]ATTACK: Raider shot Gekkon with the bullet (NEWHP: 85)(194,94,1)
[22:17:03]ATTACK: Raider shot Gekkon with the pellet (NEWHP: 15)(205,96,1)
[22:17:04]ATTACK: Raider shot Raider with the bullet (NEWHP: 115)(198,98,1)
[22:17:05]ATTACK: Gekkon attacked Raider  (NEWHP: 115)(203,103,1)
[22:17:05]ATTACK: Raider shot Gekkon with the bullet (NEWHP: 0)(205,104,1)
[22:17:07]ATTACK: Gekkon attacked Raider  (NEWHP: 101)(201,101,1)
[22:17:07]ATTACK: Raider shot Gekkon with the bullet (NEWHP: 50)(202,101,1)
[22:17:09]ATTACK: Gekkon attacked Raider  (NEWHP: 87)(201,101,1)
[22:17:09]ATTACK: Raider shot Raider with the bullet (NEWHP: 39)(201,101,1)
[22:17:10]ATTACK: Raider shot Gekkon with the pellet (NEWHP: 30)(202,101,1)
[22:17:11]ATTACK: Raider shot Gekkon with the bullet (NEWHP: 0)(195,100,1)
[22:19:35]ATTACK: Cazador attacked brahmin  (NEWHP: 20)(227,145,1)
[22:25:17]ATTACK: Gekkon attacked Mutant  (NEWHP: 250)(87,123,1)
[22:25:17]ATTACK: Mutant attacked Gekkon  (NEWHP: 120)(87,122,1)
[22:25:19]ATTACK: Gekkon attacked Mutant  (NEWHP: 250)(87,123,1)
[22:25:19]ATTACK: Mutant attacked Gekkon  (NEWHP: 90)(87,122,1)
[22:25:21]ATTACK: Gekkon attacked Mutant  (NEWHP: 250)(87,123,1)
[22:25:21]ATTACK: Mutant attacked Gekkon  (NEWHP: 63)(87,122,1)
[22:25:23]ATTACK: Gekkon attacked Mutant  (NEWHP: 250)(87,123,1)
[22:25:23]ATTACK: Mutant attacked Gekkon  (NEWHP: 35)(87,122,1)
[22:25:25]ATTACK: Gekkon attacked Mutant  (NEWHP: 250)(87,123,1)
[22:25:25]ATTACK: Mutant attacked Gekkon  (NEWHP: 1)(87,122,1)
[22:26:58]ATTACK: Cazador attacked brahmin  (NEWHP: 20)(224,145,1)
[22:27:02]ATTACK: Cazador attacked brahmin  (NEWHP: 20)(225,145,1)


Starting up. 23:19.27
---------------------
[23:21:03]ATTACK: giant rad scorpion (488) attacked Default Cyborg-489  (NEWHP: 100)(40,158,1)
[23:21:05]ATTACK: giant rad scorpion (488) attacked Default Cyborg-489  (NEWHP: 82)(40,158,1)
[23:21:07]ATTACK: giant rad scorpion (488) attacked Default Cyborg-489  (NEWHP: 63)(40,158,1)
[23:21:09]ATTACK: giant rad scorpion (488) attacked Default Cyborg-489  (NEWHP: 44)(40,158,1)
[23:21:11]ATTACK: giant rad scorpion (488) attacked Default Cyborg-489  (NEWHP: 24)(40,158,1)
[23:21:13]ATTACK: giant rad scorpion (488) attacked Default Cyborg-489  (NEWHP: 9)(40,158,1)
[23:21:15]ATTACK: giant rad scorpion (488) attacked Default Cyborg-489  (NEWHP: -6)(40,158,1)
[23:21:17]ATTACK: giant rad scorpion (488) attacked Default Cyborg-489  (NEWHP: -25)(40,158,1)
[23:21:19]ATTACK: giant rad scorpion (488) attacked Default Cyborg-489  (NEWHP: -41)(40,158,1)
[23:21:21]ATTACK: giant rad scorpion (488) attacked Default Cyborg-489  (NEWHP: -61)(40,158,1)
[23:21:23]ATTACK: giant rad scorpion (488) attacked Default Cyborg-489  (NEWHP: -76)(40,158,1)
[23:21:25]ATTACK: giant rad scorpion (488) attacked Default Cyborg-489  (NEWHP: -95)(40,158,1)
[23:22:26]ATTACK: Mutant attacked Griffin Whiteman(pahomlancer)  (NEWHP: 100)(95,132,1)
[23:22:28]ATTACK: Mutant attacked Griffin Whiteman(pahomlancer)  (NEWHP: 78.3)(92,130,1)
[23:22:30]ATTACK: Mutant attacked Griffin Whiteman(pahomlancer)  (NEWHP: 58)(92,130,1)
[23:23:02]ATTACK: Griffin Whiteman(pahomlancer) attacked Gekkon with Sledgehammer (Wielded)(INTENT: HELP) (DAMTYPE: BRUTE) (NEWHP: 90)(108,101,1)
[23:23:02]ATTACK: Gekkon attacked Griffin Whiteman(pahomlancer)  (NEWHP: 100)(108,100,1)
[23:23:02]ATTACK: Gekkon attacked Griffin Whiteman(pahomlancer)  (NEWHP: 93)(108,100,1)
[23:23:02]ATTACK: Gekkon attacked Griffin Whiteman(pahomlancer)  (NEWHP: 83.9)(108,100,1)
[23:23:02]ATTACK: Gekkon attacked Griffin Whiteman(pahomlancer)  (NEWHP: 73.4)(108,100,1)
[23:23:03]ATTACK: Griffin Whiteman(pahomlancer) attacked Gekkon with Sledgehammer (Wielded)(INTENT: HELP) (DAMTYPE: BRUTE) (NEWHP: 60)(108,101,1)
[23:23:04]ATTACK: Griffin Whiteman(pahomlancer) attacked Gekkon with Sledgehammer (Wielded)(INTENT: HELP) (DAMTYPE: BRUTE) (NEWHP: 30)(108,101,1)
[23:23:04]ATTACK: Gekkon attacked Griffin Whiteman(pahomlancer)  (NEWHP: 63.6)(108,100,1)
[23:23:04]ATTACK: Gekkon attacked Griffin Whiteman(pahomlancer)  (NEWHP: 53.8)(108,100,1)
[23:23:04]ATTACK: Gekkon attacked Griffin Whiteman(pahomlancer)  (NEWHP: 44.7)(108,100,1)
[23:23:04]ATTACK: Gekkon attacked Griffin Whiteman(pahomlancer)  (NEWHP: 37)(108,100,1)
[23:23:05]ATTACK: Griffin Whiteman(pahomlancer) attacked Gekkon with Sledgehammer (Wielded)(INTENT: HELP) (DAMTYPE: BRUTE) (NEWHP: 0)(108,101,1)
[23:23:06]ATTACK: Gekkon attacked Griffin Whiteman(pahomlancer)  (NEWHP: 28.6)(109,102,1)
[23:23:06]ATTACK: Gekkon attacked Griffin Whiteman(pahomlancer)  (NEWHP: 18.1)(109,102,1)
[23:23:46]ATTACK: Unknown(pahomlancer) attacked Raider with Sledgehammer (Wielded)(INTENT: DISARM) (DAMTYPE: BRUTE) (NEWHP: 120)(153,95,1)
[23:23:47]ATTACK: Raider attacked Unknown(pahomlancer)  (NEWHP: 100)(152,96,1)
[23:23:47]ATTACK: Raider shot Raider with the pellet (NEWHP: 100)(153,95,1)
[23:23:47]ATTACK: Raider shot Raider with the pellet (NEWHP: 80)(153,95,1)
[23:23:47]ATTACK: Raider shot Raider with the pellet (NEWHP: 60)(153,95,1)
[23:23:47]ATTACK: Raider shot Raider with the pellet (NEWHP: 40)(153,95,1)
[23:23:47]ATTACK: Raider shot Raider with the pellet (NEWHP: 20)(153,95,1)
[23:23:53]ATTACK: Raider shot Unknown(pahomlancer) with the pellet (NEWHP: 90)(152,96,1)
[23:23:53]ATTACK: Unknown(pahomlancer) attacked Raider with Sledgehammer (Wielded)(INTENT: DISARM) (DAMTYPE: BRUTE) (NEWHP: 120)(148,96,1)
[23:24:04]ATTACK: Unknown(pahomlancer) attacked Raider with Sledgehammer (Wielded)(INTENT: DISARM) (DAMTYPE: BRUTE) (NEWHP: 90)(110,95,1)
[23:24:05]ATTACK: Raider shot Unknown(pahomlancer) with the pellet (NEWHP: 77)(108,95,1)
[23:24:05]ATTACK: Raider shot Gekkon with the pellet (NEWHP: 100)(107,101,1)
[23:24:05]ATTACK: Raider shot Gekkon with the pellet (NEWHP: 80)(107,101,1)
[23:24:05]ATTACK: Raider shot Gekkon with the pellet (NEWHP: 100)(108,102,1)
[23:24:05]ATTACK: Raider shot Gekkon with the pellet (NEWHP: 80)(108,102,1)
[23:24:05]ATTACK: Raider shot Gekkon with the pellet (NEWHP: 100)(106,102,1)
[23:24:11]ATTACK: Gekkon attacked Raider  (NEWHP: 90)(73,95,1)
[23:24:11]ATTACK: Raider shot Gekkon with the pellet (NEWHP: 100)(74,95,1)
[23:24:11]ATTACK: Unknown(pahomlancer) attacked Gekkon with Sledgehammer (Wielded)(INTENT: DISARM) (DAMTYPE: BRUTE) (NEWHP: 70)(74,95,1)
[23:24:13]ATTACK: Gekkon attacked Raider  (NEWHP: 77)(73,96,1)
[23:24:15]ATTACK: Gekkon attacked Raider  (NEWHP: 67)(73,96,1)
[23:24:17]ATTACK: Gekkon attacked Raider  (NEWHP: 53)(81,99,1)
[23:24:17]ATTACK: Raider shot Gekkon with the pellet (NEWHP: 50)(89,99,1)
[23:24:19]ATTACK: Gekkon attacked Raider  (NEWHP: 42)(87,99,1)
[23:24:21]ATTACK: Gekkon attacked Raider  (NEWHP: 28)(79,98,1)
[23:24:23]ATTACK: Gekkon attacked Raider  (NEWHP: 14)(71,98,1)
[23:24:23]ATTACK: Raider attacked Gekkon  (NEWHP: 120)(72,98,1)
[23:24:25]ATTACK: Gekkon attacked Unknown(pahomlancer)  (NEWHP: 64)(135,73,1)
[23:24:25]ATTACK: Gekkon attacked Unknown(pahomlancer)  (NEWHP: 58)(135,73,1)
[23:24:25]ATTACK: Gekkon attacked Raider  (NEWHP: 2)(63,98,1)
[23:24:27]ATTACK: Unknown(pahomlancer) attacked Gekkon with Sledgehammer (Wielded)(INTENT: DISARM) (DAMTYPE: BRUTE) (NEWHP: 90)(135,72,1)
[23:24:27]ATTACK: Gekkon attacked Unknown(pahomlancer)  (NEWHP: 52.4)(135,73,1)
[23:24:27]ATTACK: Gekkon attacked Unknown(pahomlancer)  (NEWHP: 47.2)(135,73,1)
[23:24:27]ATTACK: Gekkon attacked Unknown(pahomlancer)  (NEWHP: 42)(135,73,1)
[23:24:27]ATTACK: Gekkon attacked Unknown(pahomlancer)  (NEWHP: 37.6)(135,73,1)
[23:24:29]ATTACK: Gekkon attacked Unknown(pahomlancer)  (NEWHP: 32)(135,73,1)
[23:24:29]ATTACK: Gekkon attacked Unknown(pahomlancer)  (NEWHP: 26)(135,73,1)
[23:24:29]ATTACK: Gekkon attacked Unknown(pahomlancer)  (NEWHP: 20.4)(135,73,1)
[23:24:29]ATTACK: Gekkon attacked Unknown(pahomlancer)  (NEWHP: 15.2)(135,73,1)
[23:27:49]ATTACK: Unknown(pahomlancer) attacked Griffin Whiteman with Sledgehammer (Wielded)(INTENT: HARM) (DAMTYPE: BRUTE) (NEWHP: 100)(128,77,1)
[23:27:50]ATTACK: Unknown(pahomlancer) attacked Griffin Whiteman with Sledgehammer (Wielded)(INTENT: HARM) (DAMTYPE: BRUTE) (NEWHP: 100)(128,77,1)
[23:27:50]ATTACK: Unknown(pahomlancer) attacked Griffin Whiteman with Sledgehammer (Wielded)(INTENT: HARM) (DAMTYPE: BRUTE) (NEWHP: 10)(128,77,1)
[23:27:51]ATTACK: Unknown(pahomlancer) attacked Griffin Whiteman with Sledgehammer (Wielded)(INTENT: HARM) (DAMTYPE: BRUTE) (NEWHP: -20)(128,77,1)
[23:27:52]ATTACK: Unknown(pahomlancer) attacked Griffin Whiteman with Sledgehammer (Wielded)(INTENT: HARM) (DAMTYPE: BRUTE) (NEWHP: -20)(128,77,1)
[23:28:29]ATTACK: Unknown(pahomlancer) hit Griffin Whiteman with Sledgehammer (NEWHP: -68)(128,77,1)
[23:28:31]ATTACK: Raider shot Raider with the bullet (NEWHP: 115)(136,239,1)
[23:28:37]ATTACK: Raider shot Raider with the bullet (NEWHP: 80)(136,239,1)
[23:28:38]ATTACK: Unknown(pahomlancer) hit Griffin Whiteman with Sledgehammer (NEWHP: -93.6667)(127,77,1)
[23:28:43]ATTACK: Raider shot Raider with the bullet (NEWHP: 45)(136,239,1)
[23:28:49]ATTACK: Raider shot Raider with the bullet (NEWHP: 10)(136,239,1)
[23:28:58]ATTACK: Unknown(pahomlancer) hit Gekkon with Sledgehammer (NEWHP: 100)(138,87,1)
[23:28:59]ATTACK: Gekkon attacked Unknown(pahomlancer)  (NEWHP: 100)(142,87,1)
[23:29:01]ATTACK: Gekkon attacked Unknown(pahomlancer)  (NEWHP: 95.6)(136,79,1)
[23:29:01]ATTACK: Gekkon attacked Unknown(pahomlancer)  (NEWHP: 90.8)(136,79,1)
[23:29:03]ATTACK: Gekkon attacked Unknown(pahomlancer)  (NEWHP: 86)(136,79,1)
[23:29:03]ATTACK: Gekkon attacked Unknown(pahomlancer)  (NEWHP: 81.2)(136,79,1)
[23:29:03]ATTACK: Gekkon attacked Unknown(pahomlancer)  (NEWHP: 76)(136,79,1)
[23:29:05]ATTACK: Gekkon attacked Unknown(pahomlancer)  (NEWHP: 71.6)(136,79,1)
[23:29:05]ATTACK: Gekkon attacked Unknown(pahomlancer)  (NEWHP: 66.4)(136,79,1)
[23:29:05]ATTACK: Gekkon attacked Unknown(pahomlancer)  (NEWHP: 60.8)(136,79,1)
[23:29:07]ATTACK: Gekkon attacked Unknown(pahomlancer)  (NEWHP: 54.8)(136,79,1)
[23:29:07]ATTACK: Gekkon attacked Unknown(pahomlancer)  (NEWHP: 50.8)(136,79,1)
[23:29:07]ATTACK: Gekkon attacked Unknown(pahomlancer)  (NEWHP: 46.4)(136,79,1)
[23:29:09]ATTACK: Gekkon attacked Unknown(pahomlancer)  (NEWHP: 42.4)(136,79,1)
[23:29:09]ATTACK: Gekkon attacked Unknown(pahomlancer)  (NEWHP: 36.8)(136,79,1)
[23:29:09]ATTACK: Gekkon attacked Unknown(pahomlancer)  (NEWHP: 32.4)(136,79,1)
[23:29:11]ATTACK: Gekkon attacked Unknown(pahomlancer)  (NEWHP: 26.4)(136,79,1)
[23:29:11]ATTACK: Gekkon attacked Unknown(pahomlancer)  (NEWHP: 22.4)(136,79,1)
[23:29:11]ATTACK: Gekkon attacked Unknown(pahomlancer)  (NEWHP: 16.4)(136,79,1)
[23:29:13]ATTACK: Gekkon attacked Unknown(pahomlancer)  (NEWHP: 10.8)(136,79,1)
[23:29:13]ATTACK: Gekkon attacked Unknown(pahomlancer)  (NEWHP: 5.2)(136,79,1)
[23:29:13]ATTACK: Gekkon attacked Unknown(pahomlancer)  (NEWHP: 0)(136,79,1)
[23:29:22]ATTACK: Gekkon attacked Unknown(pahomlancer)  (NEWHP: 100)(136,79,1)
[23:29:22]ATTACK: Gekkon attacked Unknown(pahomlancer)  (NEWHP: 94.4)(136,79,1)
[23:29:22]ATTACK: Gekkon attacked Unknown(pahomlancer)  (NEWHP: 88.4)(136,79,1)
[23:29:24]ATTACK: Gekkon attacked Unknown(pahomlancer)  (NEWHP: 83.2)(134,80,1)
[23:29:24]ATTACK: Gekkon attacked Unknown(pahomlancer)  (NEWHP: 78.8)(134,80,1)
[23:29:24]ATTACK: Gekkon attacked Unknown(pahomlancer)  (NEWHP: 73.6)(134,80,1)
[23:29:38]ATTACK: Gekkon attacked Unknown(pahomlancer)  (NEWHP: 67.6)(53,98,1)
[23:29:38]ATTACK: Gekkon attacked Unknown(pahomlancer)  (NEWHP: 62.4)(53,98,1)
[23:29:38]ATTACK: Gekkon attacked Unknown(pahomlancer)  (NEWHP: 56.4)(53,98,1)
[23:29:40]ATTACK: Gekkon attacked Unknown(pahomlancer)  (NEWHP: 50.8)(48,100,1)
[23:29:40]ATTACK: Gekkon attacked Unknown(pahomlancer)  (NEWHP: 44.8)(48,100,1)
[23:29:40]ATTACK: Gekkon attacked Unknown(pahomlancer)  (NEWHP: 39.6)(48,100,1)
[23:29:42]ATTACK: Gekkon attacked Unknown(pahomlancer)  (NEWHP: 34.4)(43,103,1)
[23:29:42]ATTACK: Gekkon attacked Unknown(pahomlancer)  (NEWHP: 30)(43,103,1)
[23:29:42]ATTACK: Gekkon attacked Unknown(pahomlancer)  (NEWHP: 26)(43,103,1)
[23:29:44]ATTACK: Gekkon attacked Unknown(pahomlancer)  (NEWHP: 20)(38,106,1)
[23:29:44]ATTACK: Gekkon attacked Unknown(pahomlancer)  (NEWHP: 14)(38,106,1)
[23:29:46]ATTACK: Gekkon attacked Unknown(pahomlancer)  (NEWHP: 7.99999)(36,110,1)
[23:29:46]ATTACK: Gekkon attacked Unknown(pahomlancer)  (NEWHP: 2)(36,110,1)
[23:29:52]ATTACK: Gekkon attacked Gunner  (NEWHP: 300)(36,119,1)
[23:29:52]ATTACK: Gekkon attacked Unknown(pahomlancer)  (NEWHP: 100)(36,111,1)
[23:29:52]ATTACK: Gekkon attacked Gunner  (NEWHP: 289)(36,119,1)
[23:29:52]ATTACK: Gekkon attacked Unknown(pahomlancer)  (NEWHP: 94)(36,111,1)
[23:29:52]ATTACK: Gunner attacked Gekkon  (NEWHP: 120)(35,118,1)
[23:29:53]ATTACK: NON-EXISTANT SUBJECT shot Gekkon with the bullet (NEWHP: 50)(36,117,1)
[23:29:54]ATTACK: Gekkon attacked Gunner  (NEWHP: 274)(41,127,1)
[23:29:54]ATTACK: Gunner shot Gekkon with the bullet (NEWHP: 60)(40,126,1)
[23:29:54]ATTACK: Gunner shot Gekkon with the bullet (NEWHP: 20)(41,128,1)
[23:29:54]ATTACK: Gunner shot Gekkon with the bullet (NEWHP: 0)(42,128,1)
[23:29:56]ATTACK: Gekkon attacked Gunner  (NEWHP: 264)(47,135,1)
[23:29:56]ATTACK: Gekkon attacked Unknown(pahomlancer)  (NEWHP: 89.6)(38,121,1)
[23:29:56]ATTACK: Gekkon attacked Unknown(pahomlancer)  (NEWHP: 85.6)(38,121,1)
[23:29:56]ATTACK: Gunner attacked Gekkon  (NEWHP: 110)(47,134,1)
[23:29:58]ATTACK: Gekkon attacked Gunner  (NEWHP: 250)(39,134,1)
[23:29:58]ATTACK: Gekkon attacked Gunner  (NEWHP: 236)(39,134,1)
[23:29:58]ATTACK: Gunner attacked Gekkon  (NEWHP: 120)(40,135,1)
[23:29:58]ATTACK: NON-EXISTANT SUBJECT shot Gunner with the bullet (NEWHP: 255)(25,118,1)
[23:29:59]ATTACK: NON-EXISTANT SUBJECT shot Unknown(pahomlancer) with the bullet (NEWHP: 80.8)(23,126,1)
[23:29:59]ATTACK: NON-EXISTANT SUBJECT shot Gekkon with the bullet (NEWHP: 5)(29,126,1)
[23:29:59]ATTACK: Gunner shot Gekkon with the bullet (NEWHP: 80)(36,133,1)
[23:29:59]ATTACK: Gunner shot Gekkon with the bullet (NEWHP: 70)(34,133,1)
[23:30:00]ATTACK: Gekkon attacked Unknown(pahomlancer)  (NEWHP: 80.8)(23,126,1)
[23:30:00]ATTACK: Gekkon attacked Gunner  (NEWHP: 222)(31,133,1)
[23:30:00]ATTACK: Gekkon attacked Gunner  (NEWHP: 209)(31,133,1)
[23:30:00]ATTACK: Gunner attacked Gekkon  (NEWHP: 70)(32,133,1)
[23:30:01]ATTACK: NON-EXISTANT SUBJECT shot Gunner with the bullet (NEWHP: 210)(24,123,1)
[23:30:01]ATTACK: NON-EXISTANT SUBJECT shot Gekkon with the bullet (NEWHP: 35)(31,133,1)
[23:30:01]ATTACK: NON-EXISTANT SUBJECT shot Gekkon with the bullet (NEWHP: 75)(31,133,1)
[23:30:01]ATTACK: NON-EXISTANT SUBJECT shot Gekkon with the bullet (NEWHP: 30)(31,133,1)
[23:30:02]ATTACK: Gekkon attacked Gunner  (NEWHP: 198)(23,133,1)
[23:30:02]ATTACK: Gekkon attacked Gunner  (NEWHP: 187)(23,133,1)
[23:30:02]ATTACK: Gunner attacked Gekkon  (NEWHP: 100)(24,134,1)
[23:30:02]ATTACK: Gunner shot Unknown(pahomlancer) with the bullet (NEWHP: 49.4)(16,126,1)
[23:30:02]ATTACK: Gunner shot Unknown(pahomlancer) with the bullet (NEWHP: 49.4)(16,126,1)
[23:30:02]ATTACK: Gunner shot Unknown(pahomlancer) with the bullet (NEWHP: 49.4)(16,126,1)
[23:30:02]ATTACK: Gunner shot Unknown(pahomlancer) with the bullet (NEWHP: 49.4)(16,126,1)
[23:30:02]ATTACK: Gunner shot Unknown(pahomlancer) with the bullet (NEWHP: 49.4)(16,126,1)
[23:30:02]ATTACK: NON-EXISTANT SUBJECT shot Gekkon with the bullet (NEWHP: 45)(22,132,1)
[23:30:03]ATTACK: Gunner shot Unknown(pahomlancer) with the bullet (NEWHP: 49.4)(16,126,1)
[23:30:03]ATTACK: NON-EXISTANT SUBJECT shot Gekkon with the bullet (NEWHP: 0)(24,131,1)
[23:30:03]ATTACK: NON-EXISTANT SUBJECT shot Gunner with the bullet (NEWHP: 165)(22,125,1)
[23:30:04]ATTACK: Gekkon attacked Gunner  (NEWHP: 175)(23,124,1)
[23:30:04]ATTACK: Gunner attacked Gekkon  (NEWHP: 5)(21,125,1)
[23:30:04]ATTACK: Gunner shot Gekkon with the bullet (NEWHP: 5)(23,126,1)
[23:30:04]ATTACK: Gunner shot Gekkon with the bullet (NEWHP: 20)(23,124,1)
[23:30:04]ATTACK: NON-EXISTANT SUBJECT shot Gekkon with the bullet (NEWHP: 0)(24,131,1)
[23:30:04]ATTACK: NON-EXISTANT SUBJECT shot Gekkon with the bullet (NEWHP: 0)(23,124,1)
[23:30:04]ATTACK: Gunner shot Gunner with the bullet (NEWHP: 125)(23,123,1)
[23:30:05]ATTACK: NON-EXISTANT SUBJECT shot Gunner with the bullet (NEWHP: 80)(24,121,1)
[23:30:05]ATTACK: NON-EXISTANT SUBJECT shot Gekkon with the bullet (NEWHP: 0)(24,131,1)
[23:30:06]ATTACK: Gekkon attacked Gunner  (NEWHP: 164)(23,121,1)
[23:30:06]ATTACK: Gekkon attacked Gunner  (NEWHP: 80)(24,121,1)
[23:30:06]ATTACK: Gunner attacked Gekkon  (NEWHP: 20)(23,122,1)
[23:30:06]ATTACK: Gunner attacked Gekkon  (NEWHP: 10)(23,122,1)
[23:30:07]ATTACK: NON-EXISTANT SUBJECT shot Gekkon with the bullet (NEWHP: 0)(21,125,1)
[23:30:07]ATTACK: NON-EXISTANT SUBJECT shot Gekkon with the bullet (NEWHP: 0)(24,131,1)
[23:30:07]ATTACK: NON-EXISTANT SUBJECT shot Gekkon with the bullet (NEWHP: 0)(23,122,1)
[23:30:07]ATTACK: NON-EXISTANT SUBJECT shot Gekkon with the bullet (NEWHP: 0)(23,124,1)
[23:30:07]ATTACK: NON-EXISTANT SUBJECT shot Gekkon with the bullet (NEWHP: 0)(23,122,1)
[23:30:08]ATTACK: Gekkon attacked Gunner  (NEWHP: 153)(23,119,1)
[23:30:08]ATTACK: NON-EXISTANT SUBJECT shot Gekkon with the bullet (NEWHP: 0)(23,122,1)
[23:30:09]ATTACK: NON-EXISTANT SUBJECT shot Gekkon with the bullet (NEWHP: 0)(23,122,1)
[23:30:09]ATTACK: NON-EXISTANT SUBJECT shot Gekkon with the bullet (NEWHP: 0)(23,120,1)
[23:30:09]ATTACK: NON-EXISTANT SUBJECT shot Gekkon with the bullet (NEWHP: 0)(24,131,1)
[23:30:09]ATTACK: NON-EXISTANT SUBJECT shot Gekkon with the bullet (NEWHP: 0)(23,122,1)
[23:30:11]ATTACK: NON-EXISTANT SUBJECT shot Gekkon with the bullet (NEWHP: 0)(21,125,1)
[23:30:11]ATTACK: NON-EXISTANT SUBJECT shot Gekkon with the bullet (NEWHP: 0)(23,122,1)
[23:30:11]ATTACK: NON-EXISTANT SUBJECT shot Gekkon with the bullet (NEWHP: 0)(21,125,1)
[23:30:11]ATTACK: NON-EXISTANT SUBJECT shot Gekkon with the bullet (NEWHP: 0)(24,131,1)
[23:30:11]ATTACK: NON-EXISTANT SUBJECT shot Gekkon with the bullet (NEWHP: 0)(23,122,1)
[23:30:12]ATTACK: NON-EXISTANT SUBJECT shot Gunner with the bullet (NEWHP: 23)(25,119,1)
[23:30:12]ATTACK: NON-EXISTANT SUBJECT shot Gekkon with the bullet (NEWHP: 0)(23,124,1)
[23:30:13]ATTACK: NON-EXISTANT SUBJECT shot Gekkon with the bullet (NEWHP: 0)(23,120,1)
[23:30:13]ATTACK: NON-EXISTANT SUBJECT shot Gekkon with the bullet (NEWHP: 0)(21,125,1)
[23:30:13]ATTACK: NON-EXISTANT SUBJECT shot Gekkon with the bullet (NEWHP: 0)(24,131,1)
[23:30:14]ATTACK: NON-EXISTANT SUBJECT shot Gekkon with the bullet (NEWHP: 0)(24,131,1)
[23:30:15]ATTACK: NON-EXISTANT SUBJECT shot Gekkon with the bullet (NEWHP: 0)(23,122,1)
[23:30:15]ATTACK: NON-EXISTANT SUBJECT shot Gekkon with the bullet (NEWHP: 0)(24,131,1)
[23:30:15]ATTACK: NON-EXISTANT SUBJECT shot Gekkon with the bullet (NEWHP: 0)(23,122,1)
[23:30:16]ATTACK: NON-EXISTANT SUBJECT shot Gunner with the bullet (NEWHP: 97)(24,119,1)
[23:30:17]ATTACK: NON-EXISTANT SUBJECT shot Gekkon with the bullet (NEWHP: 0)(24,131,1)
[23:30:17]ATTACK: NON-EXISTANT SUBJECT shot Gekkon with the bullet (NEWHP: 0)(24,131,1)
[23:30:17]ATTACK: NON-EXISTANT SUBJECT shot Gekkon with the bullet (NEWHP: 0)(23,122,1)
[23:30:19]ATTACK: NON-EXISTANT SUBJECT shot Gunner with the bullet (NEWHP: 52)(24,119,1)
[23:30:19]ATTACK: NON-EXISTANT SUBJECT shot Gekkon with the bullet (NEWHP: 0)(23,122,1)
[23:30:19]ATTACK: NON-EXISTANT SUBJECT shot Gekkon with the bullet (NEWHP: 0)(24,131,1)
[23:30:19]ATTACK: NON-EXISTANT SUBJECT shot Gekkon with the bullet (NEWHP: 0)(23,122,1)
[23:30:21]ATTACK: NON-EXISTANT SUBJECT shot Gunner with the bullet (NEWHP: 7)(24,119,1)
[23:30:21]ATTACK: NON-EXISTANT SUBJECT shot Gekkon with the bullet (NEWHP: 0)(21,125,1)
[23:30:21]ATTACK: NON-EXISTANT SUBJECT shot Gekkon with the bullet (NEWHP: 0)(24,131,1)
[23:30:21]ATTACK: NON-EXISTANT SUBJECT shot Gekkon with the bullet (NEWHP: 0)(24,131,1)
[23:30:23]ATTACK: NON-EXISTANT SUBJECT shot Gekkon with the bullet (NEWHP: 0)(23,124,1)
[23:30:23]ATTACK: NON-EXISTANT SUBJECT shot Gekkon with the bullet (NEWHP: 0)(23,120,1)
[23:30:23]ATTACK: NON-EXISTANT SUBJECT shot Gekkon with the bullet (NEWHP: 0)(24,131,1)
[23:30:23]ATTACK: NON-EXISTANT SUBJECT shot Gekkon with the bullet (NEWHP: 0)(23,122,1)
[23:30:25]ATTACK: NON-EXISTANT SUBJECT shot Gekkon with the bullet (NEWHP: 0)(21,125,1)
[23:30:25]ATTACK: NON-EXISTANT SUBJECT shot Gekkon with the bullet (NEWHP: 0)(24,131,1)
[23:30:25]ATTACK: NON-EXISTANT SUBJECT shot Gekkon with the bullet (NEWHP: 0)(23,124,1)
[23:30:25]ATTACK: NON-EXISTANT SUBJECT shot Gekkon with the bullet (NEWHP: 0)(24,131,1)
[23:30:27]ATTACK: NON-EXISTANT SUBJECT shot Gekkon with the bullet (NEWHP: 0)(21,125,1)
[23:30:27]ATTACK: NON-EXISTANT SUBJECT shot Gekkon with the bullet (NEWHP: 0)(23,124,1)
[23:30:27]ATTACK: NON-EXISTANT SUBJECT shot Gekkon with the bullet (NEWHP: 0)(24,131,1)
[23:30:27]ATTACK: NON-EXISTANT SUBJECT shot Gekkon with the bullet (NEWHP: 0)(23,124,1)
[23:30:29]ATTACK: NON-EXISTANT SUBJECT shot Gekkon with the bullet (NEWHP: 0)(21,125,1)
[23:30:29]ATTACK: NON-EXISTANT SUBJECT shot Gekkon with the bullet (NEWHP: 0)(23,124,1)
[23:30:29]ATTACK: NON-EXISTANT SUBJECT shot Gekkon with the bullet (NEWHP: 0)(24,131,1)
[23:30:29]ATTACK: NON-EXISTANT SUBJECT shot Gekkon with the bullet (NEWHP: 0)(23,122,1)
[23:30:29]ATTACK: NON-EXISTANT SUBJECT shot Gekkon with the bullet (NEWHP: 0)(21,125,1)
[23:30:31]ATTACK: NON-EXISTANT SUBJECT shot Gekkon with the bullet (NEWHP: 0)(24,131,1)
[23:30:31]ATTACK: NON-EXISTANT SUBJECT shot Gekkon with the bullet (NEWHP: 0)(23,122,1)
[23:30:31]ATTACK: NON-EXISTANT SUBJECT shot Gekkon with the bullet (NEWHP: 0)(24,131,1)
[23:30:31]ATTACK: NON-EXISTANT SUBJECT shot Gekkon with the bullet (NEWHP: 0)(21,125,1)
[23:30:33]ATTACK: NON-EXISTANT SUBJECT shot Gekkon with the bullet (NEWHP: 0)(24,131,1)
[23:30:33]ATTACK: NON-EXISTANT SUBJECT shot Gekkon with the bullet (NEWHP: 0)(23,120,1)
[23:30:33]ATTACK: NON-EXISTANT SUBJECT shot Gekkon with the bullet (NEWHP: 0)(24,131,1)
[23:30:33]ATTACK: NON-EXISTANT SUBJECT shot Gekkon with the bullet (NEWHP: 0)(23,122,1)
[23:30:33]ATTACK: NON-EXISTANT SUBJECT shot Gekkon with the bullet (NEWHP: 0)(24,131,1)
[23:30:35]ATTACK: NON-EXISTANT SUBJECT shot Gekkon with the bullet (NEWHP: 0)(21,125,1)
[23:30:35]ATTACK: NON-EXISTANT SUBJECT shot Gekkon with the bullet (NEWHP: 0)(24,131,1)
[23:30:35]ATTACK: NON-EXISTANT SUBJECT shot Gekkon with the bullet (NEWHP: 0)(23,124,1)
[23:30:35]ATTACK: NON-EXISTANT SUBJECT shot Gekkon with the bullet (NEWHP: 0)(24,131,1)
[23:30:36]ATTACK: Unknown(pahomlancer) attacked Gunner with Superhammer (Wielded)(INTENT: HARM) (DAMTYPE: BRUTE) (NEWHP: 255)(14,135,1)
[23:30:37]ATTACK: NON-EXISTANT SUBJECT shot Gekkon with the bullet (NEWHP: 0)(24,131,1)
[23:30:37]ATTACK: NON-EXISTANT SUBJECT shot Gekkon with the bullet (NEWHP: 0)(21,125,1)
[23:30:37]ATTACK: NON-EXISTANT SUBJECT shot Gekkon with the bullet (NEWHP: 0)(23,122,1)
[23:30:37]ATTACK: NON-EXISTANT SUBJECT shot Gekkon with the bullet (NEWHP: 0)(24,131,1)
[23:30:37]ATTACK: NON-EXISTANT SUBJECT shot Gekkon with the bullet (NEWHP: 0)(23,122,1)
[23:30:39]ATTACK: NON-EXISTANT SUBJECT shot Gekkon with the bullet (NEWHP: 0)(24,131,1)
[23:30:39]ATTACK: NON-EXISTANT SUBJECT shot Gekkon with the bullet (NEWHP: 0)(23,120,1)
[23:30:39]ATTACK: NON-EXISTANT SUBJECT shot Gekkon with the bullet (NEWHP: 0)(23,120,1)
[23:30:39]ATTACK: NON-EXISTANT SUBJECT shot Gekkon with the bullet (NEWHP: 0)(24,131,1)
[23:30:39]ATTACK: NON-EXISTANT SUBJECT shot Gekkon with the bullet (NEWHP: 0)(21,125,1)
[23:30:39]ATTACK: Unknown(pahomlancer) attacked Gunner with Superhammer (Wielded)(INTENT: HARM) (DAMTYPE: BRUTE) (NEWHP: 210)(10,138,1)
[23:30:40]ATTACK: Unknown(pahomlancer) attacked Gunner with Superhammer (Wielded)(INTENT: HARM) (DAMTYPE: BRUTE) (NEWHP: 165)(10,138,1)
[23:30:40]ATTACK: Gunner attacked Unknown(pahomlancer)  (NEWHP: 100)(10,137,1)
[23:30:41]ATTACK: NON-EXISTANT SUBJECT shot Gekkon with the bullet (NEWHP: 0)(24,131,1)
[23:30:41]ATTACK: NON-EXISTANT SUBJECT shot Gekkon with the bullet (NEWHP: 0)(24,131,1)
[23:30:41]ATTACK: NON-EXISTANT SUBJECT shot Gekkon with the bullet (NEWHP: 0)(24,131,1)
[23:30:41]ATTACK: NON-EXISTANT SUBJECT shot Gekkon with the bullet (NEWHP: 0)(21,125,1)
[23:30:43]ATTACK: Gunner shot Unknown(pahomlancer) with the bullet (NEWHP: 98)(15,137,1)
[23:30:43]ATTACK: NON-EXISTANT SUBJECT shot Gekkon with the bullet (NEWHP: 0)(23,122,1)
[23:30:43]ATTACK: NON-EXISTANT SUBJECT shot Gekkon with the bullet (NEWHP: 0)(23,124,1)
[23:30:43]ATTACK: NON-EXISTANT SUBJECT shot Gekkon with the bullet (NEWHP: 0)(24,131,1)
[23:30:43]ATTACK: Gunner shot Unknown(pahomlancer) with the bullet (NEWHP: 98)(15,136,1)
[23:30:43]ATTACK: NON-EXISTANT SUBJECT shot Gekkon with the bullet (NEWHP: 0)(21,125,1)
[23:30:43]ATTACK: Gunner shot Unknown(pahomlancer) with the bullet (NEWHP: 98)(15,135,1)
[23:30:45]ATTACK: NON-EXISTANT SUBJECT shot Gekkon with the bullet (NEWHP: 0)(23,122,1)
[23:30:45]ATTACK: NON-EXISTANT SUBJECT shot Gekkon with the bullet (NEWHP: 0)(21,125,1)
[23:30:45]ATTACK: NON-EXISTANT SUBJECT shot Gekkon with the bullet (NEWHP: 0)(24,131,1)
[23:30:45]ATTACK: NON-EXISTANT SUBJECT shot Gekkon with the bullet (NEWHP: 0)(23,122,1)
[23:30:45]ATTACK: NON-EXISTANT SUBJECT shot Gekkon with the bullet (NEWHP: 0)(23,124,1)
[23:30:46]ATTACK: Gunner attacked Unknown(pahomlancer)  (NEWHP: 68)(15,127,1)
[23:30:47]ATTACK: Unknown(pahomlancer) attacked Gunner with Superhammer (Wielded)(INTENT: HARM) (DAMTYPE: BRUTE) (NEWHP: 120)(15,126,1)
[23:30:47]ATTACK: NON-EXISTANT SUBJECT shot Gekkon with the bullet (NEWHP: 0)(23,120,1)
[23:30:47]ATTACK: NON-EXISTANT SUBJECT shot Gekkon with the bullet (NEWHP: 0)(21,125,1)
[23:30:47]ATTACK: NON-EXISTANT SUBJECT shot Gekkon with the bullet (NEWHP: 0)(23,124,1)
[23:30:47]ATTACK: NON-EXISTANT SUBJECT shot Gekkon with the bullet (NEWHP: 0)(24,131,1)
[23:30:47]ATTACK: NON-EXISTANT SUBJECT shot Gekkon with the bullet (NEWHP: 0)(23,122,1)
[23:30:49]ATTACK: NON-EXISTANT SUBJECT shot Gekkon with the bullet (NEWHP: 0)(23,124,1)
[23:30:49]ATTACK: NON-EXISTANT SUBJECT shot Gekkon with the bullet (NEWHP: 0)(23,120,1)
[23:30:49]ATTACK: Gunner shot Unknown(pahomlancer) with the bullet (NEWHP: 66)(11,126,1)
[23:30:49]ATTACK: NON-EXISTANT SUBJECT shot Gekkon with the bullet (NEWHP: 0)(23,120,1)
[23:30:49]ATTACK: NON-EXISTANT SUBJECT shot Gekkon with the bullet (NEWHP: 0)(21,125,1)
[23:30:49]ATTACK: NON-EXISTANT SUBJECT shot Gekkon with the bullet (NEWHP: 0)(24,131,1)
[23:30:49]ATTACK: Gunner shot Unknown(pahomlancer) with the bullet (NEWHP: 66)(10,126,1)
[23:30:49]ATTACK: Gunner shot Unknown(pahomlancer) with the bullet (NEWHP: 66)(10,125,1)
[23:30:49]ATTACK: Unknown(pahomlancer) attacked Gunner with Superhammer (Wielded)(INTENT: HARM) (DAMTYPE: BRUTE) (NEWHP: 75)(9,124,1)
[23:30:51]ATTACK: NON-EXISTANT SUBJECT shot Gekkon with the bullet (NEWHP: 0)(24,131,1)
[23:30:51]ATTACK: NON-EXISTANT SUBJECT shot Gekkon with the bullet (NEWHP: 0)(21,125,1)
[23:30:51]ATTACK: NON-EXISTANT SUBJECT shot Gekkon with the bullet (NEWHP: 0)(24,131,1)
[23:30:51]ATTACK: NON-EXISTANT SUBJECT shot Gekkon with the bullet (NEWHP: 0)(21,125,1)
[23:30:53]ATTACK: NON-EXISTANT SUBJECT shot Gekkon with the bullet (NEWHP: 0)(23,122,1)
[23:30:53]ATTACK: NON-EXISTANT SUBJECT shot Gekkon with the bullet (NEWHP: 0)(21,125,1)
[23:30:53]ATTACK: NON-EXISTANT SUBJECT shot Gekkon with the bullet (NEWHP: 0)(24,131,1)
[23:30:53]ATTACK: NON-EXISTANT SUBJECT shot Gekkon with the bullet (NEWHP: 0)(24,131,1)
[23:30:54]ATTACK: Unknown(pahomlancer) attacked Gunner with Superhammer (Wielded)(INTENT: HARM) (DAMTYPE: BRUTE) (NEWHP: 30)(13,128,1)
[23:30:55]ATTACK: Gunner shot Unknown(pahomlancer) with the bullet (NEWHP: 36)(13,129,1)
[23:30:55]ATTACK: NON-EXISTANT SUBJECT shot Gekkon with the bullet (NEWHP: 0)(23,124,1)
[23:30:55]ATTACK: NON-EXISTANT SUBJECT shot Gekkon with the bullet (NEWHP: 0)(23,122,1)
[23:30:55]ATTACK: NON-EXISTANT SUBJECT shot Gekkon with the bullet (NEWHP: 0)(23,124,1)
[23:30:55]ATTACK: NON-EXISTANT SUBJECT shot Gekkon with the bullet (NEWHP: 0)(24,131,1)
[23:30:57]ATTACK: NON-EXISTANT SUBJECT shot Gekkon with the bullet (NEWHP: 0)(21,125,1)
[23:30:57]ATTACK: NON-EXISTANT SUBJECT shot Gekkon with the bullet (NEWHP: 0)(21,125,1)
[23:30:57]ATTACK: NON-EXISTANT SUBJECT shot Gekkon with the bullet (NEWHP: 0)(24,131,1)
[23:30:57]ATTACK: NON-EXISTANT SUBJECT shot Gekkon with the bullet (NEWHP: 0)(23,124,1)
[23:30:59]ATTACK: NON-EXISTANT SUBJECT shot Gekkon with the bullet (NEWHP: 0)(23,122,1)
[23:30:59]ATTACK: NON-EXISTANT SUBJECT shot Gekkon with the bullet (NEWHP: 0)(23,122,1)
[23:30:59]ATTACK: NON-EXISTANT SUBJECT shot Gekkon with the bullet (NEWHP: 0)(23,124,1)
[23:30:59]ATTACK: NON-EXISTANT SUBJECT shot Gekkon with the bullet (NEWHP: 0)(24,131,1)
[23:30:59]ATTACK: NON-EXISTANT SUBJECT shot Gekkon with the bullet (NEWHP: 0)(23,122,1)
[23:31:01]ATTACK: NON-EXISTANT SUBJECT shot Gekkon with the bullet (NEWHP: 0)(23,120,1)
[23:31:01]ATTACK: NON-EXISTANT SUBJECT shot Gekkon with the bullet (NEWHP: 0)(21,125,1)
[23:31:01]ATTACK: NON-EXISTANT SUBJECT shot Gekkon with the bullet (NEWHP: 0)(24,131,1)
[23:31:01]ATTACK: NON-EXISTANT SUBJECT shot Gekkon with the bullet (NEWHP: 0)(24,131,1)
[23:31:03]ATTACK: NON-EXISTANT SUBJECT shot Gekkon with the bullet (NEWHP: 0)(23,120,1)
[23:31:03]ATTACK: NON-EXISTANT SUBJECT shot Gekkon with the bullet (NEWHP: 0)(23,120,1)
[23:31:03]ATTACK: NON-EXISTANT SUBJECT shot Gekkon with the bullet (NEWHP: 0)(23,124,1)
[23:31:03]ATTACK: NON-EXISTANT SUBJECT shot Gekkon with the bullet (NEWHP: 0)(24,131,1)
[23:31:05]ATTACK: NON-EXISTANT SUBJECT shot Gekkon with the bullet (NEWHP: 0)(24,131,1)
[23:31:05]ATTACK: NON-EXISTANT SUBJECT shot Gekkon with the bullet (NEWHP: 0)(24,131,1)
[23:31:05]ATTACK: NON-EXISTANT SUBJECT shot Gekkon with the bullet (NEWHP: 0)(23,124,1)
[23:31:05]ATTACK: NON-EXISTANT SUBJECT shot Gekkon with the bullet (NEWHP: 0)(24,131,1)
[23:31:07]ATTACK: NON-EXISTANT SUBJECT shot Gekkon with the bullet (NEWHP: 0)(23,120,1)
[23:31:07]ATTACK: NON-EXISTANT SUBJECT shot Gekkon with the bullet (NEWHP: 0)(21,125,1)
[23:31:07]ATTACK: NON-EXISTANT SUBJECT shot Gekkon with the bullet (NEWHP: 0)(23,124,1)
[23:31:07]ATTACK: NON-EXISTANT SUBJECT shot Gekkon with the bullet (NEWHP: 0)(24,131,1)
[23:31:07]ATTACK: NON-EXISTANT SUBJECT shot Gekkon with the bullet (NEWHP: 0)(23,122,1)
[23:31:09]ATTACK: NON-EXISTANT SUBJECT shot Gekkon with the bullet (NEWHP: 0)(24,131,1)
[23:31:09]ATTACK: NON-EXISTANT SUBJECT shot Gekkon with the bullet (NEWHP: 0)(23,120,1)
[23:31:09]ATTACK: NON-EXISTANT SUBJECT shot Gekkon with the bullet (NEWHP: 0)(21,125,1)
[23:31:09]ATTACK: NON-EXISTANT SUBJECT shot Gekkon with the bullet (NEWHP: 0)(24,131,1)
[23:31:11]ATTACK: NON-EXISTANT SUBJECT shot Unknown(pahomlancer) with the bullet (NEWHP: 100)(24,130,1)
[23:31:11]ATTACK: NON-EXISTANT SUBJECT shot Gekkon with the bullet (NEWHP: 0)(23,124,1)
[23:31:11]ATTACK: NON-EXISTANT SUBJECT shot Gekkon with the bullet (NEWHP: 0)(24,131,1)
[23:31:11]ATTACK: NON-EXISTANT SUBJECT shot Gekkon with the bullet (NEWHP: 0)(21,125,1)
[23:31:13]ATTACK: NON-EXISTANT SUBJECT shot Gekkon with the bullet (NEWHP: 0)(23,124,1)
[23:31:13]ATTACK: NON-EXISTANT SUBJECT shot Gekkon with the bullet (NEWHP: 0)(23,120,1)
[23:31:13]ATTACK: NON-EXISTANT SUBJECT shot Gekkon with the bullet (NEWHP: 0)(23,120,1)
[23:31:13]ATTACK: NON-EXISTANT SUBJECT shot Gekkon with the bullet (NEWHP: 0)(21,125,1)
[23:31:13]ATTACK: NON-EXISTANT SUBJECT shot Unknown(pahomlancer) with the bullet (NEWHP: 91)(24,130,1)
[23:31:15]ATTACK: NON-EXISTANT SUBJECT shot Unknown(pahomlancer) with the bullet (NEWHP: 82)(24,130,1)
[23:31:15]ATTACK: NON-EXISTANT SUBJECT shot Gekkon with the bullet (NEWHP: 0)(23,120,1)
[23:31:15]ATTACK: NON-EXISTANT SUBJECT shot Unknown(pahomlancer) with the bullet (NEWHP: 82)(24,130,1)
[23:31:15]ATTACK: NON-EXISTANT SUBJECT shot Gekkon with the bullet (NEWHP: 0)(24,131,1)
[23:31:15]ATTACK: NON-EXISTANT SUBJECT shot Gekkon with the bullet (NEWHP: 0)(23,124,1)
[23:31:17]ATTACK: NON-EXISTANT SUBJECT shot Unknown(pahomlancer) with the bullet (NEWHP: 64)(24,130,1)
[23:31:17]ATTACK: NON-EXISTANT SUBJECT shot Gekkon with the bullet (NEWHP: 0)(21,125,1)
[23:31:17]ATTACK: NON-EXISTANT SUBJECT shot Gekkon with the bullet (NEWHP: 0)(24,131,1)
[23:31:17]ATTACK: NON-EXISTANT SUBJECT shot Gekkon with the bullet (NEWHP: 0)(23,124,1)
[23:31:19]ATTACK: NON-EXISTANT SUBJECT shot Gekkon with the bullet (NEWHP: 0)(23,120,1)
[23:31:19]ATTACK: NON-EXISTANT SUBJECT shot Gekkon with the bullet (NEWHP: 0)(24,131,1)
[23:31:19]ATTACK: NON-EXISTANT SUBJECT shot Gekkon with the bullet (NEWHP: 0)(23,122,1)
[23:31:19]ATTACK: NON-EXISTANT SUBJECT shot Gekkon with the bullet (NEWHP: 0)(21,125,1)
[23:31:21]ATTACK: NON-EXISTANT SUBJECT shot Gekkon with the bullet (NEWHP: 0)(23,120,1)
[23:31:21]ATTACK: NON-EXISTANT SUBJECT shot Unknown(pahomlancer) with the bullet (NEWHP: 55)(24,134,1)
[23:31:21]ATTACK: NON-EXISTANT SUBJECT shot Gekkon with the bullet (NEWHP: 0)(23,120,1)
[23:31:21]ATTACK: NON-EXISTANT SUBJECT shot Gekkon with the bullet (NEWHP: 0)(23,120,1)
[23:31:23]ATTACK: NON-EXISTANT SUBJECT shot Gekkon with the bullet (NEWHP: 0)(24,131,1)
[23:31:23]ATTACK: NON-EXISTANT SUBJECT shot Gekkon with the bullet (NEWHP: 0)(23,124,1)
[23:31:23]ATTACK: NON-EXISTANT SUBJECT shot Gekkon with the bullet (NEWHP: 0)(24,131,1)
[23:31:25]ATTACK: NON-EXISTANT SUBJECT shot Unknown(pahomlancer) with the bullet (NEWHP: 45)(25,138,1)
[23:31:25]ATTACK: NON-EXISTANT SUBJECT shot Gekkon with the bullet (NEWHP: 0)(23,124,1)
[23:31:25]ATTACK: NON-EXISTANT SUBJECT shot Gekkon with the bullet (NEWHP: 0)(21,125,1)
[23:31:27]ATTACK: NON-EXISTANT SUBJECT shot Unknown(pahomlancer) with the bullet (NEWHP: 36)(25,138,1)
[23:31:27]ATTACK: NON-EXISTANT SUBJECT shot Gekkon with the bullet (NEWHP: 0)(23,120,1)
[23:31:27]ATTACK: NON-EXISTANT SUBJECT shot Gekkon with the bullet (NEWHP: 0)(23,124,1)
[23:31:29]ATTACK: NON-EXISTANT SUBJECT shot Unknown(pahomlancer) with the bullet (NEWHP: 26)(25,138,1)
[23:31:29]ATTACK: NON-EXISTANT SUBJECT shot Gekkon with the bullet (NEWHP: 0)(23,124,1)
[23:31:29]ATTACK: NON-EXISTANT SUBJECT shot Gekkon with the bullet (NEWHP: 0)(23,122,1)
[23:31:29]ATTACK: NON-EXISTANT SUBJECT shot Gekkon with the bullet (NEWHP: 0)(23,122,1)
[23:31:31]ATTACK: NON-EXISTANT SUBJECT shot Gekkon with the bullet (NEWHP: 0)(23,120,1)
[23:31:31]ATTACK: NON-EXISTANT SUBJECT shot Gekkon with the bullet (NEWHP: 0)(24,131,1)
[23:31:31]ATTACK: NON-EXISTANT SUBJECT shot Gekkon with the bullet (NEWHP: 0)(21,125,1)
[23:31:33]ATTACK: NON-EXISTANT SUBJECT shot Unknown(pahomlancer) with the bullet (NEWHP: 17)(25,138,1)
[23:31:33]ATTACK: NON-EXISTANT SUBJECT shot Gekkon with the bullet (NEWHP: 0)(23,120,1)
[23:31:33]ATTACK: NON-EXISTANT SUBJECT shot Gekkon with the bullet (NEWHP: 0)(21,125,1)
[23:31:35]ATTACK: NON-EXISTANT SUBJECT shot Gekkon with the bullet (NEWHP: 0)(23,124,1)
[23:31:35]ATTACK: NON-EXISTANT SUBJECT shot Gekkon with the bullet (NEWHP: 0)(24,131,1)
[23:31:37]ATTACK: NON-EXISTANT SUBJECT shot Gekkon with the bullet (NEWHP: 0)(21,125,1)
[23:31:37]ATTACK: NON-EXISTANT SUBJECT shot Gekkon with the bullet (NEWHP: 0)(23,122,1)
[23:31:39]ATTACK: NON-EXISTANT SUBJECT shot Gekkon with the bullet (NEWHP: 0)(23,120,1)
[23:31:39]ATTACK: NON-EXISTANT SUBJECT shot Gekkon with the bullet (NEWHP: 0)(23,122,1)
[23:31:41]ATTACK: NON-EXISTANT SUBJECT shot Gekkon with the bullet (NEWHP: 0)(23,124,1)
[23:31:41]ATTACK: NON-EXISTANT SUBJECT shot Gekkon with the bullet (NEWHP: 0)(23,122,1)
[23:31:41]ATTACK: NON-EXISTANT SUBJECT shot Gekkon with the bullet (NEWHP: 0)(23,120,1)
[23:31:43]ATTACK: NON-EXISTANT SUBJECT shot Gekkon with the bullet (NEWHP: 0)(21,125,1)
[23:31:43]ATTACK: NON-EXISTANT SUBJECT shot Gekkon with the bullet (NEWHP: 0)(21,125,1)
[23:31:45]ATTACK: NON-EXISTANT SUBJECT shot Gekkon with the bullet (NEWHP: 0)(23,120,1)
[23:31:45]ATTACK: NON-EXISTANT SUBJECT shot Gekkon with the bullet (NEWHP: 0)(21,125,1)
[23:31:45]ATTACK: NON-EXISTANT SUBJECT shot Gekkon with the bullet (NEWHP: 0)(23,122,1)
[23:31:47]ATTACK: NON-EXISTANT SUBJECT shot Gekkon with the bullet (NEWHP: 0)(23,124,1)
[23:31:47]ATTACK: NON-EXISTANT SUBJECT shot Gekkon with the bullet (NEWHP: 0)(23,122,1)
[23:31:47]ATTACK: NON-EXISTANT SUBJECT shot Gekkon with the bullet (NEWHP: 0)(21,125,1)
[23:31:49]ATTACK: NON-EXISTANT SUBJECT shot Gekkon with the bullet (NEWHP: 0)(23,120,1)
[23:31:49]ATTACK: NON-EXISTANT SUBJECT shot Gekkon with the bullet (NEWHP: 0)(24,131,1)
[23:31:49]ATTACK: NON-EXISTANT SUBJECT shot Gekkon with the bullet (NEWHP: 0)(21,125,1)
[23:31:51]ATTACK: NON-EXISTANT SUBJECT shot Gekkon with the bullet (NEWHP: 0)(23,120,1)
[23:31:51]ATTACK: NON-EXISTANT SUBJECT shot Gekkon with the bullet (NEWHP: 0)(23,122,1)
[23:31:51]ATTACK: NON-EXISTANT SUBJECT shot Gekkon with the bullet (NEWHP: 0)(23,122,1)
[23:31:53]ATTACK: NON-EXISTANT SUBJECT shot Gekkon with the bullet (NEWHP: 0)(21,125,1)
[23:31:53]ATTACK: NON-EXISTANT SUBJECT shot Gekkon with the bullet (NEWHP: 0)(23,120,1)
[23:31:53]ATTACK: NON-EXISTANT SUBJECT shot Gekkon with the bullet (NEWHP: 0)(21,125,1)
[23:31:55]ATTACK: NON-EXISTANT SUBJECT shot Gekkon with the bullet (NEWHP: 0)(23,122,1)
[23:31:55]ATTACK: NON-EXISTANT SUBJECT shot Gekkon with the bullet (NEWHP: 0)(23,124,1)
[23:31:56]ATTACK: Unknown(pahomlancer) attacked Gekkon with Superhammer (Wielded)(INTENT: HARM) (DAMTYPE: BRUTE) (NEWHP: 35)(35,112,1)
[23:31:57]ATTACK: Gekkon attacked Unknown(pahomlancer)  (NEWHP: 100)(35,113,1)
[23:31:58]ATTACK: Unknown(pahomlancer) attacked Gekkon with Superhammer (Wielded)(INTENT: HARM) (DAMTYPE: BRUTE) (NEWHP: 5)(34,113,1)
[23:31:58]ATTACK: NON-EXISTANT SUBJECT shot Gekkon with the bullet (NEWHP: 0)(23,120,1)
[23:31:58]ATTACK: NON-EXISTANT SUBJECT shot Gekkon with the bullet (NEWHP: 0)(23,122,1)
[23:31:58]ATTACK: NON-EXISTANT SUBJECT shot Unknown(pahomlancer) with the bullet (NEWHP: 97)(35,113,1)
[23:32:00]ATTACK: NON-EXISTANT SUBJECT shot Gekkon with the bullet (NEWHP: 0)(23,124,1)
[23:32:00]ATTACK: NON-EXISTANT SUBJECT shot Gekkon with the bullet (NEWHP: 0)(6,113,1)
[23:32:00]ATTACK: NON-EXISTANT SUBJECT shot Gekkon with the bullet (NEWHP: 0)(6,113,1)
[23:32:00]ATTACK: NON-EXISTANT SUBJECT shot Gekkon with the bullet (NEWHP: 0)(21,125,1)
[23:32:02]ATTACK: NON-EXISTANT SUBJECT shot Gekkon with the bullet (NEWHP: 0)(6,113,1)
[23:32:02]ATTACK: NON-EXISTANT SUBJECT shot Gekkon with the bullet (NEWHP: 0)(23,120,1)
[23:32:02]ATTACK: NON-EXISTANT SUBJECT shot Gekkon with the bullet (NEWHP: 0)(6,113,1)
[23:32:02]ATTACK: NON-EXISTANT SUBJECT shot Gekkon with the bullet (NEWHP: 0)(23,122,1)
[23:32:02]ATTACK: NON-EXISTANT SUBJECT shot Gekkon with the bullet (NEWHP: 0)(23,124,1)
[23:32:04]ATTACK: NON-EXISTANT SUBJECT shot Gekkon with the bullet (NEWHP: 0)(23,124,1)
[23:32:04]ATTACK: NON-EXISTANT SUBJECT shot Gekkon with the bullet (NEWHP: 0)(6,113,1)
[23:32:04]ATTACK: NON-EXISTANT SUBJECT shot Gekkon with the bullet (NEWHP: 0)(6,113,1)
[23:32:06]ATTACK: NON-EXISTANT SUBJECT shot Gekkon with the bullet (NEWHP: 0)(6,113,1)
[23:32:06]ATTACK: NON-EXISTANT SUBJECT shot Gekkon with the bullet (NEWHP: 0)(6,113,1)
[23:32:06]ATTACK: NON-EXISTANT SUBJECT shot Gekkon with the bullet (NEWHP: 0)(24,131,1)
[23:32:06]ATTACK: NON-EXISTANT SUBJECT shot Gekkon with the bullet (NEWHP: 0)(21,125,1)
[23:32:08]ATTACK: NON-EXISTANT SUBJECT shot Gekkon with the bullet (NEWHP: 0)(6,113,1)
[23:32:08]ATTACK: NON-EXISTANT SUBJECT shot Gekkon with the bullet (NEWHP: 0)(23,120,1)
[23:32:08]ATTACK: NON-EXISTANT SUBJECT shot Gekkon with the bullet (NEWHP: 0)(6,113,1)
[23:32:08]ATTACK: NON-EXISTANT SUBJECT shot Gekkon with the bullet (NEWHP: 0)(23,122,1)
[23:32:08]ATTACK: NON-EXISTANT SUBJECT shot Gekkon with the bullet (NEWHP: 0)(21,125,1)
[23:32:10]ATTACK: NON-EXISTANT SUBJECT shot Gekkon with the bullet (NEWHP: 0)(6,113,1)
[23:32:10]ATTACK: NON-EXISTANT SUBJECT shot Gekkon with the bullet (NEWHP: 0)(21,125,1)
[23:32:10]ATTACK: NON-EXISTANT SUBJECT shot Gekkon with the bullet (NEWHP: 0)(6,113,1)
[23:32:10]ATTACK: NON-EXISTANT SUBJECT shot Gekkon with the bullet (NEWHP: 0)(23,122,1)
[23:32:10]ATTACK: NON-EXISTANT SUBJECT shot Gekkon with the bullet (NEWHP: 0)(21,125,1)
[23:32:12]ATTACK: NON-EXISTANT SUBJECT shot Gekkon with the bullet (NEWHP: 0)(6,113,1)
[23:32:12]ATTACK: NON-EXISTANT SUBJECT shot Gekkon with the bullet (NEWHP: 0)(23,122,1)
[23:32:12]ATTACK: NON-EXISTANT SUBJECT shot Gekkon with the bullet (NEWHP: 0)(6,113,1)
[23:32:12]ATTACK: NON-EXISTANT SUBJECT shot Gekkon with the bullet (NEWHP: 0)(24,131,1)
[23:32:14]ATTACK: NON-EXISTANT SUBJECT shot Gekkon with the bullet (NEWHP: 0)(6,113,1)
[23:32:14]ATTACK: NON-EXISTANT SUBJECT shot Unknown(pahomlancer) with the bullet (NEWHP: 88)(26,119,1)
[23:32:14]ATTACK: NON-EXISTANT SUBJECT shot Gekkon with the bullet (NEWHP: 0)(6,113,1)
[23:32:16]ATTACK: NON-EXISTANT SUBJECT shot Gekkon with the bullet (NEWHP: 0)(23,124,1)
[23:32:16]ATTACK: NON-EXISTANT SUBJECT shot Gekkon with the bullet (NEWHP: 0)(6,113,1)
[23:32:16]ATTACK: NON-EXISTANT SUBJECT shot Gekkon with the bullet (NEWHP: 0)(6,113,1)
[23:32:16]ATTACK: NON-EXISTANT SUBJECT shot Gekkon with the bullet (NEWHP: 0)(23,122,1)
[23:32:18]ATTACK: NON-EXISTANT SUBJECT shot Gekkon with the bullet (NEWHP: 0)(6,113,1)
[23:32:18]ATTACK: NON-EXISTANT SUBJECT shot Gekkon with the bullet (NEWHP: 0)(6,113,1)
[23:32:18]ATTACK: NON-EXISTANT SUBJECT shot Gekkon with the bullet (NEWHP: 0)(24,131,1)
[23:32:19]ATTACK: NON-EXISTANT SUBJECT shot Unknown(pahomlancer) with the bullet (NEWHP: 79)(26,124,1)
[23:32:20]ATTACK: NON-EXISTANT SUBJECT shot Gekkon with the bullet (NEWHP: 0)(6,113,1)
[23:32:20]ATTACK: NON-EXISTANT SUBJECT shot Gekkon with the bullet (NEWHP: 0)(6,113,1)
[23:32:20]ATTACK: NON-EXISTANT SUBJECT shot Gekkon with the bullet (NEWHP: 0)(23,120,1)
[23:32:22]ATTACK: NON-EXISTANT SUBJECT shot Gekkon with the bullet (NEWHP: 0)(23,124,1)
[23:32:22]ATTACK: NON-EXISTANT SUBJECT shot Gekkon with the bullet (NEWHP: 0)(6,113,1)
[23:32:22]ATTACK: NON-EXISTANT SUBJECT shot Gekkon with the bullet (NEWHP: 0)(6,113,1)
[23:32:24]ATTACK: NON-EXISTANT SUBJECT shot Gekkon with the bullet (NEWHP: 0)(6,113,1)
[23:32:24]ATTACK: NON-EXISTANT SUBJECT shot Gekkon with the bullet (NEWHP: 0)(23,120,1)
[23:32:24]ATTACK: NON-EXISTANT SUBJECT shot Gekkon with the bullet (NEWHP: 0)(6,113,1)
[23:32:24]ATTACK: NON-EXISTANT SUBJECT shot Gekkon with the bullet (NEWHP: 0)(23,120,1)
[23:32:26]ATTACK: NON-EXISTANT SUBJECT shot Gekkon with the bullet (NEWHP: 0)(6,113,1)
[23:32:26]ATTACK: NON-EXISTANT SUBJECT shot Gekkon with the bullet (NEWHP: 0)(6,113,1)
[23:32:28]ATTACK: NON-EXISTANT SUBJECT shot Gekkon with the bullet (NEWHP: 0)(6,113,1)
[23:32:28]ATTACK: NON-EXISTANT SUBJECT shot Gekkon with the bullet (NEWHP: 0)(6,113,1)
[23:32:28]ATTACK: NON-EXISTANT SUBJECT shot Gekkon with the bullet (NEWHP: 0)(23,120,1)
[23:32:28]ATTACK: Unknown(pahomlancer) attacked Gunner with Superhammer (Wielded)(INTENT: HARM) (DAMTYPE: BRUTE) (NEWHP: 100)(24,120,1)
[23:32:30]ATTACK: NON-EXISTANT SUBJECT shot Gekkon with the bullet (NEWHP: 0)(6,113,1)
[23:32:30]ATTACK: NON-EXISTANT SUBJECT shot Gekkon with the bullet (NEWHP: 0)(6,113,1)
[23:32:30]ATTACK: NON-EXISTANT SUBJECT shot Gekkon with the bullet (NEWHP: 0)(23,120,1)
[23:32:31]ATTACK: NON-EXISTANT SUBJECT shot Unknown(pahomlancer) with the bullet (NEWHP: 69)(18,118,1)
[23:32:32]ATTACK: NON-EXISTANT SUBJECT shot Gekkon with the bullet (NEWHP: 0)(6,113,1)
[23:32:32]ATTACK: NON-EXISTANT SUBJECT shot Unknown(pahomlancer) with the bullet (NEWHP: 69)(18,118,1)
[23:32:34]ATTACK: NON-EXISTANT SUBJECT shot Gekkon with the bullet (NEWHP: 0)(6,113,1)
[23:32:36]ATTACK: NON-EXISTANT SUBJECT shot Gekkon with the bullet (NEWHP: 0)(6,113,1)
[23:32:38]ATTACK: NON-EXISTANT SUBJECT shot Gekkon with the bullet (NEWHP: 0)(6,113,1)
[23:32:38]ATTACK: NON-EXISTANT SUBJECT shot Gekkon with the bullet (NEWHP: 0)(6,113,1)
[23:32:40]ATTACK: NON-EXISTANT SUBJECT shot Gekkon with the bullet (NEWHP: 0)(6,113,1)
[23:32:42]ATTACK: NON-EXISTANT SUBJECT shot Gekkon with the bullet (NEWHP: 0)(6,113,1)
[23:32:42]ATTACK: NON-EXISTANT SUBJECT shot Unknown(pahomlancer) with the bullet (NEWHP: 50)(17,118,1)
[23:32:44]ATTACK: NON-EXISTANT SUBJECT shot Gekkon with the bullet (NEWHP: 0)(6,113,1)
[23:32:44]ATTACK: NON-EXISTANT SUBJECT shot Unknown(pahomlancer) with the bullet (NEWHP: 40)(16,118,1)
[23:32:46]ATTACK: NON-EXISTANT SUBJECT shot Gekkon with the bullet (NEWHP: 0)(6,113,1)
[23:32:46]ATTACK: NON-EXISTANT SUBJECT shot Unknown(pahomlancer) with the bullet (NEWHP: 100)(15,118,1)
[23:32:48]ATTACK: NON-EXISTANT SUBJECT shot Gekkon with the bullet (NEWHP: 0)(6,113,1)
[23:32:48]ATTACK: NON-EXISTANT SUBJECT shot Unknown(pahomlancer) with the bullet (NEWHP: 91)(11,118,1)
[23:32:49]ATTACK: NON-EXISTANT SUBJECT shot Unknown(pahomlancer) with the bullet (NEWHP: 82)(11,118,1)
[23:32:50]ATTACK: NON-EXISTANT SUBJECT shot Gekkon with the bullet (NEWHP: 0)(6,113,1)
[23:32:51]ATTACK: NON-EXISTANT SUBJECT shot Unknown(pahomlancer) with the bullet (NEWHP: 73)(11,118,1)
[23:32:52]ATTACK: NON-EXISTANT SUBJECT shot Gekkon with the bullet (NEWHP: 0)(6,113,1)
[23:32:53]ATTACK: NON-EXISTANT SUBJECT shot Unknown(pahomlancer) with the bullet (NEWHP: 64)(11,118,1)
[23:32:54]ATTACK: NON-EXISTANT SUBJECT shot Gekkon with the bullet (NEWHP: 0)(6,113,1)
[23:32:56]ATTACK: NON-EXISTANT SUBJECT shot Gekkon with the bullet (NEWHP: 0)(6,113,1)
[23:32:56]ATTACK: NON-EXISTANT SUBJECT shot Gekkon with the bullet (NEWHP: 0)(6,113,1)
[23:32:58]ATTACK: NON-EXISTANT SUBJECT shot Gekkon with the bullet (NEWHP: 0)(6,113,1)
[23:32:58]ATTACK: NON-EXISTANT SUBJECT shot Unknown(pahomlancer) with the bullet (NEWHP: 55)(11,118,1)
[23:33:00]ATTACK: NON-EXISTANT SUBJECT shot Unknown(pahomlancer) with the bullet (NEWHP: 46)(13,118,1)
[23:33:02]ATTACK: NON-EXISTANT SUBJECT shot Gekkon with the bullet (NEWHP: 0)(6,113,1)
[23:33:04]ATTACK: NON-EXISTANT SUBJECT shot Gekkon with the bullet (NEWHP: 0)(6,113,1)
[23:33:06]ATTACK: NON-EXISTANT SUBJECT shot Gekkon with the bullet (NEWHP: 0)(6,113,1)
[23:33:08]ATTACK: NON-EXISTANT SUBJECT shot Gekkon with the bullet (NEWHP: 0)(6,113,1)
[23:33:10]ATTACK: NON-EXISTANT SUBJECT shot Gekkon with the bullet (NEWHP: 0)(6,113,1)
[23:33:12]ATTACK: NON-EXISTANT SUBJECT shot Gekkon with the bullet (NEWHP: 0)(6,113,1)
[23:33:14]ATTACK: NON-EXISTANT SUBJECT shot Gekkon with the bullet (NEWHP: 0)(6,113,1)
[23:33:16]ATTACK: NON-EXISTANT SUBJECT shot Gekkon with the bullet (NEWHP: 0)(6,113,1)
[23:33:18]ATTACK: NON-EXISTANT SUBJECT shot Gekkon with the bullet (NEWHP: 0)(6,113,1)
[23:33:20]ATTACK: NON-EXISTANT SUBJECT shot Gekkon with the bullet (NEWHP: 0)(6,113,1)
[23:33:22]ATTACK: NON-EXISTANT SUBJECT shot Gekkon with the bullet (NEWHP: 0)(6,113,1)
[23:33:24]ATTACK: NON-EXISTANT SUBJECT shot Gekkon with the bullet (NEWHP: 0)(6,113,1)
[23:33:26]ATTACK: NON-EXISTANT SUBJECT shot Gekkon with the bullet (NEWHP: 0)(6,113,1)
[23:33:28]ATTACK: NON-EXISTANT SUBJECT shot Gekkon with the bullet (NEWHP: 0)(6,113,1)
[23:33:30]ATTACK: NON-EXISTANT SUBJECT shot Gekkon with the bullet (NEWHP: 0)(6,113,1)
[23:33:32]ATTACK: NON-EXISTANT SUBJECT shot Gekkon with the bullet (NEWHP: 0)(6,113,1)
[23:33:34]ATTACK: NON-EXISTANT SUBJECT shot Gekkon with the bullet (NEWHP: 0)(6,113,1)
[23:33:36]ATTACK: NON-EXISTANT SUBJECT shot Gekkon with the bullet (NEWHP: 0)(6,113,1)
[23:33:38]ATTACK: NON-EXISTANT SUBJECT shot Gekkon with the bullet (NEWHP: 0)(6,113,1)
[23:33:40]ATTACK: NON-EXISTANT SUBJECT shot Gekkon with the bullet (NEWHP: 0)(6,113,1)
[23:33:42]ATTACK: NON-EXISTANT SUBJECT shot Gekkon with the bullet (NEWHP: 0)(6,113,1)
[23:33:44]ATTACK: NON-EXISTANT SUBJECT shot Gekkon with the bullet (NEWHP: 0)(6,113,1)
[23:33:46]ATTACK: NON-EXISTANT SUBJECT shot Gekkon with the bullet (NEWHP: 0)(6,113,1)
[23:33:48]ATTACK: NON-EXISTANT SUBJECT shot Gekkon with the bullet (NEWHP: 0)(6,113,1)
[23:33:50]ATTACK: NON-EXISTANT SUBJECT shot Gekkon with the bullet (NEWHP: 0)(6,113,1)
[23:33:52]ATTACK: NON-EXISTANT SUBJECT shot Gekkon with the bullet (NEWHP: 0)(6,113,1)
[23:33:54]ATTACK: NON-EXISTANT SUBJECT shot Gekkon with the bullet (NEWHP: 0)(6,113,1)
[23:33:56]ATTACK: NON-EXISTANT SUBJECT shot Gekkon with the bullet (NEWHP: 0)(6,113,1)
[23:33:58]ATTACK: NON-EXISTANT SUBJECT shot Gekkon with the bullet (NEWHP: 0)(6,113,1)
[23:34:00]ATTACK: NON-EXISTANT SUBJECT shot Gekkon with the bullet (NEWHP: 0)(6,113,1)
[23:34:02]ATTACK: NON-EXISTANT SUBJECT shot Gekkon with the bullet (NEWHP: 0)(6,113,1)
[23:34:04]ATTACK: NON-EXISTANT SUBJECT shot Gekkon with the bullet (NEWHP: 0)(6,113,1)
[23:34:06]ATTACK: NON-EXISTANT SUBJECT shot Gekkon with the bullet (NEWHP: 0)(6,113,1)
[23:34:08]ATTACK: NON-EXISTANT SUBJECT shot Gekkon with the bullet (NEWHP: 0)(6,113,1)
[23:34:10]ATTACK: NON-EXISTANT SUBJECT shot Gekkon with the bullet (NEWHP: 0)(6,113,1)
[23:34:12]ATTACK: NON-EXISTANT SUBJECT shot Gekkon with the bullet (NEWHP: 0)(6,113,1)
[23:34:14]ATTACK: NON-EXISTANT SUBJECT shot Gekkon with the bullet (NEWHP: 0)(6,113,1)
[23:34:16]ATTACK: NON-EXISTANT SUBJECT shot Gekkon with the bullet (NEWHP: 0)(6,113,1)
[23:34:18]ATTACK: NON-EXISTANT SUBJECT shot Gekkon with the bullet (NEWHP: 0)(6,113,1)
[23:34:20]ATTACK: NON-EXISTANT SUBJECT shot Gekkon with the bullet (NEWHP: 0)(6,113,1)
[23:34:22]ATTACK: NON-EXISTANT SUBJECT shot Gekkon with the bullet (NEWHP: 0)(6,113,1)
[23:34:24]ATTACK: NON-EXISTANT SUBJECT shot Gekkon with the bullet (NEWHP: 0)(6,113,1)
[23:34:26]ATTACK: NON-EXISTANT SUBJECT shot Gekkon with the bullet (NEWHP: 0)(6,113,1)
[23:34:27]ATTACK: Unknown(pahomlancer) attacked Unknown(pahomlancer) with Superhammer(INTENT: HARM) (DAMTYPE: BRUTE) (NEWHP: 91)(45,111,1)
[23:34:28]ATTACK: NON-EXISTANT SUBJECT shot Gekkon with the bullet (NEWHP: 0)(6,113,1)
[23:34:30]ATTACK: NON-EXISTANT SUBJECT shot Gekkon with the bullet (NEWHP: 0)(6,113,1)
[23:34:32]ATTACK: NON-EXISTANT SUBJECT shot Gekkon with the bullet (NEWHP: 0)(6,113,1)
[23:34:33]ATTACK: Unknown(pahomlancer) attacked Unknown(pahomlancer) with Superhammer (Wielded)(INTENT: HELP) (DAMTYPE: BRUTE) (NEWHP: 91)(56,111,1)
[23:34:34]ATTACK: NON-EXISTANT SUBJECT shot Gekkon with the bullet (NEWHP: 0)(6,113,1)
[23:34:36]ATTACK: NON-EXISTANT SUBJECT shot Gekkon with the bullet (NEWHP: 0)(6,113,1)
[23:34:38]ATTACK: NON-EXISTANT SUBJECT shot Gekkon with the bullet (NEWHP: 0)(6,113,1)
[23:34:40]ATTACK: NON-EXISTANT SUBJECT shot Gekkon with the bullet (NEWHP: 0)(6,113,1)
[23:34:42]ATTACK: NON-EXISTANT SUBJECT shot Gekkon with the bullet (NEWHP: 0)(6,113,1)
[23:34:44]ATTACK: NON-EXISTANT SUBJECT shot Gekkon with the bullet (NEWHP: 0)(6,113,1)
[23:34:46]ATTACK: NON-EXISTANT SUBJECT shot Gekkon with the bullet (NEWHP: 0)(6,113,1)
[23:34:48]ATTACK: NON-EXISTANT SUBJECT shot Gekkon with the bullet (NEWHP: 0)(6,113,1)
[23:34:50]ATTACK: NON-EXISTANT SUBJECT shot Gekkon with the bullet (NEWHP: 0)(6,113,1)
[23:34:52]ATTACK: NON-EXISTANT SUBJECT shot Gekkon with the bullet (NEWHP: 0)(6,113,1)
[23:34:54]ATTACK: NON-EXISTANT SUBJECT shot Gekkon with the bullet (NEWHP: 0)(6,113,1)
[23:34:55]ATTACK: Unknown(pahomlancer) attacked Mutant with Superhammer (Wielded)(INTENT: HELP) (DAMTYPE: BRUTE) (NEWHP: 205)(64,115,1)
[23:34:56]ATTACK: NON-EXISTANT SUBJECT shot Gekkon with the bullet (NEWHP: 0)(6,113,1)
[23:34:56]ATTACK: Unknown(pahomlancer) attacked Mutant with Superhammer (Wielded)(INTENT: HELP) (DAMTYPE: BRUTE) (NEWHP: 160)(64,115,1)
[23:34:57]ATTACK: Unknown(pahomlancer) attacked Mutant with Superhammer (Wielded)(INTENT: HELP) (DAMTYPE: BRUTE) (NEWHP: 115)(64,115,1)
[23:34:58]ATTACK: NON-EXISTANT SUBJECT shot Gekkon with the bullet (NEWHP: 0)(6,113,1)
[23:34:58]ATTACK: Unknown(pahomlancer) attacked Mutant with Superhammer (Wielded)(INTENT: HELP) (DAMTYPE: BRUTE) (NEWHP: 70)(64,115,1)
[23:34:59]ATTACK: Unknown(pahomlancer) attacked Mutant with Superhammer (Wielded)(INTENT: HELP) (DAMTYPE: BRUTE) (NEWHP: 25)(64,115,1)
[23:35:00]ATTACK: NON-EXISTANT SUBJECT shot Gekkon with the bullet (NEWHP: 0)(6,113,1)
[23:35:00]ATTACK: Unknown(pahomlancer) attacked Mutant with Superhammer (Wielded)(INTENT: HELP) (DAMTYPE: BRUTE) (NEWHP: 0)(64,115,1)
[23:35:02]ATTACK: NON-EXISTANT SUBJECT shot Gekkon with the bullet (NEWHP: 0)(6,113,1)
[23:35:03]ATTACK: Unknown(pahomlancer) attacked Mutant with Superhammer (Wielded)(INTENT: HELP) (DAMTYPE: BRUTE) (NEWHP: 205)(63,119,1)
[23:35:05]ATTACK: NON-EXISTANT SUBJECT shot Gekkon with the bullet (NEWHP: 0)(6,113,1)
[23:35:05]ATTACK: Unknown(pahomlancer) attacked Mutant with Superhammer (Wielded)(INTENT: HELP) (DAMTYPE: BRUTE) (NEWHP: 160)(64,115,1)
[23:35:07]ATTACK: NON-EXISTANT SUBJECT shot Gekkon with the bullet (NEWHP: 0)(6,113,1)
[23:35:08]ATTACK: Mutant attacked Unknown(pahomlancer)  (NEWHP: 82)(64,116,1)
[23:35:08]ATTACK: Unknown(pahomlancer) attacked Mutant with Superhammer (Wielded)(INTENT: HELP) (DAMTYPE: BRUTE) (NEWHP: 115)(64,115,1)
[23:35:09]ATTACK: NON-EXISTANT SUBJECT shot Gekkon with the bullet (NEWHP: 0)(6,113,1)
[23:35:10]ATTACK: Unknown(pahomlancer) attacked Mutant with Superhammer (Wielded)(INTENT: HELP) (DAMTYPE: BRUTE) (NEWHP: 70)(64,113,1)
[23:35:11]ATTACK: NON-EXISTANT SUBJECT shot Gekkon with the bullet (NEWHP: 0)(6,113,1)
[23:35:11]ATTACK: Unknown(pahomlancer) attacked Mutant with Superhammer (Wielded)(INTENT: HELP) (DAMTYPE: BRUTE) (NEWHP: 25)(64,112,1)
[23:35:12]ATTACK: Unknown(pahomlancer) attacked Mutant with Superhammer (Wielded)(INTENT: HELP) (DAMTYPE: BRUTE) (NEWHP: 0)(64,112,1)
[23:35:13]ATTACK: NON-EXISTANT SUBJECT shot Gekkon with the bullet (NEWHP: 0)(6,113,1)
[23:35:14]ATTACK: Unknown(pahomlancer) attacked Mutant with Superhammer (Wielded)(INTENT: HELP) (DAMTYPE: BRUTE) (NEWHP: 0)(64,108,1)
[23:35:15]ATTACK: NON-EXISTANT SUBJECT shot Gekkon with the bullet (NEWHP: 0)(6,113,1)
[23:35:15]ATTACK: Unknown(pahomlancer) attacked Mutant with Superhammer (Wielded)(INTENT: HELP) (DAMTYPE: BRUTE) (NEWHP: 0)(64,108,1)
[23:35:16]ATTACK: Unknown(pahomlancer) attacked Mutant with Superhammer (Wielded)(INTENT: HELP) (DAMTYPE: BRUTE) (NEWHP: 0)(64,108,1)
[23:35:17]ATTACK: NON-EXISTANT SUBJECT shot Gekkon with the bullet (NEWHP: 0)(6,113,1)
[23:35:17]ATTACK: Unknown(pahomlancer) attacked Mutant with Superhammer (Wielded)(INTENT: HELP) (DAMTYPE: BRUTE) (NEWHP: 0)(64,108,1)
[23:35:19]ATTACK: NON-EXISTANT SUBJECT shot Gekkon with the bullet (NEWHP: 0)(6,113,1)
[23:35:20]ATTACK: Unknown(pahomlancer) attacked Mutant with Superhammer (Wielded)(INTENT: HELP) (DAMTYPE: BRUTE) (NEWHP: 0)(66,107,1)
[23:35:21]ATTACK: NON-EXISTANT SUBJECT shot Gekkon with the bullet (NEWHP: 0)(6,113,1)
[23:35:23]ATTACK: NON-EXISTANT SUBJECT shot Gekkon with the bullet (NEWHP: 0)(6,113,1)
[23:35:23]ATTACK: Unknown(pahomlancer) attacked Mutant with Superhammer (Wielded)(INTENT: HELP) (DAMTYPE: BRUTE) (NEWHP: 0)(66,100,1)
[23:35:24]ATTACK: Unknown(pahomlancer) attacked Mutant with Superhammer (Wielded)(INTENT: HELP) (DAMTYPE: BRUTE) (NEWHP: 0)(66,100,1)
[23:35:25]ATTACK: NON-EXISTANT SUBJECT shot Gekkon with the bullet (NEWHP: 0)(6,113,1)
[23:35:26]ATTACK: Unknown(pahomlancer) attacked Mutant with Superhammer (Wielded)(INTENT: HELP) (DAMTYPE: BRUTE) (NEWHP: 0)(66,100,1)
[23:35:27]ATTACK: NON-EXISTANT SUBJECT shot Gekkon with the bullet (NEWHP: 0)(6,113,1)
[23:35:27]ATTACK: Unknown(pahomlancer) attacked Mutant with Superhammer (Wielded)(INTENT: HELP) (DAMTYPE: BRUTE) (NEWHP: 0)(66,100,1)
[23:35:28]ATTACK: Unknown(pahomlancer) attacked Mutant with Superhammer (Wielded)(INTENT: HELP) (DAMTYPE: BRUTE) (NEWHP: 0)(66,100,1)
[23:35:29]ATTACK: NON-EXISTANT SUBJECT shot Gekkon with the bullet (NEWHP: 0)(6,113,1)
[23:35:29]ATTACK: Unknown(pahomlancer) attacked Mutant with Superhammer (Wielded)(INTENT: HELP) (DAMTYPE: BRUTE) (NEWHP: 0)(66,100,1)
[23:35:30]ATTACK: Unknown(pahomlancer) attacked Mutant with Superhammer (Wielded)(INTENT: HELP) (DAMTYPE: BRUTE) (NEWHP: 0)(66,100,1)
[23:35:31]ATTACK: Unknown(pahomlancer) attacked Mutant with Superhammer (Wielded)(INTENT: HELP) (DAMTYPE: BRUTE) (NEWHP: 0)(66,100,1)
[23:35:31]ATTACK: NON-EXISTANT SUBJECT shot Gekkon with the bullet (NEWHP: 0)(6,113,1)
[23:35:33]ATTACK: NON-EXISTANT SUBJECT shot Gekkon with the bullet (NEWHP: 0)(6,113,1)
[23:35:35]ATTACK: NON-EXISTANT SUBJECT shot Gekkon with the bullet (NEWHP: 0)(6,113,1)
[23:35:37]ATTACK: NON-EXISTANT SUBJECT shot Gekkon with the bullet (NEWHP: 0)(6,113,1)
[23:35:39]ATTACK: NON-EXISTANT SUBJECT shot Gekkon with the bullet (NEWHP: 0)(6,113,1)
[23:35:41]ATTACK: NON-EXISTANT SUBJECT shot Gekkon with the bullet (NEWHP: 0)(6,113,1)
[23:35:43]ATTACK: NON-EXISTANT SUBJECT shot Gekkon with the bullet (NEWHP: 0)(6,113,1)
[23:35:45]ATTACK: NON-EXISTANT SUBJECT shot Gekkon with the bullet (NEWHP: 0)(6,113,1)
[23:35:47]ATTACK: NON-EXISTANT SUBJECT shot Gekkon with the bullet (NEWHP: 0)(6,113,1)
[23:35:49]ATTACK: NON-EXISTANT SUBJECT shot Gekkon with the bullet (NEWHP: 0)(6,113,1)
[23:35:51]ATTACK: NON-EXISTANT SUBJECT shot Gekkon with the bullet (NEWHP: 0)(6,113,1)
[23:35:53]ATTACK: NON-EXISTANT SUBJECT shot Gekkon with the bullet (NEWHP: 0)(6,113,1)
[23:35:55]ATTACK: NON-EXISTANT SUBJECT shot Gekkon with the bullet (NEWHP: 0)(6,113,1)
[23:35:57]ATTACK: NON-EXISTANT SUBJECT shot Gekkon with the bullet (NEWHP: 0)(6,113,1)
[23:35:58]ATTACK: Mutant attacked Unknown(pahomlancer)  (NEWHP: 76.2)(83,124,1)
[23:35:59]ATTACK: NON-EXISTANT SUBJECT shot Gekkon with the bullet (NEWHP: 0)(6,113,1)
[23:36:00]ATTACK: Mutant attacked Unknown(pahomlancer)  (NEWHP: 71)(86,124,1)
[23:36:01]ATTACK: Unknown(pahomlancer) attacked Mutant with Superhammer (Wielded)(INTENT: HELP) (DAMTYPE: BRUTE) (NEWHP: 205)(85,124,1)
[23:36:01]ATTACK: NON-EXISTANT SUBJECT shot Gekkon with the bullet (NEWHP: 0)(6,113,1)
[23:36:02]ATTACK: Unknown(pahomlancer) attacked Mutant with Superhammer (Wielded)(INTENT: HELP) (DAMTYPE: BRUTE) (NEWHP: 160)(83,124,1)
[23:36:03]ATTACK: NON-EXISTANT SUBJECT shot Gekkon with the bullet (NEWHP: 0)(6,113,1)
[23:36:04]ATTACK: Unknown(pahomlancer) attacked Mutant with Superhammer (Wielded)(INTENT: HELP) (DAMTYPE: BRUTE) (NEWHP: 115)(83,124,1)
[23:36:05]ATTACK: NON-EXISTANT SUBJECT shot Gekkon with the bullet (NEWHP: 0)(6,113,1)
[23:36:05]ATTACK: Unknown(pahomlancer) attacked Mutant with Superhammer (Wielded)(INTENT: HELP) (DAMTYPE: BRUTE) (NEWHP: 70)(83,124,1)
[23:36:06]ATTACK: Mutant attacked Unknown(pahomlancer)  (NEWHP: 65.2)(84,124,1)
[23:36:07]ATTACK: Unknown(pahomlancer) attacked Mutant with Superhammer (Wielded)(INTENT: HELP) (DAMTYPE: BRUTE) (NEWHP: 25)(83,124,1)
[23:36:07]ATTACK: NON-EXISTANT SUBJECT shot Gekkon with the bullet (NEWHP: 0)(6,113,1)
[23:36:08]ATTACK: Mutant attacked Unknown(pahomlancer)  (NEWHP: 58.8)(84,124,1)
[23:36:09]ATTACK: Unknown(pahomlancer) attacked Mutant with Superhammer (Wielded)(INTENT: HELP) (DAMTYPE: BRUTE) (NEWHP: 0)(83,124,1)
[23:36:09]ATTACK: NON-EXISTANT SUBJECT shot Gekkon with the bullet (NEWHP: 0)(6,113,1)
[23:36:11]ATTACK: NON-EXISTANT SUBJECT shot Gekkon with the bullet (NEWHP: 0)(6,113,1)
[23:36:13]ATTACK: NON-EXISTANT SUBJECT shot Gekkon with the bullet (NEWHP: 0)(6,113,1)
[23:36:15]ATTACK: NON-EXISTANT SUBJECT shot Gekkon with the bullet (NEWHP: 0)(6,113,1)
[23:36:17]ATTACK: NON-EXISTANT SUBJECT shot Gekkon with the bullet (NEWHP: 0)(6,113,1)
[23:36:18]ATTACK: Mutant attacked Unknown(pahomlancer)  (NEWHP: 100)(90,130,1)
[23:36:19]ATTACK: Unknown(pahomlancer) attacked Mutant with Superhammer (Wielded)(INTENT: HELP) (DAMTYPE: BRUTE) (NEWHP: 205)(90,130,1)
[23:36:19]ATTACK: NON-EXISTANT SUBJECT shot Gekkon with the bullet (NEWHP: 0)(6,113,1)
[23:36:20]ATTACK: Mutant attacked Unknown(pahomlancer)  (NEWHP: 94.6)(89,130,1)
[23:36:21]ATTACK: Unknown(pahomlancer) attacked Mutant with Superhammer (Wielded)(INTENT: HELP) (DAMTYPE: BRUTE) (NEWHP: 160)(90,130,1)
[23:36:21]ATTACK: NON-EXISTANT SUBJECT shot Gekkon with the bullet (NEWHP: 0)(6,113,1)
[23:36:22]ATTACK: Unknown(pahomlancer) attacked Mutant with Superhammer (Wielded)(INTENT: HELP) (DAMTYPE: BRUTE) (NEWHP: 115)(90,130,1)
[23:36:23]ATTACK: Unknown(pahomlancer) attacked Mutant with Superhammer (Wielded)(INTENT: HELP) (DAMTYPE: BRUTE) (NEWHP: 70)(90,130,1)
[23:36:23]ATTACK: NON-EXISTANT SUBJECT shot Gekkon with the bullet (NEWHP: 0)(6,113,1)
[23:36:24]ATTACK: Unknown(pahomlancer) attacked Mutant with Superhammer (Wielded)(INTENT: HELP) (DAMTYPE: BRUTE) (NEWHP: 25)(90,130,1)
[23:36:25]ATTACK: NON-EXISTANT SUBJECT shot Gekkon with the bullet (NEWHP: 0)(6,113,1)
[23:36:26]ATTACK: Unknown(pahomlancer) attacked Mutant with Superhammer (Wielded)(INTENT: HELP) (DAMTYPE: BRUTE) (NEWHP: 0)(90,130,1)
[23:36:27]ATTACK: NON-EXISTANT SUBJECT shot Gekkon with the bullet (NEWHP: 0)(6,113,1)
[23:36:29]ATTACK: NON-EXISTANT SUBJECT shot Gekkon with the bullet (NEWHP: 0)(6,113,1)
[23:36:31]ATTACK: NON-EXISTANT SUBJECT shot Gekkon with the bullet (NEWHP: 0)(6,113,1)
[23:36:33]ATTACK: NON-EXISTANT SUBJECT shot Gekkon with the bullet (NEWHP: 0)(6,113,1)
[23:36:35]ATTACK: NON-EXISTANT SUBJECT shot Gekkon with the bullet (NEWHP: 0)(6,113,1)
[23:36:37]ATTACK: NON-EXISTANT SUBJECT shot Gekkon with the bullet (NEWHP: 0)(6,113,1)
[23:36:39]ATTACK: NON-EXISTANT SUBJECT shot Gekkon with the bullet (NEWHP: 0)(6,113,1)
[23:36:41]ATTACK: NON-EXISTANT SUBJECT shot Gekkon with the bullet (NEWHP: 0)(6,113,1)
[23:36:43]ATTACK: NON-EXISTANT SUBJECT shot Gekkon with the bullet (NEWHP: 0)(6,113,1)
[23:36:45]ATTACK: NON-EXISTANT SUBJECT shot Gekkon with the bullet (NEWHP: 0)(6,113,1)
[23:36:47]ATTACK: NON-EXISTANT SUBJECT shot Gekkon with the bullet (NEWHP: 0)(6,113,1)
[23:36:49]ATTACK: NON-EXISTANT SUBJECT shot Gekkon with the bullet (NEWHP: 0)(6,113,1)
[23:36:51]ATTACK: Gekkon attacked Unknown(pahomlancer)  (NEWHP: 88)(93,97,1)
[23:36:51]ATTACK: NON-EXISTANT SUBJECT shot Gekkon with the bullet (NEWHP: 0)(6,113,1)
[23:36:51]ATTACK: Unknown(pahomlancer) attacked Gekkon with Superhammer (Wielded)(INTENT: HELP) (DAMTYPE: BRUTE) (NEWHP: 75)(92,97,1)
[23:36:53]ATTACK: NON-EXISTANT SUBJECT shot Gekkon with the bullet (NEWHP: 0)(6,113,1)
[23:36:55]ATTACK: NON-EXISTANT SUBJECT shot Gekkon with the bullet (NEWHP: 0)(6,113,1)
[23:36:57]ATTACK: Gekkon attacked Unknown(pahomlancer)  (NEWHP: 85)(102,97,1)
[23:36:57]ATTACK: Unknown(pahomlancer) attacked Gekkon with Superhammer (Wielded)(INTENT: HELP) (DAMTYPE: BRUTE) (NEWHP: 75)(102,98,1)
[23:36:57]ATTACK: NON-EXISTANT SUBJECT shot Gekkon with the bullet (NEWHP: 0)(6,113,1)
[23:36:58]ATTACK: Unknown(pahomlancer) attacked Gekkon with Superhammer (Wielded)(INTENT: HELP) (DAMTYPE: BRUTE) (NEWHP: 30)(102,98,1)
[23:36:59]ATTACK: Gekkon attacked Unknown(pahomlancer)  (NEWHP: 82.4)(102,97,1)
[23:36:59]ATTACK: Unknown(pahomlancer) attacked Gekkon with Superhammer (Wielded)(INTENT: HELP) (DAMTYPE: BRUTE) (NEWHP: 0)(102,98,1)
[23:36:59]ATTACK: NON-EXISTANT SUBJECT shot Gekkon with the bullet (NEWHP: 0)(6,113,1)
[23:37:01]ATTACK: NON-EXISTANT SUBJECT shot Gekkon with the bullet (NEWHP: 0)(6,113,1)
[23:37:03]ATTACK: NON-EXISTANT SUBJECT shot Gekkon with the bullet (NEWHP: 0)(6,113,1)
[23:37:05]ATTACK: NON-EXISTANT SUBJECT shot Gekkon with the bullet (NEWHP: 0)(6,113,1)
[23:37:07]ATTACK: NON-EXISTANT SUBJECT shot Gekkon with the bullet (NEWHP: 0)(6,113,1)
[23:37:09]ATTACK: Unknown(pahomlancer) attacked Gekkon with Superhammer (Wielded)(INTENT: HELP) (DAMTYPE: BRUTE) (NEWHP: 45)(126,95,1)
[23:37:10]ATTACK: NON-EXISTANT SUBJECT shot Gekkon with the bullet (NEWHP: 0)(6,113,1)
[23:37:11]ATTACK: Raider shot Gekkon with the pellet (NEWHP: 25)(192,95,1)
[23:37:11]ATTACK: Raider shot Raider with the pellet (NEWHP: 130)(196,95,1)
[23:37:12]ATTACK: NON-EXISTANT SUBJECT shot Gekkon with the bullet (NEWHP: 0)(6,113,1)
[23:37:13]ATTACK: Gekkon attacked Raider  (NEWHP: 150)(197,96,1)
[23:37:13]ATTACK: Raider attacked Gekkon  (NEWHP: 25)(196,96,1)
[23:37:14]ATTACK: NON-EXISTANT SUBJECT shot Gekkon with the bullet (NEWHP: 0)(6,113,1)
[23:37:16]ATTACK: NON-EXISTANT SUBJECT shot Gekkon with the bullet (NEWHP: 0)(6,113,1)
[23:37:18]ATTACK: NON-EXISTANT SUBJECT shot Gekkon with the bullet (NEWHP: 0)(6,113,1)
[23:37:19]ATTACK: Unknown(pahomlancer) attacked Unknown with Superhammer (Wielded)(INTENT: HELP) (DAMTYPE: BRUTE) (NEWHP: 100)(153,95,1)
[23:37:20]ATTACK: NON-EXISTANT SUBJECT shot Gekkon with the bullet (NEWHP: 0)(6,113,1)
[23:37:22]ATTACK: NON-EXISTANT SUBJECT shot Gekkon with the bullet (NEWHP: 0)(6,113,1)
[23:37:23]ATTACK: Raider shot Unknown(pahomlancer) with the pellet (NEWHP: 79.8)(166,95,1)
[23:37:24]ATTACK: NON-EXISTANT SUBJECT shot Gekkon with the bullet (NEWHP: 0)(6,113,1)
[23:37:25]ATTACK: Raider attacked Unknown(pahomlancer)  (NEWHP: 79.8)(169,95,1)
[23:37:25]ATTACK: Raider shot Raider with the bullet (NEWHP: 115)(171,95,1)
[23:37:26]ATTACK: NON-EXISTANT SUBJECT shot Gekkon with the bullet (NEWHP: 0)(6,113,1)
[23:37:28]ATTACK: NON-EXISTANT SUBJECT shot Gekkon with the bullet (NEWHP: 0)(6,113,1)
[23:37:28]ATTACK: Unknown(pahomlancer) attacked Raider with Superhammer (Wielded)(INTENT: HELP) (DAMTYPE: BRUTE) (NEWHP: 70)(176,94,1)
[23:37:29]ATTACK: Raider shot Unknown(pahomlancer) with the pellet (NEWHP: 69.8)(176,94,1)
[23:37:29]ATTACK: Raider shot Unknown(pahomlancer) with the pellet (NEWHP: 69.8)(176,94,1)
[23:37:29]ATTACK: Raider shot Unknown(pahomlancer) with the pellet (NEWHP: 69.8)(176,94,1)
[23:37:29]ATTACK: Raider shot Unknown(pahomlancer) with the pellet (NEWHP: 69.8)(176,94,1)
[23:37:29]ATTACK: Raider shot Unknown(pahomlancer) with the pellet (NEWHP: 69.8)(176,94,1)
[23:37:29]ATTACK: Raider shot Unknown(pahomlancer) with the pellet (NEWHP: 69.8)(176,94,1)
[23:37:30]ATTACK: NON-EXISTANT SUBJECT shot Gekkon with the bullet (NEWHP: 0)(6,113,1)
[23:37:31]ATTACK: Raider attacked Unknown(pahomlancer)  (NEWHP: 69.8)(179,93,1)
[23:37:31]ATTACK: Unknown(pahomlancer) attacked Raider with Superhammer (Wielded)(INTENT: HELP) (DAMTYPE: BRUTE) (NEWHP: 105)(179,94,1)
[23:37:32]ATTACK: NON-EXISTANT SUBJECT shot Gekkon with the bullet (NEWHP: 0)(6,113,1)
[23:37:33]ATTACK: Raider shot Unknown(pahomlancer) with the bullet (NEWHP: 34.8)(179,96,1)
[23:37:34]ATTACK: NON-EXISTANT SUBJECT shot Gekkon with the bullet (NEWHP: 0)(6,113,1)
[23:37:36]ATTACK: NON-EXISTANT SUBJECT shot Gekkon with the bullet (NEWHP: 0)(6,113,1)
[23:37:36]ATTACK: Raider shot Unknown(pahomlancer) with the pellet (NEWHP: 19.05)(179,97,1)
[23:37:36]ATTACK: Raider shot Raider with the pellet (NEWHP: 85)(176,100,1)
[23:37:36]ATTACK: Raider shot Raider with the pellet (NEWHP: 65)(176,100,1)
[23:37:37]ATTACK: NON-EXISTANT SUBJECT shot Gekkon with the bullet (NEWHP: 0)(6,113,1)
[23:37:39]ATTACK: Raider shot Unknown(pahomlancer) with the bullet (NEWHP: 100)(175,99,1)
[23:37:39]ATTACK: NON-EXISTANT SUBJECT shot Gekkon with the bullet (NEWHP: 0)(6,113,1)
[23:37:41]ATTACK: Raider attacked Unknown(pahomlancer)  (NEWHP: 100)(175,100,1)
[23:37:41]ATTACK: Raider shot Unknown(pahomlancer) with the pellet (NEWHP: 79.25)(175,100,1)
[23:37:41]ATTACK: Raider shot Unknown(pahomlancer) with the pellet (NEWHP: 79.25)(175,100,1)
[23:37:41]ATTACK: Raider shot Unknown(pahomlancer) with the pellet (NEWHP: 79.25)(175,100,1)
[23:37:41]ATTACK: Raider shot Unknown(pahomlancer) with the pellet (NEWHP: 79.25)(175,100,1)
[23:37:41]ATTACK: Raider shot Unknown(pahomlancer) with the pellet (NEWHP: 79.25)(175,100,1)
[23:37:41]ATTACK: Raider shot Unknown(pahomlancer) with the pellet (NEWHP: 79.25)(175,100,1)
[23:37:41]ATTACK: NON-EXISTANT SUBJECT shot Gekkon with the bullet (NEWHP: 0)(6,113,1)
[23:37:43]ATTACK: NON-EXISTANT SUBJECT shot Gekkon with the bullet (NEWHP: 0)(6,113,1)
[23:37:44]ATTACK: Unknown(pahomlancer) attacked Raider with Superhammer (Wielded)(INTENT: HELP) (DAMTYPE: BRUTE) (NEWHP: 25)(175,96,1)
[23:37:45]ATTACK: Raider shot Unknown(pahomlancer) with the bullet (NEWHP: 49.25)(176,95,1)
[23:37:45]ATTACK: NON-EXISTANT SUBJECT shot Gekkon with the bullet (NEWHP: 0)(6,113,1)
[23:37:47]ATTACK: Raider shot Gekkon with the pellet (NEWHP: 55)(3,98,1)
[23:37:47]ATTACK: Raider shot Gekkon with the pellet (NEWHP: 35)(3,98,1)
[23:37:47]ATTACK: NON-EXISTANT SUBJECT shot Gekkon with the bullet (NEWHP: 0)(6,113,1)
[23:37:48]ATTACK: Unknown(pahomlancer) attacked Raider with Superhammer (Wielded)(INTENT: HELP) (DAMTYPE: BRUTE) (NEWHP: 20)(180,98,1)
[23:37:49]ATTACK: Gekkon attacked Raider  (NEWHP: 25)(3,96,1)
[23:37:49]ATTACK: Raider attacked Gekkon  (NEWHP: 35)(3,97,1)
[23:37:49]ATTACK: NON-EXISTANT SUBJECT shot Gekkon with the bullet (NEWHP: 0)(6,113,1)
[23:37:51]ATTACK: Gekkon attacked Raider  (NEWHP: 13)(3,88,1)
[23:37:51]ATTACK: Raider attacked Gekkon  (NEWHP: 10)(3,89,1)
[23:37:51]ATTACK: NON-EXISTANT SUBJECT shot Gekkon with the bullet (NEWHP: 0)(6,113,1)
[23:37:53]ATTACK: NON-EXISTANT SUBJECT shot Gekkon with the bullet (NEWHP: 0)(6,113,1)
[23:37:55]ATTACK: NON-EXISTANT SUBJECT shot Gekkon with the bullet (NEWHP: 0)(6,113,1)
[23:37:57]ATTACK: Raider attacked Unknown(pahomlancer)  (NEWHP: 100)(184,98,1)
[23:37:58]ATTACK: NON-EXISTANT SUBJECT shot Gekkon with the bullet (NEWHP: 0)(6,113,1)
[23:37:59]ATTACK: Unknown(pahomlancer) attacked Unknown with Superhammer (Wielded)(INTENT: HELP) (DAMTYPE: BRUTE) (NEWHP: 100)(183,99,1)
[23:38:00]ATTACK: NON-EXISTANT SUBJECT shot Gekkon with the bullet (NEWHP: 0)(6,113,1)
[23:38:00]ATTACK: Unknown(pahomlancer) attacked Unknown with Superhammer (Wielded)(INTENT: HELP) (DAMTYPE: BRUTE) (NEWHP: 72)(183,99,1)
[23:38:01]ATTACK: Unknown(pahomlancer) attacked Unknown with Superhammer (Wielded)(INTENT: HELP) (DAMTYPE: BRUTE) (NEWHP: 44)(183,99,1)
[23:38:02]ATTACK: NON-EXISTANT SUBJECT shot Gekkon with the bullet (NEWHP: 0)(6,113,1)
[23:38:02]ATTACK: Unknown(pahomlancer) attacked Unknown with Superhammer (Wielded)(INTENT: HELP) (DAMTYPE: BRUTE) (NEWHP: 16)(183,99,1)
[23:38:03]ATTACK: Unknown(pahomlancer) attacked Unknown with Superhammer (Wielded)(INTENT: HELP) (DAMTYPE: BRUTE) (NEWHP: -12)(183,99,1)
[23:38:04]ATTACK: NON-EXISTANT SUBJECT shot Gekkon with the bullet (NEWHP: 0)(6,113,1)
[23:38:04]ATTACK: Unknown(pahomlancer) attacked Unknown with Superhammer (Wielded)(INTENT: HELP) (DAMTYPE: BRUTE) (NEWHP: -40)(183,99,1)
[23:38:06]ATTACK: NON-EXISTANT SUBJECT shot Gekkon with the bullet (NEWHP: 0)(6,113,1)
[23:38:08]ATTACK: NON-EXISTANT SUBJECT shot Gekkon with the bullet (NEWHP: 0)(6,113,1)
[23:38:09]ATTACK: Raider shot Unknown(pahomlancer) with the pellet (NEWHP: 95)(196,99,1)
[23:38:09]ATTACK: Raider shot Raider with the pellet (NEWHP: 117)(200,96,1)
[23:38:09]ATTACK: NON-EXISTANT SUBJECT shot Gekkon with the bullet (NEWHP: 0)(6,113,1)
[23:38:10]ATTACK: Raider shot Unknown(pahomlancer) with the bullet (NEWHP: 95)(197,99,1)
[23:38:10]ATTACK: Raider shot Raider with the pellet (NEWHP: 130)(202,99,1)
[23:38:10]ATTACK: Raider shot Raider with the pellet (NEWHP: 110)(202,99,1)
[23:38:11]ATTACK: Unknown(pahomlancer) attacked Raider with Superhammer (Wielded)(INTENT: HELP) (DAMTYPE: BRUTE) (NEWHP: 65)(201,99,1)
[23:38:12]ATTACK: NON-EXISTANT SUBJECT shot Gekkon with the bullet (NEWHP: 0)(6,113,1)
[23:38:12]ATTACK: Unknown(pahomlancer) attacked Unknown with Superhammer (Wielded)(INTENT: HELP) (DAMTYPE: BRUTE) (NEWHP: -58)(205,99,1)
[23:38:14]ATTACK: NON-EXISTANT SUBJECT shot Gekkon with the bullet (NEWHP: 0)(6,113,1)
[23:38:16]ATTACK: NON-EXISTANT SUBJECT shot Gekkon with the bullet (NEWHP: 0)(6,113,1)
[23:38:18]ATTACK: NON-EXISTANT SUBJECT shot Gekkon with the bullet (NEWHP: 0)(6,113,1)
[23:38:19]ATTACK: Unknown(pahomlancer) attacked Raider with Superhammer (Wielded)(INTENT: HELP) (DAMTYPE: BRUTE) (NEWHP: 105)(212,96,1)
[23:38:20]ATTACK: NON-EXISTANT SUBJECT shot Gekkon with the bullet (NEWHP: 0)(6,113,1)
[23:38:20]ATTACK: Unknown(pahomlancer) attacked Raider with Superhammer (Wielded)(INTENT: HELP) (DAMTYPE: BRUTE) (NEWHP: 60)(212,93,1)
[23:38:21]ATTACK: Unknown(pahomlancer) attacked Raider with Superhammer (Wielded)(INTENT: HELP) (DAMTYPE: BRUTE) (NEWHP: 15)(212,92,1)
[23:38:22]ATTACK: NON-EXISTANT SUBJECT shot Gekkon with the bullet (NEWHP: 0)(6,113,1)
[23:38:24]ATTACK: NON-EXISTANT SUBJECT shot Gekkon with the bullet (NEWHP: 0)(6,113,1)
[23:38:24]ATTACK: Unknown(pahomlancer) attacked Unknown with Superhammer (Wielded)(INTENT: HELP) (DAMTYPE: BRUTE) (NEWHP: 100)(212,91,1)
[23:38:26]ATTACK: NON-EXISTANT SUBJECT shot Gekkon with the bullet (NEWHP: 0)(6,113,1)
[23:38:28]ATTACK: NON-EXISTANT SUBJECT shot Gekkon with the bullet (NEWHP: 0)(6,113,1)
[23:38:30]ATTACK: NON-EXISTANT SUBJECT shot Gekkon with the bullet (NEWHP: 0)(6,113,1)
[23:38:32]ATTACK: NON-EXISTANT SUBJECT shot Gekkon with the bullet (NEWHP: 0)(6,113,1)
[23:38:34]ATTACK: NON-EXISTANT SUBJECT shot Gekkon with the bullet (NEWHP: 0)(6,113,1)
[23:38:36]ATTACK: NON-EXISTANT SUBJECT shot Gekkon with the bullet (NEWHP: 0)(6,113,1)
[23:38:38]ATTACK: NON-EXISTANT SUBJECT shot Gekkon with the bullet (NEWHP: 0)(6,113,1)
[23:38:40]ATTACK: NON-EXISTANT SUBJECT shot Gekkon with the bullet (NEWHP: 0)(6,113,1)
[23:38:42]ATTACK: NON-EXISTANT SUBJECT shot Gekkon with the bullet (NEWHP: 0)(6,113,1)
[23:38:44]ATTACK: NON-EXISTANT SUBJECT shot Gekkon with the bullet (NEWHP: 0)(6,113,1)
[23:38:46]ATTACK: NON-EXISTANT SUBJECT shot Gekkon with the bullet (NEWHP: 0)(6,113,1)
[23:38:48]ATTACK: NON-EXISTANT SUBJECT shot Gekkon with the bullet (NEWHP: 0)(6,113,1)
[23:38:50]ATTACK: NON-EXISTANT SUBJECT shot Gekkon with the bullet (NEWHP: 0)(6,113,1)
[23:38:52]ATTACK: NON-EXISTANT SUBJECT shot Gekkon with the bullet (NEWHP: 0)(6,113,1)
[23:38:54]ATTACK: NON-EXISTANT SUBJECT shot Gekkon with the bullet (NEWHP: 0)(6,113,1)
[23:38:56]ATTACK: NON-EXISTANT SUBJECT shot Gekkon with the bullet (NEWHP: 0)(6,113,1)
[23:38:58]ATTACK: NON-EXISTANT SUBJECT shot Gekkon with the bullet (NEWHP: 0)(6,113,1)
[23:39:00]ATTACK: NON-EXISTANT SUBJECT shot Gekkon with the bullet (NEWHP: 0)(6,113,1)
[23:39:02]ATTACK: NON-EXISTANT SUBJECT shot Gekkon with the bullet (NEWHP: 0)(6,113,1)
[23:39:04]ATTACK: NON-EXISTANT SUBJECT shot Gekkon with the bullet (NEWHP: 0)(6,113,1)
[23:39:06]ATTACK: NON-EXISTANT SUBJECT shot Gekkon with the bullet (NEWHP: 0)(6,113,1)
[23:39:08]ATTACK: NON-EXISTANT SUBJECT shot Gekkon with the bullet (NEWHP: 0)(6,113,1)
[23:39:10]ATTACK: NON-EXISTANT SUBJECT shot Gekkon with the bullet (NEWHP: 0)(6,113,1)
[23:39:12]ATTACK: NON-EXISTANT SUBJECT shot Gekkon with the bullet (NEWHP: 0)(6,113,1)
[23:39:14]ATTACK: NON-EXISTANT SUBJECT shot Gekkon with the bullet (NEWHP: 0)(6,113,1)
[23:39:16]ATTACK: NON-EXISTANT SUBJECT shot Gekkon with the bullet (NEWHP: 0)(6,113,1)
[23:39:18]ATTACK: NON-EXISTANT SUBJECT shot Gekkon with the bullet (NEWHP: 0)(6,113,1)
[23:39:20]ATTACK: NON-EXISTANT SUBJECT shot Gekkon with the bullet (NEWHP: 0)(6,113,1)
[23:39:22]ATTACK: NON-EXISTANT SUBJECT shot Gekkon with the bullet (NEWHP: 0)(6,113,1)
[23:39:24]ATTACK: NON-EXISTANT SUBJECT shot Gekkon with the bullet (NEWHP: 0)(6,113,1)
[23:39:26]ATTACK: NON-EXISTANT SUBJECT shot Gekkon with the bullet (NEWHP: 0)(6,113,1)
[23:39:28]ATTACK: NON-EXISTANT SUBJECT shot Gekkon with the bullet (NEWHP: 0)(6,113,1)
[23:39:30]ATTACK: NON-EXISTANT SUBJECT shot Gekkon with the bullet (NEWHP: 0)(6,113,1)
[23:39:32]ATTACK: NON-EXISTANT SUBJECT shot Gekkon with the bullet (NEWHP: 0)(6,113,1)
[23:39:34]ATTACK: NON-EXISTANT SUBJECT shot Gekkon with the bullet (NEWHP: 0)(6,113,1)
[23:39:36]ATTACK: NON-EXISTANT SUBJECT shot Gekkon with the bullet (NEWHP: 0)(6,113,1)
[23:39:38]ATTACK: NON-EXISTANT SUBJECT shot Gekkon with the bullet (NEWHP: 0)(6,113,1)
[23:39:39]ATTACK: Unknown(pahomlancer) attacked Raider with Superhammer (Wielded)(INTENT: HELP) (DAMTYPE: BRUTE) (NEWHP: 105)(227,81,1)
[23:39:40]ATTACK: Raider attacked Unknown(pahomlancer)  (NEWHP: 74.25)(226,82,1)
[23:39:40]ATTACK: NON-EXISTANT SUBJECT shot Gekkon with the bullet (NEWHP: 0)(6,113,1)
[23:39:42]ATTACK: Raider shot Unknown(pahomlancer) with the bullet (NEWHP: 69.25)(220,82,1)
[23:39:42]ATTACK: NON-EXISTANT SUBJECT shot Gekkon with the bullet (NEWHP: 0)(6,113,1)
[23:39:43]ATTACK: Unknown(pahomlancer) attacked Raider with Superhammer (Wielded)(INTENT: HELP) (DAMTYPE: BRUTE) (NEWHP: 60)(217,82,1)
[23:39:44]ATTACK: Raider attacked Unknown(pahomlancer)  (NEWHP: 69.25)(218,83,1)
[23:39:44]ATTACK: NON-EXISTANT SUBJECT shot Gekkon with the bullet (NEWHP: 0)(6,113,1)
[23:39:46]ATTACK: NON-EXISTANT SUBJECT shot Gekkon with the bullet (NEWHP: 0)(6,113,1)
[23:39:48]ATTACK: Raider shot Unknown(pahomlancer) with the bullet (NEWHP: 48.5)(218,83,1)
[23:39:48]ATTACK: NON-EXISTANT SUBJECT shot Gekkon with the bullet (NEWHP: 0)(6,113,1)
[23:39:49]ATTACK: Unknown(pahomlancer) attacked Raider with Superhammer (Wielded)(INTENT: HELP) (DAMTYPE: BRUTE) (NEWHP: 15)(217,81,1)
[23:39:50]ATTACK: NON-EXISTANT SUBJECT shot Gekkon with the bullet (NEWHP: 0)(6,113,1)
[23:39:52]ATTACK: NON-EXISTANT SUBJECT shot Gekkon with the bullet (NEWHP: 0)(6,113,1)
[23:39:54]ATTACK: NON-EXISTANT SUBJECT shot Gekkon with the bullet (NEWHP: 0)(6,113,1)
[23:39:56]ATTACK: NON-EXISTANT SUBJECT shot Gekkon with the bullet (NEWHP: 0)(6,113,1)
[23:39:58]ATTACK: NON-EXISTANT SUBJECT shot Gekkon with the bullet (NEWHP: 0)(6,113,1)
[23:40:00]ATTACK: NON-EXISTANT SUBJECT shot Gekkon with the bullet (NEWHP: 0)(6,113,1)
[23:40:02]ATTACK: NON-EXISTANT SUBJECT shot Gekkon with the bullet (NEWHP: 0)(6,113,1)
[23:40:04]ATTACK: NON-EXISTANT SUBJECT shot Gekkon with the bullet (NEWHP: 0)(6,113,1)
[23:40:06]ATTACK: Unknown(pahomlancer) attacked Raider with Superhammer (Wielded)(INTENT: HELP) (DAMTYPE: BRUTE) (NEWHP: 105)(223,106,1)
[23:40:06]ATTACK: Raider shot Unknown(pahomlancer) with the bullet (NEWHP: 100)(223,105,1)
[23:40:06]ATTACK: NON-EXISTANT SUBJECT shot Gekkon with the bullet (NEWHP: 0)(6,113,1)
[23:40:08]ATTACK: NON-EXISTANT SUBJECT shot Gekkon with the bullet (NEWHP: 0)(6,113,1)
[23:40:10]ATTACK: NON-EXISTANT SUBJECT shot Gekkon with the bullet (NEWHP: 0)(6,113,1)
[23:40:12]ATTACK: Raider shot Unknown(pahomlancer) with the bullet (NEWHP: 84.25)(231,107,1)
[23:40:12]ATTACK: NON-EXISTANT SUBJECT shot Gekkon with the bullet (NEWHP: 0)(6,113,1)
[23:40:14]ATTACK: NON-EXISTANT SUBJECT shot Gekkon with the bullet (NEWHP: 0)(6,113,1)
[23:40:16]ATTACK: Unknown(pahomlancer) attacked Raider with Superhammer (Wielded)(INTENT: HELP) (DAMTYPE: BRUTE) (NEWHP: 60)(236,102,1)
[23:40:16]ATTACK: Raider attacked Unknown(pahomlancer)  (NEWHP: 68.5)(235,102,1)
[23:40:16]ATTACK: Raider shot Raider with the bullet (NEWHP: 25)(236,102,1)
[23:40:17]ATTACK: NON-EXISTANT SUBJECT shot Gekkon with the bullet (NEWHP: 0)(6,113,1)
[23:40:18]ATTACK: Raider shot Unknown(pahomlancer) with the bullet (NEWHP: 63.5)(235,102,1)
[23:40:19]ATTACK: NON-EXISTANT SUBJECT shot Gekkon with the bullet (NEWHP: 0)(6,113,1)
[23:40:21]ATTACK: NON-EXISTANT SUBJECT shot Gekkon with the bullet (NEWHP: 0)(6,113,1)
[23:40:22]ATTACK: Raider shot Unknown(pahomlancer) with the bullet (NEWHP: 47.75)(235,102,1)
[23:40:23]ATTACK: NON-EXISTANT SUBJECT shot Gekkon with the bullet (NEWHP: 0)(6,113,1)
[23:40:24]ATTACK: Raider shot Unknown(pahomlancer) with the bullet (NEWHP: 32)(235,102,1)
[23:40:25]ATTACK: NON-EXISTANT SUBJECT shot Gekkon with the bullet (NEWHP: 0)(6,113,1)
[23:40:27]ATTACK: NON-EXISTANT SUBJECT shot Gekkon with the bullet (NEWHP: 0)(6,113,1)
[23:40:28]ATTACK: Raider shot Unknown(pahomlancer) with the bullet (NEWHP: 16.25)(235,102,1)
[23:40:29]ATTACK: NON-EXISTANT SUBJECT shot Gekkon with the bullet (NEWHP: 0)(6,113,1)
[23:40:30]ATTACK: Raider shot Unknown(pahomlancer) with the bullet (NEWHP: 0.5)(235,102,1)
[23:40:31]ATTACK: NON-EXISTANT SUBJECT shot Gekkon with the bullet (NEWHP: 0)(6,113,1)
[23:40:33]ATTACK: NON-EXISTANT SUBJECT shot Gekkon with the bullet (NEWHP: 0)(6,113,1)
[23:40:35]ATTACK: NON-EXISTANT SUBJECT shot Gekkon with the bullet (NEWHP: 0)(6,113,1)
[23:40:37]ATTACK: NON-EXISTANT SUBJECT shot Gekkon with the bullet (NEWHP: 0)(6,113,1)
[23:40:39]ATTACK: NON-EXISTANT SUBJECT shot Gekkon with the bullet (NEWHP: 0)(6,113,1)
[23:40:41]ATTACK: NON-EXISTANT SUBJECT shot Gekkon with the bullet (NEWHP: 0)(6,113,1)
[23:40:43]ATTACK: NON-EXISTANT SUBJECT shot Gekkon with the bullet (NEWHP: 0)(6,113,1)
[23:40:45]ATTACK: NON-EXISTANT SUBJECT shot Gekkon with the bullet (NEWHP: 0)(6,113,1)
[23:40:47]ATTACK: NON-EXISTANT SUBJECT shot Gekkon with the bullet (NEWHP: 0)(6,113,1)
[23:40:49]ATTACK: NON-EXISTANT SUBJECT shot Gekkon with the bullet (NEWHP: 0)(6,113,1)
[23:40:51]ATTACK: NON-EXISTANT SUBJECT shot Gekkon with the bullet (NEWHP: 0)(6,113,1)
[23:40:53]ATTACK: NON-EXISTANT SUBJECT shot Gekkon with the bullet (NEWHP: 0)(6,113,1)
[23:40:55]ATTACK: NON-EXISTANT SUBJECT shot Gekkon with the bullet (NEWHP: 0)(6,113,1)
