

Starting up. 00:18.57
---------------------
[00:21:57]ATTACK: giant rad scorpion (138) attacked Default Cyborg-427  (NEWHP: 100)(40,158,1)
[00:21:59]ATTACK: giant rad scorpion (138) attacked Default Cyborg-427  (NEWHP: 83)(40,158,1)
[00:22:01]ATTACK: giant rad scorpion (138) attacked Default Cyborg-427  (NEWHP: 68)(40,158,1)
[00:22:03]ATTACK: giant rad scorpion (138) attacked Default Cyborg-427  (NEWHP: 48)(40,158,1)
[00:22:05]ATTACK: giant rad scorpion (138) attacked Default Cyborg-427  (NEWHP: 28)(40,158,1)
[00:22:07]ATTACK: giant rad scorpion (138) attacked Default Cyborg-427  (NEWHP: 8)(40,158,1)
[00:22:09]ATTACK: giant rad scorpion (138) attacked Default Cyborg-427  (NEWHP: -10)(40,158,1)
[00:22:11]ATTACK: giant rad scorpion (138) attacked Default Cyborg-427  (NEWHP: -26)(40,158,1)
[00:22:13]ATTACK: giant rad scorpion (138) attacked Default Cyborg-427  (NEWHP: -43)(40,158,1)
[00:22:15]ATTACK: giant rad scorpion (138) attacked Default Cyborg-427  (NEWHP: -59)(40,158,1)
[00:22:17]ATTACK: giant rad scorpion (138) attacked Default Cyborg-427  (NEWHP: -79)(40,158,1)
[00:22:19]ATTACK: giant rad scorpion (138) attacked Default Cyborg-427  (NEWHP: -96)(40,158,1)
[00:23:06]ATTACK: Mutant attacked Griffin Whiteman(pahomlancer)  (NEWHP: 100)(95,134,1)
[00:23:08]ATTACK: Molerat attacked Griffin Whiteman(pahomlancer)  (NEWHP: 70)(96,140,1)
[00:24:55]ATTACK: Cazador attacked brahmin  (NEWHP: 20)(227,145,1)
[00:25:25]ATTACK: Cazador attacked brahmin  (NEWHP: 20)(226,145,1)
[00:25:42]ATTACK: Raider shot Gekkon with the bullet (NEWHP: 85)(150,81,1)
[00:25:44]ATTACK: Gekkon attacked Raider  (NEWHP: 150)(150,85,1)
[00:25:44]ATTACK: Raider attacked Gekkon  (NEWHP: 85)(150,84,1)
[00:25:46]ATTACK: Gekkon attacked Raider  (NEWHP: 138)(150,93,1)
[00:25:46]ATTACK: Raider attacked Gekkon  (NEWHP: 60)(150,92,1)
[00:25:48]ATTACK: Gekkon attacked Raider  (NEWHP: 125)(150,101,1)
[00:25:48]ATTACK: Raider attacked Gekkon  (NEWHP: 35)(150,100,1)
[00:25:50]ATTACK: Gekkon attacked Raider  (NEWHP: 111)(150,109,1)
[00:25:50]ATTACK: Raider attacked Gekkon  (NEWHP: 10)(150,108,1)
[00:27:27]ATTACK: Cazador attacked brahmin  (NEWHP: 20)(224,145,1)
[00:27:35]ATTACK: Griffin Whiteman(pahomlancer) attacked Griffin Whiteman with Powergauntlet(INTENT: HELP) (DAMTYPE: BRUTE) (NEWHP: 100)(87,191,1)
[00:27:41]ATTACK: Griffin Whiteman(pahomlancer) attacked Griffin Whiteman with Powergauntlet(INTENT: HELP) (DAMTYPE: BRUTE) (NEWHP: 65)(87,191,1)
[00:27:42]ATTACK: Griffin Whiteman(pahomlancer) attacked Griffin Whiteman with Powergauntlet(INTENT: HELP) (DAMTYPE: BRUTE) (NEWHP: 65)(87,191,1)
[00:27:43]ATTACK: Griffin Whiteman(pahomlancer) attacked Griffin Whiteman with Powergauntlet(INTENT: HELP) (DAMTYPE: BRUTE) (NEWHP: 65)(87,191,1)
[00:27:53]ATTACK: Griffin Whiteman(pahomlancer) attacked Griffin Whiteman with disintegrating touch(INTENT: HELP) (DAMTYPE: BRUTE) (NEWHP: 100)(87,191,1)
[00:28:42]ATTACK: Griffin Whiteman(pahomlancer) disarmed Griffin Whiteman(@pahomlancer)  (NEWHP: 100)(86,190,1)
[00:28:43]ATTACK: Griffin Whiteman(pahomlancer) disarmed Griffin Whiteman(@pahomlancer)  (NEWHP: 100)(86,190,1)
[00:28:44]ATTACK: Griffin Whiteman(pahomlancer) disarmed Griffin Whiteman(@pahomlancer)  (NEWHP: 100)(86,190,1)
[00:28:45]ATTACK: Griffin Whiteman(pahomlancer) disarmed Griffin Whiteman(@pahomlancer)  (NEWHP: 100)(86,190,1)
[00:28:46]ATTACK: Griffin Whiteman(pahomlancer) disarmed Griffin Whiteman(@pahomlancer)  (NEWHP: 100)(86,190,1)
[00:28:47]ATTACK: Griffin Whiteman(pahomlancer) disarmed Griffin Whiteman(@pahomlancer)  (NEWHP: 100)(86,190,1)
[00:28:48]ATTACK: Griffin Whiteman(pahomlancer) disarmed Griffin Whiteman(@pahomlancer)  (NEWHP: 100)(86,190,1)
[00:29:01]ATTACK: Griffin Whiteman(pahomlancer) attacked Griffin Whiteman with petrifying touch(INTENT: HELP) (DAMTYPE: BRUTE) (NEWHP: 100)(85,191,1)
[00:29:11]ATTACK: Griffin Whiteman(pahomlancer) attacked Griffin Whiteman(pahomlancer) with disintegrating touch(INTENT: HELP) (DAMTYPE: BRUTE) (NEWHP: 100)(86,192,1)
[00:29:12]ATTACK: Griffin Whiteman(pahomlancer) attacked Griffin Whiteman(pahomlancer) with disintegrating touch(INTENT: HELP) (DAMTYPE: BRUTE) (NEWHP: 100)(86,192,1)
[00:29:14]ATTACK: Griffin Whiteman(pahomlancer) attacked Griffin Whiteman(pahomlancer) with disintegrating touch(INTENT: HARM) (DAMTYPE: BRUTE) (NEWHP: 100)(86,192,1)
[00:29:15]ATTACK: Griffin Whiteman(pahomlancer) attacked Griffin Whiteman(pahomlancer) with disintegrating touch(INTENT: HARM) (DAMTYPE: BRUTE) (NEWHP: 100)(86,192,1)
[00:29:17]ATTACK: Griffin Whiteman(pahomlancer) attacked Griffin Whiteman(pahomlancer) with disintegrating touch(INTENT: DISARM) (DAMTYPE: BRUTE) (NEWHP: 100)(86,190,1)
[00:29:18]ATTACK: Griffin Whiteman(pahomlancer) attacked Griffin Whiteman(pahomlancer) with disintegrating touch(INTENT: DISARM) (DAMTYPE: BRUTE) (NEWHP: 100)(86,190,1)
[00:29:42]ATTACK: Griffin Whiteman(pahomlancer) attacked Molerat with disintegrating touch(INTENT: DISARM) (DAMTYPE: BRUTE) (NEWHP: 80)(98,140,1)
[00:29:42]ATTACK: Molerat attacked Griffin Whiteman(pahomlancer)  (NEWHP: 100)(99,140,1)
[00:29:43]ATTACK: Griffin Whiteman(pahomlancer) attacked Molerat with disintegrating touch(INTENT: DISARM) (DAMTYPE: BRUTE) (NEWHP: 80)(98,141,1)
[00:29:44]ATTACK: Molerat attacked Griffin Whiteman(pahomlancer)  (NEWHP: 95.8)(98,140,1)
[00:29:45]ATTACK: Griffin Whiteman(pahomlancer) attacked Molerat with disintegrating touch(INTENT: DISARM) (DAMTYPE: BRUTE) (NEWHP: 80)(99,140,1)
[00:29:46]ATTACK: Griffin Whiteman(pahomlancer) attacked Mutant with disintegrating touch(INTENT: DISARM) (DAMTYPE: BRUTE) (NEWHP: 250)(99,136,1)
[00:29:53]ATTACK: Griffin Whiteman(pahomlancer) attacked Mutant with disintegrating touch(INTENT: DISARM) (DAMTYPE: BRUTE) (NEWHP: 250)(90,131,1)
[00:30:04]ATTACK: Griffin Whiteman(pahomlancer) attacked Gekkon with disintegrating touch(INTENT: DISARM) (DAMTYPE: BRUTE) (NEWHP: 120)(91,100,1)
[00:30:05]ATTACK: Gekkon attacked Griffin Whiteman(pahomlancer)  (NEWHP: 72.8)(92,99,1)
[00:30:05]ATTACK: Gekkon attacked Griffin Whiteman(pahomlancer)  (NEWHP: 58.8)(92,99,1)
[00:30:05]ATTACK: Gekkon attacked Griffin Whiteman(pahomlancer)  (NEWHP: 43.8)(92,99,1)
[00:30:05]ATTACK: Griffin Whiteman(pahomlancer) attacked Gekkon with disintegrating touch(INTENT: DISARM) (DAMTYPE: BRUTE) (NEWHP: 120)(91,99,1)
[00:30:06]ATTACK: Griffin Whiteman(pahomlancer) attacked Gekkon with disintegrating touch(INTENT: DISARM) (DAMTYPE: BRUTE) (NEWHP: 120)(92,98,1)
[00:30:07]ATTACK: Gekkon attacked Griffin Whiteman(pahomlancer)  (NEWHP: 29.8)(92,99,1)
[00:30:07]ATTACK: Gekkon attacked Griffin Whiteman(pahomlancer)  (NEWHP: 18.8)(92,99,1)
[00:30:07]ATTACK: Griffin Whiteman(pahomlancer) attacked Gekkon with disintegrating touch(INTENT: DISARM) (DAMTYPE: BRUTE) (NEWHP: 120)(93,98,1)
[00:30:08]ATTACK: Griffin Whiteman(pahomlancer) attacked Gekkon with disintegrating touch(INTENT: DISARM) (DAMTYPE: BRUTE) (NEWHP: 120)(93,99,1)
[00:30:18]ATTACK: Griffin Whiteman(pahomlancer) attacked Gekkon with disintegrating touch(INTENT: DISARM) (DAMTYPE: BRUTE) (NEWHP: 120)(113,97,1)
[00:30:19]ATTACK: Gekkon attacked Griffin Whiteman(pahomlancer)  (NEWHP: 100)(112,97,1)
[00:30:19]ATTACK: Griffin Whiteman(pahomlancer) attacked Gekkon with disintegrating touch(INTENT: DISARM) (DAMTYPE: BRUTE) (NEWHP: 120)(112,98,1)
[00:30:25]ATTACK: Griffin Whiteman(pahomlancer) attacked Gekkon with disintegrating touch(INTENT: DISARM) (DAMTYPE: BRUTE) (NEWHP: 120)(136,86,1)
[00:30:35]ATTACK: Raider shot Griffin Whiteman(pahomlancer) with the pellet (NEWHP: 90)(152,95,1)
[00:30:37]ATTACK: Raider shot Raider with the pellet (NEWHP: 130)(161,100,1)
[00:30:39]ATTACK: Griffin Whiteman(pahomlancer) attacked Raider with disintegrating touch(INTENT: DISARM) (DAMTYPE: BRUTE) (NEWHP: 150)(163,101,1)
[00:30:42]ATTACK: Raider shot Griffin Whiteman(pahomlancer) with the pellet (NEWHP: 78)(167,102,1)
[00:30:43]ATTACK: Griffin Whiteman(pahomlancer) attacked Raider with disintegrating touch(INTENT: DISARM) (DAMTYPE: BRUTE) (NEWHP: 130)(167,106,1)
[00:30:44]ATTACK: Griffin Whiteman(pahomlancer) attacked Unknown with disintegrating touch(INTENT: DISARM) (DAMTYPE: BRUTE) (NEWHP: 100)(167,106,1)
[00:30:47]ATTACK: Griffin Whiteman(pahomlancer) attacked Unknown with disintegrating touch(INTENT: DISARM) (DAMTYPE: BRUTE) (NEWHP: 100)(163,101,1)
[00:30:49]ATTACK: Griffin Whiteman(pahomlancer) attacked Griffin Whiteman(pahomlancer) with disintegrating touch(INTENT: DISARM) (DAMTYPE: BRUTE) (NEWHP: 58)(164,96,1)
[00:30:50]ATTACK: Griffin Whiteman(pahomlancer) attacked Griffin Whiteman(pahomlancer) with disintegrating touch(INTENT: DISARM) (DAMTYPE: BRUTE) (NEWHP: 58)(166,95,1)
[00:30:52]ATTACK: Raider shot Griffin Whiteman(pahomlancer) with the pellet (NEWHP: 58)(171,95,1)
[00:30:53]ATTACK: Griffin Whiteman(pahomlancer) attacked Raider with petrifying touch(INTENT: DISARM) (DAMTYPE: BRUTE) (NEWHP: 150)(175,95,1)
[00:30:56]ATTACK: Griffin Whiteman(pahomlancer) attacked Griffin Whiteman(pahomlancer) with petrifying touch(INTENT: DISARM) (DAMTYPE: BRUTE) (NEWHP: 46)(180,95,1)
[00:30:56]ATTACK: Griffin Whiteman(pahomlancer) attacked Griffin Whiteman(pahomlancer) with petrifying touch(INTENT: DISARM) (DAMTYPE: BRUTE) (NEWHP: 46)(182,95,1)
[00:30:58]ATTACK: Raider shot Griffin Whiteman(pahomlancer) with the pellet (NEWHP: 46)(183,95,1)
[00:31:04]ATTACK: Raider shot Griffin Whiteman(pahomlancer) with the pellet (NEWHP: 34)(195,95,1)
[00:31:04]ATTACK: Raider shot Griffin Whiteman(pahomlancer) with the pellet (NEWHP: 34)(195,95,1)
[00:31:09]ATTACK: Raider attacked Griffin Whiteman(pahomlancer)  (NEWHP: 100)(199,95,1)
[00:31:10]ATTACK: Griffin Whiteman(pahomlancer) attacked Raider with disintegrating touch(INTENT: DISARM) (DAMTYPE: BRUTE) (NEWHP: 150)(200,95,1)
[00:31:10]ATTACK: Raider shot Brenna Briner with the pellet (NEWHP: 100)(200,95,1)
[00:31:11]ATTACK: Griffin Whiteman(pahomlancer) attacked Brenna Briner with disintegrating touch(INTENT: DISARM) (DAMTYPE: BRUTE) (NEWHP: 100)(204,95,1)
[00:31:14]ATTACK: Raider shot Griffin Whiteman(pahomlancer) with the bullet (NEWHP: 75)(204,102,1)
[00:31:16]ATTACK: Raider attacked Griffin Whiteman(pahomlancer)  (NEWHP: 75)(204,97,1)
[00:31:16]ATTACK: Raider shot Griffin Whiteman(pahomlancer) with the pellet (NEWHP: 25)(204,97,1)
[00:31:24]ATTACK: Raider attacked Griffin Whiteman(pahomlancer)  (NEWHP: 100)(208,93,1)
[00:31:24]ATTACK: Griffin Whiteman(pahomlancer) attacked Raider with disintegrating touch(INTENT: DISARM) (DAMTYPE: BRUTE) (NEWHP: 150)(210,93,1)
[00:31:26]ATTACK: Raider shot Griffin Whiteman(pahomlancer) with the pellet (NEWHP: 75)(213,95,1)
[00:31:27]ATTACK: Griffin Whiteman(pahomlancer) attacked Unknown with disintegrating touch(INTENT: DISARM) (DAMTYPE: BRUTE) (NEWHP: 100)(213,93,1)
[00:31:28]ATTACK: Raider attacked Griffin Whiteman(pahomlancer)  (NEWHP: 75)(211,94,1)
[00:31:32]ATTACK: Raider shot Griffin Whiteman(pahomlancer) with the pellet (NEWHP: 38)(212,96,1)
[00:31:34]ATTACK: Raider shot Griffin Whiteman(pahomlancer) with the pellet (NEWHP: 18)(214,96,1)
[00:32:00]ATTACK: Molerat attacked Mutant  (NEWHP: 250)(218,10,5)
[00:32:00]ATTACK: Mutant attacked Molerat  (NEWHP: 80)(218,11,5)
[00:32:02]ATTACK: Molerat attacked Mutant  (NEWHP: 250)(218,10,5)
[00:32:02]ATTACK: Mutant attacked Molerat  (NEWHP: 51)(218,11,5)
[00:32:04]ATTACK: Molerat attacked Mutant  (NEWHP: 250)(218,10,5)
[00:32:04]ATTACK: Mutant attacked Molerat  (NEWHP: 17)(218,11,5)
[00:32:35]ATTACK: Raider shot Griffin Whiteman(pahomlancer) with the bullet (NEWHP: 100)(214,96,1)
[00:32:35]ATTACK: Raider shot Griffin Whiteman(pahomlancer) with the pellet (NEWHP: 100)(214,96,1)
[00:32:35]ATTACK: Raider shot Griffin Whiteman(pahomlancer) with the pellet (NEWHP: 100)(214,96,1)
[00:32:39]ATTACK: Raider attacked Griffin Whiteman(pahomlancer)  (NEWHP: 48)(214,96,1)
[00:32:39]ATTACK: Griffin Whiteman(pahomlancer) attacked Raider with disintegrating touch(INTENT: DISARM) (DAMTYPE: BRUTE) (NEWHP: 150)(213,96,1)
[00:32:40]ATTACK: Griffin Whiteman(pahomlancer) attacked Kylee Wolfe with disintegrating touch(INTENT: DISARM) (DAMTYPE: BRUTE) (NEWHP: 100)(213,96,1)
[00:32:41]ATTACK: Raider shot Griffin Whiteman(pahomlancer) with the pellet (NEWHP: 30.5)(214,96,1)
[00:32:41]ATTACK: Raider shot Griffin Whiteman(pahomlancer) with the pellet (NEWHP: 30.5)(214,96,1)
[00:32:47]ATTACK: Raider shot Griffin Whiteman(pahomlancer) with the pellet (NEWHP: 100)(212,98,1)
[00:32:47]ATTACK: Raider shot Griffin Whiteman(pahomlancer) with the pellet (NEWHP: 100)(212,98,1)
[00:32:47]ATTACK: Raider shot Raider with the pellet (NEWHP: 130)(214,102,1)
[00:32:53]ATTACK: Griffin Whiteman(pahomlancer) attacked Raider with disintegrating touch(INTENT: DISARM) (DAMTYPE: BRUTE) (NEWHP: 150)(221,110,1)
[00:32:53]ATTACK: Raider attacked Griffin Whiteman(pahomlancer)  (NEWHP: 68)(221,111,1)
[00:32:53]ATTACK: Raider shot Griffin Whiteman(pahomlancer) with the pellet (NEWHP: 43)(221,111,1)
[00:32:54]ATTACK: Griffin Whiteman(pahomlancer) attacked Unknown with disintegrating touch(INTENT: DISARM) (DAMTYPE: BRUTE) (NEWHP: 100)(221,110,1)
[00:32:55]ATTACK: Raider attacked Griffin Whiteman(pahomlancer)  (NEWHP: 43)(221,111,1)
[00:32:56]ATTACK: Griffin Whiteman(pahomlancer) attacked Raider with disintegrating touch(INTENT: DISARM) (DAMTYPE: BRUTE) (NEWHP: 150)(222,111,1)
[00:32:59]ATTACK: Griffin Whiteman(pahomlancer) attacked Unknown with disintegrating touch(INTENT: DISARM) (DAMTYPE: BRUTE) (NEWHP: 100)(222,111,1)
[00:33:03]ATTACK: Griffin Whiteman(pahomlancer) attacked Griffin Whiteman(pahomlancer) with disintegrating touch(INTENT: DISARM) (DAMTYPE: BRUTE) (NEWHP: 6)(223,113,1)
