

Starting up. 16:39.37
---------------------
[16:46:54]ATTACK: giant rad scorpion (256) attacked Default Cyborg-415  (NEWHP: 100)(40,158,1)
[16:46:56]ATTACK: giant rad scorpion (256) attacked Default Cyborg-415  (NEWHP: 80)(40,158,1)
[16:46:58]ATTACK: giant rad scorpion (256) attacked Default Cyborg-415  (NEWHP: 62)(40,158,1)
[16:47:00]ATTACK: giant rad scorpion (256) attacked Default Cyborg-415  (NEWHP: 42)(40,158,1)
[16:47:01]ATTACK: Griffin Whiteman(pahomlancer) attacked Griffin Whiteman(pahomlancer) with Powergauntlet(INTENT: HELP) (DAMTYPE: BRUTE) (NEWHP: 65)(87,192,1)
[16:47:02]ATTACK: giant rad scorpion (256) attacked Default Cyborg-415  (NEWHP: 23)(40,158,1)
[16:47:04]ATTACK: giant rad scorpion (256) attacked Default Cyborg-415  (NEWHP: 8)(40,158,1)
[16:47:06]ATTACK: giant rad scorpion (256) attacked Default Cyborg-415  (NEWHP: -11)(40,158,1)
[16:47:08]ATTACK: giant rad scorpion (256) attacked Default Cyborg-415  (NEWHP: -28)(40,158,1)
[16:47:10]ATTACK: giant rad scorpion (256) attacked Default Cyborg-415  (NEWHP: -45)(40,158,1)
[16:47:12]ATTACK: giant rad scorpion (256) attacked Default Cyborg-415  (NEWHP: -61)(40,158,1)
[16:47:14]ATTACK: giant rad scorpion (256) attacked Default Cyborg-415  (NEWHP: -78)(40,158,1)
[16:47:16]ATTACK: giant rad scorpion (256) attacked Default Cyborg-415  (NEWHP: -94)(40,158,1)
[16:52:50]ATTACK: Raider shot Gekkon with the bullet (NEWHP: 85)(144,87,1)
[16:52:52]ATTACK: Gekkon attacked Raider  (NEWHP: 150)(146,91,1)
[16:52:52]ATTACK: Raider attacked Gekkon  (NEWHP: 85)(146,90,1)
[16:52:56]ATTACK: Raider shot Gekkon with the bullet (NEWHP: 25)(146,105,1)
[16:53:02]ATTACK: Raider shot Gekkon with the bullet (NEWHP: 0)(146,129,1)
[16:57:57]ATTACK: Raider attacked mouse  (NEWHP: 5)(220,84,1)
[17:02:44]ATTACK: Raider shot Gekkon with the pellet (NEWHP: 100)(145,98,1)
[17:02:45]ATTACK: Gekkon attacked Raider  (NEWHP: 150)(150,107,1)
[17:02:45]ATTACK: Raider attacked Gekkon  (NEWHP: 100)(150,106,1)
[17:02:46]ATTACK: Raider shot Raider with the pellet (NEWHP: 118)(149,138,1)
[17:02:47]ATTACK: Gekkon attacked Raider  (NEWHP: 135)(150,115,1)
[17:02:47]ATTACK: Raider attacked Gekkon  (NEWHP: 75)(150,114,1)
[17:02:49]ATTACK: Gekkon attacked Raider  (NEWHP: 120)(150,123,1)
[17:02:49]ATTACK: Raider attacked Gekkon  (NEWHP: 50)(150,122,1)
[17:02:51]ATTACK: Gekkon attacked Raider  (NEWHP: 106)(149,131,1)
[17:02:51]ATTACK: Raider attacked Gekkon  (NEWHP: 25)(149,130,1)
[17:04:21]ATTACK: Raider shot Raider with the bullet (NEWHP: 115)(136,239,1)
[17:04:33]ATTACK: Raider shot Raider with the bullet (NEWHP: 80)(136,239,1)
[17:04:45]ATTACK: Raider shot Raider with the bullet (NEWHP: 45)(136,239,1)
[17:04:57]ATTACK: Raider shot Raider with the bullet (NEWHP: 10)(136,239,1)
[17:07:32]ATTACK: Cazador attacked brahmin  (NEWHP: 20)(224,145,1)
[17:09:11]ATTACK: Mutant attacked Griffin Whiteman(pahomlancer)  (NEWHP: 100)(92,130,1)
[17:09:23]ATTACK: Cazador attacked brahmin  (NEWHP: 20)(225,145,1)
[17:09:49]ATTACK: Griffin Whiteman(pahomlancer) attacked Gekkon with Sledgehammer (Wielded)(INTENT: HELP) (DAMTYPE: BRUTE) (NEWHP: 90)(114,98,1)
[17:09:49]ATTACK: Gekkon attacked Griffin Whiteman(pahomlancer)  (NEWHP: 100)(115,98,1)
[17:09:49]ATTACK: Gekkon attacked Griffin Whiteman(pahomlancer)  (NEWHP: 85)(115,98,1)
[17:09:50]ATTACK: Griffin Whiteman(pahomlancer) attacked Gekkon with Sledgehammer (Wielded)(INTENT: HELP) (DAMTYPE: BRUTE) (NEWHP: 60)(114,98,1)
[17:09:51]ATTACK: Griffin Whiteman(pahomlancer) attacked Gekkon with Sledgehammer (Wielded)(INTENT: HELP) (DAMTYPE: BRUTE) (NEWHP: 30)(114,98,1)
[17:09:51]ATTACK: Gekkon attacked Griffin Whiteman(pahomlancer)  (NEWHP: 75)(115,98,1)
[17:09:51]ATTACK: Gekkon attacked Griffin Whiteman(pahomlancer)  (NEWHP: 65)(115,98,1)
[17:09:52]ATTACK: Griffin Whiteman(pahomlancer) attacked Gekkon with Sledgehammer (Wielded)(INTENT: HELP) (DAMTYPE: BRUTE) (NEWHP: 0)(114,98,1)
[17:09:52]ATTACK: Griffin Whiteman(pahomlancer) attacked Gekkon with Sledgehammer (Wielded)(INTENT: HELP) (DAMTYPE: BRUTE) (NEWHP: 90)(114,97,1)
[17:09:53]ATTACK: Griffin Whiteman(pahomlancer) attacked Gekkon with Sledgehammer (Wielded)(INTENT: HELP) (DAMTYPE: BRUTE) (NEWHP: 60)(114,97,1)
[17:09:53]ATTACK: Gekkon attacked Griffin Whiteman(pahomlancer)  (NEWHP: 53)(115,98,1)
[17:09:54]ATTACK: Griffin Whiteman(pahomlancer) attacked Gekkon with Sledgehammer (Wielded)(INTENT: HELP) (DAMTYPE: BRUTE) (NEWHP: 30)(114,97,1)
[17:09:55]ATTACK: Griffin Whiteman(pahomlancer) attacked Gekkon with Sledgehammer (Wielded)(INTENT: HELP) (DAMTYPE: BRUTE) (NEWHP: 0)(114,97,1)
[17:10:28]ATTACK: Molerat attacked yaogai  (NEWHP: 300)(132,154,1)
[17:10:28]ATTACK: yaogai attacked Molerat  (NEWHP: 80)(131,154,1)
[17:10:30]ATTACK: Molerat attacked yaogai  (NEWHP: 295)(132,154,1)
[17:10:30]ATTACK: yaogai attacked Molerat  (NEWHP: 52)(131,154,1)
[17:10:32]ATTACK: Molerat attacked yaogai  (NEWHP: 287)(132,154,1)
[17:10:32]ATTACK: yaogai attacked Molerat  (NEWHP: 26)(131,154,1)
[17:11:56]ATTACK: Molerat attacked Mutant  (NEWHP: 250)(232,157,5)
[17:11:56]ATTACK: Mutant attacked Molerat  (NEWHP: 80)(233,157,5)
[17:11:58]ATTACK: Molerat attacked Mutant  (NEWHP: 250)(232,157,5)
[17:11:58]ATTACK: Mutant attacked Molerat  (NEWHP: 53)(233,157,5)
[17:12:00]ATTACK: Molerat attacked Mutant  (NEWHP: 250)(232,157,5)
[17:12:00]ATTACK: Mutant attacked Molerat  (NEWHP: 21)(233,157,5)
[17:12:44]ATTACK: Gunner shot Gekkon with the bullet (NEWHP: 80)(36,109,1)
[17:12:44]ATTACK: Gunner shot Gekkon with the bullet (NEWHP: 40)(35,110,1)
[17:12:44]ATTACK: Gunner shot Gekkon with the bullet (NEWHP: 0)(35,110,1)
[17:14:26]ATTACK: Raider shot Raider with the bullet (NEWHP: 115)(136,240,1)
[17:14:32]ATTACK: Raider shot Raider with the bullet (NEWHP: 80)(136,240,1)
[17:14:38]ATTACK: Raider shot Raider with the bullet (NEWHP: 45)(136,240,1)
[17:14:44]ATTACK: Raider shot Raider with the bullet (NEWHP: 10)(136,240,1)
[17:15:57]ATTACK: Cazador attacked brahmin  (NEWHP: 20)(227,145,1)
[17:16:04]ATTACK: Gunner shot Gekkon with the bullet (NEWHP: 80)(37,105,1)
[17:16:04]ATTACK: Gunner shot Gekkon with the bullet (NEWHP: 40)(37,105,1)
[17:16:05]ATTACK: Gekkon attacked Gunner  (NEWHP: 300)(37,108,1)
[17:16:05]ATTACK: Gunner attacked Gekkon  (NEWHP: 40)(37,107,1)
[17:16:09]ATTACK: Gunner shot Gekkon with the bullet (NEWHP: 0)(39,121,1)
[17:16:09]ATTACK: Gunner shot Gekkon with the bullet (NEWHP: 0)(39,121,1)
[17:16:10]ATTACK: Gunner shot Gekkon with the bullet (NEWHP: 0)(39,121,1)
[17:20:58]ATTACK: Molerat attacked yaogai  (NEWHP: 280)(115,142,1)
[17:20:58]ATTACK: yaogai attacked Molerat  (NEWHP: 80)(115,141,1)
[17:21:00]ATTACK: Molerat attacked yaogai  (NEWHP: 275)(115,142,1)
[17:21:00]ATTACK: Molerat attacked yaogai  (NEWHP: 270)(115,142,1)
[17:21:00]ATTACK: yaogai attacked Molerat  (NEWHP: 45)(115,141,1)
[17:21:02]ATTACK: Molerat attacked yaogai  (NEWHP: 264)(115,142,1)
[17:21:02]ATTACK: Molerat attacked yaogai  (NEWHP: 259)(115,142,1)
[17:21:02]ATTACK: yaogai attacked Molerat  (NEWHP: 17)(115,141,1)
[17:21:04]ATTACK: Molerat attacked yaogai  (NEWHP: 251)(115,142,1)
[17:21:06]ATTACK: Molerat attacked yaogai  (NEWHP: 246)(115,142,1)
[17:21:06]ATTACK: yaogai attacked Molerat  (NEWHP: 80)(114,142,1)
[17:21:08]ATTACK: Molerat attacked yaogai  (NEWHP: 238)(115,142,1)
[17:21:08]ATTACK: yaogai attacked Molerat  (NEWHP: 51)(114,142,1)
[17:21:10]ATTACK: Molerat attacked yaogai  (NEWHP: 229)(115,142,1)
[17:21:10]ATTACK: yaogai attacked Molerat  (NEWHP: 22)(114,142,1)
[17:22:04]ATTACK: Molerat attacked yaogai  (NEWHP: 221)(112,141,1)
[17:22:04]ATTACK: yaogai attacked Molerat  (NEWHP: 80)(111,141,1)
[17:22:06]ATTACK: Molerat attacked yaogai  (NEWHP: 211)(112,141,1)
[17:22:06]ATTACK: yaogai attacked Molerat  (NEWHP: 51)(111,141,1)
[17:22:08]ATTACK: Molerat attacked yaogai  (NEWHP: 202)(112,141,1)
[17:22:08]ATTACK: yaogai attacked Molerat  (NEWHP: 20)(111,141,1)
[17:22:10]ATTACK: Molerat attacked yaogai  (NEWHP: 193)(112,141,1)
[17:22:10]ATTACK: yaogai attacked Molerat  (NEWHP: 80)(111,141,1)
[17:22:12]ATTACK: Molerat attacked yaogai  (NEWHP: 187)(112,141,1)
[17:22:12]ATTACK: yaogai attacked Molerat  (NEWHP: 49)(111,141,1)
[17:22:14]ATTACK: Molerat attacked yaogai  (NEWHP: 177)(112,141,1)
[17:22:14]ATTACK: yaogai attacked Molerat  (NEWHP: 22)(111,141,1)
[17:23:25]ATTACK: Molerat attacked yaogai  (NEWHP: 172)(106,140,1)
[17:23:25]ATTACK: yaogai attacked Molerat  (NEWHP: 80)(105,140,1)
[17:23:27]ATTACK: Molerat attacked yaogai  (NEWHP: 165)(106,140,1)
[17:23:27]ATTACK: Molerat attacked yaogai  (NEWHP: 160)(106,140,1)
[17:23:27]ATTACK: yaogai attacked Molerat  (NEWHP: 52)(105,140,1)
[17:23:29]ATTACK: Molerat attacked yaogai  (NEWHP: 154)(106,140,1)
[17:23:29]ATTACK: Molerat attacked yaogai  (NEWHP: 144)(106,140,1)
[17:23:29]ATTACK: yaogai attacked Molerat  (NEWHP: 20)(105,140,1)
[17:23:31]ATTACK: Molerat attacked yaogai  (NEWHP: 136)(106,140,1)
[17:23:33]ATTACK: Molerat attacked yaogai  (NEWHP: 131)(106,140,1)
[17:23:35]ATTACK: Molerat attacked yaogai  (NEWHP: 123)(106,139,1)
[17:23:35]ATTACK: yaogai attacked Molerat  (NEWHP: 80)(105,139,1)
[17:23:37]ATTACK: Molerat attacked yaogai  (NEWHP: 114)(106,139,1)
[17:23:37]ATTACK: yaogai attacked Molerat  (NEWHP: 52)(105,139,1)
[17:23:39]ATTACK: Molerat attacked yaogai  (NEWHP: 109)(106,139,1)
[17:23:39]ATTACK: yaogai attacked Molerat  (NEWHP: 26)(105,139,1)
[17:26:38]ATTACK: Molerat attacked yaogai  (NEWHP: 101)(97,138,1)
[17:26:40]ATTACK: Molerat attacked yaogai  (NEWHP: 93)(97,138,1)
[17:26:42]ATTACK: Molerat attacked yaogai  (NEWHP: 88)(97,138,1)
[17:26:42]ATTACK: yaogai attacked Molerat  (NEWHP: 80)(98,138,1)
[17:26:44]ATTACK: Molerat attacked yaogai  (NEWHP: 83)(97,138,1)
[17:26:44]ATTACK: yaogai attacked Molerat  (NEWHP: 53)(98,138,1)
[17:26:46]ATTACK: Molerat attacked yaogai  (NEWHP: 73)(97,138,1)
[17:26:46]ATTACK: yaogai attacked Molerat  (NEWHP: 18)(98,138,1)
[17:35:07]ATTACK: Raider shot Space Bat with the pellet (NEWHP: 0)(160,143,1)
[18:00:07]ATTACK: Raider shot Molerat with the bullet (NEWHP: 45)(137,148,1)
[18:00:13]ATTACK: Raider shot Molerat with the bullet (NEWHP: 10)(147,130,1)
[18:00:20]ATTACK: Raider shot Molerat with the bullet (NEWHP: 0)(147,105,1)
[18:19:44]ATTACK: Cazador attacked brahmin  (NEWHP: 20)(224,169,1)


Starting up. 18:30.14
---------------------
[18:33:12]ATTACK: rad scorpion (52) attacked Default Cyborg-341  (NEWHP: 100)(40,159,1)
[18:33:15]ATTACK: rad scorpion (52) attacked Default Cyborg-341  (NEWHP: 93)(40,159,1)
[18:33:15]ATTACK: giant rad scorpion (426) attacked Default Cyborg-341  (NEWHP: 84)(40,159,1)
[18:33:16]ATTACK: rad scorpion (52) attacked Default Cyborg-341  (NEWHP: 67)(40,159,1)
[18:33:16]ATTACK: giant rad scorpion (426) attacked Default Cyborg-341  (NEWHP: 62)(40,159,1)
[18:33:19]ATTACK: rad scorpion (52) attacked Default Cyborg-341  (NEWHP: 42)(40,158,1)
[18:33:19]ATTACK: giant rad scorpion (426) attacked Default Cyborg-341  (NEWHP: 32)(40,158,1)
[18:33:21]ATTACK: rad scorpion (52) attacked Default Cyborg-341  (NEWHP: 17)(40,158,1)
[18:33:21]ATTACK: giant rad scorpion (426) attacked Default Cyborg-341  (NEWHP: 9)(40,158,1)
[18:33:23]ATTACK: rad scorpion (52) attacked Default Cyborg-341  (NEWHP: -8)(40,158,1)
[18:33:23]ATTACK: giant rad scorpion (426) attacked Default Cyborg-341  (NEWHP: -15)(40,158,1)
[18:33:25]ATTACK: rad scorpion (52) attacked Default Cyborg-341  (NEWHP: -32)(40,158,1)
[18:33:25]ATTACK: giant rad scorpion (426) attacked Default Cyborg-341  (NEWHP: -39)(40,158,1)
[18:33:27]ATTACK: rad scorpion (52) attacked Default Cyborg-341  (NEWHP: -58)(40,158,1)
[18:33:27]ATTACK: giant rad scorpion (426) attacked Default Cyborg-341  (NEWHP: -64)(40,158,1)
[18:33:29]ATTACK: rad scorpion (52) attacked Default Cyborg-341  (NEWHP: -79)(40,158,1)
[18:33:29]ATTACK: giant rad scorpion (426) attacked Default Cyborg-341  (NEWHP: -84)(40,158,1)
