

Starting up. 03:27.25
---------------------
[03:28:23]ATTACK: giant rad scorpion (732) attacked Default Cyborg-232  (NEWHP: 100)(40,159,1)
[03:28:25]ATTACK: giant rad scorpion (732) attacked Default Cyborg-232  (NEWHP: 85)(40,159,1)
[03:28:28]ATTACK: giant rad scorpion (732) attacked Default Cyborg-232  (NEWHP: 67)(40,159,1)
[03:28:31]ATTACK: giant rad scorpion (732) attacked Default Cyborg-232  (NEWHP: 49)(40,159,1)
[03:28:32]ATTACK: giant rad scorpion (732) attacked Default Cyborg-232  (NEWHP: 34)(40,159,1)
[03:28:34]ATTACK: giant rad scorpion (732) attacked Default Cyborg-232  (NEWHP: 16)(40,159,1)
[03:28:36]ATTACK: giant rad scorpion (732) attacked Default Cyborg-232  (NEWHP: -2)(40,159,1)
[03:28:39]ATTACK: giant rad scorpion (732) attacked Default Cyborg-232  (NEWHP: -17)(40,159,1)
[03:28:41]ATTACK: giant rad scorpion (732) attacked Default Cyborg-232  (NEWHP: -34)(40,159,1)
[03:28:43]ATTACK: giant rad scorpion (732) attacked Default Cyborg-232  (NEWHP: -50)(40,159,1)
[03:28:45]ATTACK: giant rad scorpion (732) attacked Default Cyborg-232  (NEWHP: -65)(40,159,1)
[03:28:47]ATTACK: giant rad scorpion (732) attacked Default Cyborg-232  (NEWHP: -84)(40,159,1)
[03:29:23]ATTACK: Mutant attacked Griffin Whiteman(pahomlancer)  (NEWHP: 100)(92,130,1)
[03:29:29]ATTACK: venus human trap attacked venus human trap  (NEWHP: 50)(158,159,1)
[03:29:31]ATTACK: venus human trap attacked venus human trap  (NEWHP: 25)(158,159,1)
[03:29:56]ATTACK: venus human trap attacked venus human trap  (NEWHP: 65)(174,163,1)
[03:29:58]ATTACK: venus human trap attacked venus human trap  (NEWHP: 40)(174,163,1)
[03:30:00]ATTACK: venus human trap attacked venus human trap  (NEWHP: 15)(174,163,1)
[03:30:02]ATTACK: venus human trap attacked Space Bat  (NEWHP: 0)(164,156,1)
[03:30:04]ATTACK: venus human trap attacked Griffin Whiteman(pahomlancer)  (NEWHP: 100)(162,149,1)
[03:30:08]ATTACK: venus human trap attacked Space Bat  (NEWHP: 0)(164,156,1)
[03:30:14]ATTACK: venus human trap attacked Griffin Whiteman(pahomlancer)  (NEWHP: 79.5)(171,163,1)
[03:30:16]ATTACK: Griffin Whiteman(pahomlancer) shot venus human trap with the bullet (NEWHP: 30)(172,163,1)
[03:30:16]ATTACK: venus human trap attacked Space Bat  (NEWHP: 0)(164,156,1)
[03:30:16]ATTACK: venus human trap attacked Griffin Whiteman(pahomlancer)  (NEWHP: 56)(171,163,1)
[03:30:45]ATTACK: venus human trap attacked Space Bat  (NEWHP: 0)(164,156,1)
[03:31:01]ATTACK: venus human trap attacked Griffin Whiteman(pahomlancer)  (NEWHP: 100)(164,153,1)
[03:31:01]ATTACK: venus human trap attacked Space Bat  (NEWHP: 0)(164,156,1)
[03:31:03]ATTACK: venus human trap attacked Griffin Whiteman(pahomlancer)  (NEWHP: 82.5)(162,149,1)
[03:31:05]ATTACK: venus human trap attacked Griffin Whiteman(pahomlancer)  (NEWHP: 65)(160,146,1)
[03:31:07]ATTACK: venus human trap attacked Griffin Whiteman(pahomlancer)  (NEWHP: 47.5)(161,143,1)
[03:31:08]ATTACK: Griffin Whiteman(pahomlancer) shot venus human trap with the bullet (NEWHP: 10)(161,141,1)
[03:33:59]ATTACK: Griffin Whiteman(pahomlancer) shot Cazador with the bullet (NEWHP: 75)(226,147,1)
[03:34:00]ATTACK: Griffin Whiteman(pahomlancer) shot Cazador with the bullet (NEWHP: 30)(226,147,1)
[03:34:01]ATTACK: Griffin Whiteman(pahomlancer) shot Cazador with the bullet (NEWHP: 0)(226,147,1)
[03:34:02]ATTACK: Griffin Whiteman(pahomlancer) shot Cazador with the bullet (NEWHP: 75)(224,146,1)
[03:34:03]ATTACK: Griffin Whiteman(pahomlancer) shot Cazador with the bullet (NEWHP: 30)(224,146,1)
[03:34:03]ATTACK: Griffin Whiteman(pahomlancer) shot Cazador with the bullet (NEWHP: 0)(224,146,1)
[03:36:05]ATTACK: Raider shot Griffin Whiteman(pahomlancer) with the bullet (NEWHP: 100)(147,98,1)
[03:36:09]ATTACK: Griffin Whiteman(pahomlancer) shot Raider with the bullet (NEWHP: 105)(147,98,1)
[03:36:09]ATTACK: Griffin Whiteman(pahomlancer) shot Raider with the bullet (NEWHP: 60)(147,98,1)
[03:36:10]ATTACK: Griffin Whiteman(pahomlancer) shot Raider with the bullet (NEWHP: 15)(147,98,1)
[03:36:10]ATTACK: Raider shot Griffin Whiteman(pahomlancer) with the bullet (NEWHP: 68.5)(144,98,1)
