

Starting up. 03:27.25
---------------------
Adding game mode abduction (abduction) to configuration.
Adding game mode blob (blob) to configuration.
Adding game mode changeling (changeling) to configuration.
Adding game mode traitor+changeling (traitorchan) to configuration.
Adding game mode double agents (double_agents) to configuration.
Adding game mode traitor (traitor) to configuration.
Adding game mode cult (cult) to configuration.
Adding game mode extended (extended) to configuration.
Adding game mode gang war (gang) to configuration.
Adding game mode hand of god (handofgod) to configuration.
Adding game mode AI malfunction (malfunction) to configuration.
Adding game mode meteor (meteor) to configuration.
Adding game mode monkey (monkey) to configuration.
Adding game mode nuclear emergency (nuclear) to configuration.
Adding game mode revolution (revolution) to configuration.
Adding game mode sandbox (sandbox) to configuration.
Adding game mode shadowling (shadowling) to configuration.
Adding game mode very ragin' bullshit mages (veryraginbullshitmages) to configuration.
Adding game mode ragin' mages (raginmages) to configuration.
Adding game mode wizard (wizard) to configuration.
Saved mode is 'extended'
Failed to connect to database in load_admin_ranks(). Reverting to legacy system.
Database connection failed. Reverting to the legacy ban system.
[03:27:25]ADMIN: Loading appearance_rank
[03:27:25]ADMIN: appearance_keylist was empty
[03:27:25]ADMIN: Loading Banlist
[03:27:54]ACCESS: Login: PahomLancer/(PahomLancer) from 127.0.0.1-357177658 || BYOND v510
[03:28:01]ADMIN: PahomLancer/(PahomLancer) toggled respawn to On.
[03:28:13]ADMIN: PahomLancer has started the game.
[03:28:16]GAME: SQL ERROR obtaining jobbans. Error : [not connected]

[03:28:16]ACCESS: Logout: *no key*/(PahomLancer)
[03:28:16]ACCESS: Login: PahomLancer/(Griffin Whiteman) from 127.0.0.1-357177658 || BYOND v510
[03:28:19]SAY: Molerat/ : Squeek, i say
[03:28:19]SAY: Molerat/ : Squeek!
[03:28:19]SAY: Mutant/ : ARGH!
[03:28:19]EMOTE: giant rad scorpion (517)/ : <B>The giant rad scorpion (517)</B> chitters
[03:28:19]GAME: Radiation pulse with size (1, 4) and severity 40 in area Custodial Closet 
[03:28:21]SAY: Molerat/ : Squeek
[03:28:21]SAY: Molerat/ : Squeek
[03:28:21]SAY: Molerat/ : Squeek
[03:28:21]SAY: Molerat/ : Squeek, i say
[03:28:21]SAY: Molerat/ : Squeek!
[03:28:21]SAY: Molerat/ : Squeek
[03:28:21]SAY: Mutant/ : ARRRRR!
[03:28:21]SAY: Molerat/ : Squeek!
[03:28:21]SAY: Molerat/ : Squeek, i say
[03:28:23]SAY: Molerat/ : Squeek!
[03:28:23]SAY: Molerat/ : Squeek!
[03:28:23]SAY: Molerat/ : Squeek, i say
[03:28:23]SAY: Molerat/ : Squeek!
[03:28:23]SAY: Molerat/ : Squeek, i say
[03:28:23]SAY: Molerat/ : Squeek
[03:28:23]SAY: Molerat/ : Squeek!
[03:28:23]SAY: Molerat/ : Squeek
[03:28:25]SAY: Molerat/ : Squeek!
[03:28:25]SAY: Molerat/ : Squeek
[03:28:25]SAY: Molerat/ : Squeek!
[03:28:25]SAY: Molerat/ : Squeek
[03:28:25]SAY: Molerat/ : Squeek, i say
[03:28:25]SAY: Mutant/ : GRRRRRR!
[03:28:25]SAY: Molerat/ : Squeek
[03:28:25]SAY: Molerat/ : Squeek
[03:28:25]SAY: Mutant/ : NNNNNGH!
[03:28:28]SAY: Molerat/ : Squeek
[03:28:28]SAY: Molerat/ : Squeek, i say
[03:28:28]SAY: Molerat/ : Squeek!
[03:28:28]SAY: Molerat/ : Squeek
[03:28:28]SAY: Molerat/ : Squeek
[03:28:28]GAME: Radiation pulse with size (1, 4) and severity 40 in area Custodial Closet 
[03:28:31]SAY: Molerat/ : Squeek, i say
[03:28:31]SAY: Molerat/ : Squeek, i say
[03:28:31]SAY: Molerat/ : Squeek
[03:28:31]SAY: Mutant/ : HMPH!
[03:28:31]SAY: Molerat/ : Squeek
[03:28:31]SAY: Mutant/ : ARRRRR!
[03:28:31]SAY: Molerat/ : Squeek!
[03:28:31]SAY: Molerat/ : Squeek!
[03:28:31]SAY: Molerat/ : Squeek!
[03:28:31]EMOTE: giant rad scorpion (517)/ : <B>The giant rad scorpion (517)</B> chitters
[03:28:31]SAY: Molerat/ : Squeek!
[03:28:32]SAY: Molerat/ : Squeek!
[03:28:32]SAY: Molerat/ : Squeek
[03:28:32]SAY: Mutant/ : GRRRRRR!
[03:28:32]SAY: Mutant/ : HMPH!
[03:28:32]SAY: Molerat/ : Squeek
[03:28:32]SAY: Molerat/ : Squeek!
[03:28:32]SAY: Molerat/ : Squeek
[03:28:32]SAY: Mutant/ : NNNNNGH!
[03:28:32]SAY: Molerat/ : Squeek, i say
[03:28:32]SAY: Molerat/ : Squeek!
[03:28:34]SAY: Molerat/ : Squeek
[03:28:34]SAY: Molerat/ : Squeek!
[03:28:34]SAY: Molerat/ : Squeek
[03:28:34]SAY: Molerat/ : Squeek!
[03:28:34]SAY: Molerat/ : Squeek
[03:28:34]SAY: Mutant/ : ARRRRR!
[03:28:34]EMOTE: giant rad scorpion (289)/ : <B>The giant rad scorpion (289)</B> chitters
[03:28:34]SAY: Molerat/ : Squeek
[03:28:36]SAY: Molerat/ : Squeek!
[03:28:36]SAY: Mutant/ : GRRRRRR!
[03:28:36]SAY: Molerat/ : Squeek!
[03:28:36]SAY: Molerat/ : Squeek
[03:28:36]SAY: Molerat/ : Squeek!
[03:28:36]SAY: Molerat/ : Squeek!
[03:28:36]SAY: Mutant/ : HMPH!
[03:28:36]SAY: Molerat/ : Squeek, i say
[03:28:36]SAY: Mutant/ : ARRRRR!
[03:28:36]SAY: Molerat/ : Squeek
[03:28:36]SAY: Molerat/ : Squeek!
[03:28:36]SAY: Mutant/ : GRRRRRR!
[03:28:36]SAY: Mutant/ : GRRRRRR!
[03:28:36]EMOTE: giant rad scorpion (732)/ : <B>The giant rad scorpion (732)</B> chitters
[03:28:36]SAY: Molerat/ : Squeek, i say
[03:28:36]SAY: Molerat/ : Squeek
[03:28:36]GAME: Radiation pulse with size (1, 4) and severity 40 in area Custodial Closet 
[03:28:39]SAY: Molerat/ : Squeek
[03:28:39]SAY: Molerat/ : Squeek
[03:28:39]SAY: Molerat/ : Squeek!
[03:28:39]SAY: Mutant/ : HMPH!
[03:28:39]SAY: Molerat/ : Squeek!
[03:28:39]SAY: Molerat/ : Squeek!
[03:28:39]SAY: Molerat/ : Squeek!
[03:28:41]SAY: Molerat/ : Squeek
[03:28:41]SAY: Molerat/ : Squeek!
[03:28:41]SAY: Molerat/ : Squeek!
[03:28:41]SAY: Molerat/ : Squeek!
[03:28:41]SAY: Molerat/ : Squeek
[03:28:41]SAY: Molerat/ : Squeek
[03:28:41]SAY: Molerat/ : Squeek
[03:28:41]SAY: Molerat/ : Squeek, i say
[03:28:41]EMOTE: giant spider (801)/ : <B>The giant spider (801)</B> chitters
[03:28:43]SAY: Molerat/ : Squeek
[03:28:43]SAY: Molerat/ : Squeek
[03:28:43]SAY: Molerat/ : Squeek!
[03:28:43]SAY: Molerat/ : Squeek
[03:28:43]SAY: Molerat/ : Squeek!
[03:28:43]SAY: Molerat/ : Squeek
[03:28:43]SAY: Molerat/ : Squeek!
[03:28:43]SAY: Mutant/ : GRRRRRR!
[03:28:43]SAY: Molerat/ : Squeek!
[03:28:43]SAY: Molerat/ : Squeek
[03:28:43]SAY: Molerat/ : Squeek!
[03:28:43]SAY: Molerat/ : Squeek
[03:28:43]SAY: Molerat/ : Squeek
[03:28:43]SAY: Molerat/ : Squeek, i say
[03:28:43]GAME: Radiation pulse with size (1, 4) and severity 40 in area Custodial Closet 
[03:28:45]SAY: Molerat/ : Squeek!
[03:28:45]SAY: Molerat/ : Squeek
[03:28:45]SAY: Molerat/ : Squeek
[03:28:45]SAY: Molerat/ : Squeek
[03:28:45]SAY: Mutant/ : GRRRRRR!
[03:28:45]SAY: Mutant/ : ARGH!
[03:28:45]SAY: Molerat/ : Squeek!
[03:28:47]SAY: Molerat/ : Squeek
[03:28:47]SAY: Molerat/ : Squeek
[03:28:47]SAY: Mutant/ : ARGH!
[03:28:47]SAY: Molerat/ : Squeek
[03:28:47]SAY: Molerat/ : Squeek
[03:28:47]SAY: Molerat/ : Squeek!
[03:28:47]SAY: Molerat/ : Squeek!
[03:28:47]SAY: Molerat/ : Squeek
[03:28:47]SAY: Molerat/ : Squeek
[03:28:47]SAY: Molerat/ : Squeek!
[03:28:47]SAY: Molerat/ : Squeek!
[03:28:47]EMOTE: Default Cyborg-232/ : <B>Default Cyborg-232</B> shudders violently for a moment, then becomes motionless, its eyes slowly darkening.
[03:28:47]SAY: Molerat/ : Squeek!
[03:28:47]SAY: Molerat/ : Squeek!
[03:28:49]SAY: Molerat/ : Squeek!
[03:28:49]SAY: Mutant/ : GRRRRRR!
[03:28:49]SAY: Molerat/ : Squeek
[03:28:49]SAY: Mutant/ : GRRRRRR!
[03:28:49]SAY: Molerat/ : Squeek
[03:28:49]SAY: Molerat/ : Squeek, i say
[03:28:49]SAY: Molerat/ : Squeek!
[03:28:49]SAY: Molerat/ : Squeek!
[03:28:49]SAY: Molerat/ : Squeek
[03:28:49]SAY: Mutant/ : ARRRRR!
[03:28:49]SAY: Mutant/ : ARGH!
[03:28:49]SAY: brahmin/ : Moo?
[03:28:49]GAME: Radiation pulse with size (1, 4) and severity 40 in area Custodial Closet 
[03:28:51]SAY: Molerat/ : Squeek
[03:28:51]SAY: Molerat/ : Squeek, i say
[03:28:51]SAY: Molerat/ : Squeek!
[03:28:51]SAY: Molerat/ : Squeek!
[03:28:51]SAY: Mutant/ : ARRRRR!
[03:28:53]SAY: Molerat/ : Squeek
[03:28:53]SAY: Molerat/ : Squeek!
[03:28:53]SAY: Molerat/ : Squeek, i say
[03:28:53]SAY: Molerat/ : Squeek
[03:28:53]SAY: Mutant/ : HMPH!
[03:28:53]SAY: Molerat/ : Squeek!
[03:28:53]SAY: Molerat/ : Squeek, i say
[03:28:53]SAY: Molerat/ : Squeek!
[03:28:53]SAY: Molerat/ : Squeek
[03:28:53]SAY: Molerat/ : Squeek, i say
[03:28:53]EMOTE: rad scorpion (318)/ : <B>The rad scorpion (318)</B> chitters
[03:28:53]SAY: yaogai/ : RAWR!
[03:28:53]EMOTE: giant rad scorpion (517)/ : <B>The giant rad scorpion (517)</B> chitters
[03:28:53]SAY: Molerat/ : Squeek
[03:28:55]SAY: Molerat/ : Squeek
[03:28:55]SAY: Molerat/ : Squeek, i say
[03:28:55]SAY: Molerat/ : Squeek
[03:28:55]SAY: Molerat/ : Squeek
[03:28:55]SAY: Molerat/ : Squeek!
[03:28:55]SAY: Molerat/ : Squeek
[03:28:55]SAY: Molerat/ : Squeek!
[03:28:55]EMOTE: giant rad scorpion (517)/ : <B>The giant rad scorpion (517)</B> chitters
[03:28:57]SAY: Molerat/ : Squeek
[03:28:57]SAY: Molerat/ : Squeek
[03:28:57]SAY: Molerat/ : Squeek
[03:28:57]SAY: Molerat/ : Squeek
[03:28:57]SAY: Molerat/ : Squeek, i say
[03:28:57]SAY: Molerat/ : Squeek!
[03:28:57]SAY: Molerat/ : Squeek, i say
[03:28:57]SAY: Molerat/ : Squeek!
[03:28:57]SAY: Molerat/ : Squeek, i say
[03:28:57]SAY: Molerat/ : Squeek
[03:28:57]GAME: Radiation pulse with size (1, 4) and severity 40 in area Custodial Closet 
[03:28:59]SAY: Molerat/ : Squeek
[03:28:59]SAY: Molerat/ : Squeek
[03:28:59]SAY: Molerat/ : Squeek
[03:28:59]SAY: Molerat/ : Squeek, i say
[03:28:59]SAY: Molerat/ : Squeek
[03:28:59]SAY: Mutant/ : GRRRRRR!
[03:28:59]SAY: Molerat/ : Squeek
[03:28:59]EMOTE: giant rad scorpion (517)/ : <B>The giant rad scorpion (517)</B> chitters
[03:29:01]SAY: Molerat/ : Squeek, i say
[03:29:01]SAY: Mutant/ : HMPH!
[03:29:01]SAY: Molerat/ : Squeek
[03:29:01]SAY: Molerat/ : Squeek
[03:29:01]SAY: Molerat/ : Squeek!
[03:29:01]SAY: Molerat/ : Squeek
[03:29:03]ADMIN: PahomLancer/(Griffin Whiteman) jumped to 85,161,1 in Atrium
[03:29:03]SAY: Molerat/ : Squeek, i say
[03:29:03]SAY: Molerat/ : Squeek
[03:29:03]SAY: Mutant/ : HMPH!
[03:29:03]SAY: Molerat/ : Squeek
[03:29:03]SAY: Molerat/ : Squeek!
[03:29:03]SAY: Molerat/ : Squeek, i say
[03:29:03]SAY: Molerat/ : Squeek
[03:29:03]SAY: Molerat/ : Squeek
[03:29:03]SAY: Molerat/ : Squeek, i say
[03:29:05]SAY: Molerat/ : Squeek!
[03:29:05]SAY: Molerat/ : Squeek
[03:29:05]SAY: Molerat/ : Squeek, i say
[03:29:05]SAY: Molerat/ : Squeek!
[03:29:05]SAY: Mutant/ : HMPH!
[03:29:05]SAY: Molerat/ : Squeek
[03:29:05]SAY: Molerat/ : Squeek, i say
[03:29:05]SAY: Molerat/ : Squeek!
[03:29:05]SAY: Mutant/ : HMPH!
[03:29:05]SAY: Molerat/ : Squeek
[03:29:05]SAY: Molerat/ : Squeek!
[03:29:05]SAY: Mutant/ : NNNNNGH!
[03:29:05]SAY: Molerat/ : Squeek!
[03:29:05]GAME: Radiation pulse with size (1, 4) and severity 40 in area Custodial Closet 
[03:29:07]SAY: Molerat/ : Squeek
[03:29:07]SAY: Molerat/ : Squeek, i say
[03:29:07]SAY: Molerat/ : Squeek
[03:29:07]SAY: Molerat/ : Squeek
[03:29:07]SAY: Molerat/ : Squeek!
[03:29:07]SAY: Molerat/ : Squeek
[03:29:09]ADMIN: PahomLancer/(Griffin Whiteman) jumped to 86,153,1 in Vault Entry
[03:29:09]SAY: Molerat/ : Squeek
[03:29:09]SAY: Molerat/ : Squeek!
[03:29:09]SAY: Molerat/ : Squeek
[03:29:09]SAY: Molerat/ : Squeek
[03:29:11]SAY: Molerat/ : Squeek
[03:29:11]SAY: Mutant/ : GRRRRRR!
[03:29:11]SAY: Molerat/ : Squeek!
[03:29:11]SAY: Molerat/ : Squeek
[03:29:11]SAY: Molerat/ : Squeek
[03:29:11]SAY: Molerat/ : Squeek
[03:29:11]SAY: Mutant/ : GRRRRRR!
[03:29:11]SAY: Mutant/ : ARRRRR!
[03:29:11]SAY: Molerat/ : Squeek
[03:29:11]SAY: Molerat/ : Squeek!
[03:29:11]SAY: Molerat/ : Squeek!
[03:29:13]SAY: Molerat/ : Squeek, i say
[03:29:13]SAY: Molerat/ : Squeek
[03:29:13]SAY: Molerat/ : Squeek, i say
[03:29:13]SAY: Molerat/ : Squeek
[03:29:13]SAY: Molerat/ : Squeek
[03:29:13]SAY: Molerat/ : Squeek!
[03:29:13]SAY: Molerat/ : Squeek
[03:29:13]SAY: Mutant/ : HMPH!
[03:29:13]SAY: Mutant/ : NNNNNGH!
[03:29:13]GAME: Radiation pulse with size (1, 4) and severity 40 in area Custodial Closet 
[03:29:15]SAY: Molerat/ : Squeek, i say
[03:29:15]SAY: Molerat/ : Squeek
[03:29:15]SAY: Molerat/ : Squeek!
[03:29:15]SAY: Molerat/ : Squeek!
[03:29:15]SAY: Molerat/ : Squeek!
[03:29:15]SAY: Molerat/ : Squeek
[03:29:15]SAY: Molerat/ : Squeek!
[03:29:15]SAY: Molerat/ : Squeek
[03:29:15]SAY: Molerat/ : Squeek, i say
[03:29:15]SAY: Molerat/ : Squeek
[03:29:17]SAY: Molerat/ : Squeek
[03:29:17]SAY: Molerat/ : Squeek!
[03:29:17]SAY: Molerat/ : Squeek
[03:29:17]SAY: Molerat/ : Squeek
[03:29:17]SAY: Mutant/ : GRRRRRR!
[03:29:17]SAY: Molerat/ : Squeek!
[03:29:17]SAY: Mutant/ : ARRRRR!
[03:29:17]SAY: Molerat/ : Squeek
[03:29:17]SAY: Molerat/ : Squeek
[03:29:17]SAY: Molerat/ : Squeek!
[03:29:17]SAY: Molerat/ : Squeek!
[03:29:17]SAY: Molerat/ : Squeek!
[03:29:17]SAY: Molerat/ : Squeek
[03:29:17]SAY: Molerat/ : Squeek, i say
[03:29:19]SAY: Molerat/ : Squeek!
[03:29:19]SAY: Mutant/ : NNNNNGH!
[03:29:19]SAY: Molerat/ : Squeek!
[03:29:19]SAY: Molerat/ : Squeek, i say
[03:29:19]SAY: Molerat/ : Squeek!
[03:29:19]SAY: Molerat/ : Squeek
[03:29:19]SAY: Molerat/ : Squeek
[03:29:19]ADMIN: PahomLancer/(Griffin Whiteman) jumped to 99,134,1 in High Radiation Field
[03:29:21]SAY: Mutant/ : GRRRRRR!
[03:29:21]SAY: Molerat/ : Squeek!
[03:29:21]SAY: Molerat/ : Squeek!
[03:29:21]SAY: Molerat/ : Squeek
[03:29:21]SAY: Molerat/ : Squeek
[03:29:21]SAY: Molerat/ : Squeek!
[03:29:21]SAY: Molerat/ : Squeek
[03:29:21]SAY: Molerat/ : Squeek!
[03:29:21]SAY: Molerat/ : Squeek
[03:29:21]SAY: Molerat/ : Squeek!
[03:29:21]SAY: Molerat/ : Squeek!
[03:29:21]SAY: Mutant/ : GRRRRRR!
[03:29:21]GAME: Radiation pulse with size (1, 4) and severity 40 in area Custodial Closet 
[03:29:23]SAY: Molerat/ : Squeek
[03:29:23]SAY: Mutant/ : ARRRRR!
[03:29:23]SAY: Molerat/ : Squeek!
[03:29:23]SAY: Molerat/ : Squeek
[03:29:23]SAY: Molerat/ : Squeek
[03:29:23]SAY: Molerat/ : Squeek!
[03:29:23]SAY: Molerat/ : Squeek, i say
[03:29:23]SAY: Molerat/ : Squeek
[03:29:23]SAY: Molerat/ : Squeek
[03:29:23]EMOTE: rad scorpion (318)/ : <B>The rad scorpion (318)</B> chitters
[03:29:23]SAY: Molerat/ : Squeek, i say
[03:29:23]SAY: Molerat/ : Squeek!
[03:29:25]ADMIN: PahomLancer/(Griffin Whiteman) jumped to 90,125,1 in Space
[03:29:25]SAY: Molerat/ : Squeek
[03:29:25]SAY: Molerat/ : Squeek, i say
[03:29:25]SAY: Molerat/ : Squeek!
[03:29:25]SAY: Molerat/ : Squeek!
[03:29:25]SAY: Molerat/ : Squeek!
[03:29:25]SAY: Molerat/ : Squeek
[03:29:25]SAY: Molerat/ : Squeek, i say
[03:29:25]SAY: Molerat/ : Squeek
[03:29:25]SAY: Molerat/ : Squeek
[03:29:25]SAY: Molerat/ : Squeek!
[03:29:25]SAY: Molerat/ : Squeek!
[03:29:27]SAY: Molerat/ : Squeek!
[03:29:27]SAY: Molerat/ : Squeek, i say
[03:29:27]SAY: Molerat/ : Squeek
[03:29:27]SAY: Molerat/ : Squeek
[03:29:27]SAY: Molerat/ : Squeek
[03:29:27]SAY: Molerat/ : Squeek!
[03:29:27]EMOTE: rad scorpion (28)/ : <B>The rad scorpion (28)</B> chitters
[03:29:28]GAME: SQL ERROR obtaining reason from watch table. Error : [not connected]

[03:29:29]ADMIN: PahomLancer/(Griffin Whiteman) healed / Revived PahomLancer/(Griffin Whiteman)
[03:29:29]SAY: Molerat/ : Squeek
[03:29:29]SAY: Molerat/ : Squeek
[03:29:29]SAY: Molerat/ : Squeek
[03:29:29]SAY: Mutant/ : ARRRRR!
[03:29:29]SAY: Molerat/ : Squeek
[03:29:29]SAY: Mutant/ : GRRRRRR!
[03:29:29]SAY: Molerat/ : Squeek
[03:29:29]SAY: Molerat/ : Squeek!
[03:29:29]SAY: Molerat/ : Squeek, i say
[03:29:29]SAY: Molerat/ : Squeek, i say
[03:29:29]EMOTE: giant rad scorpion (289)/ : <B>The giant rad scorpion (289)</B> chitters
[03:29:29]SAY: Medibot/ : Radar, put a mask on!
[03:29:29]GAME: Radiation pulse with size (1, 4) and severity 40 in area Custodial Closet 
[03:29:31]SAY: Molerat/ : Squeek, i say
[03:29:31]SAY: Molerat/ : Squeek
[03:29:31]SAY: Molerat/ : Squeek
[03:29:31]SAY: Molerat/ : Squeek!
[03:29:31]SAY: Mutant/ : NNNNNGH!
[03:29:31]SAY: Mutant/ : HMPH!
[03:29:31]SAY: Molerat/ : Squeek!
[03:29:32]EMOTE: giant rad scorpion (732)/ : <B>The giant rad scorpion (732)</B> chitters
[03:29:32]EMOTE: giant rad scorpion (289)/ : <B>The giant rad scorpion (289)</B> chitters
[03:29:34]SAY: Molerat/ : Squeek!
[03:29:34]SAY: Molerat/ : Squeek
[03:29:34]SAY: Molerat/ : Squeek
[03:29:34]SAY: Mutant/ : HMPH!
[03:29:34]SAY: Molerat/ : Squeek
[03:29:34]SAY: Molerat/ : Squeek
[03:29:34]SAY: Molerat/ : Squeek!
[03:29:34]SAY: Molerat/ : Squeek!
[03:29:34]SAY: Molerat/ : Squeek, i say
[03:29:34]SAY: Molerat/ : Squeek
[03:29:36]SAY: Molerat/ : Squeek, i say
[03:29:36]SAY: Molerat/ : Squeek
[03:29:36]SAY: Molerat/ : Squeek
[03:29:36]SAY: Molerat/ : Squeek
[03:29:36]SAY: Molerat/ : Squeek, i say
[03:29:36]SAY: Mutant/ : NNNNNGH!
[03:29:36]SAY: Molerat/ : Squeek
[03:29:36]SAY: Molerat/ : Squeek, i say
[03:29:36]SAY: Mutant/ : HMPH!
[03:29:36]SAY: Molerat/ : Squeek!
[03:29:36]SAY: Molerat/ : Squeek
[03:29:36]SAY: Mutant/ : HMPH!
[03:29:36]SAY: Molerat/ : Squeek
[03:29:36]SAY: Molerat/ : Squeek, i say
[03:29:36]SAY: Molerat/ : Squeek
[03:29:36]SAY: Molerat/ : Squeek!
[03:29:36]GAME: Radiation pulse with size (1, 4) and severity 40 in area Custodial Closet 
[03:29:38]SAY: Molerat/ : Squeek, i say
[03:29:38]SAY: Mutant/ : HMPH!
[03:29:38]SAY: Molerat/ : Squeek!
[03:29:38]SAY: Molerat/ : Squeek!
[03:29:38]SAY: Molerat/ : Squeek
[03:29:38]SAY: Molerat/ : Squeek
[03:29:38]SAY: Molerat/ : Squeek!
[03:29:38]SAY: Molerat/ : Squeek
[03:29:38]SAY: Molerat/ : Squeek!
[03:29:38]SAY: Molerat/ : Squeek!
[03:29:38]SAY: Molerat/ : Squeek, i say
[03:29:38]SAY: Molerat/ : Squeek!
[03:29:38]SAY: Molerat/ : Squeek!
[03:29:38]SAY: Molerat/ : Squeek
[03:29:38]SAY: Molerat/ : Squeek
[03:29:38]SAY: Molerat/ : Squeek!
[03:29:38]ADMIN: PahomLancer/(Griffin Whiteman) jumped to 115,114,1 in Custodial Closet
[03:29:40]SAY: Molerat/ : Squeek
[03:29:40]SAY: Molerat/ : Squeek!
[03:29:40]SAY: Mutant/ : ARGH!
[03:29:40]SAY: Molerat/ : Squeek
[03:29:40]SAY: Molerat/ : Squeek, i say
[03:29:40]SAY: Molerat/ : Squeek!
[03:29:40]SAY: Mutant/ : ARGH!
[03:29:40]SAY: Molerat/ : Squeek
[03:29:40]SAY: Mutant/ : HMPH!
[03:29:40]SAY: Molerat/ : Squeek, i say
[03:29:42]SAY: Molerat/ : Squeek
[03:29:42]SAY: Molerat/ : Squeek
[03:29:42]SAY: Mutant/ : HMPH!
[03:29:42]SAY: Molerat/ : Squeek
[03:29:42]SAY: Molerat/ : Squeek!
[03:29:42]SAY: Mutant/ : NNNNNGH!
[03:29:42]SAY: Molerat/ : Squeek
[03:29:42]SAY: Molerat/ : Squeek
[03:29:44]SAY: Molerat/ : Squeek
[03:29:44]SAY: Molerat/ : Squeek!
[03:29:44]SAY: Molerat/ : Squeek!
[03:29:44]SAY: Mutant/ : GRRRRRR!
[03:29:44]SAY: Mutant/ : ARRRRR!
[03:29:44]SAY: Molerat/ : Squeek
[03:29:44]SAY: Molerat/ : Squeek
[03:29:44]GAME: Radiation pulse with size (1, 4) and severity 40 in area Custodial Closet 
[03:29:46]SAY: Molerat/ : Squeek
[03:29:46]SAY: Molerat/ : Squeek!
[03:29:46]SAY: Molerat/ : Squeek, i say
[03:29:46]SAY: Molerat/ : Squeek, i say
[03:29:46]SAY: Molerat/ : Squeek
[03:29:46]SAY: Mutant/ : ARGH!
[03:29:46]SAY: Molerat/ : Squeek, i say
[03:29:46]SAY: Molerat/ : Squeek
[03:29:46]SAY: Molerat/ : Squeek
[03:29:46]SAY: Mutant/ : NNNNNGH!
[03:29:46]SAY: Mutant/ : GRRRRRR!
[03:29:46]SAY: Mutant/ : ARGH!
[03:29:46]SAY: Molerat/ : Squeek
[03:29:46]SAY: Molerat/ : Squeek
[03:29:46]SAY: Molerat/ : Squeek
[03:29:48]SAY: Molerat/ : Squeek!
[03:29:48]SAY: Molerat/ : Squeek
[03:29:48]SAY: Molerat/ : Squeek!
[03:29:48]SAY: Molerat/ : Squeek!
[03:29:48]SAY: Mutant/ : GRRRRRR!
[03:29:48]SAY: Molerat/ : Squeek
[03:29:48]EMOTE: rad scorpion (28)/ : <B>The rad scorpion (28)</B> chitters
[03:29:48]SAY: Molerat/ : Squeek!
[03:29:48]SAY: Molerat/ : Squeek!
[03:29:50]SAY: Molerat/ : Squeek!
[03:29:50]SAY: Mutant/ : ARGH!
[03:29:50]SAY: Molerat/ : Squeek, i say
[03:29:50]SAY: Molerat/ : Squeek!
[03:29:50]SAY: Molerat/ : Squeek
[03:29:50]SAY: Molerat/ : Squeek
[03:29:50]SAY: Mutant/ : ARGH!
[03:29:50]SAY: Molerat/ : Squeek!
[03:29:50]SAY: Molerat/ : Squeek
[03:29:50]SAY: Molerat/ : Squeek
[03:29:50]SAY: Molerat/ : Squeek
[03:29:50]GAME: Radiation pulse with size (1, 4) and severity 40 in area Custodial Closet 
[03:29:52]SAY: Molerat/ : Squeek
[03:29:52]SAY: Molerat/ : Squeek
[03:29:52]SAY: Molerat/ : Squeek!
[03:29:52]SAY: Molerat/ : Squeek
[03:29:52]SAY: Molerat/ : Squeek, i say
[03:29:52]SAY: Molerat/ : Squeek
[03:29:52]SAY: Molerat/ : Squeek
[03:29:52]SAY: Molerat/ : Squeek
[03:29:52]SAY: Molerat/ : Squeek
[03:29:54]SAY: Molerat/ : Squeek, i say
[03:29:54]SAY: Molerat/ : Squeek
[03:29:54]SAY: Molerat/ : Squeek, i say
[03:29:54]SAY: Molerat/ : Squeek!
[03:29:54]SAY: Mutant/ : NNNNNGH!
[03:29:54]SAY: Mutant/ : HMPH!
[03:29:54]SAY: Molerat/ : Squeek!
[03:29:56]SAY: Mutant/ : ARRRRR!
[03:29:56]SAY: Molerat/ : Squeek!
[03:29:56]SAY: Molerat/ : Squeek!
[03:29:56]SAY: Molerat/ : Squeek
[03:29:56]SAY: Mutant/ : GRRRRRR!
[03:29:56]SAY: Molerat/ : Squeek!
[03:29:56]EMOTE: giant rad scorpion (517)/ : <B>The giant rad scorpion (517)</B> chitters
[03:29:58]SAY: Molerat/ : Squeek
[03:29:58]SAY: Molerat/ : Squeek, i say
[03:29:58]SAY: Molerat/ : Squeek!
[03:29:58]SAY: Molerat/ : Squeek
[03:29:58]SAY: Molerat/ : Squeek
[03:29:58]SAY: Molerat/ : Squeek
[03:29:58]SAY: Molerat/ : Squeek
[03:29:58]SAY: Mutant/ : GRRRRRR!
[03:29:58]SAY: Molerat/ : Squeek
[03:29:58]GAME: Radiation pulse with size (1, 4) and severity 40 in area Custodial Closet 
[03:30:00]SAY: Molerat/ : Squeek!
[03:30:00]SAY: Molerat/ : Squeek
[03:30:00]SAY: Mutant/ : GRRRRRR!
[03:30:00]SAY: Mutant/ : NNNNNGH!
[03:30:00]SAY: Molerat/ : Squeek!
[03:30:00]SAY: Molerat/ : Squeek
[03:30:00]SAY: Mutant/ : HMPH!
[03:30:00]SAY: Molerat/ : Squeek!
[03:30:02]SAY: Molerat/ : Squeek!
[03:30:02]SAY: Molerat/ : Squeek
[03:30:02]SAY: Molerat/ : Squeek!
[03:30:02]SAY: Molerat/ : Squeek!
[03:30:02]SAY: Molerat/ : Squeek, i say
[03:30:02]SAY: Molerat/ : Squeek!
[03:30:02]SAY: Molerat/ : Squeek!
[03:30:02]SAY: Mutant/ : HMPH!
[03:30:04]SAY: Molerat/ : Squeek!
[03:30:04]SAY: Molerat/ : Squeek
[03:30:04]SAY: Molerat/ : Squeek!
[03:30:04]SAY: Molerat/ : Squeek!
[03:30:04]SAY: Molerat/ : Squeek, i say
[03:30:04]SAY: Molerat/ : Squeek!
[03:30:04]SAY: Molerat/ : Squeek!
[03:30:04]SAY: Molerat/ : Squeek!
[03:30:04]SAY: Molerat/ : Squeek!
[03:30:04]SAY: Molerat/ : Squeek
[03:30:04]SAY: Molerat/ : Squeek, i say
[03:30:04]SAY: Molerat/ : Squeek
[03:30:06]SAY: Molerat/ : Squeek!
[03:30:06]SAY: Molerat/ : Squeek
[03:30:06]SAY: Molerat/ : Squeek!
[03:30:06]SAY: Molerat/ : Squeek!
[03:30:06]SAY: Mutant/ : HMPH!
[03:30:06]SAY: Molerat/ : Squeek!
[03:30:06]SAY: Molerat/ : Squeek!
[03:30:06]SAY: Mutant/ : HMPH!
[03:30:06]SAY: Molerat/ : Squeek
[03:30:06]SAY: Molerat/ : Squeek
[03:30:06]SAY: Molerat/ : Squeek
[03:30:06]GAME: Radiation pulse with size (1, 4) and severity 40 in area Custodial Closet 
[03:30:08]SAY: Molerat/ : Squeek, i say
[03:30:08]SAY: Molerat/ : Squeek!
[03:30:08]SAY: Molerat/ : Squeek, i say
[03:30:08]SAY: Molerat/ : Squeek!
[03:30:08]SAY: Mutant/ : NNNNNGH!
[03:30:08]SAY: Molerat/ : Squeek, i say
[03:30:10]SAY: Mutant/ : NNNNNGH!
[03:30:10]SAY: Molerat/ : Squeek!
[03:30:10]SAY: Molerat/ : Squeek!
[03:30:10]SAY: Mutant/ : ARRRRR!
[03:30:10]SAY: Molerat/ : Squeek!
[03:30:12]SAY: Molerat/ : Squeek!
[03:30:12]SAY: Molerat/ : Squeek, i say
[03:30:12]SAY: Mutant/ : GRRRRRR!
[03:30:12]SAY: Molerat/ : Squeek
[03:30:12]SAY: Molerat/ : Squeek, i say
[03:30:12]SAY: Molerat/ : Squeek!
[03:30:12]SAY: Molerat/ : Squeek!
[03:30:14]SAY: Molerat/ : Squeek
[03:30:14]SAY: Mutant/ : ARGH!
[03:30:14]SAY: Molerat/ : Squeek
[03:30:14]SAY: Molerat/ : Squeek!
[03:30:14]SAY: Molerat/ : Squeek!
[03:30:14]SAY: Molerat/ : Squeek!
[03:30:14]SAY: Molerat/ : Squeek
[03:30:14]SAY: Molerat/ : Squeek!
[03:30:14]SAY: Molerat/ : Squeek
[03:30:14]GAME: Radiation pulse with size (1, 4) and severity 40 in area Custodial Closet 
[03:30:16]SAY: Molerat/ : Squeek
[03:30:16]SAY: Mutant/ : ARGH!
[03:30:16]SAY: Molerat/ : Squeek
[03:30:16]SAY: Molerat/ : Squeek
[03:30:16]SAY: Mutant/ : ARGH!
[03:30:16]SAY: Molerat/ : Squeek
[03:30:16]SAY: Molerat/ : Squeek!
[03:30:16]SAY: Molerat/ : Squeek
[03:30:16]SAY: Mutant/ : NNNNNGH!
[03:30:16]SAY: Molerat/ : Squeek
[03:30:16]SAY: Molerat/ : Squeek
[03:30:16]SAY: Molerat/ : Squeek, i say
[03:30:16]SAY: Molerat/ : Squeek!
[03:30:18]SAY: Molerat/ : Squeek!
[03:30:18]SAY: Molerat/ : Squeek!
[03:30:18]SAY: Mutant/ : HMPH!
[03:30:18]SAY: Molerat/ : Squeek
[03:30:18]SAY: Molerat/ : Squeek
[03:30:18]SAY: Molerat/ : Squeek
[03:30:18]SAY: Molerat/ : Squeek!
[03:30:18]SAY: Molerat/ : Squeek!
[03:30:20]SAY: Molerat/ : Squeek!
[03:30:20]SAY: Molerat/ : Squeek!
[03:30:20]SAY: Molerat/ : Squeek
[03:30:20]SAY: Molerat/ : Squeek
[03:30:20]SAY: Molerat/ : Squeek, i say
[03:30:20]SAY: Mutant/ : ARGH!
[03:30:20]SAY: Molerat/ : Squeek, i say
[03:30:20]SAY: Molerat/ : Squeek
[03:30:20]SAY: Molerat/ : Squeek, i say
[03:30:20]SAY: Molerat/ : Squeek!
[03:30:20]SAY: Molerat/ : Squeek!
[03:30:20]SAY: Molerat/ : Squeek
[03:30:22]GAME: SQL ERROR obtaining reason from watch table. Error : [not connected]

[03:30:22]SAY: Molerat/ : Squeek!
[03:30:22]SAY: Molerat/ : Squeek
[03:30:22]SAY: Molerat/ : Squeek
[03:30:22]SAY: Molerat/ : Squeek
[03:30:22]SAY: Molerat/ : Squeek!
[03:30:22]SAY: Molerat/ : Squeek
[03:30:22]SAY: Molerat/ : Squeek!
[03:30:22]SAY: Molerat/ : Squeek
[03:30:22]SAY: brahmin/ : MOOOOOO
[03:30:22]SAY: Molerat/ : Squeek
[03:30:22]GAME: Radiation pulse with size (1, 4) and severity 40 in area Custodial Closet 
[03:30:23]ADMIN: PahomLancer/(Griffin Whiteman) healed / Revived PahomLancer/(Griffin Whiteman)
[03:30:24]SAY: Molerat/ : Squeek, i say
[03:30:24]SAY: Mutant/ : NNNNNGH!
[03:30:24]SAY: Molerat/ : Squeek!
[03:30:24]SAY: Molerat/ : Squeek!
[03:30:24]SAY: Molerat/ : Squeek
[03:30:24]SAY: Molerat/ : Squeek, i say
[03:30:24]SAY: Molerat/ : Squeek
[03:30:24]SAY: Mutant/ : GRRRRRR!
[03:30:24]SAY: Mutant/ : ARRRRR!
[03:30:24]SAY: Mutant/ : ARGH!
[03:30:26]SAY: Molerat/ : Squeek!
[03:30:26]SAY: Molerat/ : Squeek
[03:30:26]SAY: Molerat/ : Squeek!
[03:30:26]SAY: Mutant/ : ARGH!
[03:30:26]SAY: Mutant/ : ARGH!
[03:30:26]SAY: Molerat/ : Squeek!
[03:30:28]SAY: Molerat/ : Squeek!
[03:30:28]SAY: Molerat/ : Squeek, i say
[03:30:28]SAY: Molerat/ : Squeek!
[03:30:28]SAY: Molerat/ : Squeek
[03:30:28]SAY: Molerat/ : Squeek!
[03:30:28]SAY: Molerat/ : Squeek!
[03:30:28]SAY: Mutant/ : NNNNNGH!
[03:30:28]SAY: Molerat/ : Squeek!
[03:30:28]SAY: Molerat/ : Squeek!
[03:30:28]SAY: Molerat/ : Squeek!
[03:30:28]SAY: Mutant/ : HMPH!
[03:30:28]SAY: Molerat/ : Squeek
[03:30:28]SAY: Molerat/ : Squeek!
[03:30:30]SAY: Molerat/ : Squeek
[03:30:30]SAY: Molerat/ : Squeek, i say
[03:30:30]SAY: Molerat/ : Squeek
[03:30:30]SAY: Molerat/ : Squeek!
[03:30:30]SAY: Molerat/ : Squeek, i say
[03:30:30]SAY: Mutant/ : HMPH!
[03:30:30]SAY: Mutant/ : ARRRRR!
[03:30:30]SAY: Mutant/ : ARGH!
[03:30:31]SAY: Molerat/ : Squeek, i say
[03:30:31]SAY: Molerat/ : Squeek!
[03:30:31]GAME: Radiation pulse with size (1, 4) and severity 40 in area Custodial Closet 
[03:30:32]SAY: Mutant/ : HMPH!
[03:30:32]SAY: Molerat/ : Squeek
[03:30:32]SAY: Molerat/ : Squeek!
[03:30:34]SAY: Molerat/ : Squeek
[03:30:34]SAY: Molerat/ : Squeek
[03:30:34]SAY: Molerat/ : Squeek
[03:30:34]SAY: Molerat/ : Squeek!
[03:30:34]SAY: Molerat/ : Squeek
[03:30:34]SAY: Molerat/ : Squeek
[03:30:34]SAY: Molerat/ : Squeek!
[03:30:34]SAY: Mutant/ : ARRRRR!
[03:30:34]SAY: Mutant/ : NNNNNGH!
[03:30:34]SAY: Molerat/ : Squeek
[03:30:34]SAY: Molerat/ : Squeek!
[03:30:34]SAY: Molerat/ : Squeek!
[03:30:36]SAY: Molerat/ : Squeek
[03:30:36]SAY: Molerat/ : Squeek, i say
[03:30:36]SAY: Molerat/ : Squeek
[03:30:36]SAY: Molerat/ : Squeek
[03:30:37]SAY: Molerat/ : Squeek
[03:30:37]SAY: Molerat/ : Squeek!
[03:30:38]SAY: Molerat/ : Squeek
[03:30:38]SAY: Molerat/ : Squeek!
[03:30:38]SAY: Molerat/ : Squeek
[03:30:38]SAY: Molerat/ : Squeek
[03:30:38]SAY: Molerat/ : Squeek!
[03:30:38]SAY: Molerat/ : Squeek
[03:30:39]EMOTE: rad scorpion (28)/ : <B>The rad scorpion (28)</B> chitters
[03:30:39]SAY: Molerat/ : Squeek, i say
[03:30:39]GAME: Radiation pulse with size (1, 4) and severity 40 in area Custodial Closet 
[03:30:40]SAY: Molerat/ : Squeek
[03:30:40]SAY: Molerat/ : Squeek!
[03:30:40]SAY: Molerat/ : Squeek
[03:30:40]SAY: Molerat/ : Squeek
[03:30:40]SAY: Mutant/ : NNNNNGH!
[03:30:40]SAY: Molerat/ : Squeek
[03:30:40]SAY: Molerat/ : Squeek!
[03:30:41]SAY: Molerat/ : Squeek
[03:30:41]SAY: Molerat/ : Squeek, i say
[03:30:41]SAY: Molerat/ : Squeek, i say
[03:30:42]SAY: Molerat/ : Squeek
[03:30:42]SAY: Molerat/ : Squeek, i say
[03:30:42]SAY: Molerat/ : Squeek!
[03:30:43]SAY: Mutant/ : GRRRRRR!
[03:30:43]SAY: Molerat/ : Squeek!
[03:30:43]SAY: Molerat/ : Squeek!
[03:30:43]SAY: Molerat/ : Squeek
[03:30:44]SAY: Molerat/ : Squeek!
[03:30:44]SAY: Mutant/ : NNNNNGH!
[03:30:44]SAY: Molerat/ : Squeek
[03:30:44]SAY: Molerat/ : Squeek!
[03:30:44]SAY: Molerat/ : Squeek!
[03:30:44]SAY: mouse/ : Squeek?
[03:30:45]SAY: Mutant/ : NNNNNGH!
[03:30:45]SAY: Molerat/ : Squeek
[03:30:45]SAY: Molerat/ : Squeek
[03:30:46]SAY: Molerat/ : Squeek
[03:30:46]SAY: Molerat/ : Squeek
[03:30:46]SAY: Mutant/ : NNNNNGH!
[03:30:46]SAY: Molerat/ : Squeek!
[03:30:46]SAY: Molerat/ : Squeek
[03:30:46]SAY: Molerat/ : Squeek
[03:30:46]SAY: Molerat/ : Squeek!
[03:30:46]SAY: Molerat/ : Squeek
[03:30:47]SAY: Mutant/ : NNNNNGH!
[03:30:47]SAY: Mutant/ : GRRRRRR!
[03:30:47]SAY: Molerat/ : Squeek
[03:30:47]GAME: Radiation pulse with size (1, 4) and severity 40 in area Custodial Closet 
[03:30:48]SAY: Molerat/ : Squeek!
[03:30:48]SAY: Molerat/ : Squeek!
[03:30:48]SAY: Molerat/ : Squeek
[03:30:48]SAY: Molerat/ : Squeek, i say
[03:30:48]SAY: Molerat/ : Squeek
[03:30:48]SAY: Molerat/ : Squeek!
[03:30:48]SAY: Molerat/ : Squeek!
[03:30:49]SAY: Molerat/ : Squeek
[03:30:49]SAY: Molerat/ : Squeek!
[03:30:49]SAY: Mutant/ : HMPH!
[03:30:49]SAY: Molerat/ : Squeek
[03:30:49]SAY: Molerat/ : Squeek!
[03:30:49]SAY: Molerat/ : Squeek!
[03:30:50]SAY: Molerat/ : Squeek!
[03:30:50]SAY: Molerat/ : Squeek
[03:30:51]SAY: Molerat/ : Squeek!
[03:30:51]SAY: Molerat/ : Squeek
[03:30:51]SAY: Molerat/ : Squeek, i say
[03:30:51]SAY: Molerat/ : Squeek!
[03:30:51]SAY: Mutant/ : HMPH!
[03:30:51]SAY: Molerat/ : Squeek!
[03:30:51]SAY: Molerat/ : Squeek
[03:30:53]SAY: Mutant/ : GRRRRRR!
[03:30:53]SAY: Molerat/ : Squeek!
[03:30:53]SAY: Molerat/ : Squeek, i say
[03:30:53]SAY: Molerat/ : Squeek
[03:30:55]SAY: Molerat/ : Squeek!
[03:30:55]SAY: Mutant/ : GRRRRRR!
[03:30:55]SAY: Molerat/ : Squeek
[03:30:55]SAY: Molerat/ : Squeek
[03:30:55]SAY: Molerat/ : Squeek, i say
[03:30:55]SAY: Molerat/ : Squeek!
[03:30:55]SAY: Molerat/ : Squeek!
[03:30:55]SAY: Molerat/ : Squeek!
[03:30:55]EMOTE: giant spider (801)/ : <B>The giant spider (801)</B> chitters
[03:30:55]GAME: Radiation pulse with size (1, 4) and severity 40 in area Custodial Closet 
[03:30:57]SAY: Molerat/ : Squeek
[03:30:57]SAY: Molerat/ : Squeek, i say
[03:30:57]SAY: Molerat/ : Squeek
[03:30:57]SAY: Mutant/ : ARGH!
[03:30:57]SAY: Molerat/ : Squeek
[03:30:57]SAY: Mutant/ : NNNNNGH!
[03:30:57]SAY: Molerat/ : Squeek
[03:30:57]SAY: Molerat/ : Squeek, i say
[03:30:57]SAY: Mutant/ : NNNNNGH!
[03:30:57]SAY: Molerat/ : Squeek!
[03:30:57]SAY: Molerat/ : Squeek, i say
[03:30:59]SAY: Molerat/ : Squeek
[03:30:59]SAY: Molerat/ : Squeek
[03:30:59]SAY: Molerat/ : Squeek
[03:30:59]SAY: Mutant/ : ARRRRR!
[03:30:59]SAY: Molerat/ : Squeek
[03:30:59]SAY: Molerat/ : Squeek
[03:30:59]SAY: Molerat/ : Squeek, i say
[03:30:59]SAY: Mutant/ : NNNNNGH!
[03:30:59]SAY: Molerat/ : Squeek
[03:30:59]SAY: Molerat/ : Squeek, i say
[03:30:59]SAY: Molerat/ : Squeek
[03:31:01]SAY: Molerat/ : Squeek
[03:31:01]SAY: Molerat/ : Squeek
[03:31:01]SAY: Molerat/ : Squeek
[03:31:01]SAY: Molerat/ : Squeek, i say
[03:31:01]SAY: Mutant/ : NNNNNGH!
[03:31:01]SAY: Molerat/ : Squeek!
[03:31:01]SAY: Molerat/ : Squeek
[03:31:01]SAY: Mutant/ : ARGH!
[03:31:01]SAY: Mutant/ : GRRRRRR!
[03:31:01]SAY: Molerat/ : Squeek!
[03:31:01]SAY: Molerat/ : Squeek
[03:31:01]SAY: Molerat/ : Squeek
[03:31:03]SAY: Molerat/ : Squeek, i say
[03:31:03]SAY: Molerat/ : Squeek, i say
[03:31:03]SAY: Molerat/ : Squeek, i say
[03:31:03]SAY: Molerat/ : Squeek
[03:31:03]SAY: Molerat/ : Squeek
[03:31:03]SAY: Molerat/ : Squeek
[03:31:03]SAY: Molerat/ : Squeek
[03:31:03]SAY: Molerat/ : Squeek
[03:31:03]SAY: Molerat/ : Squeek, i say
[03:31:03]SAY: Molerat/ : Squeek!
[03:31:03]SAY: Molerat/ : Squeek
[03:31:03]SAY: Molerat/ : Squeek
[03:31:03]GAME: Radiation pulse with size (1, 4) and severity 40 in area Custodial Closet 
[03:31:05]SAY: Molerat/ : Squeek!
[03:31:05]SAY: Molerat/ : Squeek!
[03:31:05]SAY: Molerat/ : Squeek
[03:31:05]SAY: Molerat/ : Squeek, i say
[03:31:05]SAY: Molerat/ : Squeek
[03:31:05]SAY: Molerat/ : Squeek
[03:31:05]SAY: Molerat/ : Squeek!
[03:31:05]SAY: Molerat/ : Squeek
[03:31:05]SAY: Molerat/ : Squeek!
[03:31:05]SAY: Molerat/ : Squeek
[03:31:07]SAY: Molerat/ : Squeek
[03:31:07]SAY: Molerat/ : Squeek
[03:31:07]SAY: Molerat/ : Squeek
[03:31:07]SAY: Molerat/ : Squeek
[03:31:07]SAY: Mutant/ : NNNNNGH!
[03:31:07]SAY: Molerat/ : Squeek
[03:31:07]SAY: Molerat/ : Squeek, i say
[03:31:07]SAY: Molerat/ : Squeek, i say
[03:31:09]SAY: Molerat/ : Squeek
[03:31:09]SAY: Molerat/ : Squeek!
[03:31:09]SAY: Molerat/ : Squeek
[03:31:09]SAY: Molerat/ : Squeek
[03:31:09]SAY: Molerat/ : Squeek!
[03:31:09]SAY: Molerat/ : Squeek!
[03:31:09]SAY: Mutant/ : HMPH!
[03:31:09]SAY: Molerat/ : Squeek!
[03:31:09]SAY: Molerat/ : Squeek
[03:31:09]GAME: Radiation pulse with size (1, 4) and severity 40 in area Custodial Closet 
[03:31:11]SAY: Molerat/ : Squeek!
[03:31:11]SAY: Molerat/ : Squeek
[03:31:11]SAY: Molerat/ : Squeek, i say
[03:31:11]SAY: Molerat/ : Squeek
[03:31:11]SAY: Molerat/ : Squeek, i say
[03:31:11]SAY: Mutant/ : NNNNNGH!
[03:31:11]SAY: Molerat/ : Squeek!
[03:31:11]SAY: Mutant/ : NNNNNGH!
[03:31:11]SAY: Mutant/ : NNNNNGH!
[03:31:11]SAY: Molerat/ : Squeek
[03:31:11]SAY: Molerat/ : Squeek
[03:31:11]SAY: Molerat/ : Squeek!
[03:31:11]GAME: SQL ERROR obtaining reason from watch table. Error : [not connected]

[03:31:12]ADMIN: PahomLancer/(Griffin Whiteman) healed / Revived PahomLancer/(Griffin Whiteman)
[03:31:13]SAY: Mutant/ : GRRRRRR!
[03:31:13]SAY: Molerat/ : Squeek, i say
[03:31:13]SAY: Molerat/ : Squeek
[03:31:13]SAY: Mutant/ : GRRRRRR!
[03:31:13]SAY: Molerat/ : Squeek!
[03:31:13]SAY: Molerat/ : Squeek!
[03:31:13]SAY: Mutant/ : HMPH!
[03:31:13]SAY: Molerat/ : Squeek, i say
[03:31:13]SAY: Molerat/ : Squeek!
[03:31:15]SAY: Molerat/ : Squeek
[03:31:15]SAY: Molerat/ : Squeek!
[03:31:15]SAY: Molerat/ : Squeek
[03:31:15]SAY: Mutant/ : GRRRRRR!
[03:31:15]SAY: Mutant/ : ARRRRR!
[03:31:15]SAY: Molerat/ : Squeek, i say
[03:31:15]SAY: Molerat/ : Squeek!
[03:31:15]SAY: Molerat/ : Squeek
[03:31:17]SAY: Molerat/ : Squeek!
[03:31:17]SAY: Molerat/ : Squeek
[03:31:17]SAY: Molerat/ : Squeek, i say
[03:31:17]SAY: Molerat/ : Squeek
[03:31:17]SAY: Molerat/ : Squeek
[03:31:17]SAY: Molerat/ : Squeek, i say
[03:31:17]GAME: Radiation pulse with size (1, 4) and severity 40 in area Custodial Closet 
[03:31:19]SAY: Mutant/ : ARRRRR!
[03:31:19]SAY: Molerat/ : Squeek
[03:31:19]SAY: Molerat/ : Squeek
[03:31:19]SAY: Molerat/ : Squeek
[03:31:19]SAY: Mutant/ : NNNNNGH!
[03:31:19]SAY: Molerat/ : Squeek!
[03:31:19]SAY: Molerat/ : Squeek!
[03:31:21]SAY: Molerat/ : Squeek!
[03:31:21]SAY: Molerat/ : Squeek, i say
[03:31:21]SAY: Mutant/ : GRRRRRR!
[03:31:21]SAY: Molerat/ : Squeek!
[03:31:21]SAY: Molerat/ : Squeek!
[03:31:23]SAY: Molerat/ : Squeek!
[03:31:23]SAY: Molerat/ : Squeek
[03:31:23]SAY: Mutant/ : GRRRRRR!
[03:31:23]SAY: Molerat/ : Squeek!
[03:31:23]SAY: Molerat/ : Squeek
[03:31:23]SAY: Molerat/ : Squeek
[03:31:23]SAY: Molerat/ : Squeek
[03:31:23]SAY: Molerat/ : Squeek
[03:31:23]EMOTE: rad scorpion (28)/ : <B>The rad scorpion (28)</B> chitters
[03:31:23]SAY: Molerat/ : Squeek!
[03:31:25]SAY: Molerat/ : Squeek, i say
[03:31:25]SAY: Molerat/ : Squeek!
[03:31:25]SAY: Molerat/ : Squeek, i say
[03:31:25]SAY: Molerat/ : Squeek
[03:31:25]SAY: Molerat/ : Squeek
[03:31:25]SAY: Molerat/ : Squeek!
[03:31:25]SAY: Molerat/ : Squeek
[03:31:25]SAY: Molerat/ : Squeek
[03:31:25]SAY: Molerat/ : Squeek, i say
[03:31:25]SAY: Molerat/ : Squeek, i say
[03:31:25]SAY: Mutant/ : ARRRRR!
[03:31:25]SAY: Mutant/ : NNNNNGH!
[03:31:25]SAY: Molerat/ : Squeek, i say
[03:31:25]SAY: Molerat/ : Squeek
[03:31:25]SAY: brahmin/ : MOOOOOO
[03:31:25]SAY: Molerat/ : Squeek
[03:31:25]GAME: Radiation pulse with size (1, 4) and severity 40 in area Custodial Closet 
[03:31:27]SAY: Molerat/ : Squeek
[03:31:27]SAY: Molerat/ : Squeek!
[03:31:27]SAY: Molerat/ : Squeek!
[03:31:27]SAY: Mutant/ : HMPH!
[03:31:27]SAY: Molerat/ : Squeek
[03:31:27]SAY: Molerat/ : Squeek
[03:31:27]SAY: Mutant/ : HMPH!
[03:31:27]EMOTE: brahmin/ : <B>The brahmin</B> brays.
[03:31:27]SAY: Molerat/ : Squeek!
[03:31:27]SAY: Molerat/ : Squeek!
[03:31:27]SAY: Molerat/ : Squeek
[03:31:29]SAY: Molerat/ : Squeek!
[03:31:29]SAY: Molerat/ : Squeek!
[03:31:29]SAY: Molerat/ : Squeek!
[03:31:29]SAY: Molerat/ : Squeek
[03:31:29]SAY: Molerat/ : Squeek
[03:31:29]SAY: Molerat/ : Squeek
[03:31:29]SAY: Mutant/ : HMPH!
[03:31:29]SAY: Mutant/ : ARGH!
[03:31:29]SAY: Molerat/ : Squeek!
[03:31:29]SAY: Molerat/ : Squeek!
[03:31:31]SAY: Molerat/ : Squeek, i say
[03:31:31]SAY: Molerat/ : Squeek
[03:31:31]SAY: Molerat/ : Squeek
[03:31:31]SAY: Mutant/ : NNNNNGH!
[03:31:31]SAY: Mutant/ : ARGH!
[03:31:33]SAY: Molerat/ : Squeek!
[03:31:33]SAY: Molerat/ : Squeek!
[03:31:33]SAY: Molerat/ : Squeek!
[03:31:33]GAME: Radiation pulse with size (1, 4) and severity 40 in area Custodial Closet 
[03:31:35]SAY: Mutant/ : NNNNNGH!
[03:31:35]SAY: Molerat/ : Squeek
[03:31:35]SAY: Molerat/ : Squeek!
[03:31:35]SAY: Molerat/ : Squeek!
[03:31:35]SAY: Molerat/ : Squeek!
[03:31:35]SAY: Molerat/ : Squeek!
[03:31:35]EMOTE: mouse/ : <B>The mouse</B> runs in a circle.
[03:31:35]SAY: Molerat/ : Squeek, i say
[03:31:37]SAY: Molerat/ : Squeek!
[03:31:37]SAY: Molerat/ : Squeek!
[03:31:37]SAY: Molerat/ : Squeek
[03:31:37]SAY: Molerat/ : Squeek!
[03:31:37]SAY: Molerat/ : Squeek!
[03:31:37]SAY: Molerat/ : Squeek!
[03:31:37]SAY: Molerat/ : Squeek, i say
[03:31:37]SAY: Molerat/ : Squeek, i say
[03:31:37]SAY: Molerat/ : Squeek, i say
[03:31:37]SAY: Mutant/ : ARGH!
[03:31:37]SAY: Molerat/ : Squeek
[03:31:37]SAY: Molerat/ : Squeek
[03:31:39]SAY: Molerat/ : Squeek!
[03:31:39]SAY: Molerat/ : Squeek!
[03:31:39]SAY: Molerat/ : Squeek!
[03:31:39]SAY: Molerat/ : Squeek
[03:31:39]SAY: Molerat/ : Squeek
[03:31:39]SAY: Mutant/ : GRRRRRR!
[03:31:39]SAY: Molerat/ : Squeek
[03:31:39]SAY: Molerat/ : Squeek
[03:31:41]SAY: Molerat/ : Squeek, i say
[03:31:41]SAY: Molerat/ : Squeek!
[03:31:41]SAY: Molerat/ : Squeek, i say
[03:31:41]SAY: Molerat/ : Squeek!
[03:31:41]SAY: Mutant/ : NNNNNGH!
[03:31:41]SAY: Molerat/ : Squeek
[03:31:41]SAY: Molerat/ : Squeek!
[03:31:41]SAY: Molerat/ : Squeek, i say
[03:31:41]GAME: Radiation pulse with size (1, 4) and severity 40 in area Custodial Closet 
[03:31:43]SAY: Molerat/ : Squeek
[03:31:43]SAY: Molerat/ : Squeek
[03:31:43]SAY: Molerat/ : Squeek, i say
[03:31:43]SAY: Molerat/ : Squeek, i say
[03:31:43]SAY: Molerat/ : Squeek!
[03:31:43]SAY: Molerat/ : Squeek
[03:31:43]SAY: Molerat/ : Squeek
[03:31:43]SAY: Molerat/ : Squeek!
[03:31:43]SAY: Mutant/ : HMPH!
[03:31:43]SAY: Mutant/ : ARRRRR!
[03:31:43]SAY: Molerat/ : Squeek
[03:31:45]SAY: Molerat/ : Squeek!
[03:31:45]SAY: Molerat/ : Squeek
[03:31:45]SAY: Molerat/ : Squeek
[03:31:45]SAY: Molerat/ : Squeek
[03:31:45]SAY: Molerat/ : Squeek
[03:31:45]SAY: Molerat/ : Squeek
[03:31:45]SAY: Mutant/ : GRRRRRR!
[03:31:45]SAY: Molerat/ : Squeek!
[03:31:45]SAY: Molerat/ : Squeek
[03:31:45]SAY: Molerat/ : Squeek, i say
[03:31:45]SAY: Molerat/ : Squeek!
[03:31:45]SAY: Molerat/ : Squeek!
[03:31:47]SAY: Molerat/ : Squeek!
[03:31:47]SAY: Molerat/ : Squeek, i say
[03:31:47]SAY: Molerat/ : Squeek
[03:31:47]SAY: Molerat/ : Squeek
[03:31:47]SAY: Molerat/ : Squeek
[03:31:47]SAY: Molerat/ : Squeek
[03:31:47]SAY: Molerat/ : Squeek
[03:31:47]SAY: Molerat/ : Squeek!
[03:31:47]SAY: Mutant/ : NNNNNGH!
[03:31:47]SAY: Molerat/ : Squeek
[03:31:47]SAY: Molerat/ : Squeek
[03:31:47]SAY: Molerat/ : Squeek
[03:31:47]SAY: Molerat/ : Squeek!
[03:31:49]SAY: Molerat/ : Squeek
[03:31:49]SAY: Molerat/ : Squeek!
[03:31:49]SAY: Molerat/ : Squeek!
[03:31:49]SAY: Mutant/ : NNNNNGH!
[03:31:49]SAY: Molerat/ : Squeek
[03:31:49]GAME: Radiation pulse with size (1, 4) and severity 40 in area Custodial Closet 
[03:31:51]SAY: Molerat/ : Squeek
[03:31:51]SAY: Molerat/ : Squeek!
[03:31:51]SAY: Molerat/ : Squeek
[03:31:51]SAY: Molerat/ : Squeek
[03:31:51]SAY: Mutant/ : ARGH!
[03:31:51]SAY: Molerat/ : Squeek
[03:31:51]SAY: Mutant/ : NNNNNGH!
[03:31:51]SAY: Molerat/ : Squeek!
[03:31:51]SAY: Molerat/ : Squeek
[03:31:53]SAY: Molerat/ : Squeek
[03:31:53]SAY: Molerat/ : Squeek!
[03:31:53]SAY: Mutant/ : HMPH!
[03:31:53]SAY: Molerat/ : Squeek
[03:31:53]SAY: Molerat/ : Squeek!
[03:31:53]SAY: Molerat/ : Squeek, i say
[03:31:53]SAY: Molerat/ : Squeek!
[03:31:53]SAY: Molerat/ : Squeek
[03:31:53]SAY: Molerat/ : Squeek
[03:31:53]SAY: Mutant/ : GRRRRRR!
[03:31:55]SAY: Mutant/ : GRRRRRR!
[03:31:55]SAY: Molerat/ : Squeek
[03:31:55]SAY: Molerat/ : Squeek
[03:31:55]SAY: Molerat/ : Squeek
[03:31:55]SAY: Molerat/ : Squeek!
[03:31:55]SAY: Molerat/ : Squeek!
[03:31:55]SAY: Molerat/ : Squeek!
[03:31:57]SAY: Molerat/ : Squeek
[03:31:57]SAY: Molerat/ : Squeek
[03:31:57]SAY: Molerat/ : Squeek
[03:31:57]SAY: Molerat/ : Squeek!
[03:31:57]SAY: Molerat/ : Squeek
[03:31:57]SAY: Molerat/ : Squeek
[03:31:57]GAME: Radiation pulse with size (1, 4) and severity 40 in area Custodial Closet 
[03:31:59]SAY: Molerat/ : Squeek
[03:31:59]SAY: Molerat/ : Squeek!
[03:31:59]SAY: Mutant/ : ARRRRR!
[03:31:59]SAY: Molerat/ : Squeek
[03:31:59]SAY: Molerat/ : Squeek
[03:31:59]SAY: mouse/ : Squeek!
[03:31:59]SAY: Mutant/ : GRRRRRR!
[03:32:01]SAY: Molerat/ : Squeek
[03:32:01]SAY: Mutant/ : NNNNNGH!
[03:32:01]SAY: Mutant/ : ARGH!
[03:32:01]SAY: Molerat/ : Squeek!
[03:32:01]SAY: Molerat/ : Squeek
[03:32:01]SAY: Molerat/ : Squeek
[03:32:01]SAY: Molerat/ : Squeek
[03:32:01]SAY: Mutant/ : GRRRRRR!
[03:32:01]SAY: Molerat/ : Squeek!
[03:32:03]SAY: Molerat/ : Squeek!
[03:32:03]SAY: Molerat/ : Squeek
[03:32:03]SAY: Molerat/ : Squeek
[03:32:03]SAY: Molerat/ : Squeek
[03:32:03]SAY: Molerat/ : Squeek!
[03:32:03]SAY: Molerat/ : Squeek!
[03:32:03]SAY: Molerat/ : Squeek
[03:32:03]SAY: Mutant/ : GRRRRRR!
[03:32:03]SAY: Mutant/ : NNNNNGH!
[03:32:03]SAY: Molerat/ : Squeek!
[03:32:03]SAY: Molerat/ : Squeek!
[03:32:03]SAY: Molerat/ : Squeek!
[03:32:03]EMOTE: giant rad scorpion (517)/ : <B>The giant rad scorpion (517)</B> chitters
[03:32:05]SAY: Molerat/ : Squeek
[03:32:05]SAY: Molerat/ : Squeek, i say
[03:32:05]SAY: Molerat/ : Squeek
[03:32:05]SAY: Molerat/ : Squeek
[03:32:05]SAY: Molerat/ : Squeek, i say
[03:32:05]SAY: Molerat/ : Squeek
[03:32:05]SAY: Molerat/ : Squeek!
[03:32:05]SAY: Mutant/ : ARRRRR!
[03:32:05]SAY: Molerat/ : Squeek
[03:32:05]GAME: Radiation pulse with size (1, 4) and severity 40 in area Custodial Closet 
[03:32:07]SAY: Molerat/ : Squeek
[03:32:07]SAY: Molerat/ : Squeek
[03:32:07]SAY: Molerat/ : Squeek
[03:32:07]SAY: Molerat/ : Squeek
[03:32:07]SAY: Molerat/ : Squeek!
[03:32:07]SAY: Molerat/ : Squeek, i say
[03:32:07]SAY: Mutant/ : HMPH!
[03:32:07]SAY: Molerat/ : Squeek, i say
[03:32:07]SAY: Mutant/ : NNNNNGH!
[03:32:07]SAY: Molerat/ : Squeek!
[03:32:07]SAY: Molerat/ : Squeek!
[03:32:07]SAY: Molerat/ : Squeek!
[03:32:07]EMOTE: giant rad scorpion (732)/ : <B>The giant rad scorpion (732)</B> chitters
[03:32:09]SAY: Molerat/ : Squeek
[03:32:09]SAY: Molerat/ : Squeek
[03:32:09]SAY: Molerat/ : Squeek
[03:32:09]SAY: Molerat/ : Squeek
[03:32:09]SAY: Molerat/ : Squeek!
[03:32:09]SAY: Molerat/ : Squeek, i say
[03:32:09]SAY: Mutant/ : HMPH!
[03:32:09]SAY: Molerat/ : Squeek
[03:32:11]SAY: Molerat/ : Squeek!
[03:32:11]SAY: Mutant/ : ARGH!
[03:32:11]SAY: Molerat/ : Squeek, i say
[03:32:11]SAY: Molerat/ : Squeek!
[03:32:11]SAY: Mutant/ : GRRRRRR!
[03:32:11]SAY: Mutant/ : NNNNNGH!
[03:32:11]SAY: Molerat/ : Squeek
[03:32:12]GAME: Radiation pulse with size (1, 4) and severity 40 in area Custodial Closet 
[03:32:13]SAY: Molerat/ : Squeek!
[03:32:13]SAY: Molerat/ : Squeek!
[03:32:13]SAY: Molerat/ : Squeek!
[03:32:13]SAY: Molerat/ : Squeek!
[03:32:13]SAY: Molerat/ : Squeek!
[03:32:13]SAY: Molerat/ : Squeek
[03:32:13]SAY: Molerat/ : Squeek!
[03:32:13]EMOTE: mouse/ : <B>The mouse</B> runs in a circle.
[03:32:13]SAY: Molerat/ : Squeek
[03:32:13]SAY: Mutant/ : ARRRRR!
[03:32:13]SAY: Molerat/ : Squeek!
[03:32:15]SAY: Mutant/ : ARGH!
[03:32:15]SAY: Molerat/ : Squeek
[03:32:15]SAY: Molerat/ : Squeek!
[03:32:15]SAY: Molerat/ : Squeek
[03:32:15]SAY: Molerat/ : Squeek
[03:32:15]SAY: Molerat/ : Squeek
[03:32:15]SAY: Molerat/ : Squeek!
[03:32:15]SAY: Mutant/ : ARRRRR!
[03:32:15]SAY: Molerat/ : Squeek!
[03:32:17]SAY: Molerat/ : Squeek
[03:32:17]SAY: Mutant/ : HMPH!
[03:32:17]SAY: Molerat/ : Squeek!
[03:32:17]SAY: Molerat/ : Squeek, i say
[03:32:17]SAY: Molerat/ : Squeek!
[03:32:17]SAY: Molerat/ : Squeek!
[03:32:17]SAY: Molerat/ : Squeek
[03:32:17]SAY: Mutant/ : HMPH!
[03:32:17]SAY: Molerat/ : Squeek!
[03:32:19]SAY: Molerat/ : Squeek
[03:32:19]SAY: Molerat/ : Squeek
[03:32:19]SAY: Mutant/ : ARRRRR!
[03:32:19]SAY: Molerat/ : Squeek
[03:32:19]SAY: Molerat/ : Squeek
[03:32:19]SAY: Mutant/ : HMPH!
[03:32:19]SAY: Mutant/ : HMPH!
[03:32:19]SAY: Mutant/ : NNNNNGH!
[03:32:19]SAY: Molerat/ : Squeek
[03:32:19]SAY: Molerat/ : Squeek!
[03:32:20]GAME: Radiation pulse with size (1, 4) and severity 40 in area Custodial Closet 
[03:32:21]SAY: Molerat/ : Squeek, i say
[03:32:21]SAY: Molerat/ : Squeek!
[03:32:21]SAY: Molerat/ : Squeek!
[03:32:21]SAY: Molerat/ : Squeek
[03:32:21]SAY: Molerat/ : Squeek!
[03:32:21]SAY: Molerat/ : Squeek
[03:32:21]SAY: Molerat/ : Squeek
[03:32:24]SAY: Molerat/ : Squeek!
[03:32:24]SAY: Molerat/ : Squeek
[03:32:24]SAY: Mutant/ : ARGH!
[03:32:24]SAY: Molerat/ : Squeek!
[03:32:24]SAY: Molerat/ : Squeek
[03:32:24]SAY: Molerat/ : Squeek, i say
[03:32:24]SAY: Molerat/ : Squeek
[03:32:24]SAY: Molerat/ : Squeek!
[03:32:24]SAY: Molerat/ : Squeek
[03:32:26]SAY: Molerat/ : Squeek
[03:32:26]SAY: Molerat/ : Squeek
[03:32:26]SAY: Molerat/ : Squeek!
[03:32:26]SAY: Molerat/ : Squeek
[03:32:26]SAY: Molerat/ : Squeek
[03:32:26]SAY: Mutant/ : NNNNNGH!
[03:32:26]SAY: Molerat/ : Squeek, i say
[03:32:26]SAY: Molerat/ : Squeek
[03:32:28]SAY: Molerat/ : Squeek!
[03:32:28]SAY: Molerat/ : Squeek, i say
[03:32:28]SAY: Molerat/ : Squeek
[03:32:28]SAY: Molerat/ : Squeek, i say
[03:32:28]SAY: Molerat/ : Squeek!
[03:32:28]SAY: Molerat/ : Squeek
[03:32:28]SAY: Molerat/ : Squeek
[03:32:28]SAY: Molerat/ : Squeek
[03:32:28]SAY: Molerat/ : Squeek, i say
[03:32:28]SAY: Mutant/ : ARGH!
[03:32:28]SAY: Molerat/ : Squeek
[03:32:28]SAY: Molerat/ : Squeek!
[03:32:28]GAME: Radiation pulse with size (1, 4) and severity 40 in area Custodial Closet 
[03:32:30]SAY: Molerat/ : Squeek!
[03:32:30]SAY: Molerat/ : Squeek!
[03:32:30]SAY: Molerat/ : Squeek!
[03:32:30]SAY: Molerat/ : Squeek
[03:32:30]SAY: Mutant/ : NNNNNGH!
[03:32:30]SAY: Mutant/ : HMPH!
[03:32:30]SAY: Mutant/ : ARRRRR!
[03:32:30]SAY: Molerat/ : Squeek!
[03:32:30]SAY: Molerat/ : Squeek
[03:32:32]SAY: Molerat/ : Squeek
[03:32:32]SAY: Molerat/ : Squeek!
[03:32:32]SAY: Molerat/ : Squeek!
[03:32:32]SAY: Molerat/ : Squeek!
[03:32:32]SAY: Molerat/ : Squeek
[03:32:32]SAY: Molerat/ : Squeek!
[03:32:32]SAY: Molerat/ : Squeek!
[03:32:32]SAY: Molerat/ : Squeek
[03:32:34]SAY: Molerat/ : Squeek!
[03:32:34]SAY: Molerat/ : Squeek
[03:32:34]SAY: Mutant/ : NNNNNGH!
[03:32:34]SAY: Molerat/ : Squeek
[03:32:34]SAY: Molerat/ : Squeek
[03:32:34]SAY: Molerat/ : Squeek
[03:32:34]SAY: Molerat/ : Squeek, i say
[03:32:34]SAY: Molerat/ : Squeek
[03:32:34]SAY: Mutant/ : ARGH!
[03:32:34]SAY: Mutant/ : ARRRRR!
[03:32:34]SAY: Molerat/ : Squeek!
[03:32:34]SAY: Mutant/ : HMPH!
[03:32:34]SAY: Molerat/ : Squeek
[03:32:34]SAY: Molerat/ : Squeek
[03:32:34]SAY: Molerat/ : Squeek
[03:32:34]EMOTE: rad scorpion (28)/ : <B>The rad scorpion (28)</B> chitters
[03:32:34]SAY: Molerat/ : Squeek
[03:32:36]SAY: Molerat/ : Squeek
[03:32:36]SAY: Molerat/ : Squeek!
[03:32:36]SAY: Molerat/ : Squeek
[03:32:36]SAY: Molerat/ : Squeek
[03:32:36]SAY: Molerat/ : Squeek, i say
[03:32:36]SAY: Molerat/ : Squeek!
[03:32:36]SAY: Molerat/ : Squeek
[03:32:36]SAY: Molerat/ : Squeek!
[03:32:36]SAY: Molerat/ : Squeek!
[03:32:36]SAY: Molerat/ : Squeek!
[03:32:36]SAY: Mutant/ : GRRRRRR!
[03:32:36]SAY: Mutant/ : GRRRRRR!
[03:32:36]SAY: Mutant/ : GRRRRRR!
[03:32:36]SAY: Molerat/ : Squeek
[03:32:36]SAY: Molerat/ : Squeek
[03:32:36]SAY: Molerat/ : Squeek
[03:32:36]EMOTE: giant spider (801)/ : <B>The giant spider (801)</B> chitters
[03:32:36]SAY: Molerat/ : Squeek!
[03:32:36]SAY: Molerat/ : Squeek
[03:32:36]GAME: Radiation pulse with size (1, 4) and severity 40 in area Custodial Closet 
[03:32:38]SAY: Molerat/ : Squeek!
[03:32:38]SAY: Molerat/ : Squeek
[03:32:38]SAY: Molerat/ : Squeek
[03:32:38]SAY: Molerat/ : Squeek, i say
[03:32:38]SAY: Molerat/ : Squeek
[03:32:38]SAY: Molerat/ : Squeek
[03:32:38]SAY: Mutant/ : ARGH!
[03:32:38]SAY: Molerat/ : Squeek!
[03:32:38]SAY: Mutant/ : GRRRRRR!
[03:32:38]SAY: Molerat/ : Squeek!
[03:32:38]SAY: Molerat/ : Squeek!
[03:32:38]SAY: Molerat/ : Squeek, i say
[03:32:40]SAY: Molerat/ : Squeek, i say
[03:32:40]SAY: Molerat/ : Squeek
[03:32:40]SAY: Molerat/ : Squeek
[03:32:40]SAY: Molerat/ : Squeek!
[03:32:40]SAY: Mutant/ : NNNNNGH!
[03:32:40]SAY: Molerat/ : Squeek!
[03:32:40]SAY: Molerat/ : Squeek!
[03:32:40]SAY: Molerat/ : Squeek
[03:32:40]SAY: Mutant/ : GRRRRRR!
[03:32:40]SAY: Mutant/ : ARGH!
[03:32:40]SAY: Mutant/ : ARRRRR!
[03:32:40]SAY: Molerat/ : Squeek
[03:32:42]SAY: Molerat/ : Squeek
[03:32:42]SAY: Molerat/ : Squeek!
[03:32:42]SAY: Molerat/ : Squeek
[03:32:42]SAY: Molerat/ : Squeek!
[03:32:42]SAY: Molerat/ : Squeek
[03:32:42]SAY: Molerat/ : Squeek!
[03:32:42]SAY: Molerat/ : Squeek!
[03:32:42]SAY: Molerat/ : Squeek!
[03:32:42]SAY: Molerat/ : Squeek
[03:32:42]SAY: Molerat/ : Squeek!
[03:32:42]SAY: Molerat/ : Squeek
[03:32:42]SAY: Molerat/ : Squeek!
[03:32:44]SAY: Molerat/ : Squeek
[03:32:44]SAY: Molerat/ : Squeek!
[03:32:44]SAY: Molerat/ : Squeek
[03:32:44]SAY: Molerat/ : Squeek
[03:32:44]SAY: Molerat/ : Squeek
[03:32:44]SAY: Molerat/ : Squeek
[03:32:44]SAY: Molerat/ : Squeek!
[03:32:44]SAY: Molerat/ : Squeek
[03:32:44]SAY: Mutant/ : NNNNNGH!
[03:32:44]SAY: Molerat/ : Squeek
[03:32:44]SAY: Molerat/ : Squeek, i say
[03:32:44]GAME: Radiation pulse with size (1, 4) and severity 40 in area Custodial Closet 
[03:32:46]SAY: Molerat/ : Squeek
[03:32:46]SAY: Mutant/ : GRRRRRR!
[03:32:46]SAY: Molerat/ : Squeek!
[03:32:46]SAY: Molerat/ : Squeek!
[03:32:46]SAY: Molerat/ : Squeek
[03:32:46]SAY: Molerat/ : Squeek
[03:32:46]SAY: Molerat/ : Squeek
[03:32:46]SAY: Molerat/ : Squeek
[03:32:46]SAY: Molerat/ : Squeek
[03:32:46]SAY: Molerat/ : Squeek!
[03:32:46]SAY: Molerat/ : Squeek, i say
[03:32:46]SAY: Molerat/ : Squeek, i say
[03:32:48]SAY: Molerat/ : Squeek
[03:32:48]SAY: Molerat/ : Squeek
[03:32:48]SAY: Molerat/ : Squeek!
[03:32:48]SAY: Molerat/ : Squeek!
[03:32:48]SAY: Molerat/ : Squeek
[03:32:48]SAY: Molerat/ : Squeek
[03:32:48]SAY: Molerat/ : Squeek
[03:32:48]SAY: Mutant/ : ARGH!
[03:32:48]SAY: Mutant/ : HMPH!
[03:32:48]SAY: Molerat/ : Squeek
[03:32:48]SAY: Molerat/ : Squeek
[03:32:50]SAY: Molerat/ : Squeek
[03:32:50]SAY: Mutant/ : HMPH!
[03:32:50]SAY: Mutant/ : ARGH!
[03:32:50]SAY: Molerat/ : Squeek
[03:32:52]SAY: Molerat/ : Squeek, i say
[03:32:52]SAY: Molerat/ : Squeek
[03:32:52]SAY: Mutant/ : HMPH!
[03:32:52]SAY: Molerat/ : Squeek!
[03:32:52]SAY: Molerat/ : Squeek!
[03:32:52]SAY: Molerat/ : Squeek
[03:32:52]SAY: Molerat/ : Squeek
[03:32:52]SAY: Molerat/ : Squeek!
[03:32:52]SAY: Molerat/ : Squeek
[03:32:52]GAME: Radiation pulse with size (1, 4) and severity 40 in area Custodial Closet 
[03:32:54]SAY: Molerat/ : Squeek!
[03:32:54]SAY: Mutant/ : NNNNNGH!
[03:32:54]SAY: Molerat/ : Squeek!
[03:32:54]SAY: Molerat/ : Squeek!
[03:32:54]SAY: mouse/ : Squeek!
[03:32:54]SAY: Molerat/ : Squeek!
[03:32:54]SAY: Molerat/ : Squeek
[03:32:54]SAY: Molerat/ : Squeek!
[03:32:56]SAY: Molerat/ : Squeek
[03:32:56]SAY: Molerat/ : Squeek
[03:32:56]SAY: Molerat/ : Squeek!
[03:32:56]SAY: Molerat/ : Squeek
[03:32:56]SAY: Molerat/ : Squeek
[03:32:56]SAY: Molerat/ : Squeek
[03:32:56]SAY: Molerat/ : Squeek, i say
[03:32:56]SAY: Molerat/ : Squeek
[03:32:56]SAY: Molerat/ : Squeek, i say
[03:32:58]SAY: Molerat/ : Squeek!
[03:32:58]SAY: Molerat/ : Squeek!
[03:32:58]SAY: Mutant/ : NNNNNGH!
[03:32:58]SAY: Molerat/ : Squeek
[03:32:58]SAY: Molerat/ : Squeek
[03:33:00]SAY: Molerat/ : Squeek!
[03:33:00]SAY: Molerat/ : Squeek!
[03:33:00]SAY: Molerat/ : Squeek
[03:33:00]SAY: Molerat/ : Squeek
[03:33:00]SAY: Molerat/ : Squeek!
[03:33:00]SAY: Molerat/ : Squeek!
[03:33:00]SAY: Molerat/ : Squeek
[03:33:00]GAME: Radiation pulse with size (1, 4) and severity 40 in area Custodial Closet 
[03:33:02]SAY: Molerat/ : Squeek
[03:33:02]SAY: Molerat/ : Squeek!
[03:33:02]SAY: Molerat/ : Squeek!
[03:33:02]SAY: Molerat/ : Squeek!
[03:33:02]SAY: Molerat/ : Squeek
[03:33:02]SAY: Molerat/ : Squeek
[03:33:02]SAY: Mutant/ : NNNNNGH!
[03:33:02]SAY: Molerat/ : Squeek
[03:33:02]SAY: Molerat/ : Squeek!
[03:33:02]EMOTE: giant rad scorpion (517)/ : <B>The giant rad scorpion (517)</B> chitters
[03:33:04]SAY: Molerat/ : Squeek, i say
[03:33:04]SAY: Molerat/ : Squeek
[03:33:04]SAY: Molerat/ : Squeek, i say
[03:33:04]SAY: Molerat/ : Squeek
[03:33:04]SAY: Molerat/ : Squeek
[03:33:04]SAY: Molerat/ : Squeek!
[03:33:04]SAY: Molerat/ : Squeek!
[03:33:04]SAY: Mutant/ : NNNNNGH!
[03:33:04]SAY: Molerat/ : Squeek, i say
[03:33:04]SAY: Molerat/ : Squeek, i say
[03:33:06]SAY: Molerat/ : Squeek!
[03:33:06]SAY: Mutant/ : NNNNNGH!
[03:33:06]SAY: Molerat/ : Squeek
[03:33:06]SAY: Molerat/ : Squeek!
[03:33:06]SAY: Molerat/ : Squeek, i say
[03:33:06]SAY: Molerat/ : Squeek, i say
[03:33:06]SAY: Molerat/ : Squeek!
[03:33:06]SAY: Molerat/ : Squeek
[03:33:06]SAY: Molerat/ : Squeek
[03:33:06]SAY: Mutant/ : NNNNNGH!
[03:33:06]SAY: Molerat/ : Squeek
[03:33:06]SAY: Molerat/ : Squeek
[03:33:06]SAY: Molerat/ : Squeek
[03:33:06]SAY: Molerat/ : Squeek!
[03:33:08]SAY: Molerat/ : Squeek
[03:33:08]SAY: Molerat/ : Squeek!
[03:33:08]SAY: Molerat/ : Squeek, i say
[03:33:08]SAY: Molerat/ : Squeek
[03:33:08]SAY: Molerat/ : Squeek!
[03:33:08]SAY: Molerat/ : Squeek
[03:33:08]SAY: Molerat/ : Squeek, i say
[03:33:08]SAY: Molerat/ : Squeek
[03:33:08]EMOTE: brahmin/ : <B>The brahmin</B> brays.
[03:33:08]GAME: Radiation pulse with size (1, 4) and severity 40 in area Custodial Closet 
[03:33:10]SAY: Molerat/ : Squeek
[03:33:10]SAY: Molerat/ : Squeek!
[03:33:10]SAY: Molerat/ : Squeek
[03:33:10]SAY: Molerat/ : Squeek!
[03:33:10]SAY: Molerat/ : Squeek
[03:33:10]SAY: Molerat/ : Squeek
[03:33:10]SAY: Mutant/ : NNNNNGH!
[03:33:10]SAY: Molerat/ : Squeek
[03:33:10]SAY: Molerat/ : Squeek, i say
[03:33:10]SAY: Molerat/ : Squeek
[03:33:10]SAY: Molerat/ : Squeek
[03:33:12]SAY: Molerat/ : Squeek!
[03:33:12]SAY: Molerat/ : Squeek!
[03:33:12]SAY: Molerat/ : Squeek
[03:33:12]SAY: Molerat/ : Squeek!
[03:33:12]SAY: Molerat/ : Squeek!
[03:33:12]SAY: Molerat/ : Squeek, i say
[03:33:12]SAY: Molerat/ : Squeek
[03:33:12]SAY: Mutant/ : HMPH!
[03:33:12]SAY: Molerat/ : Squeek
[03:33:12]SAY: Molerat/ : Squeek!
[03:33:14]SAY: Molerat/ : Squeek
[03:33:14]SAY: Molerat/ : Squeek!
[03:33:14]SAY: Molerat/ : Squeek
[03:33:14]SAY: Molerat/ : Squeek
[03:33:14]SAY: Molerat/ : Squeek
[03:33:14]EMOTE: giant rad scorpion (289)/ : <B>The giant rad scorpion (289)</B> chitters
[03:33:14]GAME: Radiation pulse with size (1, 4) and severity 40 in area Custodial Closet 
[03:33:16]SAY: Molerat/ : Squeek
[03:33:16]SAY: Mutant/ : NNNNNGH!
[03:33:16]SAY: Molerat/ : Squeek
[03:33:16]SAY: Molerat/ : Squeek
[03:33:16]SAY: Molerat/ : Squeek!
[03:33:16]SAY: Molerat/ : Squeek!
[03:33:16]SAY: Molerat/ : Squeek
[03:33:16]SAY: Molerat/ : Squeek!
[03:33:16]SAY: Molerat/ : Squeek!
[03:33:16]SAY: Molerat/ : Squeek
[03:33:18]SAY: Mutant/ : GRRRRRR!
[03:33:18]SAY: Molerat/ : Squeek
[03:33:18]SAY: Mutant/ : NNNNNGH!
[03:33:18]SAY: Mutant/ : NNNNNGH!
[03:33:18]SAY: Molerat/ : Squeek!
[03:33:18]SAY: Molerat/ : Squeek
[03:33:18]SAY: Molerat/ : Squeek, i say
[03:33:18]SAY: Molerat/ : Squeek
[03:33:18]SAY: Molerat/ : Squeek, i say
[03:33:18]SAY: Molerat/ : Squeek!
[03:33:20]SAY: Molerat/ : Squeek!
[03:33:20]SAY: Molerat/ : Squeek!
[03:33:20]SAY: Molerat/ : Squeek
[03:33:20]SAY: brahmin/ : MOOOOOO
[03:33:20]SAY: Molerat/ : Squeek!
[03:33:20]SAY: Molerat/ : Squeek
[03:33:22]SAY: Molerat/ : Squeek, i say
[03:33:22]SAY: Molerat/ : Squeek
[03:33:22]SAY: Mutant/ : NNNNNGH!
[03:33:22]SAY: Molerat/ : Squeek
[03:33:22]SAY: Molerat/ : Squeek!
[03:33:22]SAY: Molerat/ : Squeek!
[03:33:22]SAY: Molerat/ : Squeek
[03:33:22]SAY: Molerat/ : Squeek!
[03:33:22]SAY: Mutant/ : GRRRRRR!
[03:33:22]SAY: Molerat/ : Squeek
[03:33:22]SAY: Molerat/ : Squeek
[03:33:22]GAME: Radiation pulse with size (1, 4) and severity 40 in area Custodial Closet 
[03:33:24]SAY: Molerat/ : Squeek!
[03:33:24]SAY: Molerat/ : Squeek
[03:33:24]SAY: Mutant/ : NNNNNGH!
[03:33:24]SAY: Molerat/ : Squeek, i say
[03:33:24]SAY: Molerat/ : Squeek
[03:33:24]SAY: Molerat/ : Squeek
[03:33:24]EMOTE: giant rad scorpion (517)/ : <B>The giant rad scorpion (517)</B> chitters
[03:33:26]SAY: Molerat/ : Squeek
[03:33:26]SAY: Mutant/ : HMPH!
[03:33:26]SAY: Molerat/ : Squeek!
[03:33:26]SAY: Molerat/ : Squeek!
[03:33:26]SAY: Mutant/ : NNNNNGH!
[03:33:26]SAY: Mutant/ : GRRRRRR!
[03:33:26]SAY: Molerat/ : Squeek
[03:33:28]SAY: Molerat/ : Squeek
[03:33:28]SAY: Molerat/ : Squeek
[03:33:28]SAY: Molerat/ : Squeek, i say
[03:33:28]SAY: Molerat/ : Squeek!
[03:33:28]SAY: Molerat/ : Squeek
[03:33:28]SAY: Mutant/ : GRRRRRR!
[03:33:28]SAY: Molerat/ : Squeek, i say
[03:33:28]SAY: Molerat/ : Squeek!
[03:33:28]SAY: Molerat/ : Squeek!
[03:33:30]SAY: Molerat/ : Squeek!
[03:33:30]SAY: Molerat/ : Squeek, i say
[03:33:30]SAY: Mutant/ : HMPH!
[03:33:30]SAY: Molerat/ : Squeek
[03:33:30]SAY: Molerat/ : Squeek, i say
[03:33:30]SAY: Molerat/ : Squeek!
[03:33:30]EMOTE: brahmin/ : <B>The brahmin</B> brays.
[03:33:30]GAME: Radiation pulse with size (1, 4) and severity 40 in area Custodial Closet 
[03:33:32]SAY: Molerat/ : Squeek, i say
[03:33:32]SAY: Molerat/ : Squeek
[03:33:32]SAY: Molerat/ : Squeek, i say
[03:33:32]SAY: Molerat/ : Squeek
[03:33:32]SAY: Molerat/ : Squeek, i say
[03:33:32]SAY: Molerat/ : Squeek!
[03:33:32]SAY: Molerat/ : Squeek
[03:33:32]SAY: Molerat/ : Squeek!
[03:33:32]SAY: Molerat/ : Squeek
[03:33:32]SAY: Molerat/ : Squeek!
[03:33:34]SAY: Molerat/ : Squeek, i say
[03:33:34]SAY: Molerat/ : Squeek!
[03:33:34]SAY: Mutant/ : HMPH!
[03:33:34]SAY: Molerat/ : Squeek, i say
[03:33:34]SAY: Molerat/ : Squeek
[03:33:34]SAY: Molerat/ : Squeek!
[03:33:34]SAY: Molerat/ : Squeek
[03:33:34]SAY: Molerat/ : Squeek!
[03:33:34]SAY: Molerat/ : Squeek!
[03:33:34]SAY: Molerat/ : Squeek, i say
[03:33:34]SAY: Molerat/ : Squeek!
[03:33:34]SAY: Molerat/ : Squeek!
[03:33:34]SAY: Molerat/ : Squeek!
[03:33:36]SAY: Molerat/ : Squeek!
[03:33:36]SAY: Molerat/ : Squeek!
[03:33:36]SAY: Molerat/ : Squeek, i say
[03:33:36]SAY: Molerat/ : Squeek!
[03:33:36]SAY: Molerat/ : Squeek!
[03:33:36]SAY: Molerat/ : Squeek
[03:33:36]SAY: Molerat/ : Squeek
[03:33:38]SAY: Molerat/ : Squeek, i say
[03:33:38]SAY: Molerat/ : Squeek
[03:33:38]SAY: Molerat/ : Squeek
[03:33:38]SAY: Molerat/ : Squeek, i say
[03:33:38]SAY: Molerat/ : Squeek, i say
[03:33:38]SAY: Molerat/ : Squeek
[03:33:38]EMOTE: brahmin/ : <B>The brahmin</B> brays.
[03:33:38]SAY: Molerat/ : Squeek
[03:33:38]GAME: Radiation pulse with size (1, 4) and severity 40 in area Custodial Closet 
[03:33:40]SAY: Molerat/ : Squeek!
[03:33:40]SAY: Molerat/ : Squeek!
[03:33:40]SAY: Molerat/ : Squeek
[03:33:40]SAY: Molerat/ : Squeek
[03:33:40]SAY: Molerat/ : Squeek!
[03:33:40]SAY: Molerat/ : Squeek
[03:33:40]SAY: Mutant/ : ARRRRR!
[03:33:40]SAY: Molerat/ : Squeek
[03:33:40]SAY: Molerat/ : Squeek
[03:33:40]SAY: Molerat/ : Squeek
[03:33:40]SAY: Mutant/ : NNNNNGH!
[03:33:40]SAY: Molerat/ : Squeek
[03:33:42]SAY: Molerat/ : Squeek!
[03:33:42]SAY: Molerat/ : Squeek
[03:33:42]SAY: Molerat/ : Squeek, i say
[03:33:42]SAY: Molerat/ : Squeek!
[03:33:42]SAY: Molerat/ : Squeek, i say
[03:33:42]SAY: Mutant/ : GRRRRRR!
[03:33:42]SAY: Molerat/ : Squeek
[03:33:42]SAY: Molerat/ : Squeek
[03:33:42]SAY: Molerat/ : Squeek
[03:33:42]SAY: Molerat/ : Squeek
[03:33:44]SAY: Molerat/ : Squeek!
[03:33:44]SAY: Molerat/ : Squeek
[03:33:44]SAY: Molerat/ : Squeek!
[03:33:44]SAY: Molerat/ : Squeek
[03:33:44]SAY: Molerat/ : Squeek
[03:33:44]SAY: Molerat/ : Squeek!
[03:33:44]SAY: Molerat/ : Squeek
[03:33:44]SAY: Molerat/ : Squeek
[03:33:46]SAY: Molerat/ : Squeek!
[03:33:46]SAY: Molerat/ : Squeek!
[03:33:46]SAY: Molerat/ : Squeek
[03:33:46]SAY: Molerat/ : Squeek, i say
[03:33:46]SAY: Molerat/ : Squeek!
[03:33:46]SAY: Mutant/ : ARRRRR!
[03:33:46]SAY: Molerat/ : Squeek!
[03:33:46]SAY: Molerat/ : Squeek
[03:33:46]GAME: Radiation pulse with size (1, 4) and severity 40 in area Custodial Closet 
[03:33:48]SAY: Molerat/ : Squeek!
[03:33:48]SAY: Mutant/ : NNNNNGH!
[03:33:48]SAY: Molerat/ : Squeek
[03:33:48]SAY: Molerat/ : Squeek
[03:33:48]SAY: Molerat/ : Squeek
[03:33:48]SAY: Molerat/ : Squeek!
[03:33:48]SAY: Molerat/ : Squeek!
[03:33:48]SAY: Molerat/ : Squeek
[03:33:48]SAY: Molerat/ : Squeek!
[03:33:48]SAY: Molerat/ : Squeek!
[03:33:48]SAY: Molerat/ : Squeek, i say
[03:33:48]SAY: Molerat/ : Squeek!
[03:33:48]SAY: yaogai/ : Rawr!
[03:33:50]SAY: Molerat/ : Squeek, i say
[03:33:50]SAY: Molerat/ : Squeek!
[03:33:50]SAY: Molerat/ : Squeek
[03:33:50]SAY: Molerat/ : Squeek
[03:33:50]SAY: Molerat/ : Squeek
[03:33:50]SAY: Molerat/ : Squeek
[03:33:50]SAY: Molerat/ : Squeek, i say
[03:33:50]SAY: Molerat/ : Squeek
[03:33:52]SAY: Molerat/ : Squeek, i say
[03:33:52]SAY: Mutant/ : HMPH!
[03:33:52]SAY: Molerat/ : Squeek
[03:33:52]SAY: Molerat/ : Squeek!
[03:33:52]SAY: Molerat/ : Squeek!
[03:33:52]SAY: Molerat/ : Squeek
[03:33:52]SAY: Molerat/ : Squeek!
[03:33:52]SAY: Molerat/ : Squeek
[03:33:52]SAY: Mutant/ : HMPH!
[03:33:52]SAY: Molerat/ : Squeek
[03:33:52]SAY: Molerat/ : Squeek!
[03:33:53]SAY: Molerat/ : Squeek, i say
[03:33:53]SAY: Molerat/ : Squeek
[03:33:53]GAME: Radiation pulse with size (1, 4) and severity 40 in area Custodial Closet 
[03:33:55]SAY: Molerat/ : Squeek
[03:33:55]SAY: Molerat/ : Squeek
[03:33:55]SAY: Molerat/ : Squeek!
[03:33:55]SAY: Molerat/ : Squeek, i say
[03:33:55]SAY: Molerat/ : Squeek!
[03:33:55]SAY: Mutant/ : ARGH!
[03:33:55]SAY: Molerat/ : Squeek!
[03:33:55]SAY: Molerat/ : Squeek
[03:33:57]SAY: Molerat/ : Squeek!
[03:33:57]SAY: Molerat/ : Squeek!
[03:33:57]SAY: Molerat/ : Squeek!
[03:33:57]SAY: Molerat/ : Squeek
[03:33:57]SAY: Molerat/ : Squeek
[03:33:57]SAY: Molerat/ : Squeek
[03:33:57]SAY: Mutant/ : GRRRRRR!
[03:33:57]SAY: Molerat/ : Squeek!
[03:33:57]SAY: Mutant/ : NNNNNGH!
[03:33:57]SAY: Molerat/ : Squeek!
[03:33:57]SAY: Molerat/ : Squeek, i say
[03:33:59]SAY: Molerat/ : Squeek
[03:33:59]SAY: Molerat/ : Squeek!
[03:33:59]SAY: Molerat/ : Squeek
[03:33:59]SAY: Molerat/ : Squeek!
[03:33:59]SAY: Molerat/ : Squeek
[03:33:59]SAY: Molerat/ : Squeek
[03:33:59]SAY: Molerat/ : Squeek
[03:33:59]SAY: Molerat/ : Squeek, i say
[03:33:59]EMOTE: Cazador/ : <B>Cazador</B> gnashes at the brahmin.
[03:34:00]EMOTE: Cazador/ : <B>Cazador</B> gnashes at the brahmin.
[03:34:01]SAY: Molerat/ : Squeek
[03:34:01]SAY: Molerat/ : Squeek!
[03:34:01]SAY: Molerat/ : Squeek!
[03:34:01]SAY: Mutant/ : NNNNNGH!
[03:34:01]SAY: Molerat/ : Squeek
[03:34:01]SAY: Mutant/ : ARGH!
[03:34:01]SAY: Molerat/ : Squeek!
[03:34:01]SAY: Mutant/ : NNNNNGH!
[03:34:01]SAY: Molerat/ : Squeek
[03:34:01]GAME: Radiation pulse with size (1, 4) and severity 40 in area Custodial Closet 
[03:34:03]SAY: Molerat/ : Squeek, i say
[03:34:03]SAY: Molerat/ : Squeek, i say
[03:34:03]SAY: Molerat/ : Squeek!
[03:34:03]EMOTE: Cazador/ : <B>Cazador</B> gnashes at the brahmin.
[03:34:05]SAY: Molerat/ : Squeek!
[03:34:05]SAY: Molerat/ : Squeek
[03:34:05]SAY: Molerat/ : Squeek!
[03:34:05]SAY: Molerat/ : Squeek
[03:34:05]SAY: Molerat/ : Squeek!
[03:34:05]EMOTE: rad scorpion (28)/ : <B>The rad scorpion (28)</B> chitters
[03:34:07]SAY: Molerat/ : Squeek
[03:34:07]SAY: Molerat/ : Squeek!
[03:34:07]SAY: Molerat/ : Squeek
[03:34:07]SAY: Molerat/ : Squeek
[03:34:07]SAY: Molerat/ : Squeek!
[03:34:07]SAY: Molerat/ : Squeek!
[03:34:07]SAY: Molerat/ : Squeek
[03:34:07]SAY: Molerat/ : Squeek
[03:34:09]SAY: Molerat/ : Squeek!
[03:34:09]SAY: Mutant/ : HMPH!
[03:34:09]SAY: Molerat/ : Squeek!
[03:34:09]SAY: Molerat/ : Squeek
[03:34:09]SAY: Molerat/ : Squeek
[03:34:09]SAY: Molerat/ : Squeek!
[03:34:09]SAY: Molerat/ : Squeek
[03:34:09]SAY: Molerat/ : Squeek
[03:34:09]SAY: Molerat/ : Squeek
[03:34:09]SAY: Molerat/ : Squeek!
[03:34:09]EMOTE: rad scorpion (318)/ : <B>The rad scorpion (318)</B> chitters
[03:34:09]GAME: Radiation pulse with size (1, 4) and severity 40 in area Custodial Closet 
[03:34:11]SAY: Molerat/ : Squeek
[03:34:11]SAY: Molerat/ : Squeek
[03:34:11]SAY: Molerat/ : Squeek!
[03:34:11]SAY: Molerat/ : Squeek!
[03:34:11]SAY: Molerat/ : Squeek!
[03:34:11]SAY: Molerat/ : Squeek!
[03:34:11]SAY: Molerat/ : Squeek!
[03:34:11]SAY: Mutant/ : GRRRRRR!
[03:34:11]SAY: Molerat/ : Squeek
[03:34:11]SAY: Molerat/ : Squeek!
[03:34:11]SAY: Mutant/ : HMPH!
[03:34:11]SAY: Molerat/ : Squeek!
[03:34:11]SAY: Mutant/ : HMPH!
[03:34:11]SAY: Molerat/ : Squeek, i say
[03:34:11]SAY: Molerat/ : Squeek
[03:34:13]SAY: Molerat/ : Squeek
[03:34:13]SAY: Molerat/ : Squeek
[03:34:13]SAY: Molerat/ : Squeek
[03:34:13]SAY: Molerat/ : Squeek
[03:34:13]SAY: Mutant/ : NNNNNGH!
[03:34:13]SAY: Molerat/ : Squeek!
[03:34:13]SAY: Molerat/ : Squeek
[03:34:13]SAY: Molerat/ : Squeek, i say
[03:34:13]SAY: Molerat/ : Squeek
[03:34:13]SAY: Molerat/ : Squeek!
[03:34:13]SAY: Molerat/ : Squeek
[03:34:13]SAY: Mutant/ : NNNNNGH!
[03:34:15]SAY: Molerat/ : Squeek
[03:34:15]SAY: Molerat/ : Squeek, i say
[03:34:15]SAY: Molerat/ : Squeek
[03:34:15]SAY: Molerat/ : Squeek
[03:34:15]SAY: Molerat/ : Squeek, i say
[03:34:15]SAY: Mutant/ : NNNNNGH!
[03:34:15]SAY: Mutant/ : ARGH!
[03:34:15]SAY: Molerat/ : Squeek!
[03:34:15]SAY: Molerat/ : Squeek
[03:34:15]SAY: Molerat/ : Squeek, i say
[03:34:17]SAY: Molerat/ : Squeek
[03:34:17]SAY: Molerat/ : Squeek
[03:34:17]SAY: Molerat/ : Squeek!
[03:34:17]SAY: Mutant/ : HMPH!
[03:34:17]SAY: Mutant/ : GRRRRRR!
[03:34:17]SAY: Molerat/ : Squeek
[03:34:17]SAY: Molerat/ : Squeek
[03:34:17]SAY: Molerat/ : Squeek
[03:34:17]SAY: Mutant/ : ARGH!
[03:34:17]SAY: Molerat/ : Squeek
[03:34:17]SAY: Molerat/ : Squeek
[03:34:17]GAME: Radiation pulse with size (1, 4) and severity 40 in area Custodial Closet 
[03:34:19]SAY: Molerat/ : Squeek
[03:34:19]SAY: Molerat/ : Squeek
[03:34:19]SAY: Molerat/ : Squeek
[03:34:19]SAY: Molerat/ : Squeek
[03:34:19]SAY: Molerat/ : Squeek!
[03:34:19]SAY: Molerat/ : Squeek!
[03:34:19]SAY: Molerat/ : Squeek
[03:34:19]SAY: Molerat/ : Squeek!
[03:34:19]SAY: Molerat/ : Squeek!
[03:34:19]SAY: Molerat/ : Squeek, i say
[03:34:19]SAY: Mutant/ : HMPH!
[03:34:19]SAY: Molerat/ : Squeek
[03:34:19]SAY: Molerat/ : Squeek!
[03:34:19]SAY: Mutant/ : NNNNNGH!
[03:34:19]SAY: Molerat/ : Squeek!
[03:34:19]SAY: Molerat/ : Squeek!
[03:34:19]SAY: Molerat/ : Squeek!
[03:34:21]SAY: Molerat/ : Squeek!
[03:34:21]SAY: Molerat/ : Squeek
[03:34:21]SAY: Molerat/ : Squeek
[03:34:21]SAY: Molerat/ : Squeek!
[03:34:21]SAY: Molerat/ : Squeek
[03:34:21]SAY: Molerat/ : Squeek!
[03:34:21]SAY: Molerat/ : Squeek
[03:34:21]SAY: Molerat/ : Squeek!
[03:34:21]SAY: Molerat/ : Squeek
[03:34:21]SAY: Mutant/ : ARGH!
[03:34:21]SAY: Molerat/ : Squeek
[03:34:21]SAY: Molerat/ : Squeek
[03:34:21]SAY: Molerat/ : Squeek
[03:34:21]SAY: Molerat/ : Squeek
[03:34:23]SAY: Molerat/ : Squeek
[03:34:23]SAY: Molerat/ : Squeek
[03:34:23]SAY: Molerat/ : Squeek, i say
[03:34:23]SAY: Molerat/ : Squeek!
[03:34:23]SAY: Molerat/ : Squeek
[03:34:23]SAY: Mutant/ : ARGH!
[03:34:23]EMOTE: giant rad scorpion (289)/ : <B>The giant rad scorpion (289)</B> chitters
[03:34:25]SAY: Molerat/ : Squeek!
[03:34:25]SAY: Molerat/ : Squeek
[03:34:25]SAY: Mutant/ : ARGH!
[03:34:25]SAY: Molerat/ : Squeek
[03:34:25]SAY: Mutant/ : HMPH!
[03:34:25]SAY: Mutant/ : ARGH!
[03:34:25]SAY: Molerat/ : Squeek!
[03:34:25]GAME: Radiation pulse with size (1, 4) and severity 40 in area Custodial Closet 
[03:34:27]SAY: Molerat/ : Squeek!
[03:34:27]SAY: Molerat/ : Squeek!
[03:34:27]SAY: Molerat/ : Squeek, i say
[03:34:27]SAY: Molerat/ : Squeek
[03:34:27]SAY: Molerat/ : Squeek
[03:34:27]SAY: Mutant/ : ARGH!
[03:34:27]SAY: Molerat/ : Squeek
[03:34:27]SAY: Molerat/ : Squeek!
[03:34:29]SAY: Molerat/ : Squeek
[03:34:29]SAY: Molerat/ : Squeek!
[03:34:29]SAY: Molerat/ : Squeek!
[03:34:29]SAY: Molerat/ : Squeek!
[03:34:29]SAY: Molerat/ : Squeek
[03:34:29]SAY: Molerat/ : Squeek!
[03:34:29]SAY: Molerat/ : Squeek
[03:34:29]SAY: Molerat/ : Squeek
[03:34:29]SAY: Molerat/ : Squeek
[03:34:31]SAY: Molerat/ : Squeek, i say
[03:34:31]SAY: Molerat/ : Squeek
[03:34:31]SAY: Molerat/ : Squeek
[03:34:31]SAY: Molerat/ : Squeek!
[03:34:31]SAY: Molerat/ : Squeek!
[03:34:31]SAY: Molerat/ : Squeek!
[03:34:31]SAY: Molerat/ : Squeek, i say
[03:34:31]SAY: Mutant/ : HMPH!
[03:34:31]SAY: Molerat/ : Squeek, i say
[03:34:31]SAY: Mutant/ : ARRRRR!
[03:34:31]SAY: Molerat/ : Squeek!
[03:34:31]SAY: Molerat/ : Squeek, i say
[03:34:31]GAME: Radiation pulse with size (1, 4) and severity 40 in area Custodial Closet 
[03:34:33]SAY: Molerat/ : Squeek!
[03:34:33]SAY: Mutant/ : ARRRRR!
[03:34:33]SAY: Molerat/ : Squeek!
[03:34:33]SAY: Molerat/ : Squeek!
[03:34:33]SAY: Molerat/ : Squeek, i say
[03:34:33]SAY: Molerat/ : Squeek
[03:34:33]SAY: Molerat/ : Squeek!
[03:34:33]SAY: Molerat/ : Squeek
[03:34:33]SAY: Mutant/ : HMPH!
[03:34:33]SAY: Molerat/ : Squeek
[03:34:33]SAY: Molerat/ : Squeek
[03:34:33]SAY: Molerat/ : Squeek!
[03:34:35]SAY: Molerat/ : Squeek!
[03:34:35]SAY: Molerat/ : Squeek!
[03:34:35]SAY: Molerat/ : Squeek!
[03:34:35]SAY: Molerat/ : Squeek
[03:34:35]SAY: Molerat/ : Squeek
[03:34:35]SAY: Molerat/ : Squeek!
[03:34:35]SAY: Molerat/ : Squeek
[03:34:35]SAY: Molerat/ : Squeek!
[03:34:35]SAY: Molerat/ : Squeek
[03:34:35]SAY: Molerat/ : Squeek, i say
[03:34:37]SAY: Molerat/ : Squeek!
[03:34:37]SAY: Molerat/ : Squeek, i say
[03:34:37]SAY: Molerat/ : Squeek!
[03:34:37]SAY: Mutant/ : ARRRRR!
[03:34:37]SAY: Molerat/ : Squeek!
[03:34:37]SAY: Molerat/ : Squeek!
[03:34:37]SAY: Molerat/ : Squeek!
[03:34:37]SAY: Mutant/ : HMPH!
[03:34:39]SAY: Molerat/ : Squeek
[03:34:39]SAY: Mutant/ : GRRRRRR!
[03:34:39]SAY: Molerat/ : Squeek
[03:34:39]SAY: Molerat/ : Squeek!
[03:34:39]SAY: brahmin/ : Moo
[03:34:39]SAY: Molerat/ : Squeek!
[03:34:39]SAY: Molerat/ : Squeek
[03:34:39]GAME: Radiation pulse with size (1, 4) and severity 40 in area Custodial Closet 
[03:34:41]SAY: Molerat/ : Squeek!
[03:34:41]SAY: Molerat/ : Squeek
[03:34:41]SAY: Molerat/ : Squeek
[03:34:41]SAY: Molerat/ : Squeek
[03:34:41]SAY: Mutant/ : GRRRRRR!
[03:34:41]SAY: Molerat/ : Squeek
[03:34:41]SAY: Molerat/ : Squeek!
[03:34:41]SAY: Molerat/ : Squeek!
[03:34:41]SAY: Molerat/ : Squeek, i say
[03:34:41]SAY: Molerat/ : Squeek
[03:34:41]SAY: Mutant/ : NNNNNGH!
[03:34:41]SAY: Molerat/ : Squeek
[03:34:41]SAY: Molerat/ : Squeek!
[03:34:41]SAY: Molerat/ : Squeek
[03:34:41]SAY: Molerat/ : Squeek!
[03:34:43]SAY: Molerat/ : Squeek!
[03:34:43]SAY: Molerat/ : Squeek
[03:34:43]SAY: Molerat/ : Squeek, i say
[03:34:43]SAY: Mutant/ : HMPH!
[03:34:43]SAY: Molerat/ : Squeek
[03:34:43]SAY: Molerat/ : Squeek
[03:34:43]SAY: Molerat/ : Squeek, i say
[03:34:43]SAY: Molerat/ : Squeek
[03:34:43]SAY: Molerat/ : Squeek
[03:34:43]SAY: Molerat/ : Squeek, i say
[03:34:43]SAY: Molerat/ : Squeek!
[03:34:43]SAY: Molerat/ : Squeek!
[03:34:45]SAY: Molerat/ : Squeek!
[03:34:45]SAY: Molerat/ : Squeek, i say
[03:34:45]SAY: Molerat/ : Squeek, i say
[03:34:45]SAY: Molerat/ : Squeek
[03:34:45]SAY: Molerat/ : Squeek
[03:34:47]SAY: Molerat/ : Squeek
[03:34:47]SAY: Molerat/ : Squeek
[03:34:47]SAY: Molerat/ : Squeek
[03:34:47]SAY: Molerat/ : Squeek
[03:34:47]SAY: Molerat/ : Squeek!
[03:34:47]SAY: Mutant/ : ARRRRR!
[03:34:47]SAY: Mutant/ : ARGH!
[03:34:47]SAY: Molerat/ : Squeek
[03:34:47]SAY: Molerat/ : Squeek
[03:34:47]SAY: Molerat/ : Squeek!
[03:34:47]SAY: Molerat/ : Squeek!
[03:34:47]GAME: Radiation pulse with size (1, 4) and severity 40 in area Custodial Closet 
[03:34:49]SAY: Molerat/ : Squeek!
[03:34:49]SAY: Molerat/ : Squeek
[03:34:51]SAY: Molerat/ : Squeek!
[03:34:51]SAY: Molerat/ : Squeek
[03:34:51]SAY: Molerat/ : Squeek
[03:34:51]SAY: Molerat/ : Squeek!
[03:34:51]SAY: Molerat/ : Squeek!
[03:34:51]SAY: Molerat/ : Squeek!
[03:34:51]EMOTE: brahmin/ : <B>The brahmin</B> brays.
[03:34:51]SAY: Molerat/ : Squeek!
[03:34:51]SAY: Molerat/ : Squeek!
[03:34:53]SAY: Molerat/ : Squeek
[03:34:53]SAY: Molerat/ : Squeek
[03:34:53]SAY: Mutant/ : ARRRRR!
[03:34:53]SAY: Molerat/ : Squeek
[03:34:53]SAY: Molerat/ : Squeek!
[03:34:53]SAY: Molerat/ : Squeek
[03:34:53]SAY: Mutant/ : ARGH!
[03:34:53]SAY: Molerat/ : Squeek
[03:34:53]SAY: Molerat/ : Squeek!
[03:34:55]SAY: Molerat/ : Squeek, i say
[03:34:55]SAY: Molerat/ : Squeek!
[03:34:55]SAY: Molerat/ : Squeek
[03:34:55]SAY: Molerat/ : Squeek
[03:34:55]SAY: Molerat/ : Squeek
[03:34:55]SAY: Molerat/ : Squeek
[03:34:55]GAME: Radiation pulse with size (1, 4) and severity 40 in area Custodial Closet 
[03:34:57]SAY: Molerat/ : Squeek!
[03:34:57]SAY: Molerat/ : Squeek, i say
[03:34:57]SAY: Molerat/ : Squeek
[03:34:57]SAY: Molerat/ : Squeek!
[03:34:57]SAY: Mutant/ : GRRRRRR!
[03:34:57]SAY: brahmin/ : MOOOOOO
[03:34:59]SAY: Molerat/ : Squeek, i say
[03:34:59]SAY: Molerat/ : Squeek!
[03:34:59]SAY: Molerat/ : Squeek
[03:34:59]SAY: Molerat/ : Squeek, i say
[03:34:59]SAY: Molerat/ : Squeek
[03:34:59]SAY: Molerat/ : Squeek
[03:34:59]SAY: Molerat/ : Squeek
[03:34:59]SAY: Molerat/ : Squeek
[03:34:59]SAY: Molerat/ : Squeek
[03:34:59]SAY: Molerat/ : Squeek!
[03:34:59]SAY: Molerat/ : Squeek
[03:34:59]SAY: Molerat/ : Squeek!
[03:35:01]SAY: Molerat/ : Squeek, i say
[03:35:01]SAY: Molerat/ : Squeek
[03:35:01]SAY: Molerat/ : Squeek
[03:35:01]SAY: Molerat/ : Squeek!
[03:35:01]SAY: Molerat/ : Squeek!
[03:35:01]SAY: Molerat/ : Squeek
[03:35:01]SAY: Molerat/ : Squeek!
[03:35:01]SAY: Molerat/ : Squeek
[03:35:01]SAY: Molerat/ : Squeek!
[03:35:01]SAY: Molerat/ : Squeek
[03:35:01]SAY: Molerat/ : Squeek!
[03:35:01]SAY: Mutant/ : HMPH!
[03:35:01]SAY: Molerat/ : Squeek!
[03:35:01]SAY: Molerat/ : Squeek
[03:35:03]SAY: Molerat/ : Squeek
[03:35:03]SAY: Molerat/ : Squeek!
[03:35:03]SAY: Mutant/ : ARGH!
[03:35:03]SAY: Molerat/ : Squeek
[03:35:03]SAY: Molerat/ : Squeek
[03:35:03]SAY: Mutant/ : ARRRRR!
[03:35:03]SAY: Mutant/ : ARRRRR!
[03:35:03]SAY: Molerat/ : Squeek
[03:35:03]GAME: Radiation pulse with size (1, 4) and severity 40 in area Custodial Closet 
[03:35:05]SAY: Molerat/ : Squeek, i say
[03:35:05]SAY: Molerat/ : Squeek
[03:35:05]SAY: Molerat/ : Squeek!
[03:35:05]SAY: Molerat/ : Squeek!
[03:35:05]SAY: Molerat/ : Squeek
[03:35:05]SAY: Mutant/ : HMPH!
[03:35:05]SAY: Molerat/ : Squeek, i say
[03:35:05]SAY: Molerat/ : Squeek, i say
[03:35:05]SAY: Molerat/ : Squeek
[03:35:05]SAY: Molerat/ : Squeek
[03:35:05]SAY: Molerat/ : Squeek!
[03:35:05]SAY: Molerat/ : Squeek
[03:35:05]SAY: Mutant/ : HMPH!
[03:35:05]SAY: Molerat/ : Squeek!
[03:35:07]SAY: Molerat/ : Squeek!
[03:35:07]SAY: Molerat/ : Squeek
[03:35:07]SAY: Molerat/ : Squeek, i say
[03:35:07]SAY: Molerat/ : Squeek!
[03:35:07]SAY: Molerat/ : Squeek
[03:35:07]SAY: Molerat/ : Squeek
[03:35:07]SAY: Molerat/ : Squeek
[03:35:07]SAY: Molerat/ : Squeek, i say
[03:35:07]SAY: Molerat/ : Squeek
[03:35:07]EMOTE: giant spider (801)/ : <B>The giant spider (801)</B> chitters
[03:35:07]SAY: Molerat/ : Squeek, i say
[03:35:07]SAY: Molerat/ : Squeek!
[03:35:09]SAY: Molerat/ : Squeek!
[03:35:09]SAY: Molerat/ : Squeek!
[03:35:09]SAY: Molerat/ : Squeek
[03:35:09]SAY: Mutant/ : GRRRRRR!
[03:35:09]SAY: Molerat/ : Squeek!
[03:35:09]SAY: brahmin/ : Moo?
[03:35:09]SAY: Molerat/ : Squeek!
[03:35:09]SAY: Molerat/ : Squeek!
[03:35:11]SAY: Molerat/ : Squeek
[03:35:11]SAY: Molerat/ : Squeek
[03:35:11]SAY: Mutant/ : HMPH!
[03:35:11]SAY: Molerat/ : Squeek
[03:35:11]SAY: Molerat/ : Squeek!
[03:35:11]SAY: Molerat/ : Squeek
[03:35:11]SAY: Molerat/ : Squeek!
[03:35:11]SAY: Molerat/ : Squeek
[03:35:11]SAY: Molerat/ : Squeek
[03:35:11]SAY: Molerat/ : Squeek
[03:35:11]SAY: Mutant/ : GRRRRRR!
[03:35:11]SAY: Molerat/ : Squeek
[03:35:11]SAY: Molerat/ : Squeek
[03:35:11]SAY: Molerat/ : Squeek
[03:35:11]GAME: Radiation pulse with size (1, 4) and severity 40 in area Custodial Closet 
[03:35:13]SAY: Molerat/ : Squeek!
[03:35:13]SAY: Molerat/ : Squeek!
[03:35:13]SAY: Molerat/ : Squeek
[03:35:13]SAY: Molerat/ : Squeek
[03:35:13]SAY: Molerat/ : Squeek!
[03:35:13]SAY: Mutant/ : ARRRRR!
[03:35:13]SAY: Molerat/ : Squeek
[03:35:13]SAY: Molerat/ : Squeek
[03:35:13]SAY: Mutant/ : GRRRRRR!
[03:35:15]SAY: Molerat/ : Squeek!
[03:35:15]SAY: Molerat/ : Squeek, i say
[03:35:15]SAY: Molerat/ : Squeek
[03:35:15]SAY: Molerat/ : Squeek
[03:35:15]SAY: Mutant/ : ARGH!
[03:35:15]SAY: Molerat/ : Squeek!
[03:35:17]SAY: Molerat/ : Squeek!
[03:35:17]SAY: Molerat/ : Squeek!
[03:35:17]SAY: Molerat/ : Squeek, i say
[03:35:17]SAY: Molerat/ : Squeek!
[03:35:17]GAME: Radiation pulse with size (1, 4) and severity 40 in area Custodial Closet 
[03:35:19]SAY: Mutant/ : HMPH!
[03:35:19]SAY: Molerat/ : Squeek!
[03:35:19]SAY: Molerat/ : Squeek
[03:35:19]SAY: Molerat/ : Squeek!
[03:35:19]SAY: Molerat/ : Squeek
[03:35:19]SAY: Mutant/ : ARRRRR!
[03:35:19]SAY: Molerat/ : Squeek
[03:35:19]SAY: Molerat/ : Squeek
[03:35:19]SAY: Molerat/ : Squeek
[03:35:21]SAY: Molerat/ : Squeek!
[03:35:21]SAY: Molerat/ : Squeek!
[03:35:21]SAY: Mutant/ : ARRRRR!
[03:35:21]SAY: Mutant/ : HMPH!
[03:35:21]SAY: Molerat/ : Squeek
[03:35:21]SAY: Molerat/ : Squeek!
[03:35:21]SAY: Mutant/ : NNNNNGH!
[03:35:21]SAY: Mutant/ : GRRRRRR!
[03:35:21]SAY: Molerat/ : Squeek!
[03:35:21]SAY: Molerat/ : Squeek!
[03:35:21]SAY: Molerat/ : Squeek
[03:35:23]SAY: Molerat/ : Squeek!
[03:35:23]SAY: Molerat/ : Squeek
[03:35:23]SAY: Mutant/ : NNNNNGH!
[03:35:23]SAY: Molerat/ : Squeek!
[03:35:23]SAY: Molerat/ : Squeek!
[03:35:23]SAY: Mutant/ : ARRRRR!
[03:35:23]SAY: Molerat/ : Squeek
[03:35:23]SAY: Molerat/ : Squeek, i say
[03:35:23]SAY: Molerat/ : Squeek!
[03:35:23]SAY: Molerat/ : Squeek
[03:35:23]EMOTE: giant rad scorpion (289)/ : <B>The giant rad scorpion (289)</B> chitters
[03:35:23]SAY: Molerat/ : Squeek!
[03:35:25]SAY: Molerat/ : Squeek, i say
[03:35:25]SAY: Molerat/ : Squeek
[03:35:25]SAY: Molerat/ : Squeek
[03:35:25]SAY: Mutant/ : ARRRRR!
[03:35:25]SAY: Mutant/ : ARGH!
[03:35:25]SAY: Molerat/ : Squeek
[03:35:25]SAY: Molerat/ : Squeek!
[03:35:25]EMOTE: brahmin/ : <B>The brahmin</B> shakes its head.
[03:35:25]SAY: Molerat/ : Squeek!
[03:35:25]SAY: Molerat/ : Squeek!
[03:35:25]GAME: Radiation pulse with size (1, 4) and severity 40 in area Custodial Closet 
[03:35:27]SAY: Molerat/ : Squeek
[03:35:27]SAY: Molerat/ : Squeek!
[03:35:27]SAY: Molerat/ : Squeek, i say
[03:35:27]SAY: Molerat/ : Squeek
[03:35:27]SAY: Molerat/ : Squeek
[03:35:27]SAY: Mutant/ : ARRRRR!
[03:35:27]SAY: Molerat/ : Squeek!
[03:35:27]SAY: Molerat/ : Squeek!
[03:35:27]SAY: Molerat/ : Squeek
[03:35:29]SAY: Molerat/ : Squeek!
[03:35:29]SAY: Molerat/ : Squeek
[03:35:29]SAY: Molerat/ : Squeek!
[03:35:29]SAY: Molerat/ : Squeek
[03:35:29]SAY: Molerat/ : Squeek!
[03:35:29]SAY: Molerat/ : Squeek
[03:35:29]SAY: Mutant/ : GRRRRRR!
[03:35:29]SAY: Mutant/ : ARGH!
[03:35:31]SAY: Molerat/ : Squeek!
[03:35:31]SAY: Mutant/ : HMPH!
[03:35:31]SAY: Molerat/ : Squeek!
[03:35:31]SAY: Mutant/ : GRRRRRR!
[03:35:31]SAY: Mutant/ : ARGH!
[03:35:31]SAY: Molerat/ : Squeek!
[03:35:31]SAY: Molerat/ : Squeek, i say
[03:35:31]SAY: Molerat/ : Squeek!
[03:35:33]SAY: Mutant/ : NNNNNGH!
[03:35:33]SAY: Molerat/ : Squeek
[03:35:33]SAY: Molerat/ : Squeek
[03:35:33]SAY: Molerat/ : Squeek, i say
[03:35:33]SAY: Molerat/ : Squeek
[03:35:33]SAY: Molerat/ : Squeek!
[03:35:33]SAY: Molerat/ : Squeek
[03:35:33]SAY: Molerat/ : Squeek
[03:35:33]SAY: Molerat/ : Squeek!
[03:35:33]SAY: Mutant/ : ARGH!
[03:35:33]SAY: Molerat/ : Squeek!
[03:35:33]SAY: Molerat/ : Squeek, i say
[03:35:33]GAME: Radiation pulse with size (1, 4) and severity 40 in area Custodial Closet 
[03:35:35]SAY: Molerat/ : Squeek
[03:35:35]SAY: Molerat/ : Squeek
[03:35:35]SAY: Molerat/ : Squeek!
[03:35:35]SAY: Molerat/ : Squeek!
[03:35:35]SAY: Molerat/ : Squeek!
[03:35:35]SAY: Molerat/ : Squeek
[03:35:35]SAY: Molerat/ : Squeek!
[03:35:35]SAY: Molerat/ : Squeek
[03:35:37]SAY: Molerat/ : Squeek!
[03:35:37]SAY: Mutant/ : GRRRRRR!
[03:35:37]SAY: Molerat/ : Squeek
[03:35:37]SAY: Molerat/ : Squeek!
[03:35:37]SAY: Molerat/ : Squeek
[03:35:37]SAY: Molerat/ : Squeek
[03:35:39]SAY: Molerat/ : Squeek
[03:35:39]SAY: Molerat/ : Squeek
[03:35:39]SAY: Molerat/ : Squeek, i say
[03:35:39]SAY: Molerat/ : Squeek
[03:35:39]SAY: Molerat/ : Squeek
[03:35:39]SAY: Molerat/ : Squeek!
[03:35:39]SAY: Molerat/ : Squeek
[03:35:39]SAY: Mutant/ : NNNNNGH!
[03:35:39]SAY: Molerat/ : Squeek
[03:35:39]SAY: Molerat/ : Squeek
[03:35:39]SAY: Molerat/ : Squeek!
[03:35:41]SAY: Molerat/ : Squeek
[03:35:41]SAY: Molerat/ : Squeek
[03:35:41]SAY: Molerat/ : Squeek!
[03:35:41]SAY: Molerat/ : Squeek!
[03:35:41]SAY: Mutant/ : HMPH!
[03:35:41]SAY: Molerat/ : Squeek!
[03:35:41]SAY: Molerat/ : Squeek
[03:35:41]SAY: Molerat/ : Squeek!
[03:35:41]SAY: Molerat/ : Squeek!
[03:35:41]SAY: Mutant/ : ARRRRR!
[03:35:41]SAY: Mutant/ : ARRRRR!
[03:35:41]GAME: Radiation pulse with size (1, 4) and severity 40 in area Custodial Closet 
[03:35:43]SAY: Molerat/ : Squeek!
[03:35:43]SAY: Molerat/ : Squeek!
[03:35:43]SAY: Molerat/ : Squeek
[03:35:43]SAY: Molerat/ : Squeek, i say
[03:35:43]SAY: Molerat/ : Squeek
[03:35:43]EMOTE: brahmin/ : <B>The brahmin</B> brays.
[03:35:43]SAY: Molerat/ : Squeek!
[03:35:45]SAY: Molerat/ : Squeek!
[03:35:45]SAY: Molerat/ : Squeek!
[03:35:45]SAY: Molerat/ : Squeek
[03:35:45]SAY: Mutant/ : NNNNNGH!
[03:35:45]SAY: Mutant/ : GRRRRRR!
[03:35:45]SAY: Molerat/ : Squeek
[03:35:45]SAY: Molerat/ : Squeek
[03:35:45]EMOTE: rad scorpion (318)/ : <B>The rad scorpion (318)</B> chitters
[03:35:45]SAY: brahmin/ : Moo?
[03:35:47]SAY: Molerat/ : Squeek, i say
[03:35:47]SAY: Molerat/ : Squeek
[03:35:47]SAY: Molerat/ : Squeek, i say
[03:35:47]SAY: Molerat/ : Squeek!
[03:35:47]SAY: Mutant/ : NNNNNGH!
[03:35:47]SAY: Mutant/ : ARGH!
[03:35:47]SAY: Mutant/ : HMPH!
[03:35:47]SAY: Molerat/ : Squeek
[03:35:47]SAY: Molerat/ : Squeek
[03:35:49]SAY: Molerat/ : Squeek!
[03:35:49]SAY: Molerat/ : Squeek
[03:35:49]SAY: Molerat/ : Squeek!
[03:35:49]SAY: Molerat/ : Squeek
[03:35:49]SAY: Molerat/ : Squeek
[03:35:49]SAY: Molerat/ : Squeek
[03:35:49]SAY: Molerat/ : Squeek
[03:35:49]SAY: Molerat/ : Squeek!
[03:35:49]SAY: Molerat/ : Squeek!
[03:35:49]SAY: Mutant/ : HMPH!
[03:35:49]SAY: Molerat/ : Squeek!
[03:35:49]SAY: Molerat/ : Squeek, i say
[03:35:49]EMOTE: giant spider (801)/ : <B>The giant spider (801)</B> chitters
[03:35:50]GAME: Radiation pulse with size (1, 4) and severity 40 in area Custodial Closet 
[03:35:51]SAY: Mutant/ : GRRRRRR!
[03:35:51]SAY: Molerat/ : Squeek
[03:35:51]SAY: Molerat/ : Squeek
[03:35:51]SAY: Molerat/ : Squeek
[03:35:51]SAY: Molerat/ : Squeek!
[03:35:51]SAY: Molerat/ : Squeek
[03:35:51]SAY: Molerat/ : Squeek
[03:35:51]SAY: Molerat/ : Squeek
[03:35:51]SAY: Mutant/ : GRRRRRR!
[03:35:51]SAY: Molerat/ : Squeek!
[03:35:51]SAY: Molerat/ : Squeek
[03:35:53]SAY: Molerat/ : Squeek
[03:35:53]SAY: Molerat/ : Squeek
[03:35:53]SAY: Molerat/ : Squeek
[03:35:53]SAY: Molerat/ : Squeek
[03:35:53]SAY: Molerat/ : Squeek!
[03:35:53]SAY: Mutant/ : ARGH!
[03:35:53]SAY: Molerat/ : Squeek!
[03:35:53]SAY: Molerat/ : Squeek!
[03:35:53]SAY: Mutant/ : GRRRRRR!
[03:35:53]SAY: Mutant/ : ARGH!
[03:35:55]SAY: Molerat/ : Squeek, i say
[03:35:55]SAY: Molerat/ : Squeek, i say
[03:35:55]SAY: Molerat/ : Squeek
[03:35:55]SAY: Molerat/ : Squeek
[03:35:55]SAY: Molerat/ : Squeek
[03:35:55]SAY: Molerat/ : Squeek
[03:35:55]SAY: Mutant/ : NNNNNGH!
[03:35:55]SAY: Mutant/ : ARGH!
[03:35:55]SAY: Molerat/ : Squeek!
[03:35:57]SAY: Molerat/ : Squeek
[03:35:57]SAY: Molerat/ : Squeek
[03:35:57]SAY: Mutant/ : ARRRRR!
[03:35:57]SAY: Molerat/ : Squeek
[03:35:57]SAY: Molerat/ : Squeek
[03:35:57]SAY: Molerat/ : Squeek
[03:35:57]SAY: Mutant/ : GRRRRRR!
[03:35:57]SAY: Molerat/ : Squeek, i say
[03:35:57]SAY: Molerat/ : Squeek
[03:35:57]SAY: Molerat/ : Squeek
[03:35:58]GAME: Radiation pulse with size (1, 4) and severity 40 in area Custodial Closet 
[03:35:59]SAY: Molerat/ : Squeek!
[03:35:59]SAY: Molerat/ : Squeek!
[03:35:59]SAY: Molerat/ : Squeek
[03:35:59]SAY: Molerat/ : Squeek
[03:35:59]SAY: Mutant/ : NNNNNGH!
[03:35:59]SAY: Mutant/ : GRRRRRR!
[03:35:59]SAY: Molerat/ : Squeek
[03:35:59]SAY: Mutant/ : HMPH!
[03:35:59]SAY: Molerat/ : Squeek
[03:35:59]SAY: Molerat/ : Squeek, i say
[03:35:59]EMOTE: brahmin/ : <B>The brahmin</B> shakes its head.
[03:36:02]SAY: Molerat/ : Squeek!
[03:36:02]SAY: Molerat/ : Squeek, i say
[03:36:02]SAY: Molerat/ : Squeek!
[03:36:02]SAY: Molerat/ : Squeek
[03:36:02]SAY: Molerat/ : Squeek
[03:36:02]SAY: Mutant/ : ARRRRR!
[03:36:02]SAY: Molerat/ : Squeek!
[03:36:02]SAY: Molerat/ : Squeek
[03:36:02]SAY: Molerat/ : Squeek
[03:36:02]SAY: Molerat/ : Squeek, i say
[03:36:02]EMOTE: rad scorpion (318)/ : <B>The rad scorpion (318)</B> chitters
[03:36:02]SAY: Molerat/ : Squeek
[03:36:04]SAY: Molerat/ : Squeek, i say
[03:36:04]SAY: Molerat/ : Squeek!
[03:36:04]SAY: Molerat/ : Squeek, i say
[03:36:04]SAY: Molerat/ : Squeek
[03:36:04]SAY: Molerat/ : Squeek, i say
[03:36:04]SAY: Molerat/ : Squeek!
[03:36:04]SAY: Molerat/ : Squeek!
[03:36:06]SAY: Molerat/ : Squeek!
[03:36:06]SAY: Molerat/ : Squeek
[03:36:06]SAY: Molerat/ : Squeek, i say
[03:36:06]SAY: Molerat/ : Squeek!
[03:36:06]SAY: Mutant/ : HMPH!
[03:36:06]SAY: Molerat/ : Squeek
[03:36:06]SAY: Molerat/ : Squeek!
[03:36:06]SAY: Molerat/ : Squeek!
[03:36:06]SAY: Molerat/ : Squeek!
[03:36:06]SAY: Molerat/ : Squeek!
[03:36:06]GAME: Radiation pulse with size (1, 4) and severity 40 in area Custodial Closet 
[03:36:08]SAY: Molerat/ : Squeek
[03:36:08]SAY: Molerat/ : Squeek, i say
[03:36:08]SAY: Molerat/ : Squeek
[03:36:08]SAY: Molerat/ : Squeek
[03:36:08]SAY: Molerat/ : Squeek, i say
[03:36:08]SAY: Molerat/ : Squeek
[03:36:08]SAY: Mutant/ : HMPH!
[03:36:08]SAY: Molerat/ : Squeek!
[03:36:08]EMOTE: rad scorpion (28)/ : <B>The rad scorpion (28)</B> chitters
[03:36:10]SAY: Molerat/ : Squeek, i say
[03:36:10]SAY: Molerat/ : Squeek!
[03:36:10]SAY: Molerat/ : Squeek!
[03:36:10]SAY: Molerat/ : Squeek!
[03:36:10]SAY: Molerat/ : Squeek
[03:36:10]SAY: Molerat/ : Squeek!
[03:36:10]SAY: Molerat/ : Squeek!
[03:36:10]SAY: Molerat/ : Squeek!
[03:36:10]SAY: Molerat/ : Squeek
[03:36:12]SAY: Molerat/ : Squeek!
[03:36:12]SAY: Molerat/ : Squeek
[03:36:12]SAY: Molerat/ : Squeek!
[03:36:12]SAY: Molerat/ : Squeek!
[03:36:12]SAY: Molerat/ : Squeek!
[03:36:12]SAY: Molerat/ : Squeek
[03:36:12]SAY: Molerat/ : Squeek
[03:36:12]SAY: Molerat/ : Squeek
[03:36:14]SAY: Molerat/ : Squeek!
[03:36:14]SAY: Molerat/ : Squeek
[03:36:14]SAY: Molerat/ : Squeek!
[03:36:14]SAY: Mutant/ : NNNNNGH!
[03:36:14]SAY: Molerat/ : Squeek!
[03:36:14]SAY: Molerat/ : Squeek!
[03:36:14]SAY: Molerat/ : Squeek!
[03:36:14]SAY: Molerat/ : Squeek!
[03:36:14]SAY: Molerat/ : Squeek
[03:36:14]SAY: Molerat/ : Squeek
[03:36:14]SAY: Molerat/ : Squeek
[03:36:14]SAY: Molerat/ : Squeek
[03:36:14]GAME: Radiation pulse with size (1, 4) and severity 40 in area Custodial Closet 
[03:36:16]SAY: Molerat/ : Squeek!
[03:36:16]SAY: Mutant/ : ARGH!
[03:36:16]SAY: Molerat/ : Squeek
[03:36:16]SAY: Molerat/ : Squeek!
[03:36:16]SAY: Molerat/ : Squeek, i say
[03:36:16]SAY: Mutant/ : NNNNNGH!
[03:36:16]SAY: Molerat/ : Squeek
[03:36:16]SAY: Molerat/ : Squeek!
[03:36:16]SAY: Molerat/ : Squeek, i say
[03:36:16]SAY: Molerat/ : Squeek, i say
[03:36:16]GAME: SQL ERROR obtaining reason from watch table. Error : [not connected]

[03:36:17]ADMIN: PahomLancer/(Griffin Whiteman) healed / Revived PahomLancer/(Griffin Whiteman)
[03:36:18]SAY: Mutant/ : GRRRRRR!
[03:36:18]SAY: Molerat/ : Squeek!
[03:36:18]SAY: Mutant/ : HMPH!
[03:36:18]SAY: Molerat/ : Squeek
[03:36:18]SAY: Mutant/ : NNNNNGH!
[03:36:18]SAY: Molerat/ : Squeek!
[03:36:18]SAY: Molerat/ : Squeek!
[03:36:20]SAY: Molerat/ : Squeek!
[03:36:20]SAY: Molerat/ : Squeek, i say
[03:36:20]SAY: Molerat/ : Squeek
[03:36:20]SAY: Molerat/ : Squeek
[03:36:20]SAY: Molerat/ : Squeek
[03:36:20]SAY: Mutant/ : HMPH!
[03:36:20]SAY: Molerat/ : Squeek
[03:36:20]SAY: Molerat/ : Squeek
[03:36:22]SAY: Molerat/ : Squeek!
[03:36:22]SAY: Molerat/ : Squeek
[03:36:22]SAY: Molerat/ : Squeek
[03:36:22]SAY: Molerat/ : Squeek!
[03:36:22]SAY: Molerat/ : Squeek!
[03:36:22]SAY: Molerat/ : Squeek!
[03:36:22]SAY: Molerat/ : Squeek
[03:36:22]SAY: Molerat/ : Squeek!
[03:36:22]SAY: Molerat/ : Squeek!
[03:36:22]SAY: Molerat/ : Squeek
[03:36:22]GAME: Radiation pulse with size (1, 4) and severity 40 in area Custodial Closet 
[03:36:24]SAY: Molerat/ : Squeek!
[03:36:24]SAY: Molerat/ : Squeek, i say
[03:36:24]SAY: Molerat/ : Squeek!
[03:36:24]SAY: Molerat/ : Squeek!
[03:36:24]SAY: Molerat/ : Squeek
[03:36:24]SAY: Molerat/ : Squeek
[03:36:24]SAY: Mutant/ : GRRRRRR!
[03:36:24]SAY: Molerat/ : Squeek
[03:36:24]SAY: Mutant/ : HMPH!
[03:36:24]SAY: Molerat/ : Squeek
[03:36:24]SAY: Molerat/ : Squeek!
[03:36:24]SAY: Molerat/ : Squeek!
[03:36:24]SAY: Molerat/ : Squeek!
[03:36:25]ACCESS: Logout: PahomLancer[DC]/(Griffin Whiteman)
