

Starting up. 18:05.43
---------------------
[18:06:39]ATTACK: giant rad scorpion (850) attacked Default Cyborg-408  (NEWHP: 100)(40,158,1)
[18:06:41]ATTACK: giant rad scorpion (850) attacked Default Cyborg-408  (NEWHP: 80)(40,158,1)
[18:06:43]ATTACK: giant rad scorpion (850) attacked Default Cyborg-408  (NEWHP: 64)(40,158,1)
[18:06:45]ATTACK: giant rad scorpion (850) attacked Default Cyborg-408  (NEWHP: 47)(40,158,1)
[18:06:47]ATTACK: giant rad scorpion (850) attacked Default Cyborg-408  (NEWHP: 28)(40,158,1)
[18:06:50]ATTACK: giant rad scorpion (850) attacked Default Cyborg-408  (NEWHP: 8)(40,158,1)
[18:06:52]ATTACK: giant rad scorpion (850) attacked Default Cyborg-408  (NEWHP: -9)(40,158,1)
[18:06:54]ATTACK: giant rad scorpion (850) attacked Default Cyborg-408  (NEWHP: -24)(40,158,1)
[18:06:56]ATTACK: giant rad scorpion (850) attacked Default Cyborg-408  (NEWHP: -42)(40,158,1)
[18:06:58]ATTACK: giant rad scorpion (850) attacked Default Cyborg-408  (NEWHP: -57)(40,158,1)
[18:07:00]ATTACK: giant rad scorpion (850) attacked Default Cyborg-408  (NEWHP: -74)(40,158,1)
[18:07:02]ATTACK: giant rad scorpion (850) attacked Default Cyborg-408  (NEWHP: -91)(40,158,1)
[18:07:37]ATTACK: venus human trap attacked Space Bat  (NEWHP: 0)(164,157,1)
[18:07:43]ATTACK: venus human trap attacked venus human trap  (NEWHP: 20)(175,164,1)
[18:08:04]ATTACK: venus human trap attacked Space Bat  (NEWHP: 0)(164,158,1)
[18:08:26]ATTACK: venus human trap attacked Space Bat  (NEWHP: 0)(163,159,1)
[18:08:38]ATTACK: venus human trap attacked Space Bat  (NEWHP: 0)(163,159,1)
[18:08:55]ATTACK: venus human trap attacked Space Bat  (NEWHP: 0)(163,159,1)
[18:09:07]ATTACK: venus human trap attacked Space Bat  (NEWHP: 0)(163,159,1)
[18:11:43]ATTACK: Molerat attacked Griffin Whiteman(pahomlancer)  (NEWHP: 100)(97,139,1)
[18:11:43]ATTACK: Molerat attacked Griffin Whiteman(pahomlancer)  (NEWHP: 95)(97,139,1)
[18:11:43]ATTACK: Griffin Whiteman(pahomlancer) shot Molerat with the pellet (NEWHP: 78)(98,139,1)
[18:11:43]ATTACK: Griffin Whiteman(pahomlancer) shot Molerat with the pellet (NEWHP: 73)(98,139,1)
[18:11:43]ATTACK: Griffin Whiteman(pahomlancer) shot Molerat with the pellet (NEWHP: 73)(98,139,1)
[18:11:43]ATTACK: Griffin Whiteman(pahomlancer) shot Molerat with the pellet (NEWHP: 66)(98,139,1)
[18:11:43]ATTACK: Griffin Whiteman(pahomlancer) shot Molerat with the pellet (NEWHP: 65)(98,139,1)
[18:11:43]ATTACK: Griffin Whiteman(pahomlancer) shot Molerat with the pellet (NEWHP: 56)(98,139,1)
[18:11:43]ATTACK: Griffin Whiteman(pahomlancer) shot Molerat with the pellet (NEWHP: 50)(98,139,1)
[18:11:43]ATTACK: Griffin Whiteman(pahomlancer) shot Molerat with the pellet (NEWHP: 41)(98,139,1)
[18:11:45]ATTACK: Molerat attacked Griffin Whiteman(pahomlancer)  (NEWHP: 88)(97,142,1)
[18:11:45]ATTACK: Molerat attacked Griffin Whiteman(pahomlancer)  (NEWHP: 81)(97,142,1)
[18:11:47]ATTACK: Griffin Whiteman(pahomlancer) shot Molerat with the pellet (NEWHP: 75)(97,142,1)
[18:11:47]ATTACK: Griffin Whiteman(pahomlancer) shot Molerat with the pellet (NEWHP: 75)(97,142,1)
[18:11:47]ATTACK: Griffin Whiteman(pahomlancer) shot Molerat with the pellet (NEWHP: 67)(97,142,1)
[18:11:47]ATTACK: Griffin Whiteman(pahomlancer) shot Molerat with the pellet (NEWHP: 59)(97,142,1)
[18:11:47]ATTACK: Griffin Whiteman(pahomlancer) shot Molerat with the pellet (NEWHP: 52)(97,142,1)
[18:11:47]ATTACK: Griffin Whiteman(pahomlancer) shot Molerat with the pellet (NEWHP: 42)(97,142,1)
[18:11:47]ATTACK: Griffin Whiteman(pahomlancer) shot Molerat with the pellet (NEWHP: 38)(97,142,1)
[18:11:47]ATTACK: Griffin Whiteman(pahomlancer) shot Molerat with the pellet (NEWHP: 28)(97,142,1)
[18:11:47]ATTACK: Molerat attacked Griffin Whiteman(pahomlancer)  (NEWHP: 75)(97,143,1)
[18:11:47]ATTACK: Molerat attacked Griffin Whiteman(pahomlancer)  (NEWHP: 65)(97,143,1)
[18:11:49]ATTACK: Molerat attacked Griffin Whiteman(pahomlancer)  (NEWHP: 59)(97,143,1)
[18:11:49]ATTACK: Molerat attacked Griffin Whiteman(pahomlancer)  (NEWHP: 51)(97,143,1)
[18:11:50]ATTACK: Griffin Whiteman(pahomlancer) shot Molerat with the pellet (NEWHP: 21)(97,142,1)
[18:11:50]ATTACK: Griffin Whiteman(pahomlancer) shot Molerat with the pellet (NEWHP: 15)(97,142,1)
[18:11:50]ATTACK: Griffin Whiteman(pahomlancer) shot Molerat with the pellet (NEWHP: 15)(97,142,1)
[18:11:50]ATTACK: Griffin Whiteman(pahomlancer) shot Molerat with the pellet (NEWHP: 6)(97,142,1)
[18:11:51]ATTACK: Molerat attacked Griffin Whiteman(pahomlancer)  (NEWHP: 43)(97,143,1)
[18:11:51]ATTACK: Molerat attacked Griffin Whiteman(pahomlancer)  (NEWHP: 36)(97,143,1)
[18:11:53]ATTACK: Molerat attacked Griffin Whiteman(pahomlancer)  (NEWHP: 30)(97,141,1)
[18:11:53]ATTACK: Molerat attacked Griffin Whiteman(pahomlancer)  (NEWHP: 23)(97,141,1)


Starting up. 18:20.13
---------------------
[18:21:06]ATTACK: rad scorpion (768) attacked Default Cyborg-516  (NEWHP: 100)(40,159,1)
[18:21:08]ATTACK: rad scorpion (768) attacked Default Cyborg-516  (NEWHP: 93)(40,159,1)
[18:21:08]ATTACK: giant rad scorpion (378) attacked Default Cyborg-516  (NEWHP: 84)(40,159,1)
[18:21:10]ATTACK: rad scorpion (768) attacked Default Cyborg-516  (NEWHP: 68)(40,159,1)
[18:21:10]ATTACK: giant rad scorpion (378) attacked Default Cyborg-516  (NEWHP: 59)(40,159,1)
[18:21:13]ATTACK: rad scorpion (768) attacked Default Cyborg-516  (NEWHP: 40)(40,158,1)
[18:21:13]ATTACK: giant rad scorpion (378) attacked Default Cyborg-516  (NEWHP: 35)(40,158,1)
[18:21:15]ATTACK: rad scorpion (768) attacked Default Cyborg-516  (NEWHP: 19)(40,158,1)
[18:21:15]ATTACK: giant rad scorpion (378) attacked Default Cyborg-516  (NEWHP: 12)(40,158,1)
[18:21:17]ATTACK: rad scorpion (768) attacked Default Cyborg-516  (NEWHP: -7)(40,158,1)
[18:21:17]ATTACK: giant rad scorpion (378) attacked Default Cyborg-516  (NEWHP: -15)(40,158,1)
[18:21:19]ATTACK: rad scorpion (768) attacked Default Cyborg-516  (NEWHP: -30)(40,158,1)
[18:21:19]ATTACK: giant rad scorpion (378) attacked Default Cyborg-516  (NEWHP: -39)(40,158,1)
[18:21:21]ATTACK: rad scorpion (768) attacked Default Cyborg-516  (NEWHP: -57)(40,158,1)
[18:21:21]ATTACK: giant rad scorpion (378) attacked Default Cyborg-516  (NEWHP: -66)(40,158,1)
[18:21:23]ATTACK: rad scorpion (768) attacked Default Cyborg-516  (NEWHP: -82)(40,158,1)
[18:21:23]ATTACK: giant rad scorpion (378) attacked Default Cyborg-516  (NEWHP: -91)(40,158,1)
[18:22:05]ATTACK: venus human trap attacked Space Bat  (NEWHP: 0)(164,157,1)
[18:22:13]ATTACK: venus human trap attacked venus human trap  (NEWHP: 45)(175,165,1)
[18:22:17]ATTACK: venus human trap attacked venus human trap  (NEWHP: 65)(177,165,1)
[18:22:17]ATTACK: venus human trap attacked venus human trap  (NEWHP: 15)(176,165,1)
[18:22:23]ATTACK: venus human trap attacked Space Bat  (NEWHP: 0)(164,157,1)
[18:22:25]ATTACK: venus human trap attacked venus human trap  (NEWHP: 60)(158,158,1)
[18:22:25]ATTACK: venus human trap attacked venus human trap  (NEWHP: 65)(157,157,1)
[18:22:27]ATTACK: venus human trap attacked venus human trap  (NEWHP: 35)(157,158,1)
[18:22:27]ATTACK: venus human trap attacked venus human trap  (NEWHP: 40)(157,157,1)
[18:22:29]ATTACK: venus human trap attacked venus human trap  (NEWHP: 15)(157,156,1)
[18:22:39]ATTACK: venus human trap attacked Space Bat  (NEWHP: 0)(164,157,1)
[18:22:47]ATTACK: venus human trap attacked Space Bat  (NEWHP: 0)(164,157,1)
[18:22:55]ATTACK: venus human trap attacked Space Bat  (NEWHP: 0)(164,158,1)
[18:23:19]ATTACK: venus human trap attacked Space Bat  (NEWHP: 0)(164,158,1)
[18:23:26]ATTACK: Griffin Whiteman(pahomlancer) shot Molerat with the bullet (NEWHP: 40)(98,140,1)
[18:23:26]ATTACK: Molerat attacked Griffin Whiteman(pahomlancer)  (NEWHP: 100)(97,140,1)
[18:23:26]ATTACK: Griffin Whiteman(pahomlancer) shot Molerat with the bullet (NEWHP: 0)(98,140,1)
[18:23:32]ATTACK: Mutant attacked Griffin Whiteman(pahomlancer)  (NEWHP: 91)(98,140,1)
[18:23:32]ATTACK: Griffin Whiteman(pahomlancer) shot Mutant with the bullet (NEWHP: 210)(98,139,1)
[18:23:32]ATTACK: Griffin Whiteman(pahomlancer) shot Mutant with the bullet (NEWHP: 170)(98,141,1)
[18:23:33]ATTACK: Griffin Whiteman(pahomlancer) shot Mutant with the bullet (NEWHP: 130)(98,141,1)
[18:23:33]ATTACK: Griffin Whiteman(pahomlancer) shot Mutant with the bullet (NEWHP: 90)(98,141,1)
[18:23:34]ATTACK: Griffin Whiteman(pahomlancer) shot Mutant with the bullet (NEWHP: 50)(98,141,1)
[18:23:34]ATTACK: Mutant attacked Griffin Whiteman(pahomlancer)  (NEWHP: 61)(98,142,1)
[18:23:34]ATTACK: Griffin Whiteman(pahomlancer) shot Mutant with the bullet (NEWHP: 10)(98,141,1)
[18:23:35]ATTACK: Griffin Whiteman(pahomlancer) shot Mutant with the bullet (NEWHP: 0)(98,141,1)
[18:23:50]ATTACK: venus human trap attacked Space Bat  (NEWHP: 0)(163,157,1)
[18:23:52]ATTACK: venus human trap attacked Space Bat  (NEWHP: 0)(163,157,1)


Starting up. 18:42.48
---------------------
[18:44:31]ATTACK: giant rad scorpion (962) attacked Default Cyborg-861  (NEWHP: 100)(40,159,1)
[18:44:33]ATTACK: giant rad scorpion (962) attacked Default Cyborg-861  (NEWHP: 84)(40,159,1)
[18:44:35]ATTACK: rad scorpion (363) attacked Default Cyborg-861  (NEWHP: 67)(40,159,1)
[18:44:35]ATTACK: giant rad scorpion (962) attacked Default Cyborg-861  (NEWHP: 59)(40,159,1)
[18:44:37]ATTACK: rad scorpion (363) attacked Default Cyborg-861  (NEWHP: 44)(40,159,1)
[18:44:37]ATTACK: giant rad scorpion (962) attacked Default Cyborg-861  (NEWHP: 34)(40,159,1)
[18:44:39]ATTACK: rad scorpion (363) attacked Default Cyborg-861  (NEWHP: 16)(40,159,1)
[18:44:39]ATTACK: giant rad scorpion (962) attacked Default Cyborg-861  (NEWHP: 7)(40,159,1)
[18:44:41]ATTACK: rad scorpion (363) attacked Default Cyborg-861  (NEWHP: -11)(40,159,1)
[18:44:41]ATTACK: giant rad scorpion (962) attacked Default Cyborg-861  (NEWHP: -19)(40,159,1)
[18:44:43]ATTACK: rad scorpion (363) attacked Default Cyborg-861  (NEWHP: -35)(40,159,1)
[18:44:43]ATTACK: giant rad scorpion (962) attacked Default Cyborg-861  (NEWHP: -42)(40,159,1)
[18:44:46]ATTACK: giant rad scorpion (962) attacked Default Cyborg-861  (NEWHP: -58)(40,159,1)
[18:44:48]ATTACK: rad scorpion (363) attacked Default Cyborg-861  (NEWHP: -76)(40,159,1)
[18:44:48]ATTACK: giant rad scorpion (962) attacked Default Cyborg-861  (NEWHP: -86)(40,159,1)
[18:45:23]ATTACK: venus human trap attacked venus human trap  (NEWHP: 25)(176,165,1)
[18:45:33]ATTACK: venus human trap attacked venus human trap  (NEWHP: 50)(158,159,1)
[18:45:35]ATTACK: venus human trap attacked venus human trap  (NEWHP: 25)(158,159,1)
[18:46:10]ATTACK: venus human trap attacked Space Bat  (NEWHP: 0)(163,159,1)
[18:46:14]ATTACK: venus human trap attacked Space Bat  (NEWHP: 0)(163,159,1)
[18:46:16]ATTACK: venus human trap attacked Space Bat  (NEWHP: 0)(163,159,1)
[18:46:20]ATTACK: venus human trap attacked Space Bat  (NEWHP: 0)(163,159,1)
[18:46:30]ATTACK: venus human trap attacked Space Bat  (NEWHP: 0)(163,159,1)
[18:46:35]ATTACK: venus human trap attacked Space Bat  (NEWHP: 0)(163,159,1)
[18:46:41]ATTACK: venus human trap attacked Space Bat  (NEWHP: 0)(163,159,1)
[18:46:43]ATTACK: Mutant attacked Griffin Whiteman(pahomlancer)  (NEWHP: 100)(93,130,1)
[18:46:45]ATTACK: Mutant attacked Griffin Whiteman(pahomlancer)  (NEWHP: 72)(92,130,1)
[18:46:45]ATTACK: venus human trap attacked Space Bat  (NEWHP: 0)(163,159,1)
[18:46:47]ATTACK: venus human trap attacked Space Bat  (NEWHP: 0)(163,159,1)
[18:47:05]ATTACK: venus human trap attacked Space Bat  (NEWHP: 0)(164,158,1)
[18:47:05]ATTACK: NON-EXISTANT SUBJECT shot Griffin Whiteman(pahomlancer) with the bullet (NEWHP: 100)(28,116,1)
[18:47:06]ATTACK: Gunner shot Griffin Whiteman(pahomlancer) with the bullet (NEWHP: 100)(28,117,1)
[18:47:06]ATTACK: NON-EXISTANT SUBJECT shot Griffin Whiteman(pahomlancer) with the bullet (NEWHP: 100)(28,117,1)
[18:47:06]ATTACK: Gunner shot Griffin Whiteman(pahomlancer) with the bullet (NEWHP: 100)(28,117,1)
[18:47:09]ATTACK: venus human trap attacked Space Bat  (NEWHP: 0)(164,158,1)
[18:47:09]ATTACK: Gunner shot Griffin Whiteman(pahomlancer) with the bullet (NEWHP: -15)(27,122,1)
[18:47:09]ATTACK: Gunner shot Griffin Whiteman(pahomlancer) with the bullet (NEWHP: -15)(27,122,1)
[18:47:09]ATTACK: Gunner shot Griffin Whiteman(pahomlancer) with the bullet (NEWHP: -15)(27,122,1)
[18:47:11]ATTACK: Gunner shot Griffin Whiteman(pahomlancer) with the bullet (NEWHP: -55)(27,122,1)
[18:47:11]ATTACK: Gunner shot Griffin Whiteman(pahomlancer) with the bullet (NEWHP: 100)(27,122,1)
[18:47:12]ATTACK: Gunner shot Griffin Whiteman(pahomlancer) with the bullet (NEWHP: 100)(27,122,1)
[18:47:13]ATTACK: NON-EXISTANT SUBJECT shot Griffin Whiteman(pahomlancer) with the bullet (NEWHP: 20)(27,122,1)
[18:47:14]ATTACK: NON-EXISTANT SUBJECT shot Griffin Whiteman(pahomlancer) with the bullet (NEWHP: 20)(27,122,1)
[18:47:14]ATTACK: NON-EXISTANT SUBJECT shot Griffin Whiteman(pahomlancer) with the bullet (NEWHP: 20)(27,122,1)
[18:47:14]ATTACK: NON-EXISTANT SUBJECT shot Griffin Whiteman(pahomlancer) with the bullet (NEWHP: 20)(27,122,1)
[18:47:15]ATTACK: Gunner shot Griffin Whiteman(pahomlancer) with the bullet (NEWHP: -100)(27,122,1)
[18:47:15]ATTACK: Gunner shot Griffin Whiteman(pahomlancer) with the bullet (NEWHP: -100)(27,122,1)
[18:47:16]ATTACK: Gunner shot Griffin Whiteman(pahomlancer) with the bullet (NEWHP: -100)(27,122,1)
[18:47:26]ATTACK: NON-EXISTANT SUBJECT shot Gunner with the bullet (NEWHP: 255)(26,119,1)
[18:47:26]ATTACK: NON-EXISTANT SUBJECT shot Griffin Whiteman(pahomlancer) with the bullet (NEWHP: 100)(27,122,1)
[18:47:26]ATTACK: NON-EXISTANT SUBJECT shot Griffin Whiteman(pahomlancer) with the bullet (NEWHP: 100)(27,122,1)
[18:47:26]ATTACK: NON-EXISTANT SUBJECT shot Griffin Whiteman(pahomlancer) with the bullet (NEWHP: 100)(27,122,1)
[18:47:27]ATTACK: venus human trap attacked Space Bat  (NEWHP: 0)(164,157,1)
[18:47:27]ATTACK: Gunner shot Griffin Whiteman(pahomlancer) with the bullet (NEWHP: 100)(27,123,1)
[18:47:27]ATTACK: Gunner shot Griffin Whiteman(pahomlancer) with the bullet (NEWHP: 100)(27,123,1)
[18:47:28]ATTACK: Gunner shot Griffin Whiteman(pahomlancer) with the bullet (NEWHP: 100)(27,125,1)
[18:47:28]ATTACK: Gunner shot Griffin Whiteman(pahomlancer) with the bullet (NEWHP: 100)(27,125,1)
[18:47:28]ATTACK: NON-EXISTANT SUBJECT shot Griffin Whiteman(pahomlancer) with the bullet (NEWHP: 100)(26,125,1)
[18:47:28]ATTACK: NON-EXISTANT SUBJECT shot Gunner with the bullet (NEWHP: 210)(26,123,1)
[18:47:30]ATTACK: NON-EXISTANT SUBJECT shot Griffin Whiteman(pahomlancer) with the bullet (NEWHP: 100)(23,126,1)
[18:47:30]ATTACK: NON-EXISTANT SUBJECT shot Griffin Whiteman(pahomlancer) with the bullet (NEWHP: 100)(23,126,1)
[18:47:30]ATTACK: NON-EXISTANT SUBJECT shot Griffin Whiteman(pahomlancer) with the bullet (NEWHP: 100)(23,126,1)
[18:47:32]ATTACK: NON-EXISTANT SUBJECT shot Griffin Whiteman(pahomlancer) with the bullet (NEWHP: 100)(23,126,1)
[18:47:32]ATTACK: NON-EXISTANT SUBJECT shot Griffin Whiteman(pahomlancer) with the bullet (NEWHP: 100)(23,126,1)
[18:47:32]ATTACK: NON-EXISTANT SUBJECT shot Gunner with the bullet (NEWHP: 165)(24,124,1)
[18:47:33]ATTACK: Gunner attacked Griffin Whiteman(pahomlancer)  (NEWHP: 100)(21,127,1)
[18:47:34]ATTACK: Gunner shot Griffin Whiteman(pahomlancer) with the bullet (NEWHP: 100)(21,127,1)
[18:47:34]ATTACK: NON-EXISTANT SUBJECT shot Griffin Whiteman(pahomlancer) with the bullet (NEWHP: 100)(21,127,1)
[18:47:34]ATTACK: NON-EXISTANT SUBJECT shot Griffin Whiteman(pahomlancer) with the bullet (NEWHP: 100)(21,127,1)
[18:47:35]ATTACK: Gunner shot Griffin Whiteman(pahomlancer) with the bullet (NEWHP: 100)(21,127,1)
[18:47:36]ATTACK: Gunner shot Griffin Whiteman(pahomlancer) with the bullet (NEWHP: 100)(21,127,1)
[18:47:36]ATTACK: Gunner shot Griffin Whiteman(pahomlancer) with the bullet (NEWHP: 100)(21,127,1)
[18:47:36]ATTACK: NON-EXISTANT SUBJECT shot Gunner with the bullet (NEWHP: 120)(22,126,1)
[18:47:36]ATTACK: NON-EXISTANT SUBJECT shot Griffin Whiteman(pahomlancer) with the bullet (NEWHP: 100)(21,127,1)
[18:47:38]ATTACK: Gunner attacked Griffin Whiteman(pahomlancer)  (NEWHP: 100)(14,127,1)
[18:47:38]ATTACK: Gunner shot Gunner with the bullet (NEWHP: 260)(13,127,1)
[18:47:38]ATTACK: Gunner shot Griffin Whiteman(pahomlancer) with the bullet (NEWHP: 100)(13,130,1)
[18:47:40]ATTACK: Gunner shot Griffin Whiteman(pahomlancer) with the bullet (NEWHP: 100)(13,130,1)
[18:47:40]ATTACK: Gunner shot Griffin Whiteman(pahomlancer) with the bullet (NEWHP: 100)(13,130,1)
[18:47:40]ATTACK: Gunner shot Griffin Whiteman(pahomlancer) with the bullet (NEWHP: 100)(13,130,1)
[18:47:44]ATTACK: Gunner shot Griffin Whiteman(pahomlancer) with the bullet (NEWHP: 100)(10,124,1)
[18:47:44]ATTACK: Gunner shot Griffin Whiteman(pahomlancer) with the bullet (NEWHP: 100)(10,124,1)
[18:47:44]ATTACK: Gunner shot Griffin Whiteman(pahomlancer) with the bullet (NEWHP: 100)(10,124,1)
[18:47:46]ATTACK: Gunner attacked Griffin Whiteman(pahomlancer)  (NEWHP: 100)(10,124,1)
[18:47:48]ATTACK: Gunner shot Griffin Whiteman(pahomlancer) with the bullet (NEWHP: 100)(10,124,1)
[18:47:50]ATTACK: Gunner attacked Griffin Whiteman(pahomlancer)  (NEWHP: 100)(10,124,1)
[18:47:50]ATTACK: Gunner shot Gunner with the bullet (NEWHP: 220)(11,125,1)
[18:47:50]ATTACK: Griffin Whiteman(pahomlancer) shot Gunner with the bullet (NEWHP: 185)(11,125,1)
[18:47:50]ATTACK: Griffin Whiteman(pahomlancer) shot Gunner with the bullet (NEWHP: 265)(11,126,1)
[18:47:50]ATTACK: Griffin Whiteman(pahomlancer) shot Gunner with the bullet (NEWHP: 230)(11,126,1)
[18:47:50]ATTACK: Gunner shot Griffin Whiteman(pahomlancer) with the bullet (NEWHP: 100)(10,124,1)
[18:47:50]ATTACK: Gunner shot Griffin Whiteman(pahomlancer) with the bullet (NEWHP: 100)(10,124,1)
[18:47:51]ATTACK: Griffin Whiteman(pahomlancer) shot Gunner with the bullet (NEWHP: 195)(11,126,1)
[18:47:51]ATTACK: Griffin Whiteman(pahomlancer) shot Gunner with the bullet (NEWHP: 160)(11,126,1)
[18:47:51]ATTACK: Griffin Whiteman(pahomlancer) shot Gunner with the bullet (NEWHP: 125)(11,126,1)
[18:47:51]ATTACK: Griffin Whiteman(pahomlancer) shot Gunner with the bullet (NEWHP: 90)(11,126,1)
[18:47:51]ATTACK: Griffin Whiteman(pahomlancer) shot Gunner with the bullet (NEWHP: 55)(11,126,1)
[18:47:51]ATTACK: Griffin Whiteman(pahomlancer) shot Gunner with the bullet (NEWHP: 20)(11,126,1)
[18:47:52]ATTACK: Griffin Whiteman(pahomlancer) shot Gunner with the bullet (NEWHP: 150)(11,126,1)
[18:47:52]ATTACK: Griffin Whiteman(pahomlancer) shot Phillip Andreev with the bullet (NEWHP: 100)(12,127,1)
[18:47:53]ATTACK: Griffin Whiteman(pahomlancer) shot Gunner with the bullet (NEWHP: 115)(11,125,1)
[18:47:53]ATTACK: Griffin Whiteman(pahomlancer) shot Gunner with the bullet (NEWHP: 80)(11,125,1)
[18:47:53]ATTACK: Griffin Whiteman(pahomlancer) shot Gunner with the bullet (NEWHP: 45)(11,125,1)
[18:47:53]ATTACK: Griffin Whiteman(pahomlancer) shot Gunner with the bullet (NEWHP: 10)(11,125,1)
[18:47:53]ATTACK: Griffin Whiteman(pahomlancer) shot Victor Ashbaugh with the bullet (NEWHP: 100)(11,125,1)
[18:48:02]ATTACK: venus human trap attacked Space Bat  (NEWHP: 0)(163,158,1)
[18:48:12]ATTACK: venus human trap attacked Space Bat  (NEWHP: 0)(163,158,1)
[18:48:20]ATTACK: venus human trap attacked Space Bat  (NEWHP: 0)(163,158,1)
[18:48:28]ATTACK: venus human trap attacked Space Bat  (NEWHP: 0)(163,158,1)
[18:48:40]ATTACK: venus human trap attacked Space Bat  (NEWHP: 0)(163,158,1)
[18:48:47]ATTACK: Raider shot Gekkon with the pellet (NEWHP: 100)(141,87,1)
[18:48:48]ATTACK: Gekkon attacked Raider  (NEWHP: 150)(145,90,1)
[18:48:48]ATTACK: Raider attacked Gekkon  (NEWHP: 100)(144,90,1)
[18:48:49]ATTACK: Raider shot Gekkon with the pellet (NEWHP: 55)(145,90,1)
[18:48:52]ATTACK: venus human trap attacked Space Bat  (NEWHP: 0)(163,158,1)
[18:48:52]ATTACK: Raider shot Gekkon with the pellet (NEWHP: 35)(150,99,1)
[18:48:54]ATTACK: venus human trap attacked Space Bat  (NEWHP: 0)(163,158,1)
[18:48:55]ATTACK: Raider shot Gekkon with the pellet (NEWHP: 15)(150,108,1)
[18:48:55]ATTACK: Raider shot Gekkon with the pellet (NEWHP: 0)(150,108,1)
[18:49:14]ATTACK: venus human trap attacked Space Bat  (NEWHP: 0)(164,157,1)
[18:49:34]ATTACK: venus human trap attacked Space Bat  (NEWHP: 0)(164,157,1)
[18:49:36]ATTACK: venus human trap attacked Space Bat  (NEWHP: 0)(164,157,1)
[18:49:53]ATTACK: venus human trap attacked Space Bat  (NEWHP: 0)(164,158,1)
[18:49:59]ATTACK: venus human trap attacked Space Bat  (NEWHP: 0)(164,158,1)
[18:50:01]ATTACK: Gunner shot Griffin Whiteman(pahomlancer) with the bullet (NEWHP: 100)(10,132,1)
[18:50:02]ATTACK: Gunner shot Griffin Whiteman(pahomlancer) with the bullet (NEWHP: 100)(10,132,1)
[18:50:02]ATTACK: Gunner shot Griffin Whiteman(pahomlancer) with the bullet (NEWHP: 100)(10,132,1)
[18:50:03]ATTACK: Griffin Whiteman(pahomlancer) shot Gunner with the bullet (NEWHP: 265)(10,135,1)
[18:50:03]ATTACK: Griffin Whiteman(pahomlancer) shot Gunner with the bullet (NEWHP: 230)(10,136,1)
[18:50:03]ATTACK: Griffin Whiteman(pahomlancer) shot Gunner with the bullet (NEWHP: 195)(10,136,1)
[18:50:04]ATTACK: Griffin Whiteman(pahomlancer) shot Gunner with the bullet (NEWHP: 160)(10,137,1)
[18:50:04]ATTACK: Griffin Whiteman(pahomlancer) shot Gunner with the bullet (NEWHP: 125)(10,137,1)
[18:50:04]ATTACK: Griffin Whiteman(pahomlancer) shot Gunner with the bullet (NEWHP: 90)(10,137,1)
[18:50:05]ATTACK: Griffin Whiteman(pahomlancer) shot Gunner with the bullet (NEWHP: 55)(10,137,1)
[18:50:05]ATTACK: Griffin Whiteman(pahomlancer) shot Gunner with the bullet (NEWHP: 20)(10,137,1)
[18:50:11]ATTACK: venus human trap attacked Space Bat  (NEWHP: 0)(163,157,1)
[18:50:23]ATTACK: venus human trap attacked Space Bat  (NEWHP: 0)(163,157,1)
[18:50:25]ATTACK: venus human trap attacked Space Bat  (NEWHP: 0)(163,157,1)
[18:50:27]ATTACK: venus human trap attacked Space Bat  (NEWHP: 0)(163,157,1)
[18:50:48]ATTACK: venus human trap attacked Space Bat  (NEWHP: 0)(163,158,1)
[18:50:58]ATTACK: venus human trap attacked Space Bat  (NEWHP: 0)(164,158,1)
[18:51:10]ATTACK: venus human trap attacked Space Bat  (NEWHP: 0)(164,158,1)
[18:51:12]ATTACK: venus human trap attacked Space Bat  (NEWHP: 0)(164,158,1)
[18:51:51]ATTACK: venus human trap attacked Space Bat  (NEWHP: 0)(163,157,1)
[18:51:57]ATTACK: venus human trap attacked Space Bat  (NEWHP: 0)(163,157,1)
[18:54:36]ATTACK: Raider shot Raider with the pellet (NEWHP: 130)(136,239,1)
[18:54:48]ATTACK: Raider shot Raider with the pellet (NEWHP: 110)(136,239,1)
[18:55:00]ATTACK: Raider shot Raider with the pellet (NEWHP: 90)(136,239,1)
[18:55:11]ATTACK: Raider attacked Gekkon  (NEWHP: 120)(150,102,1)
[18:55:11]ATTACK: Gekkon attacked Raider  (NEWHP: 150)(150,103,1)
[18:55:13]ATTACK: Raider attacked Gekkon  (NEWHP: 95)(150,110,1)
[18:55:13]ATTACK: Gekkon attacked Raider  (NEWHP: 136)(150,111,1)
[18:55:13]ATTACK: Raider shot Raider with the pellet (NEWHP: 70)(136,239,1)
[18:55:15]ATTACK: Raider attacked Gekkon  (NEWHP: 70)(150,118,1)
[18:55:15]ATTACK: Gekkon attacked Raider  (NEWHP: 125)(150,119,1)
[18:55:17]ATTACK: Raider attacked Gekkon  (NEWHP: 45)(151,126,1)
[18:55:17]ATTACK: Gekkon attacked Raider  (NEWHP: 115)(151,127,1)
[18:55:19]ATTACK: Raider attacked Gekkon  (NEWHP: 20)(153,134,1)
[18:55:25]ATTACK: Raider shot Raider with the pellet (NEWHP: 50)(136,239,1)
[18:55:31]ATTACK: Raider shot Raider with the pellet (NEWHP: 30)(136,239,1)
[18:55:31]ATTACK: Raider shot Raider with the pellet (NEWHP: 10)(136,239,1)
[18:55:31]ATTACK: Raider shot Irene Jowers with the pellet (NEWHP: 100)(136,239,1)
[18:55:31]ATTACK: Raider shot Irene Jowers with the pellet (NEWHP: 100)(136,239,1)
[18:55:31]ATTACK: Raider shot Irene Jowers with the pellet (NEWHP: 100)(136,239,1)
[18:56:23]ATTACK: Gunner shot Griffin Whiteman(pahomlancer) with the bullet (NEWHP: 100)(12,142,1)
[18:56:23]ATTACK: Gunner shot Griffin Whiteman(pahomlancer) with the bullet (NEWHP: 100)(12,142,1)
[18:56:24]ATTACK: Gunner shot Gunner with the bullet (NEWHP: 260)(12,144,1)
[18:56:24]ATTACK: Gunner shot Griffin Whiteman(pahomlancer) with the bullet (NEWHP: 100)(12,142,1)
[18:56:24]ATTACK: Gunner shot Gunner with the bullet (NEWHP: 220)(12,144,1)
[18:56:24]ATTACK: Gunner shot Griffin Whiteman(pahomlancer) with the bullet (NEWHP: 100)(12,142,1)
[18:56:24]ATTACK: Gunner shot Griffin Whiteman(pahomlancer) with the bullet (NEWHP: 100)(12,142,1)
[18:56:24]ATTACK: Gunner shot Gunner with the bullet (NEWHP: 180)(12,145,1)
[18:56:25]ATTACK: Griffin Whiteman(pahomlancer) shot Gunner with the bullet (NEWHP: 265)(12,144,1)
[18:56:25]ATTACK: Griffin Whiteman(pahomlancer) shot Gunner with the bullet (NEWHP: 230)(12,144,1)
[18:56:25]ATTACK: Griffin Whiteman(pahomlancer) shot Gunner with the bullet (NEWHP: 195)(12,144,1)
[18:56:25]ATTACK: Gunner attacked Griffin Whiteman(pahomlancer)  (NEWHP: 100)(12,142,1)
[18:56:29]ATTACK: Gunner attacked Griffin Whiteman(pahomlancer)  (NEWHP: 100)(13,148,1)
[18:56:29]ATTACK: Gunner attacked Griffin Whiteman(pahomlancer)  (NEWHP: 100)(13,148,1)
[18:56:29]ATTACK: Gunner shot Gunner with the bullet (NEWHP: 260)(13,146,1)
[18:56:31]ATTACK: Gunner attacked Griffin Whiteman(pahomlancer)  (NEWHP: 100)(17,150,1)
[18:56:32]ATTACK: Gunner shot Gunner with the bullet (NEWHP: 140)(14,149,1)
[18:56:32]ATTACK: Gunner shot Griffin Whiteman(pahomlancer) with the bullet (NEWHP: 100)(17,149,1)
[18:56:33]ATTACK: Griffin Whiteman(pahomlancer) shot Gunner with the bullet (NEWHP: 162)(15,149,1)
[18:56:33]ATTACK: Griffin Whiteman(pahomlancer) shot Gunner with the bullet (NEWHP: 129)(15,149,1)
[18:56:34]ATTACK: Griffin Whiteman(pahomlancer) shot Gunner with the bullet (NEWHP: 96)(14,149,1)
[18:56:34]ATTACK: Griffin Whiteman(pahomlancer) shot Gunner with the bullet (NEWHP: 63)(14,149,1)
[18:56:35]ATTACK: Griffin Whiteman(pahomlancer) shot Gunner with the bullet (NEWHP: 30)(12,149,1)
[18:56:35]ATTACK: Gunner attacked Griffin Whiteman(pahomlancer)  (NEWHP: 100)(15,149,1)
[18:56:36]ATTACK: Gunner shot Gunner with the bullet (NEWHP: 100)(13,148,1)
[18:56:37]ATTACK: Gunner attacked Griffin Whiteman(pahomlancer)  (NEWHP: 100)(13,148,1)
[18:56:37]ATTACK: Gunner attacked Griffin Whiteman(pahomlancer)  (NEWHP: 100)(13,148,1)
[18:56:37]ATTACK: Gunner shot Griffin Whiteman(pahomlancer) with the bullet (NEWHP: 100)(13,148,1)
[18:56:38]ATTACK: Gunner shot Griffin Whiteman(pahomlancer) with the bullet (NEWHP: 100)(13,147,1)
[18:56:38]ATTACK: Gunner shot Griffin Whiteman(pahomlancer) with the bullet (NEWHP: 100)(13,147,1)
[18:56:40]ATTACK: Gunner shot Gunner with the bullet (NEWHP: 220)(13,143,1)
[18:56:41]ATTACK: Gunner shot Griffin Whiteman(pahomlancer) with the bullet (NEWHP: 100)(15,145,1)
[18:56:42]ATTACK: Gunner shot Griffin Whiteman(pahomlancer) with the bullet (NEWHP: 100)(15,145,1)
[18:56:42]ATTACK: Gunner shot Griffin Whiteman(pahomlancer) with the bullet (NEWHP: 100)(14,145,1)
[18:56:43]ATTACK: Gunner shot Griffin Whiteman(pahomlancer) with the bullet (NEWHP: 100)(12,141,1)
[18:56:44]ATTACK: Gunner shot Griffin Whiteman(pahomlancer) with the bullet (NEWHP: 100)(12,141,1)
[18:56:44]ATTACK: Gunner shot Griffin Whiteman(pahomlancer) with the bullet (NEWHP: 100)(12,142,1)
[18:56:45]ATTACK: Gunner shot Gunner with the bullet (NEWHP: 180)(13,144,1)
[18:56:46]ATTACK: Gunner shot Griffin Whiteman(pahomlancer) with the bullet (NEWHP: 100)(12,142,1)
[18:56:46]ATTACK: Gunner shot Griffin Whiteman(pahomlancer) with the bullet (NEWHP: 100)(12,142,1)
[18:56:47]ATTACK: Gunner attacked Griffin Whiteman(pahomlancer)  (NEWHP: 100)(11,142,1)
[18:56:48]ATTACK: Gunner shot Griffin Whiteman(pahomlancer) with the bullet (NEWHP: 100)(12,142,1)
[18:56:48]ATTACK: Gunner shot Griffin Whiteman(pahomlancer) with the bullet (NEWHP: 100)(13,142,1)
[18:56:49]ATTACK: Gunner shot Griffin Whiteman(pahomlancer) with the bullet (NEWHP: 100)(13,140,1)
