

Starting up. 21:36.08
---------------------
[21:38:20]ATTACK: rad scorpion (548) attacked Default Cyborg-841  (NEWHP: 100)(40,159,1)
[21:38:23]ATTACK: rad scorpion (548) attacked Default Cyborg-841  (NEWHP: 93)(40,159,1)
[21:38:23]ATTACK: giant rad scorpion (632) attacked Default Cyborg-841  (NEWHP: 88)(40,159,1)
[21:38:25]ATTACK: rad scorpion (548) attacked Default Cyborg-841  (NEWHP: 70)(40,159,1)
[21:38:25]ATTACK: giant rad scorpion (632) attacked Default Cyborg-841  (NEWHP: 61)(40,159,1)
[21:38:27]ATTACK: rad scorpion (548) attacked Default Cyborg-841  (NEWHP: 41)(40,158,1)
[21:38:27]ATTACK: giant rad scorpion (632) attacked Default Cyborg-841  (NEWHP: 31)(40,158,1)
[21:38:29]ATTACK: rad scorpion (548) attacked Default Cyborg-841  (NEWHP: 14)(40,158,1)
[21:38:29]ATTACK: giant rad scorpion (632) attacked Default Cyborg-841  (NEWHP: 6)(40,158,1)
[21:38:31]ATTACK: rad scorpion (548) attacked Default Cyborg-841  (NEWHP: -9)(40,158,1)
[21:38:31]ATTACK: giant rad scorpion (632) attacked Default Cyborg-841  (NEWHP: -19)(40,158,1)
[21:38:33]ATTACK: rad scorpion (548) attacked Default Cyborg-841  (NEWHP: -37)(40,158,1)
[21:38:33]ATTACK: giant rad scorpion (632) attacked Default Cyborg-841  (NEWHP: -43)(40,158,1)
[21:38:35]ATTACK: rad scorpion (548) attacked Default Cyborg-841  (NEWHP: -62)(40,158,1)
[21:38:35]ATTACK: giant rad scorpion (632) attacked Default Cyborg-841  (NEWHP: -70)(40,158,1)
[21:38:38]ATTACK: rad scorpion (548) attacked Default Cyborg-841  (NEWHP: -89)(40,159,1)
[21:38:38]ATTACK: giant rad scorpion (632) attacked Default Cyborg-841  (NEWHP: -95)(40,159,1)
[21:39:00]ATTACK: venus human trap attacked venus human trap  (NEWHP: 75)(159,162,1)
[21:39:00]ATTACK: venus human trap attacked venus human trap  (NEWHP: 75)(173,165,1)
[21:39:02]ATTACK: venus human trap attacked Space Bat  (NEWHP: 0)(164,159,1)
[21:39:04]ATTACK: venus human trap attacked venus human trap  (NEWHP: 40)(161,162,1)
[21:39:04]ATTACK: venus human trap attacked venus human trap  (NEWHP: 60)(175,165,1)
[21:39:04]ATTACK: venus human trap attacked venus human trap  (NEWHP: 45)(174,165,1)
[21:39:07]ATTACK: venus human trap attacked venus human trap  (NEWHP: 20)(173,165,1)
[21:39:09]ATTACK: venus human trap attacked venus human trap  (NEWHP: 10)(161,162,1)
[21:39:32]ATTACK: venus human trap attacked Space Bat  (NEWHP: 0)(163,159,1)
[21:39:32]ATTACK: Griffin Whiteman(pahomlancer) shot Molerat with the bullet (NEWHP: 40)(93,141,1)
[21:39:33]ATTACK: Griffin Whiteman(pahomlancer) shot Molerat with the bullet (NEWHP: 0)(92,141,1)
[21:39:40]ATTACK: Molerat attacked Griffin Whiteman(pahomlancer)  (NEWHP: 100)(97,141,1)
[21:39:41]ATTACK: Griffin Whiteman(pahomlancer) shot Molerat with the bullet (NEWHP: 40)(93,141,1)
[21:39:41]ATTACK: Griffin Whiteman(pahomlancer) shot Molerat with the bullet (NEWHP: 0)(93,141,1)
[21:39:42]ATTACK: Griffin Whiteman(pahomlancer) shot Molerat with the bullet (NEWHP: 40)(93,141,1)
[21:39:42]ATTACK: Griffin Whiteman(pahomlancer) shot Molerat with the bullet (NEWHP: 0)(91,141,1)
[21:39:50]ATTACK: Molerat attacked Griffin Whiteman(pahomlancer)  (NEWHP: 91.7)(116,140,1)
[21:39:50]ATTACK: Molerat attacked Griffin Whiteman(pahomlancer)  (NEWHP: 87.5)(116,140,1)
[21:39:52]ATTACK: Molerat attacked Griffin Whiteman(pahomlancer)  (NEWHP: 79.5)(116,140,1)
[21:39:52]ATTACK: Molerat attacked Griffin Whiteman(pahomlancer)  (NEWHP: 72.5)(116,140,1)
[21:39:52]ATTACK: Molerat attacked Griffin Whiteman(pahomlancer)  (NEWHP: 65.5)(116,140,1)
[21:39:56]ATTACK: Molerat attacked Griffin Whiteman(pahomlancer)  (NEWHP: 59.3)(119,145,1)
[21:39:56]ATTACK: Molerat attacked Griffin Whiteman(pahomlancer)  (NEWHP: 55.1)(119,145,1)
[21:39:56]ATTACK: Molerat attacked Griffin Whiteman(pahomlancer)  (NEWHP: 51.6)(119,145,1)
[21:39:58]ATTACK: Molerat attacked Griffin Whiteman(pahomlancer)  (NEWHP: 44.3)(116,145,1)
[21:39:58]ATTACK: Molerat attacked Griffin Whiteman(pahomlancer)  (NEWHP: 40.8)(116,145,1)
[21:39:58]ATTACK: Molerat attacked Griffin Whiteman(pahomlancer)  (NEWHP: 34.5)(116,145,1)
[21:40:00]ATTACK: Molerat attacked Griffin Whiteman(pahomlancer)  (NEWHP: 26.5)(114,144,1)
[21:40:00]ATTACK: Molerat attacked Griffin Whiteman(pahomlancer)  (NEWHP: 22.3)(114,144,1)
[21:40:00]ATTACK: Molerat attacked Griffin Whiteman(pahomlancer)  (NEWHP: 18.1)(114,144,1)
[21:40:03]ATTACK: Molerat attacked Griffin Whiteman(pahomlancer)  (NEWHP: 10.1)(114,143,1)
[21:40:03]ATTACK: Molerat attacked Griffin Whiteman(pahomlancer)  (NEWHP: 6.6)(114,143,1)
[21:40:03]ATTACK: Molerat attacked Griffin Whiteman(pahomlancer)  (NEWHP: 2.39999)(114,143,1)
[21:40:03]ATTACK: Molerat attacked Griffin Whiteman(pahomlancer)  (NEWHP: -3.9)(114,143,1)
[21:40:09]ATTACK: venus human trap attacked Space Bat  (NEWHP: 0)(164,157,1)
[21:40:17]ATTACK: Molerat attacked Griffin Whiteman(pahomlancer)  (NEWHP: 100)(114,138,1)
[21:40:17]ATTACK: Molerat attacked Griffin Whiteman(pahomlancer)  (NEWHP: 100)(114,138,1)
[21:40:17]ATTACK: Molerat attacked Griffin Whiteman(pahomlancer)  (NEWHP: 100)(114,138,1)
[21:40:19]ATTACK: Molerat attacked Griffin Whiteman(pahomlancer)  (NEWHP: 100)(114,138,1)
[21:40:19]ATTACK: Molerat attacked Griffin Whiteman(pahomlancer)  (NEWHP: 100)(114,138,1)
[21:40:19]ATTACK: Molerat attacked Griffin Whiteman(pahomlancer)  (NEWHP: 100)(114,138,1)
[21:40:19]ATTACK: Molerat attacked Griffin Whiteman(pahomlancer)  (NEWHP: 100)(114,138,1)
[21:40:19]ATTACK: venus human trap attacked Space Bat  (NEWHP: 0)(164,157,1)
[21:40:21]ATTACK: Molerat attacked Griffin Whiteman(pahomlancer)  (NEWHP: 100)(114,138,1)
[21:40:21]ATTACK: Molerat attacked Griffin Whiteman(pahomlancer)  (NEWHP: 100)(114,138,1)
[21:40:21]ATTACK: Molerat attacked Griffin Whiteman(pahomlancer)  (NEWHP: 100)(114,138,1)
[21:40:21]ATTACK: Molerat attacked Griffin Whiteman(pahomlancer)  (NEWHP: 100)(114,138,1)
[21:40:23]ATTACK: Molerat attacked Griffin Whiteman(pahomlancer)  (NEWHP: 100)(114,138,1)
[21:40:23]ATTACK: Molerat attacked Griffin Whiteman(pahomlancer)  (NEWHP: 100)(114,138,1)
[21:40:23]ATTACK: Molerat attacked Griffin Whiteman(pahomlancer)  (NEWHP: 100)(114,138,1)
[21:40:23]ATTACK: Molerat attacked Griffin Whiteman(pahomlancer)  (NEWHP: 100)(114,138,1)
[21:40:25]ATTACK: Molerat attacked Griffin Whiteman(pahomlancer)  (NEWHP: 100)(114,138,1)
[21:40:25]ATTACK: Molerat attacked Griffin Whiteman(pahomlancer)  (NEWHP: 100)(114,138,1)
[21:40:25]ATTACK: Molerat attacked Griffin Whiteman(pahomlancer)  (NEWHP: 100)(114,138,1)
[21:40:25]ATTACK: Molerat attacked Griffin Whiteman(pahomlancer)  (NEWHP: 100)(114,138,1)
[21:40:27]ATTACK: Molerat attacked Griffin Whiteman(pahomlancer)  (NEWHP: 100)(114,138,1)
[21:40:27]ATTACK: Molerat attacked Griffin Whiteman(pahomlancer)  (NEWHP: 100)(114,138,1)
[21:40:27]ATTACK: Molerat attacked Griffin Whiteman(pahomlancer)  (NEWHP: 100)(114,138,1)
[21:40:27]ATTACK: Molerat attacked Griffin Whiteman(pahomlancer)  (NEWHP: 100)(114,138,1)
[21:40:29]ATTACK: Griffin Whiteman(pahomlancer) shot Molerat with the bullet (NEWHP: 40)(114,139,1)
[21:40:29]ATTACK: Griffin Whiteman(pahomlancer) shot Molerat with the bullet (NEWHP: 0)(114,139,1)
[21:40:29]ATTACK: Griffin Whiteman(pahomlancer) shot Molerat with the bullet (NEWHP: 40)(115,139,1)
[21:40:30]ATTACK: Molerat attacked Griffin Whiteman(pahomlancer)  (NEWHP: 100)(114,138,1)
[21:40:30]ATTACK: Molerat attacked Griffin Whiteman(pahomlancer)  (NEWHP: 100)(114,138,1)
[21:40:30]ATTACK: Molerat attacked Griffin Whiteman(pahomlancer)  (NEWHP: 100)(114,138,1)
[21:40:31]ATTACK: Griffin Whiteman(pahomlancer) shot Molerat with the bullet (NEWHP: 40)(115,139,1)
[21:40:31]ATTACK: Griffin Whiteman(pahomlancer) shot Molerat with the bullet (NEWHP: 0)(115,139,1)
[21:40:32]ATTACK: Molerat attacked Griffin Whiteman(pahomlancer)  (NEWHP: 100)(115,140,1)
[21:40:32]ATTACK: Molerat attacked Griffin Whiteman(pahomlancer)  (NEWHP: 100)(115,140,1)
[21:40:32]ATTACK: Griffin Whiteman(pahomlancer) shot Molerat with the bullet (NEWHP: 0)(115,140,1)
[21:40:34]ATTACK: Molerat attacked Griffin Whiteman(pahomlancer)  (NEWHP: 100)(115,141,1)
[21:40:34]ATTACK: venus human trap attacked Space Bat  (NEWHP: 0)(163,158,1)
[21:40:34]ATTACK: Griffin Whiteman(pahomlancer) shot Molerat with the bullet (NEWHP: 40)(116,140,1)
[21:40:35]ATTACK: Griffin Whiteman(pahomlancer) shot Molerat with the bullet (NEWHP: 0)(116,140,1)
[21:40:38]ATTACK: venus human trap attacked Space Bat  (NEWHP: 0)(163,158,1)
[21:40:42]ATTACK: Molerat attacked Griffin Whiteman(pahomlancer)  (NEWHP: 100)(119,129,1)
[21:40:44]ATTACK: Molerat attacked Griffin Whiteman(pahomlancer)  (NEWHP: 100)(119,127,1)
[21:40:44]ATTACK: Molerat attacked Griffin Whiteman(pahomlancer)  (NEWHP: 100)(119,127,1)
[21:40:46]ATTACK: Molerat attacked Griffin Whiteman(pahomlancer)  (NEWHP: 100)(117,127,1)
[21:40:46]ATTACK: Molerat attacked Griffin Whiteman(pahomlancer)  (NEWHP: 100)(117,127,1)
[21:40:46]ATTACK: venus human trap attacked Space Bat  (NEWHP: 0)(163,158,1)
[21:40:48]ATTACK: Molerat attacked Griffin Whiteman(pahomlancer)  (NEWHP: 100)(117,127,1)
[21:40:48]ATTACK: Molerat attacked Griffin Whiteman(pahomlancer)  (NEWHP: 100)(117,127,1)
[21:40:50]ATTACK: Molerat attacked Griffin Whiteman(pahomlancer)  (NEWHP: 100)(116,124,1)
[21:40:50]ATTACK: Molerat attacked Griffin Whiteman(pahomlancer)  (NEWHP: 100)(116,124,1)
[21:40:50]ATTACK: Molerat attacked Griffin Whiteman(pahomlancer)  (NEWHP: 100)(116,124,1)
[21:40:51]ATTACK: Griffin Whiteman(pahomlancer) attacked Molerat  (NEWHP: 77)(116,125,1)
[21:40:52]ATTACK: Griffin Whiteman(pahomlancer) attacked Molerat  (NEWHP: 74)(116,125,1)
[21:40:52]ATTACK: Molerat attacked Griffin Whiteman(pahomlancer)  (NEWHP: 100)(116,124,1)
[21:40:52]ATTACK: Molerat attacked Griffin Whiteman(pahomlancer)  (NEWHP: 100)(116,124,1)
[21:40:52]ATTACK: Molerat attacked Griffin Whiteman(pahomlancer)  (NEWHP: 100)(116,124,1)
[21:40:52]ATTACK: Molerat attacked Griffin Whiteman(pahomlancer)  (NEWHP: 100)(116,124,1)
[21:40:53]ATTACK: Griffin Whiteman(pahomlancer) attacked Molerat  (NEWHP: 71)(116,125,1)
[21:40:53]ATTACK: Griffin Whiteman(pahomlancer) attacked Molerat  (NEWHP: 68)(116,125,1)
[21:40:54]ATTACK: Molerat attacked Griffin Whiteman(pahomlancer)  (NEWHP: 100)(116,124,1)
[21:40:54]ATTACK: Molerat attacked Griffin Whiteman(pahomlancer)  (NEWHP: 100)(116,124,1)
[21:40:54]ATTACK: Molerat attacked Griffin Whiteman(pahomlancer)  (NEWHP: 100)(116,124,1)
[21:40:54]ATTACK: Molerat attacked Griffin Whiteman(pahomlancer)  (NEWHP: 100)(116,124,1)
[21:40:54]ATTACK: Griffin Whiteman(pahomlancer) attacked Molerat  (NEWHP: 65)(116,125,1)
[21:40:55]ATTACK: Griffin Whiteman(pahomlancer) attacked Molerat  (NEWHP: 62)(116,125,1)
[21:40:56]ATTACK: Griffin Whiteman(pahomlancer) attacked Molerat  (NEWHP: 59)(116,125,1)
[21:40:56]ATTACK: Molerat attacked Griffin Whiteman(pahomlancer)  (NEWHP: 100)(116,124,1)
[21:40:56]ATTACK: Molerat attacked Griffin Whiteman(pahomlancer)  (NEWHP: 100)(116,124,1)
[21:40:56]ATTACK: Molerat attacked Griffin Whiteman(pahomlancer)  (NEWHP: 100)(116,124,1)
[21:40:56]ATTACK: Molerat attacked Griffin Whiteman(pahomlancer)  (NEWHP: 100)(116,124,1)
[21:40:57]ATTACK: Griffin Whiteman(pahomlancer) attacked Molerat  (NEWHP: 56)(116,125,1)
[21:40:58]ATTACK: Griffin Whiteman(pahomlancer) attacked Molerat  (NEWHP: 53)(116,125,1)
[21:40:58]ATTACK: Molerat attacked Griffin Whiteman(pahomlancer)  (NEWHP: 100)(116,124,1)
[21:40:58]ATTACK: Molerat attacked Griffin Whiteman(pahomlancer)  (NEWHP: 100)(116,124,1)
[21:40:58]ATTACK: Molerat attacked Griffin Whiteman(pahomlancer)  (NEWHP: 100)(116,124,1)
[21:40:58]ATTACK: Molerat attacked Griffin Whiteman(pahomlancer)  (NEWHP: 100)(116,124,1)
[21:40:59]ATTACK: venus human trap attacked Space Bat  (NEWHP: 0)(163,158,1)
[21:40:59]ATTACK: Griffin Whiteman(pahomlancer) attacked Molerat  (NEWHP: 50)(116,125,1)
[21:41:00]ATTACK: Griffin Whiteman(pahomlancer) attacked Molerat  (NEWHP: 47)(116,125,1)
[21:41:01]ATTACK: Molerat attacked Griffin Whiteman(pahomlancer)  (NEWHP: 100)(116,124,1)
[21:41:01]ATTACK: Molerat attacked Griffin Whiteman(pahomlancer)  (NEWHP: 100)(116,124,1)
[21:41:01]ATTACK: Molerat attacked Griffin Whiteman(pahomlancer)  (NEWHP: 100)(116,124,1)
[21:41:01]ATTACK: Molerat attacked Griffin Whiteman(pahomlancer)  (NEWHP: 100)(116,124,1)
[21:41:01]ATTACK: Griffin Whiteman(pahomlancer) attacked Molerat  (NEWHP: 44)(116,125,1)
[21:41:02]ATTACK: Griffin Whiteman(pahomlancer) attacked Molerat  (NEWHP: 41)(116,125,1)
[21:41:02]ATTACK: Griffin Whiteman(pahomlancer) attacked Molerat  (NEWHP: 38)(116,125,1)
[21:41:03]ATTACK: Molerat attacked Griffin Whiteman(pahomlancer)  (NEWHP: 100)(116,124,1)
[21:41:03]ATTACK: Molerat attacked Griffin Whiteman(pahomlancer)  (NEWHP: 100)(116,124,1)
[21:41:03]ATTACK: Molerat attacked Griffin Whiteman(pahomlancer)  (NEWHP: 100)(116,124,1)
[21:41:03]ATTACK: Molerat attacked Griffin Whiteman(pahomlancer)  (NEWHP: 100)(116,124,1)
[21:41:03]ATTACK: Griffin Whiteman(pahomlancer) attacked Molerat  (NEWHP: 35)(116,125,1)
[21:41:04]ATTACK: Griffin Whiteman(pahomlancer) attacked Molerat  (NEWHP: 32)(116,125,1)
[21:41:05]ATTACK: Molerat attacked Griffin Whiteman(pahomlancer)  (NEWHP: 100)(116,124,1)
[21:41:05]ATTACK: Molerat attacked Griffin Whiteman(pahomlancer)  (NEWHP: 100)(116,124,1)
[21:41:05]ATTACK: Molerat attacked Griffin Whiteman(pahomlancer)  (NEWHP: 100)(116,124,1)
[21:41:05]ATTACK: Molerat attacked Griffin Whiteman(pahomlancer)  (NEWHP: 100)(116,124,1)
[21:41:05]ATTACK: venus human trap attacked Space Bat  (NEWHP: 0)(163,158,1)
[21:41:05]ATTACK: Griffin Whiteman(pahomlancer) attacked Molerat  (NEWHP: 29)(116,125,1)
[21:41:06]ATTACK: Griffin Whiteman(pahomlancer) attacked Molerat  (NEWHP: 26)(116,125,1)
[21:41:07]ATTACK: Molerat attacked Griffin Whiteman(pahomlancer)  (NEWHP: 100)(116,124,1)
[21:41:07]ATTACK: Molerat attacked Griffin Whiteman(pahomlancer)  (NEWHP: 100)(116,124,1)
[21:41:07]ATTACK: Molerat attacked Griffin Whiteman(pahomlancer)  (NEWHP: 100)(116,124,1)
[21:41:07]ATTACK: Molerat attacked Griffin Whiteman(pahomlancer)  (NEWHP: 100)(116,124,1)
[21:41:07]ATTACK: Griffin Whiteman(pahomlancer) attacked Molerat  (NEWHP: 23)(116,125,1)
[21:41:08]ATTACK: Griffin Whiteman(pahomlancer) attacked Molerat  (NEWHP: 20)(116,125,1)
[21:41:09]ATTACK: Molerat attacked Griffin Whiteman(pahomlancer)  (NEWHP: 100)(115,124,1)
[21:41:09]ATTACK: Molerat attacked Griffin Whiteman(pahomlancer)  (NEWHP: 100)(115,124,1)
[21:41:09]ATTACK: Molerat attacked Griffin Whiteman(pahomlancer)  (NEWHP: 100)(115,124,1)
[21:41:09]ATTACK: venus human trap attacked Space Bat  (NEWHP: 0)(163,158,1)
[21:41:13]ATTACK: Molerat attacked Griffin Whiteman(pahomlancer)  (NEWHP: 100)(109,121,1)
[21:41:13]ATTACK: Molerat attacked Griffin Whiteman(pahomlancer)  (NEWHP: 100)(109,121,1)
[21:41:13]ATTACK: venus human trap attacked Space Bat  (NEWHP: 0)(163,158,1)
[21:41:13]ATTACK: venus human trap attacked venus human trap  (NEWHP: 55)(171,164,1)
[21:41:13]ATTACK: Griffin Whiteman(pahomlancer) attacked Molerat with shovel(INTENT: HARM) (DAMTYPE: BRUTE) (NEWHP: 72)(109,122,1)
[21:41:14]ATTACK: Griffin Whiteman(pahomlancer) attacked Molerat with shovel(INTENT: HARM) (DAMTYPE: BRUTE) (NEWHP: 64)(109,122,1)
[21:41:15]ATTACK: Griffin Whiteman(pahomlancer) attacked Molerat with shovel(INTENT: HARM) (DAMTYPE: BRUTE) (NEWHP: 56)(109,122,1)
[21:41:15]ATTACK: Molerat attacked Griffin Whiteman(pahomlancer)  (NEWHP: 100)(109,121,1)
[21:41:15]ATTACK: Molerat attacked Griffin Whiteman(pahomlancer)  (NEWHP: 100)(109,121,1)
[21:41:15]ATTACK: venus human trap attacked venus human trap  (NEWHP: 30)(170,164,1)
[21:41:16]ATTACK: Griffin Whiteman(pahomlancer) attacked Molerat with shovel(INTENT: HARM) (DAMTYPE: BRUTE) (NEWHP: 48)(109,122,1)
[21:41:17]ATTACK: Griffin Whiteman(pahomlancer) attacked Molerat with shovel(INTENT: HARM) (DAMTYPE: BRUTE) (NEWHP: 40)(109,122,1)
[21:41:17]ATTACK: Molerat attacked Griffin Whiteman(pahomlancer)  (NEWHP: 100)(109,121,1)
[21:41:17]ATTACK: Molerat attacked Griffin Whiteman(pahomlancer)  (NEWHP: 100)(109,121,1)
[21:41:17]ATTACK: venus human trap attacked venus human trap  (NEWHP: 25)(171,163,1)
[21:41:17]ATTACK: venus human trap attacked Space Bat  (NEWHP: 0)(163,158,1)
[21:41:20]ATTACK: Molerat attacked Griffin Whiteman(pahomlancer)  (NEWHP: 100)(109,121,1)
[21:41:20]ATTACK: Molerat attacked Griffin Whiteman(pahomlancer)  (NEWHP: 100)(109,121,1)
[21:41:20]ATTACK: venus human trap attacked Space Bat  (NEWHP: 0)(163,158,1)
[21:41:22]ATTACK: Molerat attacked Griffin Whiteman(pahomlancer)  (NEWHP: 100)(109,121,1)
[21:41:22]ATTACK: Molerat attacked Griffin Whiteman(pahomlancer)  (NEWHP: 100)(109,121,1)
[21:41:24]ATTACK: Molerat attacked Griffin Whiteman(pahomlancer)  (NEWHP: 100)(109,121,1)
[21:41:24]ATTACK: Molerat attacked Griffin Whiteman(pahomlancer)  (NEWHP: 100)(109,121,1)
[21:41:25]ATTACK: Molerat attacked Griffin Whiteman(pahomlancer)  (NEWHP: 100)(109,121,1)
[21:41:25]ATTACK: Molerat attacked Griffin Whiteman(pahomlancer)  (NEWHP: 100)(109,121,1)
[21:41:27]ATTACK: Molerat attacked Griffin Whiteman(pahomlancer)  (NEWHP: 100)(109,121,1)
[21:41:32]ATTACK: venus human trap attacked Space Bat  (NEWHP: 0)(163,158,1)
[21:41:42]ATTACK: venus human trap attacked Space Bat  (NEWHP: 0)(163,158,1)
[21:41:44]ATTACK: venus human trap attacked Space Bat  (NEWHP: 0)(163,158,1)
[21:41:46]ATTACK: venus human trap attacked Space Bat  (NEWHP: 0)(163,158,1)
[21:41:48]ATTACK: venus human trap attacked Space Bat  (NEWHP: 0)(163,158,1)
[21:41:50]ATTACK: Molerat attacked Griffin Whiteman(pahomlancer)  (NEWHP: 100)(106,122,1)
[21:41:50]ATTACK: Molerat attacked Griffin Whiteman(pahomlancer)  (NEWHP: 100)(106,122,1)
[21:41:52]ATTACK: Molerat attacked Griffin Whiteman(pahomlancer)  (NEWHP: 100)(106,122,1)
[21:41:52]ATTACK: Molerat attacked Griffin Whiteman(pahomlancer)  (NEWHP: 100)(106,122,1)
[21:41:54]ATTACK: Molerat attacked Griffin Whiteman(pahomlancer)  (NEWHP: 100)(106,124,1)
[21:41:54]ATTACK: Molerat attacked Griffin Whiteman(pahomlancer)  (NEWHP: 100)(106,124,1)
[21:41:57]ATTACK: Molerat attacked Griffin Whiteman(pahomlancer)  (NEWHP: 100)(106,124,1)
[21:41:57]ATTACK: Molerat attacked Griffin Whiteman(pahomlancer)  (NEWHP: 100)(106,124,1)
[21:41:59]ATTACK: Molerat attacked Griffin Whiteman(pahomlancer)  (NEWHP: 100)(112,122,1)
[21:42:01]ATTACK: Molerat attacked Griffin Whiteman(pahomlancer)  (NEWHP: 100)(114,122,1)
[21:42:01]ATTACK: Molerat attacked Griffin Whiteman(pahomlancer)  (NEWHP: 100)(114,122,1)
[21:42:03]ATTACK: Molerat attacked Griffin Whiteman(pahomlancer)  (NEWHP: 100)(114,122,1)
[21:42:03]ATTACK: Molerat attacked Griffin Whiteman(pahomlancer)  (NEWHP: 100)(114,122,1)
[21:42:03]ATTACK: venus human trap attacked Space Bat  (NEWHP: 0)(163,158,1)
[21:42:05]ATTACK: Molerat attacked Griffin Whiteman(pahomlancer)  (NEWHP: 100)(114,122,1)
[21:42:05]ATTACK: Molerat attacked Griffin Whiteman(pahomlancer)  (NEWHP: 100)(114,122,1)
[21:42:05]ATTACK: venus human trap attacked Space Bat  (NEWHP: 0)(163,158,1)
[21:42:07]ATTACK: Molerat attacked Griffin Whiteman(pahomlancer)  (NEWHP: 100)(114,123,1)
[21:42:07]ATTACK: Molerat attacked Griffin Whiteman(pahomlancer)  (NEWHP: 100)(114,123,1)
[21:42:15]ATTACK: venus human trap attacked Space Bat  (NEWHP: 0)(163,158,1)
[21:42:21]ATTACK: Molerat attacked Griffin Whiteman(pahomlancer)  (NEWHP: 100)(127,153,1)
[21:42:25]ATTACK: Molerat attacked Griffin Whiteman(pahomlancer)  (NEWHP: 100)(138,148,1)
[21:42:31]ATTACK: Molerat attacked Griffin Whiteman(pahomlancer)  (NEWHP: 100)(148,128,1)
[21:42:46]ATTACK: venus human trap attacked Space Bat  (NEWHP: 0)(163,158,1)
[21:43:02]ATTACK: Raider attacked Molerat  (NEWHP: 80)(191,107,1)
[21:43:02]ATTACK: Molerat attacked Raider  (NEWHP: 150)(191,106,1)
[21:43:02]ATTACK: venus human trap attacked Space Bat  (NEWHP: 0)(163,158,1)
[21:43:05]ATTACK: Raider attacked Molerat  (NEWHP: 55)(191,99,1)
[21:43:05]ATTACK: Molerat attacked Raider  (NEWHP: 144)(191,98,1)
[21:43:07]ATTACK: Raider attacked Molerat  (NEWHP: 30)(189,93,1)
[21:43:07]ATTACK: Molerat attacked Raider  (NEWHP: 135)(188,93,1)
[21:43:07]ATTACK: Raider shot Molerat with the pellet (NEWHP: 0)(187,93,1)
[21:43:17]ATTACK: venus human trap attacked Space Bat  (NEWHP: 0)(163,158,1)
[21:43:23]ATTACK: venus human trap attacked Space Bat  (NEWHP: 0)(163,158,1)
[21:43:28]ATTACK: Griffin Whiteman(pahomlancer) shot Cazador with the bullet (NEWHP: 85)(225,147,1)
[21:43:29]ATTACK: Griffin Whiteman(pahomlancer) shot Cazador with the bullet (NEWHP: 50)(225,147,1)
[21:43:29]ATTACK: Griffin Whiteman(pahomlancer) shot Cazador with the bullet (NEWHP: 15)(225,147,1)
[21:43:30]ATTACK: Griffin Whiteman(pahomlancer) shot Cazador with the bullet (NEWHP: 0)(225,147,1)
[21:43:30]ATTACK: Griffin Whiteman(pahomlancer) shot Cazador with the bullet (NEWHP: 0)(225,147,1)
[21:43:30]ATTACK: Griffin Whiteman(pahomlancer) shot Cazador with the bullet (NEWHP: 0)(225,147,1)
[21:43:34]ATTACK: venus human trap attacked Space Bat  (NEWHP: 0)(163,158,1)
[21:43:58]ATTACK: venus human trap attacked Space Bat  (NEWHP: 0)(163,158,1)
[21:44:04]ATTACK: venus human trap attacked Space Bat  (NEWHP: 0)(163,158,1)
[21:44:08]ATTACK: venus human trap attacked Space Bat  (NEWHP: 0)(163,158,1)
[21:44:35]ATTACK: venus human trap attacked Space Bat  (NEWHP: 0)(163,158,1)
[21:44:37]ATTACK: venus human trap attacked Space Bat  (NEWHP: 0)(163,158,1)
[21:44:39]ATTACK: venus human trap attacked Space Bat  (NEWHP: 0)(163,158,1)
[21:44:57]ATTACK: venus human trap attacked Space Bat  (NEWHP: 0)(163,158,1)
[21:45:17]ATTACK: venus human trap attacked Space Bat  (NEWHP: 0)(163,158,1)
[21:45:19]ATTACK: venus human trap attacked Space Bat  (NEWHP: 0)(163,158,1)
[21:45:42]ATTACK: venus human trap attacked Space Bat  (NEWHP: 0)(163,158,1)
[21:45:44]ATTACK: venus human trap attacked Space Bat  (NEWHP: 0)(163,158,1)
[21:45:50]ATTACK: venus human trap attacked Space Bat  (NEWHP: 0)(163,158,1)
[21:46:18]ATTACK: venus human trap attacked Space Bat  (NEWHP: 0)(163,158,1)
[21:46:51]ATTACK: venus human trap attacked Space Bat  (NEWHP: 0)(163,158,1)
[21:46:57]ATTACK: venus human trap attacked Space Bat  (NEWHP: 0)(163,158,1)
[21:46:59]ATTACK: venus human trap attacked Space Bat  (NEWHP: 0)(163,158,1)
[21:47:02]ATTACK: venus human trap attacked Space Bat  (NEWHP: 0)(163,158,1)
[21:47:04]ATTACK: venus human trap attacked Space Bat  (NEWHP: 0)(163,158,1)
[21:47:09]ATTACK: venus human trap attacked Space Bat  (NEWHP: 0)(163,158,1)
[21:48:19]ATTACK: venus human trap attacked Space Bat  (NEWHP: 0)(164,155,1)
[21:48:54]ATTACK: venus human trap attacked Space Bat  (NEWHP: 0)(164,154,1)
[21:48:56]ATTACK: venus human trap attacked Space Bat  (NEWHP: 0)(164,154,1)
[21:49:02]ATTACK: venus human trap attacked Space Bat  (NEWHP: 0)(164,154,1)
[21:49:04]ATTACK: venus human trap attacked Space Bat  (NEWHP: 0)(164,154,1)
[21:49:06]ATTACK: venus human trap attacked Space Bat  (NEWHP: 0)(164,154,1)
[21:50:28]ATTACK: Gekkon attacked Mutant  (NEWHP: 250)(90,126,1)
[21:50:28]ATTACK: Mutant attacked Gekkon  (NEWHP: 120)(90,125,1)
[21:50:30]ATTACK: Gekkon attacked Mutant  (NEWHP: 250)(90,126,1)
[21:50:30]ATTACK: Mutant attacked Gekkon  (NEWHP: 87)(90,125,1)
[21:50:32]ATTACK: Gekkon attacked Mutant  (NEWHP: 250)(90,126,1)
[21:50:32]ATTACK: Mutant attacked Gekkon  (NEWHP: 59)(90,125,1)
[21:50:34]ATTACK: Gekkon attacked Mutant  (NEWHP: 250)(90,126,1)
[21:50:34]ATTACK: Mutant attacked Gekkon  (NEWHP: 30)(90,125,1)


Starting up. 22:03.03
---------------------
[22:03:57]ATTACK: giant rad scorpion (865) attacked Default Cyborg-179  (NEWHP: 100)(40,159,1)
[22:03:59]ATTACK: giant rad scorpion (865) attacked Default Cyborg-179  (NEWHP: 83)(40,159,1)
[22:04:01]ATTACK: giant rad scorpion (865) attacked Default Cyborg-179  (NEWHP: 67)(40,159,1)
[22:04:03]ATTACK: giant rad scorpion (865) attacked Default Cyborg-179  (NEWHP: 52)(40,159,1)
[22:04:05]ATTACK: giant rad scorpion (865) attacked Default Cyborg-179  (NEWHP: 36)(40,159,1)
[22:04:07]ATTACK: giant rad scorpion (865) attacked Default Cyborg-179  (NEWHP: 21)(40,159,1)
[22:04:10]ATTACK: giant rad scorpion (865) attacked Default Cyborg-179  (NEWHP: 1)(40,159,1)
[22:04:12]ATTACK: giant rad scorpion (865) attacked Default Cyborg-179  (NEWHP: -16)(40,159,1)
[22:04:14]ATTACK: giant rad scorpion (865) attacked Default Cyborg-179  (NEWHP: -35)(40,159,1)
[22:04:16]ATTACK: giant rad scorpion (865) attacked Default Cyborg-179  (NEWHP: -55)(40,159,1)
[22:04:18]ATTACK: giant rad scorpion (865) attacked Default Cyborg-179  (NEWHP: -70)(40,159,1)
[22:04:20]ATTACK: giant rad scorpion (865) attacked Default Cyborg-179  (NEWHP: -87)(40,159,1)
[22:04:35]ATTACK: Mutant attacked Griffin Whiteman(pahomlancer)  (NEWHP: 100)(92,132,1)
[22:04:37]ATTACK: Mutant attacked Griffin Whiteman(pahomlancer)  (NEWHP: 67)(92,130,1)
[22:04:50]ATTACK: Griffin Whiteman(pahomlancer) shot Gekkon with the bullet (NEWHP: 20)(93,114,1)
[22:04:50]ATTACK: Griffin Whiteman(pahomlancer) shot Gekkon with the bullet (NEWHP: 0)(93,115,1)
[22:05:00]ATTACK: venus human trap attacked Space Bat  (NEWHP: 0)(163,159,1)
[22:05:02]ATTACK: venus human trap attacked venus human trap  (NEWHP: 75)(174,164,1)
[22:05:02]ATTACK: venus human trap attacked Space Bat  (NEWHP: 0)(163,159,1)
[22:05:04]ATTACK: venus human trap attacked venus human trap  (NEWHP: 60)(158,159,1)
[22:05:06]ATTACK: venus human trap attacked venus human trap  (NEWHP: 35)(158,159,1)
[22:05:06]ATTACK: venus human trap attacked venus human trap  (NEWHP: 45)(174,164,1)
[22:05:06]ATTACK: venus human trap attacked venus human trap  (NEWHP: 70)(174,163,1)
[22:05:08]ATTACK: venus human trap attacked venus human trap  (NEWHP: 10)(157,159,1)
[22:05:09]ATTACK: venus human trap attacked venus human trap  (NEWHP: 45)(174,163,1)
[22:05:10]ATTACK: Griffin Whiteman(pahomlancer) shot Gekkon with the bullet (NEWHP: 20)(83,95,1)
[22:05:11]ATTACK: venus human trap attacked venus human trap  (NEWHP: 15)(174,164,1)
[22:05:11]ATTACK: Griffin Whiteman(pahomlancer) shot Gekkon with the bullet (NEWHP: 0)(81,95,1)
[22:05:12]ATTACK: Griffin Whiteman(pahomlancer) shot Gekkon with the bullet (NEWHP: 20)(75,95,1)
[22:05:13]ATTACK: Griffin Whiteman(pahomlancer) shot Gekkon with the bullet (NEWHP: 0)(77,95,1)
[22:05:15]ATTACK: venus human trap attacked Space Bat  (NEWHP: 0)(163,159,1)
[22:05:16]ATTACK: Griffin Whiteman(pahomlancer) shot Gekkon with the bullet (NEWHP: 20)(71,94,1)
[22:05:16]ATTACK: Griffin Whiteman(pahomlancer) shot Gekkon with the bullet (NEWHP: 0)(71,94,1)
[22:05:19]ATTACK: Gekkon attacked Griffin Whiteman(pahomlancer)  (NEWHP: 100)(72,84,1)
[22:05:19]ATTACK: Griffin Whiteman(pahomlancer) shot Gekkon with the bullet (NEWHP: 20)(72,85,1)
[22:05:20]ATTACK: Griffin Whiteman(pahomlancer) shot Gekkon with the bullet (NEWHP: 0)(72,82,1)
[22:05:20]ATTACK: Griffin Whiteman(pahomlancer) shot Gekkon with the bullet (NEWHP: 20)(72,80,1)
[22:05:21]ATTACK: Griffin Whiteman(pahomlancer) shot Gekkon with the bullet (NEWHP: 0)(72,80,1)
[22:05:27]ATTACK: Griffin Whiteman(pahomlancer) shot Gekkon with the bullet (NEWHP: 20)(67,93,1)
[22:05:27]ATTACK: Griffin Whiteman(pahomlancer) shot Gekkon with the bullet (NEWHP: 0)(69,93,1)
[22:05:42]ATTACK: venus human trap attacked Space Bat  (NEWHP: 0)(162,158,1)
[22:05:46]ATTACK: venus human trap attacked Space Bat  (NEWHP: 0)(162,158,1)
[22:05:48]ATTACK: venus human trap attacked Space Bat  (NEWHP: 0)(162,158,1)
[22:06:01]ATTACK: venus human trap attacked Space Bat  (NEWHP: 0)(162,157,1)
[22:06:07]ATTACK: venus human trap attacked Space Bat  (NEWHP: 0)(162,157,1)
[22:06:14]ATTACK: venus human trap attacked Space Bat  (NEWHP: 0)(162,158,1)


Starting up. 22:26.53
---------------------
[22:29:31]ATTACK: rad scorpion (916) attacked Default Cyborg-322  (NEWHP: 100)(40,159,1)
[22:29:33]ATTACK: rad scorpion (916) attacked Default Cyborg-322  (NEWHP: 91)(40,159,1)
[22:29:33]ATTACK: giant rad scorpion (502) attacked Default Cyborg-322  (NEWHP: 85)(40,159,1)
[22:29:35]ATTACK: rad scorpion (916) attacked Default Cyborg-322  (NEWHP: 66)(40,159,1)
[22:29:35]ATTACK: giant rad scorpion (502) attacked Default Cyborg-322  (NEWHP: 61)(40,159,1)
[22:29:37]ATTACK: rad scorpion (916) attacked Default Cyborg-322  (NEWHP: 45)(40,158,1)
[22:29:37]ATTACK: giant rad scorpion (502) attacked Default Cyborg-322  (NEWHP: 39)(40,158,1)
[22:29:40]ATTACK: rad scorpion (916) attacked Default Cyborg-322  (NEWHP: 19)(40,158,1)
[22:29:40]ATTACK: giant rad scorpion (502) attacked Default Cyborg-322  (NEWHP: 10)(40,158,1)
[22:29:42]ATTACK: rad scorpion (916) attacked Default Cyborg-322  (NEWHP: -10)(40,158,1)
[22:29:42]ATTACK: giant rad scorpion (502) attacked Default Cyborg-322  (NEWHP: -16)(40,158,1)
[22:29:44]ATTACK: rad scorpion (916) attacked Default Cyborg-322  (NEWHP: -36)(40,158,1)
[22:29:44]ATTACK: giant rad scorpion (502) attacked Default Cyborg-322  (NEWHP: -43)(40,158,1)
[22:29:46]ATTACK: rad scorpion (916) attacked Default Cyborg-322  (NEWHP: -61)(40,158,1)
[22:29:46]ATTACK: giant rad scorpion (502) attacked Default Cyborg-322  (NEWHP: -66)(40,158,1)
[22:29:48]ATTACK: rad scorpion (916) attacked Default Cyborg-322  (NEWHP: -85)(40,158,1)
[22:29:48]ATTACK: giant rad scorpion (502) attacked Default Cyborg-322  (NEWHP: -93)(40,158,1)
[22:30:45]ATTACK: venus human trap attacked venus human trap  (NEWHP: 40)(158,159,1)
[22:31:06]ATTACK: venus human trap attacked Space Bat  (NEWHP: 0)(163,158,1)
[22:31:13]ATTACK: venus human trap attacked Space Bat  (NEWHP: 0)(163,159,1)
[22:31:21]ATTACK: venus human trap attacked venus human trap  (NEWHP: 25)(158,161,1)
[22:31:30]ATTACK: venus human trap attacked Space Bat  (NEWHP: 0)(163,159,1)
[22:31:32]ATTACK: venus human trap attacked Space Bat  (NEWHP: 0)(163,159,1)
[22:31:34]ATTACK: venus human trap attacked Space Bat  (NEWHP: 0)(163,159,1)
[22:31:51]ATTACK: venus human trap attacked Space Bat  (NEWHP: 0)(163,159,1)
[22:32:00]ATTACK: venus human trap attacked Space Bat  (NEWHP: 0)(163,159,1)
[22:32:20]ATTACK: venus human trap attacked Space Bat  (NEWHP: 0)(163,159,1)
[22:33:32]ATTACK: Gekkon attacked Raider  (NEWHP: 100)(142,95,1)
[22:33:32]ATTACK: Raider attacked Gekkon  (NEWHP: 60)(141,95,1)
[22:33:35]ATTACK: Raider shot Gekkon with the pellet (NEWHP: 15)(149,95,1)
[22:33:37]ATTACK: Raider shot Gekkon with the pellet (NEWHP: 0)(155,95,1)
[22:33:37]ATTACK: Raider shot Raider with the bullet (NEWHP: 55)(158,95,1)
[22:33:47]ATTACK: Mutant attacked Griffin Whiteman(pahomlancer)  (NEWHP: 100)(92,130,1)
[22:33:49]ATTACK: Mutant attacked Griffin Whiteman(pahomlancer)  (NEWHP: 100)(92,130,1)
[22:33:56]ATTACK: Gekkon attacked Griffin Whiteman(pahomlancer)  (NEWHP: 100)(80,103,1)
[22:33:58]ATTACK: Gekkon attacked Griffin Whiteman(pahomlancer)  (NEWHP: 100)(80,103,1)
[22:33:58]ATTACK: Gekkon attacked Griffin Whiteman(pahomlancer)  (NEWHP: 100)(80,103,1)
[22:33:58]ATTACK: Gekkon attacked Griffin Whiteman(pahomlancer)  (NEWHP: 100)(80,103,1)
[22:34:00]ATTACK: Gekkon attacked Griffin Whiteman(pahomlancer)  (NEWHP: 100)(80,103,1)
[22:34:00]ATTACK: Gekkon attacked Griffin Whiteman(pahomlancer)  (NEWHP: 100)(80,103,1)
[22:34:00]ATTACK: Gekkon attacked Griffin Whiteman(pahomlancer)  (NEWHP: 100)(80,103,1)
[22:34:12]ATTACK: Gekkon attacked Griffin Whiteman(pahomlancer)  (NEWHP: 100)(78,103,1)
[22:34:14]ATTACK: Griffin Whiteman(pahomlancer) attacked Gekkon with kitchen knife(INTENT: HELP) (DAMTYPE: BRUTE) (NEWHP: 50)(79,103,1)
[22:34:15]ATTACK: Gekkon attacked Griffin Whiteman(pahomlancer)  (NEWHP: 100)(78,103,1)
[22:34:15]ATTACK: Griffin Whiteman(pahomlancer) attacked Gekkon with kitchen knife(INTENT: HELP) (DAMTYPE: BRUTE) (NEWHP: 40)(79,103,1)
[22:34:16]ATTACK: Griffin Whiteman(pahomlancer) attacked Gekkon with kitchen knife(INTENT: HELP) (DAMTYPE: BRUTE) (NEWHP: 30)(79,103,1)
[22:34:17]ATTACK: Gekkon attacked Griffin Whiteman(pahomlancer)  (NEWHP: 100)(78,103,1)
[22:34:17]ATTACK: Griffin Whiteman(pahomlancer) attacked Gekkon with kitchen knife(INTENT: HELP) (DAMTYPE: BRUTE) (NEWHP: 20)(79,103,1)
[22:34:18]ATTACK: Griffin Whiteman(pahomlancer) attacked Gekkon with kitchen knife(INTENT: HELP) (DAMTYPE: BRUTE) (NEWHP: 10)(79,103,1)
[22:34:19]ATTACK: Gekkon attacked Griffin Whiteman(pahomlancer)  (NEWHP: 100)(78,103,1)
[22:34:19]ATTACK: Griffin Whiteman(pahomlancer) attacked Gekkon with kitchen knife(INTENT: HELP) (DAMTYPE: BRUTE) (NEWHP: 0)(79,103,1)
[22:34:21]ATTACK: Gekkon attacked Griffin Whiteman(pahomlancer)  (NEWHP: 100)(78,103,1)
[22:34:23]ATTACK: Gekkon attacked Griffin Whiteman(pahomlancer)  (NEWHP: 100)(78,103,1)
[22:34:25]ATTACK: Griffin Whiteman(pahomlancer) attacked Gekkon with kitchen knife(INTENT: HELP) (DAMTYPE: BRUTE) (NEWHP: 50)(79,103,1)
[22:34:26]ATTACK: Gekkon attacked Griffin Whiteman(pahomlancer)  (NEWHP: 100)(78,103,1)
[22:34:27]ATTACK: Griffin Whiteman(pahomlancer) attacked Gekkon with kitchen knife(INTENT: HELP) (DAMTYPE: BRUTE) (NEWHP: 40)(79,103,1)
[22:34:27]ATTACK: Griffin Whiteman(pahomlancer) attacked Gekkon with kitchen knife(INTENT: HELP) (DAMTYPE: BRUTE) (NEWHP: 30)(79,103,1)
[22:34:28]ATTACK: Gekkon attacked Griffin Whiteman(pahomlancer)  (NEWHP: 100)(78,103,1)
[22:34:28]ATTACK: Griffin Whiteman(pahomlancer) attacked Gekkon with kitchen knife(INTENT: HELP) (DAMTYPE: BRUTE) (NEWHP: 20)(79,103,1)
[22:34:29]ATTACK: Griffin Whiteman(pahomlancer) attacked Gekkon with kitchen knife(INTENT: HELP) (DAMTYPE: BRUTE) (NEWHP: 10)(79,103,1)
[22:34:30]ATTACK: Gekkon attacked Griffin Whiteman(pahomlancer)  (NEWHP: 100)(78,103,1)
[22:34:31]ATTACK: Griffin Whiteman(pahomlancer) attacked Gekkon with kitchen knife(INTENT: HELP) (DAMTYPE: BRUTE) (NEWHP: 0)(79,103,1)
[22:34:32]ATTACK: Gekkon attacked Griffin Whiteman(pahomlancer)  (NEWHP: 100)(78,103,1)
[22:34:32]ATTACK: Griffin Whiteman(pahomlancer) attacked Gekkon with kitchen knife(INTENT: HELP) (DAMTYPE: BRUTE) (NEWHP: 50)(79,103,1)
[22:34:33]ATTACK: Griffin Whiteman(pahomlancer) attacked Gekkon with kitchen knife(INTENT: HELP) (DAMTYPE: BRUTE) (NEWHP: 40)(79,103,1)
[22:34:34]ATTACK: Gekkon attacked Griffin Whiteman(pahomlancer)  (NEWHP: 100)(78,103,1)
[22:34:34]ATTACK: Griffin Whiteman(pahomlancer) attacked Gekkon with kitchen knife(INTENT: HELP) (DAMTYPE: BRUTE) (NEWHP: 30)(79,103,1)
[22:34:35]ATTACK: Griffin Whiteman(pahomlancer) attacked Gekkon with kitchen knife(INTENT: HELP) (DAMTYPE: BRUTE) (NEWHP: 20)(79,103,1)
[22:34:36]ATTACK: Gekkon attacked Griffin Whiteman(pahomlancer)  (NEWHP: 100)(78,103,1)
[22:34:36]ATTACK: Griffin Whiteman(pahomlancer) attacked Gekkon with kitchen knife(INTENT: HELP) (DAMTYPE: BRUTE) (NEWHP: 10)(79,103,1)
[22:34:37]ATTACK: Griffin Whiteman(pahomlancer) attacked Gekkon with kitchen knife(INTENT: HELP) (DAMTYPE: BRUTE) (NEWHP: 0)(79,103,1)
[22:34:38]ATTACK: Gekkon attacked Griffin Whiteman(pahomlancer)  (NEWHP: 100)(78,103,1)
[22:34:38]ATTACK: Griffin Whiteman(pahomlancer) attacked Gekkon with kitchen knife(INTENT: HELP) (DAMTYPE: BRUTE) (NEWHP: 50)(79,103,1)
[22:34:39]ATTACK: Griffin Whiteman(pahomlancer) attacked Gekkon with kitchen knife(INTENT: HELP) (DAMTYPE: BRUTE) (NEWHP: 40)(79,103,1)
[22:34:40]ATTACK: Gekkon attacked Griffin Whiteman(pahomlancer)  (NEWHP: 100)(78,103,1)
[22:34:40]ATTACK: Griffin Whiteman(pahomlancer) attacked Gekkon with kitchen knife(INTENT: HELP) (DAMTYPE: BRUTE) (NEWHP: 30)(79,103,1)
[22:34:41]ATTACK: Griffin Whiteman(pahomlancer) attacked Gekkon with kitchen knife(INTENT: HELP) (DAMTYPE: BRUTE) (NEWHP: 20)(79,103,1)
[22:34:42]ATTACK: Griffin Whiteman(pahomlancer) attacked Gekkon with kitchen knife(INTENT: HELP) (DAMTYPE: BRUTE) (NEWHP: 10)(79,103,1)
[22:34:43]ATTACK: Gekkon attacked Griffin Whiteman(pahomlancer)  (NEWHP: 100)(78,103,1)
[22:34:43]ATTACK: Griffin Whiteman(pahomlancer) attacked Gekkon with kitchen knife(INTENT: HELP) (DAMTYPE: BRUTE) (NEWHP: 0)(79,103,1)
[22:35:45]ATTACK: NON-EXISTANT SUBJECT shot Molerat with the heavy laser (NEWHP: 0)(197,165,6)
[22:36:20]ATTACK: Mutant attacked Griffin Whiteman(pahomlancer)  (NEWHP: 100)(95,134,1)
[22:36:22]ATTACK: Molerat attacked Griffin Whiteman(pahomlancer)  (NEWHP: 100)(98,139,1)
[22:36:22]ATTACK: Molerat attacked Griffin Whiteman(pahomlancer)  (NEWHP: 100)(98,139,1)
[22:36:24]ATTACK: Griffin Whiteman(pahomlancer) attacked Molerat with kitchen knife(INTENT: HELP) (DAMTYPE: BRUTE) (NEWHP: 40)(98,140,1)
[22:36:24]ATTACK: Molerat attacked Griffin Whiteman(pahomlancer)  (NEWHP: 100)(98,139,1)
[22:36:24]ATTACK: Molerat attacked Griffin Whiteman(pahomlancer)  (NEWHP: 100)(98,139,1)
[22:36:24]ATTACK: Molerat attacked Griffin Whiteman(pahomlancer)  (NEWHP: 100)(98,139,1)
[22:36:25]ATTACK: Griffin Whiteman(pahomlancer) attacked Molerat with kitchen knife(INTENT: HELP) (DAMTYPE: BRUTE) (NEWHP: 30)(98,140,1)
[22:36:26]ATTACK: Griffin Whiteman(pahomlancer) attacked Molerat with kitchen knife(INTENT: HELP) (DAMTYPE: BRUTE) (NEWHP: 20)(98,140,1)
[22:36:27]ATTACK: Molerat attacked Griffin Whiteman(pahomlancer)  (NEWHP: 100)(98,139,1)
[22:36:27]ATTACK: Molerat attacked Griffin Whiteman(pahomlancer)  (NEWHP: 100)(98,139,1)
[22:36:27]ATTACK: Molerat attacked Griffin Whiteman(pahomlancer)  (NEWHP: 100)(98,139,1)
[22:36:27]ATTACK: Griffin Whiteman(pahomlancer) attacked Molerat with kitchen knife(INTENT: HELP) (DAMTYPE: BRUTE) (NEWHP: 10)(98,140,1)
[22:36:28]ATTACK: Griffin Whiteman(pahomlancer) attacked Molerat with kitchen knife(INTENT: HELP) (DAMTYPE: BRUTE) (NEWHP: 0)(98,140,1)
[22:36:29]ATTACK: Molerat attacked Griffin Whiteman(pahomlancer)  (NEWHP: 100)(98,139,1)
[22:36:29]ATTACK: Molerat attacked Griffin Whiteman(pahomlancer)  (NEWHP: 100)(98,139,1)
[22:36:31]ATTACK: Molerat attacked Griffin Whiteman(pahomlancer)  (NEWHP: 100)(98,139,1)
[22:36:31]ATTACK: Molerat attacked Griffin Whiteman(pahomlancer)  (NEWHP: 100)(98,139,1)
[22:36:33]ATTACK: Molerat attacked Griffin Whiteman(pahomlancer)  (NEWHP: 100)(98,139,1)
[22:36:33]ATTACK: Molerat attacked Griffin Whiteman(pahomlancer)  (NEWHP: 100)(98,139,1)
[22:36:35]ATTACK: Molerat attacked Griffin Whiteman(pahomlancer)  (NEWHP: 100)(98,139,1)
[22:36:35]ATTACK: Molerat attacked Griffin Whiteman(pahomlancer)  (NEWHP: 100)(98,139,1)
[22:36:37]ATTACK: Molerat attacked Griffin Whiteman(pahomlancer)  (NEWHP: 100)(98,139,1)
[22:36:37]ATTACK: Molerat attacked Griffin Whiteman(pahomlancer)  (NEWHP: 100)(98,139,1)
[22:36:40]ATTACK: Molerat attacked Griffin Whiteman(pahomlancer)  (NEWHP: 100)(98,139,1)
[22:36:40]ATTACK: Molerat attacked Griffin Whiteman(pahomlancer)  (NEWHP: 100)(98,139,1)
[22:36:42]ATTACK: Molerat attacked Griffin Whiteman(pahomlancer)  (NEWHP: 100)(98,139,1)
[22:36:42]ATTACK: Molerat attacked Griffin Whiteman(pahomlancer)  (NEWHP: 100)(98,139,1)
[22:36:43]ATTACK: Griffin Whiteman(pahomlancer) attacked Molerat with kitchen knife(INTENT: HELP) (DAMTYPE: BRUTE) (NEWHP: 40)(99,139,1)
[22:36:44]ATTACK: Molerat attacked Griffin Whiteman(pahomlancer)  (NEWHP: 100)(98,139,1)
[22:36:44]ATTACK: Molerat attacked Griffin Whiteman(pahomlancer)  (NEWHP: 100)(98,139,1)
[22:36:44]ATTACK: Griffin Whiteman(pahomlancer) attacked Molerat with kitchen knife(INTENT: HELP) (DAMTYPE: BRUTE) (NEWHP: 30)(99,139,1)
[22:36:45]ATTACK: Griffin Whiteman(pahomlancer) attacked Molerat with kitchen knife(INTENT: HELP) (DAMTYPE: BRUTE) (NEWHP: 20)(99,139,1)
[22:36:46]ATTACK: Molerat attacked Griffin Whiteman(pahomlancer)  (NEWHP: 100)(98,139,1)
[22:36:46]ATTACK: Molerat attacked Griffin Whiteman(pahomlancer)  (NEWHP: 100)(98,139,1)
[22:36:46]ATTACK: Griffin Whiteman(pahomlancer) attacked Molerat with kitchen knife(INTENT: HELP) (DAMTYPE: BRUTE) (NEWHP: 10)(99,139,1)
[22:36:47]ATTACK: Griffin Whiteman(pahomlancer) attacked Molerat with kitchen knife(INTENT: HELP) (DAMTYPE: BRUTE) (NEWHP: 0)(99,139,1)
[22:36:48]ATTACK: Molerat attacked Griffin Whiteman(pahomlancer)  (NEWHP: 100)(98,139,1)
[22:36:50]ATTACK: Molerat attacked Griffin Whiteman(pahomlancer)  (NEWHP: 100)(98,139,1)
[22:36:50]ATTACK: Griffin Whiteman(pahomlancer) attacked Molerat with kitchen knife(INTENT: HELP) (DAMTYPE: BRUTE) (NEWHP: 40)(99,138,1)
[22:36:51]ATTACK: Griffin Whiteman(pahomlancer) attacked Molerat with kitchen knife(INTENT: HELP) (DAMTYPE: BRUTE) (NEWHP: 30)(99,138,1)
[22:36:52]ATTACK: Molerat attacked Griffin Whiteman(pahomlancer)  (NEWHP: 100)(98,139,1)
[22:36:53]ATTACK: Griffin Whiteman(pahomlancer) attacked Molerat with kitchen knife(INTENT: HELP) (DAMTYPE: BRUTE) (NEWHP: 20)(99,138,1)
[22:36:54]ATTACK: Griffin Whiteman(pahomlancer) attacked Molerat with kitchen knife(INTENT: HELP) (DAMTYPE: BRUTE) (NEWHP: 10)(99,138,1)
[22:36:54]ATTACK: Molerat attacked Griffin Whiteman(pahomlancer)  (NEWHP: 100)(98,139,1)
[22:36:55]ATTACK: Griffin Whiteman(pahomlancer) attacked Molerat with kitchen knife(INTENT: HELP) (DAMTYPE: BRUTE) (NEWHP: 0)(99,138,1)
