

Starting up. 03:24.28
---------------------
Adding game mode abduction (abduction) to configuration.
Adding game mode blob (blob) to configuration.
Adding game mode changeling (changeling) to configuration.
Adding game mode traitor+changeling (traitorchan) to configuration.
Adding game mode double agents (double_agents) to configuration.
Adding game mode traitor (traitor) to configuration.
Adding game mode cult (cult) to configuration.
Adding game mode extended (extended) to configuration.
Adding game mode gang war (gang) to configuration.
Adding game mode hand of god (handofgod) to configuration.
Adding game mode AI malfunction (malfunction) to configuration.
Adding game mode meteor (meteor) to configuration.
Adding game mode monkey (monkey) to configuration.
Adding game mode nuclear emergency (nuclear) to configuration.
Adding game mode revolution (revolution) to configuration.
Adding game mode sandbox (sandbox) to configuration.
Adding game mode shadowling (shadowling) to configuration.
Adding game mode very ragin' bullshit mages (veryraginbullshitmages) to configuration.
Adding game mode ragin' mages (raginmages) to configuration.
Adding game mode wizard (wizard) to configuration.
Saved mode is 'extended'
Failed to connect to database in load_admin_ranks(). Reverting to legacy system.
Database connection failed. Reverting to the legacy ban system.
[03:24:28]ADMIN: Loading appearance_rank
[03:24:28]ADMIN: appearance_keylist was empty
[03:24:28]ADMIN: Loading Banlist
[03:25:02]ACCESS: Login: PahomLancer/(PahomLancer) from 127.0.0.1-357177658 || BYOND v510
[03:25:13]ADMIN: PahomLancer has started the game.
[03:25:16]GAME: SQL ERROR obtaining jobbans. Error : [not connected]

[03:25:16]ACCESS: Logout: *no key*/(PahomLancer)
[03:25:16]ACCESS: Login: PahomLancer/(Griffin Whiteman) from 127.0.0.1-357177658 || BYOND v510
[03:25:17]SAY: Molerat/ : Squeek!
[03:25:17]SAY: Mutant/ : ARRRRR!
[03:25:17]SAY: Mutant/ : NNNNNGH!
[03:25:17]EMOTE: Cazador/ : <B>Cazador</B> gnashes at the brahmin.
[03:25:17]SAY: Molerat/ : Squeek
[03:25:17]SAY: Molerat/ : Squeek!
[03:25:20]GAME: Radiation pulse with size (1, 4) and severity 40 in area Custodial Closet 
[03:25:20]SAY: Molerat/ : Squeek!
[03:25:20]SAY: Molerat/ : Squeek
[03:25:20]SAY: Molerat/ : Squeek, i say
[03:25:20]SAY: Molerat/ : Squeek
[03:25:20]SAY: Molerat/ : Squeek!
[03:25:20]SAY: Molerat/ : Squeek
[03:25:20]SAY: Molerat/ : Squeek!
[03:25:20]SAY: Molerat/ : Squeek
[03:25:20]SAY: Mutant/ : GRRRRRR!
[03:25:20]SAY: Molerat/ : Squeek!
[03:25:20]SAY: Molerat/ : Squeek!
[03:25:22]SAY: Molerat/ : Squeek
[03:25:22]SAY: Molerat/ : Squeek, i say
[03:25:22]SAY: Molerat/ : Squeek!
[03:25:22]SAY: Molerat/ : Squeek
[03:25:22]SAY: Molerat/ : Squeek
[03:25:22]SAY: Molerat/ : Squeek
[03:25:22]SAY: Molerat/ : Squeek
[03:25:22]SAY: Mutant/ : HMPH!
[03:25:22]SAY: Molerat/ : Squeek
[03:25:22]EMOTE: brahmin/ : <B>The brahmin</B> brays.
[03:25:22]SAY: Molerat/ : Squeek!
[03:25:22]EMOTE: giant rad scorpion (11)/ : <B>The giant rad scorpion (11)</B> chitters
[03:25:24]SAY: Molerat/ : Squeek
[03:25:24]SAY: Molerat/ : Squeek
[03:25:24]SAY: Molerat/ : Squeek!
[03:25:24]SAY: Molerat/ : Squeek, i say
[03:25:24]SAY: Molerat/ : Squeek, i say
[03:25:26]GAME: Radiation pulse with size (1, 4) and severity 40 in area Custodial Closet 
[03:25:26]SAY: Molerat/ : Squeek, i say
[03:25:26]SAY: Molerat/ : Squeek
[03:25:26]SAY: Molerat/ : Squeek!
[03:25:26]SAY: Molerat/ : Squeek!
[03:25:26]SAY: yaogai/ : Rawr!
[03:25:27]SAY: Molerat/ : Squeek
[03:25:29]SAY: Mutant/ : GRRRRRR!
[03:25:29]SAY: Molerat/ : Squeek!
[03:25:29]SAY: Molerat/ : Squeek, i say
[03:25:29]SAY: Molerat/ : Squeek, i say
[03:25:29]SAY: Molerat/ : Squeek!
[03:25:29]SAY: Molerat/ : Squeek!
[03:25:29]SAY: Molerat/ : Squeek
[03:25:31]SAY: Mutant/ : HMPH!
[03:25:31]SAY: Molerat/ : Squeek
[03:25:31]SAY: Molerat/ : Squeek
[03:25:31]SAY: Molerat/ : Squeek!
[03:25:31]SAY: Mutant/ : NNNNNGH!
[03:25:31]SAY: Molerat/ : Squeek
[03:25:31]SAY: Mutant/ : ARRRRR!
[03:25:31]SAY: Mutant/ : NNNNNGH!
[03:25:31]SAY: Molerat/ : Squeek!
[03:25:33]SAY: Molerat/ : Squeek, i say
[03:25:33]SAY: Molerat/ : Squeek
[03:25:33]SAY: Molerat/ : Squeek!
[03:25:33]SAY: Molerat/ : Squeek
[03:25:33]SAY: Mutant/ : HMPH!
[03:25:33]SAY: Molerat/ : Squeek!
[03:25:33]SAY: Molerat/ : Squeek, i say
[03:25:33]SAY: Mutant/ : ARRRRR!
[03:25:33]SAY: Molerat/ : Squeek
[03:25:33]SAY: Mutant/ : HMPH!
[03:25:33]SAY: Molerat/ : Squeek!
[03:25:33]SAY: Molerat/ : Squeek
[03:25:33]GAME: Radiation pulse with size (1, 4) and severity 40 in area Custodial Closet 
[03:25:35]SAY: Molerat/ : Squeek!
[03:25:35]SAY: Molerat/ : Squeek!
[03:25:35]SAY: Molerat/ : Squeek!
[03:25:35]SAY: Molerat/ : Squeek!
[03:25:35]SAY: Molerat/ : Squeek
[03:25:35]SAY: Mutant/ : GRRRRRR!
[03:25:35]SAY: Molerat/ : Squeek
[03:25:35]SAY: Medibot/ : I knew it, I should&#39;ve been a plastic surgeon.
[03:25:37]SAY: Molerat/ : Squeek!
[03:25:37]SAY: Molerat/ : Squeek
[03:25:37]SAY: Molerat/ : Squeek!
[03:25:37]SAY: Molerat/ : Squeek, i say
[03:25:37]SAY: Molerat/ : Squeek
[03:25:37]SAY: mouse/ : Squeek?
[03:25:37]SAY: Mutant/ : NNNNNGH!
[03:25:37]SAY: Mutant/ : ARGH!
[03:25:37]SAY: Molerat/ : Squeek, i say
[03:25:37]SAY: Molerat/ : Squeek
[03:25:37]SAY: Medibot/ : I knew it, I should&#39;ve been a plastic surgeon.
[03:25:39]SAY: Molerat/ : Squeek
[03:25:39]SAY: Molerat/ : Squeek, i say
[03:25:39]SAY: Molerat/ : Squeek!
[03:25:39]SAY: Mutant/ : GRRRRRR!
[03:25:39]SAY: Molerat/ : Squeek, i say
[03:25:39]SAY: Molerat/ : Squeek!
[03:25:39]SAY: Molerat/ : Squeek
[03:25:39]SAY: Mutant/ : HMPH!
[03:25:39]SAY: Molerat/ : Squeek
[03:25:39]SAY: Molerat/ : Squeek
[03:25:41]GAME: Radiation pulse with size (1, 4) and severity 40 in area Custodial Closet 
[03:25:42]SAY: Molerat/ : Squeek, i say
[03:25:42]SAY: Molerat/ : Squeek!
[03:25:42]SAY: Molerat/ : Squeek!
[03:25:42]SAY: Molerat/ : Squeek!
[03:25:42]SAY: Molerat/ : Squeek, i say
[03:25:42]SAY: Molerat/ : Squeek
[03:25:42]SAY: Molerat/ : Squeek
[03:25:42]SAY: Molerat/ : Squeek
[03:25:42]SAY: Molerat/ : Squeek
[03:25:42]SAY: Molerat/ : Squeek!
[03:25:42]SAY: Molerat/ : Squeek
[03:25:44]SAY: Molerat/ : Squeek!
[03:25:44]SAY: Molerat/ : Squeek
[03:25:44]SAY: Molerat/ : Squeek
[03:25:44]SAY: Mutant/ : ARRRRR!
[03:25:44]SAY: Molerat/ : Squeek
[03:25:44]SAY: Molerat/ : Squeek
[03:25:44]EMOTE: Default Cyborg-661/ : <B>Default Cyborg-661</B> shudders violently for a moment, then becomes motionless, its eyes slowly darkening.
[03:25:44]SAY: Molerat/ : Squeek, i say
[03:25:46]SAY: Molerat/ : Squeek!
[03:25:46]SAY: Molerat/ : Squeek!
[03:25:46]SAY: Molerat/ : Squeek, i say
[03:25:46]SAY: Molerat/ : Squeek!
[03:25:46]SAY: Molerat/ : Squeek
[03:25:46]SAY: Molerat/ : Squeek!
[03:25:46]SAY: Molerat/ : Squeek!
[03:25:46]SAY: Molerat/ : Squeek!
[03:25:46]SAY: Molerat/ : Squeek, i say
[03:25:46]SAY: Molerat/ : Squeek
[03:25:46]SAY: Molerat/ : Squeek!
[03:25:46]SAY: Mutant/ : NNNNNGH!
[03:25:46]SAY: Molerat/ : Squeek
[03:25:48]SAY: Mutant/ : NNNNNGH!
[03:25:48]SAY: Molerat/ : Squeek
[03:25:48]SAY: Molerat/ : Squeek!
[03:25:48]SAY: Molerat/ : Squeek!
[03:25:48]SAY: Molerat/ : Squeek, i say
[03:25:48]SAY: Mutant/ : GRRRRRR!
[03:25:48]SAY: Mutant/ : GRRRRRR!
[03:25:48]SAY: Molerat/ : Squeek!
[03:25:48]SAY: Molerat/ : Squeek
[03:25:48]EMOTE: giant rad scorpion (11)/ : <B>The giant rad scorpion (11)</B> chitters
[03:25:48]SAY: Molerat/ : Squeek
[03:25:50]GAME: Radiation pulse with size (1, 4) and severity 40 in area Custodial Closet 
[03:25:50]SAY: Molerat/ : Squeek!
[03:25:50]SAY: Molerat/ : Squeek!
[03:25:50]SAY: Molerat/ : Squeek
[03:25:50]SAY: Molerat/ : Squeek
[03:25:50]SAY: Molerat/ : Squeek!
[03:25:50]SAY: Molerat/ : Squeek, i say
[03:25:50]SAY: Molerat/ : Squeek
[03:25:50]SAY: Mutant/ : NNNNNGH!
[03:25:50]SAY: Molerat/ : Squeek!
[03:25:50]SAY: Molerat/ : Squeek!
[03:25:50]SAY: Molerat/ : Squeek
[03:25:50]SAY: Molerat/ : Squeek
[03:25:52]SAY: Mutant/ : NNNNNGH!
[03:25:52]SAY: Molerat/ : Squeek
[03:25:52]SAY: Mutant/ : ARRRRR!
[03:25:52]SAY: Molerat/ : Squeek!
[03:25:52]SAY: Molerat/ : Squeek, i say
[03:25:52]SAY: Molerat/ : Squeek!
[03:25:52]SAY: Molerat/ : Squeek!
[03:25:52]SAY: Mutant/ : NNNNNGH!
[03:25:52]SAY: Molerat/ : Squeek
[03:25:55]SAY: Molerat/ : Squeek
[03:25:55]SAY: Molerat/ : Squeek, i say
[03:25:55]SAY: Molerat/ : Squeek!
[03:25:55]SAY: Molerat/ : Squeek, i say
[03:25:55]SAY: Molerat/ : Squeek!
[03:25:55]SAY: Molerat/ : Squeek, i say
[03:25:55]SAY: Mutant/ : HMPH!
[03:25:55]SAY: Molerat/ : Squeek!
[03:25:55]SAY: Molerat/ : Squeek
[03:25:56]GAME: Radiation pulse with size (1, 4) and severity 40 in area Custodial Closet 
[03:25:57]SAY: Molerat/ : Squeek
[03:25:57]SAY: Molerat/ : Squeek!
[03:25:57]SAY: Molerat/ : Squeek
[03:25:57]SAY: Molerat/ : Squeek!
[03:25:57]SAY: Molerat/ : Squeek!
[03:25:57]SAY: Molerat/ : Squeek
[03:25:57]SAY: Molerat/ : Squeek
[03:25:57]EMOTE: mouse/ : <B>The mouse</B> runs in a circle.
[03:25:57]SAY: Mutant/ : NNNNNGH!
[03:25:57]SAY: Molerat/ : Squeek
[03:25:57]SAY: Molerat/ : Squeek
[03:25:57]SAY: Molerat/ : Squeek, i say
[03:25:59]SAY: Molerat/ : Squeek
[03:25:59]SAY: Molerat/ : Squeek!
[03:25:59]SAY: Molerat/ : Squeek!
[03:25:59]SAY: Mutant/ : ARGH!
[03:25:59]SAY: Molerat/ : Squeek
[03:25:59]SAY: Molerat/ : Squeek!
[03:25:59]SAY: Molerat/ : Squeek
[03:25:59]SAY: Molerat/ : Squeek!
[03:25:59]SAY: Molerat/ : Squeek!
[03:25:59]SAY: Molerat/ : Squeek
[03:25:59]SAY: Molerat/ : Squeek
[03:25:59]SAY: Molerat/ : Squeek!
[03:25:59]SAY: Molerat/ : Squeek
[03:25:59]SAY: Molerat/ : Squeek
[03:25:59]SAY: Molerat/ : Squeek
[03:26:01]SAY: Molerat/ : Squeek!
[03:26:01]SAY: Molerat/ : Squeek, i say
[03:26:01]SAY: Molerat/ : Squeek
[03:26:01]SAY: Molerat/ : Squeek!
[03:26:01]SAY: Mutant/ : ARRRRR!
[03:26:01]SAY: Molerat/ : Squeek!
[03:26:01]SAY: Molerat/ : Squeek
[03:26:01]SAY: Molerat/ : Squeek!
[03:26:01]EMOTE: giant spider (268)/ : <B>The giant spider (268)</B> chitters
[03:26:03]SAY: Molerat/ : Squeek!
[03:26:03]SAY: Mutant/ : ARGH!
[03:26:03]SAY: Molerat/ : Squeek, i say
[03:26:03]SAY: Molerat/ : Squeek
[03:26:03]SAY: Molerat/ : Squeek!
[03:26:03]SAY: Molerat/ : Squeek
[03:26:03]SAY: Mutant/ : NNNNNGH!
[03:26:05]GAME: Radiation pulse with size (1, 4) and severity 40 in area Custodial Closet 
[03:26:05]SAY: Mutant/ : GRRRRRR!
[03:26:05]SAY: Molerat/ : Squeek!
[03:26:05]SAY: Molerat/ : Squeek!
[03:26:05]SAY: Molerat/ : Squeek!
[03:26:05]SAY: Molerat/ : Squeek!
[03:26:05]SAY: Molerat/ : Squeek!
[03:26:05]SAY: Molerat/ : Squeek, i say
[03:26:05]SAY: Molerat/ : Squeek!
[03:26:05]SAY: Molerat/ : Squeek!
[03:26:05]EMOTE: giant spider (268)/ : <B>The giant spider (268)</B> chitters
[03:26:05]SAY: Molerat/ : Squeek!
[03:26:07]SAY: Molerat/ : Squeek!
[03:26:07]SAY: Molerat/ : Squeek, i say
[03:26:07]SAY: Molerat/ : Squeek!
[03:26:07]SAY: Molerat/ : Squeek
[03:26:09]SAY: Molerat/ : Squeek!
[03:26:09]SAY: Molerat/ : Squeek, i say
[03:26:09]SAY: Molerat/ : Squeek!
[03:26:09]SAY: Molerat/ : Squeek
[03:26:09]SAY: Molerat/ : Squeek!
[03:26:09]SAY: Molerat/ : Squeek!
[03:26:09]SAY: Molerat/ : Squeek, i say
[03:26:09]SAY: Molerat/ : Squeek
[03:26:09]SAY: Mutant/ : ARRRRR!
[03:26:09]SAY: Molerat/ : Squeek
[03:26:09]SAY: Molerat/ : Squeek!
[03:26:09]SAY: Molerat/ : Squeek!
[03:26:11]SAY: Molerat/ : Squeek!
[03:26:11]SAY: Molerat/ : Squeek
[03:26:11]SAY: Molerat/ : Squeek!
[03:26:11]SAY: Molerat/ : Squeek
[03:26:11]SAY: Mutant/ : GRRRRRR!
[03:26:11]SAY: Molerat/ : Squeek!
[03:26:11]SAY: Molerat/ : Squeek
[03:26:11]SAY: Molerat/ : Squeek!
[03:26:11]SAY: Molerat/ : Squeek!
[03:26:13]GAME: Radiation pulse with size (1, 4) and severity 40 in area Custodial Closet 
[03:26:14]SAY: Molerat/ : Squeek
[03:26:14]SAY: Molerat/ : Squeek
[03:26:14]SAY: Molerat/ : Squeek
[03:26:14]SAY: Molerat/ : Squeek!
[03:26:14]SAY: Molerat/ : Squeek
[03:26:14]SAY: Molerat/ : Squeek
[03:26:14]SAY: Molerat/ : Squeek
[03:26:14]SAY: Molerat/ : Squeek!
[03:26:14]ADMIN: PahomLancer/(Griffin Whiteman) jumped to 90,157,1 in Surgery
[03:26:16]SAY: Molerat/ : Squeek
[03:26:16]SAY: Molerat/ : Squeek!
[03:26:16]SAY: Molerat/ : Squeek!
[03:26:16]SAY: Molerat/ : Squeek!
[03:26:16]SAY: Molerat/ : Squeek
[03:26:16]SAY: Molerat/ : Squeek
[03:26:16]SAY: Molerat/ : Squeek, i say
[03:26:16]SAY: Molerat/ : Squeek!
[03:26:18]SAY: Mutant/ : ARGH!
[03:26:18]SAY: Mutant/ : ARGH!
[03:26:18]SAY: Molerat/ : Squeek, i say
[03:26:18]SAY: Molerat/ : Squeek
[03:26:18]SAY: Molerat/ : Squeek
[03:26:18]SAY: Molerat/ : Squeek!
[03:26:18]SAY: Molerat/ : Squeek
[03:26:18]SAY: Mutant/ : ARGH!
[03:26:20]SAY: Molerat/ : Squeek
[03:26:20]SAY: Molerat/ : Squeek, i say
[03:26:20]SAY: Molerat/ : Squeek
[03:26:20]SAY: Molerat/ : Squeek
[03:26:20]SAY: Molerat/ : Squeek
[03:26:20]SAY: Molerat/ : Squeek
[03:26:20]SAY: Molerat/ : Squeek!
[03:26:20]SAY: Mutant/ : ARGH!
[03:26:20]SAY: Mutant/ : NNNNNGH!
[03:26:20]SAY: Molerat/ : Squeek
[03:26:20]SAY: Molerat/ : Squeek
[03:26:20]ADMIN: PahomLancer/(Griffin Whiteman) jumped to 88,162,1 in Atrium
[03:26:21]GAME: Radiation pulse with size (1, 4) and severity 40 in area Custodial Closet 
[03:26:22]SAY: Molerat/ : Squeek
[03:26:22]SAY: Molerat/ : Squeek!
[03:26:22]SAY: Molerat/ : Squeek!
[03:26:22]SAY: Molerat/ : Squeek
[03:26:22]SAY: Molerat/ : Squeek!
[03:26:22]SAY: Mutant/ : NNNNNGH!
[03:26:22]SAY: Molerat/ : Squeek
[03:26:22]ADMIN: PahomLancer/(Griffin Whiteman) jumped to 87,161,1 in Atrium
[03:26:24]SAY: Mutant/ : ARGH!
[03:26:24]SAY: Molerat/ : Squeek
[03:26:24]SAY: Molerat/ : Squeek!
[03:26:24]SAY: Molerat/ : Squeek!
[03:26:24]SAY: Molerat/ : Squeek
[03:26:24]SAY: Molerat/ : Squeek
[03:26:24]SAY: Molerat/ : Squeek
[03:26:24]SAY: Molerat/ : Squeek
[03:26:24]SAY: Molerat/ : Squeek
[03:26:24]SAY: Molerat/ : Squeek!
[03:26:24]SAY: Mutant/ : NNNNNGH!
[03:26:24]SAY: Mutant/ : GRRRRRR!
[03:26:24]EMOTE: giant spider (268)/ : <B>The giant spider (268)</B> chitters
[03:26:26]ADMIN: PahomLancer/(Griffin Whiteman) jumped to 86,153,1 in Vault Entry
[03:26:26]SAY: Molerat/ : Squeek
[03:26:26]SAY: Molerat/ : Squeek!
[03:26:26]SAY: Molerat/ : Squeek
[03:26:26]SAY: Molerat/ : Squeek!
[03:26:26]SAY: Molerat/ : Squeek!
[03:26:26]SAY: Molerat/ : Squeek!
[03:26:26]SAY: Molerat/ : Squeek
[03:26:26]SAY: Molerat/ : Squeek!
[03:26:26]SAY: Molerat/ : Squeek
[03:26:28]GAME: Radiation pulse with size (1, 4) and severity 40 in area Custodial Closet 
[03:26:28]SAY: Molerat/ : Squeek!
[03:26:28]SAY: Molerat/ : Squeek!
[03:26:28]SAY: Molerat/ : Squeek
[03:26:28]SAY: Mutant/ : NNNNNGH!
[03:26:28]EMOTE: rad scorpion (230)/ : <B>The rad scorpion (230)</B> chitters
[03:26:28]SAY: Molerat/ : Squeek
[03:26:28]SAY: Medibot/ : Radar, put a mask on!
[03:26:30]SAY: Molerat/ : Squeek
[03:26:30]SAY: Molerat/ : Squeek
[03:26:30]SAY: Molerat/ : Squeek!
[03:26:30]SAY: Molerat/ : Squeek!
[03:26:30]SAY: Mutant/ : HMPH!
[03:26:30]SAY: Molerat/ : Squeek!
[03:26:30]EMOTE: giant rad scorpion (827)/ : <B>The giant rad scorpion (827)</B> chitters
[03:26:32]SAY: Mutant/ : ARRRRR!
[03:26:32]SAY: Molerat/ : Squeek
[03:26:32]SAY: Molerat/ : Squeek!
[03:26:32]SAY: Molerat/ : Squeek!
[03:26:32]SAY: Molerat/ : Squeek
[03:26:32]SAY: Molerat/ : Squeek
[03:26:32]SAY: Molerat/ : Squeek!
[03:26:32]EMOTE: Cazador/ : <B>Cazador</B> gnashes at the brahmin.
[03:26:32]SAY: Molerat/ : Squeek!
[03:26:32]EMOTE: rad scorpion (230)/ : <B>The rad scorpion (230)</B> chitters
[03:26:33]ADMIN: PahomLancer/(Griffin Whiteman) has toggled PahomLancer/(Griffin Whiteman)'s nodamage to On
[03:26:34]GAME: Radiation pulse with size (1, 4) and severity 40 in area Custodial Closet 
[03:26:35]SAY: Molerat/ : Squeek!
[03:26:35]SAY: Molerat/ : Squeek
[03:26:35]SAY: Molerat/ : Squeek
[03:26:35]SAY: Molerat/ : Squeek!
[03:26:35]SAY: Molerat/ : Squeek
[03:26:35]SAY: Molerat/ : Squeek, i say
[03:26:35]SAY: Mutant/ : NNNNNGH!
[03:26:35]SAY: Mutant/ : HMPH!
[03:26:35]SAY: Molerat/ : Squeek!
[03:26:37]SAY: Molerat/ : Squeek!
[03:26:37]SAY: Molerat/ : Squeek
[03:26:37]SAY: Molerat/ : Squeek
[03:26:37]SAY: Mutant/ : HMPH!
[03:26:37]SAY: Molerat/ : Squeek
[03:26:37]SAY: Molerat/ : Squeek!
[03:26:38]SAY: Molerat/ : Squeek, i say
[03:26:38]SAY: Molerat/ : Squeek
[03:26:38]SAY: Mutant/ : NNNNNGH!
[03:26:38]SAY: Molerat/ : Squeek!
[03:26:38]SAY: Molerat/ : Squeek, i say
[03:26:38]SAY: Molerat/ : Squeek!
[03:26:38]SAY: Molerat/ : Squeek!
[03:26:38]SAY: Molerat/ : Squeek, i say
[03:26:38]SAY: Molerat/ : Squeek
[03:26:38]SAY: brahmin/ : Moo?
[03:26:39]SAY: Molerat/ : Squeek!
[03:26:39]SAY: Molerat/ : Squeek
[03:26:41]SAY: Molerat/ : Squeek
[03:26:41]SAY: Molerat/ : Squeek
[03:26:41]SAY: Molerat/ : Squeek
[03:26:41]SAY: Molerat/ : Squeek
[03:26:41]SAY: Molerat/ : Squeek!
[03:26:41]SAY: Molerat/ : Squeek
[03:26:41]SAY: Molerat/ : Squeek!
[03:26:41]SAY: Mutant/ : HMPH!
[03:26:41]SAY: Molerat/ : Squeek, i say
[03:26:41]SAY: Molerat/ : Squeek
[03:26:41]GAME: Radiation pulse with size (1, 4) and severity 40 in area Custodial Closet 
[03:26:43]SAY: Molerat/ : Squeek, i say
[03:26:43]SAY: Molerat/ : Squeek!
[03:26:43]SAY: Mutant/ : ARGH!
[03:26:43]SAY: Molerat/ : Squeek
[03:26:45]SAY: Molerat/ : Squeek
[03:26:45]SAY: Molerat/ : Squeek!
[03:26:45]SAY: Molerat/ : Squeek!
[03:26:45]SAY: Molerat/ : Squeek
[03:26:45]SAY: Molerat/ : Squeek
[03:26:45]SAY: Molerat/ : Squeek!
[03:26:45]SAY: Molerat/ : Squeek!
[03:26:45]EMOTE: mouse/ : <B>The mouse</B> squeeks.
[03:26:45]SAY: Mutant/ : NNNNNGH!
[03:26:45]SAY: Molerat/ : Squeek
[03:26:47]SAY: Mutant/ : HMPH!
[03:26:47]SAY: Molerat/ : Squeek, i say
[03:26:47]SAY: Molerat/ : Squeek, i say
[03:26:47]SAY: Molerat/ : Squeek
[03:26:47]SAY: Mutant/ : GRRRRRR!
[03:26:47]SAY: Molerat/ : Squeek, i say
[03:26:47]SAY: Molerat/ : Squeek
[03:26:47]SAY: Molerat/ : Squeek
[03:26:47]SAY: Mutant/ : NNNNNGH!
[03:26:47]SAY: Molerat/ : Squeek
[03:26:49]GAME: Radiation pulse with size (1, 4) and severity 40 in area Custodial Closet 
[03:26:49]SAY: Molerat/ : Squeek!
[03:26:49]SAY: Molerat/ : Squeek
[03:26:49]SAY: Molerat/ : Squeek
[03:26:49]SAY: Molerat/ : Squeek
[03:26:49]SAY: Molerat/ : Squeek!
[03:26:49]SAY: Molerat/ : Squeek, i say
[03:26:49]SAY: Molerat/ : Squeek
[03:26:49]SAY: Molerat/ : Squeek, i say
[03:26:49]SAY: Mutant/ : ARRRRR!
[03:26:49]SAY: Molerat/ : Squeek!
[03:26:49]SAY: Molerat/ : Squeek, i say
[03:26:51]SAY: Molerat/ : Squeek
[03:26:51]SAY: Molerat/ : Squeek
[03:26:51]SAY: Molerat/ : Squeek
[03:26:51]SAY: Mutant/ : NNNNNGH!
[03:26:51]SAY: Molerat/ : Squeek!
[03:26:51]SAY: Molerat/ : Squeek, i say
[03:26:51]SAY: Molerat/ : Squeek
[03:26:51]SAY: Molerat/ : Squeek
[03:26:51]SAY: Mutant/ : HMPH!
[03:26:51]SAY: Molerat/ : Squeek, i say
[03:26:51]SAY: Molerat/ : Squeek
[03:26:53]SAY: Molerat/ : Squeek
[03:26:53]SAY: Molerat/ : Squeek!
[03:26:53]SAY: Molerat/ : Squeek!
[03:26:53]SAY: Mutant/ : GRRRRRR!
[03:26:53]SAY: Molerat/ : Squeek
[03:26:53]SAY: Molerat/ : Squeek!
[03:26:53]SAY: Molerat/ : Squeek
[03:26:53]SAY: Molerat/ : Squeek
[03:26:53]SAY: Molerat/ : Squeek
[03:26:55]SAY: Molerat/ : Squeek
[03:26:55]SAY: Molerat/ : Squeek!
[03:26:55]SAY: Molerat/ : Squeek!
[03:26:55]SAY: Molerat/ : Squeek!
[03:26:55]SAY: Molerat/ : Squeek, i say
[03:26:55]SAY: Molerat/ : Squeek, i say
[03:26:55]SAY: Molerat/ : Squeek!
[03:26:55]SAY: Molerat/ : Squeek!
[03:26:55]SAY: Molerat/ : Squeek!
[03:26:57]GAME: Radiation pulse with size (1, 4) and severity 40 in area Custodial Closet 
[03:26:57]SAY: Molerat/ : Squeek
[03:26:57]SAY: Molerat/ : Squeek, i say
[03:26:57]SAY: Molerat/ : Squeek
[03:26:57]SAY: Molerat/ : Squeek
[03:26:57]SAY: Molerat/ : Squeek!
[03:26:57]SAY: Molerat/ : Squeek, i say
[03:26:57]SAY: Molerat/ : Squeek!
[03:26:57]SAY: Molerat/ : Squeek!
[03:26:59]SAY: Molerat/ : Squeek, i say
[03:26:59]SAY: Molerat/ : Squeek
[03:26:59]SAY: Molerat/ : Squeek
[03:26:59]SAY: Molerat/ : Squeek!
[03:26:59]SAY: Molerat/ : Squeek!
[03:26:59]SAY: Mutant/ : NNNNNGH!
[03:26:59]SAY: Molerat/ : Squeek!
[03:27:00]SAY: Molerat/ : Squeek!
[03:27:00]ADMIN: PahomLancer/(Griffin Whiteman) jumped to 95,133,1 in High Radiation Field
[03:27:02]SAY: Molerat/ : Squeek, i say
[03:27:02]SAY: Molerat/ : Squeek
[03:27:02]SAY: Molerat/ : Squeek
[03:27:02]SAY: Molerat/ : Squeek, i say
[03:27:02]SAY: Molerat/ : Squeek!
[03:27:02]SAY: Mutant/ : GRRRRRR!
[03:27:02]SAY: Molerat/ : Squeek
[03:27:02]SAY: Molerat/ : Squeek
[03:27:02]SAY: Molerat/ : Squeek!
[03:27:02]SAY: Molerat/ : Squeek
[03:27:03]GAME: Radiation pulse with size (1, 4) and severity 40 in area Custodial Closet 
[03:27:04]SAY: Molerat/ : Squeek!
[03:27:04]SAY: Molerat/ : Squeek
[03:27:04]SAY: Molerat/ : Squeek!
[03:27:04]SAY: Mutant/ : ARRRRR!
[03:27:04]SAY: Molerat/ : Squeek
[03:27:04]SAY: Molerat/ : Squeek
[03:27:04]ADMIN: PahomLancer/(Griffin Whiteman) jumped to 90,125,1 in Space
[03:27:06]SAY: Molerat/ : Squeek
[03:27:06]SAY: Molerat/ : Squeek, i say
[03:27:06]SAY: Molerat/ : Squeek!
[03:27:06]SAY: Molerat/ : Squeek
[03:27:06]SAY: Molerat/ : Squeek!
[03:27:06]SAY: Molerat/ : Squeek!
[03:27:06]SAY: Molerat/ : Squeek
[03:27:06]SAY: Molerat/ : Squeek!
[03:27:06]SAY: Molerat/ : Squeek!
[03:27:06]SAY: Molerat/ : Squeek
[03:27:08]SAY: Molerat/ : Squeek
[03:27:08]SAY: Molerat/ : Squeek
[03:27:08]SAY: Molerat/ : Squeek!
[03:27:08]SAY: Molerat/ : Squeek!
[03:27:08]SAY: Molerat/ : Squeek!
[03:27:08]SAY: Molerat/ : Squeek!
[03:27:08]SAY: Molerat/ : Squeek!
[03:27:08]SAY: Molerat/ : Squeek
[03:27:08]SAY: Mutant/ : NNNNNGH!
[03:27:08]SAY: Molerat/ : Squeek!
[03:27:10]SAY: Mutant/ : ARRRRR!
[03:27:10]SAY: Molerat/ : Squeek!
[03:27:10]SAY: Molerat/ : Squeek, i say
[03:27:10]SAY: Mutant/ : GRRRRRR!
[03:27:12]GAME: Radiation pulse with size (1, 4) and severity 40 in area Custodial Closet 
[03:27:12]SAY: Mutant/ : HMPH!
[03:27:12]SAY: Mutant/ : GRRRRRR!
[03:27:12]SAY: Molerat/ : Squeek!
[03:27:12]SAY: Molerat/ : Squeek
[03:27:12]SAY: Molerat/ : Squeek!
[03:27:12]SAY: Molerat/ : Squeek!
[03:27:12]SAY: Molerat/ : Squeek!
[03:27:12]SAY: Molerat/ : Squeek
[03:27:12]SAY: Molerat/ : Squeek
[03:27:12]SAY: Molerat/ : Squeek!
[03:27:12]SAY: Molerat/ : Squeek
[03:27:12]EMOTE: rad scorpion (230)/ : <B>The rad scorpion (230)</B> chitters
[03:27:14]SAY: Mutant/ : GRRRRRR!
[03:27:14]SAY: Molerat/ : Squeek
[03:27:14]SAY: Molerat/ : Squeek!
[03:27:14]SAY: Molerat/ : Squeek
[03:27:14]SAY: Molerat/ : Squeek!
[03:27:14]SAY: Molerat/ : Squeek!
[03:27:14]SAY: Mutant/ : ARRRRR!
[03:27:14]SAY: Molerat/ : Squeek
[03:27:14]SAY: Molerat/ : Squeek, i say
[03:27:16]SAY: Molerat/ : Squeek
[03:27:16]SAY: Molerat/ : Squeek
[03:27:16]SAY: Mutant/ : GRRRRRR!
[03:27:16]SAY: Molerat/ : Squeek!
[03:27:16]SAY: Molerat/ : Squeek, i say
[03:27:16]SAY: Molerat/ : Squeek!
[03:27:17]SAY: Molerat/ : Squeek
[03:27:17]SAY: Molerat/ : Squeek!
[03:27:17]EMOTE: yaogai/ : <B>The yaogai</B> grumbles.
[03:27:17]SAY: Molerat/ : Squeek, i say
[03:27:18]GAME: Radiation pulse with size (1, 4) and severity 40 in area Custodial Closet 
[03:27:18]SAY: Molerat/ : Squeek
[03:27:19]SAY: Molerat/ : Squeek, i say
[03:27:19]SAY: Molerat/ : Squeek!
[03:27:19]SAY: Mutant/ : GRRRRRR!
[03:27:19]SAY: Molerat/ : Squeek!
[03:27:19]SAY: Molerat/ : Squeek
[03:27:21]SAY: Molerat/ : Squeek!
[03:27:21]SAY: Molerat/ : Squeek
[03:27:21]SAY: Molerat/ : Squeek!
[03:27:21]SAY: Mutant/ : ARRRRR!
[03:27:21]SAY: Mutant/ : ARGH!
[03:27:21]SAY: Mutant/ : ARGH!
[03:27:21]SAY: Molerat/ : Squeek!
[03:27:21]SAY: Molerat/ : Squeek
[03:27:21]SAY: Molerat/ : Squeek
[03:27:23]SAY: Molerat/ : Squeek
[03:27:23]SAY: Molerat/ : Squeek!
[03:27:23]SAY: Molerat/ : Squeek!
[03:27:23]SAY: Molerat/ : Squeek
[03:27:23]SAY: Mutant/ : HMPH!
[03:27:23]SAY: Mutant/ : HMPH!
[03:27:25]GAME: Radiation pulse with size (1, 4) and severity 40 in area Custodial Closet 
[03:27:25]SAY: Molerat/ : Squeek
[03:27:25]SAY: Molerat/ : Squeek
[03:27:25]SAY: Molerat/ : Squeek
[03:27:25]SAY: Molerat/ : Squeek
[03:27:25]SAY: Mutant/ : GRRRRRR!
[03:27:25]SAY: Molerat/ : Squeek
[03:27:25]SAY: Molerat/ : Squeek, i say
[03:27:25]SAY: Molerat/ : Squeek!
[03:27:25]SAY: Molerat/ : Squeek
[03:27:25]SAY: Mutant/ : GRRRRRR!
[03:27:25]SAY: Molerat/ : Squeek
[03:27:25]SAY: Molerat/ : Squeek
[03:27:25]EMOTE: giant spider (268)/ : <B>The giant spider (268)</B> chitters
[03:27:27]SAY: Molerat/ : Squeek
[03:27:27]SAY: Molerat/ : Squeek!
[03:27:27]SAY: Molerat/ : Squeek!
[03:27:27]SAY: Molerat/ : Squeek
[03:27:27]SAY: Molerat/ : Squeek
[03:27:27]SAY: Mutant/ : ARGH!
[03:27:27]SAY: Molerat/ : Squeek
[03:27:27]SAY: Molerat/ : Squeek!
[03:27:27]SAY: Mutant/ : ARGH!
[03:27:27]SAY: Molerat/ : Squeek!
[03:27:27]SAY: Molerat/ : Squeek!
[03:27:27]SAY: Molerat/ : Squeek, i say
[03:27:29]SAY: Molerat/ : Squeek
[03:27:29]SAY: Molerat/ : Squeek, i say
[03:27:29]SAY: Molerat/ : Squeek
[03:27:29]SAY: Molerat/ : Squeek!
[03:27:29]SAY: Molerat/ : Squeek!
[03:27:31]SAY: Molerat/ : Squeek
[03:27:31]SAY: Molerat/ : Squeek
[03:27:31]SAY: Mutant/ : GRRRRRR!
[03:27:31]SAY: Molerat/ : Squeek
[03:27:31]SAY: Mutant/ : ARGH!
[03:27:31]SAY: Molerat/ : Squeek!
[03:27:31]SAY: Mutant/ : GRRRRRR!
[03:27:31]SAY: Molerat/ : Squeek!
[03:27:31]SAY: Molerat/ : Squeek!
[03:27:31]SAY: Molerat/ : Squeek
[03:27:31]SAY: Molerat/ : Squeek
[03:27:33]GAME: Radiation pulse with size (1, 4) and severity 40 in area Custodial Closet 
[03:27:33]SAY: Molerat/ : Squeek!
[03:27:33]SAY: Molerat/ : Squeek!
[03:27:33]SAY: Molerat/ : Squeek!
[03:27:33]SAY: Molerat/ : Squeek
[03:27:33]SAY: Molerat/ : Squeek, i say
[03:27:33]SAY: Molerat/ : Squeek
[03:27:33]SAY: Mutant/ : HMPH!
[03:27:33]SAY: Molerat/ : Squeek
[03:27:33]SAY: Molerat/ : Squeek
[03:27:33]SAY: Molerat/ : Squeek
[03:27:35]SAY: Molerat/ : Squeek
[03:27:35]SAY: Molerat/ : Squeek
[03:27:35]SAY: Molerat/ : Squeek, i say
[03:27:35]SAY: Mutant/ : HMPH!
[03:27:35]SAY: Molerat/ : Squeek
[03:27:35]SAY: Molerat/ : Squeek
[03:27:35]SAY: Molerat/ : Squeek
[03:27:35]SAY: Molerat/ : Squeek
[03:27:35]SAY: Mutant/ : GRRRRRR!
[03:27:35]SAY: Molerat/ : Squeek, i say
[03:27:35]SAY: Molerat/ : Squeek!
[03:27:35]SAY: Molerat/ : Squeek!
[03:27:35]EMOTE: rad scorpion (689)/ : <B>The rad scorpion (689)</B> chitters
[03:27:37]SAY: Molerat/ : Squeek!
[03:27:37]SAY: Molerat/ : Squeek!
[03:27:37]SAY: Mutant/ : HMPH!
[03:27:37]SAY: Molerat/ : Squeek!
[03:27:37]SAY: Molerat/ : Squeek!
[03:27:37]SAY: Mutant/ : GRRRRRR!
[03:27:38]SAY: Molerat/ : Squeek
[03:27:39]GAME: Radiation pulse with size (1, 4) and severity 40 in area Custodial Closet 
[03:27:40]SAY: Molerat/ : Squeek!
[03:27:40]SAY: Molerat/ : Squeek!
[03:27:40]SAY: Molerat/ : Squeek
[03:27:40]SAY: Molerat/ : Squeek
[03:27:40]SAY: Molerat/ : Squeek
[03:27:40]SAY: Molerat/ : Squeek!
[03:27:40]SAY: Molerat/ : Squeek!
[03:27:40]SAY: Molerat/ : Squeek!
[03:27:40]SAY: Molerat/ : Squeek
[03:27:42]SAY: Molerat/ : Squeek!
[03:27:42]SAY: Mutant/ : GRRRRRR!
[03:27:42]SAY: Molerat/ : Squeek!
[03:27:42]SAY: Molerat/ : Squeek, i say
[03:27:42]SAY: Molerat/ : Squeek
[03:27:42]SAY: Molerat/ : Squeek!
[03:27:42]SAY: Molerat/ : Squeek!
[03:27:42]SAY: Molerat/ : Squeek, i say
[03:27:42]SAY: Molerat/ : Squeek
[03:27:42]SAY: Molerat/ : Squeek
[03:27:44]SAY: Molerat/ : Squeek!
[03:27:44]SAY: Mutant/ : HMPH!
[03:27:44]SAY: Molerat/ : Squeek, i say
[03:27:44]SAY: Molerat/ : Squeek!
[03:27:46]SAY: Molerat/ : Squeek!
[03:27:46]SAY: Molerat/ : Squeek
[03:27:46]SAY: Molerat/ : Squeek, i say
[03:27:46]SAY: Molerat/ : Squeek
[03:27:46]SAY: Molerat/ : Squeek
[03:27:46]SAY: Molerat/ : Squeek
[03:27:46]SAY: Molerat/ : Squeek, i say
[03:27:46]SAY: Molerat/ : Squeek!
[03:27:46]SAY: Molerat/ : Squeek
[03:27:46]SAY: Molerat/ : Squeek, i say
[03:27:46]SAY: Molerat/ : Squeek
[03:27:46]EMOTE: yaogai/ : <B>The yaogai</B> grumbles.
[03:27:48]GAME: Radiation pulse with size (1, 4) and severity 40 in area Custodial Closet 
[03:27:48]SAY: Molerat/ : Squeek!
[03:27:48]SAY: Molerat/ : Squeek!
[03:27:48]SAY: Molerat/ : Squeek!
[03:27:48]SAY: Mutant/ : GRRRRRR!
[03:27:48]SAY: Molerat/ : Squeek!
[03:27:48]EMOTE: giant rad scorpion (827)/ : <B>The giant rad scorpion (827)</B> chitters
[03:27:50]SAY: Molerat/ : Squeek!
[03:27:50]SAY: Molerat/ : Squeek!
[03:27:50]SAY: Molerat/ : Squeek!
[03:27:50]SAY: Molerat/ : Squeek!
[03:27:50]SAY: Mutant/ : GRRRRRR!
[03:27:50]SAY: Mutant/ : NNNNNGH!
[03:27:50]SAY: Molerat/ : Squeek, i say
[03:27:50]SAY: Molerat/ : Squeek, i say
[03:27:50]SAY: Molerat/ : Squeek
[03:27:50]SAY: Molerat/ : Squeek
[03:27:50]EMOTE: giant rad scorpion (11)/ : <B>The giant rad scorpion (11)</B> chitters
[03:27:52]SAY: Molerat/ : Squeek!
[03:27:52]SAY: Molerat/ : Squeek, i say
[03:27:52]SAY: Mutant/ : ARGH!
[03:27:52]SAY: Molerat/ : Squeek!
[03:27:52]SAY: Molerat/ : Squeek!
[03:27:52]SAY: Medibot/ : There&#39;s always a catch, and it&#39;s the best there is.
[03:27:54]SAY: Molerat/ : Squeek!
[03:27:54]SAY: Molerat/ : Squeek
[03:27:54]SAY: Molerat/ : Squeek!
[03:27:54]SAY: Molerat/ : Squeek
[03:27:54]SAY: Molerat/ : Squeek
[03:27:54]SAY: Molerat/ : Squeek
[03:27:54]SAY: Molerat/ : Squeek!
[03:27:54]SAY: Molerat/ : Squeek!
[03:27:54]SAY: Molerat/ : Squeek
[03:27:54]SAY: Molerat/ : Squeek, i say
[03:27:54]SAY: Molerat/ : Squeek
[03:27:54]SAY: Molerat/ : Squeek
[03:27:54]SAY: Molerat/ : Squeek, i say
[03:27:56]GAME: Radiation pulse with size (1, 4) and severity 40 in area Custodial Closet 
[03:27:56]SAY: Molerat/ : Squeek!
[03:27:56]SAY: Mutant/ : GRRRRRR!
[03:27:56]SAY: Molerat/ : Squeek
[03:27:56]SAY: Mutant/ : GRRRRRR!
[03:27:58]SAY: Mutant/ : ARGH!
[03:27:58]SAY: Molerat/ : Squeek!
[03:27:58]SAY: Molerat/ : Squeek!
[03:27:58]SAY: Molerat/ : Squeek, i say
[03:27:58]SAY: Molerat/ : Squeek!
[03:27:58]SAY: Mutant/ : ARRRRR!
[03:27:58]SAY: Molerat/ : Squeek
[03:27:58]SAY: Molerat/ : Squeek
[03:27:58]SAY: Molerat/ : Squeek!
[03:27:58]SAY: Molerat/ : Squeek
[03:27:58]SAY: Molerat/ : Squeek
[03:27:58]SAY: Molerat/ : Squeek!
[03:27:58]SAY: Molerat/ : Squeek
[03:27:58]SAY: Molerat/ : Squeek
[03:27:58]SAY: Molerat/ : Squeek!
[03:28:00]SAY: Mutant/ : GRRRRRR!
[03:28:00]SAY: Molerat/ : Squeek
[03:28:00]SAY: Molerat/ : Squeek
[03:28:00]SAY: Molerat/ : Squeek!
[03:28:00]SAY: Molerat/ : Squeek
[03:28:00]SAY: Molerat/ : Squeek!
[03:28:00]SAY: Molerat/ : Squeek!
[03:28:01]SAY: Mutant/ : GRRRRRR!
[03:28:02]SAY: Molerat/ : Squeek
[03:28:02]SAY: Molerat/ : Squeek
[03:28:02]SAY: Molerat/ : Squeek
[03:28:02]SAY: Molerat/ : Squeek!
[03:28:03]SAY: Molerat/ : Squeek!
[03:28:03]SAY: Molerat/ : Squeek
[03:28:03]SAY: Mutant/ : GRRRRRR!
[03:28:03]SAY: Molerat/ : Squeek!
[03:28:03]EMOTE: rad scorpion (689)/ : <B>The rad scorpion (689)</B> chitters
[03:28:03]SAY: Molerat/ : Squeek
[03:28:04]GAME: Radiation pulse with size (1, 4) and severity 40 in area Custodial Closet 
[03:28:05]SAY: Molerat/ : Squeek
[03:28:05]SAY: Mutant/ : ARRRRR!
[03:28:05]SAY: Molerat/ : Squeek
[03:28:05]SAY: Molerat/ : Squeek
[03:28:05]SAY: Molerat/ : Squeek!
[03:28:05]SAY: Molerat/ : Squeek
[03:28:05]SAY: Molerat/ : Squeek!
[03:28:05]SAY: Molerat/ : Squeek
[03:28:05]SAY: Molerat/ : Squeek!
[03:28:05]SAY: Molerat/ : Squeek!
[03:28:05]SAY: Molerat/ : Squeek
[03:28:05]SAY: Molerat/ : Squeek!
[03:28:05]SAY: Molerat/ : Squeek!
[03:28:05]SAY: Molerat/ : Squeek!
[03:28:07]SAY: Molerat/ : Squeek
[03:28:07]SAY: Molerat/ : Squeek
[03:28:07]SAY: Molerat/ : Squeek
[03:28:07]SAY: Molerat/ : Squeek
[03:28:07]SAY: Molerat/ : Squeek, i say
[03:28:07]SAY: Mutant/ : HMPH!
[03:28:07]SAY: Molerat/ : Squeek
[03:28:09]SAY: Molerat/ : Squeek
[03:28:09]SAY: Molerat/ : Squeek, i say
[03:28:09]SAY: Molerat/ : Squeek
[03:28:09]SAY: Molerat/ : Squeek!
[03:28:09]SAY: Molerat/ : Squeek!
[03:28:09]SAY: Molerat/ : Squeek
[03:28:11]SAY: Molerat/ : Squeek
[03:28:11]SAY: Molerat/ : Squeek!
[03:28:11]SAY: Molerat/ : Squeek
[03:28:11]SAY: Molerat/ : Squeek
[03:28:11]EMOTE: rad scorpion (689)/ : <B>The rad scorpion (689)</B> chitters
[03:28:11]SAY: Molerat/ : Squeek
[03:28:11]SAY: Molerat/ : Squeek
[03:28:12]GAME: Radiation pulse with size (1, 4) and severity 40 in area Custodial Closet 
[03:28:13]SAY: Molerat/ : Squeek
[03:28:13]SAY: Mutant/ : GRRRRRR!
[03:28:13]SAY: Mutant/ : ARGH!
[03:28:13]SAY: Molerat/ : Squeek
[03:28:13]SAY: Molerat/ : Squeek
[03:28:13]SAY: Molerat/ : Squeek
[03:28:15]ADMIN: PahomLancer/(Griffin Whiteman) jumped to 77,103,1 in Custodial Closet
[03:28:15]SAY: Molerat/ : Squeek, i say
[03:28:15]SAY: Molerat/ : Squeek, i say
[03:28:15]SAY: Molerat/ : Squeek
[03:28:15]SAY: Molerat/ : Squeek, i say
[03:28:15]SAY: Molerat/ : Squeek
[03:28:15]SAY: Mutant/ : ARRRRR!
[03:28:15]SAY: Molerat/ : Squeek, i say
[03:28:15]SAY: Molerat/ : Squeek
[03:28:15]EMOTE: giant spider (268)/ : <B>The giant spider (268)</B> chitters
[03:28:17]SAY: Molerat/ : Squeek
[03:28:17]SAY: Molerat/ : Squeek
[03:28:17]SAY: Molerat/ : Squeek!
[03:28:17]SAY: Molerat/ : Squeek
[03:28:17]SAY: Mutant/ : HMPH!
[03:28:17]SAY: Molerat/ : Squeek, i say
[03:28:17]SAY: Molerat/ : Squeek!
[03:28:19]GAME: Radiation pulse with size (1, 4) and severity 40 in area Custodial Closet 
[03:28:19]SAY: Molerat/ : Squeek!
[03:28:19]SAY: Molerat/ : Squeek!
[03:28:19]SAY: Molerat/ : Squeek
[03:28:19]SAY: Molerat/ : Squeek
[03:28:19]SAY: Molerat/ : Squeek
[03:28:19]SAY: Molerat/ : Squeek!
[03:28:19]SAY: Molerat/ : Squeek!
[03:28:19]SAY: Molerat/ : Squeek
[03:28:19]SAY: Molerat/ : Squeek!
[03:28:19]SAY: Mutant/ : HMPH!
[03:28:19]SAY: Molerat/ : Squeek, i say
[03:28:19]SAY: Molerat/ : Squeek
[03:28:19]SAY: Molerat/ : Squeek!
[03:28:21]SAY: Mutant/ : GRRRRRR!
[03:28:21]SAY: Molerat/ : Squeek!
[03:28:21]SAY: Molerat/ : Squeek
[03:28:21]SAY: Molerat/ : Squeek
[03:28:21]SAY: Molerat/ : Squeek!
[03:28:21]SAY: Molerat/ : Squeek!
[03:28:21]SAY: Molerat/ : Squeek
[03:28:21]SAY: Molerat/ : Squeek!
[03:28:21]SAY: Molerat/ : Squeek!
[03:28:23]SAY: Mutant/ : HMPH!
[03:28:23]SAY: Molerat/ : Squeek
[03:28:23]SAY: Molerat/ : Squeek
[03:28:23]SAY: Molerat/ : Squeek
[03:28:23]SAY: Molerat/ : Squeek!
[03:28:23]SAY: Mutant/ : GRRRRRR!
[03:28:23]SAY: Molerat/ : Squeek
[03:28:23]SAY: Molerat/ : Squeek!
[03:28:25]SAY: Molerat/ : Squeek
[03:28:25]SAY: Molerat/ : Squeek!
[03:28:25]SAY: Molerat/ : Squeek
[03:28:25]SAY: Molerat/ : Squeek
[03:28:25]SAY: Molerat/ : Squeek
[03:28:25]SAY: Mutant/ : HMPH!
[03:28:25]SAY: Molerat/ : Squeek!
[03:28:25]SAY: Mutant/ : ARGH!
[03:28:25]SAY: Mutant/ : NNNNNGH!
[03:28:27]GAME: Radiation pulse with size (1, 4) and severity 40 in area Custodial Closet 
[03:28:27]SAY: Molerat/ : Squeek
[03:28:27]SAY: Mutant/ : GRRRRRR!
[03:28:27]SAY: Molerat/ : Squeek!
[03:28:27]SAY: Molerat/ : Squeek
[03:28:27]SAY: Molerat/ : Squeek!
[03:28:27]SAY: Mutant/ : HMPH!
[03:28:27]SAY: Molerat/ : Squeek
[03:28:29]SAY: Molerat/ : Squeek
[03:28:29]SAY: Molerat/ : Squeek
[03:28:31]SAY: Molerat/ : Squeek
[03:28:31]SAY: Molerat/ : Squeek
[03:28:31]SAY: Molerat/ : Squeek
[03:28:31]SAY: Mutant/ : ARRRRR!
[03:28:31]SAY: Molerat/ : Squeek, i say
[03:28:31]SAY: Molerat/ : Squeek!
[03:28:33]SAY: Molerat/ : Squeek
[03:28:33]SAY: Molerat/ : Squeek!
[03:28:33]SAY: Molerat/ : Squeek!
[03:28:33]SAY: Molerat/ : Squeek
[03:28:33]SAY: Mutant/ : ARRRRR!
[03:28:33]SAY: Mutant/ : GRRRRRR!
[03:28:33]SAY: Molerat/ : Squeek!
[03:28:33]GAME: Radiation pulse with size (1, 4) and severity 40 in area Custodial Closet 
[03:28:35]SAY: Molerat/ : Squeek, i say
[03:28:35]SAY: Molerat/ : Squeek!
[03:28:35]SAY: Molerat/ : Squeek!
[03:28:35]SAY: Molerat/ : Squeek
[03:28:36]SAY: Molerat/ : Squeek
[03:28:36]SAY: Molerat/ : Squeek
[03:28:37]SAY: Molerat/ : Squeek, i say
[03:28:37]SAY: Molerat/ : Squeek
[03:28:38]SAY: Molerat/ : Squeek
[03:28:38]SAY: Molerat/ : Squeek
[03:28:38]SAY: Molerat/ : Squeek
[03:28:40]SAY: Molerat/ : Squeek
[03:28:40]SAY: Mutant/ : ARGH!
[03:28:40]SAY: Molerat/ : Squeek, i say
[03:28:40]SAY: Molerat/ : Squeek
[03:28:40]SAY: Molerat/ : Squeek
[03:28:40]SAY: Molerat/ : Squeek
[03:28:41]GAME: Radiation pulse with size (1, 4) and severity 40 in area Custodial Closet 
[03:28:42]SAY: Molerat/ : Squeek!
[03:28:42]SAY: Molerat/ : Squeek!
[03:28:42]SAY: Molerat/ : Squeek!
[03:28:42]SAY: Molerat/ : Squeek, i say
[03:28:42]SAY: Molerat/ : Squeek, i say
[03:28:42]SAY: Molerat/ : Squeek
[03:28:42]SAY: Molerat/ : Squeek
[03:28:42]SAY: Molerat/ : Squeek
[03:28:42]SAY: Molerat/ : Squeek!
[03:28:42]SAY: Mutant/ : GRRRRRR!
[03:28:42]SAY: Mutant/ : GRRRRRR!
[03:28:42]SAY: Mutant/ : ARGH!
[03:28:42]SAY: Molerat/ : Squeek
[03:28:42]SAY: Molerat/ : Squeek!
[03:28:42]EMOTE: giant spider (268)/ : <B>The giant spider (268)</B> chitters
[03:28:44]SAY: Molerat/ : Squeek
[03:28:44]SAY: Mutant/ : ARGH!
[03:28:44]SAY: Mutant/ : NNNNNGH!
[03:28:44]SAY: Molerat/ : Squeek
[03:28:44]SAY: Molerat/ : Squeek!
[03:28:44]SAY: Mutant/ : NNNNNGH!
[03:28:44]SAY: Molerat/ : Squeek
[03:28:44]SAY: Molerat/ : Squeek, i say
[03:28:46]SAY: Molerat/ : Squeek!
[03:28:46]SAY: Molerat/ : Squeek!
[03:28:46]SAY: Molerat/ : Squeek!
[03:28:46]SAY: Molerat/ : Squeek
[03:28:46]SAY: Molerat/ : Squeek
[03:28:46]SAY: Mutant/ : GRRRRRR!
[03:28:46]SAY: Mutant/ : HMPH!
[03:28:46]SAY: Molerat/ : Squeek
[03:28:46]SAY: Molerat/ : Squeek
[03:28:46]SAY: Molerat/ : Squeek
[03:28:48]GAME: Radiation pulse with size (1, 4) and severity 40 in area Custodial Closet 
[03:28:48]SAY: Molerat/ : Squeek!
[03:28:48]SAY: Molerat/ : Squeek!
[03:28:48]SAY: Molerat/ : Squeek!
[03:28:48]SAY: Molerat/ : Squeek, i say
[03:28:48]SAY: Molerat/ : Squeek
[03:28:48]SAY: Mutant/ : NNNNNGH!
[03:28:48]SAY: Mutant/ : ARGH!
[03:28:48]SAY: Molerat/ : Squeek!
[03:28:48]SAY: Molerat/ : Squeek, i say
[03:28:50]SAY: Mutant/ : NNNNNGH!
[03:28:50]SAY: Molerat/ : Squeek
[03:28:50]SAY: Molerat/ : Squeek
[03:28:50]SAY: Molerat/ : Squeek
[03:28:50]SAY: Molerat/ : Squeek!
[03:28:50]SAY: Molerat/ : Squeek!
[03:28:50]SAY: Molerat/ : Squeek
[03:28:50]SAY: Molerat/ : Squeek
[03:28:50]SAY: Molerat/ : Squeek!
[03:28:50]SAY: Molerat/ : Squeek, i say
[03:28:52]SAY: Molerat/ : Squeek!
[03:28:52]SAY: Molerat/ : Squeek!
[03:28:52]SAY: Molerat/ : Squeek!
[03:28:52]SAY: Molerat/ : Squeek!
[03:28:52]SAY: Molerat/ : Squeek
[03:28:52]SAY: Molerat/ : Squeek, i say
[03:28:52]SAY: Molerat/ : Squeek!
[03:28:52]SAY: Molerat/ : Squeek
[03:28:52]SAY: Molerat/ : Squeek
[03:28:52]SAY: Medibot/ : I knew it, I should&#39;ve been a plastic surgeon.
[03:28:54]SAY: Molerat/ : Squeek
[03:28:54]SAY: Molerat/ : Squeek
[03:28:54]SAY: Mutant/ : ARRRRR!
[03:28:54]SAY: Molerat/ : Squeek!
[03:28:54]SAY: Medibot/ : Delicious!
[03:28:56]SAY: Mutant/ : ARGH!
[03:28:56]SAY: Molerat/ : Squeek, i say
[03:28:56]SAY: Molerat/ : Squeek, i say
[03:28:56]SAY: Molerat/ : Squeek
[03:28:56]SAY: Molerat/ : Squeek
[03:28:56]SAY: Mutant/ : ARRRRR!
[03:28:56]SAY: Molerat/ : Squeek!
[03:28:56]SAY: Mutant/ : ARGH!
[03:28:56]SAY: Molerat/ : Squeek!
[03:28:56]SAY: Molerat/ : Squeek
[03:28:56]GAME: Radiation pulse with size (1, 4) and severity 40 in area Custodial Closet 
[03:28:58]SAY: Mutant/ : HMPH!
[03:28:58]SAY: Molerat/ : Squeek!
[03:28:58]SAY: Molerat/ : Squeek
[03:28:58]SAY: Mutant/ : ARRRRR!
[03:28:58]SAY: Molerat/ : Squeek
[03:28:58]SAY: Molerat/ : Squeek
[03:28:58]EMOTE: giant rad scorpion (827)/ : <B>The giant rad scorpion (827)</B> chitters
[03:28:58]SAY: Molerat/ : Squeek!
[03:29:00]ACCESS: Logout: PahomLancer[DC]/(Griffin Whiteman)
