

Starting up. 03:24.28
---------------------
[03:25:22]ATTACK: giant rad scorpion (693) attacked Default Cyborg-661  (NEWHP: 100)(40,158,1)
[03:25:24]ATTACK: giant rad scorpion (693) attacked Default Cyborg-661  (NEWHP: 81)(40,158,1)
[03:25:26]ATTACK: giant rad scorpion (693) attacked Default Cyborg-661  (NEWHP: 63)(40,158,1)
[03:25:29]ATTACK: giant rad scorpion (693) attacked Default Cyborg-661  (NEWHP: 47)(40,158,1)
[03:25:31]ATTACK: giant rad scorpion (693) attacked Default Cyborg-661  (NEWHP: 27)(40,158,1)
[03:25:33]ATTACK: giant rad scorpion (693) attacked Default Cyborg-661  (NEWHP: 7)(40,158,1)
[03:25:35]ATTACK: giant rad scorpion (693) attacked Default Cyborg-661  (NEWHP: -12)(40,158,1)
[03:25:37]ATTACK: giant rad scorpion (693) attacked Default Cyborg-661  (NEWHP: -32)(40,158,1)
[03:25:39]ATTACK: giant rad scorpion (693) attacked Default Cyborg-661  (NEWHP: -52)(40,158,1)
[03:25:42]ATTACK: giant rad scorpion (693) attacked Default Cyborg-661  (NEWHP: -70)(40,158,1)
[03:25:44]ATTACK: giant rad scorpion (693) attacked Default Cyborg-661  (NEWHP: -88)(40,158,1)
[03:26:32]ATTACK: venus human trap attacked venus human trap  (NEWHP: 65)(174,164,1)
[03:26:32]ATTACK: venus human trap attacked venus human trap  (NEWHP: 70)(173,163,1)
[03:26:35]ATTACK: venus human trap attacked venus human trap  (NEWHP: 40)(174,163,1)
[03:26:35]ATTACK: venus human trap attacked venus human trap  (NEWHP: 45)(173,164,1)
[03:26:37]ATTACK: venus human trap attacked venus human trap  (NEWHP: 10)(173,163,1)
[03:26:38]ATTACK: Molerat attacked Griffin Whiteman(pahomlancer)  (NEWHP: 100)(99,141,1)
[03:26:38]ATTACK: Molerat attacked Griffin Whiteman(pahomlancer)  (NEWHP: 100)(99,141,1)
[03:26:39]ATTACK: Griffin Whiteman(pahomlancer) attacked Molerat with circular saw(INTENT: HELP) (DAMTYPE: BRUTE) (NEWHP: 35)(100,141,1)
[03:26:40]ATTACK: Griffin Whiteman(pahomlancer) attacked Molerat with circular saw(INTENT: HELP) (DAMTYPE: BRUTE) (NEWHP: 20)(100,141,1)
[03:26:41]ATTACK: Molerat attacked Griffin Whiteman(pahomlancer)  (NEWHP: 100)(99,141,1)
[03:26:41]ATTACK: Molerat attacked Griffin Whiteman(pahomlancer)  (NEWHP: 100)(99,141,1)
[03:26:41]ATTACK: Molerat attacked Griffin Whiteman(pahomlancer)  (NEWHP: 100)(99,141,1)
[03:26:41]ATTACK: Griffin Whiteman(pahomlancer) attacked Molerat with circular saw(INTENT: HELP) (DAMTYPE: BRUTE) (NEWHP: 5)(100,141,1)
[03:26:42]ATTACK: Griffin Whiteman(pahomlancer) attacked Molerat with circular saw(INTENT: HELP) (DAMTYPE: BRUTE) (NEWHP: 0)(100,141,1)
[03:26:43]ATTACK: Molerat attacked Griffin Whiteman(pahomlancer)  (NEWHP: 100)(99,141,1)
[03:26:43]ATTACK: Molerat attacked Griffin Whiteman(pahomlancer)  (NEWHP: 100)(99,141,1)
[03:26:45]ATTACK: Molerat attacked Griffin Whiteman(pahomlancer)  (NEWHP: 100)(99,141,1)
[03:26:45]ATTACK: Molerat attacked Griffin Whiteman(pahomlancer)  (NEWHP: 100)(99,141,1)
[03:26:47]ATTACK: Molerat attacked Griffin Whiteman(pahomlancer)  (NEWHP: 100)(99,141,1)
[03:26:47]ATTACK: Molerat attacked Griffin Whiteman(pahomlancer)  (NEWHP: 100)(99,141,1)
[03:26:49]ATTACK: Molerat attacked Griffin Whiteman(pahomlancer)  (NEWHP: 100)(99,141,1)
[03:26:49]ATTACK: Molerat attacked Griffin Whiteman(pahomlancer)  (NEWHP: 100)(99,141,1)
[03:26:51]ATTACK: Molerat attacked Griffin Whiteman(pahomlancer)  (NEWHP: 100)(99,141,1)
[03:26:51]ATTACK: Molerat attacked Griffin Whiteman(pahomlancer)  (NEWHP: 100)(99,141,1)
[03:26:53]ATTACK: Molerat attacked Griffin Whiteman(pahomlancer)  (NEWHP: 100)(99,141,1)
[03:26:53]ATTACK: Molerat attacked Griffin Whiteman(pahomlancer)  (NEWHP: 100)(99,141,1)
[03:26:55]ATTACK: Molerat attacked Griffin Whiteman(pahomlancer)  (NEWHP: 100)(99,139,1)
[03:26:55]ATTACK: Molerat attacked Griffin Whiteman(pahomlancer)  (NEWHP: 100)(99,139,1)
[03:26:57]ATTACK: Molerat attacked Griffin Whiteman(pahomlancer)  (NEWHP: 100)(98,138,1)
[03:26:57]ATTACK: Molerat attacked Griffin Whiteman(pahomlancer)  (NEWHP: 100)(98,138,1)
[03:27:00]ATTACK: Molerat attacked Griffin Whiteman(pahomlancer)  (NEWHP: 100)(98,137,1)
[03:27:00]ATTACK: Molerat attacked Griffin Whiteman(pahomlancer)  (NEWHP: 100)(98,137,1)
[03:27:02]ATTACK: Mutant attacked Griffin Whiteman(pahomlancer)  (NEWHP: 100)(92,130,1)
[03:27:04]ATTACK: Mutant attacked Griffin Whiteman(pahomlancer)  (NEWHP: 100)(92,130,1)
[03:27:12]ATTACK: Gekkon attacked Griffin Whiteman(pahomlancer)  (NEWHP: 100)(87,98,1)
[03:27:12]ATTACK: Griffin Whiteman(pahomlancer) attacked Gekkon with circular saw(INTENT: HELP) (DAMTYPE: BRUTE) (NEWHP: 45)(86,98,1)
[03:27:13]ATTACK: Griffin Whiteman(pahomlancer) attacked Gekkon with circular saw(INTENT: HELP) (DAMTYPE: BRUTE) (NEWHP: 30)(86,98,1)
[03:27:14]ATTACK: Griffin Whiteman(pahomlancer) attacked Gekkon with circular saw(INTENT: HELP) (DAMTYPE: BRUTE) (NEWHP: 15)(86,98,1)
[03:27:14]ATTACK: Gekkon attacked Griffin Whiteman(pahomlancer)  (NEWHP: 100)(87,98,1)
[03:27:14]ATTACK: Gekkon attacked Griffin Whiteman(pahomlancer)  (NEWHP: 100)(87,98,1)
[03:27:15]ATTACK: Griffin Whiteman(pahomlancer) attacked Gekkon with circular saw(INTENT: HELP) (DAMTYPE: BRUTE) (NEWHP: 0)(86,98,1)
[03:27:16]ATTACK: Gekkon attacked Griffin Whiteman(pahomlancer)  (NEWHP: 100)(87,98,1)
[03:27:19]ATTACK: Gekkon attacked Griffin Whiteman(pahomlancer)  (NEWHP: 100)(87,98,1)
[03:27:21]ATTACK: Gekkon attacked Griffin Whiteman(pahomlancer)  (NEWHP: 100)(87,98,1)
[03:27:23]ATTACK: Gekkon attacked Griffin Whiteman(pahomlancer)  (NEWHP: 100)(87,98,1)
[03:27:25]ATTACK: Gekkon attacked Griffin Whiteman(pahomlancer)  (NEWHP: 100)(87,98,1)
[03:27:27]ATTACK: Gekkon attacked Griffin Whiteman(pahomlancer)  (NEWHP: 100)(87,98,1)
[03:27:29]ATTACK: Gekkon attacked Griffin Whiteman(pahomlancer)  (NEWHP: 100)(87,98,1)
[03:27:29]ATTACK: venus human trap attacked venus human trap  (NEWHP: 70)(163,151,1)
[03:27:31]ATTACK: Gekkon attacked Griffin Whiteman(pahomlancer)  (NEWHP: 100)(87,98,1)
[03:27:33]ATTACK: Griffin Whiteman(pahomlancer) attacked Gekkon with circular saw(INTENT: HELP) (DAMTYPE: BRUTE) (NEWHP: 45)(86,99,1)
[03:27:33]ATTACK: Gekkon attacked Griffin Whiteman(pahomlancer)  (NEWHP: 100)(87,98,1)
[03:27:33]ATTACK: venus human trap attacked venus human trap  (NEWHP: 75)(162,151,1)
[03:27:34]ATTACK: Griffin Whiteman(pahomlancer) attacked Gekkon with circular saw(INTENT: HELP) (DAMTYPE: BRUTE) (NEWHP: 30)(86,99,1)
[03:27:35]ATTACK: Griffin Whiteman(pahomlancer) attacked Gekkon with circular saw(INTENT: HELP) (DAMTYPE: BRUTE) (NEWHP: 15)(86,99,1)
[03:27:35]ATTACK: Gekkon attacked Griffin Whiteman(pahomlancer)  (NEWHP: 100)(87,98,1)
[03:27:35]ATTACK: venus human trap attacked venus human trap  (NEWHP: 45)(163,150,1)
[03:27:37]ATTACK: Gekkon attacked Griffin Whiteman(pahomlancer)  (NEWHP: 100)(87,98,1)
[03:27:38]ATTACK: venus human trap attacked venus human trap  (NEWHP: 20)(163,149,1)
[03:27:39]ATTACK: Griffin Whiteman(pahomlancer) attacked Gekkon with circular saw(INTENT: HELP) (DAMTYPE: BRUTE) (NEWHP: 0)(86,99,1)
[03:27:54]ATTACK: Gekkon attacked Griffin Whiteman(pahomlancer)  (NEWHP: 100)(72,96,1)
[03:27:55]ATTACK: Griffin Whiteman(pahomlancer) attacked Gekkon with circular saw(INTENT: HELP) (DAMTYPE: BRUTE) (NEWHP: 45)(73,96,1)
[03:27:56]ATTACK: Griffin Whiteman(pahomlancer) attacked Gekkon with circular saw(INTENT: HELP) (DAMTYPE: BRUTE) (NEWHP: 30)(73,96,1)
[03:27:56]ATTACK: Gekkon attacked Griffin Whiteman(pahomlancer)  (NEWHP: 100)(72,96,1)
[03:27:56]ATTACK: Gekkon attacked Griffin Whiteman(pahomlancer)  (NEWHP: 100)(72,96,1)
[03:27:56]ATTACK: Griffin Whiteman(pahomlancer) attacked Gekkon with circular saw(INTENT: HELP) (DAMTYPE: BRUTE) (NEWHP: 15)(73,96,1)
[03:27:57]ATTACK: Griffin Whiteman(pahomlancer) attacked Gekkon with circular saw(INTENT: HELP) (DAMTYPE: BRUTE) (NEWHP: 0)(73,96,1)
[03:27:58]ATTACK: Gekkon attacked Griffin Whiteman(pahomlancer)  (NEWHP: 100)(72,96,1)
[03:28:00]ATTACK: Gekkon attacked Griffin Whiteman(pahomlancer)  (NEWHP: 100)(72,96,1)
[03:28:03]ATTACK: Gekkon attacked Griffin Whiteman(pahomlancer)  (NEWHP: 100)(72,96,1)
[03:28:05]ATTACK: Gekkon attacked Griffin Whiteman(pahomlancer)  (NEWHP: 100)(72,96,1)
[03:28:07]ATTACK: Gekkon attacked Griffin Whiteman(pahomlancer)  (NEWHP: 100)(72,96,1)
[03:28:09]ATTACK: Gekkon attacked Griffin Whiteman(pahomlancer)  (NEWHP: 100)(72,96,1)
[03:28:11]ATTACK: Gekkon attacked Griffin Whiteman(pahomlancer)  (NEWHP: 100)(76,98,1)
[03:28:13]ATTACK: Gekkon attacked Griffin Whiteman(pahomlancer)  (NEWHP: 100)(76,101,1)
