

Starting up. 19:37.00
---------------------
[19:39:08]ATTACK: venus human trap attacked Space Bat  (NEWHP: 15)(165,158,1)
[19:39:10]ATTACK: giant rad scorpion (378) attacked Default Cyborg-698  (NEWHP: 100)(40,158,1)
[19:39:12]ATTACK: giant rad scorpion (378) attacked Default Cyborg-698  (NEWHP: 85)(40,158,1)
[19:39:12]ATTACK: venus human trap attacked venus human trap  (NEWHP: 75)(158,160,1)


Starting up. 19:44.51
---------------------
[19:45:45]ATTACK: rad scorpion (539) attacked Default Cyborg-252  (NEWHP: 100)(40,159,1)
[19:45:47]ATTACK: rad scorpion (539) attacked Default Cyborg-252  (NEWHP: 90)(40,159,1)
[19:45:47]ATTACK: giant rad scorpion (217) attacked Default Cyborg-252  (NEWHP: 83)(40,159,1)
[19:45:49]ATTACK: rad scorpion (539) attacked Default Cyborg-252  (NEWHP: 66)(40,159,1)
[19:45:49]ATTACK: giant rad scorpion (217) attacked Default Cyborg-252  (NEWHP: 59)(40,159,1)
[19:45:51]ATTACK: rad scorpion (539) attacked Default Cyborg-252  (NEWHP: 44)(40,158,1)
[19:45:51]ATTACK: giant rad scorpion (217) attacked Default Cyborg-252  (NEWHP: 37)(40,158,1)
[19:45:53]ATTACK: rad scorpion (539) attacked Default Cyborg-252  (NEWHP: 19)(40,158,1)
[19:45:53]ATTACK: giant rad scorpion (217) attacked Default Cyborg-252  (NEWHP: 14)(40,158,1)
[19:45:56]ATTACK: rad scorpion (539) attacked Default Cyborg-252  (NEWHP: -5)(40,158,1)
[19:45:56]ATTACK: giant rad scorpion (217) attacked Default Cyborg-252  (NEWHP: -15)(40,158,1)
[19:45:57]ATTACK: rad scorpion (539) attacked Default Cyborg-252  (NEWHP: -35)(40,158,1)
[19:45:57]ATTACK: giant rad scorpion (217) attacked Default Cyborg-252  (NEWHP: -44)(40,158,1)
[19:46:00]ATTACK: rad scorpion (539) attacked Default Cyborg-252  (NEWHP: -60)(40,158,1)
[19:46:00]ATTACK: giant rad scorpion (217) attacked Default Cyborg-252  (NEWHP: -66)(40,158,1)
[19:46:02]ATTACK: rad scorpion (539) attacked Default Cyborg-252  (NEWHP: -85)(40,158,1)
[19:46:02]ATTACK: giant rad scorpion (217) attacked Default Cyborg-252  (NEWHP: -92)(40,158,1)
[19:46:42]ATTACK: Griffin Whiteman(pahomlancer) shot Molerat with the bullet (NEWHP: 15)(95,141,1)
[19:46:42]ATTACK: Griffin Whiteman(pahomlancer) shot Molerat with the bullet (NEWHP: 0)(94,141,1)
[19:46:45]ATTACK: Griffin Whiteman(pahomlancer) shot Molerat with the bullet (NEWHP: 15)(101,140,1)
[19:46:46]ATTACK: Molerat attacked Griffin Whiteman(pahomlancer)  (NEWHP: 100)(98,140,1)
[19:46:46]ATTACK: Griffin Whiteman(pahomlancer) shot Molerat with the bullet (NEWHP: 0)(99,140,1)
[19:46:50]ATTACK: venus human trap attacked Space Bat  (NEWHP: 0)(164,159,1)
[19:46:53]ATTACK: Griffin Whiteman(pahomlancer) shot Molerat with the bullet (NEWHP: 15)(116,140,1)
[19:46:54]ATTACK: Molerat attacked Griffin Whiteman(pahomlancer)  (NEWHP: 95.8)(114,141,1)
[19:46:54]ATTACK: Molerat attacked Griffin Whiteman(pahomlancer)  (NEWHP: 92.2)(114,141,1)
[19:46:55]ATTACK: Griffin Whiteman(pahomlancer) shot Molerat with the bullet (NEWHP: 15)(112,141,1)
[19:46:55]ATTACK: Griffin Whiteman(pahomlancer) shot Molerat with the bullet (NEWHP: 0)(111,141,1)
[19:46:56]ATTACK: Griffin Whiteman(pahomlancer) shot Molerat with the bullet (NEWHP: 0)(109,141,1)
[19:46:56]ATTACK: Griffin Whiteman(pahomlancer) shot Molerat with the bullet (NEWHP: 15)(110,141,1)
[19:46:57]ATTACK: Griffin Whiteman(pahomlancer) shot Molerat with the bullet (NEWHP: 0)(109,141,1)
[19:47:00]ATTACK: venus human trap attacked venus human trap  (NEWHP: 65)(161,161,1)
[19:47:02]ATTACK: Griffin Whiteman(pahomlancer) shot Molerat with the bullet (NEWHP: 15)(118,148,1)
[19:47:02]ATTACK: Molerat attacked Griffin Whiteman(pahomlancer)  (NEWHP: 88.2)(121,148,1)
[19:47:02]ATTACK: Molerat attacked Griffin Whiteman(pahomlancer)  (NEWHP: 84.6)(121,148,1)
[19:47:02]ATTACK: venus human trap attacked venus human trap  (NEWHP: 40)(161,162,1)
[19:47:02]ATTACK: venus human trap attacked venus human trap  (NEWHP: 70)(175,164,1)
[19:47:02]ATTACK: venus human trap attacked venus human trap  (NEWHP: 10)(162,163,1)
[19:47:02]ATTACK: Griffin Whiteman(pahomlancer) shot Molerat with the bullet (NEWHP: 0)(120,148,1)
[19:47:04]ATTACK: Griffin Whiteman(pahomlancer) shot Molerat with the bullet (NEWHP: 15)(119,148,1)
[19:47:04]ATTACK: Molerat attacked Griffin Whiteman(pahomlancer)  (NEWHP: 81.4)(118,148,1)
[19:47:04]ATTACK: venus human trap attacked venus human trap  (NEWHP: 45)(176,164,1)
[19:47:05]ATTACK: venus human trap attacked venus human trap  (NEWHP: 25)(175,164,1)
[19:47:05]ATTACK: Griffin Whiteman(pahomlancer) shot Molerat with the bullet (NEWHP: 0)(119,148,1)
[19:47:37]ATTACK: venus human trap attacked Griffin Whiteman(pahomlancer)  (NEWHP: 78.4)(164,151,1)
[19:47:38]ATTACK: Griffin Whiteman(pahomlancer) shot venus human trap with the bullet (NEWHP: 30)(164,151,1)
[19:47:46]ATTACK: venus human trap attacked Griffin Whiteman(pahomlancer)  (NEWHP: 68.4)(158,160,1)
[19:47:50]ATTACK: venus human trap attacked Griffin Whiteman(pahomlancer)  (NEWHP: 58.4)(160,161,1)


Starting up. 19:58.27
---------------------
[19:59:31]ATTACK: giant rad scorpion (192) attacked Default Cyborg-538  (NEWHP: 100)(40,159,1)
[19:59:33]ATTACK: giant rad scorpion (192) attacked Default Cyborg-538  (NEWHP: 81)(40,159,1)
[19:59:35]ATTACK: giant rad scorpion (192) attacked Default Cyborg-538  (NEWHP: 64)(40,159,1)
[19:59:37]ATTACK: giant rad scorpion (192) attacked Default Cyborg-538  (NEWHP: 44)(40,159,1)
[19:59:39]ATTACK: giant rad scorpion (192) attacked Default Cyborg-538  (NEWHP: 25)(40,159,1)
[19:59:41]ATTACK: giant rad scorpion (192) attacked Default Cyborg-538  (NEWHP: 10)(40,159,1)
[19:59:43]ATTACK: giant rad scorpion (192) attacked Default Cyborg-538  (NEWHP: -8)(40,159,1)
[19:59:45]ATTACK: giant rad scorpion (192) attacked Default Cyborg-538  (NEWHP: -23)(40,159,1)
[19:59:48]ATTACK: giant rad scorpion (192) attacked Default Cyborg-538  (NEWHP: -41)(40,159,1)
[19:59:50]ATTACK: giant rad scorpion (192) attacked Default Cyborg-538  (NEWHP: -61)(40,159,1)
[19:59:52]ATTACK: giant rad scorpion (192) attacked Default Cyborg-538  (NEWHP: -77)(40,159,1)
[19:59:54]ATTACK: giant rad scorpion (192) attacked Default Cyborg-538  (NEWHP: -94)(40,159,1)
[20:00:41]ATTACK: Griffin Whiteman(pahomlancer) shot Gekkon with the bullet (NEWHP: 0)(133,68,1)
[20:00:45]ATTACK: venus human trap attacked venus human trap  (NEWHP: 70)(164,163,1)
[20:00:46]ATTACK: Griffin Whiteman(pahomlancer) shot Gekkon with the bullet (NEWHP: 0)(133,76,1)
[20:00:48]ATTACK: Griffin Whiteman(pahomlancer) shot Gekkon with the bullet (NEWHP: 0)(133,68,1)
[20:00:59]ATTACK: Gekkon attacked Griffin Whiteman(pahomlancer)  (NEWHP: 100)(126,94,1)
[20:00:59]ATTACK: Griffin Whiteman(pahomlancer) shot Gekkon with the bullet (NEWHP: 0)(127,94,1)
[20:01:04]ATTACK: Griffin Whiteman(pahomlancer) shot Gekkon with the bullet (NEWHP: 0)(120,93,1)
[20:02:29]ATTACK: Griffin Whiteman(pahomlancer) shot Gekkon with the bullet (NEWHP: 0)(109,95,1)
[20:02:37]ATTACK: Gekkon attacked Griffin Whiteman(pahomlancer)  (NEWHP: 94)(83,95,1)
[20:02:38]ATTACK: Griffin Whiteman(pahomlancer) shot Gekkon with the bullet (NEWHP: 0)(86,95,1)
[20:02:45]ATTACK: Gekkon attacked Griffin Whiteman(pahomlancer)  (NEWHP: 89.2)(71,85,1)
[20:02:47]ATTACK: Griffin Whiteman(pahomlancer) shot Gekkon with the bullet (NEWHP: 25)(71,80,1)
[20:02:48]ATTACK: Gekkon attacked Griffin Whiteman(pahomlancer)  (NEWHP: 84)(71,78,1)
[20:02:48]ATTACK: Griffin Whiteman(pahomlancer) shot Gekkon with the bullet (NEWHP: 0)(71,80,1)
[20:02:49]ATTACK: Griffin Whiteman(pahomlancer) shot Gekkon with the bullet (NEWHP: 25)(71,81,1)
[20:02:50]ATTACK: Griffin Whiteman(pahomlancer) shot Gekkon with the bullet (NEWHP: 0)(71,84,1)
[20:04:17]ATTACK: Griffin Whiteman(pahomlancer) shot Gekkon with the bullet (NEWHP: 25)(83,93,1)
[20:04:18]ATTACK: Gekkon attacked Griffin Whiteman(pahomlancer)  (NEWHP: 78.8)(85,93,1)
[20:04:18]ATTACK: Griffin Whiteman(pahomlancer) shot Gekkon with the bullet (NEWHP: 0)(84,93,1)
