

Starting up. 19:37.00
---------------------
Adding game mode abduction (abduction) to configuration.
Adding game mode blob (blob) to configuration.
Adding game mode changeling (changeling) to configuration.
Adding game mode traitor+changeling (traitorchan) to configuration.
Adding game mode double agents (double_agents) to configuration.
Adding game mode traitor (traitor) to configuration.
Adding game mode cult (cult) to configuration.
Adding game mode extended (extended) to configuration.
Adding game mode gang war (gang) to configuration.
Adding game mode hand of god (handofgod) to configuration.
Adding game mode AI malfunction (malfunction) to configuration.
Adding game mode meteor (meteor) to configuration.
Adding game mode monkey (monkey) to configuration.
Adding game mode nuclear emergency (nuclear) to configuration.
Adding game mode revolution (revolution) to configuration.
Adding game mode sandbox (sandbox) to configuration.
Adding game mode shadowling (shadowling) to configuration.
Adding game mode very ragin' bullshit mages (veryraginbullshitmages) to configuration.
Adding game mode ragin' mages (raginmages) to configuration.
Adding game mode wizard (wizard) to configuration.
Saved mode is 'extended'
Failed to connect to database in load_admin_ranks(). Reverting to legacy system.
Database connection failed. Reverting to the legacy ban system.
[19:37:01]ADMIN: Loading appearance_rank
[19:37:01]ADMIN: appearance_keylist was empty
[19:37:01]ADMIN: Loading Banlist
[19:37:37]ACCESS: Login: PahomLancer/(PahomLancer) from 127.0.0.1-357177658 || BYOND v510
[19:37:45]GAME: SQL ERROR obtaining jobbans. Error : [not connected]

[19:39:00]ADMIN: PahomLancer has started the game.
[19:39:02]ACCESS: Logout: *no key*/(PahomLancer)
[19:39:02]ACCESS: Login: PahomLancer/(Griffin Whiteman) from 127.0.0.1-357177658 || BYOND v510
[19:39:05]GAME: Radiation pulse with size (1, 4) and severity 40 in area Custodial Closet 
[19:39:06]SAY: Molerat/ : Squeek
[19:39:06]SAY: Molerat/ : Squeek
[19:39:06]SAY: Molerat/ : Squeek
[19:39:06]SAY: Molerat/ : Squeek!
[19:39:06]SAY: Molerat/ : Squeek!
[19:39:06]SAY: Molerat/ : Squeek!
[19:39:06]SAY: Molerat/ : Squeek
[19:39:06]SAY: Molerat/ : Squeek!
[19:39:06]SAY: Molerat/ : Squeek, i say
[19:39:06]SAY: Molerat/ : Squeek
[19:39:06]SAY: Mutant/ : NNNNNGH!
[19:39:06]SAY: Molerat/ : Squeek
[19:39:08]SAY: Molerat/ : Squeek!
[19:39:08]SAY: Molerat/ : Squeek
[19:39:08]SAY: Molerat/ : Squeek
[19:39:08]SAY: Molerat/ : Squeek
[19:39:08]SAY: Mutant/ : GRRRRRR!
[19:39:08]SAY: Molerat/ : Squeek
[19:39:08]SAY: Molerat/ : Squeek!
[19:39:08]SAY: Molerat/ : Squeek!
[19:39:08]SAY: Molerat/ : Squeek
[19:39:10]SAY: Molerat/ : Squeek!
[19:39:10]SAY: Molerat/ : Squeek!
[19:39:10]SAY: Molerat/ : Squeek!
[19:39:10]SAY: Molerat/ : Squeek!
[19:39:10]SAY: Molerat/ : Squeek
[19:39:10]SAY: Molerat/ : Squeek, i say
[19:39:10]SAY: Molerat/ : Squeek!
[19:39:10]SAY: Molerat/ : Squeek
[19:39:10]SAY: Mutant/ : ARGH!
[19:39:10]SAY: Mutant/ : ARRRRR!
[19:39:10]SAY: Molerat/ : Squeek!
[19:39:10]SAY: Molerat/ : Squeek, i say
[19:39:12]SAY: Molerat/ : Squeek!
[19:39:12]SAY: Molerat/ : Squeek
[19:39:12]SAY: Mutant/ : ARRRRR!
[19:39:12]SAY: Molerat/ : Squeek
[19:39:12]SAY: Molerat/ : Squeek, i say
[19:39:12]SAY: Molerat/ : Squeek!
[19:39:12]SAY: Molerat/ : Squeek
[19:39:12]SAY: Molerat/ : Squeek
[19:39:12]SAY: Mutant/ : NNNNNGH!
[19:39:12]SAY: Mutant/ : HMPH!
[19:39:12]SAY: Mutant/ : NNNNNGH!
[19:39:12]SAY: Molerat/ : Squeek
[19:39:12]SAY: Molerat/ : Squeek
[19:39:12]ACCESS: Logout: PahomLancer[DC]/(Griffin Whiteman)


Starting up. 19:44.51
---------------------
Adding game mode abduction (abduction) to configuration.
Adding game mode blob (blob) to configuration.
Adding game mode changeling (changeling) to configuration.
Adding game mode traitor+changeling (traitorchan) to configuration.
Adding game mode double agents (double_agents) to configuration.
Adding game mode traitor (traitor) to configuration.
Adding game mode cult (cult) to configuration.
Adding game mode extended (extended) to configuration.
Adding game mode gang war (gang) to configuration.
Adding game mode hand of god (handofgod) to configuration.
Adding game mode AI malfunction (malfunction) to configuration.
Adding game mode meteor (meteor) to configuration.
Adding game mode monkey (monkey) to configuration.
Adding game mode nuclear emergency (nuclear) to configuration.
Adding game mode revolution (revolution) to configuration.
Adding game mode sandbox (sandbox) to configuration.
Adding game mode shadowling (shadowling) to configuration.
Adding game mode very ragin' bullshit mages (veryraginbullshitmages) to configuration.
Adding game mode ragin' mages (raginmages) to configuration.
Adding game mode wizard (wizard) to configuration.
Saved mode is 'extended'
Failed to connect to database in load_admin_ranks(). Reverting to legacy system.
Database connection failed. Reverting to the legacy ban system.
[19:44:51]ADMIN: Loading appearance_rank
[19:44:51]ADMIN: appearance_keylist was empty
[19:44:51]ADMIN: Loading Banlist
[19:45:19]ACCESS: Login: PahomLancer/(PahomLancer) from 127.0.0.1-357177658 || BYOND v510
[19:45:25]GAME: SQL ERROR obtaining jobbans. Error : [not connected]

[19:45:38]ADMIN: PahomLancer has started the game.
[19:45:40]ACCESS: Logout: *no key*/(PahomLancer)
[19:45:40]ACCESS: Login: PahomLancer/(Griffin Whiteman) from 127.0.0.1-357177658 || BYOND v510
[19:45:41]SAY: Molerat/ : Squeek!
[19:45:41]SAY: Molerat/ : Squeek!
[19:45:41]SAY: Molerat/ : Squeek
[19:45:41]SAY: Molerat/ : Squeek, i say
[19:45:41]SAY: Molerat/ : Squeek
[19:45:41]SAY: Molerat/ : Squeek
[19:45:41]SAY: Molerat/ : Squeek!
[19:45:44]GAME: Radiation pulse with size (1, 4) and severity 40 in area Custodial Closet 
[19:45:44]SAY: Molerat/ : Squeek
[19:45:44]SAY: Molerat/ : Squeek
[19:45:44]SAY: Molerat/ : Squeek!
[19:45:45]SAY: Molerat/ : Squeek!
[19:45:45]SAY: Molerat/ : Squeek!
[19:45:45]SAY: Molerat/ : Squeek, i say
[19:45:45]SAY: Molerat/ : Squeek
[19:45:47]SAY: Molerat/ : Squeek!
[19:45:47]SAY: Molerat/ : Squeek
[19:45:47]SAY: Mutant/ : HMPH!
[19:45:47]SAY: Molerat/ : Squeek!
[19:45:47]SAY: Molerat/ : Squeek, i say
[19:45:47]SAY: Molerat/ : Squeek!
[19:45:47]SAY: Molerat/ : Squeek
[19:45:49]SAY: Molerat/ : Squeek, i say
[19:45:49]SAY: Molerat/ : Squeek!
[19:45:49]SAY: Molerat/ : Squeek, i say
[19:45:49]SAY: Molerat/ : Squeek
[19:45:49]SAY: Molerat/ : Squeek!
[19:45:49]SAY: Molerat/ : Squeek
[19:45:51]SAY: Molerat/ : Squeek, i say
[19:45:51]SAY: Molerat/ : Squeek
[19:45:51]SAY: Molerat/ : Squeek!
[19:45:51]SAY: Mutant/ : ARRRRR!
[19:45:51]SAY: Molerat/ : Squeek
[19:45:51]SAY: Molerat/ : Squeek
[19:45:51]SAY: Molerat/ : Squeek
[19:45:51]SAY: Mutant/ : ARRRRR!
[19:45:51]SAY: Mutant/ : ARRRRR!
[19:45:52]GAME: Radiation pulse with size (1, 4) and severity 40 in area Custodial Closet 
[19:45:53]SAY: Molerat/ : Squeek
[19:45:53]SAY: Molerat/ : Squeek!
[19:45:53]SAY: Mutant/ : NNNNNGH!
[19:45:53]SAY: Mutant/ : GRRRRRR!
[19:45:53]SAY: Molerat/ : Squeek!
[19:45:53]SAY: Mutant/ : GRRRRRR!
[19:45:56]SAY: Molerat/ : Squeek
[19:45:56]SAY: Molerat/ : Squeek
[19:45:56]SAY: Mutant/ : ARRRRR!
[19:45:56]SAY: Mutant/ : NNNNNGH!
[19:45:56]SAY: Molerat/ : Squeek
[19:45:56]SAY: Molerat/ : Squeek
[19:45:57]SAY: Molerat/ : Squeek
[19:45:57]SAY: Molerat/ : Squeek!
[19:45:57]SAY: Molerat/ : Squeek!
[19:45:57]SAY: Molerat/ : Squeek!
[19:45:57]SAY: Molerat/ : Squeek
[19:45:57]SAY: Mutant/ : NNNNNGH!
[19:45:57]SAY: Molerat/ : Squeek
[19:45:57]SAY: Molerat/ : Squeek, i say
[19:45:57]SAY: Molerat/ : Squeek, i say
[19:45:57]SAY: Molerat/ : Squeek!
[19:45:57]SAY: Molerat/ : Squeek
[19:45:57]SAY: Molerat/ : Squeek
[19:45:57]SAY: Molerat/ : Squeek
[19:45:59]SAY: Molerat/ : Squeek
[19:46:00]SAY: Molerat/ : Squeek, i say
[19:46:00]SAY: Molerat/ : Squeek, i say
[19:46:00]SAY: Molerat/ : Squeek!
[19:46:00]SAY: Molerat/ : Squeek, i say
[19:46:00]SAY: Molerat/ : Squeek!
[19:46:00]SAY: Molerat/ : Squeek!
[19:46:00]SAY: Molerat/ : Squeek!
[19:46:00]SAY: Molerat/ : Squeek, i say
[19:46:00]SAY: Mutant/ : GRRRRRR!
[19:46:00]GAME: Radiation pulse with size (1, 4) and severity 40 in area Custodial Closet 
[19:46:02]SAY: Mutant/ : HMPH!
[19:46:02]SAY: Molerat/ : Squeek
[19:46:02]SAY: Mutant/ : ARGH!
[19:46:02]SAY: Mutant/ : GRRRRRR!
[19:46:02]EMOTE: Default Cyborg-252/ : <B>Default Cyborg-252</B> shudders violently for a moment, then becomes motionless, its eyes slowly darkening.
[19:46:04]SAY: Molerat/ : Squeek
[19:46:04]SAY: Molerat/ : Squeek!
[19:46:04]SAY: Molerat/ : Squeek
[19:46:04]SAY: Molerat/ : Squeek
[19:46:06]SAY: Molerat/ : Squeek
[19:46:06]SAY: Molerat/ : Squeek
[19:46:06]SAY: Molerat/ : Squeek
[19:46:06]SAY: Molerat/ : Squeek
[19:46:06]SAY: Molerat/ : Squeek
[19:46:06]SAY: Molerat/ : Squeek
[19:46:06]SAY: Molerat/ : Squeek, i say
[19:46:06]SAY: Molerat/ : Squeek
[19:46:06]SAY: Molerat/ : Squeek
[19:46:06]SAY: Molerat/ : Squeek
[19:46:06]SAY: Molerat/ : Squeek, i say
[19:46:07]GAME: Radiation pulse with size (1, 4) and severity 40 in area Custodial Closet 
[19:46:08]SAY: Molerat/ : Squeek
[19:46:08]SAY: Molerat/ : Squeek
[19:46:08]SAY: Molerat/ : Squeek
[19:46:08]SAY: Molerat/ : Squeek, i say
[19:46:08]SAY: Molerat/ : Squeek!
[19:46:08]SAY: Molerat/ : Squeek!
[19:46:08]SAY: Molerat/ : Squeek, i say
[19:46:10]SAY: Molerat/ : Squeek!
[19:46:10]SAY: Molerat/ : Squeek!
[19:46:10]SAY: Molerat/ : Squeek
[19:46:10]SAY: Molerat/ : Squeek!
[19:46:10]SAY: Molerat/ : Squeek
[19:46:10]SAY: Mutant/ : NNNNNGH!
[19:46:10]SAY: Molerat/ : Squeek
[19:46:10]SAY: Molerat/ : Squeek
[19:46:10]SAY: Molerat/ : Squeek!
[19:46:10]SAY: Molerat/ : Squeek
[19:46:12]SAY: Molerat/ : Squeek
[19:46:12]SAY: Molerat/ : Squeek!
[19:46:12]SAY: Molerat/ : Squeek!
[19:46:12]SAY: Mutant/ : ARGH!
[19:46:12]SAY: Mutant/ : NNNNNGH!
[19:46:12]EMOTE: Cazador/ : <B>Cazador</B> gnashes at the brahmin.
[19:46:12]SAY: Molerat/ : Squeek, i say
[19:46:14]SAY: Molerat/ : Squeek
[19:46:15]SAY: Mutant/ : NNNNNGH!
[19:46:15]SAY: Molerat/ : Squeek!
[19:46:15]SAY: Molerat/ : Squeek
[19:46:15]SAY: Molerat/ : Squeek!
[19:46:15]SAY: Molerat/ : Squeek
[19:46:15]GAME: Radiation pulse with size (1, 4) and severity 40 in area Custodial Closet 
[19:46:17]SAY: Molerat/ : Squeek, i say
[19:46:17]SAY: Molerat/ : Squeek
[19:46:17]SAY: Molerat/ : Squeek
[19:46:17]SAY: Molerat/ : Squeek
[19:46:17]SAY: Mutant/ : ARRRRR!
[19:46:17]SAY: Molerat/ : Squeek!
[19:46:17]SAY: Molerat/ : Squeek
[19:46:19]SAY: Molerat/ : Squeek!
[19:46:19]SAY: Molerat/ : Squeek!
[19:46:19]SAY: Molerat/ : Squeek, i say
[19:46:19]SAY: Molerat/ : Squeek!
[19:46:19]SAY: Mutant/ : HMPH!
[19:46:19]SAY: Mutant/ : HMPH!
[19:46:19]SAY: Molerat/ : Squeek
[19:46:19]SAY: Molerat/ : Squeek
[19:46:19]SAY: Mutant/ : HMPH!
[19:46:21]SAY: Molerat/ : Squeek!
[19:46:21]SAY: Molerat/ : Squeek
[19:46:21]SAY: Molerat/ : Squeek
[19:46:22]GAME: Radiation pulse with size (1, 4) and severity 40 in area Custodial Closet 
[19:46:23]SAY: Molerat/ : Squeek
[19:46:23]SAY: Molerat/ : Squeek!
[19:46:23]SAY: Molerat/ : Squeek!
[19:46:23]SAY: Molerat/ : Squeek!
[19:46:23]SAY: Molerat/ : Squeek!
[19:46:23]SAY: Mutant/ : GRRRRRR!
[19:46:23]SAY: Molerat/ : Squeek
[19:46:23]SAY: Molerat/ : Squeek
[19:46:25]SAY: Molerat/ : Squeek!
[19:46:25]SAY: Molerat/ : Squeek
[19:46:25]SAY: Molerat/ : Squeek
[19:46:25]SAY: Molerat/ : Squeek!
[19:46:25]SAY: Molerat/ : Squeek!
[19:46:25]SAY: Molerat/ : Squeek
[19:46:25]SAY: Molerat/ : Squeek!
[19:46:25]SAY: Molerat/ : Squeek, i say
[19:46:25]SAY: Molerat/ : Squeek!
[19:46:25]SAY: Molerat/ : Squeek!
[19:46:25]SAY: Mutant/ : ARGH!
[19:46:25]SAY: Mutant/ : NNNNNGH!
[19:46:25]SAY: Molerat/ : Squeek
[19:46:25]SAY: Molerat/ : Squeek!
[19:46:25]SAY: Molerat/ : Squeek
[19:46:27]SAY: Molerat/ : Squeek
[19:46:27]SAY: Molerat/ : Squeek
[19:46:27]SAY: Molerat/ : Squeek!
[19:46:27]SAY: Molerat/ : Squeek, i say
[19:46:27]SAY: Molerat/ : Squeek, i say
[19:46:27]SAY: Molerat/ : Squeek, i say
[19:46:28]ADMIN: PahomLancer/(Griffin Whiteman) jumped to 85,161,1 in Atrium
[19:46:29]SAY: Molerat/ : Squeek
[19:46:29]SAY: Molerat/ : Squeek!
[19:46:29]SAY: Molerat/ : Squeek
[19:46:29]SAY: Molerat/ : Squeek, i say
[19:46:29]SAY: Mutant/ : ARRRRR!
[19:46:29]SAY: Molerat/ : Squeek!
[19:46:29]SAY: Mutant/ : ARRRRR!
[19:46:29]SAY: Molerat/ : Squeek, i say
[19:46:29]SAY: Molerat/ : Squeek!
[19:46:29]SAY: Molerat/ : Squeek!
[19:46:29]SAY: Molerat/ : Squeek!
[19:46:30]GAME: Radiation pulse with size (1, 4) and severity 40 in area Custodial Closet 
[19:46:31]SAY: Molerat/ : Squeek!
[19:46:31]SAY: Molerat/ : Squeek, i say
[19:46:31]SAY: Molerat/ : Squeek!
[19:46:31]SAY: Molerat/ : Squeek
[19:46:31]SAY: Molerat/ : Squeek
[19:46:31]SAY: Mutant/ : ARRRRR!
[19:46:31]SAY: Molerat/ : Squeek!
[19:46:31]ADMIN: PahomLancer/(Griffin Whiteman) jumped to 86,153,1 in Vault Entry
[19:46:33]SAY: Molerat/ : Squeek
[19:46:33]SAY: Molerat/ : Squeek
[19:46:33]SAY: Mutant/ : GRRRRRR!
[19:46:33]SAY: Molerat/ : Squeek
[19:46:33]SAY: Molerat/ : Squeek
[19:46:33]SAY: Molerat/ : Squeek, i say
[19:46:33]EMOTE: giant rad scorpion (565)/ : <B>The giant rad scorpion (565)</B> chitters
[19:46:35]SAY: Molerat/ : Squeek!
[19:46:35]SAY: Molerat/ : Squeek
[19:46:35]SAY: Molerat/ : Squeek
[19:46:35]SAY: Molerat/ : Squeek
[19:46:35]SAY: Molerat/ : Squeek!
[19:46:35]SAY: Molerat/ : Squeek
[19:46:35]SAY: Molerat/ : Squeek!
[19:46:37]SAY: Molerat/ : Squeek
[19:46:37]SAY: Molerat/ : Squeek
[19:46:37]SAY: Molerat/ : Squeek
[19:46:37]SAY: Molerat/ : Squeek!
[19:46:37]SAY: Mutant/ : ARGH!
[19:46:37]SAY: Molerat/ : Squeek!
[19:46:37]SAY: Mutant/ : GRRRRRR!
[19:46:37]SAY: Molerat/ : Squeek
[19:46:37]SAY: Molerat/ : Squeek
[19:46:37]SAY: Molerat/ : Squeek!
[19:46:37]SAY: Molerat/ : Squeek!
[19:46:37]SAY: Molerat/ : Squeek!
[19:46:38]GAME: Radiation pulse with size (1, 4) and severity 40 in area Custodial Closet 
[19:46:39]SAY: Molerat/ : Squeek
[19:46:39]SAY: Molerat/ : Squeek!
[19:46:39]SAY: Molerat/ : Squeek!
[19:46:39]SAY: Molerat/ : Squeek
[19:46:39]SAY: Molerat/ : Squeek
[19:46:39]SAY: Molerat/ : Squeek
[19:46:39]SAY: Molerat/ : Squeek!
[19:46:39]SAY: Molerat/ : Squeek!
[19:46:39]SAY: Mutant/ : NNNNNGH!
[19:46:39]SAY: Molerat/ : Squeek
[19:46:39]SAY: Molerat/ : Squeek!
[19:46:42]SAY: Molerat/ : Squeek
[19:46:42]SAY: Molerat/ : Squeek!
[19:46:42]SAY: Molerat/ : Squeek, i say
[19:46:42]SAY: Mutant/ : ARRRRR!
[19:46:42]SAY: Molerat/ : Squeek
[19:46:42]SAY: Molerat/ : Squeek!
[19:46:42]SAY: Molerat/ : Squeek
[19:46:42]SAY: Molerat/ : Squeek!
[19:46:42]SAY: Molerat/ : Squeek, i say
[19:46:42]SAY: Mutant/ : ARRRRR!
[19:46:42]SAY: Molerat/ : Squeek
[19:46:42]SAY: Molerat/ : Squeek
[19:46:44]SAY: Molerat/ : Squeek
[19:46:44]SAY: Molerat/ : Squeek
[19:46:44]SAY: Molerat/ : Squeek!
[19:46:44]SAY: Molerat/ : Squeek, i say
[19:46:44]SAY: Molerat/ : Squeek, i say
[19:46:44]SAY: Mutant/ : NNNNNGH!
[19:46:44]SAY: Molerat/ : Squeek!
[19:46:44]SAY: Mutant/ : ARGH!
[19:46:44]SAY: Molerat/ : Squeek
[19:46:46]SAY: Molerat/ : Squeek
[19:46:46]SAY: Molerat/ : Squeek
[19:46:46]SAY: Molerat/ : Squeek
[19:46:46]SAY: Molerat/ : Squeek, i say
[19:46:46]SAY: Molerat/ : Squeek
[19:46:46]SAY: Molerat/ : Squeek
[19:46:46]SAY: Molerat/ : Squeek!
[19:46:46]SAY: Molerat/ : Squeek!
[19:46:46]GAME: Radiation pulse with size (1, 4) and severity 40 in area Custodial Closet 
[19:46:48]SAY: Molerat/ : Squeek
[19:46:48]SAY: Molerat/ : Squeek
[19:46:48]SAY: Molerat/ : Squeek
[19:46:48]SAY: Molerat/ : Squeek, i say
[19:46:48]SAY: Molerat/ : Squeek
[19:46:48]SAY: Molerat/ : Squeek, i say
[19:46:48]SAY: Molerat/ : Squeek!
[19:46:48]SAY: Molerat/ : Squeek
[19:46:50]SAY: Molerat/ : Squeek
[19:46:50]SAY: Molerat/ : Squeek!
[19:46:50]SAY: Molerat/ : Squeek
[19:46:50]SAY: Molerat/ : Squeek!
[19:46:50]SAY: Mutant/ : ARGH!
[19:46:50]SAY: Molerat/ : Squeek
[19:46:50]SAY: Molerat/ : Squeek
[19:46:50]SAY: Molerat/ : Squeek
[19:46:50]SAY: Molerat/ : Squeek
[19:46:52]SAY: Molerat/ : Squeek
[19:46:52]SAY: Molerat/ : Squeek
[19:46:52]SAY: Molerat/ : Squeek, i say
[19:46:52]SAY: Molerat/ : Squeek!
[19:46:52]SAY: Molerat/ : Squeek!
[19:46:52]SAY: Mutant/ : ARRRRR!
[19:46:52]SAY: Molerat/ : Squeek
[19:46:52]SAY: Molerat/ : Squeek, i say
[19:46:52]SAY: Molerat/ : Squeek, i say
[19:46:52]EMOTE: giant rad scorpion (716)/ : <B>The giant rad scorpion (716)</B> chitters
[19:46:54]SAY: Molerat/ : Squeek!
[19:46:54]SAY: Molerat/ : Squeek
[19:46:54]SAY: Molerat/ : Squeek!
[19:46:54]SAY: Molerat/ : Squeek!
[19:46:54]SAY: Mutant/ : NNNNNGH!
[19:46:54]SAY: Mutant/ : ARGH!
[19:46:54]SAY: Molerat/ : Squeek, i say
[19:46:54]EMOTE: giant rad scorpion (565)/ : <B>The giant rad scorpion (565)</B> chitters
[19:46:55]GAME: Radiation pulse with size (1, 4) and severity 40 in area Custodial Closet 
[19:46:56]SAY: Molerat/ : Squeek!
[19:46:56]SAY: Molerat/ : Squeek!
[19:46:56]SAY: Molerat/ : Squeek!
[19:46:56]SAY: Molerat/ : Squeek
[19:46:56]SAY: Molerat/ : Squeek
[19:46:56]SAY: Molerat/ : Squeek!
[19:46:58]SAY: Molerat/ : Squeek!
[19:46:58]SAY: Molerat/ : Squeek
[19:46:58]SAY: Molerat/ : Squeek!
[19:46:58]SAY: Molerat/ : Squeek
[19:46:58]SAY: Molerat/ : Squeek
[19:46:58]SAY: Molerat/ : Squeek, i say
[19:46:58]SAY: Medibot/ : I knew it, I should&#39;ve been a plastic surgeon.
[19:47:00]SAY: Molerat/ : Squeek
[19:47:00]SAY: Molerat/ : Squeek
[19:47:00]SAY: Mutant/ : HMPH!
[19:47:00]SAY: Molerat/ : Squeek
[19:47:00]SAY: Molerat/ : Squeek, i say
[19:47:00]SAY: Molerat/ : Squeek
[19:47:00]SAY: Molerat/ : Squeek
[19:47:00]SAY: Molerat/ : Squeek!
[19:47:00]SAY: Molerat/ : Squeek!
[19:47:02]SAY: Molerat/ : Squeek
[19:47:02]SAY: Molerat/ : Squeek!
[19:47:02]SAY: Molerat/ : Squeek
[19:47:02]SAY: Molerat/ : Squeek
[19:47:02]SAY: Molerat/ : Squeek
[19:47:02]SAY: Molerat/ : Squeek!
[19:47:02]SAY: Molerat/ : Squeek
[19:47:02]SAY: Mutant/ : HMPH!
[19:47:02]SAY: Molerat/ : Squeek
[19:47:02]SAY: Molerat/ : Squeek!
[19:47:03]GAME: Radiation pulse with size (1, 4) and severity 40 in area Custodial Closet 
[19:47:04]SAY: Molerat/ : Squeek
[19:47:04]SAY: Molerat/ : Squeek
[19:47:04]SAY: Molerat/ : Squeek
[19:47:04]SAY: Mutant/ : NNNNNGH!
[19:47:04]SAY: Molerat/ : Squeek
[19:47:04]SAY: Molerat/ : Squeek, i say
[19:47:06]SAY: Molerat/ : Squeek!
[19:47:06]SAY: Molerat/ : Squeek
[19:47:06]SAY: Molerat/ : Squeek!
[19:47:06]SAY: Molerat/ : Squeek
[19:47:06]SAY: Molerat/ : Squeek!
[19:47:06]SAY: Molerat/ : Squeek!
[19:47:06]SAY: Molerat/ : Squeek
[19:47:06]SAY: Molerat/ : Squeek!
[19:47:06]SAY: Mutant/ : GRRRRRR!
[19:47:06]SAY: Molerat/ : Squeek
[19:47:08]SAY: Molerat/ : Squeek!
[19:47:08]SAY: Molerat/ : Squeek
[19:47:08]SAY: Molerat/ : Squeek!
[19:47:08]SAY: Molerat/ : Squeek!
[19:47:08]SAY: Molerat/ : Squeek
[19:47:08]SAY: Molerat/ : Squeek
[19:47:09]GAME: Radiation pulse with size (1, 4) and severity 40 in area Custodial Closet 
[19:47:10]SAY: Molerat/ : Squeek
[19:47:10]SAY: Mutant/ : NNNNNGH!
[19:47:10]SAY: Molerat/ : Squeek, i say
[19:47:10]SAY: Molerat/ : Squeek
[19:47:10]SAY: Mutant/ : GRRRRRR!
[19:47:10]SAY: Mutant/ : ARGH!
[19:47:10]SAY: Molerat/ : Squeek
[19:47:10]SAY: Molerat/ : Squeek
[19:47:12]SAY: Molerat/ : Squeek!
[19:47:12]SAY: Molerat/ : Squeek!
[19:47:12]SAY: Molerat/ : Squeek!
[19:47:12]SAY: Molerat/ : Squeek
[19:47:12]SAY: Molerat/ : Squeek!
[19:47:12]SAY: Molerat/ : Squeek, i say
[19:47:12]EMOTE: giant spider (819)/ : <B>The giant spider (819)</B> chitters
[19:47:15]SAY: Molerat/ : Squeek!
[19:47:15]SAY: Molerat/ : Squeek
[19:47:15]SAY: Molerat/ : Squeek, i say
[19:47:15]SAY: Molerat/ : Squeek
[19:47:15]SAY: Molerat/ : Squeek!
[19:47:15]SAY: Mutant/ : ARGH!
[19:47:15]SAY: Mutant/ : ARGH!
[19:47:15]SAY: Molerat/ : Squeek
[19:47:15]SAY: Molerat/ : Squeek!
[19:47:17]SAY: Molerat/ : Squeek
[19:47:17]SAY: Molerat/ : Squeek!
[19:47:17]SAY: Molerat/ : Squeek
[19:47:17]SAY: Mutant/ : NNNNNGH!
[19:47:17]SAY: Molerat/ : Squeek!
[19:47:17]SAY: Molerat/ : Squeek!
[19:47:17]SAY: Molerat/ : Squeek
[19:47:17]SAY: mouse/ : Squeek?
[19:47:17]SAY: Mutant/ : HMPH!
[19:47:17]SAY: Mutant/ : GRRRRRR!
[19:47:17]SAY: Molerat/ : Squeek
[19:47:17]GAME: Radiation pulse with size (1, 4) and severity 40 in area Custodial Closet 
[19:47:19]SAY: Molerat/ : Squeek
[19:47:19]SAY: Molerat/ : Squeek
[19:47:19]SAY: Mutant/ : HMPH!
[19:47:19]SAY: Molerat/ : Squeek!
[19:47:19]SAY: Molerat/ : Squeek!
[19:47:19]SAY: Molerat/ : Squeek!
[19:47:19]SAY: Molerat/ : Squeek, i say
[19:47:19]SAY: Medibot/ : Delicious!
[19:47:21]SAY: Molerat/ : Squeek
[19:47:21]SAY: Molerat/ : Squeek
[19:47:21]SAY: Molerat/ : Squeek!
[19:47:21]SAY: Molerat/ : Squeek, i say
[19:47:21]SAY: Molerat/ : Squeek
[19:47:21]SAY: Mutant/ : NNNNNGH!
[19:47:21]SAY: Molerat/ : Squeek
[19:47:23]SAY: Molerat/ : Squeek!
[19:47:23]SAY: Molerat/ : Squeek, i say
[19:47:23]SAY: Molerat/ : Squeek!
[19:47:23]SAY: Mutant/ : NNNNNGH!
[19:47:23]SAY: Molerat/ : Squeek!
[19:47:23]SAY: Mutant/ : HMPH!
[19:47:23]SAY: Molerat/ : Squeek
[19:47:23]SAY: Molerat/ : Squeek
[19:47:23]SAY: Molerat/ : Squeek!
[19:47:23]SAY: Mutant/ : GRRRRRR!
[19:47:23]SAY: Molerat/ : Squeek!
[19:47:23]SAY: Molerat/ : Squeek
[19:47:25]SAY: Molerat/ : Squeek
[19:47:25]SAY: Molerat/ : Squeek!
[19:47:25]SAY: Molerat/ : Squeek
[19:47:25]SAY: Molerat/ : Squeek!
[19:47:25]SAY: Molerat/ : Squeek!
[19:47:25]SAY: Molerat/ : Squeek
[19:47:25]SAY: Molerat/ : Squeek
[19:47:25]SAY: Mutant/ : NNNNNGH!
[19:47:25]SAY: Molerat/ : Squeek
[19:47:26]GAME: Radiation pulse with size (1, 4) and severity 40 in area Custodial Closet 
[19:47:27]SAY: Molerat/ : Squeek!
[19:47:27]SAY: Molerat/ : Squeek
[19:47:27]SAY: Molerat/ : Squeek
[19:47:27]SAY: Molerat/ : Squeek
[19:47:27]SAY: Molerat/ : Squeek
[19:47:27]SAY: Molerat/ : Squeek!
[19:47:27]SAY: Mutant/ : HMPH!
[19:47:27]SAY: Molerat/ : Squeek!
[19:47:27]SAY: Molerat/ : Squeek, i say
[19:47:29]SAY: Molerat/ : Squeek
[19:47:29]SAY: Molerat/ : Squeek
[19:47:29]SAY: Molerat/ : Squeek!
[19:47:29]SAY: Molerat/ : Squeek!
[19:47:29]SAY: Molerat/ : Squeek!
[19:47:29]SAY: Molerat/ : Squeek
[19:47:29]SAY: Molerat/ : Squeek
[19:47:31]SAY: Molerat/ : Squeek
[19:47:31]SAY: Molerat/ : Squeek
[19:47:31]SAY: Molerat/ : Squeek
[19:47:31]SAY: Mutant/ : NNNNNGH!
[19:47:31]SAY: Molerat/ : Squeek
[19:47:31]SAY: Molerat/ : Squeek
[19:47:33]SAY: Molerat/ : Squeek!
[19:47:33]SAY: Molerat/ : Squeek!
[19:47:33]SAY: Molerat/ : Squeek
[19:47:33]SAY: Molerat/ : Squeek
[19:47:33]SAY: Molerat/ : Squeek!
[19:47:33]SAY: Mutant/ : GRRRRRR!
[19:47:33]SAY: Molerat/ : Squeek, i say
[19:47:33]SAY: Mutant/ : HMPH!
[19:47:33]SAY: Molerat/ : Squeek
[19:47:34]GAME: Radiation pulse with size (1, 4) and severity 40 in area Custodial Closet 
[19:47:35]SAY: Molerat/ : Squeek!
[19:47:35]SAY: Molerat/ : Squeek!
[19:47:35]SAY: Molerat/ : Squeek, i say
[19:47:35]SAY: Molerat/ : Squeek
[19:47:35]SAY: Molerat/ : Squeek
[19:47:37]SAY: Molerat/ : Squeek, i say
[19:47:37]SAY: Mutant/ : GRRRRRR!
[19:47:37]SAY: Molerat/ : Squeek!
[19:47:37]SAY: Molerat/ : Squeek!
[19:47:39]SAY: Molerat/ : Squeek!
[19:47:39]SAY: Molerat/ : Squeek
[19:47:39]SAY: Molerat/ : Squeek
[19:47:39]SAY: Molerat/ : Squeek
[19:47:39]SAY: Molerat/ : Squeek
[19:47:39]SAY: Molerat/ : Squeek!
[19:47:39]SAY: Molerat/ : Squeek!
[19:47:39]SAY: Molerat/ : Squeek!
[19:47:39]SAY: Mutant/ : ARRRRR!
[19:47:39]SAY: Molerat/ : Squeek
[19:47:41]SAY: Mutant/ : NNNNNGH!
[19:47:41]SAY: Mutant/ : GRRRRRR!
[19:47:41]EMOTE: mouse/ : <B>The mouse</B> runs in a circle.
[19:47:41]SAY: Mutant/ : ARGH!
[19:47:41]SAY: Molerat/ : Squeek!
[19:47:41]SAY: Molerat/ : Squeek!
[19:47:41]SAY: Molerat/ : Squeek
[19:47:42]GAME: Radiation pulse with size (1, 4) and severity 40 in area Custodial Closet 
[19:47:43]SAY: Molerat/ : Squeek
[19:47:43]SAY: Molerat/ : Squeek
[19:47:43]SAY: Molerat/ : Squeek!
[19:47:43]SAY: Molerat/ : Squeek
[19:47:43]SAY: Molerat/ : Squeek
[19:47:45]SAY: Molerat/ : Squeek
[19:47:45]SAY: Molerat/ : Squeek!
[19:47:45]SAY: Mutant/ : ARRRRR!
[19:47:45]SAY: Molerat/ : Squeek
[19:47:46]SAY: Molerat/ : Squeek
[19:47:48]SAY: Molerat/ : Squeek!
[19:47:48]SAY: Molerat/ : Squeek
[19:47:48]SAY: Molerat/ : Squeek
[19:47:48]SAY: Molerat/ : Squeek!
[19:47:48]SAY: Molerat/ : Squeek!
[19:47:50]SAY: Molerat/ : Squeek, i say
[19:47:50]SAY: Molerat/ : Squeek
[19:47:50]SAY: Molerat/ : Squeek
[19:47:50]SAY: Mutant/ : GRRRRRR!
[19:47:50]SAY: Mutant/ : NNNNNGH!
[19:47:50]SAY: Molerat/ : Squeek
[19:47:50]SAY: Mutant/ : ARRRRR!
[19:47:50]SAY: Molerat/ : Squeek
[19:47:50]GAME: Radiation pulse with size (1, 4) and severity 40 in area Custodial Closet 
[19:47:52]SAY: Molerat/ : Squeek
[19:47:52]SAY: Molerat/ : Squeek!
[19:47:52]SAY: Molerat/ : Squeek!
[19:47:52]SAY: Mutant/ : GRRRRRR!
[19:47:52]SAY: Mutant/ : ARGH!
[19:47:52]SAY: Mutant/ : HMPH!
[19:47:52]SAY: Molerat/ : Squeek!
[19:47:54]SAY: Mutant/ : GRRRRRR!
[19:47:54]SAY: Molerat/ : Squeek!
[19:47:54]SAY: Molerat/ : Squeek
[19:47:54]SAY: Mutant/ : HMPH!
[19:47:56]SAY: Molerat/ : Squeek
[19:47:56]SAY: Molerat/ : Squeek!
[19:47:56]SAY: Molerat/ : Squeek!
[19:47:56]SAY: Molerat/ : Squeek!
[19:47:56]SAY: Molerat/ : Squeek
[19:47:57]GAME: Radiation pulse with size (1, 4) and severity 40 in area Custodial Closet 
[19:47:58]SAY: Molerat/ : Squeek!
[19:47:58]SAY: Mutant/ : ARGH!
[19:47:58]SAY: Molerat/ : Squeek!
[19:47:58]SAY: Molerat/ : Squeek, i say
[19:47:58]SAY: Mutant/ : NNNNNGH!
[19:48:00]SAY: Molerat/ : Squeek
[19:48:00]SAY: Molerat/ : Squeek
[19:48:00]SAY: Molerat/ : Squeek
[19:48:00]SAY: Molerat/ : Squeek
[19:48:00]SAY: Mutant/ : ARRRRR!
[19:48:00]SAY: Molerat/ : Squeek, i say
[19:48:00]SAY: Mutant/ : ARGH!
[19:48:00]EMOTE: giant rad scorpion (565)/ : <B>The giant rad scorpion (565)</B> chitters
[19:48:02]SAY: Molerat/ : Squeek!
[19:48:02]SAY: Molerat/ : Squeek!
[19:48:02]SAY: Molerat/ : Squeek
[19:48:02]SAY: Molerat/ : Squeek
[19:48:02]SAY: Molerat/ : Squeek, i say
[19:48:02]SAY: Molerat/ : Squeek!
[19:48:02]SAY: Molerat/ : Squeek
[19:48:02]SAY: Mutant/ : ARGH!
[19:48:02]SAY: Mutant/ : ARGH!
[19:48:02]SAY: Molerat/ : Squeek!
[19:48:04]SAY: Molerat/ : Squeek
[19:48:04]SAY: Molerat/ : Squeek!
[19:48:04]SAY: Molerat/ : Squeek, i say
[19:48:04]SAY: Molerat/ : Squeek
[19:48:04]SAY: Molerat/ : Squeek
[19:48:04]SAY: Mutant/ : GRRRRRR!
[19:48:05]GAME: Radiation pulse with size (1, 4) and severity 40 in area Custodial Closet 
[19:48:06]GAME: Explosion with size (0, 1, 2, 0) in area Medium Radiation Field (178,167,1)
[19:48:06]SAY: Molerat/ : Squeek, i say
[19:48:06]SAY: Molerat/ : Squeek!
[19:48:06]SAY: Molerat/ : Squeek!
[19:48:06]SAY: Molerat/ : Squeek
[19:48:06]SAY: Molerat/ : Squeek
[19:48:06]SAY: Molerat/ : Squeek!
[19:48:06]SAY: Mutant/ : NNNNNGH!
[19:48:06]SAY: Molerat/ : Squeek, i say
[19:48:06]SAY: Mutant/ : GRRRRRR!
[19:48:08]SAY: Molerat/ : Squeek!
[19:48:08]SAY: Molerat/ : Squeek!
[19:48:08]SAY: Molerat/ : Squeek
[19:48:08]SAY: Molerat/ : Squeek!
[19:48:08]SAY: Molerat/ : Squeek, i say
[19:48:08]SAY: Molerat/ : Squeek, i say
[19:48:08]SAY: Molerat/ : Squeek!
[19:48:10]SAY: Molerat/ : Squeek!
[19:48:10]SAY: Molerat/ : Squeek!
[19:48:10]SAY: Mutant/ : ARGH!
[19:48:10]SAY: Molerat/ : Squeek, i say
[19:48:10]SAY: Molerat/ : Squeek
[19:48:12]SAY: Molerat/ : Squeek
[19:48:12]SAY: Molerat/ : Squeek!
[19:48:12]SAY: Mutant/ : NNNNNGH!
[19:48:12]SAY: Molerat/ : Squeek, i say
[19:48:13]GAME: Radiation pulse with size (1, 4) and severity 40 in area Custodial Closet 
[19:48:14]SAY: Molerat/ : Squeek
[19:48:14]SAY: Molerat/ : Squeek
[19:48:14]SAY: Mutant/ : NNNNNGH!
[19:48:14]SAY: Mutant/ : ARRRRR!
[19:48:14]SAY: Mutant/ : GRRRRRR!
[19:48:14]SAY: brahmin/ : Moo
[19:48:14]EMOTE: rad scorpion (970)/ : <B>The rad scorpion (970)</B> chitters
[19:48:14]SAY: Molerat/ : Squeek
[19:48:14]ACCESS: Logout: PahomLancer[DC]/(Griffin Whiteman)


Starting up. 19:58.27
---------------------
Adding game mode abduction (abduction) to configuration.
Adding game mode blob (blob) to configuration.
Adding game mode changeling (changeling) to configuration.
Adding game mode traitor+changeling (traitorchan) to configuration.
Adding game mode double agents (double_agents) to configuration.
Adding game mode traitor (traitor) to configuration.
Adding game mode cult (cult) to configuration.
Adding game mode extended (extended) to configuration.
Adding game mode gang war (gang) to configuration.
Adding game mode hand of god (handofgod) to configuration.
Adding game mode AI malfunction (malfunction) to configuration.
Adding game mode meteor (meteor) to configuration.
Adding game mode monkey (monkey) to configuration.
Adding game mode nuclear emergency (nuclear) to configuration.
Adding game mode revolution (revolution) to configuration.
Adding game mode sandbox (sandbox) to configuration.
Adding game mode shadowling (shadowling) to configuration.
Adding game mode very ragin' bullshit mages (veryraginbullshitmages) to configuration.
Adding game mode ragin' mages (raginmages) to configuration.
Adding game mode wizard (wizard) to configuration.
Saved mode is 'extended'
Failed to connect to database in load_admin_ranks(). Reverting to legacy system.
Database connection failed. Reverting to the legacy ban system.
[19:58:27]ADMIN: Loading appearance_rank
[19:58:27]ADMIN: appearance_keylist was empty
[19:58:27]ADMIN: Loading Banlist
[19:59:08]ACCESS: Login: PahomLancer/(PahomLancer) from 127.0.0.1-357177658 || BYOND v510
[19:59:19]ADMIN: PahomLancer has started the game.
[19:59:23]GAME: SQL ERROR obtaining jobbans. Error : [not connected]

[19:59:23]ACCESS: Logout: *no key*/(PahomLancer)
[19:59:23]ACCESS: Login: PahomLancer/(Griffin Whiteman) from 127.0.0.1-357177658 || BYOND v510
[19:59:26]GAME: Radiation pulse with size (1, 4) and severity 40 in area Custodial Closet 
[19:59:26]SAY: Molerat/ : Squeek
[19:59:26]SAY: Molerat/ : Squeek!
[19:59:27]SAY: Mutant/ : NNNNNGH!
[19:59:27]SAY: Molerat/ : Squeek
[19:59:28]SAY: Molerat/ : Squeek!
[19:59:28]SAY: Molerat/ : Squeek!
[19:59:28]SAY: Molerat/ : Squeek
[19:59:28]SAY: Mutant/ : NNNNNGH!
[19:59:29]SAY: Molerat/ : Squeek!
[19:59:29]SAY: Molerat/ : Squeek!
[19:59:29]SAY: Molerat/ : Squeek!
[19:59:29]SAY: Molerat/ : Squeek
[19:59:29]SAY: Molerat/ : Squeek
[19:59:29]SAY: Molerat/ : Squeek
[19:59:29]SAY: Molerat/ : Squeek, i say
[19:59:29]SAY: Molerat/ : Squeek
[19:59:29]SAY: Molerat/ : Squeek!
[19:59:29]SAY: Molerat/ : Squeek
[19:59:31]SAY: Molerat/ : Squeek
[19:59:31]SAY: Mutant/ : ARRRRR!
[19:59:31]SAY: Molerat/ : Squeek
[19:59:31]SAY: Molerat/ : Squeek
[19:59:31]SAY: Molerat/ : Squeek!
[19:59:31]SAY: Molerat/ : Squeek!
[19:59:33]SAY: Molerat/ : Squeek, i say
[19:59:33]SAY: Molerat/ : Squeek!
[19:59:33]SAY: Molerat/ : Squeek!
[19:59:33]SAY: Molerat/ : Squeek
[19:59:33]SAY: Molerat/ : Squeek!
[19:59:33]SAY: Molerat/ : Squeek, i say
[19:59:33]SAY: Molerat/ : Squeek
[19:59:33]SAY: Molerat/ : Squeek!
[19:59:33]SAY: Mutant/ : HMPH!
[19:59:33]SAY: Mutant/ : GRRRRRR!
[19:59:33]SAY: Molerat/ : Squeek!
[19:59:33]SAY: Molerat/ : Squeek
[19:59:34]GAME: Radiation pulse with size (1, 4) and severity 40 in area Custodial Closet 
[19:59:35]SAY: Molerat/ : Squeek!
[19:59:35]SAY: Molerat/ : Squeek!
[19:59:35]SAY: Molerat/ : Squeek
[19:59:35]SAY: Molerat/ : Squeek!
[19:59:35]SAY: Molerat/ : Squeek!
[19:59:35]SAY: Molerat/ : Squeek!
[19:59:35]SAY: Molerat/ : Squeek
[19:59:37]SAY: Molerat/ : Squeek
[19:59:37]SAY: Molerat/ : Squeek
[19:59:37]SAY: Molerat/ : Squeek
[19:59:37]SAY: Molerat/ : Squeek
[19:59:37]SAY: Molerat/ : Squeek!
[19:59:37]SAY: Molerat/ : Squeek
[19:59:37]SAY: Molerat/ : Squeek
[19:59:37]SAY: Molerat/ : Squeek!
[19:59:37]SAY: Mutant/ : GRRRRRR!
[19:59:37]SAY: Mutant/ : ARRRRR!
[19:59:37]SAY: Molerat/ : Squeek!
[19:59:37]SAY: Molerat/ : Squeek
[19:59:39]SAY: Molerat/ : Squeek, i say
[19:59:39]SAY: Molerat/ : Squeek
[19:59:39]SAY: Molerat/ : Squeek
[19:59:39]SAY: Molerat/ : Squeek!
[19:59:39]SAY: Molerat/ : Squeek, i say
[19:59:39]SAY: Molerat/ : Squeek!
[19:59:39]SAY: Molerat/ : Squeek
[19:59:39]EMOTE: rad scorpion (787)/ : <B>The rad scorpion (787)</B> chitters
[19:59:41]SAY: Mutant/ : NNNNNGH!
[19:59:41]SAY: Molerat/ : Squeek!
[19:59:41]SAY: Molerat/ : Squeek!
[19:59:41]SAY: Mutant/ : ARRRRR!
[19:59:41]SAY: Molerat/ : Squeek
[19:59:41]SAY: Mutant/ : ARRRRR!
[19:59:41]SAY: Molerat/ : Squeek!
[19:59:42]GAME: Radiation pulse with size (1, 4) and severity 40 in area Custodial Closet 
[19:59:43]SAY: Molerat/ : Squeek
[19:59:43]SAY: Molerat/ : Squeek, i say
[19:59:43]SAY: Molerat/ : Squeek!
[19:59:43]SAY: Molerat/ : Squeek
[19:59:43]SAY: Molerat/ : Squeek
[19:59:43]SAY: Mutant/ : HMPH!
[19:59:43]SAY: Mutant/ : ARRRRR!
[19:59:43]SAY: Molerat/ : Squeek!
[19:59:43]SAY: Medibot/ : What kind of medbay is this? Everyone&#39;s dropping like dead flies.
[19:59:45]SAY: Molerat/ : Squeek!
[19:59:45]SAY: Molerat/ : Squeek!
[19:59:45]SAY: Mutant/ : ARRRRR!
[19:59:45]SAY: Molerat/ : Squeek!
[19:59:45]SAY: Molerat/ : Squeek!
[19:59:45]SAY: Molerat/ : Squeek, i say
[19:59:45]SAY: Molerat/ : Squeek
[19:59:45]SAY: Molerat/ : Squeek
[19:59:45]SAY: Molerat/ : Squeek
[19:59:45]SAY: Molerat/ : Squeek
[19:59:45]SAY: Molerat/ : Squeek!
[19:59:45]SAY: Molerat/ : Squeek!
[19:59:45]EMOTE: rad scorpion (787)/ : <B>The rad scorpion (787)</B> chitters
[19:59:47]SAY: Molerat/ : Squeek
[19:59:47]SAY: Mutant/ : ARGH!
[19:59:47]SAY: Mutant/ : GRRRRRR!
[19:59:47]SAY: Mutant/ : HMPH!
[19:59:47]SAY: Molerat/ : Squeek!
[19:59:47]SAY: Molerat/ : Squeek!
[19:59:48]SAY: Molerat/ : Squeek, i say
[19:59:48]SAY: Molerat/ : Squeek!
[19:59:50]SAY: Molerat/ : Squeek!
[19:59:50]SAY: Molerat/ : Squeek!
[19:59:50]SAY: Mutant/ : ARGH!
[19:59:50]SAY: Molerat/ : Squeek
[19:59:50]SAY: Molerat/ : Squeek
[19:59:50]SAY: Molerat/ : Squeek
[19:59:50]SAY: Molerat/ : Squeek
[19:59:50]SAY: Molerat/ : Squeek, i say
[19:59:50]SAY: Molerat/ : Squeek!
[19:59:50]SAY: Molerat/ : Squeek
[19:59:50]SAY: Molerat/ : Squeek!
[19:59:50]SAY: Molerat/ : Squeek!
[19:59:51]GAME: Radiation pulse with size (1, 4) and severity 40 in area Custodial Closet 
[19:59:52]SAY: Molerat/ : Squeek!
[19:59:52]SAY: Molerat/ : Squeek, i say
[19:59:52]SAY: Molerat/ : Squeek
[19:59:52]SAY: Molerat/ : Squeek!
[19:59:52]SAY: Molerat/ : Squeek
[19:59:52]SAY: Molerat/ : Squeek
[19:59:52]SAY: Molerat/ : Squeek!
[19:59:52]SAY: Molerat/ : Squeek
[19:59:52]SAY: Molerat/ : Squeek!
[19:59:54]SAY: Molerat/ : Squeek
[19:59:54]SAY: Molerat/ : Squeek
[19:59:54]SAY: Molerat/ : Squeek
[19:59:54]SAY: Mutant/ : GRRRRRR!
[19:59:54]SAY: Molerat/ : Squeek!
[19:59:54]SAY: Mutant/ : ARGH!
[19:59:54]SAY: Molerat/ : Squeek!
[19:59:54]SAY: Molerat/ : Squeek!
[19:59:54]SAY: Molerat/ : Squeek
[19:59:54]SAY: Molerat/ : Squeek!
[19:59:54]EMOTE: Default Cyborg-538/ : <B>Default Cyborg-538</B> shudders violently for a moment, then becomes motionless, its eyes slowly darkening.
[19:59:56]SAY: Molerat/ : Squeek
[19:59:56]SAY: Molerat/ : Squeek!
[19:59:56]SAY: Molerat/ : Squeek!
[19:59:56]SAY: Molerat/ : Squeek
[19:59:56]SAY: Molerat/ : Squeek
[19:59:56]SAY: Mutant/ : HMPH!
[19:59:56]SAY: Molerat/ : Squeek
[19:59:57]GAME: Radiation pulse with size (1, 4) and severity 40 in area Custodial Closet 
[19:59:59]SAY: Molerat/ : Squeek, i say
[19:59:59]SAY: Molerat/ : Squeek!
[19:59:59]SAY: Molerat/ : Squeek
[19:59:59]SAY: mouse/ : Squeek!
[19:59:59]SAY: Molerat/ : Squeek!
[19:59:59]SAY: Mutant/ : ARRRRR!
[19:59:59]SAY: Molerat/ : Squeek, i say
[19:59:59]SAY: Molerat/ : Squeek
[19:59:59]SAY: Molerat/ : Squeek!
[20:00:01]SAY: Molerat/ : Squeek!
[20:00:01]SAY: Mutant/ : NNNNNGH!
[20:00:01]SAY: Molerat/ : Squeek, i say
[20:00:01]SAY: Mutant/ : NNNNNGH!
[20:00:01]SAY: Mutant/ : GRRRRRR!
[20:00:01]SAY: Molerat/ : Squeek
[20:00:01]SAY: Molerat/ : Squeek
[20:00:01]EMOTE: giant rad scorpion (580)/ : <B>The giant rad scorpion (580)</B> chitters
[20:00:01]SAY: Molerat/ : Squeek
[20:00:03]SAY: Mutant/ : NNNNNGH!
[20:00:03]SAY: Molerat/ : Squeek
[20:00:03]SAY: Molerat/ : Squeek!
[20:00:03]SAY: Molerat/ : Squeek!
[20:00:03]SAY: Molerat/ : Squeek
[20:00:03]SAY: Molerat/ : Squeek, i say
[20:00:03]SAY: Molerat/ : Squeek, i say
[20:00:03]SAY: Molerat/ : Squeek, i say
[20:00:03]SAY: Molerat/ : Squeek
[20:00:03]SAY: Molerat/ : Squeek!
[20:00:04]GAME: Radiation pulse with size (1, 4) and severity 40 in area Custodial Closet 
[20:00:05]SAY: Molerat/ : Squeek
[20:00:05]SAY: Molerat/ : Squeek!
[20:00:05]SAY: Molerat/ : Squeek, i say
[20:00:05]SAY: Molerat/ : Squeek
[20:00:05]SAY: Mutant/ : ARGH!
[20:00:05]SAY: Molerat/ : Squeek
[20:00:05]SAY: Mutant/ : HMPH!
[20:00:05]SAY: Molerat/ : Squeek!
[20:00:05]SAY: Molerat/ : Squeek, i say
[20:00:07]SAY: Molerat/ : Squeek
[20:00:07]SAY: Mutant/ : NNNNNGH!
[20:00:07]SAY: Molerat/ : Squeek
[20:00:07]SAY: Molerat/ : Squeek
[20:00:07]SAY: Mutant/ : ARRRRR!
[20:00:07]SAY: Molerat/ : Squeek!
[20:00:07]SAY: Molerat/ : Squeek!
[20:00:07]EMOTE: giant rad scorpion (192)/ : <B>The giant rad scorpion (192)</B> chitters
[20:00:07]SAY: Molerat/ : Squeek!
[20:00:09]SAY: Mutant/ : ARRRRR!
[20:00:09]SAY: Molerat/ : Squeek!
[20:00:09]SAY: Molerat/ : Squeek!
[20:00:09]SAY: Mutant/ : NNNNNGH!
[20:00:09]SAY: Molerat/ : Squeek
[20:00:09]SAY: Mutant/ : ARGH!
[20:00:09]SAY: Molerat/ : Squeek
[20:00:09]SAY: Molerat/ : Squeek!
[20:00:11]GAME: Radiation pulse with size (1, 4) and severity 40 in area Custodial Closet 
[20:00:11]SAY: Molerat/ : Squeek
[20:00:11]SAY: Mutant/ : GRRRRRR!
[20:00:11]SAY: Molerat/ : Squeek!
[20:00:11]SAY: Molerat/ : Squeek!
[20:00:13]SAY: Molerat/ : Squeek!
[20:00:13]SAY: Molerat/ : Squeek!
[20:00:13]SAY: Molerat/ : Squeek!
[20:00:13]SAY: Molerat/ : Squeek!
[20:00:13]SAY: Molerat/ : Squeek
[20:00:13]SAY: Mutant/ : ARRRRR!
[20:00:13]SAY: Mutant/ : ARRRRR!
[20:00:15]SAY: Molerat/ : Squeek, i say
[20:00:15]SAY: Molerat/ : Squeek!
[20:00:15]SAY: Molerat/ : Squeek
[20:00:15]SAY: Molerat/ : Squeek
[20:00:15]SAY: Molerat/ : Squeek!
[20:00:15]SAY: Molerat/ : Squeek
[20:00:15]SAY: Molerat/ : Squeek!
[20:00:15]SAY: Molerat/ : Squeek
[20:00:17]SAY: Mutant/ : NNNNNGH!
[20:00:17]SAY: Molerat/ : Squeek!
[20:00:17]SAY: Molerat/ : Squeek
[20:00:17]SAY: Molerat/ : Squeek
[20:00:17]SAY: Molerat/ : Squeek!
[20:00:17]SAY: Molerat/ : Squeek!
[20:00:17]SAY: Molerat/ : Squeek
[20:00:17]SAY: Mutant/ : ARGH!
[20:00:17]SAY: Molerat/ : Squeek!
[20:00:17]SAY: Mutant/ : ARRRRR!
[20:00:17]SAY: Molerat/ : Squeek!
[20:00:17]SAY: Molerat/ : Squeek
[20:00:18]GAME: Radiation pulse with size (1, 4) and severity 40 in area Custodial Closet 
[20:00:19]SAY: Mutant/ : GRRRRRR!
[20:00:19]SAY: Molerat/ : Squeek, i say
[20:00:19]SAY: Molerat/ : Squeek!
[20:00:19]SAY: Molerat/ : Squeek!
[20:00:19]SAY: Molerat/ : Squeek
[20:00:19]SAY: Molerat/ : Squeek
[20:00:21]SAY: Molerat/ : Squeek, i say
[20:00:21]SAY: Molerat/ : Squeek!
[20:00:21]SAY: Molerat/ : Squeek!
[20:00:21]SAY: Molerat/ : Squeek!
[20:00:21]SAY: Molerat/ : Squeek, i say
[20:00:21]SAY: Molerat/ : Squeek
[20:00:21]SAY: Molerat/ : Squeek!
[20:00:21]SAY: Mutant/ : NNNNNGH!
[20:00:21]SAY: Molerat/ : Squeek!
[20:00:22]SAY: Molerat/ : Squeek!
[20:00:22]SAY: Molerat/ : Squeek, i say
[20:00:22]SAY: Molerat/ : Squeek, i say
[20:00:23]SAY: Molerat/ : Squeek
[20:00:23]SAY: Molerat/ : Squeek
[20:00:23]SAY: Molerat/ : Squeek!
[20:00:23]SAY: Molerat/ : Squeek, i say
[20:00:24]SAY: Molerat/ : Squeek!
[20:00:24]SAY: Molerat/ : Squeek, i say
[20:00:24]SAY: Molerat/ : Squeek
[20:00:24]SAY: Molerat/ : Squeek
[20:00:24]SAY: Molerat/ : Squeek!
[20:00:24]SAY: Molerat/ : Squeek!
[20:00:24]SAY: Molerat/ : Squeek
[20:00:26]SAY: Molerat/ : Squeek!
[20:00:26]SAY: Molerat/ : Squeek!
[20:00:26]SAY: Molerat/ : Squeek!
[20:00:26]SAY: Molerat/ : Squeek
[20:00:26]SAY: Molerat/ : Squeek!
[20:00:26]SAY: Molerat/ : Squeek, i say
[20:00:26]SAY: Molerat/ : Squeek!
[20:00:26]SAY: Molerat/ : Squeek
[20:00:26]SAY: Molerat/ : Squeek!
[20:00:27]GAME: Radiation pulse with size (1, 4) and severity 40 in area Custodial Closet 
[20:00:28]SAY: Molerat/ : Squeek!
[20:00:28]SAY: Molerat/ : Squeek
[20:00:28]SAY: Mutant/ : NNNNNGH!
[20:00:28]SAY: Mutant/ : HMPH!
[20:00:28]SAY: Molerat/ : Squeek!
[20:00:28]SAY: Molerat/ : Squeek
[20:00:28]SAY: Molerat/ : Squeek, i say
[20:00:28]SAY: Mutant/ : NNNNNGH!
[20:00:28]SAY: Molerat/ : Squeek
[20:00:28]SAY: Molerat/ : Squeek!
[20:00:30]SAY: Molerat/ : Squeek
[20:00:30]SAY: Mutant/ : HMPH!
[20:00:30]SAY: Molerat/ : Squeek!
[20:00:30]SAY: Molerat/ : Squeek
[20:00:30]SAY: Molerat/ : Squeek, i say
[20:00:30]SAY: Molerat/ : Squeek
[20:00:32]SAY: Molerat/ : Squeek
[20:00:32]SAY: Molerat/ : Squeek!
[20:00:32]SAY: Molerat/ : Squeek, i say
[20:00:32]SAY: Molerat/ : Squeek
[20:00:32]SAY: Molerat/ : Squeek!
[20:00:32]SAY: Molerat/ : Squeek
[20:00:32]EMOTE: rad scorpion (935)/ : <B>The rad scorpion (935)</B> chitters
[20:00:32]EMOTE: giant rad scorpion (192)/ : <B>The giant rad scorpion (192)</B> chitters
[20:00:34]SAY: Molerat/ : Squeek!
[20:00:34]SAY: Molerat/ : Squeek
[20:00:34]SAY: Molerat/ : Squeek!
[20:00:34]SAY: Molerat/ : Squeek
[20:00:34]SAY: Molerat/ : Squeek
[20:00:34]SAY: Molerat/ : Squeek
[20:00:34]SAY: Molerat/ : Squeek!
[20:00:34]SAY: Molerat/ : Squeek!
[20:00:34]SAY: Molerat/ : Squeek
[20:00:34]SAY: Molerat/ : Squeek!
[20:00:34]SAY: Molerat/ : Squeek!
[20:00:35]GAME: Radiation pulse with size (1, 4) and severity 40 in area Custodial Closet 
[20:00:36]SAY: Molerat/ : Squeek
[20:00:36]SAY: Molerat/ : Squeek!
[20:00:36]SAY: Molerat/ : Squeek
[20:00:36]SAY: Molerat/ : Squeek!
[20:00:36]SAY: Molerat/ : Squeek, i say
[20:00:36]SAY: Molerat/ : Squeek!
[20:00:38]SAY: Molerat/ : Squeek
[20:00:38]SAY: Molerat/ : Squeek, i say
[20:00:38]SAY: Molerat/ : Squeek
[20:00:38]SAY: Molerat/ : Squeek
[20:00:38]SAY: Molerat/ : Squeek, i say
[20:00:38]SAY: Mutant/ : GRRRRRR!
[20:00:38]SAY: Mutant/ : NNNNNGH!
[20:00:38]SAY: Mutant/ : NNNNNGH!
[20:00:38]SAY: Molerat/ : Squeek!
[20:00:38]SAY: Molerat/ : Squeek, i say
[20:00:38]SAY: Molerat/ : Squeek!
[20:00:40]SAY: Molerat/ : Squeek
[20:00:40]SAY: Mutant/ : GRRRRRR!
[20:00:40]SAY: Mutant/ : ARGH!
[20:00:40]SAY: Molerat/ : Squeek
[20:00:40]SAY: Molerat/ : Squeek
[20:00:40]SAY: Mutant/ : ARGH!
[20:00:40]SAY: Molerat/ : Squeek
[20:00:40]EMOTE: mouse/ : <B>The mouse</B> shakes.
[20:00:40]SAY: Mutant/ : GRRRRRR!
[20:00:42]SAY: Molerat/ : Squeek!
[20:00:42]SAY: Molerat/ : Squeek!
[20:00:42]SAY: Molerat/ : Squeek
[20:00:42]SAY: Molerat/ : Squeek!
[20:00:42]SAY: Molerat/ : Squeek
[20:00:43]SAY: Molerat/ : Squeek!
[20:00:43]SAY: Molerat/ : Squeek
[20:00:44]GAME: Radiation pulse with size (1, 4) and severity 40 in area Custodial Closet 
[20:00:45]SAY: Molerat/ : Squeek
[20:00:45]SAY: Molerat/ : Squeek, i say
[20:00:45]SAY: Mutant/ : ARGH!
[20:00:45]SAY: Molerat/ : Squeek!
[20:00:45]SAY: Molerat/ : Squeek!
[20:00:45]SAY: Molerat/ : Squeek!
[20:00:45]SAY: Molerat/ : Squeek
[20:00:45]SAY: Mutant/ : ARGH!
[20:00:45]SAY: Molerat/ : Squeek
[20:00:45]SAY: Mutant/ : ARGH!
[20:00:45]SAY: Mutant/ : HMPH!
[20:00:45]SAY: Molerat/ : Squeek!
[20:00:45]SAY: Molerat/ : Squeek
[20:00:45]SAY: Molerat/ : Squeek!
[20:00:47]SAY: Molerat/ : Squeek!
[20:00:47]SAY: Molerat/ : Squeek!
[20:00:47]SAY: Molerat/ : Squeek
[20:00:47]SAY: Molerat/ : Squeek!
[20:00:47]SAY: Mutant/ : ARRRRR!
[20:00:47]SAY: Molerat/ : Squeek
[20:00:47]SAY: Molerat/ : Squeek, i say
[20:00:47]SAY: Molerat/ : Squeek
[20:00:47]SAY: Molerat/ : Squeek!
[20:00:47]SAY: Molerat/ : Squeek
[20:00:48]SAY: Molerat/ : Squeek
[20:00:48]SAY: Molerat/ : Squeek
[20:00:48]SAY: Molerat/ : Squeek!
[20:00:48]SAY: Molerat/ : Squeek!
[20:00:48]SAY: Molerat/ : Squeek
[20:00:48]SAY: Molerat/ : Squeek
[20:00:48]SAY: mouse/ : Squeek!
[20:00:48]SAY: Mutant/ : NNNNNGH!
[20:00:48]SAY: Mutant/ : HMPH!
[20:00:50]GAME: Radiation pulse with size (1, 4) and severity 40 in area Custodial Closet 
[20:00:50]SAY: Molerat/ : Squeek!
[20:00:50]SAY: Molerat/ : Squeek!
[20:00:50]SAY: Molerat/ : Squeek!
[20:00:50]SAY: Molerat/ : Squeek!
[20:00:50]SAY: Molerat/ : Squeek
[20:00:52]SAY: Molerat/ : Squeek, i say
[20:00:52]SAY: Molerat/ : Squeek
[20:00:52]SAY: Mutant/ : ARGH!
[20:00:52]SAY: Mutant/ : NNNNNGH!
[20:00:53]SAY: Molerat/ : Squeek, i say
[20:00:53]SAY: Molerat/ : Squeek!
[20:00:55]SAY: Molerat/ : Squeek
[20:00:55]SAY: Molerat/ : Squeek!
[20:00:55]SAY: Molerat/ : Squeek
[20:00:55]SAY: Molerat/ : Squeek!
[20:00:55]SAY: Molerat/ : Squeek
[20:00:55]SAY: Molerat/ : Squeek, i say
[20:00:55]SAY: Mutant/ : ARGH!
[20:00:55]SAY: Mutant/ : ARRRRR!
[20:00:55]SAY: Mutant/ : HMPH!
[20:00:55]SAY: Mutant/ : GRRRRRR!
[20:00:55]SAY: Molerat/ : Squeek
[20:00:57]SAY: Molerat/ : Squeek!
[20:00:57]SAY: Molerat/ : Squeek
[20:00:57]SAY: Molerat/ : Squeek
[20:00:57]SAY: Mutant/ : NNNNNGH!
[20:00:57]SAY: Molerat/ : Squeek!
[20:00:57]SAY: Molerat/ : Squeek
[20:00:57]SAY: Mutant/ : GRRRRRR!
[20:00:57]SAY: Molerat/ : Squeek!
[20:00:57]SAY: Molerat/ : Squeek, i say
[20:00:58]GAME: Radiation pulse with size (1, 4) and severity 40 in area Custodial Closet 
[20:00:59]SAY: Molerat/ : Squeek
[20:00:59]SAY: Molerat/ : Squeek!
[20:00:59]SAY: Molerat/ : Squeek
[20:00:59]SAY: Molerat/ : Squeek!
[20:00:59]SAY: Molerat/ : Squeek
[20:00:59]SAY: Mutant/ : ARGH!
[20:00:59]SAY: Molerat/ : Squeek!
[20:00:59]SAY: Mutant/ : HMPH!
[20:00:59]SAY: Molerat/ : Squeek!
[20:00:59]SAY: Molerat/ : Squeek
[20:01:01]SAY: Molerat/ : Squeek!
[20:01:01]SAY: Molerat/ : Squeek
[20:01:01]SAY: Molerat/ : Squeek, i say
[20:01:01]SAY: Molerat/ : Squeek!
[20:01:01]SAY: Mutant/ : NNNNNGH!
[20:01:01]SAY: Molerat/ : Squeek!
[20:01:01]SAY: Molerat/ : Squeek
[20:01:01]SAY: Mutant/ : ARGH!
[20:01:01]SAY: Molerat/ : Squeek
[20:01:01]SAY: Molerat/ : Squeek
[20:01:01]SAY: Molerat/ : Squeek, i say
[20:01:03]SAY: Molerat/ : Squeek
[20:01:03]SAY: Molerat/ : Squeek, i say
[20:01:03]SAY: Molerat/ : Squeek!
[20:01:03]SAY: Molerat/ : Squeek
[20:01:03]SAY: Molerat/ : Squeek, i say
[20:01:03]SAY: Molerat/ : Squeek, i say
[20:01:03]SAY: Molerat/ : Squeek
[20:01:03]SAY: Mutant/ : ARRRRR!
[20:01:03]SAY: Molerat/ : Squeek!
[20:01:03]SAY: Molerat/ : Squeek!
[20:01:05]SAY: Molerat/ : Squeek!
[20:01:05]SAY: Molerat/ : Squeek!
[20:01:05]SAY: Molerat/ : Squeek!
[20:01:05]SAY: Molerat/ : Squeek
[20:01:05]SAY: Mutant/ : NNNNNGH!
[20:01:05]SAY: Mutant/ : ARRRRR!
[20:01:05]SAY: Molerat/ : Squeek!
[20:01:05]SAY: Molerat/ : Squeek!
[20:01:05]SAY: Molerat/ : Squeek
[20:01:06]GAME: Radiation pulse with size (1, 4) and severity 40 in area Custodial Closet 
[20:01:07]SAY: Mutant/ : ARRRRR!
[20:01:07]SAY: Molerat/ : Squeek
[20:01:07]SAY: Molerat/ : Squeek!
[20:01:07]SAY: Molerat/ : Squeek
[20:01:07]SAY: Molerat/ : Squeek
[20:01:07]SAY: Mutant/ : HMPH!
[20:01:07]SAY: Mutant/ : ARRRRR!
[20:01:09]SAY: Molerat/ : Squeek!
[20:01:09]SAY: Molerat/ : Squeek!
[20:01:09]SAY: Molerat/ : Squeek
[20:01:10]SAY: Molerat/ : Squeek!
[20:01:10]SAY: Molerat/ : Squeek
[20:01:10]SAY: Molerat/ : Squeek
[20:01:10]SAY: Molerat/ : Squeek
[20:01:12]SAY: Molerat/ : Squeek
[20:01:12]SAY: Molerat/ : Squeek
[20:01:12]SAY: Mutant/ : GRRRRRR!
[20:01:12]SAY: Molerat/ : Squeek
[20:01:12]SAY: Molerat/ : Squeek!
[20:01:12]EMOTE: mouse/ : <B>The mouse</B> squeeks.
[20:01:12]SAY: Mutant/ : HMPH!
[20:01:12]SAY: Mutant/ : GRRRRRR!
[20:01:12]SAY: Molerat/ : Squeek, i say
[20:01:13]GAME: Radiation pulse with size (1, 4) and severity 40 in area Custodial Closet 
[20:01:14]SAY: Molerat/ : Squeek
[20:01:14]SAY: Molerat/ : Squeek!
[20:01:14]SAY: Molerat/ : Squeek!
[20:01:14]SAY: Molerat/ : Squeek!
[20:01:14]SAY: Molerat/ : Squeek
[20:01:14]SAY: Molerat/ : Squeek
[20:01:14]SAY: Molerat/ : Squeek
[20:01:14]SAY: Molerat/ : Squeek
[20:01:14]SAY: Molerat/ : Squeek
[20:01:14]SAY: Molerat/ : Squeek!
[20:01:16]SAY: Mutant/ : ARGH!
[20:01:16]SAY: Mutant/ : ARGH!
[20:01:16]SAY: Molerat/ : Squeek
[20:01:16]SAY: Molerat/ : Squeek!
[20:01:16]SAY: Molerat/ : Squeek!
[20:01:16]EMOTE: giant rad scorpion (846)/ : <B>The giant rad scorpion (846)</B> chitters
[20:01:16]SAY: Medibot/ : There&#39;s always a catch, and it&#39;s the best there is.
[20:01:18]SAY: Molerat/ : Squeek
[20:01:18]SAY: Molerat/ : Squeek, i say
[20:01:18]SAY: Molerat/ : Squeek
[20:01:18]SAY: Molerat/ : Squeek
[20:01:18]SAY: Molerat/ : Squeek, i say
[20:01:18]SAY: Molerat/ : Squeek
[20:01:18]SAY: Molerat/ : Squeek, i say
[20:01:18]SAY: Molerat/ : Squeek!
[20:01:19]GAME: Radiation pulse with size (1, 4) and severity 40 in area Custodial Closet 
[20:01:20]SAY: Molerat/ : Squeek
[20:01:20]SAY: Molerat/ : Squeek!
[20:01:20]SAY: Molerat/ : Squeek
[20:01:20]SAY: Molerat/ : Squeek
[20:01:20]SAY: Mutant/ : ARRRRR!
[20:01:20]SAY: Molerat/ : Squeek!
[20:01:22]SAY: Mutant/ : NNNNNGH!
[20:01:22]SAY: Molerat/ : Squeek
[20:01:22]SAY: Molerat/ : Squeek!
[20:01:22]SAY: Mutant/ : NNNNNGH!
[20:01:22]SAY: Molerat/ : Squeek
[20:01:22]SAY: Molerat/ : Squeek
[20:01:22]SAY: Molerat/ : Squeek, i say
[20:01:22]SAY: Molerat/ : Squeek
[20:01:24]SAY: Molerat/ : Squeek
[20:01:24]SAY: Molerat/ : Squeek
[20:01:24]SAY: Molerat/ : Squeek, i say
[20:01:24]SAY: Molerat/ : Squeek
[20:01:24]SAY: Molerat/ : Squeek!
[20:01:24]SAY: Molerat/ : Squeek
[20:01:24]SAY: Molerat/ : Squeek!
[20:01:24]SAY: Molerat/ : Squeek
[20:01:24]SAY: Mutant/ : GRRRRRR!
[20:01:24]SAY: Molerat/ : Squeek
[20:01:26]SAY: Mutant/ : GRRRRRR!
[20:01:26]SAY: Molerat/ : Squeek
[20:01:26]SAY: Molerat/ : Squeek
[20:01:26]SAY: Molerat/ : Squeek
[20:01:26]SAY: Molerat/ : Squeek!
[20:01:26]SAY: Molerat/ : Squeek
[20:01:26]SAY: Mutant/ : NNNNNGH!
[20:01:26]SAY: Molerat/ : Squeek
[20:01:26]SAY: Molerat/ : Squeek
[20:01:26]EMOTE: giant rad scorpion (192)/ : <B>The giant rad scorpion (192)</B> chitters
[20:01:26]EMOTE: giant spider (744)/ : <B>The giant spider (744)</B> chitters
[20:01:27]GAME: Radiation pulse with size (1, 4) and severity 40 in area Custodial Closet 
[20:01:28]SAY: Molerat/ : Squeek, i say
[20:01:28]SAY: Molerat/ : Squeek!
[20:01:28]SAY: Molerat/ : Squeek!
[20:01:28]SAY: Molerat/ : Squeek!
[20:01:28]SAY: Mutant/ : GRRRRRR!
[20:01:28]SAY: Molerat/ : Squeek!
[20:01:28]EMOTE: rad scorpion (787)/ : <B>The rad scorpion (787)</B> chitters
[20:01:30]SAY: Molerat/ : Squeek
[20:01:30]SAY: Mutant/ : ARGH!
[20:01:30]SAY: Molerat/ : Squeek!
[20:01:30]SAY: Molerat/ : Squeek!
[20:01:30]SAY: Molerat/ : Squeek!
[20:01:30]SAY: Molerat/ : Squeek
[20:01:30]SAY: Mutant/ : ARGH!
[20:01:30]SAY: Molerat/ : Squeek!
[20:01:30]SAY: Molerat/ : Squeek, i say
[20:01:32]SAY: Molerat/ : Squeek!
[20:01:32]SAY: Molerat/ : Squeek
[20:01:32]SAY: Molerat/ : Squeek
[20:01:32]SAY: Molerat/ : Squeek
[20:01:35]SAY: Molerat/ : Squeek, i say
[20:01:35]SAY: Molerat/ : Squeek
[20:01:35]SAY: Molerat/ : Squeek, i say
[20:01:35]SAY: Molerat/ : Squeek
[20:01:35]SAY: Molerat/ : Squeek
[20:01:35]SAY: Molerat/ : Squeek!
[20:01:35]SAY: Molerat/ : Squeek
[20:01:35]SAY: Molerat/ : Squeek
[20:01:35]SAY: Molerat/ : Squeek
[20:01:35]SAY: Molerat/ : Squeek
[20:01:35]SAY: Molerat/ : Squeek, i say
[20:01:35]SAY: Molerat/ : Squeek
[20:01:36]GAME: Radiation pulse with size (1, 4) and severity 40 in area Custodial Closet 
[20:01:36]SAY: Molerat/ : Squeek!
[20:01:37]SAY: Mutant/ : ARGH!
[20:01:37]SAY: Molerat/ : Squeek
[20:01:37]SAY: Molerat/ : Squeek
[20:01:37]SAY: Molerat/ : Squeek
[20:01:37]SAY: Molerat/ : Squeek
[20:01:37]SAY: Molerat/ : Squeek!
[20:01:37]SAY: Molerat/ : Squeek!
[20:01:37]SAY: Molerat/ : Squeek!
[20:01:37]SAY: Mutant/ : ARRRRR!
[20:01:37]SAY: Mutant/ : ARRRRR!
[20:01:37]SAY: Mutant/ : NNNNNGH!
[20:01:37]SAY: Molerat/ : Squeek!
[20:01:37]SAY: Molerat/ : Squeek
[20:01:39]SAY: Molerat/ : Squeek!
[20:01:39]SAY: Molerat/ : Squeek
[20:01:39]SAY: Mutant/ : GRRRRRR!
[20:01:39]SAY: Mutant/ : HMPH!
[20:01:39]SAY: Molerat/ : Squeek
[20:01:39]EMOTE: giant rad scorpion (192)/ : <B>The giant rad scorpion (192)</B> chitters
[20:01:39]SAY: Medibot/ : Delicious!
[20:01:41]SAY: Molerat/ : Squeek
[20:01:41]SAY: Molerat/ : Squeek, i say
[20:01:41]SAY: Molerat/ : Squeek
[20:01:41]SAY: Molerat/ : Squeek!
[20:01:41]SAY: Molerat/ : Squeek!
[20:01:41]SAY: Molerat/ : Squeek, i say
[20:01:41]SAY: Molerat/ : Squeek
[20:01:41]SAY: Mutant/ : NNNNNGH!
[20:01:41]SAY: Molerat/ : Squeek!
[20:01:41]SAY: Molerat/ : Squeek, i say
[20:01:42]GAME: Radiation pulse with size (1, 4) and severity 40 in area Custodial Closet 
[20:01:43]SAY: Molerat/ : Squeek!
[20:01:43]SAY: Molerat/ : Squeek!
[20:01:43]SAY: Molerat/ : Squeek
[20:01:43]SAY: Molerat/ : Squeek
[20:01:43]SAY: Molerat/ : Squeek, i say
[20:01:43]SAY: Molerat/ : Squeek, i say
[20:01:43]SAY: Mutant/ : ARRRRR!
[20:01:43]SAY: Molerat/ : Squeek
[20:01:43]SAY: Mutant/ : HMPH!
[20:01:43]SAY: Molerat/ : Squeek
[20:01:43]SAY: Molerat/ : Squeek
[20:01:43]SAY: Molerat/ : Squeek
[20:01:43]SAY: Molerat/ : Squeek!
[20:01:45]SAY: Molerat/ : Squeek, i say
[20:01:45]SAY: Molerat/ : Squeek
[20:01:45]SAY: Mutant/ : ARGH!
[20:01:45]SAY: Molerat/ : Squeek!
[20:01:45]SAY: Molerat/ : Squeek
[20:01:45]SAY: Molerat/ : Squeek
[20:01:45]SAY: Molerat/ : Squeek!
[20:01:45]SAY: Molerat/ : Squeek
[20:01:45]SAY: Molerat/ : Squeek
[20:01:45]SAY: Mutant/ : NNNNNGH!
[20:01:45]SAY: Molerat/ : Squeek!
[20:01:45]SAY: Molerat/ : Squeek!
[20:01:45]SAY: Molerat/ : Squeek
[20:01:47]SAY: Molerat/ : Squeek!
[20:01:47]SAY: Mutant/ : NNNNNGH!
[20:01:47]SAY: Molerat/ : Squeek
[20:01:47]SAY: Molerat/ : Squeek!
[20:01:47]SAY: Molerat/ : Squeek!
[20:01:47]SAY: Molerat/ : Squeek!
[20:01:47]SAY: Molerat/ : Squeek!
[20:01:47]SAY: Molerat/ : Squeek
[20:01:47]SAY: Molerat/ : Squeek!
[20:01:47]SAY: Mutant/ : GRRRRRR!
[20:01:47]SAY: Molerat/ : Squeek
[20:01:47]EMOTE: rad scorpion (935)/ : <B>The rad scorpion (935)</B> chitters
[20:01:47]SAY: Molerat/ : Squeek
[20:01:49]SAY: Molerat/ : Squeek
[20:01:49]SAY: Molerat/ : Squeek!
[20:01:49]SAY: Molerat/ : Squeek
[20:01:49]SAY: Molerat/ : Squeek!
[20:01:49]SAY: Molerat/ : Squeek
[20:01:49]SAY: Molerat/ : Squeek
[20:01:49]SAY: Molerat/ : Squeek
[20:01:49]SAY: Molerat/ : Squeek
[20:01:49]SAY: Molerat/ : Squeek
[20:01:49]SAY: Molerat/ : Squeek!
[20:01:50]GAME: Radiation pulse with size (1, 4) and severity 40 in area Custodial Closet 
[20:01:51]SAY: Molerat/ : Squeek!
[20:01:51]SAY: Molerat/ : Squeek
[20:01:51]SAY: Molerat/ : Squeek!
[20:01:51]SAY: Molerat/ : Squeek, i say
[20:01:51]SAY: Molerat/ : Squeek!
[20:01:51]SAY: Molerat/ : Squeek!
[20:01:51]SAY: Molerat/ : Squeek!
[20:01:54]SAY: Mutant/ : NNNNNGH!
[20:01:54]SAY: Molerat/ : Squeek!
[20:01:54]SAY: Molerat/ : Squeek
[20:01:54]SAY: Molerat/ : Squeek, i say
[20:01:54]SAY: Mutant/ : GRRRRRR!
[20:01:54]SAY: Mutant/ : GRRRRRR!
[20:01:54]EMOTE: rad scorpion (787)/ : <B>The rad scorpion (787)</B> chitters
[20:01:56]SAY: Molerat/ : Squeek
[20:01:56]SAY: Molerat/ : Squeek
[20:01:56]SAY: Molerat/ : Squeek!
[20:01:56]SAY: Molerat/ : Squeek, i say
[20:01:56]SAY: Molerat/ : Squeek!
[20:01:56]SAY: Mutant/ : NNNNNGH!
[20:01:56]SAY: Mutant/ : HMPH!
[20:01:56]SAY: Molerat/ : Squeek
[20:01:56]EMOTE: brahmin/ : <B>The brahmin</B> brays.
[20:01:57]GAME: Radiation pulse with size (1, 4) and severity 40 in area Custodial Closet 
[20:01:58]SAY: Molerat/ : Squeek
[20:01:58]SAY: Molerat/ : Squeek
[20:01:58]SAY: Molerat/ : Squeek
[20:01:58]SAY: Molerat/ : Squeek!
[20:01:58]SAY: Mutant/ : GRRRRRR!
[20:01:58]SAY: Molerat/ : Squeek!
[20:01:58]SAY: Molerat/ : Squeek
[20:01:58]SAY: Molerat/ : Squeek!
[20:01:58]EMOTE: rad scorpion (787)/ : <B>The rad scorpion (787)</B> chitters
[20:01:58]SAY: Molerat/ : Squeek
[20:02:00]SAY: Molerat/ : Squeek!
[20:02:00]SAY: Molerat/ : Squeek
[20:02:00]SAY: Molerat/ : Squeek!
[20:02:00]SAY: Molerat/ : Squeek!
[20:02:02]SAY: Molerat/ : Squeek, i say
[20:02:02]SAY: Molerat/ : Squeek!
[20:02:02]SAY: Molerat/ : Squeek!
[20:02:02]SAY: Molerat/ : Squeek, i say
[20:02:02]SAY: Molerat/ : Squeek
[20:02:03]GAME: Radiation pulse with size (1, 4) and severity 40 in area Custodial Closet 
[20:02:04]SAY: Molerat/ : Squeek!
[20:02:04]SAY: Molerat/ : Squeek!
[20:02:04]SAY: Molerat/ : Squeek
[20:02:04]SAY: Molerat/ : Squeek!
[20:02:06]SAY: Molerat/ : Squeek
[20:02:06]SAY: Molerat/ : Squeek!
[20:02:06]SAY: Molerat/ : Squeek
[20:02:06]SAY: Mutant/ : HMPH!
[20:02:06]SAY: Molerat/ : Squeek
[20:02:08]SAY: Molerat/ : Squeek!
[20:02:08]SAY: Molerat/ : Squeek
[20:02:08]SAY: Molerat/ : Squeek
[20:02:08]SAY: Molerat/ : Squeek
[20:02:08]SAY: Molerat/ : Squeek
[20:02:08]SAY: Molerat/ : Squeek, i say
[20:02:08]SAY: Molerat/ : Squeek!
[20:02:08]SAY: Molerat/ : Squeek
[20:02:08]SAY: Molerat/ : Squeek
[20:02:08]SAY: Mutant/ : HMPH!
[20:02:08]SAY: Mutant/ : ARRRRR!
[20:02:08]EMOTE: giant rad scorpion (846)/ : <B>The giant rad scorpion (846)</B> chitters
[20:02:09]GAME: Radiation pulse with size (1, 4) and severity 40 in area Custodial Closet 
[20:02:10]SAY: Mutant/ : HMPH!
[20:02:10]SAY: Molerat/ : Squeek
[20:02:10]SAY: Molerat/ : Squeek!
[20:02:10]SAY: Mutant/ : HMPH!
[20:02:10]SAY: Mutant/ : HMPH!
[20:02:10]SAY: Mutant/ : NNNNNGH!
[20:02:10]SAY: Molerat/ : Squeek!
[20:02:10]SAY: Molerat/ : Squeek!
[20:02:10]SAY: Molerat/ : Squeek
[20:02:12]SAY: Molerat/ : Squeek
[20:02:12]SAY: Molerat/ : Squeek
[20:02:12]SAY: Mutant/ : GRRRRRR!
[20:02:14]SAY: Molerat/ : Squeek
[20:02:14]SAY: Molerat/ : Squeek, i say
[20:02:14]SAY: Mutant/ : ARRRRR!
[20:02:14]SAY: Mutant/ : GRRRRRR!
[20:02:14]SAY: Molerat/ : Squeek
[20:02:14]SAY: Molerat/ : Squeek
[20:02:16]SAY: Molerat/ : Squeek
[20:02:16]SAY: Molerat/ : Squeek
[20:02:16]SAY: Molerat/ : Squeek
[20:02:16]SAY: Mutant/ : NNNNNGH!
[20:02:16]SAY: Molerat/ : Squeek
[20:02:16]SAY: Molerat/ : Squeek
[20:02:16]SAY: Molerat/ : Squeek
[20:02:17]SAY: Molerat/ : Squeek!
[20:02:18]GAME: Radiation pulse with size (1, 4) and severity 40 in area Custodial Closet 
[20:02:19]SAY: Molerat/ : Squeek, i say
[20:02:19]SAY: Molerat/ : Squeek, i say
[20:02:19]SAY: Molerat/ : Squeek
[20:02:19]SAY: Molerat/ : Squeek
[20:02:19]SAY: Mutant/ : GRRRRRR!
[20:02:19]SAY: Molerat/ : Squeek
[20:02:21]SAY: Mutant/ : HMPH!
[20:02:21]SAY: Molerat/ : Squeek!
[20:02:21]SAY: Molerat/ : Squeek!
[20:02:21]SAY: Mutant/ : HMPH!
[20:02:21]SAY: Mutant/ : NNNNNGH!
[20:02:21]SAY: Mutant/ : ARRRRR!
[20:02:21]SAY: Molerat/ : Squeek
[20:02:21]SAY: Molerat/ : Squeek, i say
[20:02:23]SAY: Molerat/ : Squeek
[20:02:23]SAY: Molerat/ : Squeek!
[20:02:23]SAY: Molerat/ : Squeek
[20:02:23]SAY: Molerat/ : Squeek!
[20:02:23]SAY: Molerat/ : Squeek
[20:02:23]SAY: Molerat/ : Squeek
[20:02:23]SAY: Mutant/ : GRRRRRR!
[20:02:23]SAY: Molerat/ : Squeek
[20:02:23]SAY: Molerat/ : Squeek
[20:02:23]SAY: Molerat/ : Squeek!
[20:02:23]SAY: Mutant/ : NNNNNGH!
[20:02:23]SAY: Molerat/ : Squeek!
[20:02:23]SAY: Molerat/ : Squeek!
[20:02:23]EMOTE: giant rad scorpion (846)/ : <B>The giant rad scorpion (846)</B> chitters
[20:02:24]GAME: Radiation pulse with size (1, 4) and severity 40 in area Custodial Closet 
[20:02:25]SAY: Molerat/ : Squeek
[20:02:25]SAY: Mutant/ : HMPH!
[20:02:25]SAY: Molerat/ : Squeek, i say
[20:02:25]SAY: Molerat/ : Squeek!
[20:02:25]SAY: Mutant/ : NNNNNGH!
[20:02:25]SAY: Molerat/ : Squeek!
[20:02:25]SAY: Molerat/ : Squeek
[20:02:25]SAY: Molerat/ : Squeek, i say
[20:02:25]SAY: Mutant/ : ARRRRR!
[20:02:25]SAY: Molerat/ : Squeek
[20:02:25]SAY: Mutant/ : NNNNNGH!
[20:02:25]SAY: Molerat/ : Squeek!
[20:02:25]SAY: Molerat/ : Squeek!
[20:02:25]SAY: Molerat/ : Squeek!
[20:02:27]SAY: Molerat/ : Squeek, i say
[20:02:27]SAY: Molerat/ : Squeek
[20:02:27]SAY: Molerat/ : Squeek!
[20:02:27]SAY: Molerat/ : Squeek!
[20:02:27]SAY: Molerat/ : Squeek!
[20:02:27]SAY: Molerat/ : Squeek
[20:02:27]SAY: Molerat/ : Squeek
[20:02:27]SAY: Mutant/ : GRRRRRR!
[20:02:27]SAY: Molerat/ : Squeek!
[20:02:27]SAY: Molerat/ : Squeek!
[20:02:27]SAY: Mutant/ : GRRRRRR!
[20:02:27]SAY: Molerat/ : Squeek
[20:02:29]SAY: Molerat/ : Squeek!
[20:02:29]SAY: Molerat/ : Squeek
[20:02:29]SAY: Molerat/ : Squeek
[20:02:29]SAY: Molerat/ : Squeek!
[20:02:29]SAY: Mutant/ : GRRRRRR!
[20:02:29]SAY: Molerat/ : Squeek
[20:02:29]SAY: Molerat/ : Squeek
[20:02:29]SAY: Molerat/ : Squeek!
[20:02:29]SAY: Mutant/ : GRRRRRR!
[20:02:29]SAY: Molerat/ : Squeek, i say
[20:02:29]SAY: Molerat/ : Squeek
[20:02:29]SAY: Molerat/ : Squeek
[20:02:29]SAY: Mutant/ : GRRRRRR!
[20:02:29]SAY: Molerat/ : Squeek
[20:02:30]GAME: Radiation pulse with size (1, 4) and severity 40 in area Custodial Closet 
[20:02:31]SAY: Molerat/ : Squeek
[20:02:31]SAY: Molerat/ : Squeek!
[20:02:31]SAY: Molerat/ : Squeek, i say
[20:02:31]SAY: Molerat/ : Squeek!
[20:02:31]SAY: Molerat/ : Squeek
[20:02:31]SAY: Mutant/ : ARRRRR!
[20:02:31]SAY: Molerat/ : Squeek
[20:02:31]SAY: Mutant/ : HMPH!
[20:02:31]SAY: Mutant/ : ARGH!
[20:02:31]SAY: Molerat/ : Squeek, i say
[20:02:31]SAY: Molerat/ : Squeek
[20:02:33]SAY: Molerat/ : Squeek
[20:02:33]SAY: Molerat/ : Squeek!
[20:02:33]SAY: Molerat/ : Squeek
[20:02:33]SAY: Molerat/ : Squeek
[20:02:33]SAY: Molerat/ : Squeek, i say
[20:02:33]SAY: Mutant/ : ARGH!
[20:02:33]SAY: Molerat/ : Squeek
[20:02:33]SAY: Molerat/ : Squeek
[20:02:33]SAY: Molerat/ : Squeek
[20:02:35]SAY: Molerat/ : Squeek!
[20:02:35]SAY: Molerat/ : Squeek
[20:02:35]SAY: Molerat/ : Squeek
[20:02:35]SAY: Molerat/ : Squeek, i say
[20:02:35]SAY: Mutant/ : GRRRRRR!
[20:02:35]SAY: Mutant/ : HMPH!
[20:02:35]SAY: Molerat/ : Squeek!
[20:02:35]SAY: Molerat/ : Squeek
[20:02:37]SAY: Mutant/ : ARRRRR!
[20:02:37]SAY: Mutant/ : ARRRRR!
[20:02:37]SAY: Molerat/ : Squeek, i say
[20:02:37]SAY: Mutant/ : NNNNNGH!
[20:02:37]SAY: Molerat/ : Squeek
[20:02:37]SAY: Molerat/ : Squeek!
[20:02:37]SAY: Molerat/ : Squeek
[20:02:37]SAY: Molerat/ : Squeek!
[20:02:37]SAY: Mutant/ : ARGH!
[20:02:37]SAY: Molerat/ : Squeek, i say
[20:02:37]SAY: Molerat/ : Squeek
[20:02:38]GAME: Radiation pulse with size (1, 4) and severity 40 in area Custodial Closet 
[20:02:39]SAY: Molerat/ : Squeek
[20:02:39]SAY: Molerat/ : Squeek!
[20:02:39]SAY: Molerat/ : Squeek!
[20:02:39]SAY: Molerat/ : Squeek, i say
[20:02:39]SAY: Molerat/ : Squeek
[20:02:39]SAY: Molerat/ : Squeek!
[20:02:39]EMOTE: giant rad scorpion (846)/ : <B>The giant rad scorpion (846)</B> chitters
[20:02:41]SAY: Molerat/ : Squeek
[20:02:41]SAY: Molerat/ : Squeek
[20:02:41]SAY: Molerat/ : Squeek
[20:02:41]SAY: Molerat/ : Squeek
[20:02:41]SAY: Molerat/ : Squeek!
[20:02:41]SAY: Molerat/ : Squeek
[20:02:41]SAY: Molerat/ : Squeek!
[20:02:41]SAY: Molerat/ : Squeek!
[20:02:41]SAY: Molerat/ : Squeek!
[20:02:41]SAY: Molerat/ : Squeek!
[20:02:43]SAY: Molerat/ : Squeek!
[20:02:43]SAY: Molerat/ : Squeek!
[20:02:43]SAY: Molerat/ : Squeek
[20:02:43]SAY: Molerat/ : Squeek!
[20:02:43]SAY: Molerat/ : Squeek
[20:02:43]SAY: Molerat/ : Squeek!
[20:02:43]SAY: Molerat/ : Squeek
[20:02:43]SAY: Molerat/ : Squeek!
[20:02:43]SAY: Molerat/ : Squeek
[20:02:43]SAY: Molerat/ : Squeek
[20:02:44]SAY: Molerat/ : Squeek
[20:02:44]SAY: Molerat/ : Squeek!
[20:02:45]SAY: Molerat/ : Squeek!
[20:02:45]SAY: Molerat/ : Squeek
[20:02:45]SAY: Molerat/ : Squeek
[20:02:45]SAY: Mutant/ : NNNNNGH!
[20:02:46]SAY: Mutant/ : NNNNNGH!
[20:02:46]SAY: Molerat/ : Squeek
[20:02:46]SAY: Molerat/ : Squeek, i say
[20:02:46]SAY: Molerat/ : Squeek
[20:02:46]GAME: Radiation pulse with size (1, 4) and severity 40 in area Custodial Closet 
[20:02:47]SAY: Molerat/ : Squeek
[20:02:47]SAY: Molerat/ : Squeek
[20:02:47]SAY: Molerat/ : Squeek, i say
[20:02:48]SAY: Molerat/ : Squeek!
[20:02:48]SAY: Mutant/ : GRRRRRR!
[20:02:48]SAY: Molerat/ : Squeek!
[20:02:48]SAY: Molerat/ : Squeek
[20:02:48]SAY: Molerat/ : Squeek!
[20:02:50]SAY: Molerat/ : Squeek
[20:02:50]SAY: Molerat/ : Squeek
[20:02:50]SAY: Molerat/ : Squeek
[20:02:50]SAY: Molerat/ : Squeek!
[20:02:50]SAY: Molerat/ : Squeek
[20:02:50]SAY: Molerat/ : Squeek
[20:02:50]SAY: Molerat/ : Squeek
[20:02:50]SAY: Molerat/ : Squeek
[20:02:50]SAY: Molerat/ : Squeek
[20:02:52]SAY: Molerat/ : Squeek!
[20:02:52]SAY: Molerat/ : Squeek
[20:02:52]SAY: Molerat/ : Squeek
[20:02:52]SAY: Molerat/ : Squeek
[20:02:52]SAY: Mutant/ : GRRRRRR!
[20:02:52]SAY: Molerat/ : Squeek!
[20:02:52]SAY: Molerat/ : Squeek
[20:02:52]SAY: Molerat/ : Squeek
[20:02:52]SAY: Molerat/ : Squeek!
[20:02:52]SAY: Molerat/ : Squeek!
[20:02:54]SAY: Molerat/ : Squeek
[20:02:54]SAY: Molerat/ : Squeek
[20:02:54]SAY: Molerat/ : Squeek!
[20:02:54]SAY: Molerat/ : Squeek!
[20:02:54]SAY: Molerat/ : Squeek!
[20:02:54]SAY: Molerat/ : Squeek
[20:02:54]SAY: Molerat/ : Squeek!
[20:02:54]SAY: Mutant/ : ARRRRR!
[20:02:54]SAY: Molerat/ : Squeek!
[20:02:54]SAY: Mutant/ : HMPH!
[20:02:54]SAY: Molerat/ : Squeek
[20:02:54]SAY: Molerat/ : Squeek
[20:02:55]GAME: Radiation pulse with size (1, 4) and severity 40 in area Custodial Closet 
[20:02:56]SAY: Mutant/ : GRRRRRR!
[20:02:56]SAY: Molerat/ : Squeek!
[20:02:56]SAY: Molerat/ : Squeek
[20:02:56]SAY: Molerat/ : Squeek!
[20:02:56]SAY: Molerat/ : Squeek!
[20:02:56]SAY: Mutant/ : GRRRRRR!
[20:02:56]SAY: Mutant/ : NNNNNGH!
[20:02:56]SAY: Molerat/ : Squeek
[20:02:56]SAY: Molerat/ : Squeek
[20:02:58]SAY: Molerat/ : Squeek!
[20:02:58]SAY: Mutant/ : NNNNNGH!
[20:02:58]SAY: Molerat/ : Squeek!
[20:02:58]SAY: Molerat/ : Squeek, i say
[20:02:58]SAY: Molerat/ : Squeek, i say
[20:02:58]SAY: Molerat/ : Squeek
[20:03:00]SAY: Molerat/ : Squeek
[20:03:00]SAY: Molerat/ : Squeek
[20:03:00]SAY: Molerat/ : Squeek, i say
[20:03:00]SAY: Molerat/ : Squeek!
[20:03:00]SAY: Molerat/ : Squeek!
[20:03:00]SAY: Molerat/ : Squeek, i say
[20:03:00]SAY: Molerat/ : Squeek!
[20:03:00]SAY: Mutant/ : HMPH!
[20:03:00]SAY: Molerat/ : Squeek!
[20:03:02]SAY: Molerat/ : Squeek, i say
[20:03:02]SAY: Molerat/ : Squeek!
[20:03:02]SAY: Molerat/ : Squeek!
[20:03:02]SAY: Molerat/ : Squeek
[20:03:02]SAY: Molerat/ : Squeek!
[20:03:02]SAY: Molerat/ : Squeek
[20:03:02]SAY: Mutant/ : NNNNNGH!
[20:03:02]SAY: Molerat/ : Squeek!
[20:03:02]SAY: Molerat/ : Squeek
[20:03:02]EMOTE: giant rad scorpion (580)/ : <B>The giant rad scorpion (580)</B> chitters
[20:03:02]SAY: Molerat/ : Squeek
[20:03:03]GAME: Radiation pulse with size (1, 4) and severity 40 in area Custodial Closet 
[20:03:04]SAY: Mutant/ : NNNNNGH!
[20:03:04]SAY: Molerat/ : Squeek!
[20:03:04]SAY: Molerat/ : Squeek
[20:03:04]SAY: Molerat/ : Squeek!
[20:03:04]SAY: Molerat/ : Squeek, i say
[20:03:04]SAY: Molerat/ : Squeek!
[20:03:04]SAY: Molerat/ : Squeek, i say
[20:03:04]SAY: Molerat/ : Squeek
[20:03:04]SAY: Mutant/ : NNNNNGH!
[20:03:04]SAY: Molerat/ : Squeek
[20:03:06]SAY: Molerat/ : Squeek, i say
[20:03:06]SAY: Molerat/ : Squeek!
[20:03:06]SAY: Molerat/ : Squeek
[20:03:06]SAY: Molerat/ : Squeek
[20:03:06]SAY: Mutant/ : GRRRRRR!
[20:03:06]SAY: Molerat/ : Squeek
[20:03:06]SAY: Molerat/ : Squeek
[20:03:06]SAY: Molerat/ : Squeek
[20:03:06]SAY: Molerat/ : Squeek
[20:03:08]SAY: Molerat/ : Squeek!
[20:03:08]SAY: Molerat/ : Squeek
[20:03:08]SAY: Molerat/ : Squeek!
[20:03:08]SAY: Molerat/ : Squeek
[20:03:08]SAY: Molerat/ : Squeek
[20:03:08]SAY: Molerat/ : Squeek!
[20:03:08]SAY: Molerat/ : Squeek
[20:03:08]SAY: Mutant/ : HMPH!
[20:03:08]SAY: Mutant/ : HMPH!
[20:03:08]SAY: Molerat/ : Squeek
[20:03:09]GAME: Radiation pulse with size (1, 4) and severity 40 in area Custodial Closet 
[20:03:10]SAY: Molerat/ : Squeek
[20:03:10]SAY: Molerat/ : Squeek!
[20:03:10]SAY: Molerat/ : Squeek!
[20:03:10]SAY: Molerat/ : Squeek
[20:03:10]SAY: Molerat/ : Squeek
[20:03:10]SAY: Molerat/ : Squeek
[20:03:10]SAY: Molerat/ : Squeek
[20:03:10]SAY: Molerat/ : Squeek
[20:03:10]SAY: Molerat/ : Squeek
[20:03:12]SAY: Molerat/ : Squeek, i say
[20:03:12]SAY: Molerat/ : Squeek
[20:03:12]SAY: Mutant/ : ARRRRR!
[20:03:12]SAY: Molerat/ : Squeek!
[20:03:12]SAY: Molerat/ : Squeek!
[20:03:12]SAY: Molerat/ : Squeek!
[20:03:12]SAY: Molerat/ : Squeek!
[20:03:12]SAY: Mutant/ : ARGH!
[20:03:12]SAY: Molerat/ : Squeek
[20:03:12]SAY: Molerat/ : Squeek, i say
[20:03:14]SAY: Molerat/ : Squeek
[20:03:14]SAY: Molerat/ : Squeek
[20:03:14]SAY: Mutant/ : GRRRRRR!
[20:03:14]SAY: Mutant/ : ARRRRR!
[20:03:14]SAY: Molerat/ : Squeek
[20:03:14]SAY: Molerat/ : Squeek, i say
[20:03:14]SAY: Molerat/ : Squeek
[20:03:14]SAY: Molerat/ : Squeek
[20:03:14]SAY: Molerat/ : Squeek!
[20:03:14]SAY: Mutant/ : ARGH!
[20:03:14]SAY: Molerat/ : Squeek
[20:03:16]SAY: Molerat/ : Squeek
[20:03:16]SAY: Molerat/ : Squeek!
[20:03:16]SAY: Molerat/ : Squeek
[20:03:16]SAY: Molerat/ : Squeek, i say
[20:03:16]SAY: Molerat/ : Squeek
[20:03:16]SAY: Mutant/ : ARRRRR!
[20:03:16]SAY: Mutant/ : ARGH!
[20:03:16]SAY: Molerat/ : Squeek
[20:03:16]SAY: Molerat/ : Squeek
[20:03:16]SAY: Molerat/ : Squeek, i say
[20:03:16]SAY: Molerat/ : Squeek
[20:03:16]SAY: Molerat/ : Squeek
[20:03:17]GAME: Radiation pulse with size (1, 4) and severity 40 in area Custodial Closet 
[20:03:18]SAY: Molerat/ : Squeek
[20:03:18]SAY: Molerat/ : Squeek!
[20:03:18]SAY: Molerat/ : Squeek!
[20:03:18]SAY: Molerat/ : Squeek, i say
[20:03:18]SAY: Mutant/ : NNNNNGH!
[20:03:18]SAY: Molerat/ : Squeek
[20:03:18]SAY: Molerat/ : Squeek
[20:03:18]SAY: mouse/ : Squeek!
[20:03:18]SAY: Molerat/ : Squeek!
[20:03:20]SAY: Molerat/ : Squeek, i say
[20:03:20]SAY: Mutant/ : ARRRRR!
[20:03:21]SAY: Mutant/ : ARRRRR!
[20:03:21]SAY: Molerat/ : Squeek
[20:03:21]SAY: Molerat/ : Squeek, i say
[20:03:21]SAY: Molerat/ : Squeek
[20:03:21]SAY: Molerat/ : Squeek
[20:03:21]SAY: Molerat/ : Squeek!
[20:03:21]SAY: Molerat/ : Squeek, i say
[20:03:22]SAY: Molerat/ : Squeek, i say
[20:03:22]SAY: Molerat/ : Squeek!
[20:03:22]SAY: Molerat/ : Squeek!
[20:03:22]SAY: Molerat/ : Squeek!
[20:03:22]SAY: Molerat/ : Squeek
[20:03:22]SAY: Molerat/ : Squeek!
[20:03:22]SAY: Molerat/ : Squeek
[20:03:22]SAY: Molerat/ : Squeek
[20:03:22]SAY: Molerat/ : Squeek, i say
[20:03:22]SAY: Molerat/ : Squeek
[20:03:24]SAY: Molerat/ : Squeek!
[20:03:24]SAY: Molerat/ : Squeek
[20:03:24]SAY: Mutant/ : NNNNNGH!
[20:03:24]SAY: Mutant/ : GRRRRRR!
[20:03:24]SAY: Molerat/ : Squeek!
[20:03:24]SAY: Molerat/ : Squeek
[20:03:25]GAME: Radiation pulse with size (1, 4) and severity 40 in area Custodial Closet 
[20:03:26]SAY: Molerat/ : Squeek
[20:03:26]SAY: Mutant/ : HMPH!
[20:03:26]SAY: Mutant/ : ARGH!
[20:03:26]SAY: Molerat/ : Squeek!
[20:03:26]SAY: Molerat/ : Squeek
[20:03:27]SAY: Molerat/ : Squeek!
[20:03:27]SAY: Molerat/ : Squeek
[20:03:27]SAY: Molerat/ : Squeek!
[20:03:27]SAY: Molerat/ : Squeek!
[20:03:27]SAY: Molerat/ : Squeek
[20:03:29]SAY: Molerat/ : Squeek
[20:03:29]SAY: Molerat/ : Squeek!
[20:03:29]SAY: Mutant/ : ARGH!
[20:03:29]SAY: Molerat/ : Squeek!
[20:03:29]SAY: Molerat/ : Squeek
[20:03:29]SAY: Molerat/ : Squeek
[20:03:29]SAY: Mutant/ : ARGH!
[20:03:29]SAY: Molerat/ : Squeek!
[20:03:29]SAY: Molerat/ : Squeek
[20:03:29]SAY: Molerat/ : Squeek!
[20:03:29]SAY: Molerat/ : Squeek
[20:03:29]SAY: Molerat/ : Squeek!
[20:03:29]SAY: Molerat/ : Squeek!
[20:03:31]SAY: Molerat/ : Squeek
[20:03:31]SAY: Mutant/ : HMPH!
[20:03:31]SAY: Molerat/ : Squeek!
[20:03:31]SAY: Molerat/ : Squeek, i say
[20:03:31]SAY: Mutant/ : NNNNNGH!
[20:03:31]SAY: Molerat/ : Squeek!
[20:03:31]SAY: Molerat/ : Squeek
[20:03:31]SAY: Molerat/ : Squeek
[20:03:31]EMOTE: giant rad scorpion (192)/ : <B>The giant rad scorpion (192)</B> chitters
[20:03:31]SAY: Molerat/ : Squeek
[20:03:31]SAY: Molerat/ : Squeek
[20:03:33]SAY: Molerat/ : Squeek!
[20:03:33]SAY: Molerat/ : Squeek
[20:03:33]SAY: Molerat/ : Squeek
[20:03:33]SAY: Molerat/ : Squeek
[20:03:33]SAY: Molerat/ : Squeek!
[20:03:33]SAY: Molerat/ : Squeek, i say
[20:03:33]SAY: Molerat/ : Squeek
[20:03:33]SAY: Molerat/ : Squeek!
[20:03:33]SAY: Molerat/ : Squeek!
[20:03:33]SAY: Molerat/ : Squeek!
[20:03:33]SAY: Molerat/ : Squeek!
[20:03:34]GAME: Radiation pulse with size (1, 4) and severity 40 in area Custodial Closet 
[20:03:35]SAY: Molerat/ : Squeek, i say
[20:03:35]SAY: Molerat/ : Squeek
[20:03:35]SAY: Molerat/ : Squeek!
[20:03:35]SAY: Molerat/ : Squeek!
[20:03:35]SAY: Molerat/ : Squeek!
[20:03:35]SAY: Molerat/ : Squeek!
[20:03:35]SAY: Mutant/ : GRRRRRR!
[20:03:35]SAY: Molerat/ : Squeek
[20:03:35]SAY: Molerat/ : Squeek
[20:03:35]SAY: Molerat/ : Squeek, i say
[20:03:35]SAY: Molerat/ : Squeek!
[20:03:37]SAY: Molerat/ : Squeek
[20:03:37]SAY: Molerat/ : Squeek
[20:03:37]SAY: Molerat/ : Squeek
[20:03:37]SAY: Mutant/ : NNNNNGH!
[20:03:37]SAY: Molerat/ : Squeek
[20:03:39]SAY: Molerat/ : Squeek!
[20:03:39]SAY: Molerat/ : Squeek!
[20:03:39]SAY: Molerat/ : Squeek!
[20:03:39]SAY: Molerat/ : Squeek
[20:03:39]SAY: Molerat/ : Squeek
[20:03:39]SAY: Molerat/ : Squeek
[20:03:39]SAY: Mutant/ : ARRRRR!
[20:03:39]SAY: Molerat/ : Squeek, i say
[20:03:39]EMOTE: rad scorpion (935)/ : <B>The rad scorpion (935)</B> chitters
[20:03:41]SAY: Molerat/ : Squeek
[20:03:41]SAY: Molerat/ : Squeek
[20:03:41]SAY: Molerat/ : Squeek, i say
[20:03:41]SAY: Molerat/ : Squeek, i say
[20:03:41]SAY: Molerat/ : Squeek!
[20:03:41]SAY: Molerat/ : Squeek, i say
[20:03:41]EMOTE: brahmin/ : <B>The brahmin</B> brays.
[20:03:41]SAY: Molerat/ : Squeek!
[20:03:41]SAY: Molerat/ : Squeek
[20:03:41]EMOTE: giant spider (744)/ : <B>The giant spider (744)</B> chitters
[20:03:41]SAY: Molerat/ : Squeek, i say
[20:03:41]SAY: Molerat/ : Squeek!
[20:03:42]GAME: Radiation pulse with size (1, 4) and severity 40 in area Custodial Closet 
[20:03:43]SAY: Molerat/ : Squeek!
[20:03:43]SAY: Molerat/ : Squeek
[20:03:43]SAY: Molerat/ : Squeek!
[20:03:43]SAY: Molerat/ : Squeek!
[20:03:43]SAY: Molerat/ : Squeek!
[20:03:43]SAY: Molerat/ : Squeek!
[20:03:43]SAY: Molerat/ : Squeek, i say
[20:03:43]SAY: Molerat/ : Squeek, i say
[20:03:43]EMOTE: giant rad scorpion (192)/ : <B>The giant rad scorpion (192)</B> chitters
[20:03:43]SAY: Molerat/ : Squeek
[20:03:43]SAY: Molerat/ : Squeek!
[20:03:45]SAY: Molerat/ : Squeek, i say
[20:03:45]SAY: Molerat/ : Squeek!
[20:03:45]SAY: Mutant/ : ARRRRR!
[20:03:45]SAY: Molerat/ : Squeek!
[20:03:45]SAY: Mutant/ : GRRRRRR!
[20:03:45]SAY: Molerat/ : Squeek
[20:03:45]SAY: Molerat/ : Squeek
[20:03:45]SAY: Molerat/ : Squeek
[20:03:47]SAY: Molerat/ : Squeek, i say
[20:03:47]SAY: Molerat/ : Squeek
[20:03:47]SAY: Molerat/ : Squeek
[20:03:47]SAY: Molerat/ : Squeek!
[20:03:47]SAY: Molerat/ : Squeek, i say
[20:03:47]SAY: Molerat/ : Squeek
[20:03:47]SAY: Mutant/ : ARRRRR!
[20:03:47]SAY: Molerat/ : Squeek
[20:03:47]SAY: Molerat/ : Squeek!
[20:03:47]SAY: Molerat/ : Squeek
[20:03:47]EMOTE: giant rad scorpion (846)/ : <B>The giant rad scorpion (846)</B> chitters
[20:03:47]SAY: Molerat/ : Squeek!
[20:03:49]SAY: Molerat/ : Squeek
[20:03:49]SAY: Molerat/ : Squeek!
[20:03:49]SAY: Molerat/ : Squeek, i say
[20:03:49]SAY: Molerat/ : Squeek
[20:03:49]SAY: Molerat/ : Squeek
[20:03:49]SAY: Molerat/ : Squeek
[20:03:49]SAY: Molerat/ : Squeek
[20:03:49]SAY: Molerat/ : Squeek
[20:03:49]EMOTE: brahmin/ : <B>The brahmin</B> shakes its head.
[20:03:49]SAY: Molerat/ : Squeek
[20:03:50]GAME: Radiation pulse with size (1, 4) and severity 40 in area Custodial Closet 
[20:03:51]SAY: Molerat/ : Squeek, i say
[20:03:51]SAY: Molerat/ : Squeek!
[20:03:51]SAY: Mutant/ : ARGH!
[20:03:51]SAY: Molerat/ : Squeek!
[20:03:51]SAY: Molerat/ : Squeek, i say
[20:03:51]SAY: Mutant/ : NNNNNGH!
[20:03:51]SAY: Molerat/ : Squeek!
[20:03:51]SAY: Molerat/ : Squeek
[20:03:53]SAY: Mutant/ : NNNNNGH!
[20:03:53]SAY: Mutant/ : GRRRRRR!
[20:03:53]SAY: Molerat/ : Squeek, i say
[20:03:53]SAY: Molerat/ : Squeek, i say
[20:03:53]SAY: Molerat/ : Squeek!
[20:03:53]SAY: Mutant/ : ARGH!
[20:03:53]SAY: Mutant/ : ARRRRR!
[20:03:53]SAY: Mutant/ : ARGH!
[20:03:53]SAY: Molerat/ : Squeek!
[20:03:53]SAY: Molerat/ : Squeek!
[20:03:53]SAY: Molerat/ : Squeek!
[20:03:55]SAY: Molerat/ : Squeek
[20:03:55]SAY: Molerat/ : Squeek
[20:03:55]SAY: Molerat/ : Squeek!
[20:03:56]SAY: Molerat/ : Squeek!
[20:03:56]SAY: Molerat/ : Squeek, i say
[20:03:56]SAY: Mutant/ : NNNNNGH!
[20:03:56]SAY: Molerat/ : Squeek
[20:03:56]SAY: Molerat/ : Squeek!
[20:03:57]GAME: Radiation pulse with size (1, 4) and severity 40 in area Custodial Closet 
[20:03:58]SAY: Molerat/ : Squeek!
[20:03:58]SAY: Molerat/ : Squeek
[20:03:58]SAY: Molerat/ : Squeek
[20:03:58]SAY: Molerat/ : Squeek!
[20:03:58]SAY: Mutant/ : ARGH!
[20:03:58]SAY: Molerat/ : Squeek
[20:03:58]SAY: Molerat/ : Squeek!
[20:03:58]SAY: Molerat/ : Squeek!
[20:03:58]GAME: PahomLancer/(Griffin Whiteman) has primed a HE Grenade for detonation at Custodial Closet (62,83,1).
[20:04:00]SAY: Molerat/ : Squeek!
[20:04:00]SAY: Molerat/ : Squeek, i say
[20:04:00]SAY: Molerat/ : Squeek
[20:04:00]SAY: Molerat/ : Squeek!
[20:04:00]EMOTE: rad scorpion (935)/ : <B>The rad scorpion (935)</B> chitters
[20:04:00]EMOTE: giant rad scorpion (580)/ : <B>The giant rad scorpion (580)</B> chitters
[20:04:00]SAY: Molerat/ : Squeek
[20:04:00]SAY: Molerat/ : Squeek!
[20:04:02]SAY: Molerat/ : Squeek
[20:04:02]SAY: Mutant/ : HMPH!
[20:04:02]SAY: Molerat/ : Squeek!
[20:04:02]SAY: Molerat/ : Squeek
[20:04:02]SAY: Molerat/ : Squeek!
[20:04:02]SAY: Mutant/ : NNNNNGH!
[20:04:02]SAY: Molerat/ : Squeek
[20:04:02]SAY: Molerat/ : Squeek
[20:04:02]SAY: Mutant/ : ARRRRR!
[20:04:02]SAY: Molerat/ : Squeek, i say
[20:04:03]GAME: Radiation pulse with size (1, 4) and severity 40 in area Custodial Closet 
[20:04:03]GAME: Explosion with size (1, 2, 4, 2) in area Custodial Closet (66,83,1)
[20:04:04]SAY: Molerat/ : Squeek
[20:04:04]SAY: Molerat/ : Squeek
[20:04:04]SAY: Molerat/ : Squeek!
[20:04:04]SAY: Molerat/ : Squeek
[20:04:04]SAY: Mutant/ : GRRRRRR!
[20:04:04]SAY: Molerat/ : Squeek!
[20:04:04]SAY: Molerat/ : Squeek!
[20:04:04]SAY: Mutant/ : ARGH!
[20:04:04]SAY: Molerat/ : Squeek
[20:04:04]SAY: Mutant/ : HMPH!
[20:04:04]SAY: Mutant/ : ARGH!
[20:04:04]SAY: Molerat/ : Squeek
[20:04:04]SAY: Molerat/ : Squeek, i say
[20:04:04]SAY: Molerat/ : Squeek
[20:04:06]SAY: Molerat/ : Squeek
[20:04:06]SAY: Molerat/ : Squeek
[20:04:06]SAY: Molerat/ : Squeek
[20:04:06]SAY: Molerat/ : Squeek!
[20:04:06]SAY: Molerat/ : Squeek!
[20:04:06]SAY: Molerat/ : Squeek
[20:04:06]SAY: Molerat/ : Squeek
[20:04:06]SAY: Molerat/ : Squeek!
[20:04:08]SAY: Molerat/ : Squeek!
[20:04:08]SAY: Molerat/ : Squeek, i say
[20:04:08]SAY: Molerat/ : Squeek, i say
[20:04:08]SAY: Molerat/ : Squeek!
[20:04:08]SAY: Molerat/ : Squeek
[20:04:08]SAY: Molerat/ : Squeek
[20:04:08]SAY: Molerat/ : Squeek
[20:04:08]SAY: Molerat/ : Squeek!
[20:04:08]SAY: Mutant/ : ARRRRR!
[20:04:08]SAY: Molerat/ : Squeek!
[20:04:08]SAY: Mutant/ : ARGH!
[20:04:08]SAY: Molerat/ : Squeek
[20:04:08]SAY: Molerat/ : Squeek
[20:04:08]SAY: Molerat/ : Squeek
[20:04:10]SAY: Molerat/ : Squeek!
[20:04:10]SAY: Molerat/ : Squeek, i say
[20:04:10]SAY: Molerat/ : Squeek!
[20:04:10]SAY: Molerat/ : Squeek
[20:04:10]SAY: Molerat/ : Squeek!
[20:04:10]SAY: Molerat/ : Squeek
[20:04:10]SAY: Mutant/ : ARGH!
[20:04:10]SAY: Molerat/ : Squeek
[20:04:10]SAY: Mutant/ : ARGH!
[20:04:10]SAY: Molerat/ : Squeek!
[20:04:11]GAME: Radiation pulse with size (1, 4) and severity 40 in area Custodial Closet 
[20:04:12]SAY: Molerat/ : Squeek, i say
[20:04:12]SAY: Molerat/ : Squeek
[20:04:12]SAY: Molerat/ : Squeek!
[20:04:12]SAY: Molerat/ : Squeek
[20:04:12]SAY: Molerat/ : Squeek, i say
[20:04:12]SAY: Mutant/ : GRRRRRR!
[20:04:12]SAY: Mutant/ : ARRRRR!
[20:04:12]SAY: Molerat/ : Squeek
[20:04:12]SAY: Molerat/ : Squeek
[20:04:14]SAY: Molerat/ : Squeek
[20:04:14]SAY: Molerat/ : Squeek!
[20:04:14]SAY: Molerat/ : Squeek
[20:04:14]SAY: Molerat/ : Squeek
[20:04:14]SAY: Molerat/ : Squeek!
[20:04:14]SAY: Molerat/ : Squeek!
[20:04:14]SAY: Molerat/ : Squeek
[20:04:14]SAY: Molerat/ : Squeek!
[20:04:16]SAY: Molerat/ : Squeek
[20:04:16]SAY: Molerat/ : Squeek!
[20:04:16]SAY: Molerat/ : Squeek!
[20:04:16]SAY: Molerat/ : Squeek, i say
[20:04:16]SAY: Mutant/ : GRRRRRR!
[20:04:17]GAME: Radiation pulse with size (1, 4) and severity 40 in area Custodial Closet 
[20:04:18]SAY: Molerat/ : Squeek!
[20:04:18]SAY: Molerat/ : Squeek!
[20:04:18]SAY: Molerat/ : Squeek
[20:04:18]SAY: Molerat/ : Squeek!
[20:04:18]SAY: Molerat/ : Squeek, i say
[20:04:18]SAY: Mutant/ : ARGH!
[20:04:18]SAY: Molerat/ : Squeek!
[20:04:18]SAY: Molerat/ : Squeek
[20:04:18]SAY: Molerat/ : Squeek
[20:04:20]SAY: Molerat/ : Squeek
[20:04:20]SAY: Molerat/ : Squeek, i say
[20:04:20]SAY: Molerat/ : Squeek!
[20:04:20]SAY: Molerat/ : Squeek!
[20:04:20]SAY: Molerat/ : Squeek
[20:04:20]SAY: Mutant/ : GRRRRRR!
[20:04:20]SAY: Mutant/ : HMPH!
[20:04:20]SAY: Molerat/ : Squeek
[20:04:20]SAY: Molerat/ : Squeek
[20:04:22]SAY: Molerat/ : Squeek
[20:04:22]SAY: Molerat/ : Squeek
[20:04:22]SAY: Molerat/ : Squeek
[20:04:22]SAY: Molerat/ : Squeek!
[20:04:22]SAY: Molerat/ : Squeek!
[20:04:22]SAY: Molerat/ : Squeek, i say
[20:04:25]SAY: Molerat/ : Squeek
[20:04:25]SAY: Mutant/ : ARGH!
[20:04:25]SAY: Molerat/ : Squeek!
[20:04:25]SAY: Molerat/ : Squeek
[20:04:25]SAY: Molerat/ : Squeek, i say
[20:04:25]SAY: Molerat/ : Squeek!
[20:04:25]SAY: Molerat/ : Squeek!
[20:04:25]SAY: Molerat/ : Squeek
[20:04:25]SAY: Molerat/ : Squeek!
[20:04:26]GAME: Radiation pulse with size (1, 4) and severity 40 in area Custodial Closet 
[20:04:27]SAY: Molerat/ : Squeek, i say
[20:04:27]SAY: Molerat/ : Squeek!
[20:04:27]SAY: Molerat/ : Squeek
[20:04:27]SAY: Molerat/ : Squeek
[20:04:27]SAY: Molerat/ : Squeek
[20:04:27]SAY: Molerat/ : Squeek
[20:04:27]SAY: Molerat/ : Squeek!
[20:04:27]SAY: Molerat/ : Squeek
[20:04:27]SAY: Molerat/ : Squeek
[20:04:27]SAY: Medibot/ : There&#39;s always a catch, and it&#39;s the best there is.
[20:04:29]SAY: Molerat/ : Squeek
[20:04:29]SAY: Molerat/ : Squeek, i say
[20:04:29]SAY: Molerat/ : Squeek
[20:04:29]SAY: Molerat/ : Squeek!
[20:04:29]SAY: Mutant/ : ARRRRR!
[20:04:29]SAY: Molerat/ : Squeek
[20:04:29]SAY: Molerat/ : Squeek
[20:04:29]SAY: brahmin/ : Moo?
[20:04:31]SAY: Molerat/ : Squeek
[20:04:31]SAY: Molerat/ : Squeek
[20:04:31]SAY: Mutant/ : NNNNNGH!
[20:04:31]SAY: Molerat/ : Squeek, i say
[20:04:31]SAY: Molerat/ : Squeek!
[20:04:31]SAY: Molerat/ : Squeek
[20:04:31]SAY: Molerat/ : Squeek
[20:04:31]SAY: Molerat/ : Squeek!
[20:04:33]SAY: Molerat/ : Squeek
[20:04:33]SAY: Molerat/ : Squeek!
[20:04:33]SAY: Molerat/ : Squeek!
[20:04:33]SAY: Molerat/ : Squeek
[20:04:33]SAY: Molerat/ : Squeek!
[20:04:33]SAY: Mutant/ : ARGH!
[20:04:33]SAY: Molerat/ : Squeek
[20:04:33]SAY: Molerat/ : Squeek!
[20:04:33]SAY: Molerat/ : Squeek!
[20:04:33]SAY: Molerat/ : Squeek
[20:04:33]SAY: Molerat/ : Squeek
[20:04:33]SAY: Molerat/ : Squeek!
[20:04:33]SAY: Mutant/ : GRRRRRR!
[20:04:33]SAY: Molerat/ : Squeek!
[20:04:34]GAME: Radiation pulse with size (1, 4) and severity 40 in area Custodial Closet 
[20:04:34]SAY: Molerat/ : Squeek, i say
[20:04:34]SAY: Molerat/ : Squeek, i say
[20:04:34]SAY: Molerat/ : Squeek!
[20:04:34]SAY: Molerat/ : Squeek!
[20:04:35]SAY: Mutant/ : HMPH!
[20:04:35]SAY: Molerat/ : Squeek
[20:04:35]SAY: Molerat/ : Squeek
[20:04:35]SAY: Molerat/ : Squeek!
[20:04:35]SAY: Molerat/ : Squeek, i say
[20:04:36]SAY: Molerat/ : Squeek, i say
[20:04:36]SAY: Molerat/ : Squeek
[20:04:37]SAY: Molerat/ : Squeek
[20:04:37]SAY: Mutant/ : ARGH!
[20:04:37]SAY: Molerat/ : Squeek!
[20:04:37]SAY: Molerat/ : Squeek
[20:04:37]SAY: Molerat/ : Squeek!
[20:04:37]SAY: Molerat/ : Squeek
[20:04:37]SAY: Molerat/ : Squeek
[20:04:37]SAY: Molerat/ : Squeek!
[20:04:39]SAY: Molerat/ : Squeek
[20:04:39]SAY: Mutant/ : ARRRRR!
[20:04:39]SAY: Molerat/ : Squeek
[20:04:39]SAY: Molerat/ : Squeek
[20:04:39]SAY: Molerat/ : Squeek
[20:04:39]SAY: Mutant/ : NNNNNGH!
[20:04:39]EMOTE: rad scorpion (935)/ : <B>The rad scorpion (935)</B> chitters
[20:04:39]EMOTE: giant rad scorpion (192)/ : <B>The giant rad scorpion (192)</B> chitters
[20:04:39]SAY: Molerat/ : Squeek!
[20:04:41]SAY: Mutant/ : NNNNNGH!
[20:04:41]SAY: Molerat/ : Squeek
[20:04:41]SAY: Molerat/ : Squeek!
[20:04:41]SAY: Molerat/ : Squeek!
[20:04:41]EMOTE: brahmin/ : <B>The brahmin</B> brays.
[20:04:41]SAY: Molerat/ : Squeek
[20:04:41]SAY: Molerat/ : Squeek!
[20:04:42]GAME: Radiation pulse with size (1, 4) and severity 40 in area Custodial Closet 
[20:04:43]SAY: Molerat/ : Squeek
[20:04:43]SAY: Molerat/ : Squeek
[20:04:43]SAY: Molerat/ : Squeek!
[20:04:43]SAY: Molerat/ : Squeek
[20:04:43]SAY: Molerat/ : Squeek
[20:04:43]SAY: Molerat/ : Squeek
[20:04:43]SAY: Molerat/ : Squeek!
[20:04:43]SAY: Molerat/ : Squeek
[20:04:45]SAY: Mutant/ : GRRRRRR!
[20:04:45]SAY: Molerat/ : Squeek
[20:04:45]SAY: Molerat/ : Squeek!
[20:04:45]SAY: Molerat/ : Squeek
[20:04:45]SAY: Molerat/ : Squeek
[20:04:45]SAY: Molerat/ : Squeek
[20:04:45]SAY: Molerat/ : Squeek
[20:04:47]SAY: Molerat/ : Squeek
[20:04:47]SAY: Molerat/ : Squeek
[20:04:47]SAY: Molerat/ : Squeek, i say
[20:04:47]SAY: Molerat/ : Squeek
[20:04:47]SAY: Molerat/ : Squeek, i say
[20:04:48]GAME: Radiation pulse with size (1, 4) and severity 40 in area Custodial Closet 
[20:04:49]SAY: Molerat/ : Squeek
[20:04:49]SAY: Molerat/ : Squeek
[20:04:49]SAY: Molerat/ : Squeek
[20:04:49]SAY: Mutant/ : ARRRRR!
[20:04:49]SAY: Molerat/ : Squeek!
[20:04:49]SAY: Molerat/ : Squeek
[20:04:49]SAY: Molerat/ : Squeek!
[20:04:49]SAY: Mutant/ : ARGH!
[20:04:49]SAY: Molerat/ : Squeek!
[20:04:49]SAY: Molerat/ : Squeek
[20:04:49]SAY: Molerat/ : Squeek
[20:04:50]ADMIN: PahomLancer/(Griffin Whiteman) changed the equipment of PahomLancer/(Griffin Whiteman) to As Job....
[20:04:51]SAY: Molerat/ : Squeek!
[20:04:51]SAY: Molerat/ : Squeek
[20:04:51]SAY: Molerat/ : Squeek!
[20:04:51]SAY: Molerat/ : Squeek
[20:04:51]SAY: Molerat/ : Squeek
[20:04:51]SAY: Molerat/ : Squeek, i say
[20:04:51]SAY: Molerat/ : Squeek
[20:04:51]SAY: Molerat/ : Squeek, i say
[20:04:53]SAY: Mutant/ : GRRRRRR!
[20:04:53]SAY: Mutant/ : ARRRRR!
[20:04:53]SAY: Molerat/ : Squeek
[20:04:53]SAY: Molerat/ : Squeek
[20:04:53]SAY: Molerat/ : Squeek!
[20:04:53]SAY: Mutant/ : GRRRRRR!
[20:04:53]SAY: Mutant/ : NNNNNGH!
[20:04:53]SAY: Molerat/ : Squeek!
[20:04:53]SAY: Molerat/ : Squeek, i say
[20:04:54]GAME: Radiation pulse with size (1, 4) and severity 40 in area Custodial Closet 
[20:04:55]SAY: Molerat/ : Squeek
[20:04:55]SAY: Molerat/ : Squeek, i say
[20:04:55]SAY: Molerat/ : Squeek!
[20:04:55]SAY: Molerat/ : Squeek!
[20:04:55]SAY: Molerat/ : Squeek!
[20:04:55]SAY: Mutant/ : ARGH!
[20:04:55]SAY: Mutant/ : NNNNNGH!
[20:04:55]SAY: Molerat/ : Squeek
[20:04:55]EMOTE: rad scorpion (935)/ : <B>The rad scorpion (935)</B> chitters
[20:04:55]SAY: Molerat/ : Squeek
[20:04:55]SAY: Molerat/ : Squeek!
[20:04:57]SAY: Molerat/ : Squeek
[20:04:57]SAY: Molerat/ : Squeek, i say
[20:04:57]SAY: Molerat/ : Squeek!
[20:04:57]SAY: Molerat/ : Squeek
[20:04:57]SAY: Molerat/ : Squeek!
[20:04:59]SAY: Molerat/ : Squeek
[20:04:59]SAY: Molerat/ : Squeek
[20:04:59]SAY: Molerat/ : Squeek, i say
[20:04:59]SAY: Molerat/ : Squeek!
[20:04:59]SAY: Molerat/ : Squeek!
[20:04:59]SAY: Molerat/ : Squeek!
[20:04:59]SAY: Mutant/ : ARGH!
[20:04:59]SAY: Molerat/ : Squeek, i say
[20:04:59]SAY: Molerat/ : Squeek
[20:04:59]SAY: Mutant/ : ARRRRR!
[20:04:59]SAY: Mutant/ : NNNNNGH!
[20:04:59]SAY: Molerat/ : Squeek!
[20:04:59]EMOTE: giant rad scorpion (846)/ : <B>The giant rad scorpion (846)</B> chitters
[20:05:00]SAY: Molerat/ : Squeek!
[20:05:01]GAME: Radiation pulse with size (1, 4) and severity 40 in area Custodial Closet 
[20:05:02]SAY: Molerat/ : Squeek
[20:05:02]SAY: Molerat/ : Squeek
[20:05:02]SAY: Molerat/ : Squeek
[20:05:02]SAY: Mutant/ : HMPH!
[20:05:02]SAY: Molerat/ : Squeek!
[20:05:02]SAY: Molerat/ : Squeek
[20:05:02]SAY: Molerat/ : Squeek!
[20:05:02]SAY: Molerat/ : Squeek
[20:05:02]SAY: Molerat/ : Squeek
[20:05:02]SAY: Molerat/ : Squeek
[20:05:02]SAY: Molerat/ : Squeek!
[20:05:02]SAY: Molerat/ : Squeek, i say
[20:05:02]ADMIN: PahomLancer/(Griffin Whiteman) changed the equipment of PahomLancer/(Griffin Whiteman) to As Job....
[20:05:04]SAY: Mutant/ : NNNNNGH!
[20:05:04]SAY: Molerat/ : Squeek
[20:05:04]SAY: Molerat/ : Squeek
[20:05:04]SAY: Molerat/ : Squeek!
[20:05:04]SAY: Molerat/ : Squeek!
[20:05:04]SAY: Molerat/ : Squeek
[20:05:04]SAY: Molerat/ : Squeek!
[20:05:06]SAY: Molerat/ : Squeek!
[20:05:06]SAY: Mutant/ : ARRRRR!
[20:05:06]SAY: Molerat/ : Squeek, i say
[20:05:06]SAY: Molerat/ : Squeek, i say
[20:05:06]SAY: Mutant/ : ARRRRR!
[20:05:06]SAY: Molerat/ : Squeek
[20:05:06]SAY: Mutant/ : ARGH!
[20:05:06]SAY: Molerat/ : Squeek!
[20:05:06]SAY: Molerat/ : Squeek
[20:05:06]SAY: Molerat/ : Squeek
[20:05:08]SAY: Molerat/ : Squeek, i say
[20:05:08]SAY: Molerat/ : Squeek
[20:05:08]SAY: Molerat/ : Squeek
[20:05:08]SAY: Molerat/ : Squeek
[20:05:08]SAY: Molerat/ : Squeek!
[20:05:08]SAY: Mutant/ : NNNNNGH!
[20:05:08]SAY: Molerat/ : Squeek
[20:05:08]SAY: Molerat/ : Squeek, i say
[20:05:08]SAY: Molerat/ : Squeek
[20:05:09]GAME: Radiation pulse with size (1, 4) and severity 40 in area Custodial Closet 
[20:05:10]SAY: Molerat/ : Squeek
[20:05:10]SAY: Molerat/ : Squeek!
[20:05:10]SAY: Molerat/ : Squeek
[20:05:10]SAY: Molerat/ : Squeek!
[20:05:10]SAY: Molerat/ : Squeek
[20:05:10]SAY: Molerat/ : Squeek, i say
[20:05:10]SAY: Molerat/ : Squeek
[20:05:10]SAY: Molerat/ : Squeek
[20:05:10]SAY: Molerat/ : Squeek, i say
[20:05:10]SAY: Mutant/ : HMPH!
[20:05:10]SAY: Molerat/ : Squeek
[20:05:10]SAY: Mutant/ : HMPH!
[20:05:10]SAY: Molerat/ : Squeek
[20:05:10]SAY: Molerat/ : Squeek!
[20:05:10]SAY: Molerat/ : Squeek, i say
[20:05:12]SAY: Molerat/ : Squeek
[20:05:12]SAY: Molerat/ : Squeek
[20:05:12]SAY: Molerat/ : Squeek!
[20:05:12]SAY: Molerat/ : Squeek
[20:05:12]SAY: Molerat/ : Squeek
[20:05:12]SAY: Molerat/ : Squeek!
[20:05:12]SAY: Molerat/ : Squeek
[20:05:12]SAY: Mutant/ : NNNNNGH!
[20:05:12]SAY: Mutant/ : NNNNNGH!
[20:05:12]SAY: Molerat/ : Squeek
[20:05:12]SAY: Molerat/ : Squeek
[20:05:12]SAY: Molerat/ : Squeek
[20:05:12]SAY: Molerat/ : Squeek
[20:05:14]SAY: Molerat/ : Squeek!
[20:05:14]SAY: Molerat/ : Squeek!
[20:05:14]SAY: Molerat/ : Squeek, i say
[20:05:14]SAY: Molerat/ : Squeek
[20:05:14]SAY: Mutant/ : GRRRRRR!
[20:05:14]SAY: Molerat/ : Squeek!
[20:05:14]SAY: Molerat/ : Squeek
[20:05:14]SAY: Molerat/ : Squeek, i say
[20:05:14]SAY: Molerat/ : Squeek
[20:05:14]SAY: Molerat/ : Squeek!
[20:05:14]ACCESS: Logout: PahomLancer[DC]/(Griffin Whiteman)
