

Starting up. 21:57.28
---------------------
[21:58:40]ATTACK: giant rad scorpion (135) attacked Default Cyborg-247  (NEWHP: 100)(40,158,1)
[21:58:42]ATTACK: giant rad scorpion (135) attacked Default Cyborg-247  (NEWHP: 84)(40,158,1)
[21:58:44]ATTACK: giant rad scorpion (135) attacked Default Cyborg-247  (NEWHP: 64)(40,158,1)
[21:58:46]ATTACK: giant rad scorpion (135) attacked Default Cyborg-247  (NEWHP: 46)(40,158,1)
[21:58:48]ATTACK: giant rad scorpion (135) attacked Default Cyborg-247  (NEWHP: 30)(40,158,1)
[21:58:50]ATTACK: giant rad scorpion (135) attacked Default Cyborg-247  (NEWHP: 10)(40,158,1)
[21:58:53]ATTACK: giant rad scorpion (135) attacked Default Cyborg-247  (NEWHP: -8)(40,158,1)
[21:58:55]ATTACK: giant rad scorpion (135) attacked Default Cyborg-247  (NEWHP: -25)(40,158,1)
[21:58:57]ATTACK: giant rad scorpion (135) attacked Default Cyborg-247  (NEWHP: -43)(40,158,1)
[21:58:59]ATTACK: giant rad scorpion (135) attacked Default Cyborg-247  (NEWHP: -59)(40,158,1)
[21:59:01]ATTACK: giant rad scorpion (135) attacked Default Cyborg-247  (NEWHP: -76)(40,158,1)
[21:59:03]ATTACK: giant rad scorpion (135) attacked Default Cyborg-247  (NEWHP: -94)(40,158,1)
[21:59:28]ATTACK: Gekkon attacked Griffin Whiteman(pahomlancer)  (NEWHP: 100)(100,91,1)
[21:59:32]ATTACK: Gekkon attacked Griffin Whiteman(pahomlancer)  (NEWHP: 94.4)(83,99,1)
[21:59:32]ATTACK: Griffin Whiteman(pahomlancer) shot Gekkon with the bullet (NEWHP: 0)(83,99,1)
[21:59:34]ATTACK: Griffin Whiteman(pahomlancer) shot Gekkon with the bullet (NEWHP: 0)(83,103,1)
[21:59:34]ATTACK: Gekkon attacked Griffin Whiteman(pahomlancer)  (NEWHP: 88.8)(83,107,1)
[21:59:35]ATTACK: Griffin Whiteman(pahomlancer) shot Gekkon with the bullet (NEWHP: 0)(83,111,1)
[21:59:39]ATTACK: venus human trap attacked Space Bat  (NEWHP: 0)(164,157,1)
[21:59:45]ATTACK: venus human trap attacked venus human trap  (NEWHP: 65)(157,160,1)
[21:59:45]ATTACK: venus human trap attacked venus human trap  (NEWHP: 70)(175,165,1)
[21:59:45]ATTACK: venus human trap attacked venus human trap  (NEWHP: 25)(175,164,1)
[21:59:47]ATTACK: venus human trap attacked Space Bat  (NEWHP: 0)(164,157,1)
[21:59:47]ATTACK: venus human trap attacked venus human trap  (NEWHP: 75)(158,159,1)
[21:59:50]ATTACK: Griffin Whiteman(pahomlancer) shot Mutant with the bullet (NEWHP: 215)(90,121,1)
[21:59:50]ATTACK: Griffin Whiteman(pahomlancer) shot Mutant with the bullet (NEWHP: 180)(90,121,1)
[21:59:50]ATTACK: Griffin Whiteman(pahomlancer) shot Mutant with the bullet (NEWHP: 145)(90,120,1)
[21:59:51]ATTACK: Griffin Whiteman(pahomlancer) shot Mutant with the bullet (NEWHP: 110)(90,117,1)
[21:59:51]ATTACK: Griffin Whiteman(pahomlancer) shot Mutant with the bullet (NEWHP: 75)(90,117,1)
[21:59:51]ATTACK: Griffin Whiteman(pahomlancer) shot Mutant with the bullet (NEWHP: 40)(90,117,1)
[21:59:51]ATTACK: venus human trap attacked venus human trap  (NEWHP: 10)(158,160,1)
[21:59:52]ATTACK: Griffin Whiteman(pahomlancer) shot Mutant with the bullet (NEWHP: 5)(90,114,1)
[21:59:52]ATTACK: Griffin Whiteman(pahomlancer) shot Mutant with the bullet (NEWHP: 0)(90,114,1)
[21:59:57]ATTACK: Mutant attacked Griffin Whiteman(pahomlancer)  (NEWHP: 84.4)(90,127,1)
[21:59:58]ATTACK: Griffin Whiteman(pahomlancer) shot Mutant with the bullet (NEWHP: 215)(90,124,1)
[21:59:58]ATTACK: Griffin Whiteman(pahomlancer) shot Mutant with the bullet (NEWHP: 180)(90,124,1)
[21:59:58]ATTACK: Griffin Whiteman(pahomlancer) shot Mutant with the bullet (NEWHP: 145)(90,124,1)
[21:59:59]ATTACK: Griffin Whiteman(pahomlancer) shot Mutant with the bullet (NEWHP: 110)(90,121,1)
[21:59:59]ATTACK: Griffin Whiteman(pahomlancer) shot Mutant with the bullet (NEWHP: 75)(90,121,1)
[21:59:59]ATTACK: Griffin Whiteman(pahomlancer) shot Mutant with the bullet (NEWHP: 40)(90,121,1)
[21:59:59]ATTACK: Mutant attacked Griffin Whiteman(pahomlancer)  (NEWHP: 72.4)(90,120,1)
[22:00:00]ATTACK: Griffin Whiteman(pahomlancer) shot Mutant with the bullet (NEWHP: 5)(90,121,1)
[22:00:00]ATTACK: Griffin Whiteman(pahomlancer) shot Mutant with the bullet (NEWHP: 0)(90,121,1)
[22:00:11]ATTACK: Griffin Whiteman(pahomlancer) shot Molerat with the bullet (NEWHP: 0)(98,139,1)
[22:00:22]ATTACK: venus human trap attacked Space Bat  (NEWHP: 0)(163,159,1)
[22:00:50]ATTACK: venus human trap attacked Space Bat  (NEWHP: 0)(163,159,1)
[22:00:52]ATTACK: venus human trap attacked Space Bat  (NEWHP: 0)(163,159,1)
[22:00:54]ATTACK: venus human trap attacked Space Bat  (NEWHP: 0)(164,159,1)
[22:00:56]ATTACK: venus human trap attacked Space Bat  (NEWHP: 0)(164,159,1)
[22:01:04]ATTACK: venus human trap attacked Space Bat  (NEWHP: 0)(164,159,1)
[22:01:06]ATTACK: venus human trap attacked Space Bat  (NEWHP: 0)(164,159,1)
[22:01:09]ATTACK: venus human trap attacked Space Bat  (NEWHP: 0)(164,159,1)
[22:01:17]ATTACK: venus human trap attacked Space Bat  (NEWHP: 0)(164,159,1)
[22:03:48]ATTACK: Raider shot Raider with the bullet (NEWHP: 65)(136,239,1)
[22:03:54]ATTACK: Raider shot Raider with the bullet (NEWHP: 30)(136,239,1)
[22:06:18]ATTACK: Raider shot Gekkon with the bullet (NEWHP: 25)(146,92,1)
[22:06:20]ATTACK: Gekkon attacked Raider  (NEWHP: 100)(150,96,1)
[22:06:20]ATTACK: Raider attacked Gekkon  (NEWHP: 25)(149,95,1)
[22:06:22]ATTACK: Raider shot Raider with the pellet (NEWHP: 68)(153,99,1)
[22:06:22]ATTACK: Raider shot Gekkon with the pellet (NEWHP: 40)(152,99,1)
[22:06:24]ATTACK: Raider attacked Gekkon  (NEWHP: 40)(152,99,1)
[22:06:24]ATTACK: Gekkon attacked Raider  (NEWHP: 68)(153,99,1)
[22:06:26]ATTACK: Raider shot Gekkon with the bullet (NEWHP: 0)(160,98,1)
[22:09:05]ATTACK: Mutant attacked Molerat  (NEWHP: 50)(218,35,5)
[22:09:05]ATTACK: Molerat attacked Mutant  (NEWHP: 250)(218,36,5)
[22:09:07]ATTACK: Mutant attacked Molerat  (NEWHP: 19)(218,35,5)
[22:09:42]ATTACK: Mutant attacked Molerat  (NEWHP: 50)(167,185,5)
[22:09:42]ATTACK: Molerat attacked Mutant  (NEWHP: 250)(166,186,5)
[22:09:44]ATTACK: Mutant attacked Molerat  (NEWHP: 21)(167,185,5)
[22:10:40]ATTACK: Griffin Whiteman(pahomlancer) attacked Griffin Whiteman(pahomlancer) with standart laser battery(INTENT: HELP) (DAMTYPE: BRUTE) (NEWHP: 100)(79,157,1)


Starting up. 22:17.52
---------------------
[22:23:47]ATTACK: rad scorpion (863) attacked Default Cyborg-943  (NEWHP: 100)(40,159,1)
[22:23:49]ATTACK: rad scorpion (863) attacked Default Cyborg-943  (NEWHP: 95)(40,159,1)
[22:23:49]ATTACK: giant rad scorpion (524) attacked Default Cyborg-943  (NEWHP: 88)(40,159,1)
[22:23:51]ATTACK: rad scorpion (863) attacked Default Cyborg-943  (NEWHP: 69)(40,159,1)
[22:23:51]ATTACK: giant rad scorpion (524) attacked Default Cyborg-943  (NEWHP: 61)(40,159,1)
[22:23:53]ATTACK: rad scorpion (863) attacked Default Cyborg-943  (NEWHP: 42)(40,159,1)
[22:23:53]ATTACK: giant rad scorpion (524) attacked Default Cyborg-943  (NEWHP: 35)(40,159,1)
[22:23:55]ATTACK: rad scorpion (863) attacked Default Cyborg-943  (NEWHP: 18)(40,159,1)
[22:23:55]ATTACK: giant rad scorpion (524) attacked Default Cyborg-943  (NEWHP: 12)(40,159,1)
[22:23:58]ATTACK: rad scorpion (863) attacked Default Cyborg-943  (NEWHP: -7)(40,159,1)
[22:23:58]ATTACK: giant rad scorpion (524) attacked Default Cyborg-943  (NEWHP: -14)(40,159,1)
[22:24:00]ATTACK: rad scorpion (863) attacked Default Cyborg-943  (NEWHP: -30)(40,159,1)
[22:24:00]ATTACK: giant rad scorpion (524) attacked Default Cyborg-943  (NEWHP: -36)(40,159,1)
[22:24:02]ATTACK: rad scorpion (863) attacked Default Cyborg-943  (NEWHP: -55)(40,159,1)
[22:24:02]ATTACK: giant rad scorpion (524) attacked Default Cyborg-943  (NEWHP: -60)(40,159,1)
[22:24:04]ATTACK: giant rad scorpion (524) attacked Default Cyborg-943  (NEWHP: -77)(40,159,1)
[22:24:06]ATTACK: rad scorpion (863) attacked Default Cyborg-943  (NEWHP: -93)(40,159,1)
[22:24:57]ATTACK: venus human trap attacked venus human trap  (NEWHP: 55)(157,159,1)
[22:24:57]ATTACK: venus human trap attacked venus human trap  (NEWHP: 70)(158,158,1)
[22:24:59]ATTACK: venus human trap attacked venus human trap  (NEWHP: 30)(157,159,1)
[22:24:59]ATTACK: venus human trap attacked venus human trap  (NEWHP: 45)(157,158,1)
[22:25:01]ATTACK: venus human trap attacked venus human trap  (NEWHP: 5)(158,159,1)
[22:25:01]ATTACK: venus human trap attacked Space Bat  (NEWHP: 0)(164,159,1)
[22:25:03]ATTACK: venus human trap attacked venus human trap  (NEWHP: 40)(175,164,1)
[22:25:05]ATTACK: venus human trap attacked venus human trap  (NEWHP: 70)(176,165,1)
[22:25:05]ATTACK: venus human trap attacked venus human trap  (NEWHP: 15)(175,164,1)
[22:25:09]ATTACK: venus human trap attacked Space Bat  (NEWHP: 0)(163,158,1)
[22:25:53]ATTACK: venus human trap attacked Space Bat  (NEWHP: 0)(164,158,1)
[22:26:12]ATTACK: venus human trap attacked Space Bat  (NEWHP: 0)(164,157,1)
[22:27:36]ATTACK: venus human trap attacked venus human trap  (NEWHP: 15)(159,161,1)


Starting up. 22:33.22
---------------------
[22:37:09]ATTACK: rad scorpion (370) attacked Default Cyborg-626  (NEWHP: 100)(40,159,1)
[22:37:11]ATTACK: rad scorpion (370) attacked Default Cyborg-626  (NEWHP: 95)(40,159,1)
[22:37:11]ATTACK: giant rad scorpion (288) attacked Default Cyborg-626  (NEWHP: 85)(40,159,1)
[22:37:13]ATTACK: rad scorpion (370) attacked Default Cyborg-626  (NEWHP: 68)(40,159,1)
[22:37:13]ATTACK: giant rad scorpion (288) attacked Default Cyborg-626  (NEWHP: 58)(40,159,1)
[22:37:15]ATTACK: giant rad scorpion (288) attacked Default Cyborg-626  (NEWHP: 40)(40,159,1)
[22:37:18]ATTACK: rad scorpion (370) attacked Default Cyborg-626  (NEWHP: 23)(40,159,1)
[22:37:18]ATTACK: giant rad scorpion (288) attacked Default Cyborg-626  (NEWHP: 17)(40,159,1)
[22:37:20]ATTACK: rad scorpion (370) attacked Default Cyborg-626  (NEWHP: -2)(40,159,1)
[22:37:20]ATTACK: giant rad scorpion (288) attacked Default Cyborg-626  (NEWHP: -11)(40,159,1)
[22:37:22]ATTACK: rad scorpion (370) attacked Default Cyborg-626  (NEWHP: -31)(40,159,1)
[22:37:22]ATTACK: giant rad scorpion (288) attacked Default Cyborg-626  (NEWHP: -39)(40,159,1)
[22:37:24]ATTACK: rad scorpion (370) attacked Default Cyborg-626  (NEWHP: -58)(40,159,1)
[22:37:24]ATTACK: giant rad scorpion (288) attacked Default Cyborg-626  (NEWHP: -65)(40,159,1)
[22:37:26]ATTACK: giant rad scorpion (288) attacked Default Cyborg-626  (NEWHP: -84)(40,159,1)
[22:37:29]ATTACK: rad scorpion (370) attacked Default Cyborg-626  (NEWHP: -99)(40,159,1)
[22:37:47]ATTACK: Griffin Whiteman(pahomlancer) shot Gekkon with the bullet (NEWHP: 0)(137,70,1)
[22:37:48]ATTACK: Griffin Whiteman(pahomlancer) shot Gekkon with the bullet (NEWHP: 0)(137,68,1)
[22:37:54]ATTACK: Griffin Whiteman(pahomlancer) shot Gekkon with the bullet (NEWHP: 0)(137,80,1)
[22:38:02]ATTACK: venus human trap attacked venus human trap  (NEWHP: 65)(157,161,1)
[22:38:03]ATTACK: Griffin Whiteman(pahomlancer) shot Gekkon with the bullet (NEWHP: 25)(129,95,1)
[22:38:04]ATTACK: Griffin Whiteman(pahomlancer) shot Gekkon with the bullet (NEWHP: 0)(131,95,1)
[22:38:04]ATTACK: venus human trap attacked venus human trap  (NEWHP: 70)(158,160,1)
[22:38:04]ATTACK: venus human trap attacked Space Bat  (NEWHP: 0)(164,157,1)
[22:38:04]ATTACK: venus human trap attacked venus human trap  (NEWHP: 40)(157,161,1)
[22:38:06]ATTACK: venus human trap attacked venus human trap  (NEWHP: 15)(157,161,1)
[22:38:08]ATTACK: Griffin Whiteman(pahomlancer) shot Gekkon with the bullet (NEWHP: 25)(122,95,1)
[22:38:08]ATTACK: Griffin Whiteman(pahomlancer) shot Gekkon with the bullet (NEWHP: 0)(124,95,1)
[22:38:15]ATTACK: Griffin Whiteman(pahomlancer) shot Gekkon with the bullet (NEWHP: 25)(89,96,1)
[22:38:16]ATTACK: Griffin Whiteman(pahomlancer) shot Gekkon with the bullet (NEWHP: 25)(93,95,1)
[22:38:17]ATTACK: venus human trap attacked venus human trap  (NEWHP: 75)(170,164,1)
[22:38:17]ATTACK: Griffin Whiteman(pahomlancer) shot Gekkon with the bullet (NEWHP: 0)(97,95,1)
[22:38:18]ATTACK: Griffin Whiteman(pahomlancer) shot Gekkon with the bullet (NEWHP: 0)(98,95,1)
[22:38:21]ATTACK: venus human trap attacked venus human trap  (NEWHP: 50)(168,164,1)
[22:38:31]ATTACK: Griffin Whiteman(pahomlancer) shot Mutant with the bullet (NEWHP: 215)(90,123,1)
[22:38:32]ATTACK: Griffin Whiteman(pahomlancer) shot Mutant with the bullet (NEWHP: 180)(90,121,1)
[22:38:33]ATTACK: Griffin Whiteman(pahomlancer) shot Mutant with the bullet (NEWHP: 145)(90,119,1)
[22:38:33]ATTACK: Griffin Whiteman(pahomlancer) shot Mutant with the bullet (NEWHP: 110)(90,117,1)
[22:38:34]ATTACK: Griffin Whiteman(pahomlancer) shot Mutant with the bullet (NEWHP: 75)(90,114,1)
[22:38:35]ATTACK: Griffin Whiteman(pahomlancer) shot Mutant with the bullet (NEWHP: 40)(91,109,1)
[22:38:36]ATTACK: Griffin Whiteman(pahomlancer) shot Mutant with the bullet (NEWHP: 5)(91,107,1)
[22:38:37]ATTACK: Griffin Whiteman(pahomlancer) shot Mutant with the bullet (NEWHP: 0)(93,102,1)
[22:38:38]ATTACK: venus human trap attacked Space Bat  (NEWHP: 0)(163,156,1)
[22:38:48]ATTACK: venus human trap attacked Space Bat  (NEWHP: 0)(163,156,1)
[22:38:50]ATTACK: Griffin Whiteman(pahomlancer) shot Mutant with the bullet (NEWHP: 215)(90,126,1)
[22:38:50]ATTACK: Griffin Whiteman(pahomlancer) shot Mutant with the bullet (NEWHP: 180)(90,125,1)
[22:38:50]ATTACK: Griffin Whiteman(pahomlancer) shot Mutant with the bullet (NEWHP: 145)(90,125,1)
[22:38:51]ATTACK: Griffin Whiteman(pahomlancer) shot Mutant with the bullet (NEWHP: 110)(90,122,1)
[22:38:51]ATTACK: Griffin Whiteman(pahomlancer) shot Mutant with the bullet (NEWHP: 75)(90,122,1)
[22:38:51]ATTACK: Griffin Whiteman(pahomlancer) shot Mutant with the bullet (NEWHP: 40)(90,122,1)
[22:38:53]ATTACK: Griffin Whiteman(pahomlancer) shot Mutant with the bullet (NEWHP: 5)(90,114,1)
[22:38:54]ATTACK: Griffin Whiteman(pahomlancer) shot Mutant with the bullet (NEWHP: 0)(91,109,1)
[22:39:08]ATTACK: Griffin Whiteman(pahomlancer) shot Molerat with the bullet (NEWHP: 15)(98,137,1)
[22:39:09]ATTACK: Molerat attacked Griffin Whiteman(pahomlancer)  (NEWHP: 99)(98,136,1)
[22:39:10]ATTACK: Griffin Whiteman(pahomlancer) shot Molerat with the bullet (NEWHP: 0)(98,137,1)
[22:39:13]ATTACK: Molerat attacked Griffin Whiteman(pahomlancer)  (NEWHP: 96.2)(98,138,1)
[22:39:14]ATTACK: Griffin Whiteman(pahomlancer) shot Molerat with the bullet (NEWHP: 15)(98,140,1)
[22:39:15]ATTACK: Griffin Whiteman(pahomlancer) shot Molerat with the bullet (NEWHP: 0)(98,140,1)
[22:39:15]ATTACK: venus human trap attacked Space Bat  (NEWHP: 0)(163,159,1)
[22:39:41]ATTACK: venus human trap attacked Space Bat  (NEWHP: 0)(163,159,1)
[22:39:42]ATTACK: venus human trap attacked Space Bat  (NEWHP: 0)(163,159,1)
[22:39:45]ATTACK: venus human trap attacked Space Bat  (NEWHP: 0)(163,159,1)
[22:39:59]ATTACK: venus human trap attacked Space Bat  (NEWHP: 0)(163,159,1)
[22:40:01]ATTACK: venus human trap attacked Space Bat  (NEWHP: 0)(163,159,1)
[22:40:08]ATTACK: venus human trap attacked Space Bat  (NEWHP: 0)(163,159,1)
[22:40:10]ATTACK: venus human trap attacked Space Bat  (NEWHP: 0)(163,159,1)
[22:40:27]ATTACK: venus human trap attacked Space Bat  (NEWHP: 0)(163,159,1)
[22:40:43]ATTACK: venus human trap attacked Space Bat  (NEWHP: 0)(163,159,1)
[22:40:45]ATTACK: venus human trap attacked Space Bat  (NEWHP: 0)(163,159,1)
[22:40:49]ATTACK: venus human trap attacked Space Bat  (NEWHP: 0)(163,159,1)
[22:40:51]ATTACK: venus human trap attacked Space Bat  (NEWHP: 0)(163,159,1)
[22:40:53]ATTACK: venus human trap attacked Space Bat  (NEWHP: 0)(163,159,1)
[22:41:02]ATTACK: venus human trap attacked Space Bat  (NEWHP: 0)(163,159,1)
[22:41:36]ATTACK: Griffin Whiteman(pahomlancer) shot Molerat with the plasma_beam (NEWHP: 0)(114,142,1)
[22:41:37]ATTACK: Griffin Whiteman(pahomlancer) shot Molerat with the plasma_beam (NEWHP: 0)(114,142,1)
[22:41:39]ATTACK: Molerat attacked Griffin Whiteman(pahomlancer)  (NEWHP: 87.8)(110,140,1)
[22:41:39]ATTACK: Griffin Whiteman(pahomlancer) shot Molerat with the plasma_beam (NEWHP: 0)(111,140,1)
[22:41:41]ATTACK: Griffin Whiteman(pahomlancer) shot Molerat with the plasma_beam (NEWHP: 0)(114,139,1)
[22:41:43]ATTACK: Molerat attacked Griffin Whiteman(pahomlancer)  (NEWHP: 85.55)(116,142,1)
[22:41:43]ATTACK: Griffin Whiteman(pahomlancer) shot Molerat with the plasma_beam (NEWHP: 0)(116,143,1)
[22:41:45]ATTACK: Griffin Whiteman(pahomlancer) shot Molerat with the plasma_beam (NEWHP: 0)(116,144,1)
[22:41:45]ATTACK: Griffin Whiteman(pahomlancer) shot Molerat with the plasma_beam (NEWHP: 0)(116,141,1)
[22:41:50]ATTACK: Molerat attacked Griffin Whiteman(pahomlancer)  (NEWHP: 79.95)(116,144,1)
[22:41:53]ATTACK: Molerat attacked Griffin Whiteman(pahomlancer)  (NEWHP: 76.15)(116,141,1)
[22:41:55]ATTACK: Molerat attacked Griffin Whiteman(pahomlancer)  (NEWHP: 73.35)(116,138,1)
[22:41:55]ATTACK: Griffin Whiteman(pahomlancer) shot Molerat with the plasma_beam (NEWHP: 0)(116,139,1)
