

Starting up. 04:47.55
---------------------
[04:48:55]ATTACK: rad scorpion (833) attacked Default Cyborg-577  (NEWHP: 100)(40,159,1)
[04:48:57]ATTACK: rad scorpion (833) attacked Default Cyborg-577  (NEWHP: 90)(40,159,1)
[04:48:57]ATTACK: giant rad scorpion (221) attacked Default Cyborg-577  (NEWHP: 81)(40,159,1)
[04:48:59]ATTACK: rad scorpion (833) attacked Default Cyborg-577  (NEWHP: 64)(40,159,1)
[04:48:59]ATTACK: giant rad scorpion (221) attacked Default Cyborg-577  (NEWHP: 59)(40,159,1)
[04:49:01]ATTACK: Gunner attacked hivebot  (NEWHP: 15)(13,148,1)
[04:49:01]ATTACK: rad scorpion (833) attacked Default Cyborg-577  (NEWHP: 44)(40,159,1)
[04:49:01]ATTACK: giant rad scorpion (221) attacked Default Cyborg-577  (NEWHP: 38)(40,159,1)
[04:49:01]ATTACK: hivebot attacked Gunner  (NEWHP: 300)(13,149,1)
[04:49:02]ATTACK: Gunner shot Gunner with the bullet (NEWHP: 260)(12,146,1)
[04:49:03]ATTACK: rad scorpion (833) attacked Default Cyborg-577  (NEWHP: 19)(40,159,1)
[04:49:03]ATTACK: giant rad scorpion (221) attacked Default Cyborg-577  (NEWHP: 12)(40,159,1)
[04:49:06]ATTACK: Gunner attacked hivebot  (NEWHP: 15)(13,147,1)
[04:49:06]ATTACK: rad scorpion (833) attacked Default Cyborg-577  (NEWHP: -6)(40,159,1)
[04:49:06]ATTACK: giant rad scorpion (221) attacked Default Cyborg-577  (NEWHP: -15)(40,159,1)
[04:49:06]ATTACK: hivebot attacked Gunner  (NEWHP: 260)(12,146,1)
[04:49:08]ATTACK: rad scorpion (833) attacked Default Cyborg-577  (NEWHP: -35)(40,159,1)
[04:49:08]ATTACK: giant rad scorpion (221) attacked Default Cyborg-577  (NEWHP: -41)(40,159,1)
[04:49:10]ATTACK: rad scorpion (833) attacked Default Cyborg-577  (NEWHP: -61)(40,159,1)
[04:49:10]ATTACK: giant rad scorpion (221) attacked Default Cyborg-577  (NEWHP: -70)(40,159,1)
[04:49:12]ATTACK: rad scorpion (833) attacked Default Cyborg-577  (NEWHP: -88)(40,159,1)
[04:49:12]ATTACK: giant rad scorpion (221) attacked Default Cyborg-577  (NEWHP: -95)(40,159,1)
[04:49:18]ATTACK: Gunner attacked hivebot  (NEWHP: 15)(13,147,1)
[04:49:18]ATTACK: hivebot attacked Gunner  (NEWHP: 257)(12,146,1)
[04:49:21]ATTACK: hivebot attacked Gunner  (NEWHP: 297)(12,149,1)
[04:49:23]ATTACK: Gunner attacked hivebot  (NEWHP: 15)(13,149,1)
[04:49:23]ATTACK: hivebot attacked Gunner  (NEWHP: 295)(12,148,1)
[04:49:23]ATTACK: Gunner shot Gunner with the bullet (NEWHP: 253)(12,148,1)
[04:49:31]ATTACK: Gunner attacked hivebot  (NEWHP: 15)(14,148,1)
[04:49:31]ATTACK: hivebot attacked Gunner  (NEWHP: 254)(13,147,1)
[04:49:31]ATTACK: Gunner shot Gunner with the bullet (NEWHP: 212)(13,147,1)
[04:49:32]ATTACK: Gunner shot Gunner with the bullet (NEWHP: 172)(12,146,1)
[04:49:50]ATTACK: venus human trap attacked venus human trap  (NEWHP: 55)(175,164,1)
[04:49:52]ATTACK: venus human trap attacked venus human trap  (NEWHP: 30)(175,164,1)
[04:49:54]ATTACK: Gunner attacked hivebot  (NEWHP: 15)(13,148,1)
[04:49:54]ATTACK: hivebot attacked Gunner  (NEWHP: 172)(12,149,1)
[04:49:54]ATTACK: venus human trap attacked venus human trap  (NEWHP: 5)(175,164,1)
[04:49:57]ATTACK: hivebot attacked Gunner  (NEWHP: 169)(12,149,1)
[04:49:59]ATTACK: Gunner attacked hivebot  (NEWHP: 15)(13,149,1)
[04:49:59]ATTACK: hivebot attacked Gunner  (NEWHP: 167)(12,149,1)
[04:50:00]ATTACK: Gunner attacked hivebot  (NEWHP: 5)(13,144,1)
[04:50:15]ATTACK: Gunner attacked hivebot  (NEWHP: 15)(15,148,1)
[04:50:15]ATTACK: hivebot attacked Gunner  (NEWHP: 253)(14,148,1)
[04:50:17]ATTACK: Gunner attacked hivebot  (NEWHP: 5)(13,144,1)
[04:50:17]ATTACK: venus human trap attacked venus human trap  (NEWHP: 45)(159,160,1)
[04:50:17]ATTACK: venus human trap attacked venus human trap  (NEWHP: 60)(158,161,1)
[04:50:19]ATTACK: venus human trap attacked venus human trap  (NEWHP: 20)(159,161,1)
[04:50:59]ATTACK: venus human trap attacked Space Bat  (NEWHP: 0)(164,158,1)
[04:51:07]ATTACK: venus human trap attacked Space Bat  (NEWHP: 0)(164,158,1)
[04:51:11]ATTACK: hivebot attacked Gunner  (NEWHP: 251)(13,146,1)
[04:51:11]ATTACK: Gunner shot Gunner with the bullet (NEWHP: 208)(12,145,1)
[04:51:11]ATTACK: Gunner shot Gunner with the bullet (NEWHP: 168)(12,145,1)
[04:51:11]ATTACK: Gunner shot Gunner with the bullet (NEWHP: 128)(12,145,1)
[04:51:20]ATTACK: Gunner attacked hivebot  (NEWHP: 15)(13,147,1)
[04:51:20]ATTACK: venus human trap attacked Space Bat  (NEWHP: 0)(165,157,1)
[04:51:20]ATTACK: hivebot attacked Gunner  (NEWHP: 128)(13,146,1)
[04:51:20]ATTACK: hivebot attacked Gunner  (NEWHP: 125)(13,146,1)
[04:51:20]ATTACK: Gunner shot Gunner with the bullet (NEWHP: 82)(13,146,1)
[04:51:20]ATTACK: Gunner shot Gunner with the bullet (NEWHP: 42)(13,145,1)
[04:52:11]ATTACK: hivebot attacked Swarmer (590)(pahomlancer)  (NEWHP: 40)(16,151,1)
[04:52:11]ATTACK: hivebot attacked Swarmer (590)(pahomlancer)  (NEWHP: 38)(16,151,1)
[04:52:11]ATTACK: hivebot attacked Swarmer (590)(pahomlancer)  (NEWHP: 35)(16,151,1)
[04:52:11]ATTACK: hivebot attacked Swarmer (590)(pahomlancer)  (NEWHP: 33)(16,151,1)
[04:52:11]ATTACK: hivebot attacked Swarmer (590)(pahomlancer)  (NEWHP: 31)(16,151,1)
[04:52:11]ATTACK: hivebot attacked Swarmer (590)(pahomlancer)  (NEWHP: 29)(16,151,1)
[04:52:11]ATTACK: hivebot attacked Swarmer (590)(pahomlancer)  (NEWHP: 26)(16,151,1)
[04:52:11]ATTACK: hivebot attacked Swarmer (590)(pahomlancer)  (NEWHP: 23)(16,151,1)
[04:52:11]ATTACK: hivebot attacked Swarmer (590)(pahomlancer)  (NEWHP: 20)(16,151,1)
[04:52:11]ATTACK: hivebot attacked Swarmer (590)(pahomlancer)  (NEWHP: 17)(16,151,1)
[04:52:12]ATTACK: hivebot attacked Swarmer (590)(pahomlancer)  (NEWHP: 14)(16,151,1)
[04:52:12]ATTACK: hivebot attacked Swarmer (590)(pahomlancer)  (NEWHP: 12)(16,151,1)
[04:52:12]ATTACK: hivebot attacked Swarmer (590)(pahomlancer)  (NEWHP: 10)(16,151,1)
[04:52:12]ATTACK: hivebot attacked Swarmer (590)(pahomlancer)  (NEWHP: 8)(16,151,1)
[04:52:12]ATTACK: hivebot attacked Swarmer (590)(pahomlancer)  (NEWHP: 5)(16,151,1)
[04:52:12]ATTACK: hivebot attacked Swarmer (590)(pahomlancer)  (NEWHP: 2)(16,151,1)
[04:52:14]ATTACK: Gunner attacked hivebot  (NEWHP: 15)(13,147,1)
[04:52:14]ATTACK: hivebot attacked Gunner  (NEWHP: 42)(12,146,1)
[04:52:14]ATTACK: Gunner shot Gunner with the bullet (NEWHP: 124)(12,143,1)
[04:52:14]ATTACK: Gunner shot Gunner with the bullet (NEWHP: 84)(13,145,1)
[04:52:15]ATTACK: Gunner shot Gunner with the bullet (NEWHP: 44)(13,145,1)
[04:52:26]ATTACK: hivebot attacked Syndrone (375)(pahomlancer)  (NEWHP: 30)(15,152,1)
[04:52:26]ATTACK: hivebot attacked Syndrone (375)(pahomlancer)  (NEWHP: 117)(15,152,1)
[04:52:26]ATTACK: hivebot attacked Syndrone (375)(pahomlancer)  (NEWHP: 115)(15,152,1)
[04:52:26]ATTACK: hivebot attacked Syndrone (375)(pahomlancer)  (NEWHP: 112)(15,152,1)
[04:52:26]ATTACK: hivebot attacked Syndrone (375)(pahomlancer)  (NEWHP: 110)(15,152,1)
[04:52:26]ATTACK: hivebot attacked Syndrone (375)(pahomlancer)  (NEWHP: 108)(15,152,1)
[04:52:26]ATTACK: hivebot attacked Syndrone (375)(pahomlancer)  (NEWHP: 105)(15,152,1)
[04:52:26]ATTACK: hivebot attacked Syndrone (375)(pahomlancer)  (NEWHP: 102)(15,152,1)
[04:52:28]ATTACK: hivebot attacked Syndrone (375)(pahomlancer)  (NEWHP: 99)(15,152,1)
[04:52:31]ATTACK: hivebot attacked Syndrone (375)(pahomlancer)  (NEWHP: 97)(17,152,1)
[04:52:31]ATTACK: hivebot attacked Syndrone (375)(pahomlancer)  (NEWHP: 94)(17,152,1)
[04:52:31]ATTACK: hivebot attacked Syndrone (375)(pahomlancer)  (NEWHP: 91)(17,152,1)
[04:52:31]ATTACK: hivebot attacked Syndrone (375)(pahomlancer)  (NEWHP: 89)(17,152,1)
[04:52:31]ATTACK: hivebot attacked Syndrone (375)(pahomlancer)  (NEWHP: 87)(17,152,1)
[04:52:31]ATTACK: hivebot attacked Syndrone (375)(pahomlancer)  (NEWHP: 84)(17,152,1)
[04:52:31]ATTACK: hivebot attacked Syndrone (375)(pahomlancer)  (NEWHP: 82)(17,152,1)
[04:52:31]ATTACK: hivebot attacked Syndrone (375)(pahomlancer)  (NEWHP: 80)(17,152,1)
[04:52:31]ATTACK: hivebot attacked Syndrone (375)(pahomlancer)  (NEWHP: 77)(17,152,1)
[04:52:31]ATTACK: hivebot attacked Syndrone (375)(pahomlancer)  (NEWHP: 75)(17,152,1)
[04:52:31]ATTACK: hivebot attacked Syndrone (375)(pahomlancer)  (NEWHP: 73)(17,152,1)
[04:52:31]ATTACK: hivebot attacked Syndrone (375)(pahomlancer)  (NEWHP: 71)(17,152,1)
[04:52:31]ATTACK: hivebot attacked Syndrone (375)(pahomlancer)  (NEWHP: 69)(17,152,1)
[04:52:31]ATTACK: hivebot attacked Syndrone (375)(pahomlancer)  (NEWHP: 67)(17,152,1)
[04:52:31]ATTACK: hivebot attacked Syndrone (375)(pahomlancer)  (NEWHP: 64)(17,152,1)
[04:52:31]ATTACK: hivebot attacked Syndrone (375)(pahomlancer)  (NEWHP: 62)(17,152,1)
[04:52:31]ATTACK: hivebot attacked Syndrone (375)(pahomlancer)  (NEWHP: 59)(17,152,1)
[04:52:31]ATTACK: hivebot attacked Syndrone (375)(pahomlancer)  (NEWHP: 57)(17,152,1)
[04:52:31]ATTACK: hivebot attacked Syndrone (375)(pahomlancer)  (NEWHP: 55)(17,152,1)
[04:52:31]ATTACK: hivebot attacked Syndrone (375)(pahomlancer)  (NEWHP: 53)(17,152,1)
[04:52:31]ATTACK: hivebot attacked Syndrone (375)(pahomlancer)  (NEWHP: 51)(17,152,1)
[04:52:31]ATTACK: hivebot attacked Syndrone (375)(pahomlancer)  (NEWHP: 48)(17,152,1)
[04:52:31]ATTACK: hivebot attacked Syndrone (375)(pahomlancer)  (NEWHP: 45)(17,152,1)
[04:52:31]ATTACK: hivebot attacked Syndrone (375)(pahomlancer)  (NEWHP: 42)(17,152,1)
[04:52:31]ATTACK: hivebot attacked Syndrone (375)(pahomlancer)  (NEWHP: 40)(17,152,1)
[04:52:31]ATTACK: hivebot attacked Syndrone (375)(pahomlancer)  (NEWHP: 37)(17,152,1)
[04:52:31]ATTACK: hivebot attacked Syndrone (375)(pahomlancer)  (NEWHP: 35)(17,152,1)
[04:52:31]ATTACK: hivebot attacked Syndrone (375)(pahomlancer)  (NEWHP: 32)(17,152,1)
[04:52:31]ATTACK: hivebot attacked Syndrone (375)(pahomlancer)  (NEWHP: 29)(17,152,1)
[04:52:31]ATTACK: hivebot attacked Syndrone (375)(pahomlancer)  (NEWHP: 27)(17,152,1)
[04:52:31]ATTACK: hivebot attacked Syndrone (375)(pahomlancer)  (NEWHP: 25)(17,152,1)
[04:52:31]ATTACK: hivebot attacked Syndrone (375)(pahomlancer)  (NEWHP: 23)(17,152,1)
[04:52:33]ATTACK: hivebot attacked Syndrone (375)(@pahomlancer)  (NEWHP: 20)(17,152,1)
[04:52:33]ATTACK: hivebot attacked Syndrone (375)(@pahomlancer)  (NEWHP: 17)(17,152,1)
[04:52:33]ATTACK: hivebot attacked Syndrone (375)(@pahomlancer)  (NEWHP: 14)(17,152,1)
[04:52:33]ATTACK: hivebot attacked Syndrone (375)(@pahomlancer)  (NEWHP: 11)(17,152,1)
[04:52:33]ATTACK: hivebot attacked Syndrone (375)(@pahomlancer)  (NEWHP: 8)(17,152,1)
[04:52:33]ATTACK: hivebot attacked Syndrone (375)(@pahomlancer)  (NEWHP: 5)(17,152,1)
[04:52:33]ATTACK: hivebot attacked Syndrone (375)(@pahomlancer)  (NEWHP: 2)(17,152,1)
[04:52:54]ATTACK: venus human trap attacked Space Bat  (NEWHP: 0)(164,155,1)
[04:52:58]ATTACK: venus human trap attacked Space Bat  (NEWHP: 0)(164,155,1)
[04:53:00]ATTACK: venus human trap attacked Space Bat  (NEWHP: 0)(164,155,1)
[04:53:02]ATTACK: venus human trap attacked Space Bat  (NEWHP: 0)(164,155,1)
[04:53:04]ATTACK: venus human trap attacked Space Bat  (NEWHP: 0)(164,155,1)
[04:53:08]ATTACK: hivebot attacked Syndrone (230)(pahomlancer)  (NEWHP: 30)(15,151,1)
[04:53:08]ATTACK: hivebot attacked Syndrone (230)(pahomlancer)  (NEWHP: 117)(15,151,1)
[04:53:08]ATTACK: hivebot attacked Syndrone (230)(pahomlancer)  (NEWHP: 115)(15,151,1)
[04:53:08]ATTACK: hivebot attacked Syndrone (230)(pahomlancer)  (NEWHP: 112)(15,151,1)
[04:53:08]ATTACK: hivebot attacked Syndrone (230)(pahomlancer)  (NEWHP: 110)(15,151,1)
[04:53:08]ATTACK: hivebot attacked Syndrone (230)(pahomlancer)  (NEWHP: 107)(15,151,1)
[04:53:08]ATTACK: hivebot attacked Syndrone (230)(pahomlancer)  (NEWHP: 105)(15,151,1)
[04:53:08]ATTACK: hivebot attacked Syndrone (230)(pahomlancer)  (NEWHP: 103)(15,151,1)
[04:53:08]ATTACK: hivebot attacked Syndrone (230)(pahomlancer)  (NEWHP: 100)(15,151,1)
[04:53:08]ATTACK: hivebot attacked Syndrone (230)(pahomlancer)  (NEWHP: 98)(15,151,1)
[04:53:11]ATTACK: hivebot attacked Syndrone (230)(pahomlancer)  (NEWHP: 96)(15,151,1)
[04:53:13]ATTACK: Gekkon attacked Raider  (NEWHP: 100)(149,96,1)
[04:53:13]ATTACK: Raider attacked Gekkon  (NEWHP: 60)(148,96,1)
[04:53:13]ATTACK: hivebot attacked Syndrone (230)(pahomlancer)  (NEWHP: 93)(15,151,1)
[04:53:13]ATTACK: Raider shot Raider with the bullet (NEWHP: 55)(150,96,1)
[04:53:14]ATTACK: Raider attacked Gekkon  (NEWHP: 35)(153,95,1)
[04:53:14]ATTACK: hivebot attacked Syndrone (230)(pahomlancer)  (NEWHP: 91)(15,151,1)
[04:53:17]ATTACK: hivebot attacked Syndrone (230)(@pahomlancer)  (NEWHP: 89)(15,151,1)
[04:53:17]ATTACK: Raider shot Gekkon with the pellet (NEWHP: 0)(162,95,1)
[04:53:19]ATTACK: venus human trap attacked Space Bat  (NEWHP: 0)(163,156,1)
[04:53:19]ATTACK: hivebot attacked Syndrone (230)(@pahomlancer)  (NEWHP: 86)(15,151,1)
[04:53:21]ATTACK: hivebot attacked Syndrone (230)(@pahomlancer)  (NEWHP: 84)(15,151,1)
[04:53:23]ATTACK: hivebot attacked Syndrone (230)(@pahomlancer)  (NEWHP: 81)(15,151,1)
[04:53:25]ATTACK: hivebot attacked Syndrone (230)(@pahomlancer)  (NEWHP: 78)(15,151,1)
[04:53:27]ATTACK: hivebot attacked Syndrone (230)(@pahomlancer)  (NEWHP: 75)(15,151,1)
[04:53:29]ATTACK: hivebot attacked Syndrone (230)(@pahomlancer)  (NEWHP: 72)(15,151,1)
[04:53:31]ATTACK: hivebot attacked Syndrone (230)(@pahomlancer)  (NEWHP: 69)(15,151,1)
[04:53:33]ATTACK: hivebot attacked Syndrone (230)(@pahomlancer)  (NEWHP: 67)(15,151,1)
[04:53:35]ATTACK: hivebot attacked Syndrone (230)(@pahomlancer)  (NEWHP: 65)(15,151,1)
[04:53:37]ATTACK: hivebot attacked Syndrone (230)(@pahomlancer)  (NEWHP: 62)(15,151,1)
[04:53:40]ATTACK: hivebot attacked Syndrone (230)(@pahomlancer)  (NEWHP: 60)(15,151,1)
[04:53:42]ATTACK: hivebot attacked Syndrone (230)(@pahomlancer)  (NEWHP: 58)(15,151,1)
[04:53:44]ATTACK: hivebot attacked Syndrone (230)(@pahomlancer)  (NEWHP: 55)(15,151,1)
[04:53:46]ATTACK: hivebot attacked Syndrone (230)(@pahomlancer)  (NEWHP: 53)(15,151,1)
[04:53:48]ATTACK: hivebot attacked Syndrone (230)(@pahomlancer)  (NEWHP: 50)(15,151,1)
[04:53:50]ATTACK: hivebot attacked Syndrone (230)(@pahomlancer)  (NEWHP: 48)(15,151,1)
[04:53:52]ATTACK: hivebot attacked Syndrone (230)(@pahomlancer)  (NEWHP: 46)(15,151,1)
[04:53:54]ATTACK: hivebot attacked Syndrone (230)(@pahomlancer)  (NEWHP: 43)(15,151,1)
[04:53:57]ATTACK: hivebot attacked Syndrone (230)(@pahomlancer)  (NEWHP: 40)(15,151,1)
[04:53:59]ATTACK: hivebot attacked Syndrone (230)(@pahomlancer)  (NEWHP: 37)(15,151,1)
[04:54:01]ATTACK: hivebot attacked Syndrone (230)(@pahomlancer)  (NEWHP: 35)(15,151,1)
[04:54:03]ATTACK: hivebot attacked Syndrone (230)(@pahomlancer)  (NEWHP: 33)(15,151,1)
[04:54:05]ATTACK: hivebot attacked Syndrone (230)(@pahomlancer)  (NEWHP: 31)(15,151,1)
[04:54:07]ATTACK: hivebot attacked Syndrone (230)(@pahomlancer)  (NEWHP: 29)(15,151,1)
[04:54:09]ATTACK: hivebot attacked Syndrone (230)(@pahomlancer)  (NEWHP: 27)(15,151,1)
[04:54:11]ATTACK: hivebot attacked Syndrone (230)(@pahomlancer)  (NEWHP: 25)(15,151,1)
[04:54:13]ATTACK: hivebot attacked Syndrone (230)(@pahomlancer)  (NEWHP: 22)(15,151,1)
[04:54:16]ATTACK: hivebot attacked Syndrone (230)(@pahomlancer)  (NEWHP: 19)(15,151,1)
[04:54:18]ATTACK: hivebot attacked Syndrone (230)(@pahomlancer)  (NEWHP: 16)(15,151,1)
[04:54:20]ATTACK: hivebot attacked Syndrone (230)(@pahomlancer)  (NEWHP: 14)(15,151,1)
[04:54:22]ATTACK: hivebot attacked Syndrone (230)(@pahomlancer)  (NEWHP: 12)(15,151,1)
[04:54:24]ATTACK: hivebot attacked Syndrone (230)(@pahomlancer)  (NEWHP: 10)(15,151,1)
[04:54:26]ATTACK: venus human trap attacked Space Bat  (NEWHP: 0)(164,154,1)
[04:54:26]ATTACK: hivebot attacked Syndrone (230)(@pahomlancer)  (NEWHP: 7)(15,151,1)
[04:54:29]ATTACK: hivebot attacked Syndrone (230)(@pahomlancer)  (NEWHP: 5)(15,151,1)
[04:54:31]ATTACK: hivebot attacked Syndrone (230)(@pahomlancer)  (NEWHP: 2)(15,151,1)
[04:54:33]ATTACK: venus human trap attacked Space Bat  (NEWHP: 0)(164,154,1)
[04:54:37]ATTACK: venus human trap attacked Space Bat  (NEWHP: 0)(164,154,1)
[04:54:37]ATTACK: hivebot attacked Gunner(pahomlancer)  (NEWHP: 44)(15,148,1)
[04:54:39]ATTACK: hivebot attacked Gunner(pahomlancer)  (NEWHP: 41)(13,140,1)
[04:54:41]ATTACK: hivebot attacked Gunner(pahomlancer)  (NEWHP: 39)(13,140,1)
[04:54:41]ATTACK: hivebot attacked Gunner(pahomlancer)  (NEWHP: 37)(13,140,1)
[04:54:42]ATTACK: Gunner(pahomlancer) shot Gunner with the bullet (NEWHP: 260)(13,141,1)
[04:54:42]ATTACK: Gunner(pahomlancer) shot Gunner with the bullet (NEWHP: 220)(13,141,1)
[04:54:43]ATTACK: venus human trap attacked Space Bat  (NEWHP: 0)(164,154,1)
[04:54:43]ATTACK: hivebot attacked Gunner(pahomlancer)  (NEWHP: 35)(13,140,1)
[04:54:43]ATTACK: hivebot attacked Gunner(pahomlancer)  (NEWHP: 32)(13,140,1)
[04:54:44]ATTACK: Gunner(pahomlancer) attacked hivebot  (NEWHP: 15)(12,140,1)
[04:54:45]ATTACK: Gunner(pahomlancer) attacked hivebot  (NEWHP: 5)(12,140,1)
[04:54:46]ATTACK: hivebot attacked Gunner(pahomlancer)  (NEWHP: 30)(12,140,1)
[04:54:46]ATTACK: hivebot attacked Gunner(pahomlancer)  (NEWHP: 28)(12,140,1)
[04:54:48]ATTACK: Gunner attacked hivebot  (NEWHP: 15)(12,141,1)
[04:54:48]ATTACK: hivebot attacked Gunner(pahomlancer)  (NEWHP: 25)(12,140,1)
[04:54:48]ATTACK: hivebot attacked Gunner(pahomlancer)  (NEWHP: 22)(12,140,1)
[04:54:50]ATTACK: hivebot attacked Gunner(pahomlancer)  (NEWHP: 19)(12,140,1)
[04:54:50]ATTACK: hivebot attacked Gunner(pahomlancer)  (NEWHP: 17)(12,140,1)
[04:54:50]ATTACK: Gunner(pahomlancer) attacked hivebot  (NEWHP: 15)(12,141,1)
[04:54:51]ATTACK: Gunner(pahomlancer) attacked hivebot  (NEWHP: 5)(12,141,1)
[04:54:52]ATTACK: Gunner attacked hivebot  (NEWHP: 15)(13,140,1)
[04:54:52]ATTACK: hivebot attacked Gunner(pahomlancer)  (NEWHP: 14)(12,140,1)
[04:54:52]ATTACK: hivebot attacked Gunner(pahomlancer)  (NEWHP: 11)(12,140,1)
[04:54:52]ATTACK: Gunner(pahomlancer) attacked hivebot  (NEWHP: 5)(13,140,1)
[04:54:53]ATTACK: Gunner(pahomlancer) attacked hivebot  (NEWHP: 15)(12,141,1)
[04:54:54]ATTACK: Gunner(pahomlancer) attacked hivebot  (NEWHP: 5)(12,141,1)
[04:55:05]ATTACK: hivebot attacked Gunner(pahomlancer)  (NEWHP: 8)(13,148,1)
[04:55:08]ATTACK: Gunner(pahomlancer) attacked hivebot  (NEWHP: 15)(13,141,1)
[04:55:09]ATTACK: venus human trap attacked Space Bat  (NEWHP: 0)(164,154,1)
[04:55:09]ATTACK: hivebot attacked Gunner(pahomlancer)  (NEWHP: 5)(13,140,1)
[04:55:09]ATTACK: Gunner(pahomlancer) attacked hivebot  (NEWHP: 5)(13,141,1)
[04:55:13]ATTACK: venus human trap attacked Space Bat  (NEWHP: 0)(164,154,1)
[04:55:15]ATTACK: hivebot attacked Gunner(pahomlancer)  (NEWHP: 3)(15,148,1)
[04:55:17]ATTACK: Gunner attacked hivebot  (NEWHP: 15)(12,144,1)
[04:55:19]ATTACK: Gunner(pahomlancer) attacked hivebot  (NEWHP: 5)(13,141,1)
[04:55:27]ATTACK: venus human trap attacked Space Bat  (NEWHP: 0)(164,154,1)
[04:55:36]ATTACK: venus human trap attacked Space Bat  (NEWHP: 0)(164,154,1)
[04:55:40]ATTACK: Raider shot Gekkon with the bullet (NEWHP: 25)(144,89,1)
[04:55:42]ATTACK: Gekkon attacked Raider  (NEWHP: 100)(145,93,1)
[04:55:42]ATTACK: Raider attacked Gekkon  (NEWHP: 25)(145,92,1)
[04:55:46]ATTACK: venus human trap attacked Space Bat  (NEWHP: 0)(164,154,1)
[04:56:36]ATTACK: venus human trap attacked Space Bat  (NEWHP: 0)(164,155,1)
[04:56:53]ATTACK: Swarmer (11)(pahomlancer) attacked Swarmer (11)(pahomlancer)  (NEWHP: 40)(18,149,1)
[04:56:55]ATTACK: Swarmer (11)(pahomlancer) attacked Gunner(@pahomlancer)  (NEWHP: 300)(17,148,1)
[04:56:56]ATTACK: Swarmer (11)(pahomlancer) attacked Gunner(@pahomlancer)  (NEWHP: 300)(17,148,1)
[04:57:05]ATTACK: venus human trap attacked Space Bat  (NEWHP: 0)(163,157,1)
[04:57:07]ATTACK: venus human trap attacked Space Bat  (NEWHP: 0)(163,157,1)
[04:57:11]ATTACK: venus human trap attacked Space Bat  (NEWHP: 0)(163,157,1)
[04:57:13]ATTACK: venus human trap attacked Space Bat  (NEWHP: 0)(163,157,1)
[04:57:20]ATTACK: venus human trap attacked Space Bat  (NEWHP: 0)(163,157,1)
[04:57:24]ATTACK: venus human trap attacked Space Bat  (NEWHP: 0)(163,157,1)
[04:57:30]ATTACK: venus human trap attacked Space Bat  (NEWHP: 0)(163,157,1)
[04:58:01]ATTACK: venus human trap attacked Space Bat  (NEWHP: 0)(163,157,1)
[04:58:03]ATTACK: venus human trap attacked Space Bat  (NEWHP: 0)(163,157,1)
[04:58:14]ATTACK: venus human trap attacked Space Bat  (NEWHP: 0)(163,157,1)
[04:58:30]ATTACK: venus human trap attacked Space Bat  (NEWHP: 0)(163,157,1)
[04:58:42]ATTACK: venus human trap attacked Space Bat  (NEWHP: 0)(163,157,1)
[04:58:46]ATTACK: venus human trap attacked Space Bat  (NEWHP: 0)(163,157,1)
[04:58:51]ATTACK: venus human trap attacked Space Bat  (NEWHP: 0)(163,157,1)
[04:58:53]ATTACK: venus human trap attacked Space Bat  (NEWHP: 0)(163,157,1)
[04:59:11]ATTACK: venus human trap attacked Space Bat  (NEWHP: 0)(163,157,1)
[04:59:15]ATTACK: venus human trap attacked Space Bat  (NEWHP: 0)(163,157,1)
[04:59:19]ATTACK: venus human trap attacked Space Bat  (NEWHP: 0)(163,157,1)
[04:59:32]ATTACK: venus human trap attacked Space Bat  (NEWHP: 0)(163,157,1)
[05:00:13]ATTACK: venus human trap attacked Space Bat  (NEWHP: 0)(163,157,1)
[05:00:15]ATTACK: venus human trap attacked Space Bat  (NEWHP: 0)(163,157,1)
[05:00:29]ATTACK: venus human trap attacked Space Bat  (NEWHP: 0)(163,157,1)
[05:00:39]ATTACK: venus human trap attacked Space Bat  (NEWHP: 0)(163,157,1)
[05:00:44]ATTACK: venus human trap attacked Space Bat  (NEWHP: 0)(163,157,1)
[05:00:46]ATTACK: venus human trap attacked Space Bat  (NEWHP: 0)(163,157,1)
[05:00:56]ATTACK: venus human trap attacked Space Bat  (NEWHP: 0)(163,157,1)
[05:00:58]ATTACK: venus human trap attacked Space Bat  (NEWHP: 0)(163,157,1)
[05:01:04]ATTACK: venus human trap attacked Space Bat  (NEWHP: 0)(163,157,1)
[05:01:06]ATTACK: venus human trap attacked Space Bat  (NEWHP: 0)(163,157,1)
[05:02:15]ATTACK: venus human trap attacked Space Bat  (NEWHP: 0)(163,157,1)
[05:02:16]ATTACK: venus human trap attacked Space Bat  (NEWHP: 0)(163,157,1)
[05:02:19]ATTACK: venus human trap attacked Space Bat  (NEWHP: 0)(163,157,1)
[05:02:42]ATTACK: Griffin Whiteman(pahomlancer) attacked Super 17 with intelliCard(INTENT: HELP) (DAMTYPE: BRUTE) (NEWHP: 100)(86,192,1)
[05:02:43]ATTACK: Griffin Whiteman(pahomlancer) carded Super 17 with the intelliCard - Super 17 (NEWHP: 100)(86,192,1)
[05:03:05]ATTACK: Gunner shot Gekkon with the bullet (NEWHP: 20)(65,117,1)
[05:03:05]ATTACK: Gunner shot Gekkon with the bullet (NEWHP: 0)(65,117,1)
[05:03:11]ATTACK: Griffin Whiteman(pahomlancer) attacked Super 17(@pahomlancer) with intelliCard(INTENT: HELP) (DAMTYPE: BRUTE) (NEWHP: 100)(86,192,1)
[05:03:19]ATTACK: Griffin Whiteman(pahomlancer) carded Super 17(@pahomlancer) with the intelliCard - Super 17 (NEWHP: 100)(84,190,1)
[05:03:32]ATTACK: venus human trap attacked venus human trap  (NEWHP: 35)(161,161,1)
[05:03:34]ATTACK: venus human trap attacked venus human trap  (NEWHP: 50)(162,162,1)
[05:03:34]ATTACK: venus human trap attacked venus human trap  (NEWHP: 10)(161,161,1)
[05:09:50]ATTACK: Raider attacked mouse  (NEWHP: 5)(223,86,1)
[05:11:10]ATTACK: Griffin Whiteman(pahomlancer) CPRed Unknown(@pahomlancer)  (NEWHP: -59.6667)(168,131,1)
[05:11:12]ATTACK: Griffin Whiteman(pahomlancer) attacked Unknown(@pahomlancer) with hatchet(INTENT: HELP) (DAMTYPE: BRUTE) (NEWHP: -62.3334)(168,131,1)
[05:11:13]ATTACK: Griffin Whiteman(pahomlancer) attacked Unknown(@pahomlancer) with hatchet(INTENT: HELP) (DAMTYPE: BRUTE) (NEWHP: -62.3334)(168,131,1)
[05:13:43]ATTACK: NON-EXISTANT SUBJECT shot Griffin Whiteman(pahomlancer) with the emitter beam (NEWHP: 100)(170,131,1)
[05:13:45]ATTACK: NON-EXISTANT SUBJECT shot Griffin Whiteman(pahomlancer) with the emitter beam (NEWHP: 76)(170,131,1)
[05:15:18]ATTACK: Gekkon attacked Mutant  (NEWHP: 250)(89,126,1)
[05:15:18]ATTACK: Mutant attacked Gekkon  (NEWHP: 60)(89,125,1)
[05:15:20]ATTACK: Gekkon attacked Mutant  (NEWHP: 250)(89,126,1)
[05:15:20]ATTACK: Mutant attacked Gekkon  (NEWHP: 29)(89,125,1)
[05:16:07]ATTACK: Mutant attacked Unknown(pahomlancer)  (NEWHP: 100)(93,134,1)
[05:16:08]ATTACK: Mutant attacked Unknown(pahomlancer)  (NEWHP: 73.9)(97,136,1)
[05:17:13]ATTACK: Gekkon attacked Mutant  (NEWHP: 250)(60,118,1)
[05:17:16]ATTACK: Gekkon attacked Mutant  (NEWHP: 250)(60,118,1)
[05:17:18]ATTACK: Gekkon attacked Mutant  (NEWHP: 250)(60,118,1)
[05:17:20]ATTACK: Gekkon attacked Mutant  (NEWHP: 250)(60,118,1)
[05:17:22]ATTACK: Gekkon attacked Mutant  (NEWHP: 250)(60,118,1)
[05:17:24]ATTACK: Gekkon attacked Mutant  (NEWHP: 250)(60,118,1)
[05:17:26]ATTACK: Gekkon attacked Mutant  (NEWHP: 250)(60,118,1)
[05:17:28]ATTACK: Gekkon attacked Mutant  (NEWHP: 250)(60,118,1)
[05:17:30]ATTACK: Gekkon attacked Mutant  (NEWHP: 250)(60,118,1)
[05:17:32]ATTACK: Gekkon attacked Mutant  (NEWHP: 250)(60,118,1)
[05:17:35]ATTACK: Gekkon attacked Mutant  (NEWHP: 250)(60,118,1)
[05:17:37]ATTACK: Gekkon attacked Mutant  (NEWHP: 250)(60,118,1)
[05:17:39]ATTACK: Gekkon attacked Mutant  (NEWHP: 250)(60,118,1)
[05:17:41]ATTACK: Gekkon attacked Mutant  (NEWHP: 250)(60,118,1)
[05:17:43]ATTACK: Gekkon attacked Mutant  (NEWHP: 250)(60,118,1)
[05:17:45]ATTACK: Gekkon attacked Mutant  (NEWHP: 250)(60,118,1)
[05:17:47]ATTACK: Gekkon attacked Mutant  (NEWHP: 250)(60,118,1)
[05:17:50]ATTACK: Gekkon attacked Mutant  (NEWHP: 250)(60,118,1)
[05:17:52]ATTACK: Gekkon attacked Mutant  (NEWHP: 250)(60,118,1)
[05:17:54]ATTACK: Gekkon attacked Mutant  (NEWHP: 250)(60,118,1)
[05:17:55]ATTACK: Gekkon attacked Mutant  (NEWHP: 250)(60,118,1)
[05:17:58]ATTACK: Gekkon attacked Mutant  (NEWHP: 250)(60,118,1)
[05:18:00]ATTACK: Gekkon attacked Mutant  (NEWHP: 250)(60,118,1)
[05:18:02]ATTACK: Gekkon attacked Mutant  (NEWHP: 250)(60,118,1)
[05:18:04]ATTACK: Gekkon attacked Mutant  (NEWHP: 250)(60,118,1)
[05:18:06]ATTACK: Gekkon attacked Mutant  (NEWHP: 250)(60,118,1)
[05:18:08]ATTACK: Gekkon attacked Mutant  (NEWHP: 250)(60,118,1)
[05:18:10]ATTACK: Gekkon attacked Mutant  (NEWHP: 250)(60,118,1)
[05:18:13]ATTACK: Gekkon attacked Mutant  (NEWHP: 250)(60,118,1)
[05:18:15]ATTACK: Gekkon attacked Mutant  (NEWHP: 250)(60,118,1)
[05:18:17]ATTACK: Gekkon attacked Mutant  (NEWHP: 250)(60,118,1)
[05:18:19]ATTACK: Gekkon attacked Mutant  (NEWHP: 250)(60,118,1)
[05:18:21]ATTACK: Gekkon attacked Mutant  (NEWHP: 250)(60,118,1)
[05:18:23]ATTACK: Gekkon attacked Mutant  (NEWHP: 250)(60,118,1)
[05:18:26]ATTACK: Gekkon attacked Mutant  (NEWHP: 250)(60,118,1)
[05:18:27]ATTACK: Gekkon attacked Mutant  (NEWHP: 250)(60,118,1)
[05:18:30]ATTACK: Gekkon attacked Mutant  (NEWHP: 250)(60,118,1)
[05:18:32]ATTACK: Gekkon attacked Mutant  (NEWHP: 250)(60,118,1)
[05:18:34]ATTACK: Gekkon attacked Mutant  (NEWHP: 250)(60,118,1)
[05:18:36]ATTACK: Gekkon attacked Mutant  (NEWHP: 250)(60,118,1)
[05:18:38]ATTACK: Gekkon attacked Mutant  (NEWHP: 250)(60,118,1)
[05:18:40]ATTACK: Gekkon attacked Mutant  (NEWHP: 250)(60,118,1)
[05:18:43]ATTACK: Gekkon attacked Mutant  (NEWHP: 250)(60,118,1)
[05:18:45]ATTACK: Gekkon attacked Mutant  (NEWHP: 250)(60,118,1)
[05:18:46]ATTACK: Gekkon attacked Mutant  (NEWHP: 250)(60,118,1)
[05:18:49]ATTACK: Gekkon attacked Mutant  (NEWHP: 250)(60,118,1)
[05:18:51]ATTACK: Gekkon attacked Mutant  (NEWHP: 250)(60,118,1)
[05:18:53]ATTACK: Gekkon attacked Mutant  (NEWHP: 250)(60,118,1)
[05:18:55]ATTACK: Gekkon attacked Mutant  (NEWHP: 250)(60,118,1)
[05:18:57]ATTACK: Gekkon attacked Mutant  (NEWHP: 250)(60,118,1)
[05:18:59]ATTACK: Gekkon attacked Mutant  (NEWHP: 250)(60,118,1)
[05:19:01]ATTACK: Gekkon attacked Mutant  (NEWHP: 250)(60,118,1)
[05:19:03]ATTACK: Gekkon attacked Mutant  (NEWHP: 250)(60,118,1)
[05:19:06]ATTACK: Gekkon attacked Mutant  (NEWHP: 250)(60,118,1)
[05:19:08]ATTACK: Gekkon attacked Mutant  (NEWHP: 250)(60,118,1)
[05:19:10]ATTACK: Gekkon attacked Mutant  (NEWHP: 250)(60,118,1)
[05:19:12]ATTACK: Gekkon attacked Mutant  (NEWHP: 250)(60,118,1)
[05:19:14]ATTACK: Gekkon attacked Mutant  (NEWHP: 250)(60,118,1)
[05:19:16]ATTACK: Gekkon attacked Mutant  (NEWHP: 250)(60,118,1)
[05:19:18]ATTACK: Gekkon attacked Mutant  (NEWHP: 250)(60,118,1)
[05:19:20]ATTACK: Gekkon attacked Mutant  (NEWHP: 250)(60,118,1)
[05:19:23]ATTACK: Gekkon attacked Mutant  (NEWHP: 250)(60,118,1)
[05:19:25]ATTACK: Gekkon attacked Mutant  (NEWHP: 250)(60,118,1)
[05:19:27]ATTACK: Gekkon attacked Mutant  (NEWHP: 250)(60,118,1)
[05:19:29]ATTACK: Gekkon attacked Mutant  (NEWHP: 250)(60,118,1)
[05:19:31]ATTACK: Gekkon attacked Mutant  (NEWHP: 250)(60,118,1)
[05:19:33]ATTACK: Gekkon attacked Mutant  (NEWHP: 250)(60,118,1)
[05:19:36]ATTACK: Gekkon attacked Mutant  (NEWHP: 250)(60,118,1)
[05:19:37]ATTACK: Gekkon attacked Mutant  (NEWHP: 250)(60,118,1)
[05:19:40]ATTACK: Gekkon attacked Mutant  (NEWHP: 250)(60,118,1)
[05:19:42]ATTACK: Gekkon attacked Mutant  (NEWHP: 250)(60,118,1)
[05:19:44]ATTACK: Gekkon attacked Mutant  (NEWHP: 250)(60,118,1)
[05:19:46]ATTACK: Gekkon attacked Mutant  (NEWHP: 250)(60,118,1)
[05:19:48]ATTACK: Gekkon attacked Mutant  (NEWHP: 250)(60,118,1)
[05:19:50]ATTACK: Gekkon attacked Mutant  (NEWHP: 250)(60,118,1)
[05:19:52]ATTACK: Gekkon attacked Mutant  (NEWHP: 250)(60,118,1)
[05:19:54]ATTACK: Gekkon attacked Mutant  (NEWHP: 250)(60,118,1)
[05:19:57]ATTACK: Gekkon attacked Mutant  (NEWHP: 250)(60,118,1)
[05:19:59]ATTACK: Gekkon attacked Mutant  (NEWHP: 250)(60,118,1)
[05:20:01]ATTACK: Gekkon attacked Mutant  (NEWHP: 250)(60,118,1)
[05:20:03]ATTACK: Gekkon attacked Mutant  (NEWHP: 250)(60,118,1)
[05:20:05]ATTACK: Gekkon attacked Mutant  (NEWHP: 250)(60,118,1)
[05:20:08]ATTACK: Gekkon attacked Mutant  (NEWHP: 250)(60,118,1)
[05:20:09]ATTACK: Gekkon attacked Mutant  (NEWHP: 250)(60,118,1)
[05:20:12]ATTACK: Gekkon attacked Mutant  (NEWHP: 250)(60,118,1)
[05:20:14]ATTACK: Gekkon attacked Mutant  (NEWHP: 250)(60,118,1)
[05:20:16]ATTACK: Gekkon attacked Mutant  (NEWHP: 250)(60,118,1)
[05:20:18]ATTACK: Gekkon attacked Mutant  (NEWHP: 250)(60,118,1)
[05:20:20]ATTACK: Gekkon attacked Mutant  (NEWHP: 250)(60,118,1)
[05:20:22]ATTACK: Gekkon attacked Mutant  (NEWHP: 250)(60,118,1)
[05:20:24]ATTACK: Gekkon attacked Mutant  (NEWHP: 250)(60,118,1)
[05:20:27]ATTACK: Gekkon attacked Mutant  (NEWHP: 250)(60,118,1)
[05:20:28]ATTACK: Gekkon attacked Mutant  (NEWHP: 250)(60,118,1)
[05:20:31]ATTACK: Gekkon attacked Mutant  (NEWHP: 250)(60,118,1)
[05:20:33]ATTACK: Gekkon attacked Mutant  (NEWHP: 250)(60,118,1)
[05:20:35]ATTACK: Gekkon attacked Mutant  (NEWHP: 250)(60,118,1)
[05:20:37]ATTACK: Gekkon attacked Mutant  (NEWHP: 250)(60,118,1)
[05:20:39]ATTACK: Gekkon attacked Mutant  (NEWHP: 250)(60,118,1)
[05:20:42]ATTACK: Gekkon attacked Mutant  (NEWHP: 250)(60,118,1)
[05:20:43]ATTACK: Gekkon attacked Mutant  (NEWHP: 250)(60,118,1)
[05:20:46]ATTACK: Gekkon attacked Mutant  (NEWHP: 250)(60,118,1)
[05:20:48]ATTACK: Gekkon attacked Mutant  (NEWHP: 250)(60,118,1)
[05:20:50]ATTACK: Gekkon attacked Mutant  (NEWHP: 250)(60,118,1)
[05:20:52]ATTACK: Gekkon attacked Mutant  (NEWHP: 250)(60,118,1)
[05:20:54]ATTACK: Gekkon attacked Mutant  (NEWHP: 250)(60,118,1)
[05:20:56]ATTACK: Gekkon attacked Mutant  (NEWHP: 250)(60,118,1)
[05:20:57]ATTACK: Griffin Whiteman(pahomlancer) shot Griffin Whiteman(pahomlancer) with the plasma_beam (NEWHP: 100)(83,162,1)
[05:20:59]ATTACK: Gekkon attacked Mutant  (NEWHP: 250)(60,118,1)
[05:21:01]ATTACK: Gekkon attacked Mutant  (NEWHP: 250)(60,118,1)
[05:21:03]ATTACK: Gekkon attacked Mutant  (NEWHP: 250)(60,118,1)
[05:21:05]ATTACK: Gekkon attacked Mutant  (NEWHP: 250)(60,118,1)
[05:21:07]ATTACK: Gekkon attacked Mutant  (NEWHP: 250)(60,118,1)
[05:21:09]ATTACK: Gekkon attacked Mutant  (NEWHP: 250)(60,118,1)
[05:21:12]ATTACK: Gekkon attacked Mutant  (NEWHP: 250)(60,118,1)
[05:21:13]ATTACK: Gekkon attacked Mutant  (NEWHP: 250)(60,118,1)
[05:21:16]ATTACK: Gekkon attacked Mutant  (NEWHP: 250)(60,118,1)
[05:21:18]ATTACK: Gekkon attacked Mutant  (NEWHP: 250)(60,118,1)
[05:21:20]ATTACK: Gekkon attacked Mutant  (NEWHP: 250)(60,118,1)
[05:21:22]ATTACK: Gekkon attacked Mutant  (NEWHP: 250)(60,118,1)
[05:21:24]ATTACK: Gekkon attacked Mutant  (NEWHP: 250)(60,118,1)
[05:21:27]ATTACK: Gekkon attacked Mutant  (NEWHP: 250)(60,118,1)
[05:21:28]ATTACK: Gekkon attacked Mutant  (NEWHP: 250)(60,118,1)
[05:21:31]ATTACK: Gekkon attacked Mutant  (NEWHP: 250)(60,118,1)
[05:21:33]ATTACK: Gekkon attacked Mutant  (NEWHP: 250)(60,118,1)
[05:21:35]ATTACK: Gekkon attacked Mutant  (NEWHP: 250)(60,118,1)
[05:21:37]ATTACK: Gekkon attacked Mutant  (NEWHP: 250)(60,118,1)
[05:21:39]ATTACK: Gekkon attacked Mutant  (NEWHP: 250)(60,118,1)
[05:21:41]ATTACK: Gekkon attacked Mutant  (NEWHP: 250)(60,118,1)
[05:21:44]ATTACK: Gekkon attacked Mutant  (NEWHP: 250)(60,118,1)
[05:21:46]ATTACK: Gekkon attacked Mutant  (NEWHP: 250)(60,118,1)
[05:21:48]ATTACK: Gekkon attacked Mutant  (NEWHP: 250)(60,118,1)
[05:21:50]ATTACK: Gekkon attacked Mutant  (NEWHP: 250)(60,118,1)
[05:21:52]ATTACK: Gekkon attacked Mutant  (NEWHP: 250)(60,118,1)
[05:21:54]ATTACK: Gekkon attacked Mutant  (NEWHP: 250)(60,118,1)
[05:21:56]ATTACK: Gekkon attacked Mutant  (NEWHP: 250)(60,118,1)
[05:21:59]ATTACK: Gekkon attacked Mutant  (NEWHP: 250)(60,118,1)
[05:22:01]ATTACK: Gekkon attacked Mutant  (NEWHP: 250)(60,118,1)
[05:22:03]ATTACK: Gekkon attacked Mutant  (NEWHP: 250)(60,118,1)
[05:22:05]ATTACK: Gekkon attacked Mutant  (NEWHP: 250)(60,118,1)
[05:22:07]ATTACK: Gekkon attacked Mutant  (NEWHP: 250)(60,118,1)
[05:22:09]ATTACK: Gekkon attacked Mutant  (NEWHP: 250)(60,118,1)
[05:22:11]ATTACK: Gekkon attacked Mutant  (NEWHP: 250)(60,118,1)
[05:22:14]ATTACK: Gekkon attacked Mutant  (NEWHP: 250)(60,118,1)
[05:22:16]ATTACK: Gekkon attacked Mutant  (NEWHP: 250)(60,118,1)
[05:22:18]ATTACK: Gekkon attacked Mutant  (NEWHP: 250)(60,118,1)
[05:22:18]ATTACK: Raider shot Raider with the pellet (NEWHP: 80)(136,238,1)
[05:22:20]ATTACK: Gekkon attacked Mutant  (NEWHP: 250)(60,118,1)
[05:22:22]ATTACK: Gekkon attacked Mutant  (NEWHP: 250)(60,118,1)
[05:22:24]ATTACK: Gekkon attacked Mutant  (NEWHP: 250)(60,118,1)
[05:22:25]ATTACK: Raider shot Raider with the pellet (NEWHP: 60)(136,238,1)
[05:22:27]ATTACK: Gekkon attacked Mutant  (NEWHP: 250)(60,118,1)
[05:22:29]ATTACK: Gekkon attacked Mutant  (NEWHP: 250)(60,118,1)
[05:22:31]ATTACK: Gekkon attacked Mutant  (NEWHP: 250)(60,118,1)
[05:22:31]ATTACK: Raider shot Raider with the pellet (NEWHP: 40)(136,238,1)
[05:22:33]ATTACK: Gekkon attacked Mutant  (NEWHP: 250)(60,118,1)
[05:22:35]ATTACK: Gekkon attacked Mutant  (NEWHP: 250)(60,118,1)
[05:22:38]ATTACK: Gekkon attacked Mutant  (NEWHP: 250)(60,118,1)
[05:22:38]ATTACK: Raider shot Raider with the pellet (NEWHP: 20)(136,238,1)
[05:22:39]ATTACK: Gekkon attacked Mutant  (NEWHP: 250)(60,118,1)
[05:22:42]ATTACK: Gekkon attacked Mutant  (NEWHP: 250)(60,118,1)
[05:22:44]ATTACK: Gekkon attacked Mutant  (NEWHP: 250)(60,118,1)
[05:22:46]ATTACK: Gekkon attacked Mutant  (NEWHP: 250)(60,118,1)
[05:22:49]ATTACK: Gekkon attacked Mutant  (NEWHP: 250)(60,118,1)
[05:22:51]ATTACK: Gekkon attacked Mutant  (NEWHP: 250)(60,118,1)
[05:22:53]ATTACK: Gekkon attacked Mutant  (NEWHP: 250)(60,118,1)
[05:22:55]ATTACK: Gekkon attacked Mutant  (NEWHP: 250)(60,118,1)
[05:22:57]ATTACK: Gekkon attacked Mutant  (NEWHP: 250)(60,118,1)
[05:22:59]ATTACK: Gekkon attacked Mutant  (NEWHP: 250)(60,118,1)
[05:23:01]ATTACK: Gekkon attacked Mutant  (NEWHP: 250)(60,118,1)
[05:23:02]ATTACK: Raider shot Raider with the pellet (NEWHP: 80)(136,240,1)
[05:23:02]ATTACK: Raider shot Raider with the pellet (NEWHP: 60)(136,240,1)
[05:23:02]ATTACK: Raider shot Raider with the pellet (NEWHP: 40)(136,240,1)
[05:23:02]ATTACK: Raider shot Raider with the pellet (NEWHP: 20)(136,240,1)
[05:23:03]ATTACK: Gekkon attacked Mutant  (NEWHP: 250)(60,118,1)
[05:23:06]ATTACK: Gekkon attacked Mutant  (NEWHP: 250)(60,118,1)
[05:23:06]ATTACK: Griffin Whiteman(pahomlancer) attacked Griffin Whiteman(pahomlancer) with supermatter sword(INTENT: HELP) (DAMTYPE: BRUTE) (NEWHP: 100)(79,162,1)
[05:23:08]ATTACK: Gekkon attacked Mutant  (NEWHP: 250)(60,118,1)
[05:23:10]ATTACK: Gekkon attacked Mutant  (NEWHP: 250)(60,118,1)
[05:23:12]ATTACK: Gekkon attacked Mutant  (NEWHP: 250)(60,118,1)
[05:23:15]ATTACK: Gekkon attacked Mutant  (NEWHP: 250)(60,118,1)
[05:23:16]ATTACK: Gekkon attacked Mutant  (NEWHP: 250)(60,118,1)
[05:23:19]ATTACK: Gekkon attacked Mutant  (NEWHP: 250)(60,118,1)
[05:23:21]ATTACK: Gekkon attacked Mutant  (NEWHP: 250)(60,118,1)
[05:23:23]ATTACK: Gekkon attacked Mutant  (NEWHP: 250)(60,118,1)
[05:23:26]ATTACK: Gekkon attacked Mutant  (NEWHP: 250)(60,118,1)
[05:23:27]ATTACK: Gekkon attacked Mutant  (NEWHP: 250)(60,118,1)
[05:23:30]ATTACK: Gekkon attacked Mutant  (NEWHP: 250)(60,118,1)
[05:23:32]ATTACK: Gekkon attacked Mutant  (NEWHP: 250)(60,118,1)
[05:23:34]ATTACK: Gekkon attacked Mutant  (NEWHP: 250)(60,118,1)
[05:23:35]ATTACK: Griffin Whiteman(pahomlancer) attacked Unknown with supermatter sword(INTENT: HELP) (DAMTYPE: BRUTE) (NEWHP: -585)(86,159,1)
[05:23:36]ATTACK: Gekkon attacked Mutant  (NEWHP: 250)(60,118,1)
[05:23:38]ATTACK: Gekkon attacked Mutant  (NEWHP: 250)(60,118,1)
[05:23:40]ATTACK: Gekkon attacked Mutant  (NEWHP: 250)(60,118,1)
[05:23:43]ATTACK: Gekkon attacked Mutant  (NEWHP: 250)(60,118,1)
[05:23:45]ATTACK: Gekkon attacked Mutant  (NEWHP: 250)(60,118,1)
[05:23:47]ATTACK: Gekkon attacked Mutant  (NEWHP: 250)(60,118,1)
[05:23:49]ATTACK: Gekkon attacked Mutant  (NEWHP: 250)(60,118,1)
[05:23:51]ATTACK: Gekkon attacked Mutant  (NEWHP: 250)(60,118,1)
[05:23:54]ATTACK: Gekkon attacked Mutant  (NEWHP: 250)(60,118,1)
[05:23:55]ATTACK: Griffin Whiteman(pahomlancer) attacked Molerat with supermatter sword(INTENT: HELP) (DAMTYPE: BRUTE) (NEWHP: 49.999)(96,141,1)
[05:23:56]ATTACK: Griffin Whiteman(pahomlancer) attacked Molerat with supermatter sword(INTENT: HELP) (DAMTYPE: BRUTE) (NEWHP: 49.999)(96,141,1)
[05:23:56]ATTACK: Gekkon attacked Mutant  (NEWHP: 250)(60,118,1)
[05:23:58]ATTACK: Gekkon attacked Mutant  (NEWHP: 250)(60,118,1)
[05:23:59]ATTACK: Griffin Whiteman(pahomlancer) attacked Mutant with supermatter sword(INTENT: HELP) (DAMTYPE: BRUTE) (NEWHP: 250)(96,136,1)
[05:24:00]ATTACK: Gekkon attacked Mutant  (NEWHP: 250)(60,118,1)
[05:24:02]ATTACK: Gekkon attacked Mutant  (NEWHP: 250)(60,118,1)
[05:24:05]ATTACK: Gekkon attacked Mutant  (NEWHP: 250)(60,118,1)
[05:24:06]ATTACK: Gekkon attacked Mutant  (NEWHP: 250)(60,118,1)
[05:24:07]ATTACK: Mutant attacked Griffin Whiteman(pahomlancer)  (NEWHP: 88)(91,131,1)
[05:24:07]ATTACK: Griffin Whiteman(pahomlancer) attacked Mutant with supermatter sword(INTENT: HELP) (DAMTYPE: BRUTE) (NEWHP: 250)(90,131,1)
[05:24:09]ATTACK: Gekkon attacked Mutant  (NEWHP: 250)(60,118,1)
[05:24:11]ATTACK: Gekkon attacked Mutant  (NEWHP: 250)(60,118,1)
[05:24:13]ATTACK: Gekkon attacked Mutant  (NEWHP: 250)(60,118,1)
[05:24:15]ATTACK: Gekkon attacked Mutant  (NEWHP: 250)(60,118,1)
[05:24:18]ATTACK: Gekkon attacked Mutant  (NEWHP: 250)(60,118,1)
[05:24:20]ATTACK: Gekkon attacked Mutant  (NEWHP: 250)(60,118,1)
[05:24:22]ATTACK: Gekkon attacked Mutant  (NEWHP: 250)(60,118,1)
[05:24:24]ATTACK: Gekkon attacked Mutant  (NEWHP: 250)(60,118,1)
[05:24:26]ATTACK: Gekkon attacked Mutant  (NEWHP: 250)(60,118,1)
[05:24:28]ATTACK: Gekkon attacked Mutant  (NEWHP: 250)(60,118,1)
[05:24:31]ATTACK: Gekkon attacked Mutant  (NEWHP: 250)(60,118,1)
[05:24:33]ATTACK: Gekkon attacked Mutant  (NEWHP: 250)(60,118,1)
[05:24:35]ATTACK: Gekkon attacked Mutant  (NEWHP: 250)(60,118,1)
[05:24:37]ATTACK: Gekkon attacked Mutant  (NEWHP: 250)(60,118,1)
[05:24:39]ATTACK: Gekkon attacked Mutant  (NEWHP: 250)(60,118,1)
[05:24:42]ATTACK: Gekkon attacked Mutant  (NEWHP: 250)(60,118,1)
[05:24:43]ATTACK: Gekkon attacked Mutant  (NEWHP: 250)(60,118,1)
[05:24:46]ATTACK: Gekkon attacked Mutant  (NEWHP: 250)(60,118,1)
[05:24:48]ATTACK: Gekkon attacked Mutant  (NEWHP: 250)(60,118,1)
[05:24:50]ATTACK: Griffin Whiteman(pahomlancer) attacked Gekkon with supermatter sword(INTENT: HELP) (DAMTYPE: BRUTE) (NEWHP: 59.999)(92,98,1)
[05:24:50]ATTACK: Gekkon attacked Mutant  (NEWHP: 250)(60,118,1)
[05:24:50]ATTACK: Gekkon attacked Griffin Whiteman(pahomlancer)  (NEWHP: 70)(93,98,1)
[05:24:51]ATTACK: Griffin Whiteman(pahomlancer) attacked Gekkon with supermatter sword(INTENT: HELP) (DAMTYPE: BRUTE) (NEWHP: 59.999)(93,97,1)
[05:24:52]ATTACK: Gekkon attacked Mutant  (NEWHP: 250)(60,118,1)
[05:24:54]ATTACK: Gekkon attacked Mutant  (NEWHP: 250)(60,118,1)
[05:24:57]ATTACK: Gekkon attacked Mutant  (NEWHP: 250)(60,118,1)
[05:24:59]ATTACK: Gekkon attacked Mutant  (NEWHP: 250)(60,118,1)
[05:25:01]ATTACK: Griffin Whiteman(pahomlancer) attacked Griffin Whiteman(pahomlancer) with supermatter sword(INTENT: HELP) (DAMTYPE: BRUTE) (NEWHP: 42.5)(111,98,1)
[05:25:01]ATTACK: Gekkon attacked Mutant  (NEWHP: 250)(60,118,1)
[05:25:03]ATTACK: Gekkon attacked Mutant  (NEWHP: 250)(60,118,1)
[05:25:05]ATTACK: Gekkon attacked Mutant  (NEWHP: 250)(60,118,1)
[05:25:08]ATTACK: Gekkon attacked Mutant  (NEWHP: 250)(60,118,1)
[05:25:10]ATTACK: Gekkon attacked Mutant  (NEWHP: 250)(60,118,1)
[05:25:12]ATTACK: Gekkon attacked Mutant  (NEWHP: 250)(60,118,1)
[05:25:14]ATTACK: Gekkon attacked Mutant  (NEWHP: 250)(60,118,1)
[05:25:16]ATTACK: Gekkon attacked Mutant  (NEWHP: 250)(60,118,1)
[05:25:18]ATTACK: Gekkon attacked Mutant  (NEWHP: 250)(60,118,1)
[05:25:18]ATTACK: Gunner attacked Swarmer (583)(pahomlancer)  (NEWHP: 40)(16,152,1)
[05:25:21]ATTACK: Gekkon attacked Mutant  (NEWHP: 250)(60,118,1)
[05:25:23]ATTACK: Gekkon attacked Mutant  (NEWHP: 250)(60,118,1)
[05:25:25]ATTACK: Gekkon attacked Mutant  (NEWHP: 250)(60,118,1)
[05:25:27]ATTACK: Gekkon attacked Mutant  (NEWHP: 250)(60,118,1)
[05:25:29]ATTACK: Gekkon attacked Mutant  (NEWHP: 250)(60,118,1)
[05:25:31]ATTACK: Gekkon attacked Mutant  (NEWHP: 250)(60,118,1)
[05:25:34]ATTACK: Gekkon attacked Mutant  (NEWHP: 250)(60,118,1)
[05:25:36]ATTACK: Gekkon attacked Mutant  (NEWHP: 250)(60,118,1)
[05:25:38]ATTACK: Gekkon attacked Mutant  (NEWHP: 250)(60,118,1)
[05:25:40]ATTACK: Gekkon attacked Mutant  (NEWHP: 250)(60,118,1)
[05:25:43]ATTACK: Gekkon attacked Mutant  (NEWHP: 250)(60,118,1)
[05:25:44]ATTACK: Gekkon attacked Mutant  (NEWHP: 250)(60,118,1)
[05:25:47]ATTACK: Gekkon attacked Mutant  (NEWHP: 250)(60,118,1)
[05:25:49]ATTACK: Gekkon attacked Mutant  (NEWHP: 250)(60,118,1)
[05:25:51]ATTACK: Gekkon attacked Mutant  (NEWHP: 250)(60,118,1)
[05:25:54]ATTACK: Gekkon attacked Mutant  (NEWHP: 250)(60,118,1)
[05:25:55]ATTACK: Gekkon attacked Mutant  (NEWHP: 250)(60,118,1)
[05:25:58]ATTACK: Gekkon attacked Mutant  (NEWHP: 250)(60,118,1)
[05:26:00]ATTACK: Gekkon attacked Mutant  (NEWHP: 250)(60,118,1)
[05:26:02]ATTACK: Gekkon attacked Mutant  (NEWHP: 250)(60,118,1)
[05:26:04]ATTACK: Gekkon attacked Mutant  (NEWHP: 250)(60,118,1)
[05:26:06]ATTACK: Gekkon attacked Mutant  (NEWHP: 250)(60,118,1)
[05:26:08]ATTACK: Gekkon attacked Mutant  (NEWHP: 250)(60,118,1)
[05:26:11]ATTACK: Gekkon attacked Mutant  (NEWHP: 250)(60,118,1)
[05:26:13]ATTACK: Gekkon attacked Mutant  (NEWHP: 250)(60,118,1)
[05:26:15]ATTACK: Gekkon attacked Mutant  (NEWHP: 250)(60,118,1)
[05:26:17]ATTACK: Gekkon attacked Mutant  (NEWHP: 250)(60,118,1)
[05:26:19]ATTACK: Gekkon attacked Mutant  (NEWHP: 250)(60,118,1)
[05:26:22]ATTACK: Gekkon attacked Mutant  (NEWHP: 250)(60,118,1)
[05:26:24]ATTACK: Gekkon attacked Mutant  (NEWHP: 250)(60,118,1)
[05:26:26]ATTACK: Gekkon attacked Mutant  (NEWHP: 250)(60,118,1)
[05:26:28]ATTACK: Gekkon attacked Mutant  (NEWHP: 250)(60,118,1)
[05:26:31]ATTACK: Gekkon attacked Mutant  (NEWHP: 250)(60,118,1)
[05:26:33]ATTACK: Gekkon attacked Mutant  (NEWHP: 250)(60,118,1)
[05:26:35]ATTACK: Gekkon attacked Mutant  (NEWHP: 250)(60,118,1)
[05:26:37]ATTACK: Gekkon attacked Mutant  (NEWHP: 250)(60,118,1)
[05:26:39]ATTACK: Gekkon attacked Mutant  (NEWHP: 250)(60,118,1)
[05:26:41]ATTACK: Gekkon attacked Mutant  (NEWHP: 250)(60,118,1)
[05:26:43]ATTACK: Gekkon attacked Mutant  (NEWHP: 250)(60,118,1)
[05:26:46]ATTACK: Gekkon attacked Mutant  (NEWHP: 250)(60,118,1)
[05:26:48]ATTACK: Gekkon attacked Mutant  (NEWHP: 250)(60,118,1)
[05:26:50]ATTACK: Gekkon attacked Mutant  (NEWHP: 250)(60,118,1)
[05:26:52]ATTACK: Gekkon attacked Mutant  (NEWHP: 250)(60,118,1)
[05:26:54]ATTACK: Gekkon attacked Mutant  (NEWHP: 250)(60,118,1)
[05:26:57]ATTACK: Gekkon attacked Mutant  (NEWHP: 250)(60,118,1)
[05:26:59]ATTACK: Gekkon attacked Mutant  (NEWHP: 250)(60,118,1)
[05:27:01]ATTACK: Gekkon attacked Mutant  (NEWHP: 250)(60,118,1)
[05:27:03]ATTACK: Gekkon attacked Mutant  (NEWHP: 250)(60,118,1)
[05:27:05]ATTACK: Gekkon attacked Mutant  (NEWHP: 250)(60,118,1)
[05:27:07]ATTACK: Gekkon attacked Mutant  (NEWHP: 250)(60,118,1)
[05:27:10]ATTACK: Gekkon attacked Mutant  (NEWHP: 250)(60,118,1)
[05:27:12]ATTACK: Gekkon attacked Mutant  (NEWHP: 250)(60,118,1)
[05:27:14]ATTACK: Gekkon attacked Mutant  (NEWHP: 250)(60,118,1)
[05:27:16]ATTACK: Gekkon attacked Mutant  (NEWHP: 250)(60,118,1)
[05:27:19]ATTACK: Gekkon attacked Mutant  (NEWHP: 250)(60,118,1)
[05:27:21]ATTACK: Gekkon attacked Mutant  (NEWHP: 250)(60,118,1)
[05:27:23]ATTACK: Gekkon attacked Mutant  (NEWHP: 250)(60,118,1)
[05:27:25]ATTACK: Gekkon attacked Mutant  (NEWHP: 250)(60,118,1)
[05:27:27]ATTACK: Gekkon attacked Mutant  (NEWHP: 250)(60,118,1)
[05:27:29]ATTACK: Gekkon attacked Mutant  (NEWHP: 250)(60,118,1)
[05:27:32]ATTACK: Gekkon attacked Mutant  (NEWHP: 250)(60,118,1)
[05:27:34]ATTACK: Gekkon attacked Mutant  (NEWHP: 250)(60,118,1)
[05:27:36]ATTACK: Gekkon attacked Mutant  (NEWHP: 250)(60,118,1)
[05:27:38]ATTACK: Gekkon attacked Mutant  (NEWHP: 250)(60,118,1)
[05:27:40]ATTACK: Gekkon attacked Mutant  (NEWHP: 250)(60,118,1)
[05:27:43]ATTACK: Gekkon attacked Mutant  (NEWHP: 250)(60,118,1)
[05:27:45]ATTACK: Gekkon attacked Mutant  (NEWHP: 250)(60,118,1)
[05:27:47]ATTACK: Gekkon attacked Mutant  (NEWHP: 250)(60,118,1)
[05:27:49]ATTACK: Gekkon attacked Mutant  (NEWHP: 250)(60,118,1)
[05:27:51]ATTACK: Gekkon attacked Mutant  (NEWHP: 250)(60,118,1)
[05:27:54]ATTACK: Gekkon attacked Mutant  (NEWHP: 250)(60,118,1)
[05:27:56]ATTACK: Gekkon attacked Mutant  (NEWHP: 250)(60,118,1)
[05:27:58]ATTACK: Gekkon attacked Mutant  (NEWHP: 250)(60,118,1)
[05:28:00]ATTACK: Gekkon attacked Mutant  (NEWHP: 250)(60,118,1)
[05:28:03]ATTACK: Gekkon attacked Mutant  (NEWHP: 250)(60,118,1)
[05:28:05]ATTACK: Gekkon attacked Mutant  (NEWHP: 250)(60,118,1)
[05:28:07]ATTACK: Gekkon attacked Mutant  (NEWHP: 250)(60,118,1)
[05:28:09]ATTACK: Gekkon attacked Mutant  (NEWHP: 250)(60,118,1)
[05:28:12]ATTACK: Gekkon attacked Mutant  (NEWHP: 250)(60,118,1)
[05:28:14]ATTACK: Gekkon attacked Mutant  (NEWHP: 250)(60,118,1)
[05:28:16]ATTACK: Gekkon attacked Mutant  (NEWHP: 250)(60,118,1)
[05:28:18]ATTACK: Gekkon attacked Mutant  (NEWHP: 250)(60,118,1)
[05:28:20]ATTACK: Gekkon attacked Mutant  (NEWHP: 250)(60,118,1)
[05:28:22]ATTACK: Gekkon attacked Mutant  (NEWHP: 250)(60,118,1)
[05:28:25]ATTACK: Gekkon attacked Mutant  (NEWHP: 250)(60,118,1)
[05:28:27]ATTACK: Gekkon attacked Mutant  (NEWHP: 250)(60,118,1)
[05:28:29]ATTACK: Gekkon attacked Mutant  (NEWHP: 250)(60,118,1)
[05:28:31]ATTACK: Gekkon attacked Mutant  (NEWHP: 250)(60,118,1)
[05:28:33]ATTACK: Gekkon attacked Mutant  (NEWHP: 250)(60,118,1)
[05:28:36]ATTACK: Gekkon attacked Mutant  (NEWHP: 250)(60,118,1)
[05:28:38]ATTACK: Gekkon attacked Mutant  (NEWHP: 250)(60,118,1)
[05:28:40]ATTACK: Gekkon attacked Mutant  (NEWHP: 250)(60,118,1)
[05:28:42]ATTACK: Gekkon attacked Mutant  (NEWHP: 250)(60,118,1)
[05:28:44]ATTACK: Gekkon attacked Mutant  (NEWHP: 250)(60,118,1)
[05:28:47]ATTACK: Gekkon attacked Mutant  (NEWHP: 250)(60,118,1)
[05:28:49]ATTACK: Gekkon attacked Mutant  (NEWHP: 250)(60,118,1)
[05:28:51]ATTACK: Gekkon attacked Mutant  (NEWHP: 250)(60,118,1)
[05:28:54]ATTACK: Gekkon attacked Mutant  (NEWHP: 250)(60,118,1)
[05:28:56]ATTACK: Gekkon attacked Mutant  (NEWHP: 250)(60,118,1)
[05:28:58]ATTACK: Gekkon attacked Mutant  (NEWHP: 250)(60,118,1)
[05:29:00]ATTACK: Gekkon attacked Mutant  (NEWHP: 250)(60,118,1)
[05:29:02]ATTACK: Gekkon attacked Mutant  (NEWHP: 250)(60,118,1)
[05:29:04]ATTACK: Gekkon attacked Mutant  (NEWHP: 250)(60,118,1)
[05:29:07]ATTACK: Gekkon attacked Mutant  (NEWHP: 250)(60,118,1)
[05:29:09]ATTACK: Gekkon attacked Mutant  (NEWHP: 250)(60,118,1)
[05:29:11]ATTACK: Gekkon attacked Mutant  (NEWHP: 250)(60,118,1)
[05:29:13]ATTACK: Gekkon attacked Mutant  (NEWHP: 250)(60,118,1)
[05:29:16]ATTACK: Gekkon attacked Mutant  (NEWHP: 250)(60,118,1)
[05:29:18]ATTACK: Gekkon attacked Mutant  (NEWHP: 250)(60,118,1)
[05:29:20]ATTACK: Gekkon attacked Mutant  (NEWHP: 250)(60,118,1)
[05:29:22]ATTACK: Gekkon attacked Mutant  (NEWHP: 250)(60,118,1)
[05:29:24]ATTACK: Gekkon attacked Mutant  (NEWHP: 250)(60,118,1)
[05:29:27]ATTACK: Gekkon attacked Mutant  (NEWHP: 250)(60,118,1)
[05:29:29]ATTACK: Gekkon attacked Mutant  (NEWHP: 250)(60,118,1)
[05:29:31]ATTACK: Gekkon attacked Mutant  (NEWHP: 250)(60,118,1)
[05:29:34]ATTACK: Gekkon attacked Mutant  (NEWHP: 250)(60,118,1)
[05:29:36]ATTACK: Gekkon attacked Mutant  (NEWHP: 250)(60,118,1)
[05:29:38]ATTACK: Gekkon attacked Mutant  (NEWHP: 250)(60,118,1)
[05:29:40]ATTACK: Gekkon attacked Mutant  (NEWHP: 250)(60,118,1)
[05:29:42]ATTACK: Gekkon attacked Mutant  (NEWHP: 250)(60,118,1)
[05:29:44]ATTACK: Gekkon attacked Mutant  (NEWHP: 250)(60,118,1)
[05:29:47]ATTACK: Gekkon attacked Mutant  (NEWHP: 250)(60,118,1)
[05:29:49]ATTACK: Gekkon attacked Mutant  (NEWHP: 250)(60,118,1)
[05:29:51]ATTACK: Gekkon attacked Mutant  (NEWHP: 250)(60,118,1)
[05:29:53]ATTACK: Gekkon attacked Mutant  (NEWHP: 250)(60,118,1)
[05:29:56]ATTACK: Gekkon attacked Mutant  (NEWHP: 250)(60,118,1)
[05:29:58]ATTACK: Gekkon attacked Mutant  (NEWHP: 250)(60,118,1)
[05:30:00]ATTACK: Gekkon attacked Mutant  (NEWHP: 250)(60,118,1)
[05:30:02]ATTACK: Gekkon attacked Mutant  (NEWHP: 250)(60,118,1)
[05:30:05]ATTACK: Gekkon attacked Mutant  (NEWHP: 250)(60,118,1)
[05:30:07]ATTACK: Gekkon attacked Mutant  (NEWHP: 250)(60,118,1)
[05:30:09]ATTACK: Gekkon attacked Mutant  (NEWHP: 250)(60,118,1)
[05:30:11]ATTACK: Gekkon attacked Mutant  (NEWHP: 250)(60,118,1)
[05:30:13]ATTACK: Gekkon attacked Mutant  (NEWHP: 250)(60,118,1)
[05:30:16]ATTACK: Gekkon attacked Mutant  (NEWHP: 250)(60,118,1)
[05:30:18]ATTACK: Gekkon attacked Mutant  (NEWHP: 250)(60,118,1)
[05:30:20]ATTACK: Gekkon attacked Mutant  (NEWHP: 250)(60,118,1)
[05:30:22]ATTACK: Gekkon attacked Mutant  (NEWHP: 250)(60,118,1)
[05:30:25]ATTACK: Gekkon attacked Mutant  (NEWHP: 250)(60,118,1)
[05:30:27]ATTACK: Gekkon attacked Mutant  (NEWHP: 250)(60,118,1)
[05:30:27]ATTACK: Molerat attacked Phazon (107,123,1)
[05:30:29]ATTACK: Gekkon attacked Mutant  (NEWHP: 250)(60,118,1)
[05:30:29]ATTACK: Molerat attacked Phazon (107,123,1)
[05:30:31]ATTACK: Gekkon attacked Mutant  (NEWHP: 250)(60,118,1)
[05:30:32]ATTACK: Molerat attacked Phazon (107,123,1)
[05:30:32]ATTACK: Molerat attacked Phazon (107,123,1)
[05:30:33]ATTACK: Griffin Whiteman(pahomlancer) pushed Molerat with the Phazon (NEWHP: 50)(107,121,1)
[05:30:34]ATTACK: Gekkon attacked Mutant  (NEWHP: 250)(60,118,1)
[05:30:34]ATTACK: Molerat attacked Phazon (106,123,1)
[05:30:36]ATTACK: Gekkon attacked Mutant  (NEWHP: 250)(60,118,1)
[05:30:36]ATTACK: Molerat attacked Phazon (106,122,1)
[05:30:36]ATTACK: Molerat attacked Phazon (106,122,1)
[05:30:37]ATTACK: Griffin Whiteman(pahomlancer) pushed Molerat with the Phazon (NEWHP: 50)(108,122,1)
[05:30:38]ATTACK: Gekkon attacked Mutant  (NEWHP: 250)(60,118,1)
[05:30:38]ATTACK: Molerat attacked Phazon (106,122,1)
[05:30:38]ATTACK: Molerat attacked Phazon (106,122,1)
[05:30:40]ATTACK: Gekkon attacked Mutant  (NEWHP: 250)(60,118,1)
[05:30:41]ATTACK: Molerat attacked Phazon (106,122,1)
[05:30:41]ATTACK: Molerat attacked Phazon (106,122,1)
[05:30:43]ATTACK: Gekkon attacked Mutant  (NEWHP: 250)(60,118,1)
[05:30:43]ATTACK: Molerat attacked Phazon (106,122,1)
[05:30:43]ATTACK: Molerat attacked Phazon (106,122,1)
[05:30:44]ATTACK: Griffin Whiteman(pahomlancer) pushed Molerat with the Phazon (NEWHP: 50)(108,122,1)
[05:30:45]ATTACK: Griffin Whiteman(pahomlancer) pushed Molerat with the Phazon (NEWHP: 50)(108,122,1)
[05:30:45]ATTACK: Gekkon attacked Mutant  (NEWHP: 250)(60,118,1)
[05:30:45]ATTACK: Molerat attacked Phazon (106,122,1)
[05:30:47]ATTACK: Gekkon attacked Mutant  (NEWHP: 250)(60,118,1)
[05:30:47]ATTACK: Molerat attacked Phazon (106,125,1)
[05:30:49]ATTACK: Gekkon attacked Mutant  (NEWHP: 250)(60,118,1)
[05:30:52]ATTACK: Gekkon attacked Mutant  (NEWHP: 250)(60,118,1)
[05:30:54]ATTACK: Gekkon attacked Mutant  (NEWHP: 250)(60,118,1)
[05:30:56]ATTACK: Gekkon attacked Mutant  (NEWHP: 250)(60,118,1)
[05:30:58]ATTACK: Gekkon attacked Mutant  (NEWHP: 250)(60,118,1)
[05:31:01]ATTACK: Gekkon attacked Mutant  (NEWHP: 250)(60,118,1)
[05:31:03]ATTACK: Gekkon attacked Mutant  (NEWHP: 250)(60,118,1)
[05:31:05]ATTACK: Gekkon attacked Mutant  (NEWHP: 250)(60,118,1)
[05:31:08]ATTACK: Gekkon attacked Mutant  (NEWHP: 250)(60,118,1)
[05:31:10]ATTACK: Gekkon attacked Mutant  (NEWHP: 250)(60,118,1)
[05:31:12]ATTACK: Gekkon attacked Mutant  (NEWHP: 250)(60,118,1)
[05:31:14]ATTACK: Gekkon attacked Mutant  (NEWHP: 250)(60,118,1)
[05:31:17]ATTACK: Gekkon attacked Mutant  (NEWHP: 250)(60,118,1)
[05:31:19]ATTACK: Gekkon attacked Mutant  (NEWHP: 250)(60,118,1)
[05:31:21]ATTACK: Gekkon attacked Mutant  (NEWHP: 250)(60,118,1)
[05:31:23]ATTACK: Gekkon attacked Mutant  (NEWHP: 250)(60,118,1)
[05:31:26]ATTACK: Gekkon attacked Mutant  (NEWHP: 250)(60,118,1)
[05:31:28]ATTACK: Gekkon attacked Mutant  (NEWHP: 250)(60,118,1)
[05:31:30]ATTACK: Gekkon attacked Mutant  (NEWHP: 250)(60,118,1)
[05:31:32]ATTACK: Gekkon attacked Mutant  (NEWHP: 250)(60,118,1)
[05:31:35]ATTACK: Gekkon attacked Mutant  (NEWHP: 250)(60,118,1)
[05:31:37]ATTACK: Gekkon attacked Mutant  (NEWHP: 250)(60,118,1)
[05:31:39]ATTACK: Gekkon attacked Mutant  (NEWHP: 250)(60,118,1)
[05:31:41]ATTACK: Gekkon attacked Mutant  (NEWHP: 250)(60,118,1)
[05:31:44]ATTACK: Gekkon attacked Mutant  (NEWHP: 250)(60,118,1)
[05:31:46]ATTACK: Gekkon attacked Mutant  (NEWHP: 250)(60,118,1)
[05:31:48]ATTACK: Gekkon attacked Mutant  (NEWHP: 250)(60,118,1)
[05:31:51]ATTACK: Gekkon attacked Mutant  (NEWHP: 250)(60,118,1)
[05:31:53]ATTACK: Gekkon attacked Mutant  (NEWHP: 250)(60,118,1)
[05:31:55]ATTACK: Gekkon attacked Mutant  (NEWHP: 250)(60,118,1)
[05:31:57]ATTACK: Gekkon attacked Mutant  (NEWHP: 250)(60,118,1)
[05:32:00]ATTACK: Gekkon attacked Mutant  (NEWHP: 250)(60,118,1)
[05:32:02]ATTACK: Gekkon attacked Mutant  (NEWHP: 250)(60,118,1)
[05:32:04]ATTACK: Gekkon attacked Mutant  (NEWHP: 250)(60,118,1)
[05:32:06]ATTACK: Gekkon attacked Mutant  (NEWHP: 250)(60,118,1)
[05:32:09]ATTACK: Gekkon attacked Mutant  (NEWHP: 250)(60,118,1)
[05:32:11]ATTACK: Gekkon attacked Mutant  (NEWHP: 250)(60,118,1)
[05:32:13]ATTACK: Gekkon attacked Mutant  (NEWHP: 250)(60,118,1)
[05:32:15]ATTACK: Gekkon attacked Mutant  (NEWHP: 250)(60,118,1)
[05:32:18]ATTACK: Gekkon attacked Mutant  (NEWHP: 250)(60,118,1)
[05:32:21]ATTACK: Gekkon attacked Mutant  (NEWHP: 250)(60,118,1)
[05:32:23]ATTACK: Gekkon attacked Mutant  (NEWHP: 250)(60,118,1)
[05:32:23]ATTACK: Griffin Whiteman(pahomlancer) pushed Gunner with the Seraph (NEWHP: 270)(65,117,1)
[05:32:24]ATTACK: Griffin Whiteman(pahomlancer) pushed Gunner with the Seraph (NEWHP: 270)(66,117,1)
[05:32:25]ATTACK: Gekkon attacked Mutant  (NEWHP: 250)(60,118,1)
[05:32:25]ATTACK: Griffin Whiteman(pahomlancer) pushed Gunner with the Seraph (NEWHP: 270)(67,118,1)
[05:32:27]ATTACK: Gekkon attacked Mutant  (NEWHP: 250)(60,118,1)
[05:32:28]ATTACK: Griffin Whiteman(pahomlancer) attacked Gunner with the Seraph(INTENT: HARM) (DAMTYPE: BRUTE) (NEWHP: 234)(68,119,1)
[05:32:29]ATTACK: Gekkon attacked Mutant  (NEWHP: 250)(60,118,1)
[05:32:31]ATTACK: Griffin Whiteman(pahomlancer) attacked Gunner with the Seraph(INTENT: HARM) (DAMTYPE: BRUTE) (NEWHP: 175)(69,120,1)
[05:32:32]ATTACK: Gekkon attacked Mutant  (NEWHP: 250)(60,118,1)
[05:32:34]ATTACK: Gekkon attacked Mutant  (NEWHP: 250)(60,118,1)
[05:32:35]ATTACK: Gunner shot Griffin Whiteman(pahomlancer) with the bullet (NEWHP: 100)(72,118,1)
[05:32:35]ATTACK: Gunner shot Griffin Whiteman(pahomlancer) with the bullet (NEWHP: 100)(73,118,1)
[05:32:36]ATTACK: Gekkon attacked Mutant  (NEWHP: 250)(60,118,1)
[05:32:36]ATTACK: Mutant attacked Gekkon  (NEWHP: 60)(59,117,1)
[05:32:38]ATTACK: Gekkon attacked Mutant  (NEWHP: 250)(60,118,1)
[05:32:38]ATTACK: Mutant attacked Gekkon  (NEWHP: 28)(59,117,1)
[05:44:48]ATTACK: Griffin Whiteman(pahomlancer) shaked Academy Teacher  (NEWHP: 100)(111,176,1)
[05:45:04]ATTACK: Griffin Whiteman(pahomlancer) stripped Academy Teacher of the wizard staff (NEWHP: 100)(108,183,1)
[05:45:05]ATTACK: Griffin Whiteman(pahomlancer) stripped Academy Teacher of the backpack (NEWHP: 100)(108,183,1)
[05:49:57]ATTACK: NON-EXISTANT SUBJECT shot Molerat with the heavy laser (NEWHP: 0)(165,174,6)


Starting up. 15:01.42
---------------------


Starting up. 17:36.55
---------------------
[17:38:04]ATTACK: rad scorpion (69) attacked Default Cyborg-616  (NEWHP: 100)(40,159,1)
[17:38:06]ATTACK: rad scorpion (69) attacked Default Cyborg-616  (NEWHP: 92)(40,159,1)
[17:38:06]ATTACK: giant rad scorpion (910) attacked Default Cyborg-616  (NEWHP: 87)(40,159,1)
[17:38:08]ATTACK: rad scorpion (69) attacked Default Cyborg-616  (NEWHP: 69)(40,159,1)
[17:38:08]ATTACK: giant rad scorpion (910) attacked Default Cyborg-616  (NEWHP: 61)(40,159,1)
[17:38:10]ATTACK: rad scorpion (69) attacked Default Cyborg-616  (NEWHP: 41)(40,159,1)
[17:38:10]ATTACK: giant rad scorpion (910) attacked Default Cyborg-616  (NEWHP: 34)(40,159,1)
[17:38:12]ATTACK: rad scorpion (69) attacked Default Cyborg-616  (NEWHP: 19)(40,159,1)
[17:38:12]ATTACK: giant rad scorpion (910) attacked Default Cyborg-616  (NEWHP: 13)(40,159,1)
[17:38:15]ATTACK: rad scorpion (69) attacked Default Cyborg-616  (NEWHP: -6)(40,159,1)
[17:38:15]ATTACK: giant rad scorpion (910) attacked Default Cyborg-616  (NEWHP: -15)(40,159,1)
[17:38:17]ATTACK: rad scorpion (69) attacked Default Cyborg-616  (NEWHP: -30)(40,159,1)
[17:38:17]ATTACK: giant rad scorpion (910) attacked Default Cyborg-616  (NEWHP: -37)(40,159,1)
[17:38:19]ATTACK: rad scorpion (69) attacked Default Cyborg-616  (NEWHP: -52)(40,159,1)
[17:38:19]ATTACK: giant rad scorpion (910) attacked Default Cyborg-616  (NEWHP: -57)(40,159,1)
[17:38:21]ATTACK: rad scorpion (69) attacked Default Cyborg-616  (NEWHP: -76)(40,159,1)
[17:38:21]ATTACK: giant rad scorpion (910) attacked Default Cyborg-616  (NEWHP: -83)(40,159,1)
[17:38:23]ATTACK: rad scorpion (69) attacked Default Cyborg-616  (NEWHP: -98)(40,159,1)
[17:39:07]ATTACK: venus human trap attacked venus human trap  (NEWHP: 75)(158,158,1)
[17:39:14]ATTACK: venus human trap attacked venus human trap  (NEWHP: 55)(158,159,1)
[17:39:14]ATTACK: venus human trap attacked venus human trap  (NEWHP: 45)(157,158,1)
[17:39:16]ATTACK: venus human trap attacked venus human trap  (NEWHP: 30)(158,159,1)
[17:39:16]ATTACK: venus human trap attacked venus human trap  (NEWHP: 20)(157,159,1)
[17:39:18]ATTACK: venus human trap attacked Space Bat  (NEWHP: 0)(165,158,1)
[17:39:28]ATTACK: venus human trap attacked venus human trap  (NEWHP: 70)(174,165,1)
[17:39:28]ATTACK: venus human trap attacked venus human trap  (NEWHP: 45)(173,165,1)
[17:39:30]ATTACK: venus human trap attacked venus human trap  (NEWHP: 45)(174,164,1)
[17:39:30]ATTACK: venus human trap attacked venus human trap  (NEWHP: 20)(173,165,1)
[17:39:45]ATTACK: venus human trap attacked Space Bat  (NEWHP: 0)(163,157,1)
[17:39:53]ATTACK: venus human trap attacked Space Bat  (NEWHP: 0)(164,156,1)
[17:40:53]ATTACK: venus human trap attacked Space Bat  (NEWHP: 0)(164,157,1)
[17:41:21]ATTACK: venus human trap attacked Space Bat  (NEWHP: 0)(164,157,1)
[17:42:03]ATTACK: venus human trap attacked Space Bat  (NEWHP: 0)(163,157,1)
[17:42:24]ATTACK: venus human trap attacked Space Bat  (NEWHP: 0)(163,155,1)
[17:42:26]ATTACK: venus human trap attacked Space Bat  (NEWHP: 0)(163,155,1)
[17:42:45]ATTACK: venus human trap attacked Space Bat  (NEWHP: 0)(162,156,1)
[17:42:47]ATTACK: venus human trap attacked Space Bat  (NEWHP: 0)(162,156,1)
[17:42:49]ATTACK: venus human trap attacked Space Bat  (NEWHP: 0)(162,156,1)
[17:43:08]ATTACK: venus human trap attacked Space Bat  (NEWHP: 0)(162,158,1)
[17:43:12]ATTACK: venus human trap attacked Space Bat  (NEWHP: 0)(162,157,1)
[17:43:14]ATTACK: venus human trap attacked Space Bat  (NEWHP: 0)(162,157,1)
[17:43:18]ATTACK: venus human trap attacked Space Bat  (NEWHP: 0)(162,157,1)
[17:43:22]ATTACK: venus human trap attacked Space Bat  (NEWHP: 0)(162,157,1)
[17:43:37]ATTACK: venus human trap attacked Space Bat  (NEWHP: 0)(162,157,1)
[17:44:49]ATTACK: Raider shot Raider with the pellet (NEWHP: 80)(150,98,1)
[17:44:49]ATTACK: Raider shot Raider with the pellet (NEWHP: 60)(150,98,1)
[17:44:53]ATTACK: Raider shot Gekkon with the pellet (NEWHP: 40)(163,98,1)
[17:44:53]ATTACK: Raider shot Raider with the bullet (NEWHP: 25)(166,98,1)
[17:44:55]ATTACK: Raider attacked Gekkon  (NEWHP: 40)(170,99,1)
[17:44:59]ATTACK: Raider shot Gekkon with the pellet (NEWHP: 0)(187,99,1)
[17:45:00]ATTACK: Raider shot Raider with the pellet (NEWHP: 80)(189,106,1)
[17:45:00]ATTACK: Raider shot Raider with the pellet (NEWHP: 60)(189,106,1)
[17:45:00]ATTACK: Raider shot Raider with the pellet (NEWHP: 40)(188,106,1)
[17:48:16]ATTACK: Raider shot Gekkon with the pellet (NEWHP: 40)(141,88,1)
[17:48:19]ATTACK: Gekkon attacked Raider  (NEWHP: 100)(141,91,1)
[17:48:19]ATTACK: Raider attacked Gekkon  (NEWHP: 40)(141,90,1)
[17:48:21]ATTACK: Gekkon attacked Raider  (NEWHP: 89)(142,98,1)
[17:48:21]ATTACK: Raider attacked Gekkon  (NEWHP: 15)(141,97,1)
[17:54:40]ATTACK: venus human trap attacked Engineering Cyborg-711(pahomlancer)  (NEWHP: 100)(176,167,1)
[17:54:42]ATTACK: venus human trap attacked Engineering Cyborg-711(pahomlancer)  (NEWHP: 75)(176,168,1)
[17:54:44]ATTACK: venus human trap attacked Engineering Cyborg-711(pahomlancer)  (NEWHP: 50)(176,168,1)
[17:54:46]ATTACK: venus human trap attacked Engineering Cyborg-711(pahomlancer)  (NEWHP: 25)(176,168,1)
[17:54:48]ATTACK: venus human trap attacked Engineering Cyborg-711(pahomlancer)  (NEWHP: 0)(177,167,1)
[17:54:50]ATTACK: venus human trap attacked Engineering Cyborg-711(pahomlancer)  (NEWHP: -25)(177,166,1)
[17:54:52]ATTACK: venus human trap attacked Engineering Cyborg-711(pahomlancer)  (NEWHP: -50)(176,166,1)
[17:54:55]ATTACK: venus human trap attacked Engineering Cyborg-711(pahomlancer)  (NEWHP: -75)(177,167,1)
[17:56:05]ATTACK: venus human trap attacked Engineering Cyborg-711  (NEWHP: -100)(176,164,1)
