

Starting up. 00:20.15
---------------------
[00:21:07]ATTACK: rad scorpion (799) attacked Default Cyborg-26  (NEWHP: 100)(40,159,1)
[00:21:09]ATTACK: rad scorpion (799) attacked Default Cyborg-26  (NEWHP: 91)(40,159,1)
[00:21:09]ATTACK: giant rad scorpion (833) attacked Default Cyborg-26  (NEWHP: 82)(40,159,1)
[00:21:11]ATTACK: rad scorpion (799) attacked Default Cyborg-26  (NEWHP: 65)(40,159,1)
[00:21:11]ATTACK: giant rad scorpion (833) attacked Default Cyborg-26  (NEWHP: 56)(40,159,1)
[00:21:13]ATTACK: rad scorpion (799) attacked Default Cyborg-26  (NEWHP: 36)(40,159,1)
[00:21:13]ATTACK: giant rad scorpion (833) attacked Default Cyborg-26  (NEWHP: 30)(40,159,1)
[00:21:15]ATTACK: rad scorpion (799) attacked Default Cyborg-26  (NEWHP: 10)(40,159,1)
[00:21:15]ATTACK: giant rad scorpion (833) attacked Default Cyborg-26  (NEWHP: 3)(40,159,1)
[00:21:18]ATTACK: rad scorpion (799) attacked Default Cyborg-26  (NEWHP: -13)(40,159,1)
[00:21:18]ATTACK: giant rad scorpion (833) attacked Default Cyborg-26  (NEWHP: -18)(40,159,1)
[00:21:20]ATTACK: rad scorpion (799) attacked Default Cyborg-26  (NEWHP: -34)(40,159,1)
[00:21:20]ATTACK: giant rad scorpion (833) attacked Default Cyborg-26  (NEWHP: -44)(40,159,1)
[00:21:22]ATTACK: rad scorpion (799) attacked Default Cyborg-26  (NEWHP: -59)(40,159,1)
[00:21:22]ATTACK: giant rad scorpion (833) attacked Default Cyborg-26  (NEWHP: -66)(40,159,1)
[00:21:24]ATTACK: giant rad scorpion (833) attacked Default Cyborg-26  (NEWHP: -81)(40,159,1)
[00:21:26]ATTACK: rad scorpion (799) attacked Default Cyborg-26  (NEWHP: -96)(40,159,1)
[00:22:10]ATTACK: venus human trap attacked Space Bat  (NEWHP: 0)(164,157,1)
[00:22:12]ATTACK: venus human trap attacked Space Bat  (NEWHP: 0)(164,157,1)
[00:22:14]ATTACK: venus human trap attacked venus human trap  (NEWHP: 65)(160,160,1)
[00:22:14]ATTACK: venus human trap attacked venus human trap  (NEWHP: 60)(159,160,1)
[00:22:18]ATTACK: venus human trap attacked venus human trap  (NEWHP: 25)(160,160,1)
[00:22:21]ATTACK: venus human trap attacked venus human trap  (NEWHP: 65)(172,163,1)
[00:22:21]ATTACK: venus human trap attacked venus human trap  (NEWHP: 70)(171,164,1)
[00:22:23]ATTACK: venus human trap attacked venus human trap  (NEWHP: 45)(170,164,1)
[00:22:25]ATTACK: venus human trap attacked venus human trap  (NEWHP: 30)(171,163,1)
[00:22:25]ATTACK: venus human trap attacked venus human trap  (NEWHP: 20)(171,164,1)
[00:22:47]ATTACK: venus human trap attacked Space Bat  (NEWHP: 0)(164,157,1)
[00:23:00]ATTACK: venus human trap attacked Space Bat  (NEWHP: 0)(164,157,1)
[00:23:06]ATTACK: venus human trap attacked Space Bat  (NEWHP: 0)(164,157,1)
[00:23:08]ATTACK: venus human trap attacked Space Bat  (NEWHP: 0)(164,157,1)
[00:23:14]ATTACK: venus human trap attacked Space Bat  (NEWHP: 0)(164,157,1)
[00:23:35]ATTACK: venus human trap attacked Space Bat  (NEWHP: 0)(164,157,1)
[00:23:37]ATTACK: venus human trap attacked Space Bat  (NEWHP: 0)(164,157,1)
[00:25:13]ATTACK: venus human trap attacked venus human trap  (NEWHP: 55)(159,154,1)
[00:25:15]ATTACK: venus human trap attacked venus human trap  (NEWHP: 30)(159,153,1)
[00:28:09]ATTACK: Cazador attacked brahmin  (NEWHP: 20)(227,145,1)
[00:29:21]ATTACK: Cazador attacked brahmin  (NEWHP: 20)(225,145,1)
[00:30:02]ATTACK: Cazador attacked brahmin  (NEWHP: 20)(226,145,1)
[00:31:16]ATTACK: venus human trap attacked Space Bat  (NEWHP: 0)(163,151,1)
[00:31:36]ATTACK: venus human trap attacked Space Bat  (NEWHP: 0)(163,151,1)
[00:38:58]ATTACK: Molerat attacked Mutant  (NEWHP: 250)(182,41,5)
[00:38:58]ATTACK: Mutant attacked Molerat  (NEWHP: 50)(181,42,5)
[00:39:00]ATTACK: Molerat attacked Mutant  (NEWHP: 250)(182,41,5)
[00:39:00]ATTACK: Mutant attacked Molerat  (NEWHP: 17)(181,42,5)
[00:40:41]ATTACK: venus human trap attacked Space Bat  (NEWHP: 0)(163,151,1)
[00:41:07]ATTACK: venus human trap attacked Space Bat  (NEWHP: 0)(163,150,1)
[00:41:26]ATTACK: venus human trap attacked Space Bat  (NEWHP: 0)(163,150,1)
[00:41:30]ATTACK: venus human trap attacked Space Bat  (NEWHP: 0)(163,150,1)
[00:41:36]ATTACK: venus human trap attacked Space Bat  (NEWHP: 0)(163,150,1)
[00:41:36]ATTACK: Raider shot Raider with the bullet (NEWHP: 65)(136,240,1)
[00:41:38]ATTACK: venus human trap attacked Space Bat  (NEWHP: 0)(163,150,1)
[00:41:40]ATTACK: venus human trap attacked Space Bat  (NEWHP: 0)(163,150,1)
[00:41:43]ATTACK: Raider shot Raider with the bullet (NEWHP: 30)(136,240,1)
[00:41:53]ATTACK: venus human trap attacked Space Bat  (NEWHP: 0)(163,150,1)
[00:41:59]ATTACK: venus human trap attacked Space Bat  (NEWHP: 0)(163,150,1)
[00:42:01]ATTACK: venus human trap attacked Space Bat  (NEWHP: 0)(163,150,1)
[00:42:01]ATTACK: Raider shot Gekkon with the pellet (NEWHP: 40)(148,93,1)
[00:42:01]ATTACK: Raider shot Gekkon with the bullet (NEWHP: 5)(149,93,1)
[00:42:04]ATTACK: Raider shot Raider with the pellet (NEWHP: 80)(167,106,1)
[00:42:08]ATTACK: Raider shot Gekkon with the pellet (NEWHP: 0)(173,94,1)
[00:42:10]ATTACK: Raider shot Raider with the bullet (NEWHP: 65)(136,240,1)
[00:42:34]ATTACK: venus human trap attacked Space Bat  (NEWHP: 0)(164,153,1)
[00:42:36]ATTACK: venus human trap attacked Space Bat  (NEWHP: 0)(164,153,1)
[00:42:49]ATTACK: venus human trap attacked Space Bat  (NEWHP: 0)(164,153,1)
[00:42:49]ATTACK: Raider shot Raider with the bullet (NEWHP: 30)(136,240,1)
[00:44:06]ATTACK: venus human trap attacked Space Bat  (NEWHP: 0)(164,152,1)
[00:44:16]ATTACK: venus human trap attacked Space Bat  (NEWHP: 0)(163,151,1)
[00:44:20]ATTACK: venus human trap attacked Space Bat  (NEWHP: 0)(163,151,1)
[00:44:22]ATTACK: venus human trap attacked Space Bat  (NEWHP: 0)(163,151,1)
[00:46:06]ATTACK: venus human trap attacked Space Bat  (NEWHP: 0)(162,157,1)
[00:46:12]ATTACK: venus human trap attacked Space Bat  (NEWHP: 0)(162,157,1)
[00:46:22]ATTACK: venus human trap attacked Space Bat  (NEWHP: 0)(162,157,1)
[00:46:36]ATTACK: venus human trap attacked Space Bat  (NEWHP: 0)(162,157,1)
[00:48:37]ATTACK: venus human trap attacked Space Bat  (NEWHP: 0)(164,158,1)


Starting up. 01:28.28
---------------------
[01:29:32]ATTACK: rad scorpion (430) attacked Default Cyborg-813  (NEWHP: 100)(40,159,1)
[01:29:34]ATTACK: rad scorpion (430) attacked Default Cyborg-813  (NEWHP: 90)(40,159,1)
[01:29:34]ATTACK: giant rad scorpion (234) attacked Default Cyborg-813  (NEWHP: 82)(40,159,1)
[01:29:36]ATTACK: rad scorpion (430) attacked Default Cyborg-813  (NEWHP: 65)(40,159,1)
[01:29:36]ATTACK: giant rad scorpion (234) attacked Default Cyborg-813  (NEWHP: 56)(40,159,1)
[01:29:38]ATTACK: giant rad scorpion (234) attacked Default Cyborg-813  (NEWHP: 37)(40,159,1)
[01:29:40]ATTACK: rad scorpion (430) attacked Default Cyborg-813  (NEWHP: 19)(40,159,1)
[01:29:40]ATTACK: giant rad scorpion (234) attacked Default Cyborg-813  (NEWHP: 11)(40,159,1)
[01:29:42]ATTACK: rad scorpion (430) attacked Default Cyborg-813  (NEWHP: -7)(40,159,1)
[01:29:42]ATTACK: giant rad scorpion (234) attacked Default Cyborg-813  (NEWHP: -16)(40,159,1)
[01:29:45]ATTACK: rad scorpion (430) attacked Default Cyborg-813  (NEWHP: -36)(40,159,1)
[01:29:45]ATTACK: giant rad scorpion (234) attacked Default Cyborg-813  (NEWHP: -44)(40,159,1)
[01:29:47]ATTACK: rad scorpion (430) attacked Default Cyborg-813  (NEWHP: -60)(40,159,1)
[01:29:47]ATTACK: giant rad scorpion (234) attacked Default Cyborg-813  (NEWHP: -67)(40,159,1)
[01:29:49]ATTACK: rad scorpion (430) attacked Default Cyborg-813  (NEWHP: -85)(40,159,1)
[01:29:49]ATTACK: giant rad scorpion (234) attacked Default Cyborg-813  (NEWHP: -91)(40,159,1)
[01:30:22]ATTACK: venus human trap attacked venus human trap  (NEWHP: 65)(159,161,1)
[01:30:24]ATTACK: venus human trap attacked venus human trap  (NEWHP: 75)(158,160,1)
[01:30:26]ATTACK: venus human trap attacked venus human trap  (NEWHP: 40)(158,162,1)
[01:30:28]ATTACK: venus human trap attacked venus human trap  (NEWHP: 45)(157,161,1)
[01:30:28]ATTACK: venus human trap attacked Space Bat  (NEWHP: 0)(164,159,1)
[01:30:28]ATTACK: venus human trap attacked venus human trap  (NEWHP: 15)(158,162,1)
[01:30:39]ATTACK: venus human trap attacked Space Bat  (NEWHP: 0)(164,159,1)
[01:30:53]ATTACK: venus human trap attacked Space Bat  (NEWHP: 0)(164,159,1)


Starting up. 01:36.19
---------------------
[01:37:09]ATTACK: rad scorpion (946) attacked Default Cyborg-869  (NEWHP: 100)(40,159,1)
[01:37:11]ATTACK: rad scorpion (946) attacked Default Cyborg-869  (NEWHP: 92)(40,159,1)
[01:37:11]ATTACK: giant rad scorpion (850) attacked Default Cyborg-869  (NEWHP: 84)(40,159,1)
[01:37:13]ATTACK: rad scorpion (946) attacked Default Cyborg-869  (NEWHP: 67)(40,159,1)
[01:37:13]ATTACK: giant rad scorpion (850) attacked Default Cyborg-869  (NEWHP: 57)(40,159,1)
[01:37:15]ATTACK: rad scorpion (946) attacked Default Cyborg-869  (NEWHP: 40)(40,159,1)
[01:37:15]ATTACK: giant rad scorpion (850) attacked Default Cyborg-869  (NEWHP: 34)(40,159,1)
[01:37:17]ATTACK: rad scorpion (946) attacked Default Cyborg-869  (NEWHP: 19)(40,159,1)
[01:37:17]ATTACK: giant rad scorpion (850) attacked Default Cyborg-869  (NEWHP: 14)(40,159,1)
[01:37:19]ATTACK: rad scorpion (946) attacked Default Cyborg-869  (NEWHP: -3)(40,159,1)
[01:37:19]ATTACK: giant rad scorpion (850) attacked Default Cyborg-869  (NEWHP: -8)(40,159,1)
[01:37:22]ATTACK: rad scorpion (946) attacked Default Cyborg-869  (NEWHP: -23)(40,159,1)
[01:37:22]ATTACK: giant rad scorpion (850) attacked Default Cyborg-869  (NEWHP: -28)(40,159,1)
[01:37:24]ATTACK: rad scorpion (946) attacked Default Cyborg-869  (NEWHP: -48)(40,159,1)
[01:37:24]ATTACK: giant rad scorpion (850) attacked Default Cyborg-869  (NEWHP: -53)(40,159,1)
[01:37:26]ATTACK: rad scorpion (946) attacked Default Cyborg-869  (NEWHP: -71)(40,159,1)
[01:37:26]ATTACK: giant rad scorpion (850) attacked Default Cyborg-869  (NEWHP: -77)(40,159,1)
[01:37:28]ATTACK: rad scorpion (946) attacked Default Cyborg-869  (NEWHP: -93)(40,159,1)
[01:38:13]ATTACK: venus human trap attacked venus human trap  (NEWHP: 35)(175,164,1)
[01:38:15]ATTACK: venus human trap attacked venus human trap  (NEWHP: 10)(174,164,1)
[01:38:56]ATTACK: venus human trap attacked Space Bat  (NEWHP: 0)(163,156,1)
[01:39:06]ATTACK: venus human trap attacked Space Bat  (NEWHP: 0)(163,156,1)
[01:39:08]ATTACK: venus human trap attacked Space Bat  (NEWHP: 0)(163,156,1)
[01:39:10]ATTACK: venus human trap attacked Space Bat  (NEWHP: 0)(163,156,1)
[01:39:14]ATTACK: venus human trap attacked Space Bat  (NEWHP: 0)(163,156,1)
[01:39:16]ATTACK: venus human trap attacked Space Bat  (NEWHP: 0)(163,156,1)
[01:39:25]ATTACK: venus human trap attacked venus human trap  (NEWHP: 45)(160,160,1)
[01:39:27]ATTACK: venus human trap attacked venus human trap  (NEWHP: 55)(160,161,1)
[01:39:56]ATTACK: venus human trap attacked Space Bat  (NEWHP: 0)(163,158,1)
[01:39:58]ATTACK: venus human trap attacked Space Bat  (NEWHP: 0)(163,158,1)
[01:40:17]ATTACK: venus human trap attacked Space Bat  (NEWHP: 0)(163,158,1)
[01:40:19]ATTACK: venus human trap attacked Space Bat  (NEWHP: 0)(163,158,1)
[01:41:02]ATTACK: Unknown(pahomlancer) attacked Molerat with Machete(INTENT: HELP) (DAMTYPE: BRUTE) (NEWHP: 15)(96,141,1)
[01:41:02]ATTACK: Molerat attacked Unknown(pahomlancer)  (NEWHP: 100)(95,141,1)
[01:41:02]ATTACK: venus human trap attacked Space Bat  (NEWHP: 0)(163,158,1)
[01:41:03]ATTACK: Unknown(pahomlancer) attacked Molerat with Machete(INTENT: HELP) (DAMTYPE: BRUTE) (NEWHP: 0)(96,141,1)
[01:41:04]ATTACK: Unknown(pahomlancer) attacked Molerat with Machete(INTENT: HELP) (DAMTYPE: BRUTE) (NEWHP: 15)(96,141,1)
[01:41:04]ATTACK: Molerat attacked Unknown(pahomlancer)  (NEWHP: 95.95)(95,141,1)
[01:41:04]ATTACK: Unknown(pahomlancer) attacked Molerat with Machete(INTENT: HELP) (DAMTYPE: BRUTE) (NEWHP: 0)(96,141,1)
[01:41:16]ATTACK: venus human trap attacked Space Bat  (NEWHP: 0)(163,156,1)


Starting up. 02:06.40
---------------------
[02:07:47]ATTACK: rad scorpion (241) attacked Default Cyborg-478  (NEWHP: 100)(40,159,1)
[02:07:49]ATTACK: rad scorpion (241) attacked Default Cyborg-478  (NEWHP: 92)(40,159,1)
[02:07:49]ATTACK: giant rad scorpion (300) attacked Default Cyborg-478  (NEWHP: 84)(40,159,1)
[02:07:51]ATTACK: rad scorpion (241) attacked Default Cyborg-478  (NEWHP: 67)(40,159,1)
[02:07:51]ATTACK: giant rad scorpion (300) attacked Default Cyborg-478  (NEWHP: 59)(40,159,1)
[02:07:53]ATTACK: rad scorpion (241) attacked Default Cyborg-478  (NEWHP: 41)(40,159,1)
[02:07:53]ATTACK: giant rad scorpion (300) attacked Default Cyborg-478  (NEWHP: 36)(40,159,1)
[02:07:55]ATTACK: rad scorpion (241) attacked Default Cyborg-478  (NEWHP: 19)(40,159,1)
[02:07:55]ATTACK: giant rad scorpion (300) attacked Default Cyborg-478  (NEWHP: 14)(40,159,1)
[02:07:57]ATTACK: rad scorpion (241) attacked Default Cyborg-478  (NEWHP: -1)(40,159,1)
[02:07:57]ATTACK: giant rad scorpion (300) attacked Default Cyborg-478  (NEWHP: -7)(40,159,1)
[02:07:59]ATTACK: rad scorpion (241) attacked Default Cyborg-478  (NEWHP: -22)(40,159,1)
[02:07:59]ATTACK: giant rad scorpion (300) attacked Default Cyborg-478  (NEWHP: -31)(40,159,1)
[02:08:02]ATTACK: rad scorpion (241) attacked Default Cyborg-478  (NEWHP: -46)(40,159,1)
[02:08:02]ATTACK: giant rad scorpion (300) attacked Default Cyborg-478  (NEWHP: -52)(40,159,1)
[02:08:04]ATTACK: giant rad scorpion (300) attacked Default Cyborg-478  (NEWHP: -67)(40,159,1)
[02:08:06]ATTACK: rad scorpion (241) attacked Default Cyborg-478  (NEWHP: -82)(40,159,1)
[02:08:06]ATTACK: giant rad scorpion (300) attacked Default Cyborg-478  (NEWHP: -89)(40,159,1)
[02:08:38]ATTACK: venus human trap attacked venus human trap  (NEWHP: 75)(158,160,1)
[02:08:40]ATTACK: venus human trap attacked venus human trap  (NEWHP: 70)(158,161,1)
[02:08:41]ATTACK: venus human trap attacked venus human trap  (NEWHP: 45)(157,161,1)
[02:08:41]ATTACK: venus human trap attacked venus human trap  (NEWHP: 45)(158,162,1)
[02:08:43]ATTACK: venus human trap attacked venus human trap  (NEWHP: 20)(157,161,1)
[02:08:54]ATTACK: venus human trap attacked Space Bat  (NEWHP: 0)(164,156,1)
[02:09:00]ATTACK: venus human trap attacked Space Bat  (NEWHP: 0)(164,156,1)
[02:09:10]ATTACK: venus human trap attacked venus human trap  (NEWHP: 75)(176,164,1)
[02:09:10]ATTACK: venus human trap attacked venus human trap  (NEWHP: 60)(175,164,1)
[02:09:12]ATTACK: venus human trap attacked venus human trap  (NEWHP: 50)(176,164,1)
[02:09:12]ATTACK: venus human trap attacked venus human trap  (NEWHP: 35)(175,164,1)
[02:09:14]ATTACK: venus human trap attacked venus human trap  (NEWHP: 25)(176,164,1)
[02:09:23]ATTACK: venus human trap attacked Space Bat  (NEWHP: 0)(163,158,1)
[02:09:29]ATTACK: venus human trap attacked Space Bat  (NEWHP: 0)(163,158,1)
[02:09:34]ATTACK: venus human trap attacked Space Bat  (NEWHP: 0)(163,158,1)
[02:09:46]ATTACK: venus human trap attacked Space Bat  (NEWHP: 0)(163,158,1)
[02:09:48]ATTACK: venus human trap attacked Space Bat  (NEWHP: 0)(163,158,1)
[02:09:58]ATTACK: venus human trap attacked Space Bat  (NEWHP: 0)(163,158,1)
[02:10:02]ATTACK: venus human trap attacked Space Bat  (NEWHP: 0)(163,158,1)
[02:10:56]ATTACK: venus human trap attacked Space Bat  (NEWHP: 0)(164,157,1)
[02:11:06]ATTACK: venus human trap attacked Space Bat  (NEWHP: 0)(164,158,1)
[02:11:14]ATTACK: venus human trap attacked Space Bat  (NEWHP: 0)(164,158,1)
[02:11:47]ATTACK: venus human trap attacked Space Bat  (NEWHP: 0)(164,158,1)
[02:11:49]ATTACK: venus human trap attacked Space Bat  (NEWHP: 0)(164,158,1)
[02:12:18]ATTACK: venus human trap attacked Space Bat  (NEWHP: 0)(164,158,1)
[02:12:35]ATTACK: venus human trap attacked Space Bat  (NEWHP: 0)(163,157,1)


Starting up. 02:20.06
---------------------
[02:21:18]ATTACK: rad scorpion (741) attacked Default Cyborg-132  (NEWHP: 100)(40,159,1)
[02:21:20]ATTACK: rad scorpion (741) attacked Default Cyborg-132  (NEWHP: 90)(40,159,1)
[02:21:20]ATTACK: giant rad scorpion (721) attacked Default Cyborg-132  (NEWHP: 83)(40,159,1)
[02:21:22]ATTACK: rad scorpion (741) attacked Default Cyborg-132  (NEWHP: 63)(40,159,1)
[02:21:22]ATTACK: giant rad scorpion (721) attacked Default Cyborg-132  (NEWHP: 54)(40,159,1)
[02:21:24]ATTACK: giant rad scorpion (721) attacked Default Cyborg-132  (NEWHP: 39)(40,159,1)
[02:21:26]ATTACK: rad scorpion (741) attacked Default Cyborg-132  (NEWHP: 20)(40,159,1)
[02:21:26]ATTACK: giant rad scorpion (721) attacked Default Cyborg-132  (NEWHP: 13)(40,159,1)
[02:21:28]ATTACK: rad scorpion (741) attacked Default Cyborg-132  (NEWHP: -5)(40,159,1)
[02:21:28]ATTACK: giant rad scorpion (721) attacked Default Cyborg-132  (NEWHP: -11)(40,159,1)
[02:21:31]ATTACK: rad scorpion (741) attacked Default Cyborg-132  (NEWHP: -28)(40,159,1)
[02:21:31]ATTACK: giant rad scorpion (721) attacked Default Cyborg-132  (NEWHP: -35)(40,159,1)
[02:21:33]ATTACK: rad scorpion (741) attacked Default Cyborg-132  (NEWHP: -53)(40,159,1)
[02:21:33]ATTACK: giant rad scorpion (721) attacked Default Cyborg-132  (NEWHP: -58)(40,159,1)
[02:21:35]ATTACK: giant rad scorpion (721) attacked Default Cyborg-132  (NEWHP: -74)(40,159,1)
[02:21:37]ATTACK: rad scorpion (741) attacked Default Cyborg-132  (NEWHP: -90)(40,159,1)
[02:21:37]ATTACK: giant rad scorpion (721) attacked Default Cyborg-132  (NEWHP: -98)(40,159,1)
[02:22:00]ATTACK: venus human trap attacked venus human trap  (NEWHP: 75)(160,162,1)
[02:22:02]ATTACK: venus human trap attacked venus human trap  (NEWHP: 50)(160,162,1)
[02:22:02]ATTACK: venus human trap attacked venus human trap  (NEWHP: 25)(160,161,1)
[02:22:12]ATTACK: Unknown(pahomlancer) shot Gekkon with the bullet (NEWHP: 20)(134,72,1)
[02:22:13]ATTACK: Unknown(pahomlancer) shot Gekkon with the bullet (NEWHP: 0)(134,66,1)
[02:22:15]ATTACK: Unknown(pahomlancer) shot Gekkon with the bullet (NEWHP: 20)(134,62,1)
[02:22:16]ATTACK: Unknown(pahomlancer) shot Gekkon with the bullet (NEWHP: 0)(134,57,1)
[02:22:17]ATTACK: venus human trap attacked venus human trap  (NEWHP: 70)(172,164,1)
[02:22:19]ATTACK: venus human trap attacked venus human trap  (NEWHP: 45)(171,164,1)
[02:22:21]ATTACK: venus human trap attacked venus human trap  (NEWHP: 35)(172,164,1)
[02:22:21]ATTACK: venus human trap attacked venus human trap  (NEWHP: 20)(171,163,1)
[02:22:21]ATTACK: Unknown(pahomlancer) shot Gekkon with the bullet (NEWHP: 20)(134,80,1)
[02:22:22]ATTACK: Unknown(pahomlancer) shot Gekkon with the bullet (NEWHP: 0)(134,76,1)
[02:22:34]ATTACK: Unknown(pahomlancer) shot Gekkon with the bullet (NEWHP: 20)(118,95,1)
[02:22:35]ATTACK: Unknown(pahomlancer) shot Gekkon with the bullet (NEWHP: 0)(121,95,1)
[02:22:36]ATTACK: Unknown(pahomlancer) shot Gekkon with the bullet (NEWHP: 20)(126,95,1)
[02:22:37]ATTACK: Unknown(pahomlancer) shot Gekkon with the bullet (NEWHP: 0)(128,95,1)
[02:22:39]ATTACK: venus human trap attacked venus human trap  (NEWHP: 25)(166,164,1)
[02:22:48]ATTACK: Unknown(pahomlancer) shot Gekkon with the bullet (NEWHP: 20)(94,95,1)
[02:22:49]ATTACK: Unknown(pahomlancer) shot Gekkon with the bullet (NEWHP: 20)(97,95,1)
[02:22:54]ATTACK: Gekkon attacked Unknown(pahomlancer)  (NEWHP: 100)(117,95,1)
[02:22:55]ATTACK: Unknown(pahomlancer) attacked Gekkon with Machete(INTENT: HELP) (DAMTYPE: BRUTE) (NEWHP: 0)(116,95,1)
[02:22:56]ATTACK: Gekkon attacked Unknown(pahomlancer)  (NEWHP: 85)(117,95,1)
[02:22:56]ATTACK: Unknown(pahomlancer) attacked Gekkon with Machete(INTENT: HELP) (DAMTYPE: BRUTE) (NEWHP: 0)(116,96,1)
[02:23:00]ATTACK: venus human trap attacked Space Bat  (NEWHP: 0)(163,157,1)
[02:23:10]ATTACK: venus human trap attacked Space Bat  (NEWHP: 0)(163,157,1)
[02:23:20]ATTACK: venus human trap attacked Space Bat  (NEWHP: 0)(163,157,1)
[02:23:26]ATTACK: venus human trap attacked Space Bat  (NEWHP: 0)(163,157,1)
[02:23:41]ATTACK: Cazador attacked brahmin  (NEWHP: 20)(226,145,1)
[02:23:45]ATTACK: Cazador attacked brahmin  (NEWHP: 20)(227,145,1)
[02:23:45]ATTACK: venus human trap attacked Space Bat  (NEWHP: 0)(164,158,1)
[02:23:49]ATTACK: venus human trap attacked Space Bat  (NEWHP: 0)(164,158,1)


Starting up. 16:40.30
---------------------
[16:41:33]ATTACK: giant rad scorpion (116) attacked Default Cyborg-506  (NEWHP: 100)(40,159,1)
[16:41:35]ATTACK: giant rad scorpion (116) attacked Default Cyborg-506  (NEWHP: 85)(40,159,1)
[16:41:37]ATTACK: giant rad scorpion (116) attacked Default Cyborg-506  (NEWHP: 67)(40,159,1)
[16:41:40]ATTACK: giant rad scorpion (116) attacked Default Cyborg-506  (NEWHP: 48)(40,159,1)
[16:41:42]ATTACK: giant rad scorpion (116) attacked Default Cyborg-506  (NEWHP: 28)(40,159,1)
[16:41:44]ATTACK: giant rad scorpion (116) attacked Default Cyborg-506  (NEWHP: 10)(40,159,1)
[16:41:46]ATTACK: giant rad scorpion (116) attacked Default Cyborg-506  (NEWHP: -7)(40,159,1)
[16:41:48]ATTACK: giant rad scorpion (116) attacked Default Cyborg-506  (NEWHP: -22)(40,159,1)
[16:41:51]ATTACK: giant rad scorpion (116) attacked Default Cyborg-506  (NEWHP: -39)(40,159,1)
[16:41:53]ATTACK: giant rad scorpion (116) attacked Default Cyborg-506  (NEWHP: -58)(40,159,1)
[16:41:55]ATTACK: giant rad scorpion (116) attacked Default Cyborg-506  (NEWHP: -76)(40,159,1)
[16:41:57]ATTACK: giant rad scorpion (116) attacked Default Cyborg-506  (NEWHP: -93)(40,159,1)
[16:42:30]ATTACK: Griffin Whiteman(pahomlancer) shot Gekkon with the bullet (NEWHP: 25)(72,96,1)
[16:42:30]ATTACK: Gekkon attacked Griffin Whiteman(pahomlancer)  (NEWHP: 88)(72,98,1)
[16:42:35]ATTACK: Griffin Whiteman(pahomlancer) shot Gekkon with the bullet (NEWHP: 25)(56,97,1)
[16:42:39]ATTACK: Griffin Whiteman(pahomlancer) shot Gekkon with the bullet (NEWHP: 0)(39,97,1)
[16:42:43]ATTACK: Gekkon attacked Griffin Whiteman(pahomlancer)  (NEWHP: 62)(28,98,1)
[16:42:43]ATTACK: Gekkon attacked Griffin Whiteman(pahomlancer)  (NEWHP: 48)(28,98,1)
[16:42:43]ATTACK: Gekkon attacked Griffin Whiteman(pahomlancer)  (NEWHP: 35)(28,98,1)
[16:42:43]ATTACK: venus human trap attacked Space Bat  (NEWHP: 0)(164,157,1)
[16:42:45]ATTACK: Gekkon attacked Griffin Whiteman(pahomlancer)  (NEWHP: 19)(28,98,1)
[16:42:45]ATTACK: Gekkon attacked Griffin Whiteman(pahomlancer)  (NEWHP: 4)(28,98,1)
[16:42:45]ATTACK: Gekkon attacked Griffin Whiteman(pahomlancer)  (NEWHP: -9)(28,98,1)
[16:42:45]ATTACK: Gekkon attacked Griffin Whiteman(pahomlancer)  (NEWHP: -24)(28,98,1)
[16:42:49]ATTACK: venus human trap attacked venus human trap  (NEWHP: 70)(157,160,1)
[16:42:51]ATTACK: venus human trap attacked venus human trap  (NEWHP: 45)(158,160,1)
[16:42:51]ATTACK: venus human trap attacked venus human trap  (NEWHP: 55)(173,165,1)
[16:42:53]ATTACK: venus human trap attacked venus human trap  (NEWHP: 65)(174,164,1)
[16:42:53]ATTACK: venus human trap attacked Space Bat  (NEWHP: 0)(164,157,1)
[16:42:53]ATTACK: venus human trap attacked venus human trap  (NEWHP: 30)(173,165,1)
[16:42:55]ATTACK: venus human trap attacked venus human trap  (NEWHP: 40)(173,164,1)
[16:42:55]ATTACK: venus human trap attacked venus human trap  (NEWHP: 5)(173,165,1)
[16:43:01]ATTACK: venus human trap attacked venus human trap  (NEWHP: 15)(159,160,1)
[16:43:08]ATTACK: venus human trap attacked Space Bat  (NEWHP: 0)(164,157,1)
[16:43:10]ATTACK: venus human trap attacked Space Bat  (NEWHP: 0)(164,157,1)
[16:43:30]ATTACK: venus human trap attacked Space Bat  (NEWHP: 0)(163,158,1)
[16:43:43]ATTACK: venus human trap attacked Space Bat  (NEWHP: 0)(163,158,1)
[16:43:47]ATTACK: venus human trap attacked Space Bat  (NEWHP: 0)(163,158,1)
[16:43:49]ATTACK: venus human trap attacked Space Bat  (NEWHP: 0)(163,158,1)
