

Starting up. 04:44.47
---------------------
[04:45:53]ATTACK: giant rad scorpion (489) attacked Default Cyborg-538  (NEWHP: 100)(40,159,1)
[04:45:55]ATTACK: giant rad scorpion (489) attacked Default Cyborg-538  (NEWHP: 82)(40,159,1)
[04:45:57]ATTACK: giant rad scorpion (489) attacked Default Cyborg-538  (NEWHP: 66)(40,159,1)
[04:45:59]ATTACK: giant rad scorpion (489) attacked Default Cyborg-538  (NEWHP: 47)(40,159,1)
[04:46:02]ATTACK: giant rad scorpion (489) attacked Default Cyborg-538  (NEWHP: 30)(40,159,1)
[04:46:04]ATTACK: giant rad scorpion (489) attacked Default Cyborg-538  (NEWHP: 14)(40,159,1)
[04:46:06]ATTACK: giant rad scorpion (489) attacked Default Cyborg-538  (NEWHP: -6)(40,159,1)
[04:46:08]ATTACK: giant rad scorpion (489) attacked Default Cyborg-538  (NEWHP: -26)(40,159,1)
[04:46:10]ATTACK: giant rad scorpion (489) attacked Default Cyborg-538  (NEWHP: -46)(40,159,1)
[04:46:12]ATTACK: giant rad scorpion (489) attacked Default Cyborg-538  (NEWHP: -66)(40,159,1)
[04:46:14]ATTACK: giant rad scorpion (489) attacked Default Cyborg-538  (NEWHP: -84)(40,159,1)
[04:46:17]ATTACK: giant rad scorpion (489) attacked Default Cyborg-538  (NEWHP: -99)(40,159,1)
[04:46:42]ATTACK: venus human trap attacked Space Bat  (NEWHP: 5)(164,155,1)
[04:46:52]ATTACK: venus human trap attacked venus human trap  (NEWHP: 70)(175,164,1)
[04:46:54]ATTACK: venus human trap attacked venus human trap  (NEWHP: 45)(175,165,1)
[04:46:56]ATTACK: venus human trap attacked venus human trap  (NEWHP: 20)(174,165,1)
[04:47:51]ATTACK: venus human trap attacked Space Bat  (NEWHP: 0)(163,157,1)
[04:48:05]ATTACK: venus human trap attacked Space Bat  (NEWHP: 0)(163,158,1)
[04:48:20]ATTACK: venus human trap attacked Space Bat  (NEWHP: 0)(162,157,1)
[04:48:36]ATTACK: venus human trap attacked Space Bat  (NEWHP: 0)(162,157,1)
[04:48:44]ATTACK: venus human trap attacked Space Bat  (NEWHP: 0)(162,157,1)
[04:48:46]ATTACK: venus human trap attacked Space Bat  (NEWHP: 0)(162,157,1)
[04:49:05]ATTACK: venus human trap attacked Space Bat  (NEWHP: 0)(162,157,1)
[04:49:09]ATTACK: venus human trap attacked Space Bat  (NEWHP: 0)(162,157,1)
[04:49:30]ATTACK: venus human trap attacked Space Bat  (NEWHP: 0)(162,158,1)
[04:49:37]ATTACK: venus human trap attacked Space Bat  (NEWHP: 0)(162,158,1)
[04:49:41]ATTACK: venus human trap attacked Space Bat  (NEWHP: 0)(162,157,1)
[04:49:43]ATTACK: venus human trap attacked Space Bat  (NEWHP: 0)(162,157,1)
[04:49:55]ATTACK: venus human trap attacked Space Bat  (NEWHP: 0)(162,157,1)
[04:50:08]ATTACK: venus human trap attacked Space Bat  (NEWHP: 0)(162,157,1)
[04:50:13]ATTACK: Griffin Whiteman(pahomlancer) fed Griffin Whiteman(pahomlancer) with methamphetamine(10 units); krokodil(10 units); styptic_powder(10 units); silver_sulfadiazine(10 units);  (NEWHP: 100)(96,157,1)
[04:50:14]ATTACK: venus human trap attacked Space Bat  (NEWHP: 0)(162,157,1)
[04:50:29]ATTACK: venus human trap attacked Space Bat  (NEWHP: 0)(162,156,1)
[04:50:34]ATTACK: venus human trap attacked Space Bat  (NEWHP: 0)(162,156,1)
[04:50:39]ATTACK: Griffin Whiteman(pahomlancer) fed Griffin Whiteman(pahomlancer) with styptic_powder(30 units); silver_sulfadiazine(30 units);  (NEWHP: 100)(95,163,1)
[04:50:44]ATTACK: Griffin Whiteman(pahomlancer) punched Griffin Whiteman(pahomlancer)  (NEWHP: 100)(96,158,1)
[04:50:45]ATTACK: Griffin Whiteman(pahomlancer) punched Griffin Whiteman(pahomlancer)  (NEWHP: 100)(96,158,1)
[04:50:47]ATTACK: Griffin Whiteman(pahomlancer) punched Griffin Whiteman(pahomlancer)  (NEWHP: 96)(96,158,1)
[04:50:47]ATTACK: Griffin Whiteman(pahomlancer) punched Griffin Whiteman(pahomlancer)  (NEWHP: 91)(96,158,1)
[04:50:48]ATTACK: Griffin Whiteman(pahomlancer) punched Griffin Whiteman(pahomlancer)  (NEWHP: 91)(96,158,1)
[04:50:49]ATTACK: Griffin Whiteman(pahomlancer) punched Griffin Whiteman(pahomlancer)  (NEWHP: 91)(96,158,1)
[04:50:50]ATTACK: Griffin Whiteman(pahomlancer) punched Griffin Whiteman(pahomlancer)  (NEWHP: 80)(96,158,1)
[04:50:51]ATTACK: Griffin Whiteman(pahomlancer) punched Griffin Whiteman(pahomlancer)  (NEWHP: 80)(96,158,1)
[04:50:52]ATTACK: Griffin Whiteman(pahomlancer) punched Griffin Whiteman(pahomlancer)  (NEWHP: 75)(96,158,1)
[04:50:53]ATTACK: Griffin Whiteman(pahomlancer) punched Griffin Whiteman(pahomlancer)  (NEWHP: 75)(96,158,1)
[04:50:54]ATTACK: Griffin Whiteman(pahomlancer) punched Griffin Whiteman(pahomlancer)  (NEWHP: 65)(96,158,1)
[04:50:54]ATTACK: Griffin Whiteman(pahomlancer) punched Griffin Whiteman(pahomlancer)  (NEWHP: 65)(96,158,1)
[04:50:55]ATTACK: Griffin Whiteman(pahomlancer) punched Griffin Whiteman(pahomlancer)  (NEWHP: 60)(96,158,1)
[04:50:56]ATTACK: Griffin Whiteman(pahomlancer) punched Griffin Whiteman(pahomlancer)  (NEWHP: 60)(96,158,1)
[04:51:02]ATTACK: venus human trap attacked Space Bat  (NEWHP: 0)(162,157,1)
[04:51:04]ATTACK: venus human trap attacked Space Bat  (NEWHP: 0)(162,157,1)
[04:51:09]ATTACK: Griffin Whiteman(pahomlancer) fed Griffin Whiteman(pahomlancer) with styptic_powder(30 units); silver_sulfadiazine(30 units);  (NEWHP: 59)(96,157,1)
[04:51:10]ATTACK: venus human trap attacked Space Bat  (NEWHP: 0)(162,157,1)
[04:51:14]ATTACK: venus human trap attacked Space Bat  (NEWHP: 0)(162,157,1)
[04:51:19]ATTACK: Griffin Whiteman(pahomlancer) fed Griffin Whiteman(pahomlancer) with styptic_powder(30 units); silver_sulfadiazine(30 units);  (NEWHP: 99)(96,157,1)
[04:51:41]ATTACK: venus human trap attacked Space Bat  (NEWHP: 0)(162,156,1)
[04:51:44]ATTACK: Griffin Whiteman(pahomlancer) fed Griffin Whiteman(pahomlancer) with charcoal(50 units);  (NEWHP: 100)(96,162,1)
[04:51:53]ATTACK: venus human trap attacked Space Bat  (NEWHP: 0)(163,157,1)
[04:51:56]ATTACK: Griffin Whiteman(pahomlancer) fed Griffin Whiteman(pahomlancer) with stimulants(30 units); crank(20 units);  (NEWHP: 100)(84,164,1)
[04:52:00]ATTACK: venus human trap attacked Space Bat  (NEWHP: 0)(163,157,1)
[04:52:04]ATTACK: venus human trap attacked Space Bat  (NEWHP: 0)(163,157,1)
[04:52:06]ATTACK: venus human trap attacked Space Bat  (NEWHP: 0)(163,157,1)
[04:52:14]ATTACK: venus human trap attacked Space Bat  (NEWHP: 0)(163,157,1)
[04:52:16]ATTACK: Griffin Whiteman(pahomlancer) fed Griffin Whiteman(pahomlancer) with stimulants(10 units); methamphetamine(10 units); crank(10 units);  (NEWHP: 100)(77,172,1)
[04:52:21]ATTACK: Griffin Whiteman(pahomlancer) fed Griffin Whiteman(pahomlancer) with methamphetamine(10 units); krokodil(10 units); styptic_powder(10 units); silver_sulfadiazine(10 units);  (NEWHP: 100)(77,172,1)
[04:52:29]ATTACK: Griffin Whiteman(pahomlancer) fed Griffin Whiteman(pahomlancer) with methamphetamine(20 units); epinephrine(20 units); inacusiate(5 units); oculine(5 units);  (NEWHP: 100)(77,172,1)
[04:52:43]ATTACK: venus human trap attacked Space Bat  (NEWHP: 0)(163,157,1)
[04:52:44]ATTACK: Griffin Whiteman(pahomlancer) punched Griffin Whiteman(pahomlancer)  (NEWHP: 99)(77,172,1)
[04:52:45]ATTACK: venus human trap attacked Space Bat  (NEWHP: 0)(163,157,1)
[04:52:49]ATTACK: venus human trap attacked Space Bat  (NEWHP: 0)(163,157,1)
[04:53:04]ATTACK: venus human trap attacked Space Bat  (NEWHP: 0)(163,157,1)
[04:53:10]ATTACK: venus human trap attacked Space Bat  (NEWHP: 0)(163,157,1)


Starting up. 04:57.10
---------------------
[04:58:15]ATTACK: giant rad scorpion (284) attacked Default Cyborg-612  (NEWHP: 100)(40,159,1)
[04:58:17]ATTACK: giant rad scorpion (284) attacked Default Cyborg-612  (NEWHP: 80)(40,159,1)
[04:58:19]ATTACK: giant rad scorpion (284) attacked Default Cyborg-612  (NEWHP: 64)(40,159,1)
[04:58:21]ATTACK: giant rad scorpion (284) attacked Default Cyborg-612  (NEWHP: 49)(40,159,1)
[04:58:23]ATTACK: giant rad scorpion (284) attacked Default Cyborg-612  (NEWHP: 33)(40,159,1)
[04:58:25]ATTACK: giant rad scorpion (284) attacked Default Cyborg-612  (NEWHP: 15)(40,159,1)
[04:58:28]ATTACK: giant rad scorpion (284) attacked Default Cyborg-612  (NEWHP: -1)(40,159,1)
[04:58:30]ATTACK: giant rad scorpion (284) attacked Default Cyborg-612  (NEWHP: -18)(40,159,1)
[04:58:32]ATTACK: giant rad scorpion (284) attacked Default Cyborg-612  (NEWHP: -35)(40,159,1)
[04:58:34]ATTACK: giant rad scorpion (284) attacked Default Cyborg-612  (NEWHP: -51)(40,159,1)
[04:58:36]ATTACK: giant rad scorpion (284) attacked Default Cyborg-612  (NEWHP: -68)(40,159,1)
[04:58:38]ATTACK: giant rad scorpion (284) attacked Default Cyborg-612  (NEWHP: -83)(40,159,1)
[04:59:16]ATTACK: venus human trap attacked Space Bat  (NEWHP: 5)(163,156,1)
[04:59:25]ATTACK: venus human trap attacked Space Bat  (NEWHP: 0)(162,157,1)
[04:59:31]ATTACK: venus human trap attacked venus human trap  (NEWHP: 75)(175,165,1)
[04:59:33]ATTACK: venus human trap attacked venus human trap  (NEWHP: 65)(175,164,1)
[04:59:33]ATTACK: venus human trap attacked venus human trap  (NEWHP: 50)(176,165,1)
[04:59:35]ATTACK: venus human trap attacked venus human trap  (NEWHP: 35)(175,165,1)
[04:59:35]ATTACK: venus human trap attacked venus human trap  (NEWHP: 25)(176,165,1)
[04:59:46]ATTACK: venus human trap attacked venus human trap  (NEWHP: 65)(158,158,1)
[04:59:48]ATTACK: venus human trap attacked venus human trap  (NEWHP: 70)(158,159,1)
[04:59:48]ATTACK: venus human trap attacked venus human trap  (NEWHP: 40)(157,158,1)
[04:59:50]ATTACK: venus human trap attacked venus human trap  (NEWHP: 45)(158,159,1)
[04:59:50]ATTACK: venus human trap attacked venus human trap  (NEWHP: 15)(157,159,1)


Starting up. 05:05.50
---------------------
[05:06:39]ATTACK: giant rad scorpion (913) attacked Default Cyborg-24  (NEWHP: 100)(40,159,1)
[05:06:41]ATTACK: giant rad scorpion (913) attacked Default Cyborg-24  (NEWHP: 85)(40,159,1)
[05:06:44]ATTACK: giant rad scorpion (913) attacked Default Cyborg-24  (NEWHP: 67)(40,159,1)
[05:06:46]ATTACK: giant rad scorpion (913) attacked Default Cyborg-24  (NEWHP: 51)(40,159,1)
[05:06:48]ATTACK: giant rad scorpion (913) attacked Default Cyborg-24  (NEWHP: 31)(40,159,1)
[05:06:50]ATTACK: giant rad scorpion (913) attacked Default Cyborg-24  (NEWHP: 14)(40,159,1)
[05:06:52]ATTACK: giant rad scorpion (913) attacked Default Cyborg-24  (NEWHP: -2)(40,159,1)
[05:06:54]ATTACK: giant rad scorpion (913) attacked Default Cyborg-24  (NEWHP: -22)(40,159,1)
[05:06:56]ATTACK: giant rad scorpion (913) attacked Default Cyborg-24  (NEWHP: -39)(40,159,1)
[05:06:59]ATTACK: giant rad scorpion (913) attacked Default Cyborg-24  (NEWHP: -56)(40,159,1)
[05:07:01]ATTACK: giant rad scorpion (913) attacked Default Cyborg-24  (NEWHP: -74)(40,159,1)
[05:07:03]ATTACK: giant rad scorpion (913) attacked Default Cyborg-24  (NEWHP: -90)(40,159,1)
[05:07:45]ATTACK: venus human trap attacked venus human trap  (NEWHP: 10)(176,165,1)
[05:07:47]ATTACK: venus human trap attacked venus human trap  (NEWHP: 50)(158,160,1)
[05:07:49]ATTACK: venus human trap attacked venus human trap  (NEWHP: 25)(158,161,1)
[05:08:00]ATTACK: venus human trap attacked Space Bat  (NEWHP: 0)(165,157,1)
[05:08:08]ATTACK: venus human trap attacked Space Bat  (NEWHP: 0)(165,157,1)
[05:08:35]ATTACK: venus human trap attacked Space Bat  (NEWHP: 0)(163,159,1)
[05:08:41]ATTACK: venus human trap attacked Space Bat  (NEWHP: 0)(163,159,1)
[05:08:43]ATTACK: venus human trap attacked Space Bat  (NEWHP: 0)(163,159,1)
[05:08:45]ATTACK: venus human trap attacked Space Bat  (NEWHP: 0)(163,159,1)
[05:08:49]ATTACK: venus human trap attacked Space Bat  (NEWHP: 0)(163,159,1)
[05:08:51]ATTACK: Griffin Whiteman(pahomlancer) fed Griffin Whiteman(pahomlancer) with potass_iodide(30 units); pen_acid(10 units);  (NEWHP: 100)(91,142,1)
[05:09:00]ATTACK: venus human trap attacked Space Bat  (NEWHP: 0)(163,159,1)
[05:09:04]ATTACK: venus human trap attacked Space Bat  (NEWHP: 0)(163,159,1)
[05:09:08]ATTACK: venus human trap attacked Space Bat  (NEWHP: 0)(163,159,1)
[05:09:10]ATTACK: venus human trap attacked Space Bat  (NEWHP: 0)(163,159,1)
[05:09:17]ATTACK: Molerat attacked Griffin Whiteman(pahomlancer)  (NEWHP: 100)(98,141,1)
[05:09:19]ATTACK: Molerat attacked Griffin Whiteman(pahomlancer)  (NEWHP: 100)(98,137,1)
[05:09:19]ATTACK: venus human trap attacked Space Bat  (NEWHP: 0)(163,159,1)
[05:09:21]ATTACK: Mutant attacked Griffin Whiteman(pahomlancer)  (NEWHP: 100)(97,136,1)
[05:09:21]ATTACK: Molerat attacked Griffin Whiteman(pahomlancer)  (NEWHP: 100)(97,136,1)
[05:09:23]ATTACK: Mutant attacked Griffin Whiteman(pahomlancer)  (NEWHP: 100)(95,135,1)
[05:09:23]ATTACK: Molerat attacked Griffin Whiteman(pahomlancer)  (NEWHP: 100)(95,135,1)
[05:09:24]ATTACK: Griffin Whiteman(pahomlancer) attacked Molerat with seclite(INTENT: HELP) (DAMTYPE: BRUTE) (NEWHP: 41)(96,134,1)
[05:09:25]ATTACK: Mutant attacked Griffin Whiteman(pahomlancer)  (NEWHP: 100)(95,135,1)
[05:09:25]ATTACK: Molerat attacked Griffin Whiteman(pahomlancer)  (NEWHP: 100)(95,135,1)
[05:09:25]ATTACK: Griffin Whiteman(pahomlancer) attacked Molerat with seclite(INTENT: HELP) (DAMTYPE: BRUTE) (NEWHP: 32)(96,134,1)
[05:09:26]ATTACK: Griffin Whiteman(pahomlancer) attacked Molerat with seclite(INTENT: HELP) (DAMTYPE: BRUTE) (NEWHP: 23)(96,134,1)
[05:09:27]ATTACK: Griffin Whiteman(pahomlancer) attacked Molerat with seclite(INTENT: HELP) (DAMTYPE: BRUTE) (NEWHP: 14)(96,134,1)
[05:09:27]ATTACK: Mutant attacked Griffin Whiteman(pahomlancer)  (NEWHP: 100)(95,135,1)
[05:09:27]ATTACK: Molerat attacked Griffin Whiteman(pahomlancer)  (NEWHP: 100)(95,135,1)
[05:09:28]ATTACK: Griffin Whiteman(pahomlancer) attacked Molerat with seclite(INTENT: HELP) (DAMTYPE: BRUTE) (NEWHP: 5)(96,134,1)
[05:09:29]ATTACK: Griffin Whiteman(pahomlancer) attacked Molerat with seclite(INTENT: HELP) (DAMTYPE: BRUTE) (NEWHP: 0)(96,134,1)
[05:09:29]ATTACK: Mutant attacked Griffin Whiteman(pahomlancer)  (NEWHP: 100)(95,135,1)
[05:09:30]ATTACK: Griffin Whiteman(pahomlancer) attacked Mutant with seclite(INTENT: HELP) (DAMTYPE: BRUTE) (NEWHP: 250)(96,135,1)
[05:09:31]ATTACK: Griffin Whiteman(pahomlancer) attacked Mutant with seclite(INTENT: HELP) (DAMTYPE: BRUTE) (NEWHP: 250)(96,135,1)
[05:09:31]ATTACK: Mutant attacked Griffin Whiteman(pahomlancer)  (NEWHP: 100)(95,135,1)
[05:09:31]ATTACK: venus human trap attacked Space Bat  (NEWHP: 0)(163,159,1)
[05:09:33]ATTACK: Mutant attacked Griffin Whiteman(pahomlancer)  (NEWHP: 100)(93,132,1)
[05:09:35]ATTACK: Mutant attacked Griffin Whiteman(pahomlancer)  (NEWHP: 100)(92,130,1)
[05:09:38]ATTACK: Mutant attacked Griffin Whiteman(pahomlancer)  (NEWHP: 100)(92,130,1)
[05:09:40]ATTACK: venus human trap attacked Space Bat  (NEWHP: 0)(163,159,1)
[05:09:40]ATTACK: Griffin Whiteman(pahomlancer) fed Griffin Whiteman(pahomlancer) with charcoal(50 units);  (NEWHP: 100)(90,118,1)
[05:09:42]ATTACK: venus human trap attacked Space Bat  (NEWHP: 0)(163,159,1)
[05:09:44]ATTACK: Griffin Whiteman(pahomlancer) fed Griffin Whiteman(pahomlancer) with styptic_powder(30 units); silver_sulfadiazine(30 units);  (NEWHP: 100)(88,113,1)
[05:09:46]ATTACK: venus human trap attacked Space Bat  (NEWHP: 0)(163,159,1)
[05:09:48]ATTACK: Gekkon attacked Griffin Whiteman(pahomlancer)  (NEWHP: 100)(86,102,1)
[05:09:53]ATTACK: Gekkon attacked Griffin Whiteman(pahomlancer)  (NEWHP: 100)(89,93,1)
[05:09:57]ATTACK: Griffin Whiteman(pahomlancer) fed Griffin Whiteman(pahomlancer) with stimulants(10 units); methamphetamine(10 units); crank(10 units);  (NEWHP: 100)(90,88,1)
[05:10:39]ATTACK: Raider shot Gekkon with the bullet (NEWHP: 25)(146,88,1)
[05:10:40]ATTACK: Gekkon attacked Raider  (NEWHP: 100)(149,92,1)
[05:10:40]ATTACK: Raider attacked Gekkon  (NEWHP: 25)(149,91,1)
[05:11:09]ATTACK: Gekkon attacked Griffin Whiteman(pahomlancer)  (NEWHP: 100)(111,96,1)
[05:11:09]ATTACK: Gekkon attacked Griffin Whiteman(pahomlancer)  (NEWHP: 100)(111,96,1)
[05:11:10]ATTACK: Griffin Whiteman(pahomlancer) fed Griffin Whiteman(pahomlancer) with stimulants(30 units); crank(20 units);  (NEWHP: 100)(113,96,1)
[05:11:11]ATTACK: Gekkon attacked Griffin Whiteman(pahomlancer)  (NEWHP: 100)(116,96,1)
[05:11:11]ATTACK: Gekkon attacked Griffin Whiteman(pahomlancer)  (NEWHP: 100)(116,96,1)
[05:11:11]ATTACK: Gekkon attacked Griffin Whiteman(pahomlancer)  (NEWHP: 100)(116,96,1)
[05:11:13]ATTACK: Gekkon attacked Griffin Whiteman(pahomlancer)  (NEWHP: 100)(125,96,1)
[05:11:13]ATTACK: Gekkon attacked Griffin Whiteman(pahomlancer)  (NEWHP: 100)(125,96,1)
[05:11:13]ATTACK: Gekkon attacked Griffin Whiteman(pahomlancer)  (NEWHP: 100)(125,96,1)
[05:11:18]ATTACK: Gekkon attacked Griffin Whiteman(pahomlancer)  (NEWHP: 100)(141,96,1)
[05:11:18]ATTACK: Gekkon attacked Griffin Whiteman(pahomlancer)  (NEWHP: 100)(141,96,1)
[05:11:18]ATTACK: Gekkon attacked Griffin Whiteman(pahomlancer)  (NEWHP: 100)(141,96,1)
[05:11:18]ATTACK: Raider shot Gekkon with the bullet (NEWHP: 25)(141,97,1)
[05:11:18]ATTACK: Raider shot Gekkon with the pellet (NEWHP: 40)(142,95,1)
[05:11:20]ATTACK: Gekkon attacked Griffin Whiteman(pahomlancer)  (NEWHP: 100)(147,95,1)
[05:11:20]ATTACK: Gekkon attacked Griffin Whiteman(pahomlancer)  (NEWHP: 100)(147,95,1)
[05:11:20]ATTACK: Gekkon attacked Griffin Whiteman(pahomlancer)  (NEWHP: 100)(147,95,1)
[05:11:24]ATTACK: Raider shot Gekkon with the pellet (NEWHP: 5)(153,95,1)
[05:11:24]ATTACK: Raider shot Raider with the bullet (NEWHP: 65)(151,96,1)
[05:11:26]ATTACK: Raider attacked Gekkon  (NEWHP: 60)(150,97,1)
[05:11:26]ATTACK: Gekkon attacked Raider  (NEWHP: 65)(151,97,1)
[05:11:26]ATTACK: Gekkon attacked Raider  (NEWHP: 51)(151,97,1)
[05:11:26]ATTACK: Gekkon attacked Raider  (NEWHP: 39)(151,97,1)
[05:11:26]ATTACK: Gekkon attacked Raider  (NEWHP: 27)(151,97,1)
[05:11:28]ATTACK: Gekkon attacked Raider  (NEWHP: 12)(159,93,1)
[05:11:30]ATTACK: Raider shot Gekkon with the bullet (NEWHP: 5)(155,94,1)
[05:11:32]ATTACK: Gekkon attacked Raider  (NEWHP: 87)(153,95,1)
[05:11:32]ATTACK: Gekkon attacked Raider  (NEWHP: 73)(153,95,1)
[05:11:32]ATTACK: Raider shot Raider with the bullet (NEWHP: 65)(177,218,1)
[05:11:34]ATTACK: Gekkon attacked Raider  (NEWHP: 62)(153,95,1)
[05:11:34]ATTACK: Gekkon attacked Raider  (NEWHP: 52)(153,95,1)
[05:11:34]ATTACK: Gekkon attacked Raider  (NEWHP: 42)(153,95,1)
[05:11:34]ATTACK: Raider attacked Gekkon  (NEWHP: 5)(154,94,1)
[05:11:34]ATTACK: Gekkon attacked Raider  (NEWHP: 27)(153,95,1)
[05:11:36]ATTACK: Raider shot Raider with the pellet (NEWHP: 80)(160,241,1)
[05:11:36]ATTACK: Raider shot Raider with the bullet (NEWHP: 65)(179,229,1)
[05:11:36]ATTACK: Gekkon attacked Raider  (NEWHP: 12)(151,98,1)
[05:11:37]ATTACK: Raider shot Griffin Whiteman(pahomlancer) with the bullet (NEWHP: 100)(159,240,1)
[05:12:08]ATTACK: Griffin Whiteman(pahomlancer) fed Griffin Whiteman(pahomlancer) with methamphetamine(10 units); krokodil(10 units); styptic_powder(10 units); silver_sulfadiazine(10 units);  (NEWHP: 100)(145,69,1)
[05:12:33]ATTACK: Griffin Whiteman(pahomlancer) fed Griffin Whiteman(pahomlancer) with methamphetamine(20 units); epinephrine(20 units); inacusiate(5 units); oculine(5 units);  (NEWHP: 100)(219,46,1)
[05:12:49]ATTACK: Raider shot Griffin Whiteman(pahomlancer) with the pellet (NEWHP: 100)(188,130,1)
[05:12:56]ATTACK: Griffin Whiteman(pahomlancer) fed Griffin Whiteman(pahomlancer) with stimulants(10 units); methamphetamine(10 units); crank(10 units);  (NEWHP: 100)(181,201,1)
[05:13:18]ATTACK: Raider shot Gekkon with the pellet (NEWHP: 0)(157,95,1)
[05:13:20]ATTACK: Gekkon attacked Raider  (NEWHP: 100)(165,97,1)
[05:13:20]ATTACK: Raider attacked Gekkon  (NEWHP: 60)(164,97,1)
[05:13:24]ATTACK: Raider shot Raider with the pellet (NEWHP: 70)(181,97,1)
[05:13:24]ATTACK: Raider shot Gekkon with the pellet (NEWHP: 15)(179,97,1)
[05:13:27]ATTACK: Griffin Whiteman(pahomlancer) fed Griffin Whiteman(pahomlancer) with charcoal(50 units);  (NEWHP: 100)(4,51,1)
[05:13:28]ATTACK: Raider shot Raider with the pellet (NEWHP: 50)(198,97,1)
[05:13:29]ATTACK: Griffin Whiteman(pahomlancer) fed Griffin Whiteman(pahomlancer) with potass_iodide(30 units); pen_acid(10 units);  (NEWHP: 100)(4,61,1)
[05:13:30]ATTACK: Griffin Whiteman(pahomlancer) fed Griffin Whiteman(pahomlancer) with styptic_powder(30 units); silver_sulfadiazine(30 units);  (NEWHP: 100)(4,68,1)
[05:13:30]ATTACK: Raider shot Gekkon with the pellet (NEWHP: 0)(203,96,1)
[05:13:30]ATTACK: Raider shot Raider with the pellet (NEWHP: 80)(205,99,1)
[05:13:30]ATTACK: Raider shot Raider with the pellet (NEWHP: 60)(205,99,1)
[05:13:30]ATTACK: Raider shot Raider with the pellet (NEWHP: 40)(205,99,1)
[05:13:30]ATTACK: Raider shot Raider with the pellet (NEWHP: 20)(204,99,1)
[05:13:30]ATTACK: Raider shot Gekkon with the pellet (NEWHP: 0)(203,96,1)


Starting up. 22:03.13
---------------------
[22:05:04]ATTACK: giant rad scorpion (459) attacked Default Cyborg-555  (NEWHP: 100)(40,159,1)
[22:05:06]ATTACK: giant rad scorpion (459) attacked Default Cyborg-555  (NEWHP: 84)(40,159,1)
[22:05:08]ATTACK: giant rad scorpion (459) attacked Default Cyborg-555  (NEWHP: 69)(40,159,1)
[22:05:10]ATTACK: giant rad scorpion (459) attacked Default Cyborg-555  (NEWHP: 51)(40,159,1)
[22:05:12]ATTACK: giant rad scorpion (459) attacked Default Cyborg-555  (NEWHP: 33)(40,159,1)
[22:05:14]ATTACK: giant rad scorpion (459) attacked Default Cyborg-555  (NEWHP: 14)(40,159,1)
[22:05:17]ATTACK: giant rad scorpion (459) attacked Default Cyborg-555  (NEWHP: -6)(40,159,1)
[22:05:19]ATTACK: giant rad scorpion (459) attacked Default Cyborg-555  (NEWHP: -26)(40,159,1)
[22:05:21]ATTACK: giant rad scorpion (459) attacked Default Cyborg-555  (NEWHP: -45)(40,159,1)
[22:05:23]ATTACK: giant rad scorpion (459) attacked Default Cyborg-555  (NEWHP: -65)(40,159,1)
[22:05:25]ATTACK: giant rad scorpion (459) attacked Default Cyborg-555  (NEWHP: -84)(40,159,1)
[22:05:27]ATTACK: giant rad scorpion (459) attacked Default Cyborg-555  (NEWHP: -99)(40,159,1)
[22:07:38]ATTACK: Molerat attacked Griffin Whiteman(pahomlancer)  (NEWHP: 100)(99,141,1)
[22:07:39]ATTACK: Griffin Whiteman(pahomlancer) attacked Molerat with Machete(INTENT: HELP) (DAMTYPE: BRUTE) (NEWHP: 15)(98,141,1)
[22:07:40]ATTACK: Molerat attacked Griffin Whiteman(pahomlancer)  (NEWHP: 100)(99,141,1)
[22:07:40]ATTACK: Griffin Whiteman(pahomlancer) attacked Molerat with Machete(INTENT: HELP) (DAMTYPE: BRUTE) (NEWHP: 0)(98,141,1)
[22:07:45]ATTACK: Griffin Whiteman(pahomlancer) attacked Mutant with Machete(INTENT: HELP) (DAMTYPE: BRUTE) (NEWHP: 215)(98,136,1)
[22:07:45]ATTACK: Griffin Whiteman(pahomlancer) attacked Mutant with Machete(INTENT: HELP) (DAMTYPE: BRUTE) (NEWHP: 180)(98,136,1)
[22:07:46]ATTACK: Mutant attacked Griffin Whiteman(pahomlancer)  (NEWHP: 95.8)(98,137,1)
[22:07:46]ATTACK: Griffin Whiteman(pahomlancer) attacked Mutant with Machete(INTENT: HELP) (DAMTYPE: BRUTE) (NEWHP: 145)(98,136,1)
[22:07:47]ATTACK: Griffin Whiteman(pahomlancer) attacked Mutant with Machete(INTENT: HELP) (DAMTYPE: BRUTE) (NEWHP: 110)(98,136,1)
[22:07:48]ATTACK: Griffin Whiteman(pahomlancer) attacked Mutant with Machete(INTENT: HELP) (DAMTYPE: BRUTE) (NEWHP: 75)(98,136,1)
[22:07:48]ATTACK: Mutant attacked Griffin Whiteman(pahomlancer)  (NEWHP: 87.55)(98,137,1)
[22:07:49]ATTACK: Griffin Whiteman(pahomlancer) attacked Mutant with Machete(INTENT: HELP) (DAMTYPE: BRUTE) (NEWHP: 40)(98,136,1)
[22:07:50]ATTACK: Griffin Whiteman(pahomlancer) attacked Mutant with Machete(INTENT: HELP) (DAMTYPE: BRUTE) (NEWHP: 5)(98,136,1)
[22:07:50]ATTACK: Mutant attacked Griffin Whiteman(pahomlancer)  (NEWHP: 84.55)(98,137,1)
[22:07:51]ATTACK: Griffin Whiteman(pahomlancer) attacked Mutant with Machete(INTENT: HELP) (DAMTYPE: BRUTE) (NEWHP: 0)(98,136,1)
[22:07:58]ATTACK: Griffin Whiteman(pahomlancer) attacked Molerat with Machete(INTENT: HELP) (DAMTYPE: BRUTE) (NEWHP: 15)(101,138,1)
[22:07:59]ATTACK: Molerat attacked Griffin Whiteman(pahomlancer)  (NEWHP: 73.6)(100,138,1)
[22:07:59]ATTACK: Griffin Whiteman(pahomlancer) attacked Molerat with Machete(INTENT: HELP) (DAMTYPE: BRUTE) (NEWHP: 0)(101,138,1)
[22:08:05]ATTACK: Raider shot Gekkon with the bullet (NEWHP: 25)(145,85,1)
[22:08:09]ATTACK: Raider shot Raider with the pellet (NEWHP: 80)(155,98,1)
[22:08:09]ATTACK: Raider shot Raider with the pellet (NEWHP: 60)(155,98,1)
[22:08:09]ATTACK: Raider shot Raider with the pellet (NEWHP: 40)(155,98,1)
[22:08:09]ATTACK: Raider shot Gekkon with the pellet (NEWHP: 5)(153,95,1)
[22:08:09]ATTACK: Raider shot Raider with the pellet (NEWHP: 20)(155,98,1)
[22:08:14]ATTACK: Gekkon attacked Raider  (NEWHP: 100)(155,96,1)
[22:08:14]ATTACK: Raider attacked Gekkon  (NEWHP: 5)(154,95,1)
